TORCphysics log file 

General information: 
---------------------------------------------------------------------------------------
Circuit name: Pleu500_1
Size: 6000
Structure: circle
Number of sites: 110
Number of frames: 1000
Simulation time: 250.0
Simulation timestep: 0.25
Seed: 2526625129726632230
 
Overall simulation information 
---------------------------------------------------------------------------------------
Initial twist: -211.83310
Final twist: -112.64854
Initial superhelical density: -0.06000
Final superhelical density: -0.03208
 
Overall rates 
---------------------------------------------------------------------------------------
site type            site name            #binding events      #unbinding events    binding rates        
 DNA_topoI            DNA_topoI_global                     11.0                 11.0                 0.044 
DNA_gyrase           DNA_gyrase_global                     0.0                  0.0                   0.0 
EXT                  EXT                                   0.0                  0.0                   0.0 
gene                 tetA                                  4.0                  3.0                 0.016 
gene                 CDS                                   0.0                  0.0                   0.0 
origin               ori                                   0.0                  0.0                   0.0 
lacOP                lac1                                  0.0                  0.0                   0.0 
gene                 mKalama1                              0.0                  0.0                   0.0 
lacOP                lac2                                  0.0                  0.0                   0.0 
gene                 Raspberry                             0.0                  0.0                   0.0 
 
Events
---------------------------------------------------------------------------------------
frame 40 time 10.0 binding_event at DNA_topoI 6 enzyme topoI with twist -211.83310 superhelical -0.06000 global twist -211.83310 global supercoiling -0.06000
frame 41 time 10.25 unbinding_event at DNA_topoI 6 enzyme topoI with twist -207.94351 superhelical -0.06033 global twist -209.88831 global supercoiling -0.06068
frame 216 time 54.0 binding_event at DNA_topoI 12 enzyme topoI with twist -207.94351 superhelical -0.05890 global twist -207.94351 global supercoiling -0.05890
frame 220 time 55.0 unbinding_event at DNA_topoI 12 enzyme topoI with twist -198.21954 superhelical -0.05821 global twist -200.16433 global supercoiling -0.05787
frame 251 time 62.75 binding_event at DNA_topoI 49 enzyme topoI with twist -198.21954 superhelical -0.05614 global twist -198.21954 global supercoiling -0.05614
frame 251 time 62.75 unbinding_event at DNA_topoI 49 enzyme topoI with twist -196.27474 superhelical -0.05671 global twist -198.21954 global supercoiling -0.05614
frame 295 time 73.75 binding_event at gene tetA enzyme RNAP with twist -196.27474 superhelical -0.05559 global twist -196.27474 global supercoiling -0.05559
frame 296 time 74.0 binding_event at gene tetA enzyme RNAP with twist -97.72498 superhelical -0.05665 global twist -196.27474 global supercoiling -0.05590
frame 376 time 94.0 unbinding_event at gene tetA enzyme RNAP with twist 46.28525 superhelical -0.05661 global twist -196.27474 global supercoiling -0.05620
frame 377 time 94.25 unbinding_event at gene tetA enzyme RNAP with twist -196.27474 superhelical -0.09965 global twist -196.27474 global supercoiling -0.05590
frame 404 time 101.0 binding_event at DNA_topoI 15 enzyme topoI with twist -196.27474 superhelical -0.05559 global twist -196.27474 global supercoiling -0.05559
frame 404 time 101.0 unbinding_event at DNA_topoI 15 enzyme topoI with twist -194.32995 superhelical -0.05640 global twist -196.27474 global supercoiling -0.05559
frame 522 time 130.5 binding_event at DNA_topoI 3 enzyme topoI with twist -194.32995 superhelical -0.05504 global twist -194.32995 global supercoiling -0.05504
frame 532 time 133.0 unbinding_event at DNA_topoI 3 enzyme topoI with twist -172.93720 superhelical -0.05056 global twist -174.88199 global supercoiling -0.05056
frame 556 time 139.0 binding_event at DNA_topoI 10 enzyme topoI with twist -172.93720 superhelical -0.04898 global twist -172.93720 global supercoiling -0.04898
frame 556 time 139.0 unbinding_event at DNA_topoI 10 enzyme topoI with twist -170.99240 superhelical -0.04960 global twist -172.93720 global supercoiling -0.04898
frame 581 time 145.25 binding_event at DNA_topoI 35 enzyme topoI with twist -170.99240 superhelical -0.04843 global twist -170.99240 global supercoiling -0.04843
frame 581 time 145.25 unbinding_event at DNA_topoI 35 enzyme topoI with twist -169.04760 superhelical -0.04784 global twist -170.99240 global supercoiling -0.04843
frame 730 time 182.5 binding_event at DNA_topoI 14 enzyme topoI with twist -169.04760 superhelical -0.04788 global twist -169.04760 global supercoiling -0.04788
frame 735 time 183.75 unbinding_event at DNA_topoI 14 enzyme topoI with twist -157.37883 superhelical -0.04671 global twist -159.32363 global supercoiling -0.04606
frame 759 time 189.75 binding_event at gene tetA enzyme RNAP with twist -157.37883 superhelical -0.04458 global twist -157.37883 global supercoiling -0.04458
frame 827 time 206.75 binding_event at DNA_topoI 49 enzyme topoI with twist -198.99262 superhelical -0.08553 global twist -157.37883 global supercoiling -0.04482
frame 840 time 210.0 unbinding_event at gene tetA enzyme RNAP with twist -1.38625 superhelical -0.08881 global twist -132.09649 global supercoiling -0.03840
frame 841 time 210.25 unbinding_event at DNA_topoI 49 enzyme topoI with twist -128.20690 superhelical -0.07921 global twist -130.15170 global supercoiling -0.03763
frame 935 time 233.75 binding_event at DNA_topoI 46 enzyme topoI with twist -128.20690 superhelical -0.03631 global twist -128.20690 global supercoiling -0.03631
frame 937 time 234.25 unbinding_event at DNA_topoI 46 enzyme topoI with twist -122.37251 superhelical -0.03498 global twist -124.31731 global supercoiling -0.03594
frame 939 time 234.75 binding_event at DNA_topoI 25 enzyme topoI with twist -122.37251 superhelical -0.03466 global twist -122.37251 global supercoiling -0.03466
frame 941 time 235.25 binding_event at gene tetA enzyme RNAP with twist -119.67491 superhelical -0.03439 global twist -118.48292 global supercoiling -0.03426
frame 943 time 235.75 unbinding_event at DNA_topoI 25 enzyme topoI with twist -47.92207 superhelical -0.03029 global twist -114.59333 global supercoiling -0.03332
