TORCphysics log file 

General information: 
---------------------------------------------------------------------------------------
Circuit name: Pleu500_43
Size: 6000
Structure: circle
Number of sites: 110
Number of frames: 1000
Simulation time: 250.0
Simulation timestep: 0.25
Seed: 4344364532735607180
 
Overall simulation information 
---------------------------------------------------------------------------------------
Initial twist: -211.83310
Final twist: -134.04129
Initial superhelical density: -0.06000
Final superhelical density: -0.03817
 
Overall rates 
---------------------------------------------------------------------------------------
site type            site name            #binding events      #unbinding events    binding rates        
 DNA_topoI            DNA_topoI_global                     13.0                 13.0                 0.052 
DNA_gyrase           DNA_gyrase_global                     0.0                  0.0                   0.0 
EXT                  EXT                                   0.0                  0.0                   0.0 
gene                 tetA                                  4.0                  3.0                 0.016 
gene                 CDS                                   0.0                  0.0                   0.0 
origin               ori                                   0.0                  0.0                   0.0 
lacOP                lac1                                  0.0                  0.0                   0.0 
gene                 mKalama1                              0.0                  0.0                   0.0 
lacOP                lac2                                  0.0                  0.0                   0.0 
gene                 Raspberry                             0.0                  0.0                   0.0 
 
Events
---------------------------------------------------------------------------------------
frame 3 time 0.75 binding_event at DNA_topoI 32 enzyme topoI with twist -211.83310 superhelical -0.06000 global twist -211.83310 global supercoiling -0.06000
frame 8 time 2.0 unbinding_event at DNA_topoI 32 enzyme topoI with twist -200.16433 superhelical -0.04638 global twist -202.10913 global supercoiling -0.05843
frame 34 time 8.5 binding_event at DNA_topoI 31 enzyme topoI with twist -200.16433 superhelical -0.05669 global twist -200.16433 global supercoiling -0.05669
frame 34 time 8.5 unbinding_event at DNA_topoI 31 enzyme topoI with twist -198.21954 superhelical -0.05484 global twist -200.16433 global supercoiling -0.05669
frame 107 time 26.75 binding_event at DNA_topoI 13 enzyme topoI with twist -198.21954 superhelical -0.05614 global twist -198.21954 global supercoiling -0.05614
frame 107 time 26.75 unbinding_event at DNA_topoI 13 enzyme topoI with twist -196.27474 superhelical -0.05694 global twist -198.21954 global supercoiling -0.05614
frame 118 time 29.5 binding_event at DNA_topoI 3 enzyme topoI with twist -196.27474 superhelical -0.05559 global twist -196.27474 global supercoiling -0.05559
frame 118 time 29.5 unbinding_event at DNA_topoI 3 enzyme topoI with twist -194.32995 superhelical -0.05624 global twist -196.27474 global supercoiling -0.05559
frame 235 time 58.75 binding_event at gene tetA enzyme RNAP with twist -194.32995 superhelical -0.05504 global twist -194.32995 global supercoiling -0.05504
frame 316 time 79.0 unbinding_event at gene tetA enzyme RNAP with twist -194.32995 superhelical -0.09876 global twist -194.32995 global supercoiling -0.05534
frame 343 time 85.75 binding_event at DNA_topoI 41 enzyme topoI with twist -194.32995 superhelical -0.05504 global twist -194.32995 global supercoiling -0.05504
frame 345 time 86.25 unbinding_event at DNA_topoI 41 enzyme topoI with twist -188.49556 superhelical -0.05338 global twist -190.44035 global supercoiling -0.05506
frame 406 time 101.5 binding_event at gene tetA enzyme RNAP with twist -188.49556 superhelical -0.05339 global twist -188.49556 global supercoiling -0.05339
frame 427 time 106.75 binding_event at DNA_topoI 48 enzyme topoI with twist -129.82680 superhelical -0.06816 global twist -188.49556 global supercoiling -0.05368
frame 436 time 109.0 unbinding_event at DNA_topoI 48 enzyme topoI with twist -128.33080 superhelical -0.06452 global twist -170.99240 global supercoiling -0.04971
frame 478 time 119.5 binding_event at DNA_topoI 45 enzyme topoI with twist -201.93383 superhelical -0.08548 global twist -169.04760 global supercoiling -0.04814
frame 478 time 119.5 unbinding_event at DNA_topoI 45 enzyme topoI with twist -201.78423 superhelical -0.08742 global twist -169.04760 global supercoiling -0.04814
frame 487 time 121.75 unbinding_event at gene tetA enzyme RNAP with twist -167.10281 superhelical -0.08887 global twist -167.10281 global supercoiling -0.04759
frame 492 time 123.0 binding_event at DNA_topoI 32 enzyme topoI with twist -167.10281 superhelical -0.04733 global twist -167.10281 global supercoiling -0.04733
frame 498 time 124.5 unbinding_event at DNA_topoI 32 enzyme topoI with twist -153.48924 superhelical -0.03097 global twist -155.43404 global supercoiling -0.04494
frame 527 time 131.75 binding_event at DNA_topoI 33 enzyme topoI with twist -153.48924 superhelical -0.04347 global twist -153.48924 global supercoiling -0.04347
frame 529 time 132.25 unbinding_event at DNA_topoI 33 enzyme topoI with twist -147.65485 superhelical -0.03809 global twist -149.59965 global supercoiling -0.04325
frame 655 time 163.75 binding_event at gene tetA enzyme RNAP with twist -147.65485 superhelical -0.04182 global twist -147.65485 global supercoiling -0.04182
frame 708 time 177.0 binding_event at DNA_topoI 28 enzyme topoI with twist -167.31207 superhelical -0.07633 global twist -147.65485 global supercoiling -0.04205
frame 708 time 177.0 unbinding_event at DNA_topoI 28 enzyme topoI with twist -167.16247 superhelical -0.06968 global twist -147.65485 global supercoiling -0.04205
frame 736 time 184.0 unbinding_event at gene tetA enzyme RNAP with twist -145.71006 superhelical -0.08867 global twist -145.71006 global supercoiling -0.04150
frame 808 time 202.0 binding_event at DNA_topoI 36 enzyme topoI with twist -145.71006 superhelical -0.04127 global twist -145.71006 global supercoiling -0.04127
frame 808 time 202.0 unbinding_event at DNA_topoI 36 enzyme topoI with twist -143.76526 superhelical -0.04070 global twist -145.71006 global supercoiling -0.04127
frame 887 time 221.75 binding_event at DNA_topoI 6 enzyme topoI with twist -143.76526 superhelical -0.04072 global twist -143.76526 global supercoiling -0.04072
frame 888 time 222.0 unbinding_event at DNA_topoI 6 enzyme topoI with twist -139.87567 superhelical -0.04065 global twist -141.82047 global supercoiling -0.04100
frame 922 time 230.5 binding_event at DNA_topoI 26 enzyme topoI with twist -139.87567 superhelical -0.03962 global twist -139.87567 global supercoiling -0.03962
frame 924 time 231.0 unbinding_event at DNA_topoI 26 enzyme topoI with twist -134.04129 superhelical 0.03661 global twist -135.98608 global supercoiling -0.03932
frame 954 time 238.5 binding_event at gene tetA enzyme RNAP with twist -134.04129 superhelical -0.03797 global twist -134.04129 global supercoiling -0.03797
