TORCphysics log file 

General information: 
---------------------------------------------------------------------------------------
Circuit name: Pleu500_85
Size: 6000
Structure: circle
Number of sites: 110
Number of frames: 1000
Simulation time: 250.0
Simulation timestep: 0.25
Seed: 3336959244656928177
 
Overall simulation information 
---------------------------------------------------------------------------------------
Initial twist: -211.83310
Final twist: -128.95490
Initial superhelical density: -0.06000
Final superhelical density: -0.03653
 
Overall rates 
---------------------------------------------------------------------------------------
site type            site name            #binding events      #unbinding events    binding rates        
 DNA_topoI            DNA_topoI_global                      7.0                  7.0                 0.028 
DNA_gyrase           DNA_gyrase_global                     2.0                  2.0                 0.008 
EXT                  EXT                                   0.0                  0.0                   0.0 
gene                 tetA                                  7.0                  7.0                 0.028 
gene                 CDS                                   0.0                  0.0                   0.0 
origin               ori                                   0.0                  0.0                   0.0 
lacOP                lac1                                  0.0                  0.0                   0.0 
gene                 mKalama1                              1.0                  1.0                 0.004 
lacOP                lac2                                  0.0                  0.0                   0.0 
gene                 Raspberry                             3.0                  3.0                 0.012 
 
Events
---------------------------------------------------------------------------------------
frame 69 time 17.25 binding_event at DNA_topoI 37 enzyme topoI with twist -211.83310 superhelical -0.06000 global twist -211.83310 global supercoiling -0.06000
frame 69 time 17.25 unbinding_event at DNA_topoI 37 enzyme topoI with twist -209.88831 superhelical -0.05995 global twist -211.83310 global supercoiling -0.06000
frame 133 time 33.25 binding_event at DNA_topoI 35 enzyme topoI with twist -209.88831 superhelical -0.05945 global twist -209.88831 global supercoiling -0.05945
frame 137 time 34.25 unbinding_event at DNA_topoI 35 enzyme topoI with twist -200.16433 superhelical -0.05269 global twist -202.10913 global supercoiling -0.05843
frame 255 time 63.75 binding_event at DNA_topoI 15 enzyme topoI with twist -200.16433 superhelical -0.05669 global twist -200.16433 global supercoiling -0.05669
frame 265 time 66.25 binding_event at gene tetA enzyme RNAP with twist -150.13044 superhelical -0.05435 global twist -180.71638 global supercoiling -0.05225
frame 267 time 66.75 unbinding_event at DNA_topoI 15 enzyme topoI with twist -75.56662 superhelical -0.04790 global twist -176.82679 global supercoiling -0.05141
frame 276 time 69.0 binding_event at DNA_topoI 15 enzyme topoI with twist -61.20506 superhelical -0.03608 global twist -174.88199 global supercoiling -0.04980
frame 277 time 69.25 binding_event at DNA_gyrase 5 enzyme gyrase with twist -32.19706 superhelical -0.03503 global twist -172.93720 global supercoiling -0.05028
frame 277 time 69.25 unbinding_event at DNA_gyrase 5 enzyme gyrase with twist -30.77587 superhelical -0.03393 global twist -172.93720 global supercoiling -0.05028
frame 277 time 69.25 unbinding_event at DNA_topoI 15 enzyme topoI with twist -55.07147 superhelical -0.03393 global twist -172.93720 global supercoiling -0.05028
frame 279 time 69.75 binding_event at gene Raspberry enzyme RNAP with twist -119.06252 superhelical -0.06464 global twist -172.33880 global supercoiling -0.04908
frame 331 time 82.75 binding_event at gene mKalama1 enzyme RNAP with twist -143.14849 superhelical -0.11647 global twist -172.33880 global supercoiling -0.04935
frame 333 time 83.25 unbinding_event at gene Raspberry enzyme RNAP with twist -146.58315 superhelical -0.12545 global twist -172.33880 global supercoiling -0.04962
frame 346 time 86.5 unbinding_event at gene tetA enzyme RNAP with twist -124.46120 superhelical -0.10017 global twist -172.33880 global supercoiling -0.04935
frame 369 time 92.25 binding_event at gene tetA enzyme RNAP with twist -163.95551 superhelical -0.05116 global twist -172.33880 global supercoiling -0.04908
frame 385 time 96.25 unbinding_event at gene mKalama1 enzyme RNAP with twist -110.47047 superhelical 0.14393 global twist -172.33880 global supercoiling -0.04935
frame 450 time 112.5 unbinding_event at gene tetA enzyme RNAP with twist -172.33880 superhelical -0.09263 global twist -172.33880 global supercoiling -0.04908
frame 454 time 113.5 binding_event at DNA_topoI 27 enzyme topoI with twist -172.33880 superhelical -0.04881 global twist -172.33880 global supercoiling -0.04881
frame 459 time 114.75 unbinding_event at DNA_topoI 27 enzyme topoI with twist -160.67002 superhelical 0.12428 global twist -162.61482 global supercoiling -0.04702
frame 525 time 131.25 binding_event at DNA_topoI 14 enzyme topoI with twist -160.67002 superhelical -0.04551 global twist -160.67002 global supercoiling -0.04551
frame 528 time 132.0 unbinding_event at DNA_topoI 14 enzyme topoI with twist -152.89084 superhelical -0.04501 global twist -154.83564 global supercoiling -0.04477
frame 591 time 147.75 binding_event at gene tetA enzyme RNAP with twist -152.89084 superhelical -0.04331 global twist -152.89084 global supercoiling -0.04331
frame 631 time 157.75 binding_event at gene Raspberry enzyme RNAP with twist -146.53362 superhelical -0.07061 global twist -152.89084 global supercoiling -0.04354
frame 659 time 164.75 binding_event at gene Raspberry enzyme RNAP with twist -104.59722 superhelical -0.10318 global twist -152.89084 global supercoiling -0.04378
frame 672 time 168.0 unbinding_event at gene tetA enzyme RNAP with twist -23.16089 superhelical -0.07127 global twist -152.89084 global supercoiling -0.04402
frame 685 time 171.25 unbinding_event at gene Raspberry enzyme RNAP with twist -24.24194 superhelical -0.10517 global twist -152.89084 global supercoiling -0.04378
frame 686 time 171.5 binding_event at gene tetA enzyme RNAP with twist -24.24194 superhelical -0.00967 global twist -152.89084 global supercoiling -0.04354
frame 713 time 178.25 unbinding_event at gene Raspberry enzyme RNAP with twist -185.66154 superhelical -0.14244 global twist -152.89084 global supercoiling -0.04378
frame 767 time 191.75 unbinding_event at gene tetA enzyme RNAP with twist -152.89084 superhelical -0.11524 global twist -152.89084 global supercoiling -0.04354
frame 790 time 197.5 binding_event at gene tetA enzyme RNAP with twist -152.89084 superhelical -0.04331 global twist -152.89084 global supercoiling -0.04331
frame 843 time 210.75 binding_event at DNA_gyrase 17 enzyme gyrase with twist 16.98033 superhelical 0.01287 global twist -152.89084 global supercoiling -0.04354
frame 843 time 210.75 unbinding_event at DNA_gyrase 17 enzyme gyrase with twist 17.42912 superhelical 0.01542 global twist -152.89084 global supercoiling -0.04354
frame 849 time 212.25 binding_event at gene tetA enzyme RNAP with twist -180.64234 superhelical -0.08044 global twist -154.23724 global supercoiling -0.04392
frame 871 time 217.75 unbinding_event at gene tetA enzyme RNAP with twist 26.28425 superhelical -0.08113 global twist -154.23724 global supercoiling -0.04417
frame 878 time 219.5 binding_event at gene tetA enzyme RNAP with twist -191.29267 superhelical -0.09678 global twist -154.23724 global supercoiling -0.04392
frame 930 time 232.5 unbinding_event at gene tetA enzyme RNAP with twist 108.63280 superhelical -0.09773 global twist -154.23724 global supercoiling -0.04417
frame 959 time 239.75 unbinding_event at gene tetA enzyme RNAP with twist -154.23724 superhelical -0.12843 global twist -154.23724 global supercoiling -0.04392
frame 980 time 245.0 binding_event at DNA_topoI 22 enzyme topoI with twist -154.23724 superhelical -0.04369 global twist -154.23724 global supercoiling -0.04369
frame 992 time 248.0 unbinding_event at DNA_topoI 22 enzyme topoI with twist -128.95490 superhelical -0.04072 global twist -130.89969 global supercoiling -0.03785
