TORCphysics log file 

General information: 
---------------------------------------------------------------------------------------
Circuit name: Pleu500_83
Size: 6000
Structure: circle
Number of sites: 110
Number of frames: 1000
Simulation time: 250.0
Simulation timestep: 0.25
Seed: 3690471983116960425
 
Overall simulation information 
---------------------------------------------------------------------------------------
Initial twist: -211.83310
Final twist: -45.02949
Initial superhelical density: -0.06000
Final superhelical density: -0.01282
 
Overall rates 
---------------------------------------------------------------------------------------
site type            site name            #binding events      #unbinding events    binding rates        
 DNA_topoI            DNA_topoI_global                     10.0                 10.0                  0.04 
DNA_gyrase           DNA_gyrase_global                     3.0                  3.0                 0.012 
EXT                  EXT                                   0.0                  0.0                   0.0 
gene                 tetA                                  7.0                  6.0                 0.028 
gene                 CDS                                   0.0                  0.0                   0.0 
origin               ori                                   0.0                  0.0                   0.0 
lacOP                lac1                                  0.0                  0.0                   0.0 
gene                 mKalama1                              0.0                  0.0                   0.0 
lacOP                lac2                                  0.0                  0.0                   0.0 
gene                 Raspberry                             0.0                  0.0                   0.0 
 
Events
---------------------------------------------------------------------------------------
frame 13 time 3.25 binding_event at DNA_topoI 2 enzyme topoI with twist -211.83310 superhelical -0.06000 global twist -211.83310 global supercoiling -0.06000
frame 28 time 7.0 unbinding_event at DNA_topoI 2 enzyme topoI with twist -180.71638 superhelical -0.05274 global twist -182.66117 global supercoiling -0.05281
frame 132 time 33.0 binding_event at gene tetA enzyme RNAP with twist -180.71638 superhelical -0.05119 global twist -180.71638 global supercoiling -0.05119
frame 139 time 34.75 binding_event at DNA_topoI 3 enzyme topoI with twist -79.82442 superhelical -0.04608 global twist -180.71638 global supercoiling -0.05147
frame 142 time 35.5 unbinding_event at DNA_topoI 3 enzyme topoI with twist -64.86445 superhelical 0.09261 global twist -174.88199 global supercoiling -0.05084
frame 159 time 39.75 binding_event at gene tetA enzyme RNAP with twist -136.79588 superhelical -0.06985 global twist -172.93720 global supercoiling -0.04925
frame 195 time 48.75 binding_event at DNA_topoI 5 enzyme topoI with twist -15.74356 superhelical -0.07053 global twist -172.93720 global supercoiling -0.04952
frame 204 time 51.0 unbinding_event at DNA_topoI 5 enzyme topoI with twist -201.43922 superhelical -0.08743 global twist -155.43404 global supercoiling -0.04544
frame 213 time 53.25 unbinding_event at gene tetA enzyme RNAP with twist 64.10675 superhelical 0.00678 global twist -153.48924 global supercoiling -0.04395
frame 215 time 53.75 binding_event at DNA_topoI 47 enzyme topoI with twist -219.39118 superhelical -0.09888 global twist -153.48924 global supercoiling -0.04371
frame 215 time 53.75 unbinding_event at DNA_topoI 47 enzyme topoI with twist -219.24158 superhelical -0.10152 global twist -153.48924 global supercoiling -0.04371
frame 240 time 60.0 unbinding_event at gene tetA enzyme RNAP with twist -151.54445 superhelical -0.10771 global twist -151.54445 global supercoiling -0.04316
frame 258 time 64.5 binding_event at gene tetA enzyme RNAP with twist -151.54445 superhelical -0.04292 global twist -151.54445 global supercoiling -0.04292
frame 319 time 79.75 binding_event at gene tetA enzyme RNAP with twist -183.57468 superhelical -0.08109 global twist -151.54445 global supercoiling -0.04316
frame 339 time 84.75 unbinding_event at gene tetA enzyme RNAP with twist 26.51515 superhelical -0.08179 global twist -151.54445 global supercoiling -0.04339
frame 400 time 100.0 unbinding_event at gene tetA enzyme RNAP with twist -151.54445 superhelical -0.11727 global twist -151.54445 global supercoiling -0.04316
frame 406 time 101.5 binding_event at DNA_topoI 31 enzyme topoI with twist -151.54445 superhelical -0.04292 global twist -151.54445 global supercoiling -0.04292
frame 409 time 102.25 unbinding_event at DNA_topoI 31 enzyme topoI with twist -143.76526 superhelical -0.03169 global twist -145.71006 global supercoiling -0.04213
frame 503 time 125.75 binding_event at DNA_topoI 46 enzyme topoI with twist -143.76526 superhelical -0.04072 global twist -143.76526 global supercoiling -0.04072
frame 504 time 126.0 unbinding_event at DNA_topoI 46 enzyme topoI with twist -139.87567 superhelical -0.04017 global twist -141.82047 global supercoiling -0.04100
frame 539 time 134.75 binding_event at DNA_topoI 49 enzyme topoI with twist -139.87567 superhelical -0.03962 global twist -139.87567 global supercoiling -0.03962
frame 550 time 137.5 unbinding_event at DNA_topoI 49 enzyme topoI with twist -116.53813 superhelical -0.03321 global twist -118.48292 global supercoiling -0.03426
frame 703 time 175.75 binding_event at DNA_topoI 4 enzyme topoI with twist -116.53813 superhelical -0.03301 global twist -116.53813 global supercoiling -0.03301
frame 722 time 180.5 unbinding_event at DNA_topoI 4 enzyme topoI with twist -77.64222 superhelical -0.02383 global twist -79.58701 global supercoiling -0.02301
frame 775 time 193.75 binding_event at gene tetA enzyme RNAP with twist -77.64222 superhelical -0.02199 global twist -77.64222 global supercoiling -0.02199
frame 777 time 194.25 binding_event at DNA_topoI 38 enzyme topoI with twist -41.53822 superhelical -0.02395 global twist -77.64222 global supercoiling -0.02211
frame 793 time 198.25 unbinding_event at DNA_topoI 38 enzyme topoI with twist -38.99503 superhelical -0.00491 global twist -46.52549 global supercoiling -0.01353
frame 856 time 214.0 unbinding_event at gene tetA enzyme RNAP with twist -44.58070 superhelical -0.06202 global twist -44.58070 global supercoiling -0.01270
frame 861 time 215.25 binding_event at DNA_gyrase 35 enzyme gyrase with twist -44.58070 superhelical -0.01263 global twist -44.58070 global supercoiling -0.01263
frame 867 time 216.75 unbinding_event at DNA_gyrase 35 enzyme gyrase with twist -54.00547 superhelical -0.02064 global twist -52.65908 global supercoiling -0.01522
frame 890 time 222.5 binding_event at DNA_gyrase 10 enzyme gyrase with twist -54.00547 superhelical -0.01530 global twist -54.00547 global supercoiling -0.01530
frame 893 time 223.25 binding_event at gene tetA enzyme RNAP with twist -39.54312 superhelical -0.01645 global twist -58.04466 global supercoiling -0.01678
frame 897 time 224.25 unbinding_event at DNA_gyrase 10 enzyme gyrase with twist -27.33439 superhelical -0.00878 global twist -63.43025 global supercoiling -0.01844
frame 942 time 235.5 binding_event at gene tetA enzyme RNAP with twist -116.43088 superhelical -0.05400 global twist -64.77665 global supercoiling -0.01845
frame 956 time 239.0 binding_event at DNA_topoI 33 enzyme topoI with twist -118.64261 superhelical -0.06441 global twist -64.77665 global supercoiling -0.01855
frame 967 time 241.75 binding_event at DNA_gyrase 11 enzyme gyrase with twist 96.53412 superhelical 0.08535 global twist -43.38390 global supercoiling -0.01268
frame 970 time 242.5 unbinding_event at DNA_topoI 33 enzyme topoI with twist -116.39862 superhelical -0.03562 global twist -41.58870 global supercoiling -0.01242
frame 973 time 243.25 unbinding_event at DNA_gyrase 11 enzyme gyrase with twist 99.67572 superhelical 1.17185 global twist -43.68310 global supercoiling -0.01277
frame 974 time 243.5 unbinding_event at gene tetA enzyme RNAP with twist 78.54991 superhelical -0.05449 global twist -45.02949 global supercoiling -0.01289
