TORCphysics log file 

General information: 
---------------------------------------------------------------------------------------
Circuit name: Pleu500_50
Size: 6000
Structure: circle
Number of sites: 110
Number of frames: 1000
Simulation time: 250.0
Simulation timestep: 0.25
Seed: 1795838769682727734
 
Overall simulation information 
---------------------------------------------------------------------------------------
Initial twist: -211.83310
Final twist: -76.44542
Initial superhelical density: -0.06000
Final superhelical density: -0.02165
 
Overall rates 
---------------------------------------------------------------------------------------
site type            site name            #binding events      #unbinding events    binding rates        
 DNA_topoI            DNA_topoI_global                      9.0                  9.0                 0.036 
DNA_gyrase           DNA_gyrase_global                     1.0                  1.0                 0.004 
EXT                  EXT                                   0.0                  0.0                   0.0 
gene                 tetA                                  3.0                  3.0                 0.012 
gene                 CDS                                   0.0                  0.0                   0.0 
origin               ori                                   0.0                  0.0                   0.0 
lacOP                lac1                                  0.0                  0.0                   0.0 
gene                 mKalama1                              0.0                  0.0                   0.0 
lacOP                lac2                                  0.0                  0.0                   0.0 
gene                 Raspberry                             1.0                  1.0                 0.004 
 
Events
---------------------------------------------------------------------------------------
frame 2 time 0.5 binding_event at gene tetA enzyme RNAP with twist -211.83310 superhelical -0.06000 global twist -211.83310 global supercoiling -0.06000
frame 43 time 10.75 binding_event at DNA_topoI 31 enzyme topoI with twist -177.13700 superhelical -0.08499 global twist -211.83310 global supercoiling -0.06033
frame 49 time 12.25 unbinding_event at DNA_topoI 31 enzyme topoI with twist -176.08980 superhelical -0.06680 global twist -200.16433 global supercoiling -0.05819
frame 61 time 15.25 binding_event at gene tetA enzyme RNAP with twist -195.83696 superhelical -0.08720 global twist -198.21954 global supercoiling -0.05645
frame 83 time 20.75 unbinding_event at gene tetA enzyme RNAP with twist -5.98663 superhelical -0.08795 global twist -198.21954 global supercoiling -0.05676
frame 142 time 35.5 unbinding_event at gene tetA enzyme RNAP with twist -198.21954 superhelical -0.12158 global twist -198.21954 global supercoiling -0.05645
frame 159 time 39.75 binding_event at gene Raspberry enzyme RNAP with twist -198.21954 superhelical -0.05614 global twist -198.21954 global supercoiling -0.05614
frame 213 time 53.25 unbinding_event at gene Raspberry enzyme RNAP with twist -198.21954 superhelical -0.11287 global twist -198.21954 global supercoiling -0.05645
frame 252 time 63.0 binding_event at DNA_topoI 22 enzyme topoI with twist -198.21954 superhelical -0.05614 global twist -198.21954 global supercoiling -0.05614
frame 256 time 64.0 unbinding_event at DNA_topoI 22 enzyme topoI with twist -188.49556 superhelical -0.05582 global twist -190.44035 global supercoiling -0.05506
frame 449 time 112.25 binding_event at DNA_topoI 30 enzyme topoI with twist -188.49556 superhelical -0.05339 global twist -188.49556 global supercoiling -0.05339
frame 466 time 116.5 binding_event at DNA_topoI 23 enzyme topoI with twist -158.39834 superhelical -0.04935 global twist -155.43404 global supercoiling -0.04494
frame 466 time 116.5 unbinding_event at DNA_topoI 23 enzyme topoI with twist -155.48114 superhelical -0.04983 global twist -155.43404 global supercoiling -0.04494
frame 467 time 116.75 unbinding_event at DNA_topoI 30 enzyme topoI with twist -149.59965 superhelical 0.01972 global twist -151.54445 global supercoiling -0.04381
frame 557 time 139.25 binding_event at DNA_topoI 16 enzyme topoI with twist -149.59965 superhelical -0.04237 global twist -149.59965 global supercoiling -0.04237
frame 558 time 139.5 unbinding_event at DNA_topoI 16 enzyme topoI with twist -145.71006 superhelical -0.04257 global twist -147.65485 global supercoiling -0.04269
frame 608 time 152.0 binding_event at DNA_topoI 31 enzyme topoI with twist -145.71006 superhelical -0.04127 global twist -145.71006 global supercoiling -0.04127
frame 626 time 156.5 unbinding_event at DNA_topoI 31 enzyme topoI with twist -108.75895 superhelical 0.01547 global twist -110.70374 global supercoiling -0.03201
frame 695 time 173.75 binding_event at DNA_gyrase 18 enzyme gyrase with twist -108.75895 superhelical -0.03081 global twist -108.75895 global supercoiling -0.03081
frame 709 time 177.25 unbinding_event at DNA_gyrase 18 enzyme gyrase with twist -128.95490 superhelical -0.03484 global twist -127.60850 global supercoiling -0.03689
frame 774 time 193.5 binding_event at DNA_topoI 47 enzyme topoI with twist -128.95490 superhelical -0.03653 global twist -128.95490 global supercoiling -0.03653
frame 789 time 197.25 unbinding_event at DNA_topoI 47 enzyme topoI with twist -97.83817 superhelical -0.02670 global twist -99.78297 global supercoiling -0.02885
frame 854 time 213.5 binding_event at DNA_topoI 5 enzyme topoI with twist -97.83817 superhelical -0.02771 global twist -97.83817 global supercoiling -0.02771
frame 854 time 213.5 unbinding_event at DNA_topoI 5 enzyme topoI with twist -95.89338 superhelical -0.02781 global twist -97.83817 global supercoiling -0.02771
frame 899 time 224.75 binding_event at gene tetA enzyme RNAP with twist -95.89338 superhelical -0.02716 global twist -95.89338 global supercoiling -0.02716
frame 956 time 239.0 binding_event at DNA_topoI 46 enzyme topoI with twist -149.19429 superhelical -0.06697 global twist -95.89338 global supercoiling -0.02731
frame 965 time 241.25 unbinding_event at DNA_topoI 46 enzyme topoI with twist -147.69830 superhelical -0.06224 global twist -78.39022 global supercoiling -0.02279
frame 980 time 245.0 unbinding_event at gene tetA enzyme RNAP with twist -76.44542 superhelical -0.07121 global twist -76.44542 global supercoiling -0.02177
