TORCphysics log file 

General information: 
---------------------------------------------------------------------------------------
Circuit name: Pleu500_40
Size: 6000
Structure: circle
Number of sites: 110
Number of frames: 1000
Simulation time: 250.0
Simulation timestep: 0.25
Seed: 3732016518075755289
 
Overall simulation information 
---------------------------------------------------------------------------------------
Initial twist: -211.83310
Final twist: -75.84702
Initial superhelical density: -0.06000
Final superhelical density: -0.02193
 
Overall rates 
---------------------------------------------------------------------------------------
site type            site name            #binding events      #unbinding events    binding rates        
 DNA_topoI            DNA_topoI_global                      8.0                  7.0                 0.032 
DNA_gyrase           DNA_gyrase_global                     1.0                  1.0                 0.004 
EXT                  EXT                                   0.0                  0.0                   0.0 
gene                 tetA                                  8.0                  8.0                 0.032 
gene                 CDS                                   0.0                  0.0                   0.0 
origin               ori                                   0.0                  0.0                   0.0 
lacOP                lac1                                  0.0                  0.0                   0.0 
gene                 mKalama1                              0.0                  0.0                   0.0 
lacOP                lac2                                  0.0                  0.0                   0.0 
gene                 Raspberry                             1.0                  1.0                 0.004 
 
Events
---------------------------------------------------------------------------------------
frame 21 time 5.25 binding_event at gene tetA enzyme RNAP with twist -211.83310 superhelical -0.06000 global twist -211.83310 global supercoiling -0.06000
frame 74 time 18.5 binding_event at gene tetA enzyme RNAP with twist -198.67935 superhelical -0.09064 global twist -211.83310 global supercoiling -0.06033
frame 102 time 25.5 unbinding_event at gene tetA enzyme RNAP with twist -2.84255 superhelical -0.09144 global twist -211.83310 global supercoiling -0.06066
frame 155 time 38.75 unbinding_event at gene tetA enzyme RNAP with twist -211.83310 superhelical -0.12402 global twist -211.83310 global supercoiling -0.06033
frame 236 time 59.0 binding_event at DNA_topoI 20 enzyme topoI with twist -211.83310 superhelical -0.06000 global twist -211.83310 global supercoiling -0.06000
frame 253 time 63.25 binding_event at DNA_topoI 16 enzyme topoI with twist -174.63212 superhelical -0.05595 global twist -178.77158 global supercoiling -0.05169
frame 255 time 63.75 unbinding_event at DNA_topoI 20 enzyme topoI with twist -7.72453 superhelical -0.03018 global twist -170.99240 global supercoiling -0.05049
frame 259 time 64.75 unbinding_event at DNA_topoI 16 enzyme topoI with twist -159.32363 superhelical -0.05487 global twist -161.26842 global supercoiling -0.04663
frame 276 time 69.0 binding_event at gene tetA enzyme RNAP with twist -159.32363 superhelical -0.04513 global twist -159.32363 global supercoiling -0.04513
frame 334 time 83.5 binding_event at DNA_topoI 5 enzyme topoI with twist -181.99119 superhelical -0.08136 global twist -159.32363 global supercoiling -0.04537
frame 340 time 85.0 unbinding_event at DNA_topoI 5 enzyme topoI with twist -180.94399 superhelical -0.08073 global twist -147.65485 global supercoiling -0.04293
frame 357 time 89.25 unbinding_event at gene tetA enzyme RNAP with twist -145.71006 superhelical -0.08623 global twist -145.71006 global supercoiling -0.04150
frame 371 time 92.75 binding_event at gene tetA enzyme RNAP with twist -145.71006 superhelical -0.04127 global twist -145.71006 global supercoiling -0.04127
frame 380 time 95.0 binding_event at gene tetA enzyme RNAP with twist -87.37293 superhelical -0.04862 global twist -145.71006 global supercoiling -0.04150
frame 452 time 113.0 unbinding_event at gene tetA enzyme RNAP with twist 69.68308 superhelical -0.04915 global twist -145.71006 global supercoiling -0.04172
frame 461 time 115.25 unbinding_event at gene tetA enzyme RNAP with twist -145.71006 superhelical -0.09442 global twist -145.71006 global supercoiling -0.04150
frame 541 time 135.25 binding_event at DNA_topoI 11 enzyme topoI with twist -145.71006 superhelical -0.04127 global twist -145.71006 global supercoiling -0.04127
frame 557 time 139.25 unbinding_event at DNA_topoI 11 enzyme topoI with twist -112.64854 superhelical -0.03545 global twist -114.59333 global supercoiling -0.03313
frame 636 time 159.0 binding_event at gene tetA enzyme RNAP with twist -112.64854 superhelical -0.03191 global twist -112.64854 global supercoiling -0.03191
frame 717 time 179.25 unbinding_event at gene tetA enzyme RNAP with twist -112.64854 superhelical -0.08248 global twist -112.64854 global supercoiling -0.03208
frame 726 time 181.5 binding_event at gene Raspberry enzyme RNAP with twist -112.64854 superhelical -0.03191 global twist -112.64854 global supercoiling -0.03191
frame 780 time 195.0 unbinding_event at gene Raspberry enzyme RNAP with twist -112.64854 superhelical -0.09808 global twist -112.64854 global supercoiling -0.03208
frame 800 time 200.0 binding_event at DNA_topoI 44 enzyme topoI with twist -112.64854 superhelical -0.03191 global twist -112.64854 global supercoiling -0.03191
frame 806 time 201.5 unbinding_event at DNA_topoI 44 enzyme topoI with twist -99.03497 superhelical -0.02714 global twist -100.97976 global supercoiling -0.02920
frame 869 time 217.25 binding_event at gene tetA enzyme RNAP with twist -99.03497 superhelical -0.02805 global twist -99.03497 global supercoiling -0.02805
frame 889 time 222.25 binding_event at DNA_topoI 38 enzyme topoI with twist -84.30751 superhelical -0.04447 global twist -99.03497 global supercoiling -0.02820
frame 890 time 222.5 unbinding_event at DNA_topoI 38 enzyme topoI with twist -84.00831 superhelical -0.04386 global twist -97.09017 global supercoiling -0.02823
frame 910 time 227.5 binding_event at gene tetA enzyme RNAP with twist -118.11703 superhelical -0.05667 global twist -95.14538 global supercoiling -0.02710
frame 915 time 228.75 binding_event at DNA_gyrase 20 enzyme gyrase with twist 31.94763 superhelical 0.02311 global twist -95.14538 global supercoiling -0.02724
frame 917 time 229.25 unbinding_event at DNA_gyrase 20 enzyme gyrase with twist 33.29403 superhelical 0.02863 global twist -97.83817 global supercoiling -0.02860
frame 950 time 237.5 unbinding_event at gene tetA enzyme RNAP with twist 72.58121 superhelical -0.05720 global twist -99.18457 global supercoiling -0.02840
frame 986 time 246.5 binding_event at DNA_topoI 27 enzyme topoI with twist -234.59763 superhelical -0.09781 global twist -99.18457 global supercoiling -0.02825
frame 991 time 247.75 unbinding_event at gene tetA enzyme RNAP with twist -89.97120 superhelical -0.10062 global twist -89.46059 global supercoiling -0.02601
frame 992 time 248.0 unbinding_event at DNA_topoI 27 enzyme topoI with twist -85.57100 superhelical 0.10229 global twist -87.51580 global supercoiling -0.02530
frame 996 time 249.0 binding_event at DNA_topoI 39 enzyme topoI with twist -85.57100 superhelical -0.02424 global twist -85.57100 global supercoiling -0.02424
