TORCphysics log file 

General information: 
---------------------------------------------------------------------------------------
Circuit name: Pleu500_56
Size: 6000
Structure: circle
Number of sites: 110
Number of frames: 1000
Simulation time: 250.0
Simulation timestep: 0.25
Seed: 6864517267650523495
 
Overall simulation information 
---------------------------------------------------------------------------------------
Initial twist: -211.83310
Final twist: -141.07247
Initial superhelical density: -0.06000
Final superhelical density: -0.03996
 
Overall rates 
---------------------------------------------------------------------------------------
site type            site name            #binding events      #unbinding events    binding rates        
 DNA_topoI            DNA_topoI_global                      7.0                  7.0                 0.028 
DNA_gyrase           DNA_gyrase_global                     1.0                  1.0                 0.004 
EXT                  EXT                                   0.0                  0.0                   0.0 
gene                 tetA                                  3.0                  3.0                 0.012 
gene                 CDS                                   0.0                  0.0                   0.0 
origin               ori                                   0.0                  0.0                   0.0 
lacOP                lac1                                  0.0                  0.0                   0.0 
gene                 mKalama1                              0.0                  0.0                   0.0 
lacOP                lac2                                  0.0                  0.0                   0.0 
gene                 Raspberry                             0.0                  0.0                   0.0 
 
Events
---------------------------------------------------------------------------------------
frame 108 time 27.0 binding_event at DNA_topoI 11 enzyme topoI with twist -211.83310 superhelical -0.06000 global twist -211.83310 global supercoiling -0.06000
frame 119 time 29.75 unbinding_event at DNA_topoI 11 enzyme topoI with twist -188.49556 superhelical -0.05653 global twist -190.44035 global supercoiling -0.05506
frame 152 time 38.0 binding_event at DNA_topoI 35 enzyme topoI with twist -188.49556 superhelical -0.05339 global twist -188.49556 global supercoiling -0.05339
frame 161 time 40.25 unbinding_event at DNA_topoI 35 enzyme topoI with twist -169.04760 superhelical -0.03850 global twist -170.99240 global supercoiling -0.04944
frame 394 time 98.5 binding_event at DNA_topoI 22 enzyme topoI with twist -169.04760 superhelical -0.04788 global twist -169.04760 global supercoiling -0.04788
frame 395 time 98.75 unbinding_event at DNA_topoI 22 enzyme topoI with twist -165.15801 superhelical -0.04828 global twist -167.10281 global supercoiling -0.04831
frame 465 time 116.25 binding_event at gene tetA enzyme RNAP with twist -165.15801 superhelical -0.04678 global twist -165.15801 global supercoiling -0.04678
frame 546 time 136.5 unbinding_event at gene tetA enzyme RNAP with twist -165.15801 superhelical -0.09295 global twist -165.15801 global supercoiling -0.04703
frame 709 time 177.25 binding_event at gene tetA enzyme RNAP with twist -165.15801 superhelical -0.04678 global twist -165.15801 global supercoiling -0.04678
frame 742 time 185.5 binding_event at DNA_topoI 12 enzyme topoI with twist -25.19515 superhelical -0.01681 global twist -165.15801 global supercoiling -0.04703
frame 743 time 185.75 binding_event at DNA_topoI 4 enzyme topoI with twist -141.75806 superhelical -0.07013 global twist -163.21322 global supercoiling -0.04745
frame 747 time 186.75 unbinding_event at DNA_topoI 12 enzyme topoI with twist -2.75520 superhelical 0.01628 global twist -147.65485 global supercoiling -0.04384
frame 750 time 187.5 unbinding_event at DNA_topoI 4 enzyme topoI with twist -140.56126 superhelical -0.06711 global twist -139.87567 global supercoiling -0.04067
frame 790 time 197.5 unbinding_event at gene tetA enzyme RNAP with twist -137.93088 superhelical -0.08660 global twist -137.93088 global supercoiling -0.03928
frame 834 time 208.5 binding_event at DNA_gyrase 9 enzyme gyrase with twist -137.93088 superhelical -0.03907 global twist -137.93088 global supercoiling -0.03907
frame 844 time 211.0 unbinding_event at DNA_gyrase 9 enzyme gyrase with twist -152.74124 superhelical -0.04306 global twist -151.39485 global supercoiling -0.04377
frame 859 time 214.75 binding_event at DNA_topoI 37 enzyme topoI with twist -152.74124 superhelical -0.04326 global twist -152.74124 global supercoiling -0.04326
frame 863 time 215.75 unbinding_event at DNA_topoI 37 enzyme topoI with twist -143.01727 superhelical -0.03769 global twist -144.96206 global supercoiling -0.04191
frame 916 time 229.0 binding_event at gene tetA enzyme RNAP with twist -143.01727 superhelical -0.04051 global twist -143.01727 global supercoiling -0.04051
frame 944 time 236.0 binding_event at DNA_topoI 48 enzyme topoI with twist -120.16554 superhelical -0.06107 global twist -143.01727 global supercoiling -0.04073
frame 944 time 236.0 unbinding_event at DNA_topoI 48 enzyme topoI with twist -120.01594 superhelical -0.06276 global twist -143.01727 global supercoiling -0.04073
frame 997 time 249.25 unbinding_event at gene tetA enzyme RNAP with twist -141.07247 superhelical -0.08774 global twist -141.07247 global supercoiling -0.04018
