TORCphysics log file 

General information: 
---------------------------------------------------------------------------------------
Circuit name: Pleu500_64
Size: 6000
Structure: circle
Number of sites: 110
Number of frames: 1000
Simulation time: 250.0
Simulation timestep: 0.25
Seed: 8569268134626407432
 
Overall simulation information 
---------------------------------------------------------------------------------------
Initial twist: -211.83310
Final twist: -84.07500
Initial superhelical density: -0.06000
Final superhelical density: -0.02381
 
Overall rates 
---------------------------------------------------------------------------------------
site type            site name            #binding events      #unbinding events    binding rates        
 DNA_topoI            DNA_topoI_global                      8.0                  8.0                 0.032 
DNA_gyrase           DNA_gyrase_global                     4.0                  4.0                 0.016 
EXT                  EXT                                   0.0                  0.0                   0.0 
gene                 tetA                                  0.0                  0.0                   0.0 
gene                 CDS                                   0.0                  0.0                   0.0 
origin               ori                                   0.0                  0.0                   0.0 
lacOP                lac1                                  0.0                  0.0                   0.0 
gene                 mKalama1                              0.0                  0.0                   0.0 
lacOP                lac2                                  0.0                  0.0                   0.0 
gene                 Raspberry                             0.0                  0.0                   0.0 
 
Events
---------------------------------------------------------------------------------------
frame 61 time 15.25 binding_event at DNA_gyrase 1 enzyme gyrase with twist -211.83310 superhelical -0.06000 global twist -211.83310 global supercoiling -0.06000
frame 65 time 16.25 unbinding_event at DNA_gyrase 1 enzyme gyrase with twist -218.56509 superhelical -0.06316 global twist -217.21869 global supercoiling -0.06280
frame 174 time 43.5 binding_event at DNA_topoI 3 enzyme topoI with twist -218.56509 superhelical -0.06191 global twist -218.56509 global supercoiling -0.06191
frame 178 time 44.5 unbinding_event at DNA_topoI 3 enzyme topoI with twist -208.84111 superhelical -0.06063 global twist -210.78591 global supercoiling -0.06094
frame 383 time 95.75 binding_event at DNA_topoI 6 enzyme topoI with twist -208.84111 superhelical -0.05915 global twist -208.84111 global supercoiling -0.05915
frame 389 time 97.25 binding_event at DNA_gyrase 13 enzyme gyrase with twist -75.24510 superhelical -0.05604 global twist -197.17234 global supercoiling -0.05701
frame 394 time 98.5 unbinding_event at DNA_topoI 6 enzyme topoI with twist -139.80447 superhelical -0.05487 global twist -194.18035 global supercoiling -0.05733
frame 394 time 98.5 unbinding_event at DNA_gyrase 13 enzyme gyrase with twist -193.58195 superhelical -0.05487 global twist -194.18035 global supercoiling -0.05733
frame 443 time 110.75 binding_event at DNA_topoI 13 enzyme topoI with twist -193.58195 superhelical -0.05483 global twist -193.58195 global supercoiling -0.05483
frame 448 time 112.0 unbinding_event at DNA_topoI 13 enzyme topoI with twist -181.91317 superhelical -0.05374 global twist -183.85797 global supercoiling -0.05316
frame 468 time 117.0 binding_event at DNA_topoI 22 enzyme topoI with twist -181.91317 superhelical -0.05153 global twist -181.91317 global supercoiling -0.05153
frame 481 time 120.25 unbinding_event at DNA_topoI 22 enzyme topoI with twist -154.68604 superhelical -0.04843 global twist -156.63083 global supercoiling -0.04529
frame 494 time 123.5 binding_event at DNA_gyrase 46 enzyme gyrase with twist -154.68604 superhelical -0.04381 global twist -154.68604 global supercoiling -0.04381
frame 505 time 126.25 unbinding_event at DNA_gyrase 46 enzyme gyrase with twist -170.84280 superhelical -0.05050 global twist -169.49640 global supercoiling -0.04901
frame 522 time 130.5 binding_event at DNA_topoI 46 enzyme topoI with twist -170.84280 superhelical -0.04839 global twist -170.84280 global supercoiling -0.04839
frame 523 time 130.75 unbinding_event at DNA_topoI 46 enzyme topoI with twist -166.95321 superhelical -0.04800 global twist -168.89801 global supercoiling -0.04883
frame 687 time 171.75 binding_event at DNA_topoI 2 enzyme topoI with twist -166.95321 superhelical -0.04729 global twist -166.95321 global supercoiling -0.04729
frame 688 time 172.0 unbinding_event at DNA_topoI 2 enzyme topoI with twist -163.06362 superhelical -0.04721 global twist -165.00841 global supercoiling -0.04771
frame 723 time 180.75 binding_event at DNA_topoI 25 enzyme topoI with twist -163.06362 superhelical -0.04619 global twist -163.06362 global supercoiling -0.04619
frame 751 time 187.75 binding_event at DNA_topoI 34 enzyme topoI with twist -134.83336 superhelical -0.03874 global twist -108.60935 global supercoiling -0.03140
frame 751 time 187.75 unbinding_event at DNA_topoI 34 enzyme topoI with twist -131.91616 superhelical -0.03774 global twist -108.60935 global supercoiling -0.03140
frame 763 time 190.75 unbinding_event at DNA_topoI 25 enzyme topoI with twist -81.38221 superhelical -0.03455 global twist -83.32701 global supercoiling -0.02409
frame 936 time 234.0 binding_event at DNA_gyrase 45 enzyme gyrase with twist -81.38221 superhelical -0.02305 global twist -81.38221 global supercoiling -0.02305
frame 937 time 234.25 unbinding_event at DNA_gyrase 45 enzyme gyrase with twist -84.07500 superhelical -0.02454 global twist -82.72861 global supercoiling -0.02392
