TORCphysics log file 

General information: 
---------------------------------------------------------------------------------------
Circuit name: Pleu500_80
Size: 6000
Structure: circle
Number of sites: 110
Number of frames: 1000
Simulation time: 250.0
Simulation timestep: 0.25
Seed: 3733156051748205379
 
Overall simulation information 
---------------------------------------------------------------------------------------
Initial twist: -211.83310
Final twist: -116.38853
Initial superhelical density: -0.06000
Final superhelical density: -0.03297
 
Overall rates 
---------------------------------------------------------------------------------------
site type            site name            #binding events      #unbinding events    binding rates        
 DNA_topoI            DNA_topoI_global                     12.0                 12.0                 0.048 
DNA_gyrase           DNA_gyrase_global                     5.0                  5.0                  0.02 
EXT                  EXT                                   0.0                  0.0                   0.0 
gene                 tetA                                  1.0                  1.0                 0.004 
gene                 CDS                                   0.0                  0.0                   0.0 
origin               ori                                   0.0                  0.0                   0.0 
lacOP                lac1                                  0.0                  0.0                   0.0 
gene                 mKalama1                              0.0                  0.0                   0.0 
lacOP                lac2                                  0.0                  0.0                   0.0 
gene                 Raspberry                             0.0                  0.0                   0.0 
 
Events
---------------------------------------------------------------------------------------
frame 54 time 13.5 binding_event at DNA_topoI 42 enzyme topoI with twist -211.83310 superhelical -0.06000 global twist -211.83310 global supercoiling -0.06000
frame 74 time 18.5 unbinding_event at DNA_topoI 42 enzyme topoI with twist -170.99240 superhelical -0.04286 global twist -172.93720 global supercoiling -0.05000
frame 81 time 20.25 binding_event at DNA_topoI 26 enzyme topoI with twist -170.99240 superhelical -0.04843 global twist -170.99240 global supercoiling -0.04843
frame 88 time 22.0 unbinding_event at DNA_topoI 26 enzyme topoI with twist -155.43404 superhelical 0.15476 global twist -157.37883 global supercoiling -0.04550
frame 194 time 48.5 binding_event at DNA_topoI 12 enzyme topoI with twist -155.43404 superhelical -0.04403 global twist -155.43404 global supercoiling -0.04403
frame 196 time 49.0 unbinding_event at DNA_topoI 12 enzyme topoI with twist -149.59965 superhelical -0.04379 global twist -151.54445 global supercoiling -0.04381
frame 225 time 56.25 binding_event at DNA_topoI 33 enzyme topoI with twist -149.59965 superhelical -0.04237 global twist -149.59965 global supercoiling -0.04237
frame 226 time 56.5 unbinding_event at DNA_topoI 33 enzyme topoI with twist -145.71006 superhelical -0.03906 global twist -147.65485 global supercoiling -0.04269
frame 373 time 93.25 binding_event at DNA_topoI 43 enzyme topoI with twist -145.71006 superhelical -0.04127 global twist -145.71006 global supercoiling -0.04127
frame 393 time 98.25 unbinding_event at DNA_topoI 43 enzyme topoI with twist -104.86935 superhelical -0.02486 global twist -106.81415 global supercoiling -0.03088
frame 394 time 98.5 binding_event at DNA_gyrase 48 enzyme gyrase with twist -104.86935 superhelical -0.02970 global twist -104.86935 global supercoiling -0.02970
frame 400 time 100.0 unbinding_event at DNA_gyrase 48 enzyme gyrase with twist -114.29413 superhelical -0.03338 global twist -112.94774 global supercoiling -0.03266
frame 417 time 104.25 binding_event at DNA_topoI 24 enzyme topoI with twist -114.29413 superhelical -0.03237 global twist -114.29413 global supercoiling -0.03237
frame 417 time 104.25 unbinding_event at DNA_topoI 24 enzyme topoI with twist -112.34934 superhelical -0.03276 global twist -114.29413 global supercoiling -0.03237
frame 439 time 109.75 binding_event at DNA_topoI 3 enzyme topoI with twist -112.34934 superhelical -0.03182 global twist -112.34934 global supercoiling -0.03182
frame 439 time 109.75 unbinding_event at DNA_topoI 3 enzyme topoI with twist -110.40454 superhelical -0.03197 global twist -112.34934 global supercoiling -0.03182
frame 485 time 121.25 binding_event at DNA_gyrase 48 enzyme gyrase with twist -110.40454 superhelical -0.03127 global twist -110.40454 global supercoiling -0.03127
frame 513 time 128.25 unbinding_event at DNA_gyrase 48 enzyme gyrase with twist -149.45005 superhelical -0.04459 global twist -148.10365 global supercoiling -0.04282
frame 526 time 131.5 binding_event at DNA_topoI 38 enzyme topoI with twist -149.45005 superhelical -0.04233 global twist -149.45005 global supercoiling -0.04233
frame 540 time 135.0 unbinding_event at DNA_topoI 38 enzyme topoI with twist -120.27812 superhelical -0.02549 global twist -122.22291 global supercoiling -0.03534
frame 610 time 152.5 binding_event at DNA_topoI 29 enzyme topoI with twist -120.27812 superhelical -0.03407 global twist -120.27812 global supercoiling -0.03407
frame 610 time 152.5 unbinding_event at DNA_topoI 29 enzyme topoI with twist -118.33332 superhelical -0.02929 global twist -120.27812 global supercoiling -0.03407
frame 614 time 153.5 binding_event at DNA_topoI 23 enzyme topoI with twist -118.33332 superhelical -0.03352 global twist -118.33332 global supercoiling -0.03352
frame 620 time 155.0 unbinding_event at DNA_topoI 23 enzyme topoI with twist -104.71976 superhelical -0.03217 global twist -106.66455 global supercoiling -0.03084
frame 706 time 176.5 binding_event at DNA_gyrase 30 enzyme gyrase with twist -104.71976 superhelical -0.02966 global twist -104.71976 global supercoiling -0.02966
frame 720 time 180.0 unbinding_event at DNA_gyrase 30 enzyme gyrase with twist -124.91571 superhelical -0.07084 global twist -123.56931 global supercoiling -0.03573
frame 739 time 184.75 binding_event at DNA_gyrase 22 enzyme gyrase with twist -124.91571 superhelical -0.03538 global twist -124.91571 global supercoiling -0.03538
frame 745 time 186.25 unbinding_event at DNA_gyrase 22 enzyme gyrase with twist -134.34049 superhelical -0.03756 global twist -132.99409 global supercoiling -0.03845
frame 774 time 193.5 binding_event at gene tetA enzyme RNAP with twist -134.34049 superhelical -0.03805 global twist -134.34049 global supercoiling -0.03805
frame 786 time 196.5 binding_event at DNA_topoI 40 enzyme topoI with twist -87.20161 superhelical -0.04781 global twist -134.34049 global supercoiling -0.03826
frame 788 time 197.0 unbinding_event at DNA_topoI 40 enzyme topoI with twist -86.75281 superhelical -0.04675 global twist -130.45089 global supercoiling -0.03793
frame 855 time 213.75 unbinding_event at gene tetA enzyme RNAP with twist -128.50610 superhelical -0.08443 global twist -128.50610 global supercoiling -0.03660
frame 876 time 219.0 binding_event at DNA_gyrase 19 enzyme gyrase with twist -128.50610 superhelical -0.03640 global twist -128.50610 global supercoiling -0.03640
frame 879 time 219.75 unbinding_event at DNA_gyrase 19 enzyme gyrase with twist -133.89169 superhelical -0.03804 global twist -132.54529 global supercoiling -0.03832
frame 953 time 238.25 binding_event at DNA_topoI 3 enzyme topoI with twist -133.89169 superhelical -0.03792 global twist -133.89169 global supercoiling -0.03792
frame 961 time 240.25 unbinding_event at DNA_topoI 3 enzyme topoI with twist -116.38853 superhelical -0.03411 global twist -118.33332 global supercoiling -0.03421
