TORCphysics log file 

General information: 
---------------------------------------------------------------------------------------
Circuit name: Pleu500_53
Size: 6000
Structure: circle
Number of sites: 110
Number of frames: 1000
Simulation time: 250.0
Simulation timestep: 0.25
Seed: 2908554937235712489
 
Overall simulation information 
---------------------------------------------------------------------------------------
Initial twist: -211.83310
Final twist: -149.74925
Initial superhelical density: -0.06000
Final superhelical density: -0.04242
 
Overall rates 
---------------------------------------------------------------------------------------
site type            site name            #binding events      #unbinding events    binding rates        
 DNA_topoI            DNA_topoI_global                      9.0                  9.0                 0.036 
DNA_gyrase           DNA_gyrase_global                     3.0                  3.0                 0.012 
EXT                  EXT                                   0.0                  0.0                   0.0 
gene                 tetA                                  6.0                  6.0                 0.024 
gene                 CDS                                   0.0                  0.0                   0.0 
origin               ori                                   0.0                  0.0                   0.0 
lacOP                lac1                                  0.0                  0.0                   0.0 
gene                 mKalama1                              0.0                  0.0                   0.0 
lacOP                lac2                                  0.0                  0.0                   0.0 
gene                 Raspberry                             0.0                  0.0                   0.0 
 
Events
---------------------------------------------------------------------------------------
frame 14 time 3.5 binding_event at DNA_topoI 32 enzyme topoI with twist -211.83310 superhelical -0.06000 global twist -211.83310 global supercoiling -0.06000
frame 14 time 3.5 unbinding_event at DNA_topoI 32 enzyme topoI with twist -209.88831 superhelical -0.05877 global twist -211.83310 global supercoiling -0.06000
frame 71 time 17.75 binding_event at DNA_topoI 6 enzyme topoI with twist -209.88831 superhelical -0.05945 global twist -209.88831 global supercoiling -0.05945
frame 71 time 17.75 unbinding_event at DNA_topoI 6 enzyme topoI with twist -207.94351 superhelical -0.06022 global twist -209.88831 global supercoiling -0.05945
frame 95 time 23.75 binding_event at DNA_topoI 23 enzyme topoI with twist -207.94351 superhelical -0.05890 global twist -207.94351 global supercoiling -0.05890
frame 100 time 25.0 binding_event at DNA_topoI 29 enzyme topoI with twist -195.74234 superhelical -0.05866 global twist -198.21954 global supercoiling -0.05731
frame 100 time 25.0 unbinding_event at DNA_topoI 29 enzyme topoI with twist -192.82515 superhelical -0.05446 global twist -198.21954 global supercoiling -0.05731
frame 115 time 28.75 unbinding_event at DNA_topoI 23 enzyme topoI with twist -165.15801 superhelical -0.05342 global twist -167.10281 global supercoiling -0.04831
frame 249 time 62.25 binding_event at gene tetA enzyme RNAP with twist -165.15801 superhelical -0.04678 global twist -165.15801 global supercoiling -0.04678
frame 263 time 65.75 binding_event at gene tetA enzyme RNAP with twist -105.85414 superhelical -0.05747 global twist -165.15801 global supercoiling -0.04703
frame 283 time 70.75 binding_event at DNA_gyrase 7 enzyme gyrase with twist -23.39996 superhelical -0.01570 global twist -165.15801 global supercoiling -0.04729
frame 293 time 73.25 unbinding_event at DNA_gyrase 7 enzyme gyrase with twist -18.46317 superhelical 0.20452 global twist -178.62198 global supercoiling -0.05222
frame 330 time 82.5 unbinding_event at gene tetA enzyme RNAP with twist 41.77325 superhelical -0.05807 global twist -179.96838 global supercoiling -0.05153
frame 344 time 86.0 unbinding_event at gene tetA enzyme RNAP with twist -179.96838 superhelical -0.10067 global twist -179.96838 global supercoiling -0.05125
frame 375 time 93.75 binding_event at DNA_topoI 28 enzyme topoI with twist -179.96838 superhelical -0.05097 global twist -179.96838 global supercoiling -0.05097
frame 391 time 97.75 unbinding_event at DNA_topoI 28 enzyme topoI with twist -146.90686 superhelical 0.10493 global twist -148.85165 global supercoiling -0.04304
frame 412 time 103.0 binding_event at DNA_gyrase 8 enzyme gyrase with twist -146.90686 superhelical -0.04161 global twist -146.90686 global supercoiling -0.04161
frame 441 time 110.25 unbinding_event at DNA_gyrase 8 enzyme gyrase with twist -187.29876 superhelical -0.05141 global twist -185.95237 global supercoiling -0.05376
frame 502 time 125.5 binding_event at DNA_topoI 17 enzyme topoI with twist -187.29876 superhelical -0.05305 global twist -187.29876 global supercoiling -0.05305
frame 503 time 125.75 unbinding_event at DNA_topoI 17 enzyme topoI with twist -183.40917 superhelical -0.05348 global twist -185.35397 global supercoiling -0.05359
frame 509 time 127.25 binding_event at gene tetA enzyme RNAP with twist -183.40917 superhelical -0.05195 global twist -183.40917 global supercoiling -0.05195
frame 557 time 139.25 binding_event at DNA_gyrase 12 enzyme gyrase with twist -7.59807 superhelical -0.00557 global twist -183.40917 global supercoiling -0.05223
frame 557 time 139.25 unbinding_event at DNA_gyrase 12 enzyme gyrase with twist -7.14927 superhelical -0.00300 global twist -183.40917 global supercoiling -0.05223
frame 578 time 144.5 binding_event at DNA_topoI 34 enzyme topoI with twist -213.51021 superhelical -0.09142 global twist -184.75557 global supercoiling -0.05262
frame 581 time 145.25 unbinding_event at DNA_topoI 34 enzyme topoI with twist -212.91181 superhelical -0.08706 global twist -178.92118 global supercoiling -0.05202
frame 590 time 147.5 unbinding_event at gene tetA enzyme RNAP with twist -176.97639 superhelical -0.09341 global twist -176.97639 global supercoiling -0.05040
frame 648 time 162.0 binding_event at gene tetA enzyme RNAP with twist -176.97639 superhelical -0.05013 global twist -176.97639 global supercoiling -0.05013
frame 713 time 178.25 binding_event at gene tetA enzyme RNAP with twist -203.18539 superhelical -0.08836 global twist -176.97639 global supercoiling -0.05040
frame 729 time 182.25 unbinding_event at gene tetA enzyme RNAP with twist 6.45081 superhelical -0.08910 global twist -176.97639 global supercoiling -0.05068
frame 770 time 192.5 binding_event at DNA_topoI 40 enzyme topoI with twist -255.23503 superhelical -0.11457 global twist -176.97639 global supercoiling -0.05040
frame 772 time 193.0 unbinding_event at DNA_topoI 40 enzyme topoI with twist -254.78623 superhelical -0.11537 global twist -173.08680 global supercoiling -0.05032
frame 794 time 198.5 unbinding_event at gene tetA enzyme RNAP with twist -171.14200 superhelical -0.12000 global twist -171.14200 global supercoiling -0.04874
frame 852 time 213.0 binding_event at DNA_topoI 42 enzyme topoI with twist -171.14200 superhelical -0.04847 global twist -171.14200 global supercoiling -0.04847
frame 861 time 215.25 binding_event at gene tetA enzyme RNAP with twist -107.43548 superhelical -0.04575 global twist -153.63884 global supercoiling -0.04442
frame 862 time 215.5 unbinding_event at DNA_topoI 42 enzyme topoI with twist -70.52709 superhelical -0.03985 global twist -151.69405 global supercoiling -0.04410
frame 942 time 235.5 unbinding_event at gene tetA enzyme RNAP with twist -149.74925 superhelical -0.08733 global twist -149.74925 global supercoiling -0.04265
