TORCphysics log file 

General information: 
---------------------------------------------------------------------------------------
Circuit name: Pleu500_12
Size: 6000
Structure: circle
Number of sites: 110
Number of frames: 1000
Simulation time: 250.0
Simulation timestep: 0.25
Seed: 7700738971903449552
 
Overall simulation information 
---------------------------------------------------------------------------------------
Initial twist: -211.83310
Final twist: -90.05899
Initial superhelical density: -0.06000
Final superhelical density: -0.02551
 
Overall rates 
---------------------------------------------------------------------------------------
site type            site name            #binding events      #unbinding events    binding rates        
 DNA_topoI            DNA_topoI_global                      9.0                  9.0                 0.036 
DNA_gyrase           DNA_gyrase_global                     2.0                  2.0                 0.008 
EXT                  EXT                                   0.0                  0.0                   0.0 
gene                 tetA                                  4.0                  4.0                 0.016 
gene                 CDS                                   0.0                  0.0                   0.0 
origin               ori                                   0.0                  0.0                   0.0 
lacOP                lac1                                  0.0                  0.0                   0.0 
gene                 mKalama1                              1.0                  1.0                 0.004 
lacOP                lac2                                  0.0                  0.0                   0.0 
gene                 Raspberry                             0.0                  0.0                   0.0 
 
Events
---------------------------------------------------------------------------------------
frame 105 time 26.25 binding_event at DNA_topoI 7 enzyme topoI with twist -211.83310 superhelical -0.06000 global twist -211.83310 global supercoiling -0.06000
frame 123 time 30.75 unbinding_event at DNA_topoI 7 enzyme topoI with twist -174.88199 superhelical -0.05280 global twist -176.82679 global supercoiling -0.05112
frame 141 time 35.25 binding_event at DNA_topoI 5 enzyme topoI with twist -174.88199 superhelical -0.04953 global twist -174.88199 global supercoiling -0.04953
frame 142 time 35.5 unbinding_event at DNA_topoI 5 enzyme topoI with twist -170.99240 superhelical -0.04961 global twist -172.93720 global supercoiling -0.05000
frame 153 time 38.25 binding_event at DNA_gyrase 25 enzyme gyrase with twist -170.99240 superhelical -0.04843 global twist -170.99240 global supercoiling -0.04843
frame 153 time 38.25 unbinding_event at DNA_gyrase 25 enzyme gyrase with twist -172.33880 superhelical -0.04902 global twist -170.99240 global supercoiling -0.04843
frame 193 time 48.25 binding_event at gene mKalama1 enzyme RNAP with twist -172.33880 superhelical -0.04881 global twist -172.33880 global supercoiling -0.04881
frame 247 time 61.75 unbinding_event at gene mKalama1 enzyme RNAP with twist -172.33880 superhelical 0.43539 global twist -172.33880 global supercoiling -0.04908
frame 426 time 106.5 binding_event at DNA_topoI 28 enzyme topoI with twist -172.33880 superhelical -0.04881 global twist -172.33880 global supercoiling -0.04881
frame 433 time 108.25 binding_event at DNA_topoI 40 enzyme topoI with twist -160.28433 superhelical -0.04780 global twist -158.72523 global supercoiling -0.04589
frame 437 time 109.25 unbinding_event at DNA_topoI 40 enzyme topoI with twist -145.69836 superhelical -0.03653 global twist -143.16687 global supercoiling -0.04227
frame 439 time 109.75 binding_event at DNA_topoI 46 enzyme topoI with twist -144.72596 superhelical -0.04316 global twist -137.33248 global supercoiling -0.03971
frame 439 time 109.75 unbinding_event at DNA_topoI 28 enzyme topoI with twist -43.52611 superhelical 0.07943 global twist -137.33248 global supercoiling -0.03971
frame 445 time 111.25 unbinding_event at DNA_topoI 46 enzyme topoI with twist -121.77412 superhelical -0.02696 global twist -123.71891 global supercoiling -0.03577
frame 484 time 121.0 binding_event at DNA_topoI 38 enzyme topoI with twist -121.77412 superhelical -0.03449 global twist -121.77412 global supercoiling -0.03449
frame 490 time 122.5 unbinding_event at DNA_topoI 38 enzyme topoI with twist -108.16055 superhelical -0.02694 global twist -110.10534 global supercoiling -0.03183
frame 526 time 131.5 binding_event at DNA_topoI 0 enzyme topoI with twist -108.16055 superhelical -0.03064 global twist -108.16055 global supercoiling -0.03064
frame 530 time 132.5 unbinding_event at DNA_topoI 0 enzyme topoI with twist -98.43657 superhelical -0.02839 global twist -100.38137 global supercoiling -0.02902
frame 547 time 136.75 binding_event at DNA_topoI 19 enzyme topoI with twist -98.43657 superhelical -0.02788 global twist -98.43657 global supercoiling -0.02788
frame 550 time 137.5 unbinding_event at DNA_topoI 19 enzyme topoI with twist -90.65739 superhelical -0.02718 global twist -92.60218 global supercoiling -0.02677
frame 551 time 137.75 binding_event at gene tetA enzyme RNAP with twist -90.65739 superhelical -0.02568 global twist -90.65739 global supercoiling -0.02568
frame 572 time 143.0 binding_event at gene tetA enzyme RNAP with twist -82.00814 superhelical -0.04306 global twist -90.65739 global supercoiling -0.02582
frame 632 time 158.0 unbinding_event at gene tetA enzyme RNAP with twist 93.49232 superhelical -0.04349 global twist -90.65739 global supercoiling -0.02596
frame 653 time 163.25 unbinding_event at gene tetA enzyme RNAP with twist -90.65739 superhelical -0.09047 global twist -90.65739 global supercoiling -0.02582
frame 673 time 168.25 binding_event at DNA_gyrase 25 enzyme gyrase with twist -90.65739 superhelical -0.02568 global twist -90.65739 global supercoiling -0.02568
frame 673 time 168.25 unbinding_event at DNA_gyrase 25 enzyme gyrase with twist -92.00378 superhelical -0.02608 global twist -90.65739 global supercoiling -0.02568
frame 752 time 188.0 binding_event at gene tetA enzyme RNAP with twist -92.00378 superhelical -0.02606 global twist -92.00378 global supercoiling -0.02606
frame 833 time 208.25 unbinding_event at gene tetA enzyme RNAP with twist -92.00378 superhelical -0.07837 global twist -92.00378 global supercoiling -0.02620
frame 863 time 215.75 binding_event at DNA_topoI 42 enzyme topoI with twist -92.00378 superhelical -0.02606 global twist -92.00378 global supercoiling -0.02606
frame 863 time 215.75 unbinding_event at DNA_topoI 42 enzyme topoI with twist -90.05899 superhelical -0.02572 global twist -92.00378 global supercoiling -0.02606
frame 906 time 226.5 binding_event at gene tetA enzyme RNAP with twist -90.05899 superhelical -0.02551 global twist -90.05899 global supercoiling -0.02551
frame 987 time 246.75 unbinding_event at gene tetA enzyme RNAP with twist -90.05899 superhelical -0.07798 global twist -90.05899 global supercoiling -0.02565
