TORCphysics log file 

General information: 
---------------------------------------------------------------------------------------
Circuit name: Pleu500_90
Size: 6000
Structure: circle
Number of sites: 110
Number of frames: 1000
Simulation time: 250.0
Simulation timestep: 0.25
Seed: 2731309351350998221
 
Overall simulation information 
---------------------------------------------------------------------------------------
Initial twist: -211.83310
Final twist: -131.94689
Initial superhelical density: -0.06000
Final superhelical density: -0.03815
 
Overall rates 
---------------------------------------------------------------------------------------
site type            site name            #binding events      #unbinding events    binding rates        
 DNA_topoI            DNA_topoI_global                     11.0                 11.0                 0.044 
DNA_gyrase           DNA_gyrase_global                     4.0                  3.0                 0.016 
EXT                  EXT                                   0.0                  0.0                   0.0 
gene                 tetA                                  6.0                  6.0                 0.024 
gene                 CDS                                   0.0                  0.0                   0.0 
origin               ori                                   0.0                  0.0                   0.0 
lacOP                lac1                                  0.0                  0.0                   0.0 
gene                 mKalama1                              3.0                  3.0                 0.012 
lacOP                lac2                                  0.0                  0.0                   0.0 
gene                 Raspberry                             0.0                  0.0                   0.0 
 
Events
---------------------------------------------------------------------------------------
frame 28 time 7.0 binding_event at DNA_topoI 43 enzyme topoI with twist -211.83310 superhelical -0.06000 global twist -211.83310 global supercoiling -0.06000
frame 29 time 7.25 unbinding_event at DNA_topoI 43 enzyme topoI with twist -207.94351 superhelical -0.05960 global twist -209.88831 global supercoiling -0.06068
frame 42 time 10.5 binding_event at DNA_topoI 39 enzyme topoI with twist -207.94351 superhelical -0.05890 global twist -207.94351 global supercoiling -0.05890
frame 44 time 11.0 unbinding_event at DNA_topoI 39 enzyme topoI with twist -202.10913 superhelical -0.05686 global twist -204.05392 global supercoiling -0.05900
frame 53 time 13.25 binding_event at DNA_topoI 23 enzyme topoI with twist -202.10913 superhelical -0.05725 global twist -202.10913 global supercoiling -0.05725
frame 71 time 17.75 unbinding_event at DNA_topoI 23 enzyme topoI with twist -165.15801 superhelical -0.05290 global twist -167.10281 global supercoiling -0.04831
frame 119 time 29.75 binding_event at DNA_gyrase 36 enzyme gyrase with twist -165.15801 superhelical -0.04678 global twist -165.15801 global supercoiling -0.04678
frame 126 time 31.5 binding_event at gene tetA enzyme RNAP with twist -137.41028 superhelical -0.04945 global twist -174.58279 global supercoiling -0.05048
frame 150 time 37.5 unbinding_event at DNA_gyrase 36 enzyme gyrase with twist -163.74038 superhelical -0.07944 global twist -206.89632 global supercoiling -0.06015
frame 180 time 45.0 binding_event at DNA_gyrase 22 enzyme gyrase with twist 7.55834 superhelical 0.00577 global twist -208.24271 global supercoiling -0.05930
frame 184 time 46.0 unbinding_event at DNA_gyrase 22 enzyme gyrase with twist 9.80234 superhelical 0.01199 global twist -213.62830 global supercoiling -0.06211
frame 202 time 50.5 binding_event at gene mKalama1 enzyme RNAP with twist -255.29536 superhelical -0.10644 global twist -214.97470 global supercoiling -0.06122
frame 207 time 51.75 unbinding_event at gene tetA enzyme RNAP with twist -156.27163 superhelical -0.11273 global twist -214.97470 global supercoiling -0.06156
frame 256 time 64.0 unbinding_event at gene mKalama1 enzyme RNAP with twist -214.97470 superhelical 0.19027 global twist -214.97470 global supercoiling -0.06122
frame 274 time 68.5 binding_event at gene tetA enzyme RNAP with twist -214.97470 superhelical -0.06089 global twist -214.97470 global supercoiling -0.06089
frame 286 time 71.5 binding_event at DNA_topoI 0 enzyme topoI with twist -126.61178 superhelical -0.06942 global twist -214.97470 global supercoiling -0.06122
frame 289 time 72.25 unbinding_event at DNA_topoI 0 enzyme topoI with twist -126.01338 superhelical -0.06995 global twist -209.14031 global supercoiling -0.06080
frame 294 time 73.5 binding_event at DNA_gyrase 35 enzyme gyrase with twist -133.19417 superhelical -0.07026 global twist -207.19552 global supercoiling -0.05901
frame 294 time 73.5 unbinding_event at DNA_gyrase 35 enzyme gyrase with twist -136.33576 superhelical -0.07413 global twist -207.19552 global supercoiling -0.05901
frame 305 time 76.25 binding_event at DNA_topoI 30 enzyme topoI with twist -154.28772 superhelical -0.07736 global twist -208.54191 global supercoiling -0.05939
frame 321 time 80.25 unbinding_event at DNA_topoI 30 enzyme topoI with twist -151.74452 superhelical -0.01384 global twist -177.42519 global supercoiling -0.05158
frame 355 time 88.75 unbinding_event at gene tetA enzyme RNAP with twist -175.48039 superhelical -0.08677 global twist -175.48039 global supercoiling -0.04997
frame 363 time 90.75 binding_event at gene tetA enzyme RNAP with twist -175.48039 superhelical -0.04970 global twist -175.48039 global supercoiling -0.04970
frame 384 time 96.0 binding_event at gene tetA enzyme RNAP with twist -123.46560 superhelical -0.06482 global twist -175.48039 global supercoiling -0.04997
frame 444 time 111.0 unbinding_event at gene tetA enzyme RNAP with twist 46.40337 superhelical -0.06548 global twist -175.48039 global supercoiling -0.05025
frame 450 time 112.5 binding_event at DNA_topoI 44 enzyme topoI with twist -230.85974 superhelical -0.10000 global twist -175.48039 global supercoiling -0.04997
frame 452 time 113.0 unbinding_event at DNA_topoI 44 enzyme topoI with twist -230.41094 superhelical -0.10088 global twist -171.59080 global supercoiling -0.04989
frame 465 time 116.25 unbinding_event at gene tetA enzyme RNAP with twist -169.64600 superhelical -0.10348 global twist -169.64600 global supercoiling -0.04831
frame 466 time 116.5 binding_event at DNA_topoI 27 enzyme topoI with twist -169.64600 superhelical -0.04805 global twist -169.64600 global supercoiling -0.04805
frame 472 time 118.0 unbinding_event at DNA_topoI 27 enzyme topoI with twist -156.03244 superhelical 0.15408 global twist -157.97723 global supercoiling -0.04567
frame 572 time 143.0 binding_event at DNA_topoI 40 enzyme topoI with twist -156.03244 superhelical -0.04419 global twist -156.03244 global supercoiling -0.04419
frame 573 time 143.25 unbinding_event at DNA_topoI 40 enzyme topoI with twist -152.14284 superhelical -0.04310 global twist -154.08764 global supercoiling -0.04455
frame 594 time 148.5 binding_event at gene tetA enzyme RNAP with twist -152.14284 superhelical -0.04309 global twist -152.14284 global supercoiling -0.04309
frame 599 time 149.75 binding_event at gene mKalama1 enzyme RNAP with twist -83.33618 superhelical -0.04732 global twist -152.14284 global supercoiling -0.04333
frame 653 time 163.25 unbinding_event at gene mKalama1 enzyme RNAP with twist -182.07195 superhelical 0.44061 global twist -152.14284 global supercoiling -0.04357
frame 675 time 168.75 unbinding_event at gene tetA enzyme RNAP with twist -152.14284 superhelical -0.09035 global twist -152.14284 global supercoiling -0.04333
frame 701 time 175.25 binding_event at gene mKalama1 enzyme RNAP with twist -152.14284 superhelical -0.04309 global twist -152.14284 global supercoiling -0.04309
frame 702 time 175.5 binding_event at DNA_topoI 32 enzyme topoI with twist -26.25841 superhelical -0.04113 global twist -152.14284 global supercoiling -0.04333
frame 709 time 177.25 unbinding_event at DNA_topoI 32 enzyme topoI with twist 3.66152 superhelical -0.02652 global twist -138.52928 global supercoiling -0.04027
frame 745 time 186.25 binding_event at gene tetA enzyme RNAP with twist -203.07785 superhelical -0.06232 global twist -136.58448 global supercoiling -0.03890
frame 755 time 188.75 unbinding_event at gene mKalama1 enzyme RNAP with twist -43.80235 superhelical 0.56077 global twist -136.58448 global supercoiling -0.03911
frame 770 time 192.5 binding_event at DNA_topoI 41 enzyme topoI with twist -68.93509 superhelical -0.03552 global twist -136.58448 global supercoiling -0.03890
frame 772 time 193.0 unbinding_event at DNA_topoI 41 enzyme topoI with twist -68.48629 superhelical -0.03408 global twist -132.69489 global supercoiling -0.03858
frame 826 time 206.5 unbinding_event at gene tetA enzyme RNAP with twist -130.75009 superhelical -0.06746 global twist -130.75009 global supercoiling -0.03724
frame 880 time 220.0 binding_event at DNA_topoI 34 enzyme topoI with twist -130.75009 superhelical -0.03703 global twist -130.75009 global supercoiling -0.03703
frame 886 time 221.5 unbinding_event at DNA_topoI 34 enzyme topoI with twist -117.13653 superhelical -0.02511 global twist -119.08132 global supercoiling -0.03443
frame 990 time 247.5 binding_event at DNA_gyrase 8 enzyme gyrase with twist -117.13653 superhelical -0.03318 global twist -117.13653 global supercoiling -0.03318
