TORCphysics log file 

General information: 
---------------------------------------------------------------------------------------
Circuit name: Pleu500_20
Size: 6000
Structure: circle
Number of sites: 110
Number of frames: 1000
Simulation time: 250.0
Simulation timestep: 0.25
Seed: 7834913798545143281
 
Overall simulation information 
---------------------------------------------------------------------------------------
Initial twist: -211.83310
Final twist: -97.83817
Initial superhelical density: -0.06000
Final superhelical density: -0.02771
 
Overall rates 
---------------------------------------------------------------------------------------
site type            site name            #binding events      #unbinding events    binding rates        
 DNA_topoI            DNA_topoI_global                      6.0                  6.0                 0.024 
DNA_gyrase           DNA_gyrase_global                     5.0                  5.0                  0.02 
EXT                  EXT                                   0.0                  0.0                   0.0 
gene                 tetA                                  3.0                  3.0                 0.012 
gene                 CDS                                   0.0                  0.0                   0.0 
origin               ori                                   0.0                  0.0                   0.0 
lacOP                lac1                                  0.0                  0.0                   0.0 
gene                 mKalama1                              0.0                  0.0                   0.0 
lacOP                lac2                                  0.0                  0.0                   0.0 
gene                 Raspberry                             0.0                  0.0                   0.0 
 
Events
---------------------------------------------------------------------------------------
frame 24 time 6.0 binding_event at DNA_gyrase 27 enzyme gyrase with twist -211.83310 superhelical -0.06000 global twist -211.83310 global supercoiling -0.06000
frame 24 time 6.0 unbinding_event at DNA_gyrase 27 enzyme gyrase with twist -213.17950 superhelical -0.08133 global twist -211.83310 global supercoiling -0.06000
frame 70 time 17.5 binding_event at gene tetA enzyme RNAP with twist -213.17950 superhelical -0.06038 global twist -213.17950 global supercoiling -0.06038
frame 123 time 30.75 binding_event at DNA_topoI 36 enzyme topoI with twist -199.33740 superhelical -0.09094 global twist -213.17950 global supercoiling -0.06071
frame 149 time 37.25 unbinding_event at DNA_topoI 36 enzyme topoI with twist -195.29821 superhelical -0.05540 global twist -162.61482 global supercoiling -0.04728
frame 151 time 37.75 unbinding_event at gene tetA enzyme RNAP with twist -160.67002 superhelical -0.08110 global twist -160.67002 global supercoiling -0.04576
frame 303 time 75.75 binding_event at DNA_topoI 17 enzyme topoI with twist -160.67002 superhelical -0.04551 global twist -160.67002 global supercoiling -0.04551
frame 307 time 76.75 unbinding_event at DNA_topoI 17 enzyme topoI with twist -150.94605 superhelical -0.04478 global twist -152.89084 global supercoiling -0.04420
frame 410 time 102.5 binding_event at DNA_gyrase 35 enzyme gyrase with twist -150.94605 superhelical -0.04275 global twist -150.94605 global supercoiling -0.04275
frame 410 time 102.5 unbinding_event at DNA_gyrase 35 enzyme gyrase with twist -152.29244 superhelical -0.04475 global twist -150.94605 global supercoiling -0.04275
frame 443 time 110.75 binding_event at DNA_topoI 9 enzyme topoI with twist -152.29244 superhelical -0.04314 global twist -152.29244 global supercoiling -0.04314
frame 455 time 113.75 binding_event at gene tetA enzyme RNAP with twist -90.98371 superhelical -0.03903 global twist -128.95490 global supercoiling -0.03728
frame 465 time 116.25 unbinding_event at DNA_topoI 9 enzyme topoI with twist -20.28361 superhelical 0.01406 global twist -109.50694 global supercoiling -0.03184
frame 509 time 127.25 binding_event at DNA_topoI 30 enzyme topoI with twist -164.47196 superhelical -0.07473 global twist -107.56215 global supercoiling -0.03063
frame 510 time 127.5 unbinding_event at DNA_topoI 30 enzyme topoI with twist -164.17276 superhelical -0.06944 global twist -105.61735 global supercoiling -0.03071
frame 516 time 129.0 binding_event at DNA_topoI 30 enzyme topoI with twist -173.14874 superhelical -0.07649 global twist -103.67256 global supercoiling -0.02952
frame 520 time 130.0 unbinding_event at DNA_topoI 30 enzyme topoI with twist -172.40074 superhelical -0.05946 global twist -95.89338 global supercoiling -0.02788
frame 536 time 134.0 unbinding_event at gene tetA enzyme RNAP with twist -93.94858 superhelical -0.08202 global twist -93.94858 global supercoiling -0.02676
frame 743 time 185.75 binding_event at gene tetA enzyme RNAP with twist -93.94858 superhelical -0.02661 global twist -93.94858 global supercoiling -0.02661
frame 778 time 194.5 binding_event at DNA_gyrase 23 enzyme gyrase with twist 14.80088 superhelical 0.00999 global twist -93.94858 global supercoiling -0.02676
frame 786 time 196.5 unbinding_event at DNA_gyrase 23 enzyme gyrase with twist 18.84007 superhelical 0.01958 global twist -104.71976 global supercoiling -0.03045
frame 824 time 206.0 unbinding_event at gene tetA enzyme RNAP with twist -106.06615 superhelical -0.07875 global twist -106.06615 global supercoiling -0.03021
frame 957 time 239.25 binding_event at DNA_gyrase 26 enzyme gyrase with twist -106.06615 superhelical -0.03004 global twist -106.06615 global supercoiling -0.03004
frame 958 time 239.5 unbinding_event at DNA_gyrase 26 enzyme gyrase with twist -108.75895 superhelical -0.06516 global twist -107.41255 global supercoiling -0.03106
frame 962 time 240.5 binding_event at DNA_gyrase 21 enzyme gyrase with twist -108.75895 superhelical -0.03081 global twist -108.75895 global supercoiling -0.03081
frame 963 time 240.75 unbinding_event at DNA_gyrase 21 enzyme gyrase with twist -111.45174 superhelical -0.03187 global twist -110.10534 global supercoiling -0.03183
frame 981 time 245.25 binding_event at DNA_topoI 30 enzyme topoI with twist -111.45174 superhelical -0.03157 global twist -111.45174 global supercoiling -0.03157
frame 987 time 246.75 unbinding_event at DNA_topoI 30 enzyme topoI with twist -97.83817 superhelical -0.00488 global twist -99.78297 global supercoiling -0.02885
