TORCphysics log file 

General information: 
---------------------------------------------------------------------------------------
Circuit name: Pleu500_4
Size: 6000
Structure: circle
Number of sites: 110
Number of frames: 1000
Simulation time: 250.0
Simulation timestep: 0.25
Seed: 8243951029237656301
 
Overall simulation information 
---------------------------------------------------------------------------------------
Initial twist: -211.83310
Final twist: 7.33038
Initial superhelical density: -0.06000
Final superhelical density: 0.00208
 
Overall rates 
---------------------------------------------------------------------------------------
site type            site name            #binding events      #unbinding events    binding rates        
 DNA_topoI            DNA_topoI_global                     10.0                 10.0                  0.04 
DNA_gyrase           DNA_gyrase_global                     1.0                  1.0                 0.004 
EXT                  EXT                                   0.0                  0.0                   0.0 
gene                 tetA                                  3.0                  3.0                 0.012 
gene                 CDS                                   0.0                  0.0                   0.0 
origin               ori                                   0.0                  0.0                   0.0 
lacOP                lac1                                  0.0                  0.0                   0.0 
gene                 mKalama1                              2.0                  2.0                 0.008 
lacOP                lac2                                  0.0                  0.0                   0.0 
gene                 Raspberry                             0.0                  0.0                   0.0 
 
Events
---------------------------------------------------------------------------------------
frame 54 time 13.5 binding_event at gene mKalama1 enzyme RNAP with twist -211.83310 superhelical -0.06000 global twist -211.83310 global supercoiling -0.06000
frame 108 time 27.0 unbinding_event at gene mKalama1 enzyme RNAP with twist -211.83310 superhelical 0.38804 global twist -211.83310 global supercoiling -0.06033
frame 131 time 32.75 binding_event at DNA_topoI 2 enzyme topoI with twist -211.83310 superhelical -0.06000 global twist -211.83310 global supercoiling -0.06000
frame 131 time 32.75 unbinding_event at DNA_topoI 2 enzyme topoI with twist -209.88831 superhelical -0.06071 global twist -211.83310 global supercoiling -0.06000
frame 156 time 39.0 binding_event at gene tetA enzyme RNAP with twist -209.88831 superhelical -0.05945 global twist -209.88831 global supercoiling -0.05945
frame 236 time 59.0 binding_event at DNA_topoI 46 enzyme topoI with twist -246.19911 superhelical -0.10114 global twist -209.88831 global supercoiling -0.05977
frame 237 time 59.25 unbinding_event at gene tetA enzyme RNAP with twist -62.26947 superhelical -0.10398 global twist -207.94351 global supercoiling -0.06046
frame 240 time 60.0 unbinding_event at DNA_topoI 46 enzyme topoI with twist -200.16433 superhelical -0.10073 global twist -202.10913 global supercoiling -0.05843
frame 247 time 61.75 binding_event at DNA_topoI 7 enzyme topoI with twist -200.16433 superhelical -0.05669 global twist -200.16433 global supercoiling -0.05669
frame 255 time 63.75 binding_event at DNA_topoI 27 enzyme topoI with twist -118.82995 superhelical -0.05432 global twist -184.60597 global supercoiling -0.05337
frame 266 time 66.5 unbinding_event at DNA_topoI 7 enzyme topoI with twist -147.71773 superhelical -0.04495 global twist -141.82047 global supercoiling -0.04187
frame 273 time 68.25 unbinding_event at DNA_topoI 27 enzyme topoI with twist -124.31731 superhelical 0.49518 global twist -126.26210 global supercoiling -0.03651
frame 288 time 72.0 binding_event at gene tetA enzyme RNAP with twist -124.31731 superhelical -0.03521 global twist -124.31731 global supercoiling -0.03521
frame 362 time 90.5 binding_event at DNA_gyrase 18 enzyme gyrase with twist 69.28758 superhelical 0.06126 global twist -124.31731 global supercoiling -0.03540
frame 369 time 92.25 unbinding_event at gene tetA enzyme RNAP with twist -161.17590 superhelical -0.08481 global twist -133.74209 global supercoiling -0.03888
frame 373 time 93.25 unbinding_event at DNA_gyrase 18 enzyme gyrase with twist -140.47407 superhelical -0.05503 global twist -139.12767 global supercoiling -0.04022
frame 375 time 93.75 binding_event at gene tetA enzyme RNAP with twist -140.47407 superhelical -0.03979 global twist -140.47407 global supercoiling -0.03979
frame 456 time 114.0 unbinding_event at gene tetA enzyme RNAP with twist -140.47407 superhelical -0.08803 global twist -140.47407 global supercoiling -0.04001
frame 473 time 118.25 binding_event at DNA_topoI 37 enzyme topoI with twist -140.47407 superhelical -0.03979 global twist -140.47407 global supercoiling -0.03979
frame 481 time 120.25 unbinding_event at DNA_topoI 37 enzyme topoI with twist -122.97091 superhelical -0.02897 global twist -124.91571 global supercoiling -0.03612
frame 502 time 125.5 binding_event at DNA_topoI 30 enzyme topoI with twist -122.97091 superhelical -0.03483 global twist -122.97091 global supercoiling -0.03483
frame 503 time 125.75 unbinding_event at DNA_topoI 30 enzyme topoI with twist -119.08132 superhelical -0.02774 global twist -121.02612 global supercoiling -0.03499
frame 578 time 144.5 binding_event at DNA_topoI 46 enzyme topoI with twist -119.08132 superhelical -0.03373 global twist -119.08132 global supercoiling -0.03373
frame 581 time 145.25 unbinding_event at DNA_topoI 46 enzyme topoI with twist -111.30214 superhelical -0.03165 global twist -113.24694 global supercoiling -0.03274
frame 721 time 180.25 binding_event at DNA_topoI 8 enzyme topoI with twist -111.30214 superhelical -0.03153 global twist -111.30214 global supercoiling -0.03153
frame 731 time 182.75 unbinding_event at DNA_topoI 8 enzyme topoI with twist -89.90939 superhelical -0.02745 global twist -91.85419 global supercoiling -0.02656
frame 829 time 207.25 binding_event at DNA_topoI 17 enzyme topoI with twist -89.90939 superhelical -0.02547 global twist -89.90939 global supercoiling -0.02547
frame 875 time 218.75 unbinding_event at DNA_topoI 17 enzyme topoI with twist 1.49600 superhelical -0.01027 global twist -0.44880 global supercoiling -0.00013
frame 916 time 229.0 binding_event at gene mKalama1 enzyme RNAP with twist 1.49600 superhelical 0.00042 global twist 1.49600 global supercoiling 0.00042
frame 958 time 239.5 binding_event at DNA_topoI 13 enzyme topoI with twist -74.17807 superhelical -0.02289 global twist 1.49600 global supercoiling 0.00043
frame 960 time 240.0 unbinding_event at DNA_topoI 13 enzyme topoI with twist -73.72927 superhelical -0.02419 global twist 5.38559 global supercoiling 0.00157
frame 970 time 242.5 unbinding_event at gene mKalama1 enzyme RNAP with twist 7.33038 superhelical 0.64382 global twist 7.33038 global supercoiling 0.00209
