TORCphysics log file 

General information: 
---------------------------------------------------------------------------------------
Circuit name: Pleu500_44
Size: 6000
Structure: circle
Number of sites: 110
Number of frames: 1000
Simulation time: 250.0
Simulation timestep: 0.25
Seed: 8951783178453299180
 
Overall simulation information 
---------------------------------------------------------------------------------------
Initial twist: -211.83310
Final twist: -128.20690
Initial superhelical density: -0.06000
Final superhelical density: -0.03631
 
Overall rates 
---------------------------------------------------------------------------------------
site type            site name            #binding events      #unbinding events    binding rates        
 DNA_topoI            DNA_topoI_global                      8.0                  8.0                 0.032 
DNA_gyrase           DNA_gyrase_global                     0.0                  0.0                   0.0 
EXT                  EXT                                   0.0                  0.0                   0.0 
gene                 tetA                                  1.0                  1.0                 0.004 
gene                 CDS                                   0.0                  0.0                   0.0 
origin               ori                                   0.0                  0.0                   0.0 
lacOP                lac1                                  0.0                  0.0                   0.0 
gene                 mKalama1                              0.0                  0.0                   0.0 
lacOP                lac2                                  0.0                  0.0                   0.0 
gene                 Raspberry                             1.0                  1.0                 0.004 
 
Events
---------------------------------------------------------------------------------------
frame 70 time 17.5 binding_event at DNA_topoI 22 enzyme topoI with twist -211.83310 superhelical -0.06000 global twist -211.83310 global supercoiling -0.06000
frame 70 time 17.5 unbinding_event at DNA_topoI 22 enzyme topoI with twist -209.88831 superhelical -0.06095 global twist -211.83310 global supercoiling -0.06000
frame 118 time 29.5 binding_event at DNA_topoI 41 enzyme topoI with twist -209.88831 superhelical -0.05945 global twist -209.88831 global supercoiling -0.05945
frame 120 time 30.0 unbinding_event at DNA_topoI 41 enzyme topoI with twist -204.05392 superhelical -0.05788 global twist -205.99872 global supercoiling -0.05956
frame 216 time 54.0 binding_event at gene tetA enzyme RNAP with twist -204.05392 superhelical -0.05780 global twist -204.05392 global supercoiling -0.05780
frame 228 time 57.0 binding_event at DNA_topoI 26 enzyme topoI with twist -121.27423 superhelical -0.06649 global twist -204.05392 global supercoiling -0.05811
frame 228 time 57.0 unbinding_event at DNA_topoI 26 enzyme topoI with twist -121.12463 superhelical -0.04093 global twist -204.05392 global supercoiling -0.05811
frame 297 time 74.25 unbinding_event at gene tetA enzyme RNAP with twist -202.10913 superhelical -0.09991 global twist -202.10913 global supercoiling -0.05756
frame 305 time 76.25 binding_event at DNA_topoI 32 enzyme topoI with twist -202.10913 superhelical -0.05725 global twist -202.10913 global supercoiling -0.05725
frame 308 time 77.0 unbinding_event at DNA_topoI 32 enzyme topoI with twist -194.32995 superhelical -0.04853 global twist -196.27474 global supercoiling -0.05675
frame 395 time 98.75 binding_event at DNA_topoI 30 enzyme topoI with twist -194.32995 superhelical -0.05504 global twist -194.32995 global supercoiling -0.05504
frame 399 time 99.75 unbinding_event at DNA_topoI 30 enzyme topoI with twist -184.60597 superhelical -0.03665 global twist -186.55076 global supercoiling -0.05394
frame 493 time 123.25 binding_event at DNA_topoI 42 enzyme topoI with twist -184.60597 superhelical -0.05229 global twist -184.60597 global supercoiling -0.05229
frame 500 time 125.0 unbinding_event at DNA_topoI 42 enzyme topoI with twist -169.04760 superhelical -0.04637 global twist -170.99240 global supercoiling -0.04944
frame 750 time 187.5 binding_event at gene Raspberry enzyme RNAP with twist -169.04760 superhelical -0.04788 global twist -169.04760 global supercoiling -0.04788
frame 762 time 190.5 binding_event at DNA_topoI 46 enzyme topoI with twist -110.80337 superhelical -0.04195 global twist -169.04760 global supercoiling -0.04814
frame 767 time 191.75 unbinding_event at DNA_topoI 46 enzyme topoI with twist -88.36342 superhelical -0.01172 global twist -159.32363 global supercoiling -0.04632
frame 804 time 201.0 unbinding_event at gene Raspberry enzyme RNAP with twist -157.37883 superhelical -0.10783 global twist -157.37883 global supercoiling -0.04482
frame 984 time 246.0 binding_event at DNA_topoI 45 enzyme topoI with twist -157.37883 superhelical -0.04458 global twist -157.37883 global supercoiling -0.04458
frame 998 time 249.5 unbinding_event at DNA_topoI 45 enzyme topoI with twist -128.20690 superhelical -0.03450 global twist -130.15170 global supercoiling -0.03763
