TORCphysics log file 

General information: 
---------------------------------------------------------------------------------------
Circuit name: Pleu500_30
Size: 6000
Structure: circle
Number of sites: 110
Number of frames: 1000
Simulation time: 250.0
Simulation timestep: 0.25
Seed: 4434596793847926860
 
Overall simulation information 
---------------------------------------------------------------------------------------
Initial twist: -211.83310
Final twist: -94.24778
Initial superhelical density: -0.06000
Final superhelical density: -0.02669
 
Overall rates 
---------------------------------------------------------------------------------------
site type            site name            #binding events      #unbinding events    binding rates        
 DNA_topoI            DNA_topoI_global                      7.0                  7.0                 0.028 
DNA_gyrase           DNA_gyrase_global                     3.0                  3.0                 0.012 
EXT                  EXT                                   0.0                  0.0                   0.0 
gene                 tetA                                  1.0                  1.0                 0.004 
gene                 CDS                                   0.0                  0.0                   0.0 
origin               ori                                   0.0                  0.0                   0.0 
lacOP                lac1                                  0.0                  0.0                   0.0 
gene                 mKalama1                              0.0                  0.0                   0.0 
lacOP                lac2                                  0.0                  0.0                   0.0 
gene                 Raspberry                             0.0                  0.0                   0.0 
 
Events
---------------------------------------------------------------------------------------
frame 34 time 8.5 binding_event at DNA_topoI 13 enzyme topoI with twist -211.83310 superhelical -0.06000 global twist -211.83310 global supercoiling -0.06000
frame 39 time 9.75 binding_event at DNA_topoI 15 enzyme topoI with twist -46.59367 superhelical -0.05546 global twist -202.10913 global supercoiling -0.05843
frame 40 time 10.0 unbinding_event at DNA_topoI 15 enzyme topoI with twist -40.75928 superhelical -0.00648 global twist -198.21954 global supercoiling -0.05852
frame 63 time 15.75 unbinding_event at DNA_topoI 13 enzyme topoI with twist -149.59965 superhelical -0.05011 global twist -151.54445 global supercoiling -0.04381
frame 79 time 19.75 binding_event at DNA_topoI 26 enzyme topoI with twist -149.59965 superhelical -0.04237 global twist -149.59965 global supercoiling -0.04237
frame 88 time 22.0 unbinding_event at DNA_topoI 26 enzyme topoI with twist -130.15170 superhelical 0.21159 global twist -132.09649 global supercoiling -0.03819
frame 212 time 53.0 binding_event at DNA_topoI 10 enzyme topoI with twist -130.15170 superhelical -0.03686 global twist -130.15170 global supercoiling -0.03686
frame 232 time 58.0 unbinding_event at DNA_topoI 10 enzyme topoI with twist -89.31099 superhelical -0.02913 global twist -91.25579 global supercoiling -0.02638
frame 296 time 74.0 binding_event at DNA_topoI 12 enzyme topoI with twist -89.31099 superhelical -0.02530 global twist -89.31099 global supercoiling -0.02530
frame 302 time 75.5 unbinding_event at DNA_topoI 12 enzyme topoI with twist -75.69742 superhelical -0.02315 global twist -77.64222 global supercoiling -0.02245
frame 393 time 98.25 binding_event at DNA_gyrase 33 enzyme gyrase with twist -75.69742 superhelical -0.02144 global twist -75.69742 global supercoiling -0.02144
frame 393 time 98.25 unbinding_event at DNA_gyrase 33 enzyme gyrase with twist -77.04382 superhelical -0.02334 global twist -75.69742 global supercoiling -0.02144
frame 415 time 103.75 binding_event at DNA_topoI 4 enzyme topoI with twist -77.04382 superhelical -0.02182 global twist -77.04382 global supercoiling -0.02182
frame 416 time 104.0 unbinding_event at DNA_topoI 4 enzyme topoI with twist -73.15423 superhelical -0.02129 global twist -75.09902 global supercoiling -0.02171
frame 832 time 208.0 binding_event at DNA_gyrase 26 enzyme gyrase with twist -73.15423 superhelical -0.02072 global twist -73.15423 global supercoiling -0.02072
frame 839 time 209.75 binding_event at DNA_topoI 10 enzyme topoI with twist -77.07416 superhelical -0.02204 global twist -82.57901 global supercoiling -0.02388
frame 841 time 210.25 unbinding_event at DNA_topoI 10 enzyme topoI with twist -73.25936 superhelical -0.02212 global twist -81.38221 global supercoiling -0.02403
frame 841 time 210.25 unbinding_event at DNA_gyrase 26 enzyme gyrase with twist -80.78381 superhelical -0.19647 global twist -81.38221 global supercoiling -0.02403
frame 868 time 217.0 binding_event at gene tetA enzyme RNAP with twist -80.78381 superhelical -0.02288 global twist -80.78381 global supercoiling -0.02288
frame 894 time 223.5 binding_event at DNA_gyrase 25 enzyme gyrase with twist 5.37457 superhelical 0.00344 global twist -80.78381 global supercoiling -0.02301
frame 903 time 225.75 unbinding_event at DNA_gyrase 25 enzyme gyrase with twist 9.86256 superhelical 0.01162 global twist -92.90138 global supercoiling -0.02701
frame 949 time 237.25 unbinding_event at gene tetA enzyme RNAP with twist -94.24778 superhelical -0.07613 global twist -94.24778 global supercoiling -0.02684
