TORCphysics log file 

General information: 
---------------------------------------------------------------------------------------
Circuit name: Pleu500_61
Size: 6000
Structure: circle
Number of sites: 110
Number of frames: 1000
Simulation time: 250.0
Simulation timestep: 0.25
Seed: 4668891294157648113
 
Overall simulation information 
---------------------------------------------------------------------------------------
Initial twist: -211.83310
Final twist: -97.98777
Initial superhelical density: -0.06000
Final superhelical density: -0.02775
 
Overall rates 
---------------------------------------------------------------------------------------
site type            site name            #binding events      #unbinding events    binding rates        
 DNA_topoI            DNA_topoI_global                      8.0                  8.0                 0.032 
DNA_gyrase           DNA_gyrase_global                     1.0                  1.0                 0.004 
EXT                  EXT                                   0.0                  0.0                   0.0 
gene                 tetA                                  2.0                  2.0                 0.008 
gene                 CDS                                   0.0                  0.0                   0.0 
origin               ori                                   0.0                  0.0                   0.0 
lacOP                lac1                                  0.0                  0.0                   0.0 
gene                 mKalama1                              0.0                  0.0                   0.0 
lacOP                lac2                                  0.0                  0.0                   0.0 
gene                 Raspberry                             0.0                  0.0                   0.0 
 
Events
---------------------------------------------------------------------------------------
frame 114 time 28.5 binding_event at DNA_topoI 16 enzyme topoI with twist -211.83310 superhelical -0.06000 global twist -211.83310 global supercoiling -0.06000
frame 128 time 32.0 unbinding_event at DNA_topoI 16 enzyme topoI with twist -182.66117 superhelical -0.05610 global twist -184.60597 global supercoiling -0.05337
frame 165 time 41.25 binding_event at DNA_topoI 38 enzyme topoI with twist -182.66117 superhelical -0.05174 global twist -182.66117 global supercoiling -0.05174
frame 167 time 41.75 unbinding_event at DNA_topoI 38 enzyme topoI with twist -176.82679 superhelical -0.04927 global twist -178.77158 global supercoiling -0.05169
frame 192 time 48.0 binding_event at gene tetA enzyme RNAP with twist -176.82679 superhelical -0.05008 global twist -176.82679 global supercoiling -0.05008
frame 193 time 48.25 binding_event at DNA_topoI 20 enzyme topoI with twist -88.60705 superhelical -0.04961 global twist -176.82679 global supercoiling -0.05036
frame 198 time 49.5 binding_event at DNA_topoI 30 enzyme topoI with twist -97.19572 superhelical -0.05491 global twist -167.10281 global supercoiling -0.04858
frame 205 time 51.25 unbinding_event at DNA_topoI 20 enzyme topoI with twist -39.98716 superhelical -0.02792 global twist -139.87567 global supercoiling -0.04153
frame 212 time 53.0 unbinding_event at DNA_topoI 30 enzyme topoI with twist -94.95172 superhelical 0.00136 global twist -124.31731 global supercoiling -0.03614
frame 235 time 58.75 binding_event at DNA_gyrase 18 enzyme gyrase with twist 12.07352 superhelical 0.00857 global twist -122.37251 global supercoiling -0.03485
frame 252 time 63.0 unbinding_event at DNA_gyrase 18 enzyme gyrase with twist 20.15190 superhelical 0.04020 global twist -145.26126 global supercoiling -0.04223
frame 273 time 68.25 unbinding_event at gene tetA enzyme RNAP with twist -146.60766 superhelical -0.08338 global twist -146.60766 global supercoiling -0.04175
frame 357 time 89.25 binding_event at DNA_topoI 32 enzyme topoI with twist -146.60766 superhelical -0.04153 global twist -146.60766 global supercoiling -0.04153
frame 366 time 91.5 unbinding_event at DNA_topoI 32 enzyme topoI with twist -127.15970 superhelical -0.01762 global twist -129.10450 global supercoiling -0.03733
frame 412 time 103.0 binding_event at DNA_topoI 43 enzyme topoI with twist -127.15970 superhelical -0.03602 global twist -127.15970 global supercoiling -0.03602
frame 413 time 103.25 unbinding_event at DNA_topoI 43 enzyme topoI with twist -123.27011 superhelical -0.03512 global twist -125.21491 global supercoiling -0.03620
frame 529 time 132.25 binding_event at gene tetA enzyme RNAP with twist -123.27011 superhelical -0.03492 global twist -123.27011 global supercoiling -0.03492
frame 610 time 152.5 unbinding_event at gene tetA enzyme RNAP with twist -123.27011 superhelical -0.08460 global twist -123.27011 global supercoiling -0.03511
frame 663 time 165.75 binding_event at DNA_topoI 41 enzyme topoI with twist -123.27011 superhelical -0.03492 global twist -123.27011 global supercoiling -0.03492
frame 673 time 168.25 unbinding_event at DNA_topoI 41 enzyme topoI with twist -101.87736 superhelical -0.02534 global twist -103.82216 global supercoiling -0.03002
frame 972 time 243.0 binding_event at DNA_topoI 34 enzyme topoI with twist -101.87736 superhelical -0.02886 global twist -101.87736 global supercoiling -0.02886
frame 973 time 243.25 unbinding_event at DNA_topoI 34 enzyme topoI with twist -97.98777 superhelical -0.02583 global twist -99.93257 global supercoiling -0.02889
