TORCphysics log file 

General information: 
---------------------------------------------------------------------------------------
Circuit name: Pleu500_11
Size: 6000
Structure: circle
Number of sites: 110
Number of frames: 1000
Simulation time: 250.0
Simulation timestep: 0.25
Seed: 8441152500240397056
 
Overall simulation information 
---------------------------------------------------------------------------------------
Initial twist: -211.83310
Final twist: -104.42056
Initial superhelical density: -0.06000
Final superhelical density: -0.02958
 
Overall rates 
---------------------------------------------------------------------------------------
site type            site name            #binding events      #unbinding events    binding rates        
 DNA_topoI            DNA_topoI_global                      6.0                  6.0                 0.024 
DNA_gyrase           DNA_gyrase_global                     3.0                  3.0                 0.012 
EXT                  EXT                                   0.0                  0.0                   0.0 
gene                 tetA                                  3.0                  3.0                 0.012 
gene                 CDS                                   0.0                  0.0                   0.0 
origin               ori                                   0.0                  0.0                   0.0 
lacOP                lac1                                  0.0                  0.0                   0.0 
gene                 mKalama1                              1.0                  1.0                 0.004 
lacOP                lac2                                  0.0                  0.0                   0.0 
gene                 Raspberry                             0.0                  0.0                   0.0 
 
Events
---------------------------------------------------------------------------------------
frame 78 time 19.5 binding_event at gene tetA enzyme RNAP with twist -211.83310 superhelical -0.06000 global twist -211.83310 global supercoiling -0.06000
frame 106 time 26.5 binding_event at DNA_topoI 27 enzyme topoI with twist -153.79945 superhelical -0.07817 global twist -211.83310 global supercoiling -0.06033
frame 108 time 27.0 unbinding_event at DNA_topoI 27 enzyme topoI with twist -153.35065 superhelical 0.00592 global twist -207.94351 global supercoiling -0.06046
frame 120 time 30.0 binding_event at gene tetA enzyme RNAP with twist -173.09781 superhelical -0.08270 global twist -205.99872 global supercoiling -0.05867
frame 143 time 35.75 binding_event at DNA_topoI 34 enzyme topoI with twist -184.52220 superhelical -0.09597 global twist -205.99872 global supercoiling -0.05899
frame 148 time 37.0 unbinding_event at DNA_topoI 34 enzyme topoI with twist -183.62460 superhelical -0.08881 global twist -196.27474 global supercoiling -0.05738
frame 159 time 39.75 unbinding_event at gene tetA enzyme RNAP with twist 9.04181 superhelical -0.08346 global twist -194.32995 global supercoiling -0.05565
frame 201 time 50.25 unbinding_event at gene tetA enzyme RNAP with twist -194.32995 superhelical -0.11368 global twist -194.32995 global supercoiling -0.05534
frame 276 time 69.0 binding_event at DNA_topoI 25 enzyme topoI with twist -194.32995 superhelical -0.05504 global twist -194.32995 global supercoiling -0.05504
frame 280 time 70.0 unbinding_event at DNA_topoI 25 enzyme topoI with twist -184.60597 superhelical -0.05410 global twist -186.55076 global supercoiling -0.05394
frame 423 time 105.75 binding_event at DNA_topoI 13 enzyme topoI with twist -184.60597 superhelical -0.05229 global twist -184.60597 global supercoiling -0.05229
frame 428 time 107.0 unbinding_event at DNA_topoI 13 enzyme topoI with twist -172.93720 superhelical -0.05115 global twist -174.88199 global supercoiling -0.05056
frame 565 time 141.25 binding_event at DNA_gyrase 47 enzyme gyrase with twist -172.93720 superhelical -0.04898 global twist -172.93720 global supercoiling -0.04898
frame 570 time 142.5 unbinding_event at DNA_gyrase 47 enzyme gyrase with twist -181.01558 superhelical -0.05275 global twist -179.66918 global supercoiling -0.05195
frame 663 time 165.75 binding_event at gene tetA enzyme RNAP with twist -181.01558 superhelical -0.05127 global twist -181.01558 global supercoiling -0.05127
frame 669 time 167.25 binding_event at gene mKalama1 enzyme RNAP with twist -99.24300 superhelical -0.05607 global twist -181.01558 global supercoiling -0.05155
frame 723 time 180.75 unbinding_event at gene mKalama1 enzyme RNAP with twist -197.97877 superhelical 0.40339 global twist -181.01558 global supercoiling -0.05183
frame 744 time 186.0 unbinding_event at gene tetA enzyme RNAP with twist -181.01558 superhelical -0.09611 global twist -181.01558 global supercoiling -0.05155
frame 823 time 205.75 binding_event at DNA_topoI 12 enzyme topoI with twist -181.01558 superhelical -0.05127 global twist -181.01558 global supercoiling -0.05127
frame 854 time 213.5 unbinding_event at DNA_topoI 12 enzyme topoI with twist -118.78212 superhelical -0.04012 global twist -120.72692 global supercoiling -0.03490
frame 887 time 221.75 binding_event at DNA_gyrase 10 enzyme gyrase with twist -118.78212 superhelical -0.03364 global twist -118.78212 global supercoiling -0.03364
frame 893 time 223.25 unbinding_event at DNA_gyrase 10 enzyme gyrase with twist -128.20690 superhelical -0.03630 global twist -126.86050 global supercoiling -0.03668
frame 945 time 236.25 binding_event at DNA_topoI 3 enzyme topoI with twist -128.20690 superhelical -0.03631 global twist -128.20690 global supercoiling -0.03631
frame 959 time 239.75 unbinding_event at DNA_topoI 3 enzyme topoI with twist -99.03497 superhelical -0.02939 global twist -100.97976 global supercoiling -0.02920
frame 964 time 241.0 binding_event at DNA_gyrase 10 enzyme gyrase with twist -99.03497 superhelical -0.02805 global twist -99.03497 global supercoiling -0.02805
frame 967 time 241.75 unbinding_event at DNA_gyrase 10 enzyme gyrase with twist -104.42056 superhelical -0.02975 global twist -103.07416 global supercoiling -0.02980
