TORCphysics log file 

General information: 
---------------------------------------------------------------------------------------
Circuit name: Pleu500_19
Size: 6000
Structure: circle
Number of sites: 110
Number of frames: 1000
Simulation time: 250.0
Simulation timestep: 0.25
Seed: 607185839682388194
 
Overall simulation information 
---------------------------------------------------------------------------------------
Initial twist: -211.83310
Final twist: -115.34133
Initial superhelical density: -0.06000
Final superhelical density: -0.03267
 
Overall rates 
---------------------------------------------------------------------------------------
site type            site name            #binding events      #unbinding events    binding rates        
 DNA_topoI            DNA_topoI_global                      4.0                  4.0                 0.016 
DNA_gyrase           DNA_gyrase_global                     2.0                  2.0                 0.008 
EXT                  EXT                                   0.0                  0.0                   0.0 
gene                 tetA                                  2.0                  2.0                 0.008 
gene                 CDS                                   0.0                  0.0                   0.0 
origin               ori                                   0.0                  0.0                   0.0 
lacOP                lac1                                  0.0                  0.0                   0.0 
gene                 mKalama1                              0.0                  0.0                   0.0 
lacOP                lac2                                  0.0                  0.0                   0.0 
gene                 Raspberry                             0.0                  0.0                   0.0 
 
Events
---------------------------------------------------------------------------------------
frame 77 time 19.25 binding_event at DNA_topoI 7 enzyme topoI with twist -211.83310 superhelical -0.06000 global twist -211.83310 global supercoiling -0.06000
frame 94 time 23.5 unbinding_event at DNA_topoI 7 enzyme topoI with twist -176.82679 superhelical -0.05325 global twist -178.77158 global supercoiling -0.05169
frame 97 time 24.25 binding_event at DNA_topoI 23 enzyme topoI with twist -176.82679 superhelical -0.05008 global twist -176.82679 global supercoiling -0.05008
frame 111 time 27.75 unbinding_event at DNA_topoI 23 enzyme topoI with twist -147.65485 superhelical -0.04675 global twist -149.59965 global supercoiling -0.04325
frame 114 time 28.5 binding_event at DNA_topoI 10 enzyme topoI with twist -147.65485 superhelical -0.04182 global twist -147.65485 global supercoiling -0.04182
frame 118 time 29.5 unbinding_event at DNA_topoI 10 enzyme topoI with twist -137.93088 superhelical -0.04067 global twist -139.87567 global supercoiling -0.04044
frame 138 time 34.5 binding_event at DNA_gyrase 1 enzyme gyrase with twist -137.93088 superhelical -0.03907 global twist -137.93088 global supercoiling -0.03907
frame 138 time 34.5 unbinding_event at DNA_gyrase 1 enzyme gyrase with twist -139.27727 superhelical -0.04026 global twist -137.93088 global supercoiling -0.03907
frame 401 time 100.25 binding_event at gene tetA enzyme RNAP with twist -139.27727 superhelical -0.03945 global twist -139.27727 global supercoiling -0.03945
frame 482 time 120.5 unbinding_event at gene tetA enzyme RNAP with twist -139.27727 superhelical -0.08779 global twist -139.27727 global supercoiling -0.03966
frame 488 time 122.0 binding_event at DNA_topoI 33 enzyme topoI with twist -139.27727 superhelical -0.03945 global twist -139.27727 global supercoiling -0.03945
frame 509 time 127.25 unbinding_event at DNA_topoI 33 enzyme topoI with twist -96.49177 superhelical 0.00580 global twist -98.43657 global supercoiling -0.02846
frame 742 time 185.5 binding_event at DNA_gyrase 9 enzyme gyrase with twist -96.49177 superhelical -0.02733 global twist -96.49177 global supercoiling -0.02733
frame 755 time 188.75 unbinding_event at DNA_gyrase 9 enzyme gyrase with twist -115.34133 superhelical -0.03194 global twist -113.99493 global supercoiling -0.03296
frame 784 time 196.0 binding_event at gene tetA enzyme RNAP with twist -115.34133 superhelical -0.03267 global twist -115.34133 global supercoiling -0.03267
frame 865 time 216.25 unbinding_event at gene tetA enzyme RNAP with twist -115.34133 superhelical -0.08302 global twist -115.34133 global supercoiling -0.03285
