TORCphysics log file 

General information: 
---------------------------------------------------------------------------------------
Circuit name: Pleu500_95
Size: 6000
Structure: circle
Number of sites: 110
Number of frames: 1000
Simulation time: 250.0
Simulation timestep: 0.25
Seed: 9161869443748310318
 
Overall simulation information 
---------------------------------------------------------------------------------------
Initial twist: -211.83310
Final twist: -65.97345
Initial superhelical density: -0.06000
Final superhelical density: -0.01879
 
Overall rates 
---------------------------------------------------------------------------------------
site type            site name            #binding events      #unbinding events    binding rates        
 DNA_topoI            DNA_topoI_global                      6.0                  6.0                 0.024 
DNA_gyrase           DNA_gyrase_global                     0.0                  0.0                   0.0 
EXT                  EXT                                   0.0                  0.0                   0.0 
gene                 tetA                                  4.0                  3.0                 0.016 
gene                 CDS                                   0.0                  0.0                   0.0 
origin               ori                                   0.0                  0.0                   0.0 
lacOP                lac1                                  0.0                  0.0                   0.0 
gene                 mKalama1                              0.0                  0.0                   0.0 
lacOP                lac2                                  0.0                  0.0                   0.0 
gene                 Raspberry                             1.0                  1.0                 0.004 
 
Events
---------------------------------------------------------------------------------------
frame 14 time 3.5 binding_event at DNA_topoI 7 enzyme topoI with twist -211.83310 superhelical -0.06000 global twist -211.83310 global supercoiling -0.06000
frame 14 time 3.5 unbinding_event at DNA_topoI 7 enzyme topoI with twist -209.88831 superhelical -0.06080 global twist -211.83310 global supercoiling -0.06000
frame 208 time 52.0 binding_event at DNA_topoI 20 enzyme topoI with twist -209.88831 superhelical -0.05945 global twist -209.88831 global supercoiling -0.05945
frame 243 time 60.75 unbinding_event at DNA_topoI 20 enzyme topoI with twist -139.87567 superhelical -0.04947 global twist -141.82047 global supercoiling -0.04100
frame 303 time 75.75 binding_event at gene tetA enzyme RNAP with twist -139.87567 superhelical -0.03962 global twist -139.87567 global supercoiling -0.03962
frame 322 time 80.5 binding_event at DNA_topoI 39 enzyme topoI with twist -102.47331 superhelical -0.05431 global twist -139.87567 global supercoiling -0.03983
frame 322 time 80.5 unbinding_event at DNA_topoI 39 enzyme topoI with twist -102.32371 superhelical -0.05537 global twist -139.87567 global supercoiling -0.03983
frame 384 time 96.0 unbinding_event at gene tetA enzyme RNAP with twist -137.93088 superhelical -0.08711 global twist -137.93088 global supercoiling -0.03928
frame 461 time 115.25 binding_event at DNA_topoI 26 enzyme topoI with twist -137.93088 superhelical -0.03907 global twist -137.93088 global supercoiling -0.03907
frame 470 time 117.5 binding_event at DNA_topoI 47 enzyme topoI with twist -127.68512 superhelical -0.03651 global twist -120.42772 global supercoiling -0.03482
frame 473 time 118.25 unbinding_event at DNA_topoI 26 enzyme topoI with twist -34.61056 superhelical 0.29106 global twist -108.75895 global supercoiling -0.03211
frame 485 time 121.25 unbinding_event at DNA_topoI 47 enzyme topoI with twist -81.53181 superhelical -0.01561 global twist -83.47660 global supercoiling -0.02413
frame 630 time 157.5 binding_event at gene tetA enzyme RNAP with twist -81.53181 superhelical -0.02309 global twist -81.53181 global supercoiling -0.02309
frame 711 time 177.75 unbinding_event at gene tetA enzyme RNAP with twist -81.53181 superhelical -0.07628 global twist -81.53181 global supercoiling -0.02322
frame 715 time 178.75 binding_event at gene tetA enzyme RNAP with twist -81.53181 superhelical -0.02309 global twist -81.53181 global supercoiling -0.02309
frame 796 time 199.0 unbinding_event at gene tetA enzyme RNAP with twist -81.53181 superhelical -0.07628 global twist -81.53181 global supercoiling -0.02322
frame 878 time 219.5 binding_event at DNA_topoI 31 enzyme topoI with twist -81.53181 superhelical -0.02309 global twist -81.53181 global supercoiling -0.02309
frame 879 time 219.75 binding_event at gene Raspberry enzyme RNAP with twist -72.99868 superhelical -0.02326 global twist -79.58701 global supercoiling -0.02301
frame 885 time 221.25 unbinding_event at DNA_topoI 31 enzyme topoI with twist -14.19678 superhelical 0.00068 global twist -67.91824 global supercoiling -0.01975
frame 933 time 233.25 unbinding_event at gene Raspberry enzyme RNAP with twist -65.97345 superhelical -0.07991 global twist -65.97345 global supercoiling -0.01879
frame 934 time 233.5 binding_event at gene tetA enzyme RNAP with twist -65.97345 superhelical -0.01869 global twist -65.97345 global supercoiling -0.01869
