TORCphysics log file 

General information: 
---------------------------------------------------------------------------------------
Circuit name: Pleu500_41
Size: 6000
Structure: circle
Number of sites: 110
Number of frames: 1000
Simulation time: 250.0
Simulation timestep: 0.25
Seed: 595314126498072797
 
Overall simulation information 
---------------------------------------------------------------------------------------
Initial twist: -211.83310
Final twist: -131.64769
Initial superhelical density: -0.06000
Final superhelical density: -0.03729
 
Overall rates 
---------------------------------------------------------------------------------------
site type            site name            #binding events      #unbinding events    binding rates        
 DNA_topoI            DNA_topoI_global                     10.0                 10.0                  0.04 
DNA_gyrase           DNA_gyrase_global                     1.0                  1.0                 0.004 
EXT                  EXT                                   0.0                  0.0                   0.0 
gene                 tetA                                  0.0                  0.0                   0.0 
gene                 CDS                                   0.0                  0.0                   0.0 
origin               ori                                   0.0                  0.0                   0.0 
lacOP                lac1                                  0.0                  0.0                   0.0 
gene                 mKalama1                              0.0                  0.0                   0.0 
lacOP                lac2                                  0.0                  0.0                   0.0 
gene                 Raspberry                             0.0                  0.0                   0.0 
 
Events
---------------------------------------------------------------------------------------
frame 47 time 11.75 binding_event at DNA_topoI 40 enzyme topoI with twist -211.83310 superhelical -0.06000 global twist -211.83310 global supercoiling -0.06000
frame 53 time 13.25 unbinding_event at DNA_topoI 40 enzyme topoI with twist -198.21954 superhelical -0.05421 global twist -200.16433 global supercoiling -0.05787
frame 56 time 14.0 binding_event at DNA_topoI 29 enzyme topoI with twist -198.21954 superhelical -0.05614 global twist -198.21954 global supercoiling -0.05614
frame 63 time 15.75 unbinding_event at DNA_topoI 29 enzyme topoI with twist -182.66117 superhelical -0.01339 global twist -184.60597 global supercoiling -0.05337
frame 123 time 30.75 binding_event at DNA_topoI 42 enzyme topoI with twist -182.66117 superhelical -0.05174 global twist -182.66117 global supercoiling -0.05174
frame 128 time 32.0 unbinding_event at DNA_topoI 42 enzyme topoI with twist -170.99240 superhelical -0.04756 global twist -172.93720 global supercoiling -0.05000
frame 299 time 74.75 binding_event at DNA_topoI 47 enzyme topoI with twist -170.99240 superhelical -0.04843 global twist -170.99240 global supercoiling -0.04843
frame 301 time 75.25 unbinding_event at DNA_topoI 47 enzyme topoI with twist -165.15801 superhelical -0.04745 global twist -167.10281 global supercoiling -0.04831
frame 370 time 92.5 binding_event at DNA_topoI 5 enzyme topoI with twist -165.15801 superhelical -0.04678 global twist -165.15801 global supercoiling -0.04678
frame 374 time 93.5 unbinding_event at DNA_topoI 5 enzyme topoI with twist -155.43404 superhelical -0.04537 global twist -157.37883 global supercoiling -0.04550
frame 414 time 103.5 binding_event at DNA_topoI 30 enzyme topoI with twist -155.43404 superhelical -0.04403 global twist -155.43404 global supercoiling -0.04403
frame 418 time 104.5 unbinding_event at DNA_topoI 30 enzyme topoI with twist -145.71006 superhelical -0.02541 global twist -147.65485 global supercoiling -0.04269
frame 454 time 113.5 binding_event at DNA_gyrase 35 enzyme gyrase with twist -145.71006 superhelical -0.04127 global twist -145.71006 global supercoiling -0.04127
frame 460 time 115.0 binding_event at DNA_topoI 6 enzyme topoI with twist -124.13655 superhelical -0.04354 global twist -153.78844 global supercoiling -0.04446
frame 470 time 117.5 unbinding_event at DNA_topoI 6 enzyme topoI with twist -110.14898 superhelical -0.04238 global twist -147.80445 global supercoiling -0.04364
frame 483 time 120.75 unbinding_event at DNA_gyrase 35 enzyme gyrase with twist -164.70921 superhelical -0.07535 global twist -163.36282 global supercoiling -0.04723
frame 777 time 194.25 binding_event at DNA_topoI 23 enzyme topoI with twist -164.70921 superhelical -0.04665 global twist -164.70921 global supercoiling -0.04665
frame 778 time 194.5 unbinding_event at DNA_topoI 23 enzyme topoI with twist -160.81962 superhelical -0.04704 global twist -162.76442 global supercoiling -0.04706
frame 856 time 214.0 binding_event at DNA_topoI 27 enzyme topoI with twist -160.81962 superhelical -0.04555 global twist -160.81962 global supercoiling -0.04555
frame 859 time 214.75 unbinding_event at DNA_topoI 27 enzyme topoI with twist -153.04044 superhelical 0.06957 global twist -154.98524 global supercoiling -0.04481
frame 964 time 241.0 binding_event at DNA_topoI 0 enzyme topoI with twist -153.04044 superhelical -0.04335 global twist -153.04044 global supercoiling -0.04335
frame 974 time 243.5 unbinding_event at DNA_topoI 0 enzyme topoI with twist -131.64769 superhelical -0.03790 global twist -133.59249 global supercoiling -0.03862
