TORCphysics log file 

General information: 
---------------------------------------------------------------------------------------
Circuit name: Pleu500_76
Size: 6000
Structure: circle
Number of sites: 110
Number of frames: 1000
Simulation time: 250.0
Simulation timestep: 0.25
Seed: 2418128283317568279
 
Overall simulation information 
---------------------------------------------------------------------------------------
Initial twist: -211.83310
Final twist: -88.56299
Initial superhelical density: -0.06000
Final superhelical density: -0.02522
 
Overall rates 
---------------------------------------------------------------------------------------
site type            site name            #binding events      #unbinding events    binding rates        
 DNA_topoI            DNA_topoI_global                     12.0                 12.0                 0.048 
DNA_gyrase           DNA_gyrase_global                     6.0                  6.0                 0.024 
EXT                  EXT                                   0.0                  0.0                   0.0 
gene                 tetA                                  7.0                  6.0                 0.028 
gene                 CDS                                   0.0                  0.0                   0.0 
origin               ori                                   0.0                  0.0                   0.0 
lacOP                lac1                                  0.0                  0.0                   0.0 
gene                 mKalama1                              0.0                  0.0                   0.0 
lacOP                lac2                                  0.0                  0.0                   0.0 
gene                 Raspberry                             1.0                  1.0                 0.004 
 
Events
---------------------------------------------------------------------------------------
frame 18 time 4.5 binding_event at DNA_topoI 49 enzyme topoI with twist -211.83310 superhelical -0.06000 global twist -211.83310 global supercoiling -0.06000
frame 19 time 4.75 unbinding_event at DNA_topoI 49 enzyme topoI with twist -207.94351 superhelical -0.06004 global twist -209.88831 global supercoiling -0.06068
frame 85 time 21.25 binding_event at DNA_topoI 44 enzyme topoI with twist -207.94351 superhelical -0.05890 global twist -207.94351 global supercoiling -0.05890
frame 88 time 22.0 unbinding_event at DNA_topoI 44 enzyme topoI with twist -200.16433 superhelical -0.05702 global twist -202.10913 global supercoiling -0.05843
frame 122 time 30.5 binding_event at gene tetA enzyme RNAP with twist -200.16433 superhelical -0.05669 global twist -200.16433 global supercoiling -0.05669
frame 185 time 46.25 binding_event at DNA_gyrase 15 enzyme gyrase with twist 10.76383 superhelical 0.00875 global twist -200.16433 global supercoiling -0.05700
frame 189 time 47.25 unbinding_event at DNA_gyrase 15 enzyme gyrase with twist 13.00783 superhelical 0.02377 global twist -205.54992 global supercoiling -0.05976
frame 203 time 50.75 unbinding_event at gene tetA enzyme RNAP with twist -206.89632 superhelical -0.09992 global twist -206.89632 global supercoiling -0.05892
frame 212 time 53.0 binding_event at gene tetA enzyme RNAP with twist -206.89632 superhelical -0.05860 global twist -206.89632 global supercoiling -0.05860
frame 268 time 67.0 binding_event at DNA_gyrase 11 enzyme gyrase with twist -5.24425 superhelical -0.00406 global twist -206.89632 global supercoiling -0.05892
frame 270 time 67.5 unbinding_event at DNA_gyrase 11 enzyme gyrase with twist -3.89785 superhelical 0.01118 global twist -209.58911 global supercoiling -0.06093
frame 284 time 71.0 binding_event at gene tetA enzyme RNAP with twist -230.37520 superhelical -0.09751 global twist -210.93551 global supercoiling -0.06007
frame 288 time 72.0 binding_event at DNA_topoI 27 enzyme topoI with twist -175.90297 superhelical -0.10039 global twist -210.93551 global supercoiling -0.06040
frame 288 time 72.0 unbinding_event at DNA_topoI 27 enzyme topoI with twist -175.75337 superhelical -0.07567 global twist -210.93551 global supercoiling -0.06040
frame 293 time 73.25 unbinding_event at gene tetA enzyme RNAP with twist -24.26136 superhelical -0.09831 global twist -208.99071 global supercoiling -0.05984
frame 365 time 91.25 unbinding_event at gene tetA enzyme RNAP with twist -208.99071 superhelical -0.12804 global twist -208.99071 global supercoiling -0.05952
frame 403 time 100.75 binding_event at DNA_topoI 22 enzyme topoI with twist -208.99071 superhelical -0.05919 global twist -208.99071 global supercoiling -0.05919
frame 404 time 101.0 unbinding_event at DNA_topoI 22 enzyme topoI with twist -205.10112 superhelical -0.05983 global twist -207.04592 global supercoiling -0.05986
frame 409 time 102.25 binding_event at DNA_topoI 42 enzyme topoI with twist -205.10112 superhelical -0.05809 global twist -205.10112 global supercoiling -0.05809
frame 410 time 102.5 unbinding_event at DNA_topoI 42 enzyme topoI with twist -201.21153 superhelical -0.05755 global twist -203.15632 global supercoiling -0.05874
frame 474 time 118.5 binding_event at DNA_topoI 7 enzyme topoI with twist -201.21153 superhelical -0.05699 global twist -201.21153 global supercoiling -0.05699
frame 475 time 118.75 unbinding_event at DNA_topoI 7 enzyme topoI with twist -197.32194 superhelical -0.05729 global twist -199.26673 global supercoiling -0.05761
frame 480 time 120.0 binding_event at DNA_topoI 26 enzyme topoI with twist -197.32194 superhelical -0.05589 global twist -197.32194 global supercoiling -0.05589
frame 487 time 121.75 unbinding_event at DNA_topoI 26 enzyme topoI with twist -181.76357 superhelical 0.14731 global twist -183.70837 global supercoiling -0.05311
frame 495 time 123.75 binding_event at DNA_topoI 36 enzyme topoI with twist -181.76357 superhelical -0.05148 global twist -181.76357 global supercoiling -0.05148
frame 500 time 125.0 unbinding_event at DNA_topoI 36 enzyme topoI with twist -170.09480 superhelical -0.04397 global twist -172.03960 global supercoiling -0.04974
frame 568 time 142.0 binding_event at DNA_gyrase 29 enzyme gyrase with twist -170.09480 superhelical -0.04818 global twist -170.09480 global supercoiling -0.04818
frame 571 time 142.75 unbinding_event at DNA_gyrase 29 enzyme gyrase with twist -175.48039 superhelical -0.06438 global twist -174.13399 global supercoiling -0.05035
frame 587 time 146.75 binding_event at DNA_topoI 0 enzyme topoI with twist -175.48039 superhelical -0.04970 global twist -175.48039 global supercoiling -0.04970
frame 594 time 148.5 unbinding_event at DNA_topoI 0 enzyme topoI with twist -159.92203 superhelical -0.04612 global twist -161.86682 global supercoiling -0.04680
frame 632 time 158.0 binding_event at DNA_gyrase 35 enzyme gyrase with twist -159.92203 superhelical -0.04530 global twist -159.92203 global supercoiling -0.04530
frame 640 time 160.0 unbinding_event at DNA_gyrase 35 enzyme gyrase with twist -172.03960 superhelical -0.05620 global twist -170.69320 global supercoiling -0.04935
frame 646 time 161.5 binding_event at DNA_topoI 16 enzyme topoI with twist -172.03960 superhelical -0.04873 global twist -172.03960 global supercoiling -0.04873
frame 664 time 166.0 unbinding_event at DNA_topoI 16 enzyme topoI with twist -135.08848 superhelical -0.04322 global twist -137.03328 global supercoiling -0.03962
frame 702 time 175.5 binding_event at gene tetA enzyme RNAP with twist -135.08848 superhelical -0.03826 global twist -135.08848 global supercoiling -0.03826
frame 722 time 180.5 binding_event at DNA_topoI 24 enzyme topoI with twist -33.15973 superhelical -0.02052 global twist -135.08848 global supercoiling -0.03847
frame 736 time 184.0 binding_event at gene tetA enzyme RNAP with twist -127.06150 superhelical -0.06286 global twist -107.86135 global supercoiling -0.03136
frame 736 time 184.0 unbinding_event at DNA_topoI 24 enzyme topoI with twist 22.94014 superhelical 0.00694 global twist -107.86135 global supercoiling -0.03136
frame 748 time 187.0 binding_event at DNA_gyrase 24 enzyme gyrase with twist 42.68730 superhelical 0.03088 global twist -105.91655 global supercoiling -0.03033
frame 752 time 188.0 unbinding_event at DNA_gyrase 24 enzyme gyrase with twist 44.93129 superhelical 0.03839 global twist -111.30214 global supercoiling -0.03254
frame 774 time 193.5 binding_event at DNA_gyrase 10 enzyme gyrase with twist 82.63040 superhelical 0.07192 global twist -112.64854 global supercoiling -0.03226
frame 783 time 195.75 unbinding_event at gene tetA enzyme RNAP with twist 81.50841 superhelical 2.87037 global twist -124.76611 global supercoiling -0.03648
frame 784 time 196.0 unbinding_event at DNA_gyrase 10 enzyme gyrase with twist 69.41555 superhelical -0.05009 global twist -126.11251 global supercoiling -0.03666
frame 795 time 198.75 binding_event at DNA_topoI 36 enzyme topoI with twist -214.82641 superhelical -0.09566 global twist -127.45890 global supercoiling -0.03630
frame 814 time 203.5 unbinding_event at DNA_topoI 36 enzyme topoI with twist -211.83442 superhelical -0.07021 global twist -90.50779 global supercoiling -0.02631
frame 817 time 204.25 unbinding_event at gene tetA enzyme RNAP with twist -88.56299 superhelical -0.08858 global twist -88.56299 global supercoiling -0.02522
frame 823 time 205.75 binding_event at gene tetA enzyme RNAP with twist -88.56299 superhelical -0.02508 global twist -88.56299 global supercoiling -0.02508
frame 895 time 223.75 binding_event at gene Raspberry enzyme RNAP with twist -172.53949 superhelical -0.07303 global twist -88.56299 global supercoiling -0.02522
frame 904 time 226.0 unbinding_event at gene tetA enzyme RNAP with twist -14.47842 superhelical -0.07363 global twist -88.56299 global supercoiling -0.02536
frame 949 time 237.25 unbinding_event at gene Raspberry enzyme RNAP with twist -88.56299 superhelical -0.12330 global twist -88.56299 global supercoiling -0.02522
frame 964 time 241.0 binding_event at gene tetA enzyme RNAP with twist -88.56299 superhelical -0.02508 global twist -88.56299 global supercoiling -0.02508
