TORCphysics log file 

General information: 
---------------------------------------------------------------------------------------
Circuit name: Pleu500_58
Size: 6000
Structure: circle
Number of sites: 110
Number of frames: 1000
Simulation time: 250.0
Simulation timestep: 0.25
Seed: 3618623431804308212
 
Overall simulation information 
---------------------------------------------------------------------------------------
Initial twist: -211.83310
Final twist: -10.92077
Initial superhelical density: -0.06000
Final superhelical density: -0.00309
 
Overall rates 
---------------------------------------------------------------------------------------
site type            site name            #binding events      #unbinding events    binding rates        
 DNA_topoI            DNA_topoI_global                      7.0                  7.0                 0.028 
DNA_gyrase           DNA_gyrase_global                     4.0                  4.0                 0.016 
EXT                  EXT                                   0.0                  0.0                   0.0 
gene                 tetA                                  6.0                  6.0                 0.024 
gene                 CDS                                   0.0                  0.0                   0.0 
origin               ori                                   0.0                  0.0                   0.0 
lacOP                lac1                                  0.0                  0.0                   0.0 
gene                 mKalama1                              0.0                  0.0                   0.0 
lacOP                lac2                                  0.0                  0.0                   0.0 
gene                 Raspberry                             0.0                  0.0                   0.0 
 
Events
---------------------------------------------------------------------------------------
frame 48 time 12.0 binding_event at DNA_topoI 49 enzyme topoI with twist -211.83310 superhelical -0.06000 global twist -211.83310 global supercoiling -0.06000
frame 58 time 14.5 unbinding_event at DNA_topoI 49 enzyme topoI with twist -190.44035 superhelical -0.05462 global twist -192.38515 global supercoiling -0.05562
frame 76 time 19.0 binding_event at DNA_topoI 24 enzyme topoI with twist -190.44035 superhelical -0.05394 global twist -190.44035 global supercoiling -0.05394
frame 110 time 27.5 unbinding_event at DNA_topoI 24 enzyme topoI with twist -122.37251 superhelical -0.04508 global twist -124.31731 global supercoiling -0.03594
frame 129 time 32.25 binding_event at DNA_topoI 34 enzyme topoI with twist -122.37251 superhelical -0.03466 global twist -122.37251 global supercoiling -0.03466
frame 142 time 35.5 unbinding_event at DNA_topoI 34 enzyme topoI with twist -95.14538 superhelical -0.00999 global twist -97.09017 global supercoiling -0.02807
frame 207 time 51.75 binding_event at gene tetA enzyme RNAP with twist -95.14538 superhelical -0.02695 global twist -95.14538 global supercoiling -0.02695
frame 232 time 58.0 binding_event at gene tetA enzyme RNAP with twist -91.38244 superhelical -0.04709 global twist -95.14538 global supercoiling -0.02710
frame 245 time 61.25 binding_event at DNA_topoI 2 enzyme topoI with twist -104.95849 superhelical -0.05726 global twist -95.14538 global supercoiling -0.02724
frame 251 time 62.75 unbinding_event at DNA_topoI 2 enzyme topoI with twist -103.91129 superhelical -0.05163 global twist -83.47660 global supercoiling -0.02441
frame 273 time 68.25 binding_event at DNA_topoI 32 enzyme topoI with twist -141.61040 superhelical -0.06794 global twist -81.53181 global supercoiling -0.02335
frame 288 time 72.0 unbinding_event at gene tetA enzyme RNAP with twist 88.80172 superhelical -0.04756 global twist -52.35988 global supercoiling -0.01531
frame 292 time 73.0 unbinding_event at DNA_topoI 32 enzyme topoI with twist -138.61841 superhelical -0.02083 global twist -44.58070 global supercoiling -0.01296
frame 307 time 76.75 binding_event at DNA_gyrase 18 enzyme gyrase with twist 121.11525 superhelical 0.10795 global twist -42.63590 global supercoiling -0.01214
frame 310 time 77.5 unbinding_event at DNA_gyrase 18 enzyme gyrase with twist 122.91044 superhelical 0.13151 global twist -46.67509 global supercoiling -0.01357
frame 313 time 78.25 unbinding_event at gene tetA enzyme RNAP with twist -48.02149 superhelical -0.07190 global twist -48.02149 global supercoiling -0.01368
frame 354 time 88.5 binding_event at DNA_gyrase 29 enzyme gyrase with twist -48.02149 superhelical -0.01360 global twist -48.02149 global supercoiling -0.01360
frame 359 time 89.75 unbinding_event at DNA_gyrase 29 enzyme gyrase with twist -56.09987 superhelical -0.03669 global twist -54.75347 global supercoiling -0.01583
frame 371 time 92.75 binding_event at gene tetA enzyme RNAP with twist -56.09987 superhelical -0.01589 global twist -56.09987 global supercoiling -0.01589
frame 422 time 105.5 binding_event at DNA_topoI 32 enzyme topoI with twist -118.97394 superhelical -0.05473 global twist -56.09987 global supercoiling -0.01598
frame 426 time 106.5 binding_event at gene tetA enzyme RNAP with twist -100.04854 superhelical -0.05732 global twist -48.32069 global supercoiling -0.01405
frame 428 time 107.0 unbinding_event at DNA_topoI 32 enzyme topoI with twist -90.42640 superhelical -0.03926 global twist -44.43110 global supercoiling -0.01299
frame 452 time 113.0 unbinding_event at gene tetA enzyme RNAP with twist 91.02480 superhelical -0.05795 global twist -42.48630 global supercoiling -0.01217
frame 481 time 120.25 binding_event at DNA_topoI 30 enzyme topoI with twist -183.77658 superhelical -0.08316 global twist -42.48630 global supercoiling -0.01210
frame 507 time 126.75 unbinding_event at gene tetA enzyme RNAP with twist 5.16532 superhelical -0.08660 global twist 8.07838 global supercoiling 0.00235
frame 526 time 131.5 unbinding_event at DNA_topoI 30 enzyme topoI with twist 46.97429 superhelical 0.09373 global twist 45.02949 global supercoiling 0.01302
frame 582 time 145.5 binding_event at gene tetA enzyme RNAP with twist 46.97429 superhelical 0.01331 global twist 46.97429 global supercoiling 0.01331
frame 594 time 148.5 binding_event at gene tetA enzyme RNAP with twist 1.41645 superhelical 0.00078 global twist 46.97429 global supercoiling 0.01338
frame 663 time 165.75 unbinding_event at gene tetA enzyme RNAP with twist 171.29105 superhelical 0.00078 global twist 46.97429 global supercoiling 0.01345
frame 675 time 168.75 unbinding_event at gene tetA enzyme RNAP with twist 46.97429 superhelical -0.05948 global twist 46.97429 global supercoiling 0.01338
frame 717 time 179.25 binding_event at DNA_gyrase 28 enzyme gyrase with twist 46.97429 superhelical 0.01331 global twist 46.97429 global supercoiling 0.01331
frame 735 time 183.75 unbinding_event at DNA_gyrase 28 enzyme gyrase with twist 21.39275 superhelical -0.10787 global twist 22.73915 global supercoiling 0.00657
frame 776 time 194.0 binding_event at DNA_gyrase 35 enzyme gyrase with twist 21.39275 superhelical 0.00606 global twist 21.39275 global supercoiling 0.00606
frame 799 time 199.75 unbinding_event at DNA_gyrase 35 enzyme gyrase with twist -10.92077 superhelical -0.02039 global twist -9.57438 global supercoiling -0.00277
