TORCphysics log file 

General information: 
---------------------------------------------------------------------------------------
Circuit name: Pleu500_65
Size: 6000
Structure: circle
Number of sites: 110
Number of frames: 1000
Simulation time: 250.0
Simulation timestep: 0.25
Seed: 7119781866897726125
 
Overall simulation information 
---------------------------------------------------------------------------------------
Initial twist: -211.83310
Final twist: -62.53265
Initial superhelical density: -0.06000
Final superhelical density: -0.01771
 
Overall rates 
---------------------------------------------------------------------------------------
site type            site name            #binding events      #unbinding events    binding rates        
 DNA_topoI            DNA_topoI_global                     10.0                 10.0                  0.04 
DNA_gyrase           DNA_gyrase_global                     3.0                  3.0                 0.012 
EXT                  EXT                                   0.0                  0.0                   0.0 
gene                 tetA                                  4.0                  4.0                 0.016 
gene                 CDS                                   0.0                  0.0                   0.0 
origin               ori                                   0.0                  0.0                   0.0 
lacOP                lac1                                  0.0                  0.0                   0.0 
gene                 mKalama1                              0.0                  0.0                   0.0 
lacOP                lac2                                  0.0                  0.0                   0.0 
gene                 Raspberry                             0.0                  0.0                   0.0 
 
Events
---------------------------------------------------------------------------------------
frame 41 time 10.25 binding_event at DNA_topoI 42 enzyme topoI with twist -211.83310 superhelical -0.06000 global twist -211.83310 global supercoiling -0.06000
frame 41 time 10.25 unbinding_event at DNA_topoI 42 enzyme topoI with twist -209.88831 superhelical -0.06037 global twist -211.83310 global supercoiling -0.06000
frame 101 time 25.25 binding_event at DNA_topoI 18 enzyme topoI with twist -209.88831 superhelical -0.05945 global twist -209.88831 global supercoiling -0.05945
frame 153 time 38.25 unbinding_event at DNA_topoI 18 enzyme topoI with twist -106.81415 superhelical -0.04338 global twist -108.75895 global supercoiling -0.03144
frame 245 time 61.25 binding_event at gene tetA enzyme RNAP with twist -106.81415 superhelical -0.03025 global twist -106.81415 global supercoiling -0.03025
frame 306 time 76.5 binding_event at DNA_topoI 39 enzyme topoI with twist -161.71263 superhelical -0.07144 global twist -106.81415 global supercoiling -0.03042
frame 308 time 77.0 binding_event at DNA_topoI 29 enzyme topoI with twist -64.10000 superhelical -0.07160 global twist -102.92456 global supercoiling -0.02992
frame 309 time 77.25 unbinding_event at DNA_topoI 29 enzyme topoI with twist -58.26562 superhelical -0.06687 global twist -99.03497 global supercoiling -0.02941
frame 314 time 78.5 binding_event at gene tetA enzyme RNAP with twist -102.25022 superhelical -0.07471 global twist -87.36620 global supercoiling -0.02540
frame 315 time 78.75 unbinding_event at DNA_topoI 39 enzyme topoI with twist -110.84724 superhelical -0.05857 global twist -85.42140 global supercoiling -0.02497
frame 326 time 81.5 unbinding_event at gene tetA enzyme RNAP with twist 47.11779 superhelical -0.07578 global twist -83.47660 global supercoiling -0.02390
frame 330 time 82.5 binding_event at DNA_gyrase 6 enzyme gyrase with twist 52.50337 superhelical 0.03179 global twist -83.47660 global supercoiling -0.02377
frame 331 time 82.75 binding_event at DNA_topoI 34 enzyme topoI with twist -137.77517 superhelical -0.07372 global twist -84.82300 global supercoiling -0.02466
frame 337 time 84.25 unbinding_event at DNA_topoI 34 enzyme topoI with twist -136.72798 superhelical -0.06397 global twist -81.23261 global supercoiling -0.02412
frame 346 time 86.5 unbinding_event at DNA_gyrase 6 enzyme gyrase with twist 60.13296 superhelical 0.31940 global twist -91.40539 global supercoiling -0.02657
frame 395 time 98.75 unbinding_event at gene tetA enzyme RNAP with twist -92.75178 superhelical -0.09822 global twist -92.75178 global supercoiling -0.02641
frame 418 time 104.5 binding_event at gene tetA enzyme RNAP with twist -92.75178 superhelical -0.02627 global twist -92.75178 global supercoiling -0.02627
frame 499 time 124.75 unbinding_event at gene tetA enzyme RNAP with twist -92.75178 superhelical -0.07852 global twist -92.75178 global supercoiling -0.02641
frame 583 time 145.75 binding_event at DNA_topoI 31 enzyme topoI with twist -92.75178 superhelical -0.02627 global twist -92.75178 global supercoiling -0.02627
frame 586 time 146.5 unbinding_event at DNA_topoI 31 enzyme topoI with twist -84.97260 superhelical -0.01469 global twist -86.91740 global supercoiling -0.02513
frame 663 time 165.75 binding_event at gene tetA enzyme RNAP with twist -84.97260 superhelical -0.02407 global twist -84.97260 global supercoiling -0.02407
frame 699 time 174.75 binding_event at DNA_topoI 43 enzyme topoI with twist -106.15762 superhelical -0.05205 global twist -84.97260 global supercoiling -0.02420
frame 700 time 175.0 unbinding_event at DNA_topoI 43 enzyme topoI with twist -105.85843 superhelical -0.05231 global twist -83.02781 global supercoiling -0.02414
frame 706 time 176.5 binding_event at DNA_gyrase 49 enzyme gyrase with twist -114.83440 superhelical -0.05463 global twist -81.08301 global supercoiling -0.02309
frame 717 time 179.25 unbinding_event at DNA_gyrase 49 enzyme gyrase with twist -152.53352 superhelical -0.06157 global twist -95.89338 global supercoiling -0.02788
frame 744 time 186.0 unbinding_event at gene tetA enzyme RNAP with twist -97.23977 superhelical -0.08197 global twist -97.23977 global supercoiling -0.02769
frame 786 time 196.5 binding_event at DNA_topoI 35 enzyme topoI with twist -97.23977 superhelical -0.02754 global twist -97.23977 global supercoiling -0.02754
frame 795 time 198.75 unbinding_event at DNA_topoI 35 enzyme topoI with twist -77.79182 superhelical -0.01212 global twist -79.73661 global supercoiling -0.02305
frame 819 time 204.75 binding_event at DNA_topoI 46 enzyme topoI with twist -77.79182 superhelical -0.02203 global twist -77.79182 global supercoiling -0.02203
frame 820 time 205.0 unbinding_event at DNA_topoI 46 enzyme topoI with twist -73.90223 superhelical -0.02110 global twist -75.84702 global supercoiling -0.02193
frame 839 time 209.75 binding_event at DNA_gyrase 37 enzyme gyrase with twist -73.90223 superhelical -0.02093 global twist -73.90223 global supercoiling -0.02093
frame 844 time 211.0 unbinding_event at DNA_gyrase 37 enzyme gyrase with twist -81.98061 superhelical -0.02674 global twist -80.63421 global supercoiling -0.02331
frame 930 time 232.5 binding_event at DNA_topoI 40 enzyme topoI with twist -81.98061 superhelical -0.02322 global twist -81.98061 global supercoiling -0.02322
frame 939 time 234.75 unbinding_event at DNA_topoI 40 enzyme topoI with twist -62.53265 superhelical -0.01365 global twist -64.47745 global supercoiling -0.01864
