TORCphysics log file 

General information: 
---------------------------------------------------------------------------------------
Circuit name: Pleu500_46
Size: 6000
Structure: circle
Number of sites: 110
Number of frames: 1000
Simulation time: 250.0
Simulation timestep: 0.25
Seed: 7865465174122441865
 
Overall simulation information 
---------------------------------------------------------------------------------------
Initial twist: -211.83310
Final twist: -77.64222
Initial superhelical density: -0.06000
Final superhelical density: -0.02199
 
Overall rates 
---------------------------------------------------------------------------------------
site type            site name            #binding events      #unbinding events    binding rates        
 DNA_topoI            DNA_topoI_global                      8.0                  8.0                 0.032 
DNA_gyrase           DNA_gyrase_global                     2.0                  2.0                 0.008 
EXT                  EXT                                   0.0                  0.0                   0.0 
gene                 tetA                                  1.0                  1.0                 0.004 
gene                 CDS                                   0.0                  0.0                   0.0 
origin               ori                                   0.0                  0.0                   0.0 
lacOP                lac1                                  0.0                  0.0                   0.0 
gene                 mKalama1                              0.0                  0.0                   0.0 
lacOP                lac2                                  0.0                  0.0                   0.0 
gene                 Raspberry                             0.0                  0.0                   0.0 
 
Events
---------------------------------------------------------------------------------------
frame 1 time 0.25 binding_event at DNA_topoI 48 enzyme topoI with twist -211.83310 superhelical -0.06000 global twist -211.83310 global supercoiling -0.06000
frame 4 time 1.0 unbinding_event at DNA_topoI 48 enzyme topoI with twist -204.05392 superhelical -0.05872 global twist -205.99872 global supercoiling -0.05956
frame 52 time 13.0 binding_event at DNA_topoI 2 enzyme topoI with twist -204.05392 superhelical -0.05780 global twist -204.05392 global supercoiling -0.05780
frame 82 time 20.5 unbinding_event at DNA_topoI 2 enzyme topoI with twist -143.76526 superhelical -0.04251 global twist -145.71006 global supercoiling -0.04213
frame 247 time 61.75 binding_event at DNA_topoI 14 enzyme topoI with twist -143.76526 superhelical -0.04072 global twist -143.76526 global supercoiling -0.04072
frame 249 time 62.25 unbinding_event at DNA_topoI 14 enzyme topoI with twist -137.93088 superhelical -0.04048 global twist -139.87567 global supercoiling -0.04044
frame 257 time 64.25 binding_event at DNA_topoI 8 enzyme topoI with twist -137.93088 superhelical -0.03907 global twist -137.93088 global supercoiling -0.03907
frame 258 time 64.5 unbinding_event at DNA_topoI 8 enzyme topoI with twist -134.04129 superhelical -0.03902 global twist -135.98608 global supercoiling -0.03932
frame 426 time 106.5 binding_event at DNA_topoI 2 enzyme topoI with twist -134.04129 superhelical -0.03797 global twist -134.04129 global supercoiling -0.03797
frame 431 time 107.75 unbinding_event at DNA_topoI 2 enzyme topoI with twist -122.37251 superhelical -0.03556 global twist -124.31731 global supercoiling -0.03594
frame 536 time 134.0 binding_event at DNA_topoI 9 enzyme topoI with twist -122.37251 superhelical -0.03466 global twist -122.37251 global supercoiling -0.03466
frame 537 time 134.25 binding_event at DNA_topoI 42 enzyme topoI with twist -81.51260 superhelical -0.03496 global twist -120.42772 global supercoiling -0.03482
frame 538 time 134.5 binding_event at gene tetA enzyme RNAP with twist -39.50229 superhelical -0.03438 global twist -116.53813 global supercoiling -0.03441
frame 553 time 138.25 unbinding_event at DNA_topoI 42 enzyme topoI with twist -55.36268 superhelical -0.02119 global twist -58.19426 global supercoiling -0.01728
frame 555 time 138.75 unbinding_event at DNA_topoI 9 enzyme topoI with twist 8.53799 superhelical 0.06670 global twist -52.35988 global supercoiling -0.01522
frame 563 time 140.75 binding_event at DNA_gyrase 14 enzyme gyrase with twist 21.10436 superhelical 0.01344 global twist -50.41508 global supercoiling -0.01436
frame 572 time 143.0 unbinding_event at DNA_gyrase 14 enzyme gyrase with twist 25.59235 superhelical 0.03356 global twist -62.53265 global supercoiling -0.01818
frame 619 time 154.75 unbinding_event at gene tetA enzyme RNAP with twist -63.87905 superhelical -0.07089 global twist -63.87905 global supercoiling -0.01819
frame 624 time 156.0 binding_event at DNA_gyrase 46 enzyme gyrase with twist -63.87905 superhelical -0.01809 global twist -63.87905 global supercoiling -0.01809
frame 652 time 163.0 unbinding_event at DNA_gyrase 46 enzyme gyrase with twist -102.92456 superhelical -0.03244 global twist -101.57816 global supercoiling -0.02937
frame 864 time 216.0 binding_event at DNA_topoI 2 enzyme topoI with twist -102.92456 superhelical -0.02915 global twist -102.92456 global supercoiling -0.02915
frame 876 time 219.0 unbinding_event at DNA_topoI 2 enzyme topoI with twist -77.64222 superhelical -0.02285 global twist -79.58701 global supercoiling -0.02301
