TORCphysics log file 

General information: 
---------------------------------------------------------------------------------------
Circuit name: Pleu500_8
Size: 6000
Structure: circle
Number of sites: 110
Number of frames: 1000
Simulation time: 250.0
Simulation timestep: 0.25
Seed: 8729988302208679033
 
Overall simulation information 
---------------------------------------------------------------------------------------
Initial twist: -211.83310
Final twist: -144.06446
Initial superhelical density: -0.06000
Final superhelical density: -0.04081
 
Overall rates 
---------------------------------------------------------------------------------------
site type            site name            #binding events      #unbinding events    binding rates        
 DNA_topoI            DNA_topoI_global                     11.0                 11.0                 0.044 
DNA_gyrase           DNA_gyrase_global                     4.0                  4.0                 0.016 
EXT                  EXT                                   0.0                  0.0                   0.0 
gene                 tetA                                  6.0                  6.0                 0.024 
gene                 CDS                                   0.0                  0.0                   0.0 
origin               ori                                   0.0                  0.0                   0.0 
lacOP                lac1                                  0.0                  0.0                   0.0 
gene                 mKalama1                              0.0                  0.0                   0.0 
lacOP                lac2                                  0.0                  0.0                   0.0 
gene                 Raspberry                             1.0                  1.0                 0.004 
 
Events
---------------------------------------------------------------------------------------
frame 17 time 4.25 binding_event at gene Raspberry enzyme RNAP with twist -211.83310 superhelical -0.06000 global twist -211.83310 global supercoiling -0.06000
frame 71 time 17.75 unbinding_event at gene Raspberry enzyme RNAP with twist -211.83310 superhelical -0.11522 global twist -211.83310 global supercoiling -0.06033
frame 189 time 47.25 binding_event at gene tetA enzyme RNAP with twist -211.83310 superhelical -0.06000 global twist -211.83310 global supercoiling -0.06000
frame 207 time 51.75 binding_event at DNA_gyrase 18 enzyme gyrase with twist -75.98561 superhelical -0.04651 global twist -211.83310 global supercoiling -0.06033
frame 221 time 55.25 unbinding_event at DNA_gyrase 18 enzyme gyrase with twist -69.25362 superhelical -0.03779 global twist -230.68266 global supercoiling -0.06707
frame 225 time 56.25 binding_event at DNA_topoI 24 enzyme topoI with twist -63.86804 superhelical -0.04339 global twist -232.02906 global supercoiling -0.06608
frame 226 time 56.5 unbinding_event at DNA_topoI 24 enzyme topoI with twist -56.38805 superhelical -0.04207 global twist -230.08426 global supercoiling -0.06689
frame 270 time 67.5 unbinding_event at gene tetA enzyme RNAP with twist -228.13947 superhelical -0.10225 global twist -228.13947 global supercoiling -0.06497
frame 282 time 70.5 binding_event at DNA_topoI 29 enzyme topoI with twist -228.13947 superhelical -0.06462 global twist -228.13947 global supercoiling -0.06462
frame 282 time 70.5 unbinding_event at DNA_topoI 29 enzyme topoI with twist -226.19467 superhelical -0.06047 global twist -228.13947 global supercoiling -0.06462
frame 283 time 70.75 binding_event at DNA_topoI 2 enzyme topoI with twist -226.19467 superhelical -0.06407 global twist -226.19467 global supercoiling -0.06407
frame 291 time 72.75 unbinding_event at DNA_topoI 2 enzyme topoI with twist -208.69151 superhelical -0.06061 global twist -210.63631 global supercoiling -0.06090
frame 328 time 82.0 binding_event at gene tetA enzyme RNAP with twist -208.69151 superhelical -0.05911 global twist -208.69151 global supercoiling -0.05911
frame 357 time 89.25 binding_event at DNA_topoI 0 enzyme topoI with twist -154.05919 superhelical -0.07795 global twist -208.69151 global supercoiling -0.05943
frame 367 time 91.75 unbinding_event at DNA_topoI 0 enzyme topoI with twist -152.41359 superhelical -0.07454 global twist -189.24356 global supercoiling -0.05502
frame 409 time 102.25 unbinding_event at gene tetA enzyme RNAP with twist -187.29876 superhelical -0.09290 global twist -187.29876 global supercoiling -0.05334
frame 424 time 106.0 binding_event at gene tetA enzyme RNAP with twist -187.29876 superhelical -0.05305 global twist -187.29876 global supercoiling -0.05305
frame 461 time 115.25 binding_event at gene tetA enzyme RNAP with twist -157.96499 superhelical -0.07712 global twist -187.29876 global supercoiling -0.05334
frame 488 time 122.0 binding_event at DNA_topoI 25 enzyme topoI with twist 19.13652 superhelical 0.01568 global twist -187.29876 global supercoiling -0.05363
frame 490 time 122.5 unbinding_event at DNA_topoI 25 enzyme topoI with twist 30.35649 superhelical 0.02369 global twist -183.40917 global supercoiling -0.05362
frame 491 time 122.75 binding_event at DNA_gyrase 21 enzyme gyrase with twist 30.35649 superhelical 0.02543 global twist -181.46438 global supercoiling -0.05196
frame 493 time 123.25 unbinding_event at DNA_gyrase 21 enzyme gyrase with twist 31.70289 superhelical 0.03199 global twist -184.15717 global supercoiling -0.05384
frame 505 time 126.25 unbinding_event at gene tetA enzyme RNAP with twist 28.88201 superhelical -0.07785 global twist -185.50357 global supercoiling -0.05312
frame 542 time 135.5 unbinding_event at gene tetA enzyme RNAP with twist -185.50357 superhelical -0.11451 global twist -185.50357 global supercoiling -0.05283
frame 566 time 141.5 binding_event at DNA_topoI 25 enzyme topoI with twist -185.50357 superhelical -0.05254 global twist -185.50357 global supercoiling -0.05254
frame 566 time 141.5 unbinding_event at DNA_topoI 25 enzyme topoI with twist -183.55877 superhelical -0.05269 global twist -185.50357 global supercoiling -0.05254
frame 586 time 146.5 binding_event at gene tetA enzyme RNAP with twist -183.55877 superhelical -0.05199 global twist -183.55877 global supercoiling -0.05199
frame 645 time 161.25 binding_event at DNA_topoI 28 enzyme topoI with twist -195.63137 superhelical -0.08711 global twist -183.55877 global supercoiling -0.05228
frame 648 time 162.0 unbinding_event at DNA_topoI 28 enzyme topoI with twist -195.03297 superhelical -0.05306 global twist -177.72438 global supercoiling -0.05167
frame 658 time 164.5 binding_event at DNA_topoI 6 enzyme topoI with twist -211.18973 superhelical -0.08939 global twist -175.77959 global supercoiling -0.05006
frame 658 time 164.5 unbinding_event at DNA_topoI 6 enzyme topoI with twist -211.04013 superhelical -0.09174 global twist -175.77959 global supercoiling -0.05006
frame 667 time 166.75 unbinding_event at gene tetA enzyme RNAP with twist -173.83479 superhelical -0.09265 global twist -173.83479 global supercoiling -0.04951
frame 720 time 180.0 binding_event at gene tetA enzyme RNAP with twist -173.83479 superhelical -0.04924 global twist -173.83479 global supercoiling -0.04924
frame 796 time 199.0 binding_event at DNA_topoI 49 enzyme topoI with twist -221.39708 superhelical -0.09231 global twist -173.83479 global supercoiling -0.04951
frame 801 time 200.25 unbinding_event at gene tetA enzyme RNAP with twist -14.48021 superhelical -0.09491 global twist -164.11082 global supercoiling -0.04771
frame 805 time 201.25 unbinding_event at DNA_topoI 49 enzyme topoI with twist -154.38684 superhelical -0.08913 global twist -156.33163 global supercoiling -0.04520
frame 816 time 204.0 binding_event at DNA_topoI 40 enzyme topoI with twist -154.38684 superhelical -0.04373 global twist -154.38684 global supercoiling -0.04373
frame 821 time 205.25 unbinding_event at DNA_topoI 40 enzyme topoI with twist -142.71807 superhelical -0.03860 global twist -144.66286 global supercoiling -0.04183
frame 845 time 211.25 binding_event at DNA_gyrase 22 enzyme gyrase with twist -142.71807 superhelical -0.04042 global twist -142.71807 global supercoiling -0.04042
frame 854 time 213.5 unbinding_event at DNA_gyrase 22 enzyme gyrase with twist -156.18203 superhelical -0.04332 global twist -154.83564 global supercoiling -0.04477
frame 860 time 215.0 binding_event at DNA_topoI 40 enzyme topoI with twist -156.18203 superhelical -0.04424 global twist -156.18203 global supercoiling -0.04424
frame 868 time 217.0 unbinding_event at DNA_topoI 40 enzyme topoI with twist -138.67888 superhelical -0.03611 global twist -140.62367 global supercoiling -0.04066
frame 966 time 241.5 binding_event at DNA_gyrase 28 enzyme gyrase with twist -138.67888 superhelical -0.03928 global twist -138.67888 global supercoiling -0.03928
frame 969 time 242.25 unbinding_event at DNA_gyrase 28 enzyme gyrase with twist -144.06446 superhelical -0.06566 global twist -142.71807 global supercoiling -0.04126
