TORCphysics log file 

General information: 
---------------------------------------------------------------------------------------
Circuit name: Pleu500_35
Size: 6000
Structure: circle
Number of sites: 110
Number of frames: 1000
Simulation time: 250.0
Simulation timestep: 0.25
Seed: 8377309292508467905
 
Overall simulation information 
---------------------------------------------------------------------------------------
Initial twist: -211.83310
Final twist: -104.86935
Initial superhelical density: -0.06000
Final superhelical density: -0.02970
 
Overall rates 
---------------------------------------------------------------------------------------
site type            site name            #binding events      #unbinding events    binding rates        
 DNA_topoI            DNA_topoI_global                      6.0                  6.0                 0.024 
DNA_gyrase           DNA_gyrase_global                     0.0                  0.0                   0.0 
EXT                  EXT                                   0.0                  0.0                   0.0 
gene                 tetA                                  3.0                  3.0                 0.012 
gene                 CDS                                   0.0                  0.0                   0.0 
origin               ori                                   0.0                  0.0                   0.0 
lacOP                lac1                                  0.0                  0.0                   0.0 
gene                 mKalama1                              0.0                  0.0                   0.0 
lacOP                lac2                                  0.0                  0.0                   0.0 
gene                 Raspberry                             0.0                  0.0                   0.0 
 
Events
---------------------------------------------------------------------------------------
frame 253 time 63.25 binding_event at DNA_topoI 8 enzyme topoI with twist -211.83310 superhelical -0.06000 global twist -211.83310 global supercoiling -0.06000
frame 258 time 64.5 unbinding_event at DNA_topoI 8 enzyme topoI with twist -200.16433 superhelical -0.05866 global twist -202.10913 global supercoiling -0.05843
frame 313 time 78.25 binding_event at gene tetA enzyme RNAP with twist -200.16433 superhelical -0.05669 global twist -200.16433 global supercoiling -0.05669
frame 331 time 82.75 binding_event at DNA_topoI 27 enzyme topoI with twist -130.14435 superhelical -0.06931 global twist -200.16433 global supercoiling -0.05700
frame 332 time 83.0 unbinding_event at DNA_topoI 27 enzyme topoI with twist -129.84515 superhelical -0.01403 global twist -198.21954 global supercoiling -0.05763
frame 340 time 85.0 binding_event at DNA_topoI 43 enzyme topoI with twist -142.41152 superhelical -0.07271 global twist -196.27474 global supercoiling -0.05590
frame 365 time 91.25 unbinding_event at DNA_topoI 43 enzyme topoI with twist -138.52193 superhelical -0.05410 global twist -147.65485 global supercoiling -0.04293
frame 394 time 98.5 unbinding_event at gene tetA enzyme RNAP with twist -145.71006 superhelical -0.07772 global twist -145.71006 global supercoiling -0.04150
frame 412 time 103.0 binding_event at gene tetA enzyme RNAP with twist -145.71006 superhelical -0.04127 global twist -145.71006 global supercoiling -0.04127
frame 437 time 109.25 binding_event at gene tetA enzyme RNAP with twist -116.09606 superhelical -0.05982 global twist -145.71006 global supercoiling -0.04150
frame 493 time 123.25 unbinding_event at gene tetA enzyme RNAP with twist 60.31074 superhelical -0.06042 global twist -145.71006 global supercoiling -0.04172
frame 518 time 129.5 unbinding_event at gene tetA enzyme RNAP with twist -145.71006 superhelical -0.10232 global twist -145.71006 global supercoiling -0.04150
frame 593 time 148.25 binding_event at DNA_topoI 33 enzyme topoI with twist -145.71006 superhelical -0.04127 global twist -145.71006 global supercoiling -0.04127
frame 597 time 149.25 unbinding_event at DNA_topoI 33 enzyme topoI with twist -135.98608 superhelical -0.03166 global twist -137.93088 global supercoiling -0.03988
frame 699 time 174.75 binding_event at DNA_topoI 28 enzyme topoI with twist -135.98608 superhelical -0.03852 global twist -135.98608 global supercoiling -0.03852
frame 707 time 176.75 binding_event at DNA_topoI 37 enzyme topoI with twist -124.06615 superhelical -0.03700 global twist -120.42772 global supercoiling -0.03482
frame 709 time 177.25 unbinding_event at DNA_topoI 28 enzyme topoI with twist -9.32835 superhelical 0.06225 global twist -112.64854 global supercoiling -0.03326
frame 711 time 177.75 unbinding_event at DNA_topoI 37 enzyme topoI with twist -104.86935 superhelical -0.00982 global twist -106.81415 global supercoiling -0.03088
