TORCphysics log file 

General information: 
---------------------------------------------------------------------------------------
Circuit name: Pleu500_96
Size: 6000
Structure: circle
Number of sites: 110
Number of frames: 1000
Simulation time: 250.0
Simulation timestep: 0.25
Seed: 97092287223239495
 
Overall simulation information 
---------------------------------------------------------------------------------------
Initial twist: -211.83310
Final twist: -91.85419
Initial superhelical density: -0.06000
Final superhelical density: -0.02602
 
Overall rates 
---------------------------------------------------------------------------------------
site type            site name            #binding events      #unbinding events    binding rates        
 DNA_topoI            DNA_topoI_global                     12.0                 12.0                 0.048 
DNA_gyrase           DNA_gyrase_global                     3.0                  3.0                 0.012 
EXT                  EXT                                   0.0                  0.0                   0.0 
gene                 tetA                                  4.0                  4.0                 0.016 
gene                 CDS                                   0.0                  0.0                   0.0 
origin               ori                                   0.0                  0.0                   0.0 
lacOP                lac1                                  0.0                  0.0                   0.0 
gene                 mKalama1                              0.0                  0.0                   0.0 
lacOP                lac2                                  0.0                  0.0                   0.0 
gene                 Raspberry                             0.0                  0.0                   0.0 
 
Events
---------------------------------------------------------------------------------------
frame 87 time 21.75 binding_event at gene tetA enzyme RNAP with twist -211.83310 superhelical -0.06000 global twist -211.83310 global supercoiling -0.06000
frame 168 time 42.0 unbinding_event at gene tetA enzyme RNAP with twist -211.83310 superhelical -0.10225 global twist -211.83310 global supercoiling -0.06033
frame 195 time 48.75 binding_event at DNA_topoI 39 enzyme topoI with twist -211.83310 superhelical -0.06000 global twist -211.83310 global supercoiling -0.06000
frame 199 time 49.75 unbinding_event at DNA_topoI 39 enzyme topoI with twist -202.10913 superhelical -0.05581 global twist -204.05392 global supercoiling -0.05900
frame 241 time 60.25 binding_event at DNA_topoI 26 enzyme topoI with twist -202.10913 superhelical -0.05725 global twist -202.10913 global supercoiling -0.05725
frame 250 time 62.5 binding_event at DNA_topoI 29 enzyme topoI with twist -191.16815 superhelical -0.05467 global twist -184.60597 global supercoiling -0.05337
frame 251 time 62.75 unbinding_event at DNA_topoI 26 enzyme topoI with twist 4.38113 superhelical 0.22213 global twist -180.71638 global supercoiling -0.05336
frame 251 time 62.75 unbinding_event at DNA_topoI 29 enzyme topoI with twist -176.82679 superhelical 0.22213 global twist -180.71638 global supercoiling -0.05336
frame 356 time 89.0 binding_event at DNA_topoI 48 enzyme topoI with twist -176.82679 superhelical -0.05008 global twist -176.82679 global supercoiling -0.05008
frame 362 time 90.5 unbinding_event at DNA_topoI 48 enzyme topoI with twist -163.21322 superhelical -0.04671 global twist -165.15801 global supercoiling -0.04775
frame 477 time 119.25 binding_event at DNA_topoI 16 enzyme topoI with twist -163.21322 superhelical -0.04623 global twist -163.21322 global supercoiling -0.04623
frame 492 time 123.0 unbinding_event at DNA_topoI 16 enzyme topoI with twist -132.09649 superhelical -0.04170 global twist -134.04129 global supercoiling -0.03875
frame 528 time 132.0 binding_event at DNA_topoI 4 enzyme topoI with twist -132.09649 superhelical -0.03742 global twist -132.09649 global supercoiling -0.03742
frame 530 time 132.5 unbinding_event at DNA_topoI 4 enzyme topoI with twist -126.26210 superhelical -0.03671 global twist -128.20690 global supercoiling -0.03707
frame 574 time 143.5 binding_event at gene tetA enzyme RNAP with twist -126.26210 superhelical -0.03576 global twist -126.26210 global supercoiling -0.03576
frame 579 time 144.75 binding_event at DNA_topoI 2 enzyme topoI with twist -55.57520 superhelical -0.03175 global twist -126.26210 global supercoiling -0.03596
frame 591 time 147.75 unbinding_event at DNA_topoI 2 enzyme topoI with twist -130.49165 superhelical -0.04385 global twist -102.92456 global supercoiling -0.02992
frame 655 time 163.75 unbinding_event at gene tetA enzyme RNAP with twist -100.97976 superhelical -0.10007 global twist -100.97976 global supercoiling -0.02876
frame 687 time 171.75 binding_event at DNA_gyrase 7 enzyme gyrase with twist -100.97976 superhelical -0.02860 global twist -100.97976 global supercoiling -0.02860
frame 693 time 173.25 unbinding_event at DNA_gyrase 7 enzyme gyrase with twist -110.40454 superhelical -0.03135 global twist -109.05814 global supercoiling -0.03153
frame 734 time 183.5 binding_event at DNA_topoI 46 enzyme topoI with twist -110.40454 superhelical -0.03127 global twist -110.40454 global supercoiling -0.03127
frame 755 time 188.75 unbinding_event at DNA_topoI 46 enzyme topoI with twist -67.61904 superhelical -0.01662 global twist -69.56384 global supercoiling -0.02011
frame 763 time 190.75 binding_event at DNA_gyrase 6 enzyme gyrase with twist -67.61904 superhelical -0.01915 global twist -67.61904 global supercoiling -0.01915
frame 768 time 192.0 binding_event at gene tetA enzyme RNAP with twist -44.73294 superhelical -0.02114 global twist -74.35103 global supercoiling -0.02150
frame 774 time 193.5 unbinding_event at DNA_gyrase 6 enzyme gyrase with twist -34.59583 superhelical -0.00084 global twist -82.42941 global supercoiling -0.02396
frame 798 time 199.5 binding_event at DNA_topoI 3 enzyme topoI with twist -90.46948 superhelical -0.04557 global twist -83.77580 global supercoiling -0.02386
frame 798 time 199.5 unbinding_event at DNA_topoI 3 enzyme topoI with twist -90.31988 superhelical -0.04676 global twist -83.77580 global supercoiling -0.02386
frame 814 time 203.5 binding_event at DNA_topoI 2 enzyme topoI with twist -117.24781 superhelical -0.05507 global twist -81.83101 global supercoiling -0.02330
frame 815 time 203.75 unbinding_event at DNA_topoI 2 enzyme topoI with twist -116.94861 superhelical -0.05593 global twist -79.88621 global supercoiling -0.02323
frame 849 time 212.25 binding_event at gene tetA enzyme RNAP with twist -176.19007 superhelical -0.07211 global twist -77.94142 global supercoiling -0.02220
frame 849 time 212.25 unbinding_event at gene tetA enzyme RNAP with twist 48.59165 superhelical -0.07268 global twist -77.94142 global supercoiling -0.02220
frame 851 time 212.75 binding_event at DNA_topoI 33 enzyme topoI with twist -128.32827 superhelical -0.07400 global twist -77.94142 global supercoiling -0.02220
frame 854 time 213.5 unbinding_event at DNA_topoI 33 enzyme topoI with twist -127.72987 superhelical -0.06882 global twist -72.10703 global supercoiling -0.02096
frame 930 time 232.5 unbinding_event at gene tetA enzyme RNAP with twist -70.16224 superhelical -0.10772 global twist -70.16224 global supercoiling -0.01998
frame 969 time 242.25 binding_event at DNA_gyrase 13 enzyme gyrase with twist -70.16224 superhelical -0.01987 global twist -70.16224 global supercoiling -0.01987
frame 987 time 246.75 unbinding_event at DNA_gyrase 13 enzyme gyrase with twist -95.74378 superhelical -0.02517 global twist -94.39738 global supercoiling -0.02729
frame 997 time 249.25 binding_event at DNA_topoI 14 enzyme topoI with twist -95.74378 superhelical -0.02712 global twist -95.74378 global supercoiling -0.02712
frame 998 time 249.5 unbinding_event at DNA_topoI 14 enzyme topoI with twist -91.85419 superhelical -0.02696 global twist -93.79898 global supercoiling -0.02712
