TORCphysics log file 

General information: 
---------------------------------------------------------------------------------------
Circuit name: Pleu500_3
Size: 6000
Structure: circle
Number of sites: 110
Number of frames: 1000
Simulation time: 250.0
Simulation timestep: 0.25
Seed: 3516958603926060526
 
Overall simulation information 
---------------------------------------------------------------------------------------
Initial twist: -211.83310
Final twist: -73.30383
Initial superhelical density: -0.06000
Final superhelical density: -0.02088
 
Overall rates 
---------------------------------------------------------------------------------------
site type            site name            #binding events      #unbinding events    binding rates        
 DNA_topoI            DNA_topoI_global                      6.0                  6.0                 0.024 
DNA_gyrase           DNA_gyrase_global                     2.0                  2.0                 0.008 
EXT                  EXT                                   0.0                  0.0                   0.0 
gene                 tetA                                  8.0                  7.0                 0.032 
gene                 CDS                                   0.0                  0.0                   0.0 
origin               ori                                   0.0                  0.0                   0.0 
lacOP                lac1                                  0.0                  0.0                   0.0 
gene                 mKalama1                              0.0                  0.0                   0.0 
lacOP                lac2                                  0.0                  0.0                   0.0 
gene                 Raspberry                             0.0                  0.0                   0.0 
 
Events
---------------------------------------------------------------------------------------
frame 10 time 2.5 binding_event at gene tetA enzyme RNAP with twist -211.83310 superhelical -0.06000 global twist -211.83310 global supercoiling -0.06000
frame 91 time 22.75 unbinding_event at gene tetA enzyme RNAP with twist -211.83310 superhelical -0.10225 global twist -211.83310 global supercoiling -0.06033
frame 126 time 31.5 binding_event at gene tetA enzyme RNAP with twist -211.83310 superhelical -0.06000 global twist -211.83310 global supercoiling -0.06000
frame 207 time 51.75 unbinding_event at gene tetA enzyme RNAP with twist -211.83310 superhelical -0.10225 global twist -211.83310 global supercoiling -0.06033
frame 257 time 64.25 binding_event at DNA_topoI 46 enzyme topoI with twist -211.83310 superhelical -0.06000 global twist -211.83310 global supercoiling -0.06000
frame 265 time 66.25 unbinding_event at DNA_topoI 46 enzyme topoI with twist -194.32995 superhelical -0.05498 global twist -196.27474 global supercoiling -0.05675
frame 267 time 66.75 binding_event at DNA_topoI 0 enzyme topoI with twist -194.32995 superhelical -0.05504 global twist -194.32995 global supercoiling -0.05504
frame 295 time 73.75 unbinding_event at DNA_topoI 0 enzyme topoI with twist -137.93088 superhelical -0.03945 global twist -139.87567 global supercoiling -0.04044
frame 367 time 91.75 binding_event at DNA_topoI 19 enzyme topoI with twist -137.93088 superhelical -0.03907 global twist -137.93088 global supercoiling -0.03907
frame 367 time 91.75 unbinding_event at DNA_topoI 19 enzyme topoI with twist -135.98608 superhelical -0.03956 global twist -137.93088 global supercoiling -0.03907
frame 488 time 122.0 binding_event at gene tetA enzyme RNAP with twist -135.98608 superhelical -0.03852 global twist -135.98608 global supercoiling -0.03852
frame 533 time 133.25 binding_event at DNA_topoI 41 enzyme topoI with twist -147.24736 superhelical -0.06945 global twist -135.98608 global supercoiling -0.03873
frame 555 time 138.75 binding_event at gene tetA enzyme RNAP with twist -90.67132 superhelical -0.07512 global twist -93.20058 global supercoiling -0.02710
frame 569 time 142.25 unbinding_event at gene tetA enzyme RNAP with twist 33.23859 superhelical -0.07633 global twist -65.97345 global supercoiling -0.01929
frame 570 time 142.5 unbinding_event at DNA_topoI 41 enzyme topoI with twist -97.11764 superhelical -0.03632 global twist -64.02865 global supercoiling -0.01862
frame 579 time 144.75 binding_event at DNA_topoI 35 enzyme topoI with twist -111.47920 superhelical -0.05771 global twist -62.08385 global supercoiling -0.01768
frame 590 time 147.5 unbinding_event at DNA_topoI 35 enzyme topoI with twist -109.68401 superhelical -0.04075 global twist -40.69110 global supercoiling -0.01183
frame 636 time 159.0 unbinding_event at gene tetA enzyme RNAP with twist -38.74631 superhelical -0.07840 global twist -38.74631 global supercoiling -0.01103
frame 687 time 171.75 binding_event at gene tetA enzyme RNAP with twist -38.74631 superhelical -0.01097 global twist -38.74631 global supercoiling -0.01097
frame 739 time 184.75 binding_event at gene tetA enzyme RNAP with twist -112.28754 superhelical -0.05144 global twist -38.74631 global supercoiling -0.01103
frame 768 time 192.0 unbinding_event at gene tetA enzyme RNAP with twist 104.16948 superhelical -0.05189 global twist -38.74631 global supercoiling -0.01109
frame 780 time 195.0 binding_event at gene tetA enzyme RNAP with twist -162.66295 superhelical -0.07804 global twist -38.74631 global supercoiling -0.01103
frame 808 time 202.0 binding_event at DNA_topoI 0 enzyme topoI with twist -185.44871 superhelical -0.09425 global twist -38.74631 global supercoiling -0.01109
frame 819 time 204.75 unbinding_event at DNA_topoI 0 enzyme topoI with twist -183.65352 superhelical -0.09090 global twist -17.35356 global supercoiling -0.00507
frame 820 time 205.0 unbinding_event at gene tetA enzyme RNAP with twist 170.03995 superhelical -0.07877 global twist -15.40876 global supercoiling -0.00441
frame 861 time 215.25 unbinding_event at gene tetA enzyme RNAP with twist -15.40876 superhelical -0.10564 global twist -15.40876 global supercoiling -0.00439
frame 898 time 224.5 binding_event at DNA_gyrase 3 enzyme gyrase with twist -15.40876 superhelical -0.00436 global twist -15.40876 global supercoiling -0.00436
frame 907 time 226.75 unbinding_event at DNA_gyrase 3 enzyme gyrase with twist -28.87273 superhelical -0.00800 global twist -27.52634 global supercoiling -0.00796
frame 940 time 235.0 binding_event at DNA_gyrase 17 enzyme gyrase with twist -28.87273 superhelical -0.00818 global twist -28.87273 global supercoiling -0.00818
frame 972 time 243.0 unbinding_event at DNA_gyrase 17 enzyme gyrase with twist -73.30383 superhelical -0.01599 global twist -71.95743 global supercoiling -0.02080
frame 986 time 246.5 binding_event at gene tetA enzyme RNAP with twist -73.30383 superhelical -0.02076 global twist -73.30383 global supercoiling -0.02076
