TORCphysics log file 

General information: 
---------------------------------------------------------------------------------------
Circuit name: Pleu500_99
Size: 6000
Structure: circle
Number of sites: 110
Number of frames: 1000
Simulation time: 250.0
Simulation timestep: 0.25
Seed: 2213774157565565752
 
Overall simulation information 
---------------------------------------------------------------------------------------
Initial twist: -211.83310
Final twist: -85.27180
Initial superhelical density: -0.06000
Final superhelical density: -0.02415
 
Overall rates 
---------------------------------------------------------------------------------------
site type            site name            #binding events      #unbinding events    binding rates        
 DNA_topoI            DNA_topoI_global                      9.0                  9.0                 0.036 
DNA_gyrase           DNA_gyrase_global                     3.0                  3.0                 0.012 
EXT                  EXT                                   0.0                  0.0                   0.0 
gene                 tetA                                  3.0                  3.0                 0.012 
gene                 CDS                                   0.0                  0.0                   0.0 
origin               ori                                   0.0                  0.0                   0.0 
lacOP                lac1                                  0.0                  0.0                   0.0 
gene                 mKalama1                              2.0                  2.0                 0.008 
lacOP                lac2                                  0.0                  0.0                   0.0 
gene                 Raspberry                             1.0                  1.0                 0.004 
 
Events
---------------------------------------------------------------------------------------
frame 77 time 19.25 binding_event at DNA_topoI 25 enzyme topoI with twist -211.83310 superhelical -0.06000 global twist -211.83310 global supercoiling -0.06000
frame 77 time 19.25 unbinding_event at DNA_topoI 25 enzyme topoI with twist -209.88831 superhelical -0.06021 global twist -211.83310 global supercoiling -0.06000
frame 119 time 29.75 binding_event at DNA_topoI 32 enzyme topoI with twist -209.88831 superhelical -0.05945 global twist -209.88831 global supercoiling -0.05945
frame 135 time 33.75 unbinding_event at DNA_topoI 32 enzyme topoI with twist -176.82679 superhelical -0.01857 global twist -178.77158 global supercoiling -0.05169
frame 143 time 35.75 binding_event at DNA_gyrase 26 enzyme gyrase with twist -176.82679 superhelical -0.05008 global twist -176.82679 global supercoiling -0.05008
frame 171 time 42.75 unbinding_event at DNA_gyrase 26 enzyme gyrase with twist -215.87230 superhelical -0.55978 global twist -214.52590 global supercoiling -0.06202
frame 188 time 47.0 binding_event at gene mKalama1 enzyme RNAP with twist -215.87230 superhelical -0.06114 global twist -215.87230 global supercoiling -0.06114
frame 222 time 55.5 binding_event at DNA_topoI 43 enzyme topoI with twist -237.10428 superhelical -0.07482 global twist -215.87230 global supercoiling -0.06148
frame 222 time 55.5 unbinding_event at DNA_topoI 43 enzyme topoI with twist -236.95468 superhelical -0.07672 global twist -215.87230 global supercoiling -0.06148
frame 229 time 57.25 binding_event at DNA_topoI 2 enzyme topoI with twist -247.72585 superhelical -0.07665 global twist -213.92750 global supercoiling -0.06092
frame 231 time 57.75 unbinding_event at DNA_topoI 2 enzyme topoI with twist -247.27706 superhelical -0.07862 global twist -210.03791 global supercoiling -0.06106
frame 242 time 60.5 unbinding_event at gene mKalama1 enzyme RNAP with twist -208.09311 superhelical 0.38320 global twist -208.09311 global supercoiling -0.05926
frame 315 time 78.75 binding_event at gene tetA enzyme RNAP with twist -208.09311 superhelical -0.05894 global twist -208.09311 global supercoiling -0.05894
frame 316 time 79.0 binding_event at DNA_topoI 29 enzyme topoI with twist -103.50124 superhelical -0.05999 global twist -208.09311 global supercoiling -0.05926
frame 319 time 79.75 binding_event at DNA_gyrase 1 enzyme gyrase with twist -99.20629 superhelical -0.05639 global twist -202.25873 global supercoiling -0.05880
frame 320 time 80.0 unbinding_event at DNA_gyrase 1 enzyme gyrase with twist -196.92285 superhelical -0.06327 global twist -201.66033 global supercoiling -0.05988
frame 321 time 80.25 unbinding_event at DNA_topoI 29 enzyme topoI with twist -202.99935 superhelical -0.02966 global twist -201.06193 global supercoiling -0.05846
frame 396 time 99.0 unbinding_event at gene tetA enzyme RNAP with twist -199.11713 superhelical -0.13769 global twist -199.11713 global supercoiling -0.05671
frame 495 time 123.75 binding_event at DNA_topoI 17 enzyme topoI with twist -199.11713 superhelical -0.05640 global twist -199.11713 global supercoiling -0.05640
frame 508 time 127.0 binding_event at gene tetA enzyme RNAP with twist -154.64478 superhelical -0.05322 global twist -173.83479 global supercoiling -0.05026
frame 517 time 129.25 binding_event at DNA_topoI 43 enzyme topoI with twist -108.09732 superhelical -0.06015 global twist -156.33163 global supercoiling -0.04545
frame 525 time 131.25 unbinding_event at DNA_topoI 43 enzyme topoI with twist -106.75092 superhelical -0.05526 global twist -125.21491 global supercoiling -0.03718
frame 541 time 135.25 unbinding_event at DNA_topoI 17 enzyme topoI with twist 45.26546 superhelical 0.03628 global twist -92.15338 global supercoiling -0.02679
frame 556 time 139.0 binding_event at DNA_topoI 46 enzyme topoI with twist -160.60679 superhelical -0.07480 global twist -90.20859 global supercoiling -0.02569
frame 558 time 139.5 unbinding_event at DNA_topoI 46 enzyme topoI with twist -160.15799 superhelical -0.07530 global twist -86.31900 global supercoiling -0.02510
frame 582 time 145.5 binding_event at gene tetA enzyme RNAP with twist -201.44750 superhelical -0.08463 global twist -84.37420 global supercoiling -0.02403
frame 589 time 147.25 unbinding_event at gene tetA enzyme RNAP with twist 76.40182 superhelical -0.08531 global twist -84.37420 global supercoiling -0.02416
frame 647 time 161.75 binding_event at gene Raspberry enzyme RNAP with twist -263.10218 superhelical -0.11441 global twist -84.37420 global supercoiling -0.02403
frame 661 time 165.25 binding_event at gene mKalama1 enzyme RNAP with twist -113.08661 superhelical -0.12735 global twist -84.37420 global supercoiling -0.02416
frame 663 time 165.75 unbinding_event at gene tetA enzyme RNAP with twist 34.09799 superhelical -0.11537 global twist -84.37420 global supercoiling -0.02429
frame 701 time 175.25 unbinding_event at gene Raspberry enzyme RNAP with twist -73.70746 superhelical -0.18385 global twist -84.37420 global supercoiling -0.02416
frame 715 time 178.75 unbinding_event at gene mKalama1 enzyme RNAP with twist -84.37420 superhelical 0.09406 global twist -84.37420 global supercoiling -0.02403
frame 737 time 184.25 binding_event at DNA_gyrase 35 enzyme gyrase with twist -84.37420 superhelical -0.02390 global twist -84.37420 global supercoiling -0.02390
frame 741 time 185.25 unbinding_event at DNA_gyrase 35 enzyme gyrase with twist -91.10619 superhelical -0.02993 global twist -89.75979 global supercoiling -0.02595
frame 788 time 197.0 binding_event at DNA_topoI 7 enzyme topoI with twist -91.10619 superhelical -0.02581 global twist -91.10619 global supercoiling -0.02581
frame 790 time 197.5 unbinding_event at DNA_topoI 7 enzyme topoI with twist -85.27180 superhelical -0.02501 global twist -87.21660 global supercoiling -0.02522
