TORCphysics log file 

General information: 
---------------------------------------------------------------------------------------
Circuit name: Pleu500_0
Size: 6000
Structure: circle
Number of sites: 110
Number of frames: 1000
Simulation time: 250.0
Simulation timestep: 0.25
Seed: 3693696616768570349
 
Overall simulation information 
---------------------------------------------------------------------------------------
Initial twist: -211.83310
Final twist: -107.86135
Initial superhelical density: -0.06000
Final superhelical density: -0.03119
 
Overall rates 
---------------------------------------------------------------------------------------
site type            site name            #binding events      #unbinding events    binding rates        
 DNA_topoI            DNA_topoI_global                      8.0                  7.0                 0.032 
DNA_gyrase           DNA_gyrase_global                     5.0                  5.0                  0.02 
EXT                  EXT                                   0.0                  0.0                   0.0 
gene                 tetA                                  4.0                  4.0                 0.016 
gene                 CDS                                   0.0                  0.0                   0.0 
origin               ori                                   0.0                  0.0                   0.0 
lacOP                lac1                                  0.0                  0.0                   0.0 
gene                 mKalama1                              0.0                  0.0                   0.0 
lacOP                lac2                                  0.0                  0.0                   0.0 
gene                 Raspberry                             0.0                  0.0                   0.0 
 
Events
---------------------------------------------------------------------------------------
frame 39 time 9.75 binding_event at gene tetA enzyme RNAP with twist -211.83310 superhelical -0.06000 global twist -211.83310 global supercoiling -0.06000
frame 120 time 30.0 unbinding_event at gene tetA enzyme RNAP with twist -211.83310 superhelical -0.10225 global twist -211.83310 global supercoiling -0.06033
frame 220 time 55.0 binding_event at DNA_topoI 19 enzyme topoI with twist -211.83310 superhelical -0.06000 global twist -211.83310 global supercoiling -0.06000
frame 224 time 56.0 binding_event at gene tetA enzyme RNAP with twist -182.87537 superhelical -0.05997 global twist -204.05392 global supercoiling -0.05900
frame 230 time 57.5 unbinding_event at DNA_topoI 19 enzyme topoI with twist -74.30239 superhelical -0.04790 global twist -192.38515 global supercoiling -0.05593
frame 243 time 60.75 binding_event at gene tetA enzyme RNAP with twist -137.68032 superhelical -0.07297 global twist -190.44035 global supercoiling -0.05423
frame 291 time 72.75 binding_event at DNA_gyrase 14 enzyme gyrase with twist 33.40936 superhelical 0.02799 global twist -190.44035 global supercoiling -0.05453
frame 291 time 72.75 unbinding_event at DNA_gyrase 14 enzyme gyrase with twist 33.85816 superhelical 0.03381 global twist -190.44035 global supercoiling -0.05453
frame 305 time 76.25 unbinding_event at gene tetA enzyme RNAP with twist 47.83002 superhelical -0.07372 global twist -191.78675 global supercoiling -0.05492
frame 324 time 81.0 unbinding_event at gene tetA enzyme RNAP with twist -191.78675 superhelical -0.11162 global twist -191.78675 global supercoiling -0.05462
frame 338 time 84.5 binding_event at DNA_topoI 7 enzyme topoI with twist -191.78675 superhelical -0.05432 global twist -191.78675 global supercoiling -0.05432
frame 342 time 85.5 unbinding_event at DNA_topoI 7 enzyme topoI with twist -182.06277 superhelical -0.05323 global twist -184.00757 global supercoiling -0.05320
frame 379 time 94.75 binding_event at DNA_topoI 18 enzyme topoI with twist -182.06277 superhelical -0.05157 global twist -182.06277 global supercoiling -0.05157
frame 383 time 95.75 binding_event at DNA_topoI 40 enzyme topoI with twist -152.84819 superhelical -0.05133 global twist -174.28359 global supercoiling -0.05039
frame 387 time 96.75 unbinding_event at DNA_topoI 18 enzyme topoI with twist -108.83217 superhelical -0.04759 global twist -158.72523 global supercoiling -0.04686
frame 417 time 104.25 unbinding_event at DNA_topoI 40 enzyme topoI with twist -96.49177 superhelical -0.01741 global twist -98.43657 global supercoiling -0.02846
frame 440 time 110.0 binding_event at DNA_gyrase 14 enzyme gyrase with twist -96.49177 superhelical -0.02733 global twist -96.49177 global supercoiling -0.02733
frame 468 time 117.0 unbinding_event at DNA_gyrase 14 enzyme gyrase with twist -135.53728 superhelical -0.03515 global twist -134.19089 global supercoiling -0.03880
frame 490 time 122.5 binding_event at DNA_topoI 28 enzyme topoI with twist -135.53728 superhelical -0.03839 global twist -135.53728 global supercoiling -0.03839
frame 497 time 124.25 unbinding_event at DNA_topoI 28 enzyme topoI with twist -119.97892 superhelical 0.03468 global twist -121.92371 global supercoiling -0.03525
frame 700 time 175.0 binding_event at DNA_gyrase 18 enzyme gyrase with twist -119.97892 superhelical -0.03398 global twist -119.97892 global supercoiling -0.03398
frame 709 time 177.25 unbinding_event at DNA_gyrase 18 enzyme gyrase with twist -133.44289 superhelical -0.03695 global twist -132.09649 global supercoiling -0.03819
frame 716 time 179.0 binding_event at DNA_topoI 37 enzyme topoI with twist -133.44289 superhelical -0.03780 global twist -133.44289 global supercoiling -0.03780
frame 732 time 183.0 unbinding_event at DNA_topoI 37 enzyme topoI with twist -100.38137 superhelical -0.01659 global twist -102.32616 global supercoiling -0.02958
frame 808 time 202.0 binding_event at DNA_gyrase 30 enzyme gyrase with twist -100.38137 superhelical -0.02843 global twist -100.38137 global supercoiling -0.02843
frame 811 time 202.75 unbinding_event at DNA_gyrase 30 enzyme gyrase with twist -105.76695 superhelical -0.03984 global twist -104.42056 global supercoiling -0.03019
frame 815 time 203.75 binding_event at DNA_topoI 37 enzyme topoI with twist -105.76695 superhelical -0.02996 global twist -105.76695 global supercoiling -0.02996
frame 820 time 205.0 unbinding_event at DNA_topoI 37 enzyme topoI with twist -94.09818 superhelical -0.02282 global twist -96.04298 global supercoiling -0.02777
frame 824 time 206.0 binding_event at gene tetA enzyme RNAP with twist -94.09818 superhelical -0.02665 global twist -94.09818 global supercoiling -0.02665
frame 829 time 207.25 binding_event at DNA_gyrase 4 enzyme gyrase with twist -39.13147 superhelical -0.02236 global twist -94.09818 global supercoiling -0.02680
frame 857 time 214.25 unbinding_event at DNA_gyrase 4 enzyme gyrase with twist -164.56946 superhelical -0.05142 global twist -131.79729 global supercoiling -0.03832
frame 905 time 226.25 unbinding_event at gene tetA enzyme RNAP with twist -133.14369 superhelical -0.10225 global twist -133.14369 global supercoiling -0.03792
frame 988 time 247.0 binding_event at DNA_topoI 38 enzyme topoI with twist -133.14369 superhelical -0.03771 global twist -133.14369 global supercoiling -0.03771
