TORCphysics log file 

General information: 
---------------------------------------------------------------------------------------
Circuit name: Pleu500_22
Size: 6000
Structure: circle
Number of sites: 110
Number of frames: 1000
Simulation time: 250.0
Simulation timestep: 0.25
Seed: 543578533989844898
 
Overall simulation information 
---------------------------------------------------------------------------------------
Initial twist: -211.83310
Final twist: -76.89422
Initial superhelical density: -0.06000
Final superhelical density: -0.02178
 
Overall rates 
---------------------------------------------------------------------------------------
site type            site name            #binding events      #unbinding events    binding rates        
 DNA_topoI            DNA_topoI_global                     11.0                 11.0                 0.044 
DNA_gyrase           DNA_gyrase_global                     2.0                  2.0                 0.008 
EXT                  EXT                                   0.0                  0.0                   0.0 
gene                 tetA                                  5.0                  5.0                  0.02 
gene                 CDS                                   0.0                  0.0                   0.0 
origin               ori                                   0.0                  0.0                   0.0 
lacOP                lac1                                  0.0                  0.0                   0.0 
gene                 mKalama1                              0.0                  0.0                   0.0 
lacOP                lac2                                  0.0                  0.0                   0.0 
gene                 Raspberry                             0.0                  0.0                   0.0 
 
Events
---------------------------------------------------------------------------------------
frame 26 time 6.5 binding_event at gene tetA enzyme RNAP with twist -211.83310 superhelical -0.06000 global twist -211.83310 global supercoiling -0.06000
frame 60 time 15.0 binding_event at DNA_topoI 33 enzyme topoI with twist -164.57063 superhelical -0.08141 global twist -211.83310 global supercoiling -0.06033
frame 69 time 17.25 unbinding_event at DNA_topoI 33 enzyme topoI with twist -163.07463 superhelical -0.06347 global twist -194.32995 global supercoiling -0.05650
frame 87 time 21.75 binding_event at DNA_topoI 37 enzyme topoI with twist -193.59296 superhelical -0.08552 global twist -192.38515 global supercoiling -0.05479
frame 92 time 23.0 unbinding_event at DNA_topoI 37 enzyme topoI with twist -192.69536 superhelical -0.08056 global twist -182.66117 global supercoiling -0.05311
frame 98 time 24.5 binding_event at DNA_topoI 26 enzyme topoI with twist -201.67134 superhelical -0.08536 global twist -180.71638 global supercoiling -0.05147
frame 103 time 25.75 unbinding_event at DNA_topoI 26 enzyme topoI with twist -200.77374 superhelical 0.06715 global twist -170.99240 global supercoiling -0.04971
frame 107 time 26.75 unbinding_event at gene tetA enzyme RNAP with twist -169.04760 superhelical -0.08480 global twist -169.04760 global supercoiling -0.04814
frame 144 time 36.0 binding_event at gene tetA enzyme RNAP with twist -169.04760 superhelical -0.04788 global twist -169.04760 global supercoiling -0.04788
frame 153 time 38.25 binding_event at DNA_gyrase 25 enzyme gyrase with twist -70.26839 superhelical -0.04099 global twist -169.04760 global supercoiling -0.04814
frame 160 time 40.0 unbinding_event at DNA_gyrase 25 enzyme gyrase with twist -66.67800 superhelical -0.03793 global twist -178.47238 global supercoiling -0.05189
frame 201 time 50.25 binding_event at DNA_topoI 40 enzyme topoI with twist -184.94861 superhelical -0.08302 global twist -179.81878 global supercoiling -0.05121
frame 206 time 51.5 unbinding_event at DNA_topoI 40 enzyme topoI with twist -184.05101 superhelical -0.07975 global twist -170.09480 global supercoiling -0.04945
frame 225 time 56.25 unbinding_event at gene tetA enzyme RNAP with twist -168.15001 superhelical -0.08896 global twist -168.15001 global supercoiling -0.04789
frame 277 time 69.25 binding_event at gene tetA enzyme RNAP with twist -168.15001 superhelical -0.04763 global twist -168.15001 global supercoiling -0.04763
frame 356 time 89.0 binding_event at DNA_topoI 10 enzyme topoI with twist -224.00421 superhelical -0.09236 global twist -168.15001 global supercoiling -0.04789
frame 358 time 89.5 unbinding_event at DNA_topoI 10 enzyme topoI with twist -223.55542 superhelical -0.09011 global twist -164.26042 global supercoiling -0.04776
frame 358 time 89.5 unbinding_event at gene tetA enzyme RNAP with twist -162.31562 superhelical -0.09011 global twist -164.26042 global supercoiling -0.04776
frame 426 time 106.5 binding_event at DNA_topoI 22 enzyme topoI with twist -162.31562 superhelical -0.04597 global twist -162.31562 global supercoiling -0.04597
frame 426 time 106.5 unbinding_event at DNA_topoI 22 enzyme topoI with twist -160.37082 superhelical -0.04663 global twist -162.31562 global supercoiling -0.04597
frame 438 time 109.5 binding_event at DNA_topoI 1 enzyme topoI with twist -160.37082 superhelical -0.04542 global twist -160.37082 global supercoiling -0.04542
frame 442 time 110.5 unbinding_event at DNA_topoI 1 enzyme topoI with twist -150.64685 superhelical -0.04360 global twist -152.59164 global supercoiling -0.04412
frame 458 time 114.5 binding_event at DNA_topoI 6 enzyme topoI with twist -150.64685 superhelical -0.04267 global twist -150.64685 global supercoiling -0.04267
frame 479 time 119.75 unbinding_event at DNA_topoI 6 enzyme topoI with twist -107.86135 superhelical -0.03345 global twist -109.80614 global supercoiling -0.03175
frame 500 time 125.0 binding_event at gene tetA enzyme RNAP with twist -107.86135 superhelical -0.03055 global twist -107.86135 global supercoiling -0.03055
frame 581 time 145.25 unbinding_event at gene tetA enzyme RNAP with twist -107.86135 superhelical -0.08153 global twist -107.86135 global supercoiling -0.03072
frame 892 time 223.0 binding_event at DNA_topoI 29 enzyme topoI with twist -107.86135 superhelical -0.03055 global twist -107.86135 global supercoiling -0.03055
frame 898 time 224.5 binding_event at gene tetA enzyme RNAP with twist -96.50327 superhelical -0.02941 global twist -96.19258 global supercoiling -0.02781
frame 903 time 225.75 unbinding_event at DNA_topoI 29 enzyme topoI with twist -42.19340 superhelical 0.03469 global twist -86.46860 global supercoiling -0.02514
frame 932 time 233.0 binding_event at DNA_topoI 46 enzyme topoI with twist -92.45888 superhelical -0.04574 global twist -84.52380 global supercoiling -0.02407
frame 934 time 233.5 unbinding_event at DNA_topoI 46 enzyme topoI with twist -92.01008 superhelical -0.04534 global twist -80.63421 global supercoiling -0.02344
frame 950 time 237.5 binding_event at DNA_topoI 44 enzyme topoI with twist -118.93802 superhelical -0.05448 global twist -78.68942 global supercoiling -0.02241
frame 961 time 240.25 unbinding_event at DNA_topoI 44 enzyme topoI with twist -117.14282 superhelical -0.04703 global twist -57.29667 global supercoiling -0.01666
frame 972 time 243.0 binding_event at DNA_gyrase 14 enzyme gyrase with twist 79.74291 superhelical 0.07051 global twist -55.35187 global supercoiling -0.01576
frame 979 time 244.75 unbinding_event at gene tetA enzyme RNAP with twist -118.58486 superhelical -0.06095 global twist -64.77665 global supercoiling -0.01883
frame 987 time 246.75 unbinding_event at DNA_gyrase 14 enzyme gyrase with twist -76.89422 superhelical -0.04608 global twist -75.54782 global supercoiling -0.02184
