TORCphysics log file 

General information: 
---------------------------------------------------------------------------------------
Circuit name: sys1
Size: 
Structure: 
Number of sites: 
Number of frames: 
Simulation time: 
Seed:
 
Events
---------------------------------------------------------------------------------------
frame 17 time 17.0 binding_event at gene mKalama1 enzyme RNAP with twist -42.50710147603389 superhelical -0.05999557501892376 global twist -184.28539761102758 global supercoiling -0.059996938569886846
frame 41 time 41.0 binding_event at gene mKalama1 enzyme RNAP with twist -89.75356081241212 superhelical -0.18655421649955395 global twist -184.2718477292978 global supercoiling -0.0603688771039689
frame 43 time 43.0 unbinding_event at gene mKalama1 enzyme RNAP with twist -20.568392639007442 superhelical 0.37581597364697505 global twist -184.27056553811263 global supercoiling -0.060749556007725726
frame 63 time 63.0 binding_event at gene Raspberry enzyme RNAP with twist -139.54637317694488 superhelical -0.059994777040750985 global twist -184.26040366383745 global supercoiling -0.06036512793994923
frame 66 time 66.0 binding_event at gene Raspberry enzyme RNAP with twist -14.504139477389998 superhelical -0.13616998695376198 global twist -184.25852288008053 global supercoiling -0.06074558583415803
frame 67 time 67.0 unbinding_event at gene mKalama1 enzyme RNAP with twist -42.50010341381453 superhelical 0.4248878969982392 global twist -184.25764407282134 global supercoiling -0.0611312102431793
frame 69 time 69.0 binding_event at gene mKalama1 enzyme RNAP with twist -42.49990750969822 superhelical -0.05998542127679626 global twist -184.25570486903433 global supercoiling -0.06074465680396061
frame 89 time 89.0 unbinding_event at gene Raspberry enzyme RNAP with twist -44.892915188062034 superhelical -0.17356136006098521 global twist -184.23576841819846 global supercoiling -0.06112395255111074
frame 92 time 92.0 unbinding_event at gene Raspberry enzyme RNAP with twist -139.52990820073654 superhelical -0.19615857766780478 global twist -184.23418107439596 global supercoiling -0.060737560928588084
frame 95 time 95.0 unbinding_event at gene mKalama1 enzyme RNAP with twist -42.495752665668995 superhelical 0.3758586292406069 global twist -184.23296949473314 global supercoiling -0.06035614029477436
frame 138 time 138.0 binding_event at gene tetA enzyme RNAP with twist -139.55852165146888 superhelical -0.060000000000000005 global twist -184.20798124397737 global supercoiling -0.0599717344838419
frame 140 time 140.0 binding_event at gene mKalama1 enzyme RNAP with twist -42.487134654138416 superhelical -0.059967393352347534 global twist -184.2438323159746 global supercoiling -0.060359699038709524
frame 142 time 142.0 binding_event at gene Raspberry enzyme RNAP with twist -49.22341263903015 superhelical -0.07651959915554801 global twist -184.24177868784872 global supercoiling -0.060740065678289296
frame 150 time 150.0 binding_event at gene Raspberry enzyme RNAP with twist -33.48322427076346 superhelical -0.170593648963837 global twist -184.23272043184593 global supercoiling -0.061122941319823855
frame 151 time 151.0 binding_event at gene tetA enzyme RNAP with twist -34.86270247583645 superhelical -0.06100523560209424 global twist -184.23151714542283 global supercoiling -0.06151333558114681
frame 162 time 162.0 binding_event at gene Raspberry enzyme RNAP with twist -53.69833199582844 superhelical -0.20030519467794788 global twist -174.62193630841347 global supercoiling -0.058679954861351746
frame 166 time 166.0 unbinding_event at gene mKalama1 enzyme RNAP with twist -42.48298145868171 superhelical 0.3759343640605547 global twist -174.6167478793627 global supercoiling -0.05905823618743856
frame 168 time 168.0 unbinding_event at gene Raspberry enzyme RNAP with twist -44.06783056853932 superhelical -0.18367809129767218 global twist -174.61401483349695 global supercoiling -0.05867729292894873
frame 173 time 173.0 binding_event at gene Raspberry enzyme RNAP with twist -51.95724219361924 superhelical -0.20772044308048224 global twist -174.60770088624628 global supercoiling -0.05830002524046967
frame 176 time 176.0 unbinding_event at gene Raspberry enzyme RNAP with twist -85.29478989582364 superhelical -0.21005707679768082 global twist -174.60339962918871 global supercoiling -0.05867372579573042
frame 177 time 177.0 unbinding_event at gene tetA enzyme RNAP with twist 25.27288516573155 superhelical -0.06370562091481517 global twist -174.60198366160643 global supercoiling -0.0582981163078217
frame 188 time 188.0 unbinding_event at gene Raspberry enzyme RNAP with twist -124.31788990296482 superhelical -0.21885078969351773 global twist -174.5912695004379 global supercoiling -0.05792419444067531
frame 190 time 190.0 unbinding_event at gene tetA enzyme RNAP with twist -52.371898817406304 superhelical -0.023241994678568363 global twist -174.589683657328 global supercoiling -0.05755800300899536
frame 199 time 199.0 unbinding_event at gene Raspberry enzyme RNAP with twist -129.91949830180093 superhelical -0.20444504190302207 global twist -174.58400837637905 global supercoiling -0.0571950662885561
frame 221 time 221.0 binding_event at gene tetA enzyme RNAP with twist -52.371898817406304 superhelical -0.022516102147398357 global twist -174.57147614714142 global supercoiling -0.056834422402590644
frame 234 time 234.0 binding_event at gene mKalama1 enzyme RNAP with twist -42.46986330917835 superhelical -0.0599430161486275 global twist -97.02154837634993 global supercoiling -0.03178500678504572
frame 246 time 246.0 binding_event at gene Raspberry enzyme RNAP with twist -102.83800485882516 superhelical -0.10079493050756536 global twist -97.01443623666482 global supercoiling -0.03198331708868738
frame 251 time 251.0 binding_event at gene Raspberry enzyme RNAP with twist -24.223528113034128 superhelical -0.17008651051389148 global twist -97.01160428497919 global supercoiling -0.03218556715741671
frame 259 time 259.0 binding_event at gene mKalama1 enzyme RNAP with twist -93.34055751790991 superhelical -0.18703107525090135 global twist -97.00589373272672 global supercoiling -0.03238944230058161
frame 260 time 260.0 unbinding_event at gene tetA enzyme RNAP with twist 7.759350275105248 superhelical -0.013537545006268609 global twist -97.00494792148308 global supercoiling -0.03259754235748986
frame 260 time 260.0 unbinding_event at gene mKalama1 enzyme RNAP with twist -24.09301573499252 superhelical 0.37603677203242336 global twist -97.00494792148308 global supercoiling -0.03259754235748986
frame 272 time 272.0 unbinding_event at gene Raspberry enzyme RNAP with twist 37.20948591003817 superhelical -0.19307121999110408 global twist -96.99558349240482 global supercoiling -0.032180251934571795
frame 277 time 277.0 unbinding_event at gene Raspberry enzyme RNAP with twist -52.358245419686355 superhelical -0.2000865473432631 global twist -96.99375466530758 global supercoiling -0.03197649887399408
frame 285 time 285.0 unbinding_event at gene mKalama1 enzyme RNAP with twist -42.46278124550871 superhelical 0.4253144704242926 global twist -96.99218146082009 global supercoiling -0.031775385957250324
frame 320 time 320.0 binding_event at gene mKalama1 enzyme RNAP with twist -42.4561269895723 superhelical -0.05992362836717942 global twist -96.97907998568081 global supercoiling -0.03157302737977141
frame 326 time 326.0 binding_event at gene mKalama1 enzyme RNAP with twist -25.126704076800994 superhelical -0.1590526937614267 global twist -96.97561992898935 global supercoiling -0.031769960271818366
frame 342 time 342.0 binding_event at gene mKalama1 enzyme RNAP with twist -66.95995766759776 superhelical -0.19840174937275454 global twist -96.96689099270023 global supercoiling -0.03196764256979342
frame 346 time 346.0 unbinding_event at gene mKalama1 enzyme RNAP with twist 42.46393674734548 superhelical 0.37611821957867114 global twist -96.96415737020034 global supercoiling -0.03216982568119557
frame 352 time 352.0 unbinding_event at gene mKalama1 enzyme RNAP with twist 8.91991196583706 superhelical 0.41457411549674494 global twist -96.96130710309959 global supercoiling -0.0319658016962223
frame 354 time 354.0 binding_event at gene mKalama1 enzyme RNAP with twist -54.954032553801724 superhelical -0.2068359508999775 global twist -96.96058919508496 global supercoiling -0.03176503608758167
frame 368 time 368.0 unbinding_event at gene mKalama1 enzyme RNAP with twist 23.789271135374854 superhelical 0.42984570576264625 global twist -96.95428570397769 global supercoiling -0.03196348691047253
frame 380 time 380.0 unbinding_event at gene mKalama1 enzyme RNAP with twist -42.439829999858816 superhelical 0.4331394379839416 global twist -96.95178346784161 global supercoiling -0.03176215126348989
frame 408 time 408.0 binding_event at gene mKalama1 enzyme RNAP with twist -42.434548571562274 superhelical -0.059893172053962204 global twist -96.94139204957321 global supercoiling -0.03156075749394873
frame 410 time 410.0 binding_event at gene tetA enzyme RNAP with twist 7.759350275105248 superhelical 0.0033359554901921306 global twist -96.94017485680999 global supercoiling -0.03175834819307327
frame 416 time 416.0 binding_event at gene tetA enzyme RNAP with twist 1.9383403954533565 superhelical 0.0028539319656181138 global twist -36.819564938925545 global supercoiling -0.01213852150453579
frame 428 time 428.0 binding_event at gene tetA enzyme RNAP with twist 1.6582630167270564 superhelical 0.0021073520445742877 global twist -15.27645975362819 global supercoiling -0.005068275336253802
frame 434 time 434.0 unbinding_event at gene mKalama1 enzyme RNAP with twist -42.4304021613079 superhelical 0.3762461657316399 global twist 27.80633303517416 global supercoiling 0.009284297940854754
frame 448 time 448.0 binding_event at gene tetA enzyme RNAP with twist 1.224466455697317 superhelical 0.0013159092188306323 global twist 27.80753821067797 global supercoiling 0.00922571474988776
frame 449 time 449.0 unbinding_event at gene tetA enzyme RNAP with twist 149.70535124907477 superhelical 0.0031235807415284935 global twist 99.61319418472748 global supercoiling 0.03325999773078089
frame 455 time 455.0 unbinding_event at gene tetA enzyme RNAP with twist 171.67724731680022 superhelical 0.0021961041875108857 global twist 99.61260150237453 global supercoiling 0.033048500733598114
frame 467 time 467.0 unbinding_event at gene tetA enzyme RNAP with twist 215.21689991049303 superhelical 0.0013473361038750572 global twist 99.61493015139416 global supercoiling 0.03284063714009801
frame 470 time 470.0 binding_event at gene Raspberry enzyme RNAP with twist -78.22157632846955 superhelical -0.08094004987970102 global twist 99.61592638382217 global supercoiling 0.03263494500959976
frame 487 time 487.0 unbinding_event at gene tetA enzyme RNAP with twist 213.83959275165532 superhelical 0.0008378674435964224 global twist 99.62644262280757 global supercoiling 0.03284443252393956
frame 496 time 496.0 unbinding_event at gene Raspberry enzyme RNAP with twist 144.17987855792978 superhelical -0.18976225504556965 global twist 99.63014441918679 global supercoiling 0.032639602947533104
frame 500 time 500.0 binding_event at gene mKalama1 enzyme RNAP with twist -42.41769164417226 superhelical -0.05986937976945684 global twist 99.63100887691101 global supercoiling 0.03243640351722683
frame 526 time 526.0 unbinding_event at gene mKalama1 enzyme RNAP with twist -42.41354740829079 superhelical 0.37634611648230437 global twist 99.63422715499283 global supercoiling 0.03264094048324005
frame 554 time 554.0 binding_event at gene mKalama1 enzyme RNAP with twist -42.40826933103051 superhelical -0.059856080883498544 global twist 99.63849343095202 global supercoiling 0.0324388402286258
frame 580 time 580.0 unbinding_event at gene mKalama1 enzyme RNAP with twist -42.404126310387284 superhelical 0.37640198474761744 global twist 99.64168365667288 global supercoiling 0.0326433832906417
frame 581 time 581.0 binding_event at gene tetA enzyme RNAP with twist 213.83959275165532 superhelical 0.09193545054268837 global twist 99.6416466552279 global supercoiling 0.032439866809166794
frame 620 time 620.0 unbinding_event at gene tetA enzyme RNAP with twist 213.82904850398438 superhelical 0.041424279571670726 global twist 169.3243429756415 global supercoiling 0.05547195937831569
frame 642 time 642.0 binding_event at gene tetA enzyme RNAP with twist 213.82904850398438 superhelical 0.09193091728414729 global twist 169.32760453824392 global supercoiling 0.05512719954681419
frame 649 time 649.0 binding_event at gene mKalama1 enzyme RNAP with twist -42.39083769337715 superhelical -0.05983147743870416 global twist 169.3320362702686 global supercoiling 0.05547447976091124
frame 657 time 657.0 binding_event at gene mKalama1 enzyme RNAP with twist -32.30147374954698 superhelical -0.16660451164238196 global twist 169.3332499309275 global supercoiling 0.055825083732765006
frame 667 time 667.0 binding_event at gene mKalama1 enzyme RNAP with twist -45.87100728879998 superhelical -0.19962571438405524 global twist 169.33605008069264 global supercoiling 0.05618066882012889
frame 669 time 669.0 binding_event at gene mKalama1 enzyme RNAP with twist -19.125858054056927 superhelical -0.2219564994920801 global twist 169.33709088618008 global supercoiling 0.05654021341958832
frame 675 time 675.0 unbinding_event at gene mKalama1 enzyme RNAP with twist 35.80033422669945 superhelical 0.376505343165455 global twist 169.34203128032505 global supercoiling 0.056905695594330175
frame 678 time 678.0 binding_event at gene tetA enzyme RNAP with twist 53.41600362679929 superhelical 0.04386482588840639 global twist 169.34415231496538 global supercoiling 0.05654257117055994
frame 681 time 681.0 unbinding_event at gene tetA enzyme RNAP with twist 331.94654390581854 superhelical 0.04453324486725389 global twist 298.59984928078984 global supercoiling 0.10034149229943548
frame 683 time 683.0 unbinding_event at gene mKalama1 enzyme RNAP with twist 30.600289108551898 superhelical 0.41792080604436865 global twist 298.6002184668329 global supercoiling 0.09970007156080345
frame 693 time 693.0 unbinding_event at gene mKalama1 enzyme RNAP with twist 60.66396087777211 superhelical 0.430747358424764 global twist 298.60182277369427 global supercoiling 0.09906721047492098
frame 695 time 695.0 unbinding_event at gene mKalama1 enzyme RNAP with twist -42.371425957989246 superhelical 0.43944318399800575 global twist 298.60207265341415 global supercoiling 0.09844189322211468
frame 710 time 710.0 binding_event at gene tetA enzyme RNAP with twist 25.487439568364675 superhelical 0.02224164278728074 global twist 298.60657419582424 global supercoiling 0.09782581442688168
frame 715 time 715.0 binding_event at gene tetA enzyme RNAP with twist 12.923396251113367 superhelical 0.019544466195881984 global twist 413.4968176033484 global supercoiling 0.13631991635047894
frame 717 time 717.0 unbinding_event at gene tetA enzyme RNAP with twist 473.7544492159657 superhelical 0.022622892753504986 global twist 431.44873585227793 global supercoiling 0.14314186807965346
frame 732 time 732.0 binding_event at gene mKalama1 enzyme RNAP with twist -42.364395850729 superhelical -0.05979415676758923 global twist 431.44862861427 global supercoiling 0.14223819497117665
frame 746 time 746.0 binding_event at gene tetA enzyme RNAP with twist 11.356215167267944 superhelical 0.010067732984722232 global twist 431.4525471685928 global supercoiling 0.143143132561136
frame 749 time 749.0 unbinding_event at gene tetA enzyme RNAP with twist 590.2007923108232 superhelical 0.022118522333945317 global twist 542.7502650867766 global supercoiling 0.18121969416712666
frame 754 time 754.0 unbinding_event at gene tetA enzyme RNAP with twist 613.6568122953918 superhelical 0.010245072304670717 global twist 542.7490888400275 global supercoiling 0.18006801740100903
frame 756 time 756.0 binding_event at gene mKalama1 enzyme RNAP with twist -89.74150843229641 superhelical -0.18652916543406878 global twist 542.7489473250008 global supercoiling 0.1789312225605276
frame 758 time 758.0 unbinding_event at gene mKalama1 enzyme RNAP with twist -20.427204475104816 superhelical 0.3766621263188006 global twist 542.7495244114514 global supercoiling 0.18006816191066247
frame 773 time 773.0 binding_event at gene mKalama1 enzyme RNAP with twist -72.19428714722802 superhelical -0.20310743342762422 global twist 542.7539170056867 global supercoiling 0.1789328609442504
frame 780 time 780.0 binding_event at gene Raspberry enzyme RNAP with twist -116.21880581173248 superhelical -0.09833740403257231 global twist 542.7569020913104 global supercoiling 0.18007060960557814
frame 781 time 781.0 binding_event at gene tetA enzyme RNAP with twist 5.849806327542267 superhelical 0.005269956187690182 global twist 542.7575764181415 global supercoiling 0.1812221353584427
frame 782 time 782.0 unbinding_event at gene mKalama1 enzyme RNAP with twist 5.700407467331878 superhelical 0.42580232249897726 global twist 658.7062818818318 global supercoiling 0.22135165664093256
frame 785 time 785.0 unbinding_event at gene tetA enzyme RNAP with twist 728.2114174379716 superhelical 0.0053518994971409745 global twist 658.7066489069085 global supercoiling 0.21993654382034708
frame 798 time 798.0 binding_event at gene tetA enzyme RNAP with twist 2.589051749278815 superhelical 0.005374700658501415 global twist 658.707724217421 global supercoiling 0.21853964637704246
frame 799 time 799.0 unbinding_event at gene mKalama1 enzyme RNAP with twist -42.35447513400082 superhelical 0.4322471400301722 global twist 658.7095220625484 global supercoiling 0.21993750314256183
frame 805 time 805.0 binding_event at gene tetA enzyme RNAP with twist 1.0002423528269706 superhelical 0.005666209846759118 global twist 658.7102800622413 global supercoiling 0.2185404943303952
frame 806 time 806.0 unbinding_event at gene Raspberry enzyme RNAP with twist -102.71147369116956 superhelical -0.19177708266200164 global twist 658.7110867506094 global supercoiling 0.21993802557858835
frame 812 time 812.0 binding_event at gene Raspberry enzyme RNAP with twist -120.66218263957538 superhelical -0.17308310688337147 global twist 658.7119179504036 global supercoiling 0.21854103773301012
frame 820 time 820.0 unbinding_event at gene tetA enzyme RNAP with twist 855.4526894812149 superhelical 0.005545889488847895 global twist 658.7151741361884 global supercoiling 0.21993939032184542
frame 837 time 837.0 unbinding_event at gene tetA enzyme RNAP with twist 917.139246986095 superhelical 0.0061413935741071604 global twist 658.7238241776128 global supercoiling 0.21854498786535
frame 838 time 838.0 unbinding_event at gene Raspberry enzyme RNAP with twist -217.58926149439694 superhelical -0.2004335918072021 global twist 658.7243392187844 global supercoiling 0.2171655088926664
frame 842 time 842.0 binding_event at gene mKalama1 enzyme RNAP with twist -42.34627683716627 superhelical -0.05976858314342471 global twist 658.7260900419799 global supercoiling 0.21580374248670248
frame 844 time 844.0 unbinding_event at gene tetA enzyme RNAP with twist 703.1401264648104 superhelical 0.00026556250325878003 global twist 658.7273015952665 global supercoiling 0.21716648551666212
frame 848 time 848.0 binding_event at gene tetA enzyme RNAP with twist 703.1401264648104 superhelical 0.3022990433593819 global twist 658.7287717240869 global supercoiling 0.2158046210264227
frame 861 time 861.0 binding_event at gene mKalama1 enzyme RNAP with twist -71.78926962442627 superhelical -0.18343880699951845 global twist 658.7271332433946 global supercoiling 0.21716643001511504
frame 864 time 864.0 binding_event at gene tetA enzyme RNAP with twist 175.64936012280188 superhelical 0.2045521749839441 global twist 658.7269362221708 global supercoiling 0.21854602034924572
frame 868 time 868.0 unbinding_event at gene mKalama1 enzyme RNAP with twist -2.6420563325330875 superhelical 0.37676956044219945 global twist 716.1759178239506 global supercoiling 0.2391250435910282
frame 879 time 879.0 binding_event at gene mKalama1 enzyme RNAP with twist -75.5995022201022 superhelical -0.20246211854642274 global twist 716.1707526479055 global supercoiling 0.23760417143308538
frame 885 time 885.0 binding_event at gene tetA enzyme RNAP with twist 118.85402695417466 superhelical 0.12531240499016388 global twist 716.1690037328698 global supercoiling 0.23912273503486212
frame 887 time 887.0 unbinding_event at gene tetA enzyme RNAP with twist 727.8857655531765 superhelical 0.21183523561214804 global twist 791.5711292420209 global supercoiling 0.265999559479361
frame 887 time 887.0 unbinding_event at gene mKalama1 enzyme RNAP with twist 2.089505992858399 superhelical 0.4247217843291812 global twist 791.5711292420209 global supercoiling 0.265999559479361
frame 903 time 903.0 unbinding_event at gene tetA enzyme RNAP with twist 831.3651975386709 superhelical 0.12865208553571494 global twist 791.5634024319861 global supercoiling 0.26261721199339744
frame 905 time 905.0 binding_event at gene tetA enzyme RNAP with twist 72.81215152839343 superhelical 0.07824973970768431 global twist 791.5627865935433 global supercoiling 0.2609591374366844
frame 905 time 905.0 binding_event at gene Raspberry enzyme RNAP with twist 45.466623237344066 superhelical 0.001075080923380535 global twist 791.5627865935433 global supercoiling 0.2609591374366844
frame 905 time 905.0 unbinding_event at gene mKalama1 enzyme RNAP with twist -42.33647377354146 superhelical 0.43211361708759116 global twist 791.5627865935433 global supercoiling 0.2609591374366844
frame 920 time 920.0 binding_event at gene Raspberry enzyme RNAP with twist -48.90203020034444 superhelical -0.15189869563744732 global twist 863.3716498610421 global supercoiling 0.2864410543792524
frame 922 time 922.0 binding_event at gene tetA enzyme RNAP with twist 45.466623237344066 superhelical 0.09099460749240895 global twist 863.3719520412229 global supercoiling 0.28827254663131346
frame 923 time 923.0 binding_event at gene Raspberry enzyme RNAP with twist -20.22360569880178 superhelical -0.1898663570118547 global twist 868.3272106855374 global supercoiling 0.29179267281699367
frame 924 time 924.0 unbinding_event at gene tetA enzyme RNAP with twist 934.0989815586211 superhelical 0.08044007690844641 global twist 868.3273643530894 global supercoiling 0.29368249721046136
frame 931 time 931.0 unbinding_event at gene Raspberry enzyme RNAP with twist -20.880467530507513 superhelical -0.15770102132537883 global twist 868.3298547174684 global supercoiling 0.29179356131747447
frame 944 time 944.0 unbinding_event at gene tetA enzyme RNAP with twist 1032.7950731342687 superhelical 0.094021023922007 global twist 868.3363339824517 global supercoiling 0.2899301115096548
frame 946 time 946.0 unbinding_event at gene Raspberry enzyme RNAP with twist -29.280146202619918 superhelical -0.2420704150940896 global twist 868.3375902556292 global supercoiling 0.28808860581650303
frame 949 time 949.0 unbinding_event at gene Raspberry enzyme RNAP with twist -138.02945958803795 superhelical -0.20237730848642796 global twist 868.3394521646493 global supercoiling 0.28627055020398096
frame 961 time 961.0 unbinding_event at gene tetA enzyme RNAP with twist 912.7163109740619 superhelical 0.014398682670492557 global twist 868.3441008913034 global supercoiling 0.2844762179173012
frame 986 time 986.0 binding_event at gene mKalama1 enzyme RNAP with twist -42.32086622307727 superhelical -0.05973271797381973 global twist 868.3474137818085 global supercoiling 0.28270382307745984
frame 996 time 996.0 binding_event at gene mKalama1 enzyme RNAP with twist -39.47584784728772 superhelical -0.17179466493545223 global twist 868.3500337016575 global supercoiling 0.28447816155168465
frame 1012 time 1012.0 unbinding_event at gene mKalama1 enzyme RNAP with twist 29.00009158713498 superhelical 0.37692022908307743 global twist 868.3536457772246 global supercoiling 0.28627522949532397
frame 1022 time 1022.0 unbinding_event at gene mKalama1 enzyme RNAP with twist -42.3124640502314 superhelical 0.4203825265140543 global twist 868.3531828298259 global supercoiling 0.28447919323033616
frame 1046 time 1046.0 binding_event at gene Raspberry enzyme RNAP with twist 912.695310978842 superhelical 0.39239251040141804 global twist 868.3558978372106 global supercoiling 0.28270658519186165
frame 1047 time 1047.0 binding_event at gene mKalama1 enzyme RNAP with twist -42.30778390352446 superhelical -0.05971425326423245 global twist 868.3557688243849 global supercoiling 0.2844800404220784
frame 1057 time 1057.0 binding_event at gene tetA enzyme RNAP with twist 912.7163109740619 superhelical 0.4437779405258293 global twist 868.357185853771 global supercoiling 0.2862763965730816
frame 1070 time 1070.0 binding_event at gene Raspberry enzyme RNAP with twist -61.747787695958856 superhelical -0.1277084024584258 global twist 853.3062444000082 global supercoiling 0.28310165198692544
frame 1072 time 1072.0 unbinding_event at gene Raspberry enzyme RNAP with twist 84.55142165632853 superhelical -0.13067655106818934 global twist 853.3065926581803 global supercoiling 0.28491180879954925
frame 1073 time 1073.0 unbinding_event at gene mKalama1 enzyme RNAP with twist -42.303653836468875 superhelical 0.37699779884830287 global twist 853.3067668195463 global supercoiling 0.28310182531020206
frame 1087 time 1087.0 binding_event at gene mKalama1 enzyme RNAP with twist -42.30111923623036 superhelical -0.05970484658787169 global twist 853.3083052884047 global supercoiling 0.2813151440252882
frame 1096 time 1096.0 binding_event at gene tetA enzyme RNAP with twist 138.35472738361543 superhelical 0.18874147511343434 global twist 853.3108060607967 global supercoiling 0.2831031654104044
frame 1096 time 1096.0 unbinding_event at gene tetA enzyme RNAP with twist 1048.3027982580638 superhelical 0.19139476695426333 global twist 853.3108060607967 global supercoiling 0.2831031654104044
frame 1096 time 1096.0 unbinding_event at gene Raspberry enzyme RNAP with twist -96.86288423821912 superhelical -0.19517861769336015 global twist 853.3108060607967 global supercoiling 0.2831031654104044
frame 1113 time 1113.0 unbinding_event at gene mKalama1 enzyme RNAP with twist -42.29699002789835 superhelical 0.377037316051934 global twist 907.1232331094304 global supercoiling 0.2990566262971215
frame 1125 time 1125.0 binding_event at gene Raspberry enzyme RNAP with twist -197.3868538099755 superhelical -0.18074437347657896 global twist 907.1274698148327 global supercoiling 0.2971819483968799
frame 1135 time 1135.0 unbinding_event at gene tetA enzyme RNAP with twist 1002.1825624787766 superhelical 0.007723714543546881 global twist 907.1336603446557 global supercoiling 0.2990600639047962
frame 1137 time 1137.0 binding_event at gene tetA enzyme RNAP with twist 1002.1825624787766 superhelical 0.4915686062047241 global twist 907.1346482956199 global supercoiling 0.2971843001224949
frame 1146 time 1146.0 binding_event at gene tetA enzyme RNAP with twist 144.4295973516523 superhelical 0.5081267066242517 global twist 903.5455769106663 global supercoiling 0.29787715943550674
frame 1151 time 1151.0 unbinding_event at gene Raspberry enzyme RNAP with twist -40.98590081825539 superhelical -0.2013208652035099 global twist 903.547170718397 global supercoiling 0.2997700982000317
frame 1176 time 1176.0 unbinding_event at gene tetA enzyme RNAP with twist 1078.5827060855922 superhelical 0.5422320682734181 global twist 903.5495702352014 global supercoiling 0.297878475938182
frame 1185 time 1185.0 unbinding_event at gene tetA enzyme RNAP with twist 947.8429354319807 superhelical 0.05210951376517848 global twist 903.5526176787974 global supercoiling 0.29601079929339774
frame 1205 time 1205.0 binding_event at gene tetA enzyme RNAP with twist 947.8429354319807 superhelical 0.4075034290485426 global twist 903.5552226394278 global supercoiling 0.2941662654228348
frame 1244 time 1244.0 unbinding_event at gene tetA enzyme RNAP with twist 947.8230380196603 superhelical 0.18361291397036422 global twist 903.554878484124 global supercoiling 0.2960115399506419
frame 1254 time 1254.0 binding_event at gene mKalama1 enzyme RNAP with twist -42.26970704684315 superhelical -0.05966051064635962 global twist 903.5558115651429 global supercoiling 0.29416645715663686
frame 1262 time 1262.0 binding_event at gene mKalama1 enzyme RNAP with twist -32.29124351198991 superhelical -0.16655174613250473 global twist 903.5580929649329 global supercoiling 0.296012593039322
frame 1280 time 1280.0 unbinding_event at gene mKalama1 enzyme RNAP with twist 35.91829177919648 superhelical 0.3772235701991867 global twist 903.5623936453424 global supercoiling 0.29788270350686774
frame 1283 time 1283.0 binding_event at gene tetA enzyme RNAP with twist 947.8230380196603 superhelical 0.4074948746104109 global twist 903.5624110898727 global supercoiling 0.2960140076903228
frame 1285 time 1285.0 binding_event at gene tetA enzyme RNAP with twist 236.7728762328506 superhelical 0.3898300721642453 global twist 903.5712538739156 global supercoiling 0.29788562451028666
frame 1288 time 1288.0 unbinding_event at gene mKalama1 enzyme RNAP with twist -42.26082839408667 superhelical 0.41868484441691184 global twist 910.7508001266383 global supercoiling 0.3021600483488305
frame 1322 time 1322.0 unbinding_event at gene tetA enzyme RNAP with twist 864.9103718172838 superhelical 0.6120231239162119 global twist 910.7376139545856 global supercoiling 0.30024820038788747
frame 1324 time 1324.0 unbinding_event at gene tetA enzyme RNAP with twist 954.9739642129141 superhelical 0.17564965200532817 global twist 910.7371302654374 global supercoiling 0.2983645009724081
frame 1388 time 1388.0 binding_event at gene mKalama1 enzyme RNAP with twist -42.24155064075439 superhelical -0.0596207699979714 global twist 910.7442185336083 global supercoiling 0.2965067533325318
frame 1413 time 1413.0 binding_event at gene tetA enzyme RNAP with twist 954.9739642129141 superhelical 0.41056925205807937 global twist 910.7463070442502 global supercoiling 0.2983675073558529
frame 1413 time 1413.0 binding_event at gene mKalama1 enzyme RNAP with twist -93.32127509529907 superhelical -0.18699243811041014 global twist 910.7463070442502 global supercoiling 0.2983675073558529
frame 1414 time 1414.0 unbinding_event at gene mKalama1 enzyme RNAP with twist -23.867044538775467 superhelical 0.37739051964673104 global twist 910.7682253457899 global supercoiling 0.30216582951867477
frame 1439 time 1439.0 unbinding_event at gene mKalama1 enzyme RNAP with twist -42.234520915490705 superhelical 0.4267779908315611 global twist 910.7625911818707 global supercoiling 0.300256434776616
frame 1444 time 1444.0 binding_event at gene tetA enzyme RNAP with twist 238.55922800379204 superhelical 0.21149217174981172 global twist 910.7617200275972 global supercoiling 0.29837255676795216
frame 1452 time 1452.0 unbinding_event at gene tetA enzyme RNAP with twist 975.6909013271998 superhelical 0.21525622045167467 global twist 1022.0684970881139 global supercoiling 0.33695130432941733
frame 1483 time 1483.0 unbinding_event at gene tetA enzyme RNAP with twist 1066.2485651484883 superhelical 0.09529415256105206 global twist 1022.0662176951632 global supercoiling 0.33483676778885224
frame 1497 time 1497.0 binding_event at gene mKalama1 enzyme RNAP with twist -42.223427665446664 superhelical -0.05959519078210193 global twist 1022.0677316417698 global supercoiling 0.33274983099314986
frame 1523 time 1523.0 unbinding_event at gene mKalama1 enzyme RNAP with twist -42.21930846358866 superhelical 0.37749797728255524 global twist 1022.0696766133858 global supercoiling 0.33483790095711247
frame 1526 time 1526.0 binding_event at gene tetA enzyme RNAP with twist 1066.2485651484883 superhelical 0.45840922612149176 global twist 1022.0698138629725 global supercoiling 0.3327505088922087
frame 1526 time 1526.0 binding_event at gene mKalama1 enzyme RNAP with twist -42.218919321273994 superhelical -0.059588827593560954 global twist 1022.0698138629725 global supercoiling 0.3327505088922087
frame 1546 time 1546.0 binding_event at gene Raspberry enzyme RNAP with twist 194.54357583122953 superhelical 0.20907202782848114 global twist 1022.077744573206 global supercoiling 0.33695435300195975
frame 1552 time 1552.0 unbinding_event at gene mKalama1 enzyme RNAP with twist -42.21480069986012 superhelical 0.37752470887641093 global twist 1022.0748750570624 global supercoiling 0.33909406790575924
frame 1560 time 1560.0 binding_event at gene mKalama1 enzyme RNAP with twist -42.213438869432615 superhelical -0.05958109234819795 global twist 1022.0754106647414 global supercoiling 0.3369535835686942
frame 1565 time 1565.0 unbinding_event at gene tetA enzyme RNAP with twist 1125.0251244966971 superhelical 0.3038330092586816 global twist 1022.0769968066929 global supercoiling 0.33909477183922915
frame 1569 time 1569.0 binding_event at gene mKalama1 enzyme RNAP with twist -35.876633140581056 superhelical -0.16936273110477074 global twist 1022.0785265525506 global supercoiling 0.3369546108016678
frame 1572 time 1572.0 unbinding_event at gene Raspberry enzyme RNAP with twist 1066.2310396633757 superhelical -0.156179791089853 global twist 1022.0803035454487 global supercoiling 0.33909586891687343
frame 1586 time 1586.0 unbinding_event at gene mKalama1 enzyme RNAP with twist 32.552370094641454 superhelical 0.3775572044464857 global twist 1022.0833101013209 global supercoiling 0.3369561878221924
frame 1595 time 1595.0 unbinding_event at gene mKalama1 enzyme RNAP with twist -42.204811612083404 superhelical 0.4201372070442715 global twist 1022.0828023352938 global supercoiling 0.33484220104474127
frame 1605 time 1605.0 binding_event at gene Raspberry enzyme RNAP with twist 1066.223039663505 superhelical 0.45839825202201817 global twist 1022.0836974911977 global supercoiling 0.33275502892038533
frame 1619 time 1619.0 binding_event at gene mKalama1 enzyme RNAP with twist -42.20033830076042 superhelical -0.05956260188135193 global twist 1022.08382461055 global supercoiling 0.3348425359499917
frame 1630 time 1630.0 binding_event at gene mKalama1 enzyme RNAP with twist -43.055810299489494 superhelical -0.17379643212295232 global twist 1022.0890589102692 global supercoiling 0.33695808306569025
frame 1631 time 1631.0 unbinding_event at gene Raspberry enzyme RNAP with twist 1066.2180572266448 superhelical -0.12730916254724967 global twist 1022.0896233801964 global supercoiling 0.33909896096106107
frame 1633 time 1633.0 binding_event at gene mKalama1 enzyme RNAP with twist -21.17037912808862 superhelical -0.2033240810133927 global twist 1022.0904291846923 global supercoiling 0.3369585348120805
frame 1636 time 1636.0 binding_event at gene tetA enzyme RNAP with twist 1125.0251244966971 superhelical 0.4836788658336391 global twist 1022.0918418757897 global supercoiling 0.3390996969919662
frame 1645 time 1645.0 unbinding_event at gene mKalama1 enzyme RNAP with twist 25.64999787209409 superhelical 0.37763488243111265 global twist 1080.901428784418 global supercoiling 0.36090378752335467
frame 1656 time 1656.0 unbinding_event at gene mKalama1 enzyme RNAP with twist 56.14410069672753 superhelical 0.42193749043712814 global twist 1080.9007655496425 global supercoiling 0.3586107500903145
frame 1657 time 1657.0 binding_event at gene tetA enzyme RNAP with twist 281.0392065568029 superhelical 0.2963105228545512 global twist 1080.9006788202964 global supercoiling 0.3563468540676999
frame 1659 time 1659.0 unbinding_event at gene mKalama1 enzyme RNAP with twist -42.18618338060597 superhelical 0.43342117736120267 global twist 1156.3029787683993 global supercoiling 0.3836269635140308
frame 1669 time 1669.0 binding_event at gene mKalama1 enzyme RNAP with twist -42.184433701028674 superhelical -0.05954015373567232 global twist 1156.2988607409593 global supercoiling 0.38120381406070886
frame 1675 time 1675.0 binding_event at gene mKalama1 enzyme RNAP with twist -25.103757884076224 superhelical -0.15890744376153462 global twist 1156.2976896725254 global supercoiling 0.3836252087492096
frame 1675 time 1675.0 unbinding_event at gene tetA enzyme RNAP with twist 1096.4562787186003 superhelical 0.3042252897012291 global twist 1156.2976896725254 global supercoiling 0.3836252087492096
frame 1680 time 1680.0 binding_event at gene mKalama1 enzyme RNAP with twist -27.459707595533974 superhelical -0.19610536793468636 global twist 1156.2981999702156 global supercoiling 0.38362537805081737
frame 1691 time 1691.0 binding_event at gene tetA enzyme RNAP with twist 172.16975997896256 superhelical 0.14567975579330084 global twist 1156.3008696237953 global supercoiling 0.3860790190952816
frame 1695 time 1695.0 unbinding_event at gene mKalama1 enzyme RNAP with twist 42.72690327468806 superhelical 0.37772918652692616 global twist 1278.3820302644533 global supercoiling 0.4295874929424145
frame 1696 time 1696.0 unbinding_event at gene tetA enzyme RNAP with twist 1259.3710186434844 superhelical 0.14803641509391025 global twist 1278.3819481231694 global supercoiling 0.42684085217464895
frame 1701 time 1701.0 unbinding_event at gene mKalama1 enzyme RNAP with twist 48.54846338559799 superhelical 0.41627741154823994 global twist 1278.3813235210455 global supercoiling 0.4241289301855678
frame 1706 time 1706.0 unbinding_event at gene mKalama1 enzyme RNAP with twist -42.16957061297181 superhelical 0.4307308318820316 global twist 1278.380080758151 global supercoiling 0.4214510444920495
frame 1730 time 1730.0 unbinding_event at gene tetA enzyme RNAP with twist 1322.462072480578 superhelical 0.06564039112542698 global twist 1278.3812034817383 global supercoiling 0.4188075320023113
frame 1735 time 1735.0 binding_event at gene tetA enzyme RNAP with twist 1322.462072480578 superhelical 0.5685623737617138 global twist 1278.3818504580092 global supercoiling 0.41619682484380305
frame 1756 time 1756.0 binding_event at gene mKalama1 enzyme RNAP with twist -42.1600494122972 superhelical -0.05950573714707718 global twist 1278.3798198498364 global supercoiling 0.41880707871383954
frame 1774 time 1774.0 unbinding_event at gene tetA enzyme RNAP with twist 1322.4420771333985 superhelical 0.2561828607529579 global twist 1278.377807853086 global supercoiling 0.42145029517013183
frame 1782 time 1782.0 unbinding_event at gene mKalama1 enzyme RNAP with twist -42.15593836810555 superhelical 0.37787376975547854 global twist 1278.3768687046695 global supercoiling 0.4188061118959447
frame 1785 time 1785.0 binding_event at gene tetA enzyme RNAP with twist 1322.4420771333985 superhelical 0.5685537772187255 global twist 1278.3769888827796 global supercoiling 0.4161952420833989
frame 1800 time 1800.0 binding_event at gene mKalama1 enzyme RNAP with twist -42.15263595602321 superhelical -0.059495273611418646 global twist 1278.37730857982 global supercoiling 0.41880625600243315
frame 1809 time 1809.0 binding_event at gene mKalama1 enzyme RNAP with twist -35.87149795908082 superhelical -0.16933848946648236 global twist 1278.3773811498675 global supercoiling 0.42145015449638396
frame 1823 time 1823.0 binding_event at gene tetA enzyme RNAP with twist 330.3553529448238 superhelical 0.263515855694216 global twist 1278.3771008014915 global supercoiling 0.42412752921271724
frame 1824 time 1824.0 unbinding_event at gene tetA enzyme RNAP with twist 1312.9326600688928 superhelical 0.26732038471584035 global twist 1414.8211385224456 global supercoiling 0.4723967366155603
frame 1826 time 1826.0 unbinding_event at gene mKalama1 enzyme RNAP with twist 32.611714565400945 superhelical 0.3779177268084418 global twist 1414.8207076508736 global supercoiling 0.4693954629183648
frame 1835 time 1835.0 unbinding_event at gene mKalama1 enzyme RNAP with twist -42.14401660888234 superhelical 0.4205215946501473 global twist 1414.817907157805 global supercoiling 0.466431301388932
frame 1843 time 1843.0 binding_event at gene mKalama1 enzyme RNAP with twist -42.142657161645914 superhelical -0.059481189294072305 global twist 1414.8165761213977 global supercoiling 0.4635048112938146
frame 1848 time 1848.0 binding_event at gene tetA enzyme RNAP with twist 153.1145812455484 superhelical 0.1500726662047412 global twist 1414.8169678288762 global supercoiling 0.4664309917148655
frame 1862 time 1862.0 unbinding_event at gene tetA enzyme RNAP with twist 1515.2699058017752 superhelical 0.15340820392819307 global twist 1504.5769011749103 global supercoiling 0.4991739004130767
frame 1868 time 1868.0 binding_event at gene tetA enzyme RNAP with twist 87.19897852752345 superhelical 0.0937109703439252 global twist 1504.575061285508 global supercoiling 0.49602206780272035
frame 1869 time 1869.0 unbinding_event at gene mKalama1 enzyme RNAP with twist -42.13854835524601 superhelical 0.37797689467604795 global twist 1576.386682192367 global supercoiling 0.5229982515979854
frame 1887 time 1887.0 unbinding_event at gene tetA enzyme RNAP with twist 1637.7672831446112 superhelical 0.09633645651786385 global twist 1576.3811162256673 global supercoiling 0.5196947902667908
frame 1891 time 1891.0 binding_event at gene mKalama1 enzyme RNAP with twist -42.13447070514497 superhelical -0.05946963472676269 global twist 1576.381220450745 global supercoiling 0.5164346336082521
frame 1907 time 1907.0 unbinding_event at gene tetA enzyme RNAP with twist 1620.4039857493262 superhelical 0.04222429336610273 global twist 1576.385962631785 global supercoiling 0.5196963880098651
frame 1917 time 1917.0 unbinding_event at gene mKalama1 enzyme RNAP with twist -42.13036295193934 superhelical 0.3780254351272733 global twist 1576.3853411810787 global supercoiling 0.5164359835912591
frame 1924 time 1924.0 binding_event at gene CDS enzyme RNAP with twist 1620.4039857493262 superhelical 0.696655696796257 global twist 1576.3858595573988 global supercoiling 0.5132166020985051
frame 1930 time 1930.0 unbinding_event at gene CDS enzyme RNAP with twist 1620.4004857493255 superhelical 0.6515150137039144 global twist 1576.388969500749 global supercoiling 0.5164371722567387
frame 1972 time 1972.0 binding_event at gene mKalama1 enzyme RNAP with twist -42.11988053440607 superhelical -0.059449041798694 global twist 1576.3929666502968 global supercoiling 0.5132189159216377
frame 1979 time 1979.0 binding_event at gene mKalama1 enzyme RNAP with twist -28.68844787770318 superhelical -0.16306815319180912 global twist 1576.3949477892193 global supercoiling 0.5164391307901034
frame 1998 time 1998.0 unbinding_event at gene mKalama1 enzyme RNAP with twist 39.4500328440094 superhelical 0.378111945509943 global twist 1576.3993848287264 global supercoiling 0.5197008129841004
frame 2004 time 2004.0 binding_event at gene mKalama1 enzyme RNAP with twist -99.51151708467964 superhelical -0.1993961310615153 global twist 1576.3990720843385 global supercoiling 0.5164404819409616
frame 2005 time 2005.0 unbinding_event at gene mKalama1 enzyme RNAP with twist -22.99815443485889 superhelical 0.41830655121961513 global twist 1576.3992278927662 global supercoiling 0.5197007612461038
frame 2007 time 2007.0 binding_event at gene tetA enzyme RNAP with twist 1620.4004857493255 superhelical 0.6966541920511684 global twist 1576.3996229186082 global supercoiling 0.5164406623985124
frame 2030 time 2030.0 unbinding_event at gene mKalama1 enzyme RNAP with twist -42.107952297901136 superhelical 0.43240543759900385 global twist 1576.4126895793647 global supercoiling 0.5197051992391255
frame 2046 time 2046.0 unbinding_event at gene tetA enzyme RNAP with twist 1620.3804861461715 superhelical 0.31389847818175615 global twist 1576.4100827022316 global supercoiling 0.5164440891042186
frame 2064 time 2064.0 binding_event at gene mKalama1 enzyme RNAP with twist -42.10154962472017 superhelical -0.05942316909909707 global twist 1576.4116112362778 global supercoiling 0.5132249859526563
frame 2082 time 2082.0 binding_event at gene mKalama1 enzyme RNAP with twist -68.1784591826549 superhelical -0.18258791235374966 global twist 1576.413969957787 global supercoiling 0.5164453625990892
frame 2090 time 2090.0 unbinding_event at gene mKalama1 enzyme RNAP with twist 1.1421135675597327 superhelical 0.378220636085514 global twist 1576.4152269384629 global supercoiling 0.5197060357451524
frame 2108 time 2108.0 unbinding_event at gene mKalama1 enzyme RNAP with twist -42.09456063072169 superhelical 0.42597736650664664 global twist 1576.4143818741088 global supercoiling 0.5164454975460501
frame 2115 time 2115.0 binding_event at gene tetA enzyme RNAP with twist 1620.3804861461715 superhelical 0.6966455936784209 global twist 1576.4148707087068 global supercoiling 0.5132260471239136
frame 2154 time 2154.0 unbinding_event at gene tetA enzyme RNAP with twist 1620.360486543083 superhelical 0.3138946039265646 global twist 1576.4259055186549 global supercoiling 0.5164492727807913
frame 2204 time 2204.0 binding_event at gene mKalama1 enzyme RNAP with twist -42.076137614093625 superhelical -0.059387301958384445 global twist 1576.430457942478 global supercoiling 0.5132311217870131
frame 2230 time 2230.0 unbinding_event at gene mKalama1 enzyme RNAP with twist -42.07203736317571 superhelical 0.3783713130682697 global twist 1576.431992873178 global supercoiling 0.5164512670450353
frame 2231 time 2231.0 binding_event at gene tetA enzyme RNAP with twist 1620.360486543083 superhelical 0.6966369953057017 global twist 1576.4318938223682 global supercoiling 0.5132315892597412
frame 2256 time 2256.0 binding_event at gene mKalama1 enzyme RNAP with twist -42.067191107029906 superhelical -0.059374674636900264 global twist 1576.4470092033694 global supercoiling 0.5164561865105046
frame 2270 time 2270.0 unbinding_event at gene tetA enzyme RNAP with twist 1620.34048694006 superhelical 0.31389072967138576 global twist 1576.4459970107 global supercoiling 0.519716179894986
frame 2271 time 2271.0 binding_event at gene tetA enzyme RNAP with twist 1620.34048694006 superhelical 0.6966283969330105 global twist 1576.445724718292 global supercoiling 0.5164557657032965
frame 2276 time 2276.0 binding_event at gene tetA enzyme RNAP with twist 404.77247564157403 superhelical 0.612150383187288 global twist 1576.4441099031974 global supercoiling 0.5197155577612089
frame 2282 time 2282.0 unbinding_event at gene mKalama1 enzyme RNAP with twist -42.063092006373644 superhelical 0.37842436013916964 global twist 1594.393722556666 global supercoiling 0.5289724524291451
frame 2288 time 2288.0 binding_event at gene mKalama1 enzyme RNAP with twist -42.06212292506217 superhelical -0.05936752127944007 global twist 1594.3910908239332 global supercoiling 0.5256322440178012
frame 2298 time 2298.0 binding_event at gene mKalama1 enzyme RNAP with twist -39.45399537812569 superhelical -0.1716995653284159 global twist 1594.3884144488038 global supercoiling 0.5289706913567112
frame 2307 time 2307.0 binding_event at gene CDS enzyme RNAP with twist 1344.8131090461816 superhelical 1.2348095413816147 global twist 1594.3860207367725 global supercoiling 0.5323519225109256
frame 2310 time 2310.0 unbinding_event at gene tetA enzyme RNAP with twist 590.6955661096201 superhelical 0.6950299066669486 global twist 1594.3842298446698 global supercoiling 0.5357768709751075
frame 2313 time 2313.0 unbinding_event at gene CDS enzyme RNAP with twist 1419.019131257678 superhelical 1.138553631311815 global twist 1594.3829284868962 global supercoiling 0.5323508900350099
frame 2314 time 2314.0 unbinding_event at gene mKalama1 enzyme RNAP with twist 29.253110831558864 superhelical 0.378454411220494 global twist 1594.382577868887 global supercoiling 0.5289687549529555
frame 2315 time 2315.0 unbinding_event at gene tetA enzyme RNAP with twist 1638.2606969705537 superhelical 0.2758227480625785 global twist 1594.3824772894905 global supercoiling 0.5256294043434803
frame 2320 time 2320.0 binding_event at gene mKalama1 enzyme RNAP with twist -89.25759443569179 superhelical -0.20048490229944355 global twist 1594.3817442828797 global supercoiling 0.5223317439070838
frame 2324 time 2324.0 unbinding_event at gene mKalama1 enzyme RNAP with twist -12.104808153707353 superhelical 0.42202138757759894 global twist 1594.382340610273 global supercoiling 0.5256293592836426
frame 2346 time 2346.0 unbinding_event at gene mKalama1 enzyme RNAP with twist -42.05109864242904 superhelical 0.4331956964254896 global twist 1594.3817706399043 global supercoiling 0.5223317525418482
frame 2366 time 2366.0 binding_event at gene mKalama1 enzyme RNAP with twist -42.04741736457655 superhelical -0.059346765487427115 global twist 1594.3834192118322 global supercoiling 0.5190759837695046
frame 2386 time 2386.0 binding_event at gene mKalama1 enzyme RNAP with twist -75.35417081558128 superhelical -0.18410289775270966 global twist 1594.385470119308 global supercoiling 0.5223329645198048
frame 2387 time 2387.0 binding_event at gene mKalama1 enzyme RNAP with twist -14.606833269999141 superhelical -0.21412168453785024 global twist 1594.3856208853479 global supercoiling 0.5256304407111283
frame 2392 time 2392.0 binding_event at gene Raspberry enzyme RNAP with twist 1638.2416969705498 superhelical 0.7043246134672596 global twist 1594.3851106637633 global supercoiling 0.5289695952590219
frame 2392 time 2392.0 unbinding_event at gene mKalama1 enzyme RNAP with twist -5.89388784594383 superhelical 0.3785416058011593 global twist 1594.3851106637633 global supercoiling 0.5289695952590219
frame 2399 time 2399.0 binding_event at gene tetA enzyme RNAP with twist 1638.2606969705537 superhelical 0.7696771222823703 global twist 1594.3819776586845 global supercoiling 0.5289685558210483
frame 2412 time 2412.0 unbinding_event at gene mKalama1 enzyme RNAP with twist 64.10962359706626 superhelical 0.42691427367578294 global twist 1613.0943480523563 global supercoiling 0.5385984737750995
frame 2413 time 2413.0 unbinding_event at gene mKalama1 enzyme RNAP with twist -42.04707067875752 superhelical 0.4385073601490133 global twist 1613.0939624089906 global supercoiling 0.5351766362488326
frame 2418 time 2418.0 unbinding_event at gene Raspberry enzyme RNAP with twist 242.11409910475317 superhelical -0.09883217735911026 global twist 1613.094153397198 global supercoiling 0.5317981921386666
frame 2431 time 2431.0 binding_event at gene tetA enzyme RNAP with twist 295.2277500022842 superhelical 0.2576308278762399 global twist 1613.0923267859396 global supercoiling 0.5284614748974098
frame 2438 time 2438.0 unbinding_event at gene tetA enzyme RNAP with twist 1632.169246204024 superhelical 0.2620691372855964 global twist 1709.290809295791 global supercoiling 0.5635119067962515
frame 2470 time 2470.0 unbinding_event at gene tetA enzyme RNAP with twist 1753.1245632213006 superhelical 0.11608331037950298 global twist 1709.2866375381823 global supercoiling 0.5599754722630521
frame 2534 time 2534.0 binding_event at gene mKalama1 enzyme RNAP with twist -42.02382855534164 superhelical -0.059313471658280506 global twist 1709.2922142345585 global supercoiling 0.5564863049641866
frame 2537 time 2537.0 binding_event at gene tetA enzyme RNAP with twist 1753.1245632213006 superhelical 0.7537158788194352 global twist 1709.2931565572524 global supercoiling 0.5599776079439276
frame 2560 time 2560.0 binding_event at gene CDS enzyme RNAP with twist 1397.7549462057357 superhelical 1.0569347935103102 global twist 1709.304309941302 global supercoiling 0.563516357633086
frame 2560 time 2560.0 unbinding_event at gene mKalama1 enzyme RNAP with twist -42.019735028496925 superhelical 0.37868147237733574 global twist 1709.304309941302 global supercoiling 0.563516357633086
frame 2562 time 2562.0 binding_event at gene tetA enzyme RNAP with twist 437.94287390992616 superhelical 0.4292422981429159 global twist 1709.3032914855312 global supercoiling 0.5635160218728104
frame 2566 time 2566.0 unbinding_event at gene CDS enzyme RNAP with twist 1422.884187434453 superhelical 1.0722085353568187 global twist 1799.0666818125962 global supercoiling 0.5968768575154441
frame 2570 time 2570.0 binding_event at gene mKalama1 enzyme RNAP with twist -42.0179925952037 superhelical -0.05930523463970938 global twist 1799.06478168618 global supercoiling 0.5931082177851488
frame 2576 time 2576.0 unbinding_event at gene tetA enzyme RNAP with twist 1647.31561854886 superhelical 0.4387988580936479 global twist 1799.0634794961627 global supercoiling 0.5968757950820228
frame 2579 time 2579.0 binding_event at gene tetA enzyme RNAP with twist 249.40910883667934 superhelical 0.2845012092128132 global twist 1799.0629461536257 global supercoiling 0.5931076126543869
frame 2596 time 2596.0 binding_event at gene mKalama1 enzyme RNAP with twist -96.89253594710647 superhelical -0.1874070873486772 global twist 1860.0945232521726 global supercoiling 0.6171240815831507
frame 2596 time 2596.0 unbinding_event at gene mKalama1 enzyme RNAP with twist -27.209094317368567 superhelical 0.3787160758952703 global twist 1860.0945232521726 global supercoiling 0.6171240815831507
frame 2601 time 2601.0 unbinding_event at gene tetA enzyme RNAP with twist 1821.1645007083666 superhelical 0.29400416000698987 global twist 1860.0930616767093 global supercoiling 0.6171235966758494
frame 2606 time 2606.0 binding_event at gene mKalama1 enzyme RNAP with twist -47.11583029840727 superhelical -0.20504305089489394 global twist 1860.0920875490403 global supercoiling 0.6132274469452159
frame 2618 time 2618.0 unbinding_event at gene tetA enzyme RNAP with twist 1903.8801553161568 superhelical 0.12819056804902162 global twist 1860.091955143444 global supercoiling 0.6171232295609976
frame 2622 time 2622.0 unbinding_event at gene mKalama1 enzyme RNAP with twist 31.295507115815568 superhelical 0.42838716602838284 global twist 1860.092378440101 global supercoiling 0.6132275428449746
frame 2632 time 2632.0 unbinding_event at gene mKalama1 enzyme RNAP with twist -42.00663219492077 superhelical 0.43525044005784314 global twist 1860.0915706002058 global supercoiling 0.6093803302643002
frame 2662 time 2662.0 binding_event at gene tetA enzyme RNAP with twist 1903.8801553161568 superhelical 0.8185298036063504 global twist 1860.0939488718175 global supercoiling 0.6055821233336969
frame 2666 time 2666.0 binding_event at gene mKalama1 enzyme RNAP with twist -42.00024575175787 superhelical -0.05928018630565857 global twist 1860.1040402892343 global supercoiling 0.6093844154305029
frame 2688 time 2688.0 binding_event at gene tetA enzyme RNAP with twist 475.6026835122172 superhelical 0.45809362495779027 global twist 1860.1002450330432 global supercoiling 0.6132301362707187
frame 2692 time 2692.0 unbinding_event at gene mKalama1 enzyme RNAP with twist -41.99615525529499 superhelical 0.3788213033493909 global twist 1953.4544921961833 global supercoiling 0.6480981446595104
frame 2701 time 2701.0 unbinding_event at gene tetA enzyme RNAP with twist 1781.3092902639546 superhelical 0.4678845996305591 global twist 1953.4505604248466 global supercoiling 0.6440054811917733
frame 2727 time 2727.0 unbinding_event at gene tetA enzyme RNAP with twist 1997.2003761210915 superhelical 0.20640784679072596 global twist 1953.4460334167516 global supercoiling 0.6399639715655918
frame 2746 time 2746.0 binding_event at gene mKalama1 enzyme RNAP with twist -41.98590144714186 superhelical -0.059259940399120595 global twist 1953.4473818387553 global supercoiling 0.6359747657004422
frame 2772 time 2772.0 unbinding_event at gene mKalama1 enzyme RNAP with twist -41.98181279359052 superhelical 0.37890635592233685 global twist 1953.4486064772984 global supercoiling 0.639964814520052
frame 2778 time 2778.0 binding_event at gene mKalama1 enzyme RNAP with twist -41.980845689789916 superhelical -0.05925280457807062 global twist 1953.4489105268324 global supercoiling 0.6359752633882993
frame 2787 time 2787.0 binding_event at gene tetA enzyme RNAP with twist 1997.2003761210915 superhelical 0.858650701864928 global twist 1953.451032509892 global supercoiling 0.6399656093070218
frame 2804 time 2804.0 unbinding_event at gene mKalama1 enzyme RNAP with twist -41.97675768572762 superhelical 0.3789363333377311 global twist 1953.4606170772954 global supercoiling 0.6440087966272549
frame 2826 time 2826.0 unbinding_event at gene tetA enzyme RNAP with twist 1997.1803761391152 superhelical 0.38689087309087944 global twist 1953.4567288743 global supercoiling 0.6399674754798916
frame 2828 time 2828.0 binding_event at gene tetA enzyme RNAP with twist 1997.1803761391152 superhelical 0.8586421033293146 global twist 1953.4566424704267 global supercoiling 0.635977780641163
frame 2829 time 2829.0 binding_event at gene mKalama1 enzyme RNAP with twist -41.97211639502131 superhelical -0.05924048383539548 global twist 1953.4567242333906 global supercoiling 0.6399674739594939
frame 2834 time 2834.0 binding_event at gene mKalama1 enzyme RNAP with twist -21.495684396708203 superhelical -0.15351289094971832 global twist 1953.456921058395 global supercoiling 0.6440075781390685
frame 2845 time 2845.0 binding_event at gene mKalama1 enzyme RNAP with twist -48.67774841924162 superhelical -0.19648960129181878 global twist 1953.457689272751 global supercoiling 0.6480992053544997
frame 2855 time 2855.0 unbinding_event at gene mKalama1 enzyme RNAP with twist 46.206775592839236 superhelical 0.3789880924867979 global twist 1953.4591502998414 global supercoiling 0.6522433844020563
frame 2860 time 2860.0 unbinding_event at gene mKalama1 enzyme RNAP with twist 27.241645021541366 superhelical 0.41556316783519626 global twist 1953.4588388787092 global supercoiling 0.6480995867595909
frame 2867 time 2867.0 unbinding_event at gene tetA enzyme RNAP with twist 1997.1603761571419 superhelical 0.3868869987623037 global twist 1953.4565851554999 global supercoiling 0.6440074673999948
frame 2871 time 2871.0 unbinding_event at gene mKalama1 enzyme RNAP with twist -41.95849878043906 superhelical 0.43224692159536227 global twist 1953.4558853001522 global supercoiling 0.6399671991185012
frame 2924 time 2924.0 binding_event at gene mKalama1 enzyme RNAP with twist -41.94844797792062 superhelical -0.05920707764573693 global twist 1953.4599442782542 global supercoiling 0.6359788555953588
frame 2950 time 2950.0 unbinding_event at gene mKalama1 enzyme RNAP with twist -41.94436413510823 superhelical 0.3791284311046268 global twist 1953.4610674979153 global supercoiling 0.6399688968464164
frame 2995 time 2995.0 binding_event at gene tetA enzyme RNAP with twist 1997.1603761571419 superhelical 0.8586335047937024 global twist 1953.4644116055078 global supercoiling 0.6359803100022857
frame 3034 time 3034.0 unbinding_event at gene tetA enzyme RNAP with twist 1997.1403761751712 superhelical 0.3868831244337286 global twist 1953.489441961494 global supercoiling 0.639978192539306
frame 3052 time 3052.0 binding_event at gene mKalama1 enzyme RNAP with twist -41.924851709955924 superhelical -0.05917377328915452 global twist 1953.4905795106947 global supercoiling 0.6359888293652974
frame 3053 time 3053.0 binding_event at gene mKalama1 enzyme RNAP with twist -7.1311198675977705 superhelical -0.1045351425916191 global twist 1953.4908814491669 global supercoiling 0.6399786641265586
frame 3075 time 3075.0 binding_event at gene tetA enzyme RNAP with twist 1997.1403761751712 superhelical 0.8586249062580914 global twist 1953.486486090083 global supercoiling 0.6440173250161303
frame 3078 time 3078.0 binding_event at gene tetA enzyme RNAP with twist 498.89974408698004 superhelical 0.7978227597862266 global twist 1953.4946357783044 global supercoiling 0.6481114631070077
frame 3078 time 3078.0 unbinding_event at gene mKalama1 enzyme RNAP with twist 57.671788871663296 superhelical 0.37926834192969433 global twist 1953.4946357783044 global supercoiling 0.6481114631070077
frame 3079 time 3079.0 unbinding_event at gene mKalama1 enzyme RNAP with twist -41.92726606043979 superhelical 0.39680798494552233 global twist 1964.2656937163279 global supercoiling 0.651684980019503
frame 3114 time 3114.0 unbinding_event at gene tetA enzyme RNAP with twist 1677.1658319579785 superhelical 1.0176452810402223 global twist 1964.2506595383165 global supercoiling 0.6475660130871781
frame 3117 time 3117.0 unbinding_event at gene tetA enzyme RNAP with twist 2007.8815510448792 superhelical 0.3594830161264158 global twist 1964.2498862571706 global supercoiling 0.6435033969982317
frame 3133 time 3133.0 binding_event at gene Raspberry enzyme RNAP with twist 2007.8778010448784 superhelical 0.8632412169251774 global twist 1964.2508420413271 global supercoiling 0.6394919979202409
frame 3157 time 3157.0 binding_event at gene Raspberry enzyme RNAP with twist -32.44972957535811 superhelical -0.06711338622659888 global twist 1964.2498263624987 global supercoiling 0.6435033773762757
frame 3159 time 3159.0 unbinding_event at gene Raspberry enzyme RNAP with twist 2022.8167657820306 superhelical -0.06867256899122366 global twist 1964.2508943773958 global supercoiling 0.647566090507952
frame 3183 time 3183.0 unbinding_event at gene Raspberry enzyme RNAP with twist 2007.8696188242388 superhelical -0.18816097175372223 global twist 1964.258892609391 global supercoiling 0.6435063475486117
frame 3303 time 3303.0 binding_event at gene tetA enzyme RNAP with twist 2007.8815510448792 superhelical 0.8632428291520582 global twist 1964.2678835531535 global supercoiling 0.6394975460458734
frame 3333 time 3333.0 binding_event at gene mKalama1 enzyme RNAP with twist -41.87842781383673 superhelical -0.05910824945324065 global twist 1964.3042033167367 global supercoiling 0.6435211916854506
frame 3336 time 3336.0 binding_event at gene mKalama1 enzyme RNAP with twist -14.307487345852948 superhelical -0.13741164948466095 global twist 1964.3043428333244 global supercoiling 0.6475837111732898
frame 3342 time 3342.0 unbinding_event at gene tetA enzyme RNAP with twist 2007.8615510613954 superhelical 0.3889599940170063 global twist 1964.3054651004077 global supercoiling 0.6516981749827518
frame 3344 time 3344.0 binding_event at gene mKalama1 enzyme RNAP with twist -36.94382775291623 superhelical -0.1905488408578017 global twist 1964.3058466521688 global supercoiling 0.6475842069460512
frame 3359 time 3359.0 unbinding_event at gene mKalama1 enzyme RNAP with twist 52.51774041571373 superhelical 0.3795436060521601 global twist 1964.312098685331 global supercoiling 0.651700375809082
frame 3362 time 3362.0 unbinding_event at gene mKalama1 enzyme RNAP with twist 37.75150259413701 superhelical 0.40993238585817754 global twist 1964.3127306601345 global supercoiling 0.6475864764372543
frame 3366 time 3366.0 binding_event at gene tetA enzyme RNAP with twist 2007.8615510613954 superhelical 0.8632342306157966 global twist 1964.3124937246603 global supercoiling 0.6435239076869628
frame 3370 time 3370.0 unbinding_event at gene mKalama1 enzyme RNAP with twist -41.86360112343456 superhelical 0.4305589762601433 global twist 1964.3167529554007 global supercoiling 0.6475878024908801
frame 3404 time 3404.0 binding_event at gene mKalama1 enzyme RNAP with twist -41.85723779906995 superhelical -0.05907834134197342 global twist 1964.3104319308004 global supercoiling 0.6435232322274085
frame 3405 time 3405.0 unbinding_event at gene tetA enzyme RNAP with twist 2007.8415510779143 superhelical 0.3889561196881386 global twist 1964.3104761915201 global supercoiling 0.6475857331933892
frame 3410 time 3410.0 binding_event at gene tetA enzyme RNAP with twist 2007.8415510779143 superhelical 0.8632256320795363 global twist 1964.3115182000745 global supercoiling 0.6435235880975921
frame 3430 time 3430.0 unbinding_event at gene mKalama1 enzyme RNAP with twist -41.85316566474261 superhelical 0.37966924934457486 global twist 1964.3067887743755 global supercoiling 0.647584517540994
frame 3449 time 3449.0 unbinding_event at gene tetA enzyme RNAP with twist 2007.821551094436 superhelical 0.38895224535927136 global twist 1964.3031505470763 global supercoiling 0.6435208467899984
frame 3459 time 3459.0 binding_event at gene mKalama1 enzyme RNAP with twist -41.84776785317871 superhelical -0.05906497522597364 global twist 1964.303584176443 global supercoiling 0.6395091689315181
frame 3485 time 3485.0 unbinding_event at gene mKalama1 enzyme RNAP with twist -41.84369693391468 superhelical 0.37972540009411115 global twist 1964.3044112607654 global supercoiling 0.6435212598095166
frame 3509 time 3509.0 binding_event at gene mKalama1 enzyme RNAP with twist -41.83926403609878 superhelical -0.059052972728088585 global twist 1964.305837741394 global supercoiling 0.6395099026141629
frame 3535 time 3535.0 unbinding_event at gene mKalama1 enzyme RNAP with twist -41.83519420784396 superhelical 0.37977582231571183 global twist 1964.306637920295 global supercoiling 0.6435219892803345
frame 3575 time 3575.0 binding_event at gene tetA enzyme RNAP with twist 2007.821551094436 superhelical 0.8632170335432771 global twist 1964.3090960708255 global supercoiling 0.6395109634132998
frame 3577 time 3577.0 binding_event at gene mKalama1 enzyme RNAP with twist -41.8272941559679 superhelical -0.05903607814303284 global twist 1964.339977749567 global supercoiling 0.6435329116652826
frame 3598 time 3598.0 binding_event at gene tetA enzyme RNAP with twist 501.56797687489 superhelical 0.5095341881887672 global twist 1964.3361265735743 global supercoiling 0.6475941895049909
frame 3603 time 3603.0 unbinding_event at gene mKalama1 enzyme RNAP with twist -41.82322586325728 superhelical 0.379846796085886 global twist 2046.9177483804688 global supercoiling 0.6791064753725397
frame 3614 time 3614.0 unbinding_event at gene tetA enzyme RNAP with twist 1855.360651857017 superhelical 0.5219132835104904 global twist 2046.9127725738686 global supercoiling 0.6748177157717915
frame 3637 time 3637.0 unbinding_event at gene tetA enzyme RNAP with twist 2090.370572512041 superhelical 0.22958593815837264 global twist 2046.9082753359335 global supercoiling 0.6705829221313294
frame 3704 time 3704.0 binding_event at gene mKalama1 enzyme RNAP with twist -41.803966159358126 superhelical -0.05900315243128014 global twist 2046.912309509782 global supercoiling 0.6664037068786983
frame 3730 time 3730.0 unbinding_event at gene mKalama1 enzyme RNAP with twist -41.79990085875656 superhelical 0.3799851162613443 global twist 2046.9130057012908 global supercoiling 0.6705844718354672
frame 3774 time 3774.0 binding_event at gene mKalama1 enzyme RNAP with twist -41.79162297738472 superhelical -0.05898573095876512 global twist 2046.9155519162732 global supercoiling 0.6664047624938778
frame 3789 time 3789.0 binding_event at gene CDS enzyme RNAP with twist 2090.370572512041 superhelical 0.8987071005520527 global twist 2046.917517586321 global supercoiling 0.6705859499637666
frame 3795 time 3795.0 unbinding_event at gene CDS enzyme RNAP with twist 2090.367072512039 superhelical 0.8404742423332489 global twist 2046.953115575124 global supercoiling 0.6748310158851717
frame 3800 time 3800.0 unbinding_event at gene mKalama1 enzyme RNAP with twist -41.78755925968398 superhelical 0.38005830347827074 global twist 2046.9522113131989 global supercoiling 0.6705973158960019
frame 3827 time 3827.0 binding_event at gene mKalama1 enzyme RNAP with twist -41.78255540659579 superhelical -0.05897293276494301 global twist 2046.9536659500864 global supercoiling 0.6664171711023459
frame 3838 time 3838.0 binding_event at gene tetA enzyme RNAP with twist 2090.367072512039 superhelical 0.8987055958069635 global twist 2046.955692925615 global supercoiling 0.6705984564990548
frame 3841 time 3841.0 binding_event at gene tetA enzyme RNAP with twist 522.1884299997917 superhelical 0.8350651995488628 global twist 2046.9654213045203 global supercoiling 0.674835072787016
frame 3853 time 3853.0 unbinding_event at gene mKalama1 enzyme RNAP with twist -41.7784928516105 superhelical 0.3801120684056547 global twist 2057.7299725155076 global supercoiling 0.6826936500057625
frame 3857 time 3857.0 binding_event at gene tetA enzyme RNAP with twist 485.21049332995 superhelical 0.5650510862452585 global twist 2057.7280207091876 global supercoiling 0.6783832419339073
frame 3873 time 3873.0 binding_event at gene tetA enzyme RNAP with twist 328.32013172361076 superhelical 0.38234467229557206 global twist 2115.167246009112 global supercoiling 0.7017496303391747
frame 3877 time 3877.0 unbinding_event at gene tetA enzyme RNAP with twist 1748.7529933461956 superhelical 1.0651614972891028 global twist 2172.6137507798867 global supercoiling 0.7254172402784101
frame 3880 time 3880.0 unbinding_event at gene tetA enzyme RNAP with twist 1916.4077797648436 superhelical 0.5852091010187197 global twist 2172.611429904466 global supercoiling 0.720807903338513
frame 3896 time 3896.0 unbinding_event at gene tetA enzyme RNAP with twist 2080.004701264251 superhelical 0.39597745800381 global twist 2172.60413605883 global supercoiling 0.7162551233328911
frame 3906 time 3906.0 binding_event at gene mKalama1 enzyme RNAP with twist -41.76848812495559 superhelical -0.05895307785548905 global twist 2172.602019727792 global supercoiling 0.7117611612461661
frame 3912 time 3912.0 unbinding_event at gene tetA enzyme RNAP with twist 2215.9809430325736 superhelical 0.17227688018515105 global twist 2172.6021366592504 global supercoiling 0.7162544641791277
frame 3932 time 3932.0 unbinding_event at gene mKalama1 enzyme RNAP with twist -41.764427373590074 superhelical 0.38019547843999196 global twist 2172.600979866976 global supercoiling 0.7117608205797508
frame 3938 time 3938.0 binding_event at gene tetA enzyme RNAP with twist 2215.9809430325736 superhelical 0.9527104114358825 global twist 2172.601138922137 global supercoiling 0.7073236336603677
frame 3938 time 3938.0 binding_event at gene mKalama1 enzyme RNAP with twist -41.76346561719363 superhelical -0.058945988963733265 global twist 2172.601138922137 global supercoiling 0.7073236336603677
frame 3946 time 3946.0 binding_event at gene tetA enzyme RNAP with twist 553.5676603253484 superhelical 0.7741270372420433 global twist 2172.607190443325 global supercoiling 0.7162561302897071
frame 3964 time 3964.0 unbinding_event at gene mKalama1 enzyme RNAP with twist -41.75940550972458 superhelical 0.3802252587175504 global twist 2201.3220961122606 global supercoiling 0.7303332491172573
frame 3977 time 3977.0 unbinding_event at gene tetA enzyme RNAP with twist 1909.7759308988448 superhelical 0.833610996764415 global twist 2201.316156188329 global supercoiling 0.7257207830808728
frame 3985 time 3985.0 unbinding_event at gene tetA enzyme RNAP with twist 2244.6740759556014 superhelical 0.3488061963628883 global twist 2201.3143676592053 global supercoiling 0.721167547652972
frame 4065 time 4065.0 binding_event at gene tetA enzyme RNAP with twist 2244.6740759556014 superhelical 0.9650463688178411 global twist 2201.3186622673074 global supercoiling 0.7166730639807023
frame 4090 time 4090.0 binding_event at gene mKalama1 enzyme RNAP with twist -41.73537187177414 superhelical -0.05890633675616442 global twist 2201.333556649675 global supercoiling 0.7211738341140982
frame 4097 time 4097.0 binding_event at gene tetA enzyme RNAP with twist 560.7354071913787 superhelical 0.48932638335358947 global twist 2201.333461768323 global supercoiling 0.7257264883127313
frame 4104 time 4104.0 unbinding_event at gene tetA enzyme RNAP with twist 2103.9570715124937 superhelical 0.4977594435689601 global twist 2316.230768588212 global supercoiling 0.7684565316070509
frame 4116 time 4116.0 unbinding_event at gene mKalama1 enzyme RNAP with twist -41.731315365417565 superhelical 0.3803918367697257 global twist 2316.2260847102984 global supercoiling 0.7636038118663102
frame 4136 time 4136.0 unbinding_event at gene tetA enzyme RNAP with twist 2359.5366287272504 superhelical 0.22048070451802101 global twist 2316.222006553302 global supercoiling 0.7588121755013639
frame 4146 time 4146.0 binding_event at gene tetA enzyme RNAP with twist 2359.5366287272504 superhelical 1.014428900853472 global twist 2316.2223058936775 global supercoiling 0.7540817080592658
frame 4150 time 4150.0 binding_event at gene mKalama1 enzyme RNAP with twist -41.72497363985528 superhelical -0.05889166043429138 global twist 2316.2237735160493 global supercoiling 0.7588127543719742
frame 4176 time 4176.0 unbinding_event at gene mKalama1 enzyme RNAP with twist -41.72091846612067 superhelical 0.3804534916772686 global twist 2316.2177399825014 global supercoiling 0.7636010608110497
frame 4185 time 4185.0 unbinding_event at gene tetA enzyme RNAP with twist 2359.51662872819 superhelical 0.4570814212198243 global twist 2316.215781781646 global supercoiling 0.7588101362182085
frame 4199 time 4199.0 binding_event at gene mKalama1 enzyme RNAP with twist -41.716691671004504 superhelical -0.058879971058487406 global twist 2316.21628160398 global supercoiling 0.7540797467593279
frame 4225 time 4225.0 unbinding_event at gene mKalama1 enzyme RNAP with twist -41.71263755858023 superhelical 0.3805025984904224 global twist 2316.2167235941915 global supercoiling 0.7588104447632549
frame 4276 time 4276.0 binding_event at gene mKalama1 enzyme RNAP with twist -41.70303393607467 superhelical -0.0588606941933962 global twist 2316.219205747071 global supercoiling 0.7540806987589744
frame 4279 time 4279.0 binding_event at gene tetA enzyme RNAP with twist 2359.51662872819 superhelical 1.0144203023105136 global twist 2316.22003712916 global supercoiling 0.7588115303028409
frame 4302 time 4302.0 unbinding_event at gene mKalama1 enzyme RNAP with twist -41.698981573666515 superhelical 0.38058358018234223 global twist 2316.2371094881687 global supercoiling 0.7636074464693665
frame 4318 time 4318.0 unbinding_event at gene tetA enzyme RNAP with twist 2359.49662872913 superhelical 0.4570775468879391 global twist 2316.233738262782 global supercoiling 0.7588160188997807
frame 4321 time 4321.0 binding_event at gene mKalama1 enzyme RNAP with twist -41.69552521837794 superhelical -0.05885009620340801 global twist 2316.233641638466 global supercoiling 0.7540853985848991
frame 4324 time 4324.0 binding_event at gene mKalama1 enzyme RNAP with twist -14.292040104717367 superhelical -0.13726329143735905 global twist 2316.2344704117804 global supercoiling 0.7588162587574336
frame 4336 time 4336.0 binding_event at gene tetA enzyme RNAP with twist 2359.49662872913 superhelical 1.0144117037675553 global twist 2316.2384431314385 global supercoiling 0.7636078861393502
frame 4347 time 4347.0 unbinding_event at gene mKalama1 enzyme RNAP with twist 52.691741821377825 superhelical 0.38062810210910664 global twist 2316.241272168094 global supercoiling 0.7684600163826938
frame 4348 time 4348.0 binding_event at gene mKalama1 enzyme RNAP with twist -94.37721685537738 superhelical -0.19616455978455852 global twist 2316.2411305540445 global supercoiling 0.763608772117692
frame 4350 time 4350.0 unbinding_event at gene mKalama1 enzyme RNAP with twist -19.175840560683866 superhelical 0.41105943403270273 global twist 2316.2408475873144 global supercoiling 0.7684598755194094
frame 4356 time 4356.0 binding_event at gene mKalama1 enzyme RNAP with twist -40.459592874500494 superhelical -0.2086824509733179 global twist 2316.239961415825 global supercoiling 0.7636083866810514
frame 4371 time 4371.0 binding_event at gene mKalama1 enzyme RNAP with twist -66.33965317005904 superhelical -0.2076067024581959 global twist 2316.238591759934 global supercoiling 0.7684591271029269
frame 4374 time 4374.0 unbinding_event at gene mKalama1 enzyme RNAP with twist 39.02221270541473 superhelical 0.43390698169254494 global twist 2316.238916082889 global supercoiling 0.7733724605798717
frame 4375 time 4375.0 unbinding_event at gene tetA enzyme RNAP with twist 2359.47662873007 superhelical 0.45707367255605397 global twist 2316.2390241317325 global supercoiling 0.7684592705510397
frame 4382 time 4382.0 unbinding_event at gene mKalama1 enzyme RNAP with twist 13.82985130677013 superhelical 0.4387896615093838 global twist 2316.23953332597 global supercoiling 0.763608245550163
frame 4386 time 4386.0 binding_event at gene mKalama1 enzyme RNAP with twist -66.27528053637195 superhelical -0.2074052514470779 global twist 2316.2393771238876 global supercoiling 0.7588178662341255
frame 4393 time 4393.0 binding_event at gene mKalama1 enzyme RNAP with twist -37.5420926030366 superhelical -0.2133932004209627 global twist 2316.2401849994476 global supercoiling 0.763608460391173
frame 4397 time 4397.0 unbinding_event at gene mKalama1 enzyme RNAP with twist 13.821011278369248 superhelical 0.43839352762185957 global twist 2316.241615928928 global supercoiling 0.768460130432322
frame 4412 time 4412.0 unbinding_event at gene mKalama1 enzyme RNAP with twist 42.90567743236704 superhelical 0.4383362697082289 global twist 2316.2436946733487 global supercoiling 0.7636096174459126
frame 4419 time 4419.0 unbinding_event at gene mKalama1 enzyme RNAP with twist -41.66657358131849 superhelical 0.4406895715246769 global twist 2316.242947328352 global supercoiling 0.7588190358606159
frame 4426 time 4426.0 binding_event at gene mKalama1 enzyme RNAP with twist -41.66542239846666 superhelical -0.05880760833837947 global twist 2316.2430993153484 global supercoiling 0.7540884776767115
frame 4439 time 4439.0 binding_event at gene mKalama1 enzyme RNAP with twist -50.19091692426577 superhelical -0.17695230280911695 global twist 2316.244980361107 global supercoiling 0.7588197018978108
frame 4452 time 4452.0 binding_event at gene Raspberry enzyme RNAP with twist 2359.457628730066 superhelical 1.0143949366084013 global twist 2316.246677699205 global supercoiling 0.7636106008775084
frame 4452 time 4452.0 unbinding_event at gene mKalama1 enzyme RNAP with twist 19.19290876362782 superhelical 0.3808065927171 global twist 2316.246677699205 global supercoiling 0.7636106008775084
frame 4465 time 4465.0 binding_event at gene mKalama1 enzyme RNAP with twist -103.93248406239165 superhelical -0.20102357657021674 global twist 2316.2419514540397 global supercoiling 0.7636090427485988
frame 4465 time 4465.0 unbinding_event at gene mKalama1 enzyme RNAP with twist -26.03815404038265 superhelical 0.4266222290188325 global twist 2316.2419514540397 global supercoiling 0.7636090427485988
frame 4478 time 4478.0 unbinding_event at gene Raspberry enzyme RNAP with twist 2359.447386242658 superhelical -0.06292735298706181 global twist 2316.2423500802706 global supercoiling 0.7636091741660417
frame 4491 time 4491.0 unbinding_event at gene mKalama1 enzyme RNAP with twist -41.65489259468228 superhelical 0.4359708049632838 global twist 2316.240817285324 global supercoiling 0.7588183380421083
frame 4580 time 4580.0 binding_event at gene mKalama1 enzyme RNAP with twist -41.63801717588789 superhelical -0.058768927928988066 global twist 2316.2448113969467 global supercoiling 0.7540890350711432
frame 4606 time 4606.0 unbinding_event at gene mKalama1 enzyme RNAP with twist -41.63397314118635 superhelical 0.3809690882938448 global twist 2316.245066314257 global supercoiling 0.758819730056725
frame 4613 time 4613.0 binding_event at gene mKalama1 enzyme RNAP with twist -41.632822936427225 superhelical -0.05876159665086259 global twist 2316.2451942450043 global supercoiling 0.7540891597132022
frame 4633 time 4633.0 binding_event at gene mKalama1 enzyme RNAP with twist -75.31915581291199 superhelical -0.18401735021915622 global twist 2316.2463082198265 global supercoiling 0.7588201369145582
frame 4639 time 4639.0 unbinding_event at gene mKalama1 enzyme RNAP with twist -5.484465759279452 superhelical 0.3809998868381104 global twist 2316.246933464353 global supercoiling 0.763610685197102
frame 4659 time 4659.0 unbinding_event at gene mKalama1 enzyme RNAP with twist -41.62605107025405 superhelical 0.42956605907597256 global twist 2316.2452278574783 global supercoiling 0.7588197829795289
frame 4671 time 4671.0 binding_event at gene mKalama1 enzyme RNAP with twist -41.623942824322434 superhelical -0.05874906304086663 global twist 2316.245572221542 global supercoiling 0.754089282769263
frame 4676 time 4676.0 binding_event at gene mKalama1 enzyme RNAP with twist -21.466279025916258 superhelical -0.15330289049584064 global twist 2316.246827705716 global supercoiling 0.7588203071021381
frame 4697 time 4697.0 unbinding_event at gene mKalama1 enzyme RNAP with twist 46.542338098570156 superhelical 0.38105254026911684 global twist 2316.2510328735916 global supercoiling 0.7636120366733424
frame 4702 time 4702.0 unbinding_event at gene mKalama1 enzyme RNAP with twist -41.61440232223542 superhelical 0.4177366853025343 global twist 2316.250544761773 global supercoiling 0.7588215248383419
frame 4709 time 4709.0 binding_event at gene mKalama1 enzyme RNAP with twist -41.6132527057611 superhelical -0.05873397474296259 global twist 2316.2506605470535 global supercoiling 0.7540909393517005
frame 4735 time 4735.0 unbinding_event at gene mKalama1 enzyme RNAP with twist -41.60921184166588 superhelical 0.3811159258911695 global twist 2316.25085444658 global supercoiling 0.7588216262934706
frame 4784 time 4784.0 binding_event at gene mKalama1 enzyme RNAP with twist -41.60001712781825 superhelical -0.058715293720690655 global twist 2316.252767537291 global supercoiling 0.7540916253146985
frame 4808 time 4808.0 binding_event at gene mKalama1 enzyme RNAP with twist -89.67695199927195 superhelical -0.18639498385203598 global twist 2316.2532256352215 global supercoiling 0.7588224031131393
frame 4810 time 4810.0 unbinding_event at gene mKalama1 enzyme RNAP with twist -19.670953352746153 superhelical 0.3811944044743313 global twist 2316.2534265788436 global supercoiling 0.7636128258201649
frame 4826 time 4826.0 binding_event at gene mKalama1 enzyme RNAP with twist -75.77639939566552 superhelical -0.20293586474682968 global twist 2316.253286267567 global supercoiling 0.7588224229767628
frame 4830 time 4830.0 binding_event at gene CDS enzyme RNAP with twist 2359.47662873007 superhelical 1.0144031052245972 global twist 2316.2536955429086 global supercoiling 0.7636129144911227
frame 4834 time 4834.0 unbinding_event at gene mKalama1 enzyme RNAP with twist 2.8639618498839994 superhelical 0.4307002998906292 global twist 2316.3700886106412 global supercoiling 0.7685027538499601
frame 4836 time 4836.0 unbinding_event at gene CDS enzyme RNAP with twist 2359.4731287300683 superhelical 0.9486735787003581 global twist 2316.369679019899 global supercoiling 0.763651151442916
frame 4852 time 4852.0 unbinding_event at gene mKalama1 enzyme RNAP with twist -41.590395152970174 superhelical 0.43712976695583117 global twist 2316.367459765682 global supercoiling 0.7588598270944354
frame 4891 time 4891.0 binding_event at gene tetA enzyme RNAP with twist 2359.4731287300683 superhelical 1.014401600479508 global twist 2316.36886632613 global supercoiling 0.7541294230566374
frame 4914 time 4914.0 binding_event at gene tetA enzyme RNAP with twist 589.4130198088234 superhelical 0.5987744401614603 global twist 2316.377546212265 global supercoiling 0.7588631314920506
frame 4915 time 4915.0 binding_event at gene mKalama1 enzyme RNAP with twist -41.57852492120141 superhelical -0.05868495908836739 global twist 2398.961843325364 global supercoiling 0.7908797937202219
frame 4923 time 4923.0 binding_event at gene Raspberry enzyme RNAP with twist 315.599144854498 superhelical 0.4305356909071582 global twist 2398.9594927265407 global supercoiling 0.7959034636130383
frame 4930 time 4930.0 unbinding_event at gene tetA enzyme RNAP with twist 2155.159623602766 superhelical 0.6133235112150289 global twist 2398.954334490312 global supercoiling 0.8009904347955131
frame 4936 time 4936.0 binding_event at gene Raspberry enzyme RNAP with twist -19.882731447854514 superhelical -0.06951164731588827 global twist 2398.9520853550216 global supercoiling 0.7959010060673123
frame 4938 time 4938.0 binding_event at gene Raspberry enzyme RNAP with twist -11.506248990345423 superhelical -0.12992163671774215 global twist 2398.952219184132 global supercoiling 0.800989728512783
frame 4941 time 4941.0 unbinding_event at gene mKalama1 enzyme RNAP with twist -41.57448850204928 superhelical 0.3813218396329922 global twist 2398.9531902785307 global supercoiling 0.8061442216023433
frame 4946 time 4946.0 binding_event at gene tetA enzyme RNAP with twist 347.91491929140886 superhelical 0.5261628790921069 global twist 2398.9555748287416 global supercoiling 0.8009908489339583
frame 4949 time 4949.0 unbinding_event at gene Raspberry enzyme RNAP with twist 35.13705375391575 superhelical -0.07260356593687982 global twist 2458.0716180647755 global supercoiling 0.8260103778671779
frame 4952 time 4952.0 binding_event at gene Raspberry enzyme RNAP with twist -58.34745660795418 superhelical -0.19194095359833796 global twist 2458.071971186381 global supercoiling 0.8207293105383596
frame 4953 time 4953.0 unbinding_event at gene tetA enzyme RNAP with twist 2534.954123765078 superhelical 0.5352310513029594 global twist 2458.0722651618216 global supercoiling 0.826010595317667
frame 4962 time 4962.0 unbinding_event at gene Raspberry enzyme RNAP with twist 31.719334866986216 superhelical -0.20378962453233887 global twist 2458.0769100038665 global supercoiling 0.8207309595674839
frame 4964 time 4964.0 unbinding_event at gene Raspberry enzyme RNAP with twist -14.680203592200346 superhelical -0.19984204981594328 global twist 2458.077753190979 global supercoiling 0.8155171454651428
frame 4971 time 4971.0 binding_event at gene mKalama1 enzyme RNAP with twist -41.568938154855346 superhelical -0.05867142808908653 global twist 2458.0797997523737 global supercoiling 0.8103695564749908
frame 4978 time 4978.0 unbinding_event at gene Raspberry enzyme RNAP with twist -123.55914930602606 superhelical -0.20261757351961568 global twist 2458.0830998043325 global supercoiling 0.8155189193125543
frame 4985 time 4985.0 unbinding_event at gene tetA enzyme RNAP with twist 2501.148495196054 superhelical 0.03930961648901588 global twist 2458.0849938102174 global supercoiling 0.8103712688304446
frame 4988 time 4988.0 binding_event at gene mKalama1 enzyme RNAP with twist -64.54333520479757 superhelical -0.18158266638981002 global twist 2458.084947849389 global supercoiling 0.805287568103342
frame 4997 time 4997.0 unbinding_event at gene mKalama1 enzyme RNAP with twist 5.204894544580959 superhelical 0.38137868308071754 global twist 2458.085869408147 global supercoiling 0.8103715574939396
