TORCphysics log file 

General information: 
---------------------------------------------------------------------------------------
Circuit name: topos_output
Size: 3000
Structure: circle
Number of sites: 1
Number of frames: 4000
Simulation time: 2000.0
Simulation timestep: 0.5
Seed: 5168267210487253224
 
Overall simulation information 
---------------------------------------------------------------------------------------
Initial twist: -71.83177
Final twist: -42.71078
Initial superhelical density: -0.04001
Final superhelical density: -0.02379
 
Overall rates 
---------------------------------------------------------------------------------------
site type            site name            #binding events      #unbinding events    binding rates        
 EXT                  EXT                                   0.0                  0.0                   0.0 
 
Events
---------------------------------------------------------------------------------------
