TORCphysics log file 

General information: 
---------------------------------------------------------------------------------------
Circuit name: Pleu500_out
Size: 6000
Structure: circle
Number of sites: 110
Number of frames: 2000
Simulation time: 500.0
Simulation timestep: 0.25
Seed: 914600169526774808
 
Overall simulation information 
---------------------------------------------------------------------------------------
Initial twist: -211.83310
Final twist: 22.73915
Initial superhelical density: -0.06000
Final superhelical density: 0.00648
 
Overall rates 
---------------------------------------------------------------------------------------
site type            site name            #binding events      #unbinding events    binding rates        
 DNA_topoI            DNA_topoI_global                     16.0                 16.0                 0.032 
DNA_gyrase           DNA_gyrase_global                     9.0                  9.0                 0.018 
EXT                  EXT                                   0.0                  0.0                   0.0 
gene                 tetA                                 10.0                  9.0                  0.02 
gene                 CDS                                   0.0                  0.0                   0.0 
origin               ori                                   0.0                  0.0                   0.0 
lacOP                lac1                                  0.0                  0.0                   0.0 
gene                 mKalama1                              0.0                  0.0                   0.0 
lacOP                lac2                                  0.0                  0.0                   0.0 
gene                 Raspberry                             0.0                  0.0                   0.0 
 
Events
---------------------------------------------------------------------------------------
frame 9 time 2.25 binding_event at DNA_topoI 26 enzyme topoI with twist -211.83310 superhelical -0.06000 global twist -211.83310 global supercoiling -0.06000
frame 16 time 4.0 binding_event at gene tetA enzyme RNAP with twist -202.73158 superhelical -0.05797 global twist -198.21954 global supercoiling -0.05731
frame 18 time 4.5 unbinding_event at DNA_topoI 26 enzyme topoI with twist -90.43329 superhelical 0.19399 global twist -194.32995 global supercoiling -0.05650
frame 143 time 35.75 binding_event at DNA_topoI 5 enzyme topoI with twist -201.73543 superhelical -0.08824 global twist -192.38515 global supercoiling -0.05479
frame 147 time 36.75 binding_event at DNA_topoI 39 enzyme topoI with twist -182.33611 superhelical -0.08920 global twist -184.60597 global supercoiling -0.05367
frame 148 time 37.0 unbinding_event at DNA_topoI 5 enzyme topoI with twist -110.74809 superhelical -0.08884 global twist -180.71638 global supercoiling -0.05366
frame 152 time 38.0 unbinding_event at DNA_topoI 39 enzyme topoI with twist -187.37386 superhelical -0.08593 global twist -170.99240 global supercoiling -0.04971
frame 179 time 44.75 unbinding_event at gene tetA enzyme RNAP with twist -169.04760 superhelical -0.08629 global twist -169.04760 global supercoiling -0.04814
frame 217 time 54.25 binding_event at DNA_gyrase 35 enzyme gyrase with twist -169.04760 superhelical -0.04788 global twist -169.04760 global supercoiling -0.04788
frame 218 time 54.5 binding_event at DNA_topoI 49 enzyme topoI with twist -140.00586 superhelical -0.04911 global twist -170.39400 global supercoiling -0.04926
frame 220 time 55.0 unbinding_event at DNA_gyrase 35 enzyme gyrase with twist -78.54053 superhelical -0.05330 global twist -169.19720 global supercoiling -0.04996
frame 226 time 56.5 unbinding_event at DNA_topoI 49 enzyme topoI with twist -156.93003 superhelical -0.04507 global twist -158.87483 global supercoiling -0.04593
frame 277 time 69.25 binding_event at DNA_topoI 19 enzyme topoI with twist -156.93003 superhelical -0.04445 global twist -156.93003 global supercoiling -0.04445
frame 283 time 70.75 unbinding_event at DNA_topoI 19 enzyme topoI with twist -143.31646 superhelical -0.04314 global twist -145.26126 global supercoiling -0.04200
frame 343 time 85.75 binding_event at gene tetA enzyme RNAP with twist -143.31646 superhelical -0.04059 global twist -143.31646 global supercoiling -0.04059
frame 506 time 126.5 binding_event at DNA_gyrase 13 enzyme gyrase with twist 73.03828 superhelical 0.06867 global twist -143.31646 global supercoiling -0.04081
frame 506 time 126.5 unbinding_event at gene tetA enzyme RNAP with twist -205.85738 superhelical -0.08859 global twist -143.31646 global supercoiling -0.04081
frame 509 time 127.25 unbinding_event at DNA_gyrase 13 enzyme gyrase with twist -148.70205 superhelical -0.07939 global twist -147.35566 global supercoiling -0.04260
frame 546 time 136.5 binding_event at DNA_gyrase 16 enzyme gyrase with twist -148.70205 superhelical -0.04212 global twist -148.70205 global supercoiling -0.04212
frame 548 time 137.0 unbinding_event at DNA_gyrase 16 enzyme gyrase with twist -152.74124 superhelical -0.04371 global twist -151.39485 global supercoiling -0.04377
frame 550 time 137.5 binding_event at DNA_gyrase 46 enzyme gyrase with twist -152.74124 superhelical -0.04326 global twist -152.74124 global supercoiling -0.04326
frame 574 time 143.5 unbinding_event at DNA_gyrase 46 enzyme gyrase with twist -186.40116 superhelical -0.05620 global twist -185.05477 global supercoiling -0.05350
frame 644 time 161.0 binding_event at DNA_topoI 48 enzyme topoI with twist -186.40116 superhelical -0.05280 global twist -186.40116 global supercoiling -0.05280
frame 647 time 161.75 unbinding_event at DNA_topoI 48 enzyme topoI with twist -178.62198 superhelical -0.05137 global twist -180.56678 global supercoiling -0.05221
frame 719 time 179.75 binding_event at gene tetA enzyme RNAP with twist -178.62198 superhelical -0.05059 global twist -178.62198 global supercoiling -0.05059
frame 820 time 205.0 binding_event at DNA_topoI 46 enzyme topoI with twist -177.95934 superhelical -0.08203 global twist -178.62198 global supercoiling -0.05087
frame 823 time 205.75 unbinding_event at DNA_topoI 46 enzyme topoI with twist -173.77055 superhelical -0.08205 global twist -172.78760 global supercoiling -0.05023
frame 825 time 206.25 binding_event at DNA_topoI 1 enzyme topoI with twist -174.66815 superhelical -0.07969 global twist -170.84280 global supercoiling -0.04865
frame 834 time 208.5 unbinding_event at DNA_topoI 1 enzyme topoI with twist -164.19617 superhelical -0.07685 global twist -153.33964 global supercoiling -0.04458
frame 836 time 209.0 binding_event at DNA_topoI 44 enzyme topoI with twist -165.09377 superhelical -0.07366 global twist -151.39485 global supercoiling -0.04312
frame 837 time 209.25 unbinding_event at DNA_topoI 44 enzyme topoI with twist -162.99937 superhelical -0.07455 global twist -149.45005 global supercoiling -0.04345
frame 882 time 220.5 unbinding_event at gene tetA enzyme RNAP with twist -147.50526 superhelical -0.08294 global twist -147.50526 global supercoiling -0.04201
frame 942 time 235.5 binding_event at DNA_topoI 32 enzyme topoI with twist -147.50526 superhelical -0.04178 global twist -147.50526 global supercoiling -0.04178
frame 960 time 240.0 unbinding_event at DNA_topoI 32 enzyme topoI with twist -110.55414 superhelical 0.00442 global twist -112.49894 global supercoiling -0.03253
frame 1079 time 269.75 binding_event at DNA_topoI 25 enzyme topoI with twist -110.55414 superhelical -0.03131 global twist -110.55414 global supercoiling -0.03131
frame 1080 time 270.0 unbinding_event at DNA_topoI 25 enzyme topoI with twist -106.66455 superhelical -0.03101 global twist -108.60935 global supercoiling -0.03140
frame 1115 time 278.75 binding_event at gene tetA enzyme RNAP with twist -106.66455 superhelical -0.03021 global twist -106.66455 global supercoiling -0.03021
frame 1130 time 282.5 binding_event at gene tetA enzyme RNAP with twist -65.59654 superhelical -0.03678 global twist -106.66455 global supercoiling -0.03038
frame 1205 time 301.25 binding_event at DNA_topoI 1 enzyme topoI with twist -131.12546 superhelical -0.06388 global twist -106.66455 global supercoiling -0.03054
frame 1232 time 308.0 unbinding_event at DNA_topoI 1 enzyme topoI with twist -101.80393 superhelical -0.05069 global twist -54.15507 global supercoiling -0.01583
frame 1253 time 313.25 binding_event at DNA_topoI 31 enzyme topoI with twist -119.75589 superhelical -0.05280 global twist -52.21028 global supercoiling -0.01495
frame 1263 time 315.75 unbinding_event at DNA_topoI 31 enzyme topoI with twist -108.23672 superhelical -0.02117 global twist -32.76232 global supercoiling -0.00958
frame 1278 time 319.5 unbinding_event at gene tetA enzyme RNAP with twist 90.88316 superhelical -0.03718 global twist -30.81753 global supercoiling -0.00882
frame 1293 time 323.25 unbinding_event at gene tetA enzyme RNAP with twist -30.81753 superhelical -0.05512 global twist -30.81753 global supercoiling -0.00878
frame 1342 time 335.5 binding_event at gene tetA enzyme RNAP with twist -30.81753 superhelical -0.00873 global twist -30.81753 global supercoiling -0.00873
frame 1390 time 347.5 binding_event at gene tetA enzyme RNAP with twist -58.14684 superhelical -0.03010 global twist -30.81753 global supercoiling -0.00878
frame 1425 time 356.25 binding_event at gene tetA enzyme RNAP with twist -83.59526 superhelical -0.04462 global twist -30.81753 global supercoiling -0.00882
frame 1433 time 358.25 binding_event at DNA_gyrase 15 enzyme gyrase with twist 65.92603 superhelical 0.04754 global twist -30.81753 global supercoiling -0.00887
frame 1438 time 359.5 unbinding_event at DNA_gyrase 15 enzyme gyrase with twist 63.23323 superhelical 0.05469 global twist -37.54951 global supercoiling -0.01104
frame 1450 time 362.5 binding_event at DNA_topoI 2 enzyme topoI with twist -6.21872 superhelical -0.04509 global twist -38.89591 global supercoiling -0.01120
frame 1482 time 370.5 binding_event at DNA_topoI 9 enzyme topoI with twist -5.96751 superhelical -0.03040 global twist 23.33755 global supercoiling 0.00686
frame 1488 time 372.0 unbinding_event at DNA_topoI 2 enzyme topoI with twist -65.93545 superhelical -0.03487 global twist 46.67509 global supercoiling 0.01402
frame 1494 time 373.5 unbinding_event at DNA_topoI 9 enzyme topoI with twist 19.31483 superhelical 0.15862 global twist 60.28866 global supercoiling 0.01773
frame 1505 time 376.25 unbinding_event at gene tetA enzyme RNAP with twist 142.68712 superhelical 0.09841 global twist 62.23345 global supercoiling 0.01792
frame 1518 time 379.5 binding_event at DNA_gyrase 7 enzyme gyrase with twist 0.74095 superhelical 0.00537 global twist 62.23345 global supercoiling 0.01782
frame 1525 time 381.25 binding_event at DNA_gyrase 19 enzyme gyrase with twist 159.74148 superhelical 0.13431 global twist 52.80868 global supercoiling 0.01544
frame 1530 time 382.5 unbinding_event at DNA_gyrase 19 enzyme gyrase with twist 157.04869 superhelical 0.15057 global twist 39.34471 global supercoiling 0.01175
frame 1543 time 385.75 unbinding_event at DNA_gyrase 7 enzyme gyrase with twist -152.87817 superhelical -0.05137 global twist 20.49515 global supercoiling 0.00599
frame 1553 time 388.25 unbinding_event at gene tetA enzyme RNAP with twist 181.00290 superhelical 0.02399 global twist 19.14876 global supercoiling 0.00548
frame 1563 time 390.75 binding_event at DNA_gyrase 20 enzyme gyrase with twist 189.08128 superhelical 0.16080 global twist 19.14876 global supercoiling 0.00545
frame 1566 time 391.5 unbinding_event at DNA_gyrase 20 enzyme gyrase with twist 187.28609 superhelical 0.17657 global twist 15.10956 global supercoiling 0.00439
frame 1588 time 397.0 unbinding_event at gene tetA enzyme RNAP with twist 13.76317 superhelical -0.07881 global twist 13.76317 global supercoiling 0.00392
frame 1635 time 408.75 binding_event at DNA_gyrase 10 enzyme gyrase with twist 13.76317 superhelical 0.00390 global twist 13.76317 global supercoiling 0.00390
frame 1636 time 409.0 unbinding_event at DNA_gyrase 10 enzyme gyrase with twist 11.07037 superhelical 0.00342 global twist 12.41677 global supercoiling 0.00359
frame 1666 time 416.5 binding_event at gene tetA enzyme RNAP with twist 11.07037 superhelical 0.00314 global twist 11.07037 global supercoiling 0.00314
frame 1829 time 457.25 unbinding_event at gene tetA enzyme RNAP with twist 11.07037 superhelical -0.05782 global twist 11.07037 global supercoiling 0.00315
frame 1841 time 460.25 binding_event at gene tetA enzyme RNAP with twist 11.07037 superhelical 0.00314 global twist 11.07037 global supercoiling 0.00314
frame 1941 time 485.25 binding_event at DNA_topoI 5 enzyme topoI with twist -84.34912 superhelical -0.03896 global twist 11.07037 global supercoiling 0.00315
frame 1946 time 486.5 unbinding_event at DNA_topoI 5 enzyme topoI with twist -78.06593 superhelical -0.03744 global twist 20.79435 global supercoiling 0.00605
