TORCphysics log file 

General information: 
---------------------------------------------------------------------------------------
Circuit name: Pleu500_visual
Size: 6000
Structure: circle
Number of sites: 110
Number of frames: 1000
Simulation time: 250.0
Simulation timestep: 0.25
Seed: 1726597047837428157
 
Overall simulation information 
---------------------------------------------------------------------------------------
Initial twist: -211.68949
Final twist: -90.96257
Initial superhelical density: -0.06037
Final superhelical density: -0.02623
 
Overall rates 
---------------------------------------------------------------------------------------
site type            site name            #binding events      #unbinding events    binding rates        
 DNA_topoI            DNA_topoI_global                      7.0                  7.0                 0.028 
DNA_gyrase           DNA_gyrase_global                     4.0                  4.0                 0.016 
EXT                  EXT                                   0.0                  0.0                   0.0 
gene                 tetA                                  8.0                  6.0                 0.032 
gene                 CDS                                   0.0                  0.0                   0.0 
origin               ori                                   0.0                  0.0                   0.0 
lacOP                lac1                                  0.0                  0.0                   0.0 
gene                 mKalama1                              1.0                  1.0                 0.004 
lacOP                lac2                                  0.0                  0.0                   0.0 
gene                 Raspberry                             4.0                  4.0                 0.016 
 
Events
---------------------------------------------------------------------------------------
frame 44 time 11.0 binding_event at gene tetA enzyme RNAP with twist -168.53298 superhelical -0.06000 global twist -211.68949 global supercoiling -0.06037
frame 60 time 15.0 binding_event at DNA_topoI 49 enzyme topoI with twist -88.80503 superhelical -0.07803 global twist -211.68949 global supercoiling -0.06070
frame 66 time 16.5 unbinding_event at DNA_topoI 49 enzyme topoI with twist -87.75783 superhelical -0.07565 global twist -200.02072 global supercoiling -0.05856
frame 109 time 27.25 binding_event at gene tetA enzyme RNAP with twist -163.15606 superhelical -0.10340 global twist -198.07592 global supercoiling -0.05680
frame 122 time 30.5 binding_event at DNA_topoI 4 enzyme topoI with twist -59.06187 superhelical -0.10467 global twist -198.07592 global supercoiling -0.05711
frame 125 time 31.25 unbinding_event at gene tetA enzyme RNAP with twist -9.17350 superhelical -0.11744 global twist -192.24153 global supercoiling -0.05660
frame 127 time 31.75 unbinding_event at DNA_topoI 4 enzyme topoI with twist -5.04773 superhelical 0.03283 global twist -188.35194 global supercoiling -0.05514
frame 158 time 39.5 binding_event at gene Raspberry enzyme RNAP with twist -192.05879 superhelical -0.13390 global twist -186.40715 global supercoiling -0.05345
frame 181 time 45.25 binding_event at gene Raspberry enzyme RNAP with twist -46.81170 superhelical -0.18941 global twist -186.40715 global supercoiling -0.05375
frame 190 time 47.5 unbinding_event at gene tetA enzyme RNAP with twist -78.48698 superhelical -0.13571 global twist -186.40715 global supercoiling -0.05404
frame 212 time 53.0 unbinding_event at gene Raspberry enzyme RNAP with twist -77.44953 superhelical -0.20532 global twist -186.40715 global supercoiling -0.05375
frame 235 time 58.75 binding_event at gene tetA enzyme RNAP with twist -37.95522 superhelical -0.01676 global twist -186.40715 global supercoiling -0.05345
frame 235 time 58.75 unbinding_event at gene Raspberry enzyme RNAP with twist -114.69784 superhelical -0.20041 global twist -186.40715 global supercoiling -0.05345
frame 236 time 59.0 binding_event at gene Raspberry enzyme RNAP with twist -114.69784 superhelical -0.11430 global twist -186.40715 global supercoiling -0.05345
frame 288 time 72.0 binding_event at gene tetA enzyme RNAP with twist -109.95653 superhelical -0.11652 global twist -186.40715 global supercoiling -0.05375
frame 290 time 72.5 unbinding_event at gene Raspberry enzyme RNAP with twist -159.13145 superhelical -0.19364 global twist -186.40715 global supercoiling -0.05404
frame 306 time 76.5 binding_event at DNA_gyrase 25 enzyme gyrase with twist 97.11091 superhelical 0.08387 global twist -186.40715 global supercoiling -0.05375
frame 314 time 78.5 unbinding_event at DNA_gyrase 25 enzyme gyrase with twist 101.15010 superhelical 0.10260 global twist -197.17832 global supercoiling -0.05805
frame 316 time 79.0 unbinding_event at gene tetA enzyme RNAP with twist 50.43833 superhelical -0.11893 global twist -198.52472 global supercoiling -0.05724
frame 320 time 80.0 binding_event at gene tetA enzyme RNAP with twist -211.19213 superhelical -0.16477 global twist -198.52472 global supercoiling -0.05693
frame 369 time 92.25 unbinding_event at gene tetA enzyme RNAP with twist 100.74292 superhelical -0.16726 global twist -198.52472 global supercoiling -0.05724
frame 401 time 100.25 unbinding_event at gene tetA enzyme RNAP with twist -155.36821 superhelical -0.18119 global twist -198.52472 global supercoiling -0.05693
frame 492 time 123.0 binding_event at gene tetA enzyme RNAP with twist -155.36821 superhelical -0.05531 global twist -198.52472 global supercoiling -0.05661
frame 547 time 136.75 binding_event at DNA_gyrase 20 enzyme gyrase with twist -1.24378 superhelical -0.00096 global twist -198.52472 global supercoiling -0.05693
frame 548 time 137.0 unbinding_event at DNA_gyrase 20 enzyme gyrase with twist -0.34618 superhelical 0.00153 global twist -199.87112 global supercoiling -0.05852
frame 563 time 140.75 binding_event at gene Raspberry enzyme RNAP with twist -182.84757 superhelical -0.11205 global twist -201.21751 global supercoiling -0.05770
frame 567 time 141.75 binding_event at DNA_topoI 5 enzyme topoI with twist -178.23398 superhelical -0.11338 global twist -201.21751 global supercoiling -0.05802
frame 570 time 142.5 binding_event at DNA_topoI 43 enzyme topoI with twist -137.44100 superhelical -0.11455 global twist -195.38313 global supercoiling -0.05752
frame 571 time 142.75 unbinding_event at DNA_topoI 43 enzyme topoI with twist -128.01622 superhelical -0.11139 global twist -191.49354 global supercoiling -0.05760
frame 573 time 143.25 unbinding_event at gene tetA enzyme RNAP with twist 6.28393 superhelical -0.11374 global twist -185.65915 global supercoiling -0.05466
frame 603 time 150.75 unbinding_event at DNA_topoI 5 enzyme topoI with twist -3.99736 superhelical -0.04410 global twist -127.31529 global supercoiling -0.03727
frame 617 time 154.25 unbinding_event at gene Raspberry enzyme RNAP with twist -82.21398 superhelical -0.19340 global twist -125.37049 global supercoiling -0.03595
frame 627 time 156.75 binding_event at DNA_gyrase 25 enzyme gyrase with twist -82.21398 superhelical -0.02927 global twist -125.37049 global supercoiling -0.03575
frame 633 time 158.25 unbinding_event at DNA_gyrase 25 enzyme gyrase with twist -91.63876 superhelical -0.03128 global twist -133.44887 global supercoiling -0.03885
frame 685 time 171.25 binding_event at DNA_topoI 11 enzyme topoI with twist -91.63876 superhelical -0.03262 global twist -134.79527 global supercoiling -0.03844
frame 693 time 173.25 unbinding_event at DNA_topoI 11 enzyme topoI with twist -74.13560 superhelical -0.02849 global twist -119.23691 global supercoiling -0.03471
frame 748 time 187.0 binding_event at gene mKalama1 enzyme RNAP with twist -42.51024 superhelical -0.06000 global twist -117.29211 global supercoiling -0.03345
frame 802 time 200.5 unbinding_event at gene mKalama1 enzyme RNAP with twist -42.51024 superhelical 0.38588 global twist -117.29211 global supercoiling -0.03363
frame 931 time 232.75 binding_event at gene tetA enzyme RNAP with twist -74.13560 superhelical -0.02639 global twist -117.29211 global supercoiling -0.03345
frame 936 time 234.0 binding_event at DNA_gyrase 6 enzyme gyrase with twist -38.73033 superhelical -0.02213 global twist -117.29211 global supercoiling -0.03363
frame 940 time 235.0 unbinding_event at DNA_gyrase 6 enzyme gyrase with twist -36.48633 superhelical -0.00734 global twist -122.67770 global supercoiling -0.03592
frame 948 time 237.0 binding_event at DNA_topoI 42 enzyme topoI with twist -56.94762 superhelical -0.04964 global twist -124.02409 global supercoiling -0.03556
frame 958 time 239.5 binding_event at DNA_topoI 49 enzyme topoI with twist -44.57685 superhelical -0.05744 global twist -104.57614 global supercoiling -0.03062
frame 960 time 240.0 unbinding_event at DNA_topoI 42 enzyme topoI with twist -29.39196 superhelical -0.02046 global twist -96.79696 global supercoiling -0.02895
frame 961 time 240.25 unbinding_event at DNA_topoI 49 enzyme topoI with twist -49.01884 superhelical -0.03187 global twist -92.90737 global supercoiling -0.02720
frame 970 time 242.5 binding_event at gene tetA enzyme RNAP with twist -63.38041 superhelical -0.04714 global twist -90.96257 global supercoiling -0.02608
