TORCphysics log file 

General information: 
---------------------------------------------------------------------------------------
Circuit name: Pleu500_out
Size: 6000
Structure: circle
Number of sites: 110
Number of frames: 8000
Simulation time: 4000.0
Simulation timestep: 0.5
Seed: 4708876251185933271
 
Overall simulation information 
---------------------------------------------------------------------------------------
Initial twist: -211.68949
Final twist: -68.07382
Initial superhelical density: -0.06037
Final superhelical density: -0.01941
 
Overall rates 
---------------------------------------------------------------------------------------
site type            site name            #binding events      #unbinding events    binding rates        
 DNA_topoI            DNA_topoI_global                     57.0                 57.0               0.01425 
DNA_gyrase           DNA_gyrase_global                    67.0                 67.0               0.01675 
EXT                  EXT                                   0.0                  0.0                   0.0 
gene                 tetA                                 63.0                 63.0               0.01575 
gene                 CDS                                   0.0                  0.0                   0.0 
origin               ori                                   0.0                  0.0                   0.0 
lacOP                lac1                                  0.0                  0.0                   0.0 
gene                 mKalama1                              7.0                  7.0               0.00175 
lacOP                lac2                                  0.0                  0.0                   0.0 
gene                 Raspberry                            13.0                 13.0               0.00325 
 
Events
---------------------------------------------------------------------------------------
frame 46 time 23.0 binding_event at DNA_topoI 0 enzyme topoI with twist -168.53298 superhelical -0.06000 global twist -211.68949 global supercoiling -0.06037
frame 47 time 23.5 unbinding_event at DNA_topoI 0 enzyme topoI with twist -160.75380 superhelical -0.05754 global twist -207.79990 global supercoiling -0.06050
frame 49 time 24.5 binding_event at DNA_topoI 9 enzyme topoI with twist -160.75380 superhelical -0.05723 global twist -203.91031 global supercoiling -0.05815
frame 51 time 25.5 unbinding_event at DNA_topoI 9 enzyme topoI with twist -149.08503 superhelical -0.05511 global twist -196.13113 global supercoiling -0.05710
frame 52 time 26.0 binding_event at DNA_gyrase 19 enzyme gyrase with twist -149.08503 superhelical -0.05308 global twist -192.24153 global supercoiling -0.05482
frame 59 time 29.5 unbinding_event at DNA_gyrase 19 enzyme gyrase with twist -170.62738 superhelical -0.05910 global twist -211.09109 global supercoiling -0.06146
frame 65 time 32.5 binding_event at gene tetA enzyme RNAP with twist -170.62738 superhelical -0.06075 global twist -213.78388 global supercoiling -0.06097
frame 76 time 38.0 binding_event at gene tetA enzyme RNAP with twist -100.32286 superhelical -0.08416 global twist -213.78388 global supercoiling -0.06130
frame 84 time 42.0 binding_event at DNA_topoI 42 enzyme topoI with twist -113.79282 superhelical -0.09998 global twist -213.78388 global supercoiling -0.06164
frame 86 time 43.0 unbinding_event at DNA_topoI 42 enzyme topoI with twist -112.89522 superhelical -0.09171 global twist -206.00470 global supercoiling -0.06065
frame 105 time 52.5 unbinding_event at gene tetA enzyme RNAP with twist 22.15406 superhelical -0.08554 global twist -202.11511 global supercoiling -0.05827
frame 108 time 54.0 binding_event at gene Raspberry enzyme RNAP with twist -188.29345 superhelical -0.12001 global twist -202.11511 global supercoiling -0.05795
frame 116 time 58.0 unbinding_event at gene tetA enzyme RNAP with twist -121.70147 superhelical -0.12149 global twist -202.11511 global supercoiling -0.05827
frame 117 time 58.5 binding_event at DNA_topoI 49 enzyme topoI with twist -121.70147 superhelical -0.04703 global twist -202.11511 global supercoiling -0.05795
frame 118 time 59.0 unbinding_event at DNA_topoI 49 enzyme topoI with twist -106.74150 superhelical -0.03366 global twist -198.22552 global supercoiling -0.05803
frame 121 time 60.5 binding_event at DNA_topoI 20 enzyme topoI with twist -99.56072 superhelical -0.03958 global twist -194.33593 global supercoiling -0.05572
frame 121 time 60.5 unbinding_event at DNA_topoI 20 enzyme topoI with twist -92.08074 superhelical -0.03844 global twist -194.33593 global supercoiling -0.05572
frame 129 time 64.5 binding_event at gene tetA enzyme RNAP with twist -66.94800 superhelical -0.02822 global twist -190.44634 global supercoiling -0.05461
frame 135 time 67.5 unbinding_event at gene Raspberry enzyme RNAP with twist -121.34323 superhelical -0.19412 global twist -190.44634 global supercoiling -0.05491
frame 169 time 84.5 unbinding_event at gene tetA enzyme RNAP with twist -147.28983 superhelical -0.14066 global twist -190.44634 global supercoiling -0.05461
frame 176 time 88.0 binding_event at DNA_topoI 38 enzyme topoI with twist -147.28983 superhelical -0.05244 global twist -190.44634 global supercoiling -0.05431
frame 179 time 89.5 unbinding_event at DNA_topoI 38 enzyme topoI with twist -131.73147 superhelical 0.02266 global twist -178.77757 global supercoiling -0.05205
frame 203 time 101.5 binding_event at gene tetA enzyme RNAP with twist -131.73147 superhelical -0.04690 global twist -174.88798 global supercoiling -0.04987
frame 225 time 112.5 binding_event at gene tetA enzyme RNAP with twist -125.95080 superhelical -0.09065 global twist -174.88798 global supercoiling -0.05015
frame 231 time 115.5 binding_event at DNA_gyrase 22 enzyme gyrase with twist 15.76168 superhelical 0.01219 global twist -174.88798 global supercoiling -0.05042
frame 232 time 116.0 unbinding_event at DNA_gyrase 22 enzyme gyrase with twist 17.55688 superhelical 0.01791 global twist -177.58077 global supercoiling -0.05228
frame 237 time 118.5 binding_event at gene Raspberry enzyme RNAP with twist -134.49528 superhelical -0.11116 global twist -180.27356 global supercoiling -0.05198
frame 243 time 121.5 unbinding_event at gene tetA enzyme RNAP with twist 22.51096 superhelical -0.09191 global twist -180.27356 global supercoiling -0.05227
frame 251 time 125.5 binding_event at DNA_topoI 0 enzyme topoI with twist -129.89946 superhelical -0.11294 global twist -180.27356 global supercoiling -0.05198
frame 259 time 129.5 unbinding_event at DNA_topoI 0 enzyme topoI with twist -94.89314 superhelical -0.05861 global twist -149.15684 global supercoiling -0.04391
frame 264 time 132.0 unbinding_event at gene Raspberry enzyme RNAP with twist -200.01993 superhelical -0.19348 global twist -145.26724 global supercoiling -0.04188
frame 265 time 132.5 unbinding_event at gene tetA enzyme RNAP with twist -102.11074 superhelical -0.11766 global twist -145.26724 global supercoiling -0.04165
frame 269 time 134.5 binding_event at DNA_topoI 39 enzyme topoI with twist -102.11074 superhelical -0.03635 global twist -145.26724 global supercoiling -0.04143
frame 275 time 137.5 binding_event at DNA_topoI 49 enzyme topoI with twist -83.96796 superhelical -0.03275 global twist -121.92970 global supercoiling -0.03550
frame 275 time 137.5 unbinding_event at DNA_topoI 39 enzyme topoI with twist -10.74928 superhelical 0.04114 global twist -121.92970 global supercoiling -0.03550
frame 285 time 142.5 unbinding_event at DNA_topoI 49 enzyme topoI with twist -32.09810 superhelical 0.00976 global twist -79.14420 global supercoiling -0.02304
frame 290 time 145.0 binding_event at gene tetA enzyme RNAP with twist -32.09810 superhelical -0.01143 global twist -75.25461 global supercoiling -0.02146
frame 330 time 165.0 unbinding_event at gene tetA enzyme RNAP with twist -32.09810 superhelical -0.09167 global twist -75.25461 global supercoiling -0.02158
frame 391 time 195.5 binding_event at gene mKalama1 enzyme RNAP with twist -42.51024 superhelical -0.06000 global twist -75.25461 global supercoiling -0.02146
frame 418 time 209.0 unbinding_event at gene mKalama1 enzyme RNAP with twist -42.51024 superhelical 0.42250 global twist -75.25461 global supercoiling -0.02158
frame 451 time 225.5 binding_event at gene mKalama1 enzyme RNAP with twist -42.51024 superhelical -0.06000 global twist -75.25461 global supercoiling -0.02146
frame 452 time 226.0 binding_event at DNA_gyrase 24 enzyme gyrase with twist -32.09810 superhelical -0.01143 global twist -75.25461 global supercoiling -0.02158
frame 455 time 227.5 unbinding_event at DNA_gyrase 24 enzyme gyrase with twist -42.86928 superhelical -0.01373 global twist -83.33299 global supercoiling -0.02440
frame 462 time 231.0 binding_event at gene tetA enzyme RNAP with twist -42.86928 superhelical -0.01526 global twist -86.02578 global supercoiling -0.02467
frame 478 time 239.0 unbinding_event at gene mKalama1 enzyme RNAP with twist -42.51024 superhelical 0.42250 global twist -86.02578 global supercoiling -0.02480
frame 491 time 245.5 binding_event at DNA_gyrase 13 enzyme gyrase with twist 76.53495 superhelical 0.06005 global twist -86.02578 global supercoiling -0.02467
frame 497 time 248.5 unbinding_event at DNA_gyrase 13 enzyme gyrase with twist 82.81814 superhelical 0.16366 global twist -102.18255 global supercoiling -0.02992
frame 502 time 251.0 unbinding_event at gene tetA enzyme RNAP with twist -61.71883 superhelical -0.09389 global twist -104.87534 global supercoiling -0.03007
frame 597 time 298.5 binding_event at DNA_topoI 34 enzyme topoI with twist -42.51024 superhelical -0.06000 global twist -104.87534 global supercoiling -0.02991
frame 608 time 304.0 unbinding_event at DNA_topoI 34 enzyme topoI with twist 4.16485 superhelical -0.02314 global twist -62.08984 global supercoiling -0.01808
frame 737 time 368.5 binding_event at DNA_gyrase 14 enzyme gyrase with twist -61.71883 superhelical -0.02197 global twist -58.20025 global supercoiling -0.01660
frame 743 time 371.5 unbinding_event at DNA_gyrase 14 enzyme gyrase with twist -80.56839 superhelical -0.02734 global twist -74.35701 global supercoiling -0.02165
frame 785 time 392.5 binding_event at DNA_gyrase 27 enzyme gyrase with twist 4.16485 superhelical 0.00588 global twist -77.04980 global supercoiling -0.02197
frame 788 time 394.0 unbinding_event at DNA_gyrase 27 enzyme gyrase with twist -6.60632 superhelical -0.16013 global twist -85.12818 global supercoiling -0.02478
frame 790 time 395.0 binding_event at DNA_gyrase 34 enzyme gyrase with twist -6.60632 superhelical -0.00932 global twist -87.82098 global supercoiling -0.02504
frame 790 time 395.0 unbinding_event at DNA_gyrase 34 enzyme gyrase with twist -9.29911 superhelical -0.01289 global twist -87.82098 global supercoiling -0.02504
frame 806 time 403.0 binding_event at DNA_gyrase 32 enzyme gyrase with twist -9.29911 superhelical -0.01313 global twist -90.51377 global supercoiling -0.02581
frame 807 time 403.5 unbinding_event at DNA_gyrase 32 enzyme gyrase with twist -14.68470 superhelical -0.02149 global twist -93.20657 global supercoiling -0.02714
frame 848 time 424.0 binding_event at DNA_topoI 25 enzyme topoI with twist -80.56839 superhelical -0.02868 global twist -95.89936 global supercoiling -0.02735
frame 853 time 426.5 unbinding_event at DNA_topoI 25 enzyme topoI with twist -57.23084 superhelical -0.02475 global twist -76.45141 global supercoiling -0.02226
frame 879 time 439.5 binding_event at DNA_topoI 43 enzyme topoI with twist -57.23084 superhelical -0.02037 global twist -72.56181 global supercoiling -0.02069
frame 896 time 448.0 unbinding_event at DNA_topoI 43 enzyme topoI with twist 12.78179 superhelical 0.05506 global twist -6.43877 global supercoiling -0.00187
frame 936 time 468.0 binding_event at DNA_gyrase 43 enzyme gyrase with twist 12.78179 superhelical 0.00455 global twist -2.54918 global supercoiling -0.00073
frame 940 time 470.0 binding_event at DNA_gyrase 13 enzyme gyrase with twist 5.24448 superhelical 0.00230 global twist -13.32035 global supercoiling -0.00388
frame 942 time 471.0 unbinding_event at DNA_gyrase 13 enzyme gyrase with twist -6.87309 superhelical -0.00354 global twist -24.09153 global supercoiling -0.00716
frame 942 time 471.0 unbinding_event at DNA_gyrase 43 enzyme gyrase with twist -14.14614 superhelical -0.01578 global twist -24.09153 global supercoiling -0.00716
frame 972 time 486.0 binding_event at DNA_topoI 26 enzyme topoI with twist -0.64627 superhelical -0.06000 global twist -29.47712 global supercoiling -0.00841
frame 972 time 486.0 unbinding_event at DNA_topoI 26 enzyme topoI with twist 3.24332 superhelical 0.04296 global twist -29.47712 global supercoiling -0.00841
frame 1025 time 512.5 binding_event at gene tetA enzyme RNAP with twist -14.14614 superhelical -0.00504 global twist -25.58752 global supercoiling -0.00730
frame 1051 time 525.5 binding_event at gene tetA enzyme RNAP with twist -98.39327 superhelical -0.06733 global twist -25.58752 global supercoiling -0.00734
frame 1065 time 532.5 binding_event at DNA_topoI 41 enzyme topoI with twist -118.12010 superhelical -0.09481 global twist -25.58752 global supercoiling -0.00738
frame 1065 time 532.5 unbinding_event at gene tetA enzyme RNAP with twist 107.56434 superhelical -0.06823 global twist -25.58752 global supercoiling -0.00738
frame 1070 time 535.0 unbinding_event at DNA_topoI 41 enzyme topoI with twist -116.32490 superhelical -0.06382 global twist -6.13957 global supercoiling -0.00180
frame 1091 time 545.5 unbinding_event at gene tetA enzyme RNAP with twist 9.19140 superhelical -0.11079 global twist -2.24998 global supercoiling -0.00065
frame 1122 time 561.0 binding_event at DNA_gyrase 42 enzyme gyrase with twist 9.19140 superhelical 0.00327 global twist -2.24998 global supercoiling -0.00064
frame 1123 time 561.5 unbinding_event at DNA_gyrase 42 enzyme gyrase with twist 3.80582 superhelical -0.00356 global twist -4.94277 global supercoiling -0.00144
frame 1154 time 577.0 binding_event at DNA_gyrase 45 enzyme gyrase with twist 3.80582 superhelical 0.00135 global twist -7.63557 global supercoiling -0.00218
frame 1155 time 577.5 unbinding_event at DNA_gyrase 45 enzyme gyrase with twist -1.57977 superhelical -0.00306 global twist -10.32836 global supercoiling -0.00301
frame 1210 time 605.0 binding_event at DNA_gyrase 17 enzyme gyrase with twist -1.57977 superhelical -0.00056 global twist -13.02115 global supercoiling -0.00371
frame 1213 time 606.5 unbinding_event at DNA_gyrase 17 enzyme gyrase with twist -12.35095 superhelical -0.00304 global twist -21.09953 global supercoiling -0.00614
frame 1226 time 613.0 binding_event at DNA_gyrase 15 enzyme gyrase with twist -12.35095 superhelical -0.00440 global twist -23.79233 global supercoiling -0.00678
frame 1226 time 613.0 unbinding_event at DNA_gyrase 15 enzyme gyrase with twist -15.04374 superhelical -0.00517 global twist -23.79233 global supercoiling -0.00678
frame 1238 time 619.0 binding_event at DNA_topoI 35 enzyme topoI with twist -14.68470 superhelical -0.02073 global twist -26.48512 global supercoiling -0.00755
frame 1241 time 620.5 unbinding_event at DNA_topoI 35 enzyme topoI with twist 0.87366 superhelical -0.01024 global twist -14.81635 global supercoiling -0.00431
frame 1293 time 646.5 binding_event at DNA_gyrase 26 enzyme gyrase with twist 3.24332 superhelical 0.30111 global twist -10.92676 global supercoiling -0.00312
frame 1293 time 646.5 unbinding_event at DNA_gyrase 26 enzyme gyrase with twist 0.55053 superhelical 0.00412 global twist -10.92676 global supercoiling -0.00312
frame 1325 time 662.5 binding_event at DNA_gyrase 48 enzyme gyrase with twist -15.04374 superhelical -0.00536 global twist -13.61955 global supercoiling -0.00388
frame 1327 time 663.5 unbinding_event at DNA_gyrase 48 enzyme gyrase with twist -23.12212 superhelical -0.01042 global twist -19.00514 global supercoiling -0.00553
frame 1388 time 694.0 binding_event at DNA_gyrase 6 enzyme gyrase with twist -23.12212 superhelical -0.00823 global twist -21.69793 global supercoiling -0.00619
frame 1389 time 694.5 unbinding_event at DNA_gyrase 6 enzyme gyrase with twist -28.50771 superhelical -0.01038 global twist -24.39073 global supercoiling -0.00710
frame 1427 time 713.5 binding_event at gene tetA enzyme RNAP with twist -28.50771 superhelical -0.01015 global twist -27.08352 global supercoiling -0.00772
frame 1467 time 733.5 unbinding_event at gene tetA enzyme RNAP with twist -28.50771 superhelical -0.09093 global twist -27.08352 global supercoiling -0.00777
frame 1478 time 739.0 binding_event at gene Raspberry enzyme RNAP with twist -28.50771 superhelical -0.01015 global twist -27.08352 global supercoiling -0.00772
frame 1505 time 752.5 unbinding_event at gene Raspberry enzyme RNAP with twist -28.50771 superhelical -0.18579 global twist -27.08352 global supercoiling -0.00777
frame 1588 time 794.0 binding_event at gene tetA enzyme RNAP with twist -28.50771 superhelical -0.01015 global twist -27.08352 global supercoiling -0.00772
frame 1628 time 814.0 unbinding_event at gene tetA enzyme RNAP with twist -28.50771 superhelical -0.09093 global twist -27.08352 global supercoiling -0.00777
frame 1638 time 819.0 binding_event at gene tetA enzyme RNAP with twist -28.50771 superhelical -0.01015 global twist -27.08352 global supercoiling -0.00772
frame 1665 time 832.5 binding_event at gene tetA enzyme RNAP with twist -107.10355 superhelical -0.07240 global twist -27.08352 global supercoiling -0.00777
frame 1678 time 839.0 unbinding_event at gene tetA enzyme RNAP with twist 94.71110 superhelical -0.07335 global twist -27.08352 global supercoiling -0.00781
frame 1705 time 852.5 binding_event at DNA_gyrase 29 enzyme gyrase with twist 0.87366 superhelical 0.00123 global twist -27.08352 global supercoiling -0.00777
frame 1705 time 852.5 unbinding_event at gene tetA enzyme RNAP with twist -28.50771 superhelical -0.12722 global twist -27.08352 global supercoiling -0.00777
frame 1708 time 854.0 unbinding_event at DNA_gyrase 29 enzyme gyrase with twist -9.89751 superhelical -0.02924 global twist -35.16190 global supercoiling -0.01024
frame 1728 time 864.0 binding_event at DNA_gyrase 26 enzyme gyrase with twist 0.55053 superhelical 0.05111 global twist -37.85470 global supercoiling -0.01080
frame 1738 time 869.0 unbinding_event at DNA_gyrase 26 enzyme gyrase with twist -29.07020 superhelical -0.38005 global twist -64.78263 global supercoiling -0.01886
frame 1833 time 916.5 binding_event at DNA_topoI 40 enzyme topoI with twist -28.50771 superhelical -0.01015 global twist -67.47543 global supercoiling -0.01924
frame 1840 time 920.0 unbinding_event at DNA_topoI 40 enzyme topoI with twist 2.60902 superhelical 0.05300 global twist -40.24829 global supercoiling -0.01172
frame 1912 time 956.0 binding_event at DNA_gyrase 5 enzyme gyrase with twist 2.60902 superhelical 0.00093 global twist -36.35870 global supercoiling -0.01037
frame 1918 time 959.0 unbinding_event at DNA_gyrase 5 enzyme gyrase with twist -16.24054 superhelical -0.00617 global twist -52.51546 global supercoiling -0.01529
frame 1947 time 973.5 binding_event at DNA_gyrase 38 enzyme gyrase with twist -16.24054 superhelical -0.00578 global twist -55.20825 global supercoiling -0.01574
frame 1947 time 973.5 unbinding_event at DNA_gyrase 38 enzyme gyrase with twist -18.93333 superhelical -0.01917 global twist -55.20825 global supercoiling -0.01574
frame 1962 time 981.0 binding_event at DNA_gyrase 1 enzyme gyrase with twist -18.93333 superhelical -0.00674 global twist -57.90105 global supercoiling -0.01651
frame 1969 time 984.5 unbinding_event at DNA_gyrase 1 enzyme gyrase with twist -40.47568 superhelical -0.01732 global twist -76.75060 global supercoiling -0.02234
frame 2037 time 1018.5 binding_event at DNA_gyrase 25 enzyme gyrase with twist -40.47568 superhelical -0.01441 global twist -79.44340 global supercoiling -0.02266
frame 2041 time 1020.5 unbinding_event at DNA_gyrase 25 enzyme gyrase with twist -53.93965 superhelical -0.01700 global twist -90.21457 global supercoiling -0.02626
frame 2270 time 1135.0 binding_event at DNA_gyrase 29 enzyme gyrase with twist -9.89751 superhelical -0.01397 global twist -92.90737 global supercoiling -0.02649
frame 2271 time 1135.5 unbinding_event at DNA_gyrase 29 enzyme gyrase with twist -15.28310 superhelical -0.03085 global twist -95.60016 global supercoiling -0.02783
frame 2284 time 1142.0 binding_event at gene tetA enzyme RNAP with twist -53.93965 superhelical -0.01920 global twist -98.29295 global supercoiling -0.02803
frame 2324 time 1162.0 unbinding_event at gene tetA enzyme RNAP with twist -53.93965 superhelical -0.09617 global twist -98.29295 global supercoiling -0.02818
frame 2387 time 1193.5 binding_event at gene tetA enzyme RNAP with twist -53.93965 superhelical -0.01920 global twist -98.29295 global supercoiling -0.02803
frame 2418 time 1209.0 binding_event at DNA_topoI 1 enzyme topoI with twist -130.53159 superhelical -0.08416 global twist -98.29295 global supercoiling -0.02818
frame 2420 time 1210.0 binding_event at DNA_gyrase 34 enzyme gyrase with twist -15.28310 superhelical -0.02157 global twist -90.51377 global supercoiling -0.02650
frame 2425 time 1212.5 unbinding_event at DNA_topoI 1 enzyme topoI with twist -128.13800 superhelical -0.07321 global twist -84.52979 global supercoiling -0.02528
frame 2427 time 1213.5 unbinding_event at gene tetA enzyme RNAP with twist -22.82292 superhelical -0.07819 global twist -86.02578 global supercoiling -0.02519
frame 2432 time 1216.0 binding_event at DNA_topoI 36 enzyme topoI with twist -18.59861 superhelical -0.18283 global twist -99.48975 global supercoiling -0.02897
frame 2432 time 1216.0 unbinding_event at DNA_topoI 36 enzyme topoI with twist -16.05542 superhelical -0.15525 global twist -99.48975 global supercoiling -0.02897
frame 2436 time 1218.0 unbinding_event at DNA_gyrase 34 enzyme gyrase with twist -57.17100 superhelical -0.06679 global twist -106.37134 global supercoiling -0.03097
frame 2462 time 1231.0 binding_event at gene tetA enzyme RNAP with twist -22.82292 superhelical -0.00813 global twist -109.06413 global supercoiling -0.03110
frame 2466 time 1233.0 binding_event at DNA_topoI 27 enzyme topoI with twist -57.17100 superhelical -0.08069 global twist -109.06413 global supercoiling -0.03127
frame 2468 time 1234.0 unbinding_event at DNA_topoI 27 enzyme topoI with twist -45.50223 superhelical 0.09076 global twist -101.28495 global supercoiling -0.02965
frame 2484 time 1242.0 binding_event at DNA_gyrase 21 enzyme gyrase with twist 64.30205 superhelical 0.04592 global twist -97.39536 global supercoiling -0.02793
frame 2490 time 1245.0 unbinding_event at DNA_gyrase 21 enzyme gyrase with twist 70.58524 superhelical 0.07166 global twist -113.55212 global supercoiling -0.03324
frame 2502 time 1251.0 unbinding_event at gene tetA enzyme RNAP with twist -41.67248 superhelical -0.08976 global twist -116.24491 global supercoiling -0.03333
frame 2592 time 1296.0 binding_event at DNA_topoI 27 enzyme topoI with twist -45.50223 superhelical -0.06422 global twist -116.24491 global supercoiling -0.03315
frame 2599 time 1299.5 unbinding_event at DNA_topoI 27 enzyme topoI with twist -14.38550 superhelical 0.41002 global twist -89.01778 global supercoiling -0.02592
frame 2656 time 1328.0 binding_event at gene tetA enzyme RNAP with twist -41.67248 superhelical -0.01484 global twist -85.12818 global supercoiling -0.02428
frame 2681 time 1340.5 binding_event at DNA_topoI 30 enzyme topoI with twist -14.38550 superhelical -0.02030 global twist -85.12818 global supercoiling -0.02441
frame 2683 time 1341.5 unbinding_event at DNA_topoI 30 enzyme topoI with twist -2.71673 superhelical 0.00096 global twist -77.34900 global supercoiling -0.02265
frame 2691 time 1345.5 binding_event at DNA_topoI 0 enzyme topoI with twist -140.51992 superhelical -0.08659 global twist -73.45941 global supercoiling -0.02106
frame 2691 time 1345.5 unbinding_event at DNA_topoI 0 enzyme topoI with twist -140.22072 superhelical -0.08858 global twist -73.45941 global supercoiling -0.02106
frame 2693 time 1346.5 binding_event at gene tetA enzyme RNAP with twist -143.81111 superhelical -0.08670 global twist -69.56982 global supercoiling -0.01995
frame 2696 time 1348.0 unbinding_event at gene tetA enzyme RNAP with twist 63.81009 superhelical -0.08771 global twist -69.56982 global supercoiling -0.02006
frame 2698 time 1349.0 binding_event at DNA_gyrase 2 enzyme gyrase with twist 67.40048 superhelical 0.03952 global twist -69.56982 global supercoiling -0.01995
frame 2700 time 1350.0 unbinding_event at DNA_gyrase 2 enzyme gyrase with twist -54.08778 superhelical -0.10272 global twist -74.95541 global supercoiling -0.02194
frame 2704 time 1352.0 binding_event at DNA_topoI 37 enzyme topoI with twist -64.85896 superhelical -0.05441 global twist -77.64820 global supercoiling -0.02226
frame 2704 time 1352.0 unbinding_event at DNA_topoI 37 enzyme topoI with twist -64.55976 superhelical 0.00710 global twist -77.64820 global supercoiling -0.02226
frame 2733 time 1366.5 unbinding_event at gene tetA enzyme RNAP with twist -41.97168 superhelical -0.09747 global twist -73.75861 global supercoiling -0.02115
frame 2899 time 1449.5 binding_event at gene tetA enzyme RNAP with twist -41.97168 superhelical -0.01494 global twist -73.75861 global supercoiling -0.02103
frame 2939 time 1469.5 unbinding_event at gene tetA enzyme RNAP with twist -41.97168 superhelical -0.09371 global twist -73.75861 global supercoiling -0.02115
frame 2968 time 1484.0 binding_event at gene tetA enzyme RNAP with twist -41.97168 superhelical -0.01494 global twist -73.75861 global supercoiling -0.02103
frame 2980 time 1490.0 binding_event at DNA_gyrase 34 enzyme gyrase with twist -2.71673 superhelical -0.00383 global twist -73.75861 global supercoiling -0.02115
frame 2986 time 1493.0 binding_event at DNA_topoI 40 enzyme topoI with twist -79.58993 superhelical -0.06040 global twist -89.91537 global supercoiling -0.02632
frame 2987 time 1493.5 unbinding_event at DNA_topoI 40 enzyme topoI with twist -78.99153 superhelical -0.04803 global twist -88.71858 global supercoiling -0.02653
frame 2994 time 1497.0 unbinding_event at DNA_gyrase 34 enzyme gyrase with twist -43.10864 superhelical -0.04202 global twist -103.67854 global supercoiling -0.03035
frame 3001 time 1500.5 binding_event at DNA_gyrase 15 enzyme gyrase with twist 91.47412 superhelical 0.07605 global twist -106.37134 global supercoiling -0.03050
frame 3001 time 1500.5 unbinding_event at DNA_gyrase 15 enzyme gyrase with twist 92.37172 superhelical 0.08976 global twist -106.37134 global supercoiling -0.03050
frame 3008 time 1504.0 unbinding_event at gene tetA enzyme RNAP with twist -36.88529 superhelical -0.08921 global twist -109.06413 global supercoiling -0.03127
frame 3154 time 1577.0 binding_event at gene tetA enzyme RNAP with twist -36.88529 superhelical -0.01313 global twist -109.06413 global supercoiling -0.03110
frame 3171 time 1585.5 binding_event at DNA_gyrase 49 enzyme gyrase with twist -74.18624 superhelical -0.05708 global twist -109.06413 global supercoiling -0.03127
frame 3172 time 1586.0 binding_event at DNA_topoI 47 enzyme topoI with twist -55.21457 superhelical -0.06193 global twist -111.75692 global supercoiling -0.03272
frame 3172 time 1586.0 unbinding_event at DNA_topoI 47 enzyme topoI with twist -52.67138 superhelical -0.06475 global twist -111.75692 global supercoiling -0.03272
frame 3180 time 1590.0 unbinding_event at DNA_gyrase 49 enzyme gyrase with twist -133.12850 superhelical -0.07115 global twist -129.40968 global supercoiling -0.03789
frame 3194 time 1597.0 unbinding_event at gene tetA enzyme RNAP with twist -59.92364 superhelical -0.10597 global twist -132.10248 global supercoiling -0.03788
frame 3214 time 1607.0 binding_event at DNA_topoI 36 enzyme topoI with twist -43.10864 superhelical -0.06084 global twist -132.10248 global supercoiling -0.03767
frame 3216 time 1608.0 unbinding_event at DNA_topoI 36 enzyme topoI with twist -31.43986 superhelical -0.05124 global twist -124.32329 global supercoiling -0.03620
frame 3332 time 1666.0 binding_event at DNA_topoI 40 enzyme topoI with twist -59.92364 superhelical -0.02133 global twist -120.43370 global supercoiling -0.03434
frame 3334 time 1667.0 binding_event at DNA_gyrase 44 enzyme gyrase with twist -50.66267 superhelical -0.02033 global twist -112.65452 global supercoiling -0.03280
frame 3334 time 1667.0 unbinding_event at DNA_topoI 40 enzyme topoI with twist -3.44862 superhelical 0.00189 global twist -112.65452 global supercoiling -0.03280
frame 3348 time 1674.0 unbinding_event at DNA_gyrase 44 enzyme gyrase with twist -88.64677 superhelical -0.04187 global twist -146.46404 global supercoiling -0.04264
frame 3379 time 1689.5 binding_event at DNA_topoI 32 enzyme topoI with twist -31.43986 superhelical -0.04437 global twist -149.15684 global supercoiling -0.04254
frame 3380 time 1690.0 unbinding_event at DNA_topoI 32 enzyme topoI with twist -23.66068 superhelical -0.03944 global twist -145.26724 global supercoiling -0.04229
frame 3385 time 1692.5 binding_event at DNA_topoI 21 enzyme topoI with twist -88.64677 superhelical -0.03156 global twist -141.37765 global supercoiling -0.04032
frame 3391 time 1695.5 unbinding_event at DNA_topoI 21 enzyme topoI with twist -61.41963 superhelical -0.02688 global twist -118.04011 global supercoiling -0.03437
frame 3408 time 1704.0 binding_event at DNA_topoI 23 enzyme topoI with twist -61.41963 superhelical -0.02187 global twist -114.15052 global supercoiling -0.03255
frame 3410 time 1705.0 unbinding_event at DNA_topoI 23 enzyme topoI with twist -49.75086 superhelical -0.02021 global twist -106.37134 global supercoiling -0.03097
frame 3460 time 1730.0 binding_event at DNA_topoI 22 enzyme topoI with twist -49.75086 superhelical -0.01771 global twist -102.48174 global supercoiling -0.02923
frame 3465 time 1732.5 unbinding_event at DNA_topoI 22 enzyme topoI with twist -26.41331 superhelical -0.01359 global twist -83.03379 global supercoiling -0.02417
frame 3473 time 1736.5 binding_event at DNA_gyrase 8 enzyme gyrase with twist -26.41331 superhelical -0.00940 global twist -79.14420 global supercoiling -0.02257
frame 3474 time 1737.0 unbinding_event at DNA_gyrase 8 enzyme gyrase with twist -31.79890 superhelical -0.01140 global twist -81.83699 global supercoiling -0.02383
frame 3553 time 1776.5 binding_event at DNA_topoI 27 enzyme topoI with twist -23.66068 superhelical -0.03340 global twist -84.52979 global supercoiling -0.02411
frame 3556 time 1778.0 unbinding_event at DNA_topoI 27 enzyme topoI with twist -8.10232 superhelical 0.20358 global twist -72.86101 global supercoiling -0.02121
frame 3599 time 1799.5 binding_event at gene tetA enzyme RNAP with twist -31.79890 superhelical -0.01132 global twist -68.97142 global supercoiling -0.01967
frame 3628 time 1814.0 binding_event at gene tetA enzyme RNAP with twist -115.45764 superhelical -0.07620 global twist -68.97142 global supercoiling -0.01978
frame 3639 time 1819.5 unbinding_event at gene tetA enzyme RNAP with twist 88.04204 superhelical -0.07718 global twist -68.97142 global supercoiling -0.01989
frame 3667 time 1833.5 binding_event at gene tetA enzyme RNAP with twist -216.78151 superhelical -0.12792 global twist -68.97142 global supercoiling -0.01978
frame 3668 time 1834.0 unbinding_event at gene tetA enzyme RNAP with twist 104.05719 superhelical -0.12938 global twist -68.97142 global supercoiling -0.01989
frame 3677 time 1838.5 binding_event at gene Raspberry enzyme RNAP with twist -164.57923 superhelical -0.14018 global twist -68.97142 global supercoiling -0.01978
frame 3704 time 1852.0 unbinding_event at gene Raspberry enzyme RNAP with twist -265.11019 superhelical -0.19569 global twist -68.97142 global supercoiling -0.01989
frame 3707 time 1853.5 unbinding_event at gene tetA enzyme RNAP with twist -31.79890 superhelical -0.15942 global twist -68.97142 global supercoiling -0.01978
frame 3771 time 1885.5 binding_event at DNA_topoI 26 enzyme topoI with twist -29.07020 superhelical -2.69889 global twist -68.97142 global supercoiling -0.01967
frame 3775 time 1887.5 unbinding_event at DNA_topoI 26 enzyme topoI with twist -9.62225 superhelical -0.09812 global twist -53.41306 global supercoiling -0.01555
frame 3792 time 1896.0 binding_event at gene tetA enzyme RNAP with twist -31.79890 superhelical -0.01132 global twist -49.52347 global supercoiling -0.01412
frame 3812 time 1906.0 binding_event at DNA_topoI 4 enzyme topoI with twist -83.14412 superhelical -0.06143 global twist -49.52347 global supercoiling -0.01420
frame 3813 time 1906.5 unbinding_event at DNA_topoI 4 enzyme topoI with twist -82.54572 superhelical -0.06176 global twist -45.63388 global supercoiling -0.01336
frame 3825 time 1912.5 binding_event at gene tetA enzyme RNAP with twist -122.04003 superhelical -0.07690 global twist -41.74429 global supercoiling -0.01197
frame 3828 time 1914.0 binding_event at DNA_gyrase 5 enzyme gyrase with twist -44.62380 superhelical -0.07784 global twist -41.74429 global supercoiling -0.01204
frame 3832 time 1916.0 unbinding_event at gene tetA enzyme RNAP with twist 80.12035 superhelical -0.13864 global twist -52.51546 global supercoiling -0.01546
frame 3839 time 1919.5 unbinding_event at DNA_gyrase 5 enzyme gyrase with twist 74.93886 superhelical 0.10744 global twist -71.36502 global supercoiling -0.02089
frame 3861 time 1930.5 binding_event at gene tetA enzyme RNAP with twist -206.67033 superhelical -0.12596 global twist -74.05781 global supercoiling -0.02124
frame 3863 time 1931.5 binding_event at DNA_gyrase 17 enzyme gyrase with twist 157.51787 superhelical 0.14152 global twist -74.05781 global supercoiling -0.02135
frame 3863 time 1931.5 unbinding_event at DNA_gyrase 17 enzyme gyrase with twist 158.41547 superhelical 0.16183 global twist -74.05781 global supercoiling -0.02135
frame 3865 time 1932.5 unbinding_event at gene tetA enzyme RNAP with twist 85.67355 superhelical -0.12744 global twist -76.75060 global supercoiling -0.02213
frame 3901 time 1950.5 unbinding_event at gene tetA enzyme RNAP with twist -59.02604 superhelical -0.15830 global twist -76.75060 global supercoiling -0.02201
frame 3949 time 1974.5 binding_event at DNA_topoI 22 enzyme topoI with twist -59.02604 superhelical -0.02101 global twist -76.75060 global supercoiling -0.02189
frame 3951 time 1975.5 unbinding_event at DNA_topoI 22 enzyme topoI with twist -47.35727 superhelical -0.01927 global twist -68.97142 global supercoiling -0.02008
frame 3997 time 1998.5 binding_event at gene tetA enzyme RNAP with twist -47.35727 superhelical -0.01686 global twist -65.08183 global supercoiling -0.01856
frame 4000 time 2000.0 binding_event at gene tetA enzyme RNAP with twist -27.65401 superhelical -0.02638 global twist -65.08183 global supercoiling -0.01866
frame 4037 time 2018.5 unbinding_event at gene tetA enzyme RNAP with twist 115.79911 superhelical -0.02687 global twist -65.08183 global supercoiling -0.01876
frame 4040 time 2020.0 unbinding_event at gene tetA enzyme RNAP with twist -47.35727 superhelical -0.10050 global twist -65.08183 global supercoiling -0.01866
frame 4290 time 2145.0 binding_event at DNA_topoI 13 enzyme topoI with twist -47.35727 superhelical -0.01686 global twist -65.08183 global supercoiling -0.01856
frame 4293 time 2146.5 unbinding_event at DNA_topoI 13 enzyme topoI with twist -31.79890 superhelical -0.01320 global twist -53.41306 global supercoiling -0.01555
frame 4445 time 2222.5 binding_event at gene mKalama1 enzyme RNAP with twist -8.10232 superhelical -0.01144 global twist -49.52347 global supercoiling -0.01412
frame 4472 time 2236.0 unbinding_event at gene mKalama1 enzyme RNAP with twist -8.10232 superhelical 0.64711 global twist -49.52347 global supercoiling -0.01420
frame 4490 time 2245.0 binding_event at gene Raspberry enzyme RNAP with twist -31.79890 superhelical -0.01132 global twist -49.52347 global supercoiling -0.01412
frame 4516 time 2258.0 binding_event at gene Raspberry enzyme RNAP with twist -93.81400 superhelical -0.18488 global twist -49.52347 global supercoiling -0.01420
frame 4517 time 2258.5 unbinding_event at gene Raspberry enzyme RNAP with twist -16.80029 superhelical -0.19213 global twist -49.52347 global supercoiling -0.01428
frame 4527 time 2263.5 binding_event at gene Raspberry enzyme RNAP with twist -47.31214 superhelical -0.19865 global twist -49.52347 global supercoiling -0.01420
frame 4543 time 2271.5 unbinding_event at gene Raspberry enzyme RNAP with twist 38.02799 superhelical -0.21602 global twist -49.52347 global supercoiling -0.01428
frame 4554 time 2277.0 unbinding_event at gene Raspberry enzyme RNAP with twist -31.79890 superhelical -0.20120 global twist -49.52347 global supercoiling -0.01420
frame 4583 time 2291.5 binding_event at DNA_topoI 21 enzyme topoI with twist -31.79890 superhelical -0.01132 global twist -49.52347 global supercoiling -0.01412
frame 4592 time 2296.0 unbinding_event at DNA_topoI 21 enzyme topoI with twist 7.09701 superhelical -0.00375 global twist -14.51715 global supercoiling -0.00423
frame 4619 time 2309.5 binding_event at DNA_gyrase 14 enzyme gyrase with twist 7.09701 superhelical 0.00253 global twist -10.62756 global supercoiling -0.00303
frame 4620 time 2310.0 unbinding_event at DNA_gyrase 14 enzyme gyrase with twist 1.71142 superhelical 0.00123 global twist -13.32035 global supercoiling -0.00388
frame 4684 time 2342.0 binding_event at DNA_gyrase 17 enzyme gyrase with twist 1.71142 superhelical 0.00061 global twist -16.01315 global supercoiling -0.00457
frame 4687 time 2343.5 unbinding_event at DNA_gyrase 17 enzyme gyrase with twist -9.05975 superhelical -0.00184 global twist -24.09153 global supercoiling -0.00701
frame 4705 time 2352.5 binding_event at DNA_gyrase 18 enzyme gyrase with twist -9.05975 superhelical -0.00323 global twist -26.78432 global supercoiling -0.00764
frame 4711 time 2355.5 unbinding_event at DNA_gyrase 18 enzyme gyrase with twist -27.90931 superhelical -0.00749 global twist -42.94108 global supercoiling -0.01250
frame 4713 time 2356.5 binding_event at DNA_gyrase 21 enzyme gyrase with twist -27.90931 superhelical -0.00994 global twist -45.63388 global supercoiling -0.01301
frame 4713 time 2356.5 unbinding_event at DNA_gyrase 21 enzyme gyrase with twist -30.60210 superhelical -0.01074 global twist -45.63388 global supercoiling -0.01301
frame 4745 time 2372.5 binding_event at DNA_gyrase 46 enzyme gyrase with twist -30.60210 superhelical -0.01089 global twist -48.32667 global supercoiling -0.01378
frame 4753 time 2376.5 unbinding_event at DNA_gyrase 46 enzyme gyrase with twist -54.83725 superhelical -0.02910 global twist -69.86902 global supercoiling -0.02034
frame 4845 time 2422.5 binding_event at DNA_gyrase 28 enzyme gyrase with twist -8.10232 superhelical -0.01144 global twist -72.56181 global supercoiling -0.02069
frame 4846 time 2423.0 unbinding_event at DNA_gyrase 28 enzyme gyrase with twist -13.48790 superhelical -0.03859 global twist -75.25461 global supercoiling -0.02191
frame 4903 time 2451.5 binding_event at gene Raspberry enzyme RNAP with twist -54.83725 superhelical -0.01952 global twist -77.94740 global supercoiling -0.02223
frame 4930 time 2465.0 unbinding_event at gene Raspberry enzyme RNAP with twist -54.83725 superhelical -0.18649 global twist -77.94740 global supercoiling -0.02235
frame 4956 time 2478.0 binding_event at gene tetA enzyme RNAP with twist -54.83725 superhelical -0.01952 global twist -77.94740 global supercoiling -0.02223
frame 4976 time 2488.0 binding_event at DNA_topoI 26 enzyme topoI with twist -9.62225 superhelical -0.89333 global twist -77.94740 global supercoiling -0.02235
frame 4979 time 2489.5 unbinding_event at DNA_topoI 26 enzyme topoI with twist 5.93611 superhelical 0.08660 global twist -66.27863 global supercoiling -0.01940
frame 4996 time 2498.0 unbinding_event at gene tetA enzyme RNAP with twist -54.83725 superhelical -0.09636 global twist -62.38904 global supercoiling -0.01789
frame 5033 time 2516.5 binding_event at DNA_gyrase 26 enzyme gyrase with twist 5.93611 superhelical 0.55111 global twist -62.38904 global supercoiling -0.01779
frame 5040 time 2520.0 unbinding_event at DNA_gyrase 26 enzyme gyrase with twist -15.60624 superhelical -0.20937 global twist -81.23859 global supercoiling -0.02365
frame 5061 time 2530.5 binding_event at gene tetA enzyme RNAP with twist -54.83725 superhelical -0.01952 global twist -83.93139 global supercoiling -0.02394
frame 5063 time 2531.5 binding_event at gene tetA enzyme RNAP with twist -26.73023 superhelical -0.02594 global twist -83.93139 global supercoiling -0.02407
frame 5101 time 2550.5 unbinding_event at gene tetA enzyme RNAP with twist 111.47538 superhelical -0.02643 global twist -83.93139 global supercoiling -0.02420
frame 5103 time 2551.5 unbinding_event at gene tetA enzyme RNAP with twist -54.83725 superhelical -0.10025 global twist -83.93139 global supercoiling -0.02407
frame 5112 time 2556.0 binding_event at gene tetA enzyme RNAP with twist -54.83725 superhelical -0.01952 global twist -83.93139 global supercoiling -0.02394
frame 5152 time 2576.0 binding_event at gene tetA enzyme RNAP with twist -163.16511 superhelical -0.09527 global twist -83.93139 global supercoiling -0.02407
frame 5152 time 2576.0 unbinding_event at gene tetA enzyme RNAP with twist 44.57661 superhelical -0.09635 global twist -83.93139 global supercoiling -0.02407
frame 5164 time 2582.0 binding_event at gene tetA enzyme RNAP with twist -138.90817 superhelical -0.11480 global twist -83.93139 global supercoiling -0.02407
frame 5192 time 2596.0 unbinding_event at gene tetA enzyme RNAP with twist 165.29686 superhelical -0.11665 global twist -83.93139 global supercoiling -0.02420
frame 5204 time 2602.0 binding_event at DNA_topoI 42 enzyme topoI with twist -259.62841 superhelical -0.15160 global twist -83.93139 global supercoiling -0.02407
frame 5204 time 2602.0 unbinding_event at gene tetA enzyme RNAP with twist 8.65331 superhelical -0.15729 global twist -83.93139 global supercoiling -0.02407
frame 5224 time 2612.0 unbinding_event at DNA_topoI 42 enzyme topoI with twist 26.84416 superhelical -0.05323 global twist -6.13957 global supercoiling -0.00179
frame 5225 time 2612.5 binding_event at DNA_gyrase 48 enzyme gyrase with twist 26.84416 superhelical 0.00956 global twist -2.24998 global supercoiling -0.00064
frame 5226 time 2613.0 unbinding_event at DNA_gyrase 48 enzyme gyrase with twist 21.45857 superhelical 0.00652 global twist -4.94277 global supercoiling -0.00144
frame 5320 time 2660.0 binding_event at DNA_gyrase 30 enzyme gyrase with twist -13.48790 superhelical -0.01904 global twist -7.63557 global supercoiling -0.00218
frame 5321 time 2660.5 unbinding_event at DNA_gyrase 30 enzyme gyrase with twist -18.87349 superhelical -0.03205 global twist -10.32836 global supercoiling -0.00301
frame 5348 time 2674.0 binding_event at gene tetA enzyme RNAP with twist 21.45857 superhelical 0.00764 global twist -13.02115 global supercoiling -0.00371
frame 5388 time 2694.0 unbinding_event at gene tetA enzyme RNAP with twist 21.45857 superhelical -0.08064 global twist -13.02115 global supercoiling -0.00373
frame 5401 time 2700.5 binding_event at DNA_gyrase 16 enzyme gyrase with twist 21.45857 superhelical 0.00764 global twist -13.02115 global supercoiling -0.00371
frame 5406 time 2703.0 binding_event at gene tetA enzyme RNAP with twist 9.82874 superhelical 0.00465 global twist -26.48512 global supercoiling -0.00771
frame 5412 time 2706.0 unbinding_event at DNA_gyrase 16 enzyme gyrase with twist 9.60787 superhelical 0.02145 global twist -42.64188 global supercoiling -0.01248
frame 5444 time 2722.0 binding_event at gene tetA enzyme RNAP with twist -131.76496 superhelical -0.07859 global twist -45.33468 global supercoiling -0.01300
frame 5446 time 2723.0 unbinding_event at gene tetA enzyme RNAP with twist 78.97520 superhelical -0.07949 global twist -45.33468 global supercoiling -0.01307
frame 5484 time 2742.0 unbinding_event at gene tetA enzyme RNAP with twist -10.85495 superhelical -0.13075 global twist -45.33468 global supercoiling -0.01300
frame 5497 time 2748.5 binding_event at gene tetA enzyme RNAP with twist -10.85495 superhelical -0.00386 global twist -45.33468 global supercoiling -0.01293
frame 5502 time 2751.0 binding_event at gene tetA enzyme RNAP with twist -21.82174 superhelical -0.02013 global twist -45.33468 global supercoiling -0.01300
frame 5512 time 2756.0 binding_event at gene tetA enzyme RNAP with twist -56.27905 superhelical -0.04794 global twist -45.33468 global supercoiling -0.01307
frame 5537 time 2768.5 unbinding_event at gene tetA enzyme RNAP with twist 138.77428 superhelical -0.02049 global twist -45.33468 global supercoiling -0.01314
frame 5542 time 2771.0 unbinding_event at gene tetA enzyme RNAP with twist 148.91132 superhelical -0.04873 global twist -45.33468 global supercoiling -0.01307
frame 5552 time 2776.0 unbinding_event at gene tetA enzyme RNAP with twist -10.85495 superhelical -0.11307 global twist -45.33468 global supercoiling -0.01300
frame 5559 time 2779.5 binding_event at DNA_topoI 30 enzyme topoI with twist -18.87349 superhelical -0.02664 global twist -45.33468 global supercoiling -0.01293
frame 5559 time 2779.5 unbinding_event at DNA_topoI 30 enzyme topoI with twist -14.98390 superhelical -0.02179 global twist -45.33468 global supercoiling -0.01293
frame 5646 time 2823.0 binding_event at DNA_gyrase 21 enzyme gyrase with twist -10.85495 superhelical -0.00386 global twist -41.44509 global supercoiling -0.01182
frame 5647 time 2823.5 unbinding_event at DNA_gyrase 21 enzyme gyrase with twist -16.24054 superhelical -0.00506 global twist -44.13788 global supercoiling -0.01285
frame 5711 time 2855.5 binding_event at DNA_gyrase 4 enzyme gyrase with twist -16.24054 superhelical -0.00578 global twist -46.83067 global supercoiling -0.01335
frame 5717 time 2858.5 unbinding_event at DNA_gyrase 4 enzyme gyrase with twist -35.09009 superhelical -0.01347 global twist -62.98744 global supercoiling -0.01834
frame 5795 time 2897.5 binding_event at gene tetA enzyme RNAP with twist -35.09009 superhelical -0.01249 global twist -65.68023 global supercoiling -0.01873
frame 5835 time 2917.5 unbinding_event at gene tetA enzyme RNAP with twist -35.09009 superhelical -0.09229 global twist -65.68023 global supercoiling -0.01883
frame 5854 time 2927.0 binding_event at gene tetA enzyme RNAP with twist -35.09009 superhelical -0.01249 global twist -65.68023 global supercoiling -0.01873
frame 5890 time 2945.0 binding_event at DNA_topoI 26 enzyme topoI with twist -15.60624 superhelical -1.44889 global twist -65.68023 global supercoiling -0.01883
frame 5890 time 2945.0 unbinding_event at DNA_topoI 26 enzyme topoI with twist -11.71664 superhelical -0.13820 global twist -65.68023 global supercoiling -0.01883
frame 5894 time 2947.0 unbinding_event at gene tetA enzyme RNAP with twist -35.09009 superhelical -0.09229 global twist -61.79064 global supercoiling -0.01772
frame 5906 time 2953.0 binding_event at gene tetA enzyme RNAP with twist -35.09009 superhelical -0.01249 global twist -61.79064 global supercoiling -0.01762
frame 5946 time 2973.0 unbinding_event at gene tetA enzyme RNAP with twist -35.09009 superhelical -0.09229 global twist -61.79064 global supercoiling -0.01772
frame 5976 time 2988.0 binding_event at DNA_gyrase 32 enzyme gyrase with twist -14.98390 superhelical -0.02115 global twist -61.79064 global supercoiling -0.01762
frame 5979 time 2989.5 binding_event at gene tetA enzyme RNAP with twist -35.09009 superhelical -0.01249 global twist -69.86902 global supercoiling -0.02034
frame 5979 time 2989.5 unbinding_event at DNA_gyrase 32 enzyme gyrase with twist -25.75508 superhelical -0.03730 global twist -69.86902 global supercoiling -0.02034
frame 6002 time 3001.0 binding_event at gene tetA enzyme RNAP with twist -95.08860 superhelical -0.06756 global twist -72.56181 global supercoiling -0.02081
frame 6019 time 3009.5 unbinding_event at gene tetA enzyme RNAP with twist 97.65646 superhelical -0.06849 global twist -72.56181 global supercoiling -0.02092
frame 6028 time 3014.0 binding_event at DNA_topoI 43 enzyme topoI with twist -161.46969 superhelical -0.11050 global twist -72.56181 global supercoiling -0.02081
frame 6028 time 3014.0 unbinding_event at DNA_topoI 43 enzyme topoI with twist -161.17049 superhelical -0.11199 global twist -72.56181 global supercoiling -0.02081
frame 6029 time 3014.5 binding_event at gene Raspberry enzyme RNAP with twist -161.17049 superhelical -0.10895 global twist -68.67222 global supercoiling -0.01969
frame 6042 time 3021.0 unbinding_event at gene tetA enzyme RNAP with twist 23.55662 superhelical -0.11038 global twist -68.67222 global supercoiling -0.01980
frame 6044 time 3022.0 binding_event at DNA_topoI 36 enzyme topoI with twist -25.75508 superhelical -0.03635 global twist -68.67222 global supercoiling -0.01969
frame 6044 time 3022.0 unbinding_event at DNA_topoI 36 enzyme topoI with twist -21.86548 superhelical -0.03288 global twist -68.67222 global supercoiling -0.01969
frame 6056 time 3028.0 unbinding_event at gene Raspberry enzyme RNAP with twist -31.20050 superhelical -0.19329 global twist -64.78263 global supercoiling -0.01858
frame 6072 time 3036.0 binding_event at DNA_gyrase 9 enzyme gyrase with twist -31.20050 superhelical -0.01111 global twist -64.78263 global supercoiling -0.01847
frame 6072 time 3036.0 unbinding_event at DNA_gyrase 9 enzyme gyrase with twist -33.89330 superhelical -0.01224 global twist -64.78263 global supercoiling -0.01847
frame 6096 time 3048.0 binding_event at DNA_topoI 6 enzyme topoI with twist -33.89330 superhelical -0.01207 global twist -67.47543 global supercoiling -0.01924
frame 6098 time 3049.0 unbinding_event at DNA_topoI 6 enzyme topoI with twist -22.22452 superhelical -0.00820 global twist -59.69624 global supercoiling -0.01738
frame 6104 time 3052.0 binding_event at gene tetA enzyme RNAP with twist -22.22452 superhelical -0.00791 global twist -55.80665 global supercoiling -0.01591
frame 6134 time 3067.0 binding_event at DNA_topoI 47 enzyme topoI with twist -115.63478 superhelical -0.07543 global twist -55.80665 global supercoiling -0.01600
frame 6144 time 3072.0 unbinding_event at gene tetA enzyme RNAP with twist 58.35884 superhelical -0.08185 global twist -16.91074 global supercoiling -0.00495
frame 6149 time 3074.5 unbinding_event at DNA_topoI 47 enzyme topoI with twist 40.00893 superhelical -0.03753 global twist 2.53721 global supercoiling 0.00074
frame 6154 time 3077.0 binding_event at DNA_gyrase 1 enzyme gyrase with twist 40.00893 superhelical 0.01424 global twist 6.42680 global supercoiling 0.00183
frame 6156 time 3078.0 unbinding_event at DNA_gyrase 1 enzyme gyrase with twist 31.93055 superhelical 0.01072 global twist 1.04121 global supercoiling 0.00030
frame 6193 time 3096.5 binding_event at DNA_gyrase 22 enzyme gyrase with twist 31.93055 superhelical 0.01137 global twist -1.65158 global supercoiling -0.00047
frame 6193 time 3096.5 unbinding_event at DNA_gyrase 22 enzyme gyrase with twist 29.23776 superhelical 0.01114 global twist -1.65158 global supercoiling -0.00047
frame 6357 time 3178.5 binding_event at DNA_gyrase 14 enzyme gyrase with twist 29.23776 superhelical 0.01041 global twist -4.34437 global supercoiling -0.00124
frame 6365 time 3182.5 unbinding_event at DNA_gyrase 14 enzyme gyrase with twist 5.00261 superhelical 0.00453 global twist -25.88672 global supercoiling -0.00754
frame 6620 time 3310.0 binding_event at DNA_topoI 26 enzyme topoI with twist -11.71664 superhelical -1.08778 global twist -28.57952 global supercoiling -0.00815
frame 6624 time 3312.0 unbinding_event at DNA_topoI 26 enzyme topoI with twist 7.73131 superhelical 0.11202 global twist -13.02115 global supercoiling -0.00379
frame 6629 time 3314.5 binding_event at DNA_gyrase 45 enzyme gyrase with twist 5.00261 superhelical 0.00178 global twist -9.13156 global supercoiling -0.00260
frame 6631 time 3315.5 unbinding_event at DNA_gyrase 45 enzyme gyrase with twist -3.07577 superhelical -0.00486 global twist -14.51715 global supercoiling -0.00423
frame 6703 time 3351.5 binding_event at gene mKalama1 enzyme RNAP with twist -21.86548 superhelical -0.03086 global twist -17.20994 global supercoiling -0.00491
frame 6707 time 3353.5 binding_event at DNA_gyrase 22 enzyme gyrase with twist -3.07577 superhelical -0.00110 global twist -17.20994 global supercoiling -0.00493
frame 6712 time 3356.0 unbinding_event at DNA_gyrase 22 enzyme gyrase with twist -19.23253 superhelical -0.00430 global twist -30.67391 global supercoiling -0.00898
frame 6718 time 3359.0 binding_event at DNA_topoI 1 enzyme topoI with twist -19.23253 superhelical -0.00685 global twist -33.36671 global supercoiling -0.00957
frame 6718 time 3359.0 unbinding_event at DNA_topoI 1 enzyme topoI with twist -15.34294 superhelical -0.00515 global twist -33.36671 global supercoiling -0.00957
frame 6722 time 3361.0 binding_event at gene mKalama1 enzyme RNAP with twist -69.58403 superhelical -0.18113 global twist -29.47712 global supercoiling -0.00845
frame 6730 time 3365.0 unbinding_event at gene mKalama1 enzyme RNAP with twist 18.66124 superhelical 0.55727 global twist -29.47712 global supercoiling -0.00850
frame 6749 time 3374.5 unbinding_event at gene mKalama1 enzyme RNAP with twist -21.86548 superhelical 0.60494 global twist -29.47712 global supercoiling -0.00845
frame 6758 time 3379.0 binding_event at DNA_gyrase 26 enzyme gyrase with twist 7.73131 superhelical 0.71778 global twist -29.47712 global supercoiling -0.00841
frame 6768 time 3384.0 unbinding_event at DNA_gyrase 26 enzyme gyrase with twist -21.88942 superhelical -0.29310 global twist -56.40505 global supercoiling -0.01642
frame 6777 time 3388.5 binding_event at gene tetA enzyme RNAP with twist -15.34294 superhelical -0.00546 global twist -59.09785 global supercoiling -0.01685
frame 6812 time 3406.0 binding_event at DNA_gyrase 8 enzyme gyrase with twist -131.13345 superhelical -0.08080 global twist -59.09785 global supercoiling -0.01695
frame 6814 time 3407.0 unbinding_event at DNA_gyrase 8 enzyme gyrase with twist -149.98301 superhelical -0.08717 global twist -64.48343 global supercoiling -0.01888
frame 6817 time 3408.5 unbinding_event at gene tetA enzyme RNAP with twist -23.42132 superhelical -0.09289 global twist -67.17623 global supercoiling -0.01926
frame 6871 time 3435.5 binding_event at DNA_gyrase 46 enzyme gyrase with twist -23.42132 superhelical -0.00834 global twist -67.17623 global supercoiling -0.01916
frame 6879 time 3439.5 unbinding_event at DNA_gyrase 46 enzyme gyrase with twist -47.65646 superhelical -0.02648 global twist -88.71858 global supercoiling -0.02583
frame 6957 time 3478.5 binding_event at gene tetA enzyme RNAP with twist -47.65646 superhelical -0.01697 global twist -91.41137 global supercoiling -0.02607
frame 6993 time 3496.5 binding_event at gene tetA enzyme RNAP with twist -146.24360 superhelical -0.08913 global twist -91.41137 global supercoiling -0.02621
frame 6997 time 3498.5 unbinding_event at gene tetA enzyme RNAP with twist 59.98437 superhelical -0.09018 global twist -91.41137 global supercoiling -0.02636
frame 7011 time 3505.5 binding_event at DNA_topoI 3 enzyme topoI with twist -154.31593 superhelical -0.11711 global twist -91.41137 global supercoiling -0.02621
frame 7013 time 3506.5 unbinding_event at DNA_topoI 3 enzyme topoI with twist -153.41833 superhelical -0.11891 global twist -83.63219 global supercoiling -0.02448
frame 7033 time 3516.5 unbinding_event at gene tetA enzyme RNAP with twist -35.98769 superhelical -0.13015 global twist -79.74260 global supercoiling -0.02287
frame 7089 time 3544.5 binding_event at gene Raspberry enzyme RNAP with twist -35.98769 superhelical -0.01281 global twist -79.74260 global supercoiling -0.02274
frame 7091 time 3545.5 binding_event at DNA_gyrase 12 enzyme gyrase with twist -28.28199 superhelical -0.01042 global twist -79.74260 global supercoiling -0.02287
frame 7094 time 3547.0 unbinding_event at DNA_gyrase 12 enzyme gyrase with twist -24.69160 superhelical -0.00576 global twist -87.82098 global supercoiling -0.02571
frame 7116 time 3558.0 binding_event at gene Raspberry enzyme RNAP with twist -97.46549 superhelical -0.18551 global twist -90.51377 global supercoiling -0.02595
frame 7116 time 3558.0 unbinding_event at gene Raspberry enzyme RNAP with twist -35.33437 superhelical -0.19253 global twist -90.51377 global supercoiling -0.02595
frame 7123 time 3561.5 binding_event at gene tetA enzyme RNAP with twist -13.79202 superhelical -0.00526 global twist -90.51377 global supercoiling -0.02595
frame 7126 time 3563.0 binding_event at gene tetA enzyme RNAP with twist -4.28465 superhelical -0.00530 global twist -90.51377 global supercoiling -0.02610
frame 7143 time 3571.5 unbinding_event at gene Raspberry enzyme RNAP with twist -112.46146 superhelical -0.19944 global twist -90.51377 global supercoiling -0.02624
frame 7154 time 3577.0 binding_event at DNA_gyrase 9 enzyme gyrase with twist 101.79477 superhelical 0.08218 global twist -90.51377 global supercoiling -0.02610
frame 7163 time 3581.5 unbinding_event at gene tetA enzyme RNAP with twist 40.50741 superhelical 0.18854 global twist -114.74892 global supercoiling -0.03378
frame 7164 time 3582.0 unbinding_event at DNA_gyrase 9 enzyme gyrase with twist -120.47740 superhelical -0.11113 global twist -117.44171 global supercoiling -0.03438
frame 7166 time 3583.0 unbinding_event at gene tetA enzyme RNAP with twist -76.37960 superhelical -0.07377 global twist -120.13450 global supercoiling -0.03445
frame 7175 time 3587.5 binding_event at DNA_topoI 4 enzyme topoI with twist -76.37960 superhelical -0.02719 global twist -120.13450 global supercoiling -0.03426
frame 7176 time 3588.0 unbinding_event at DNA_topoI 4 enzyme topoI with twist -68.60042 superhelical -0.02480 global twist -116.24491 global supercoiling -0.03384
frame 7211 time 3605.5 binding_event at gene mKalama1 enzyme RNAP with twist -21.86548 superhelical -0.03086 global twist -112.35532 global supercoiling -0.03204
frame 7225 time 3612.5 binding_event at DNA_gyrase 43 enzyme gyrase with twist -68.60042 superhelical -0.02442 global twist -112.35532 global supercoiling -0.03222
frame 7225 time 3612.5 unbinding_event at DNA_gyrase 43 enzyme gyrase with twist -71.29321 superhelical -0.02799 global twist -112.35532 global supercoiling -0.03222
frame 7232 time 3616.0 binding_event at DNA_topoI 2 enzyme topoI with twist -71.29321 superhelical -0.02538 global twist -115.04811 global supercoiling -0.03299
frame 7233 time 3616.5 unbinding_event at DNA_topoI 2 enzyme topoI with twist -63.51403 superhelical -0.02253 global twist -111.15852 global supercoiling -0.03254
frame 7238 time 3619.0 unbinding_event at gene mKalama1 enzyme RNAP with twist -21.86548 superhelical 0.55727 global twist -107.26893 global supercoiling -0.03076
frame 7354 time 3677.0 binding_event at gene tetA enzyme RNAP with twist -63.51403 superhelical -0.02261 global twist -107.26893 global supercoiling -0.03059
frame 7394 time 3697.0 unbinding_event at gene tetA enzyme RNAP with twist -63.51403 superhelical -0.09815 global twist -107.26893 global supercoiling -0.03076
frame 7406 time 3703.0 binding_event at gene mKalama1 enzyme RNAP with twist -21.86548 superhelical -0.03086 global twist -107.26893 global supercoiling -0.03059
frame 7409 time 3704.5 binding_event at gene tetA enzyme RNAP with twist -63.51403 superhelical -0.02261 global twist -107.26893 global supercoiling -0.03076
frame 7418 time 3709.0 binding_event at DNA_topoI 1 enzyme topoI with twist -54.95623 superhelical -0.04754 global twist -107.26893 global supercoiling -0.03093
frame 7423 time 3711.5 unbinding_event at DNA_topoI 1 enzyme topoI with twist -53.16104 superhelical -0.03941 global twist -87.82098 global supercoiling -0.02586
frame 7430 time 3715.0 binding_event at DNA_topoI 26 enzyme topoI with twist -21.88942 superhelical -2.03222 global twist -83.93139 global supercoiling -0.02420
frame 7433 time 3716.5 unbinding_event at gene mKalama1 enzyme RNAP with twist -21.86548 superhelical 0.55727 global twist -72.26262 global supercoiling -0.02128
frame 7436 time 3718.0 binding_event at DNA_gyrase 41 enzyme gyrase with twist -96.24574 superhelical -0.06506 global twist -60.59384 global supercoiling -0.01774
frame 7438 time 3719.0 unbinding_event at DNA_gyrase 41 enzyme gyrase with twist -115.09529 superhelical -0.08112 global twist -58.20025 global supercoiling -0.01741
frame 7444 time 3722.0 unbinding_event at DNA_topoI 26 enzyme topoI with twist 36.45444 superhelical 0.49665 global twist -37.55550 global supercoiling -0.01100
frame 7449 time 3724.5 unbinding_event at gene tetA enzyme RNAP with twist -48.25486 superhelical -0.08933 global twist -33.66591 global supercoiling -0.00965
frame 7453 time 3726.5 binding_event at gene Raspberry enzyme RNAP with twist -48.25486 superhelical -0.01718 global twist -33.66591 global supercoiling -0.00960
frame 7467 time 3733.5 binding_event at DNA_topoI 40 enzyme topoI with twist -50.96933 superhelical -0.17454 global twist -33.66591 global supercoiling -0.00965
frame 7469 time 3734.5 unbinding_event at DNA_topoI 40 enzyme topoI with twist -50.07173 superhelical -0.16466 global twist -25.88672 global supercoiling -0.00758
frame 7480 time 3740.0 unbinding_event at gene Raspberry enzyme RNAP with twist -36.58609 superhelical -0.16484 global twist -21.99713 global supercoiling -0.00631
frame 7556 time 3778.0 binding_event at gene tetA enzyme RNAP with twist -36.58609 superhelical -0.01303 global twist -21.99713 global supercoiling -0.00627
frame 7575 time 3787.5 binding_event at DNA_topoI 48 enzyme topoI with twist -81.26036 superhelical -0.06084 global twist -21.99713 global supercoiling -0.00631
frame 7577 time 3788.5 binding_event at DNA_topoI 31 enzyme topoI with twist -21.86548 superhelical -0.03086 global twist -14.21795 global supercoiling -0.00416
frame 7578 time 3789.0 unbinding_event at DNA_topoI 48 enzyme topoI with twist -80.06356 superhelical -0.05481 global twist -6.43877 global supercoiling -0.00193
frame 7579 time 3789.5 unbinding_event at DNA_topoI 31 enzyme topoI with twist -10.19671 superhelical -0.01608 global twist 1.34041 global supercoiling 0.00039
frame 7596 time 3798.0 unbinding_event at gene tetA enzyme RNAP with twist -21.02773 superhelical -0.08361 global twist 5.23000 global supercoiling 0.00150
frame 7600 time 3800.0 binding_event at gene tetA enzyme RNAP with twist -21.02773 superhelical -0.00749 global twist 5.23000 global supercoiling 0.00149
frame 7605 time 3802.5 binding_event at gene tetA enzyme RNAP with twist -25.44833 superhelical -0.02347 global twist 5.23000 global supercoiling 0.00150
frame 7616 time 3808.0 binding_event at gene tetA enzyme RNAP with twist -63.25561 superhelical -0.05307 global twist 5.23000 global supercoiling 0.00151
frame 7629 time 3814.5 binding_event at gene tetA enzyme RNAP with twist -100.31327 superhelical -0.08169 global twist 5.23000 global supercoiling 0.00152
frame 7640 time 3820.0 unbinding_event at gene tetA enzyme RNAP with twist 131.98768 superhelical -0.02389 global twist 5.23000 global supercoiling 0.00152
frame 7645 time 3822.5 unbinding_event at gene tetA enzyme RNAP with twist 140.32220 superhelical -0.05393 global twist 5.23000 global supercoiling 0.00152
frame 7656 time 3828.0 unbinding_event at gene tetA enzyme RNAP with twist 162.03821 superhelical -0.08299 global twist 5.23000 global supercoiling 0.00151
frame 7666 time 3833.0 binding_event at DNA_gyrase 19 enzyme gyrase with twist 194.35174 superhelical 0.17184 global twist 5.23000 global supercoiling 0.00150
frame 7669 time 3834.5 unbinding_event at gene tetA enzyme RNAP with twist -101.51873 superhelical -0.13275 global twist -2.84838 global supercoiling -0.00083
frame 7669 time 3834.5 unbinding_event at DNA_gyrase 19 enzyme gyrase with twist -31.79890 superhelical -0.13275 global twist -2.84838 global supercoiling -0.00083
frame 7672 time 3836.0 binding_event at DNA_topoI 31 enzyme topoI with twist -10.19671 superhelical -0.01439 global twist -5.54117 global supercoiling -0.00158
frame 7674 time 3837.0 unbinding_event at DNA_topoI 31 enzyme topoI with twist 1.47206 superhelical 0.00224 global twist 2.23801 global supercoiling 0.00065
frame 7681 time 3840.5 binding_event at DNA_gyrase 27 enzyme gyrase with twist 1.47206 superhelical 0.00208 global twist 6.12760 global supercoiling 0.00175
frame 7682 time 3841.0 unbinding_event at DNA_gyrase 27 enzyme gyrase with twist -3.91353 superhelical -0.08102 global twist 3.43481 global supercoiling 0.00100
frame 7720 time 3860.0 binding_event at gene Raspberry enzyme RNAP with twist -31.79890 superhelical -0.01132 global twist 0.74201 global supercoiling 0.00021
frame 7747 time 3873.5 unbinding_event at gene Raspberry enzyme RNAP with twist -31.79890 superhelical -0.18588 global twist 0.74201 global supercoiling 0.00021
frame 7759 time 3879.5 binding_event at gene tetA enzyme RNAP with twist -31.79890 superhelical -0.01132 global twist 0.74201 global supercoiling 0.00021
frame 7763 time 3881.5 binding_event at DNA_gyrase 8 enzyme gyrase with twist -6.10105 superhelical -0.00354 global twist 0.74201 global supercoiling 0.00021
frame 7766 time 3883.0 unbinding_event at DNA_gyrase 8 enzyme gyrase with twist -2.51066 superhelical 0.01919 global twist -7.33637 global supercoiling -0.00215
frame 7782 time 3891.0 binding_event at gene tetA enzyme RNAP with twist -93.91529 superhelical -0.06673 global twist -10.02916 global supercoiling -0.00288
frame 7799 time 3899.5 unbinding_event at gene tetA enzyme RNAP with twist 89.33595 superhelical -0.06765 global twist -10.02916 global supercoiling -0.00289
frame 7818 time 3909.0 binding_event at DNA_gyrase 14 enzyme gyrase with twist 153.96300 superhelical 0.13401 global twist -10.02916 global supercoiling -0.00288
frame 7818 time 3909.0 unbinding_event at DNA_gyrase 14 enzyme gyrase with twist 154.86059 superhelical 0.15948 global twist -10.02916 global supercoiling -0.00288
frame 7822 time 3911.0 unbinding_event at gene tetA enzyme RNAP with twist -45.26287 superhelical -0.12394 global twist -12.72195 global supercoiling -0.00365
frame 7844 time 3922.0 binding_event at gene tetA enzyme RNAP with twist -45.26287 superhelical -0.01611 global twist -12.72195 global supercoiling -0.00363
frame 7884 time 3942.0 unbinding_event at gene tetA enzyme RNAP with twist -45.26287 superhelical -0.09439 global twist -12.72195 global supercoiling -0.00365
frame 7894 time 3947.0 binding_event at DNA_gyrase 32 enzyme gyrase with twist -3.91353 superhelical -0.00552 global twist -12.72195 global supercoiling -0.00363
frame 7903 time 3951.5 unbinding_event at DNA_gyrase 32 enzyme gyrase with twist -30.84146 superhelical -0.04055 global twist -36.95710 global supercoiling -0.01076
frame 7921 time 3960.5 binding_event at DNA_gyrase 19 enzyme gyrase with twist -45.26287 superhelical -0.01611 global twist -39.64989 global supercoiling -0.01131
frame 7922 time 3961.0 unbinding_event at DNA_gyrase 19 enzyme gyrase with twist -50.64846 superhelical -0.01769 global twist -42.34268 global supercoiling -0.01233
frame 7928 time 3964.0 binding_event at gene tetA enzyme RNAP with twist -50.64846 superhelical -0.01803 global twist -45.03548 global supercoiling -0.01284
frame 7967 time 3983.5 binding_event at DNA_topoI 40 enzyme topoI with twist -158.08142 superhelical -0.09328 global twist -45.03548 global supercoiling -0.01291
frame 7967 time 3983.5 unbinding_event at DNA_topoI 40 enzyme topoI with twist -157.78222 superhelical -0.08948 global twist -45.03548 global supercoiling -0.01291
frame 7968 time 3984.0 unbinding_event at gene tetA enzyme RNAP with twist -46.75887 superhelical -0.09325 global twist -41.14589 global supercoiling -0.01180
frame 7989 time 3994.5 binding_event at DNA_gyrase 25 enzyme gyrase with twist -46.75887 superhelical -0.01665 global twist -41.14589 global supercoiling -0.01173
frame 7998 time 3999.0 unbinding_event at DNA_gyrase 25 enzyme gyrase with twist -73.68680 superhelical -0.02170 global twist -65.38103 global supercoiling -0.01903
