TORCphysics log file 

General information: 
---------------------------------------------------------------------------------------
Circuit name: Pleu500_78
Size: 6000
Structure: circle
Number of sites: 110
Number of frames: 8000
Simulation time: 4000.0
Simulation timestep: 0.5
Seed: 2476769930219270269
 
Overall simulation information 
---------------------------------------------------------------------------------------
Initial twist: -211.83310
Final twist: -41.28950
Initial superhelical density: -0.06000
Final superhelical density: -0.01169
 
Overall rates 
---------------------------------------------------------------------------------------
site type            site name            #binding events      #unbinding events    binding rates        
 DNA_topoI            DNA_topoI_global                     57.0                 57.0               0.01425 
DNA_gyrase           DNA_gyrase_global                    81.0                 81.0               0.02025 
EXT                  EXT                                   0.0                  0.0                   0.0 
gene                 tetA                                 66.0                 66.0                0.0165 
gene                 CDS                                   0.0                  0.0                   0.0 
origin               ori                                   0.0                  0.0                   0.0 
lacOP                lac1                                  0.0                  0.0                   0.0 
gene                 mKalama1                              8.0                  8.0                 0.002 
lacOP                lac2                                  0.0                  0.0                   0.0 
gene                 Raspberry                             7.0                  7.0               0.00175 
 
Events
---------------------------------------------------------------------------------------
frame 26 time 13.0 binding_event at gene tetA enzyme RNAP with twist -211.83310 superhelical -0.06000 global twist -211.83310 global supercoiling -0.06000
frame 66 time 33.0 unbinding_event at gene tetA enzyme RNAP with twist -211.83310 superhelical -0.10225 global twist -211.83310 global supercoiling -0.06033
frame 99 time 49.5 binding_event at DNA_topoI 37 enzyme topoI with twist -211.83310 superhelical -0.06000 global twist -211.83310 global supercoiling -0.06000
frame 100 time 50.0 unbinding_event at DNA_topoI 37 enzyme topoI with twist -204.05392 superhelical -0.05607 global twist -207.94351 global supercoiling -0.06012
frame 121 time 60.5 binding_event at DNA_topoI 19 enzyme topoI with twist -204.05392 superhelical -0.05780 global twist -204.05392 global supercoiling -0.05780
frame 129 time 64.5 unbinding_event at DNA_topoI 19 enzyme topoI with twist -169.04760 superhelical -0.05326 global twist -172.93720 global supercoiling -0.05000
frame 142 time 71.0 binding_event at DNA_topoI 19 enzyme topoI with twist -169.04760 superhelical -0.04788 global twist -169.04760 global supercoiling -0.04788
frame 149 time 74.5 unbinding_event at DNA_topoI 19 enzyme topoI with twist -137.93088 superhelical -0.04377 global twist -141.82047 global supercoiling -0.04100
frame 165 time 82.5 binding_event at DNA_topoI 47 enzyme topoI with twist -137.93088 superhelical -0.03907 global twist -137.93088 global supercoiling -0.03907
frame 165 time 82.5 unbinding_event at DNA_topoI 47 enzyme topoI with twist -134.04129 superhelical -0.03856 global twist -137.93088 global supercoiling -0.03907
frame 174 time 87.0 binding_event at DNA_topoI 46 enzyme topoI with twist -134.04129 superhelical -0.03797 global twist -134.04129 global supercoiling -0.03797
frame 177 time 88.5 unbinding_event at DNA_topoI 46 enzyme topoI with twist -118.48292 superhelical -0.03319 global twist -122.37251 global supercoiling -0.03538
frame 192 time 96.0 binding_event at DNA_topoI 25 enzyme topoI with twist -118.48292 superhelical -0.03356 global twist -118.48292 global supercoiling -0.03356
frame 195 time 97.5 unbinding_event at DNA_topoI 25 enzyme topoI with twist -102.92456 superhelical -0.03160 global twist -106.81415 global supercoiling -0.03088
frame 273 time 136.5 binding_event at gene tetA enzyme RNAP with twist -102.92456 superhelical -0.02915 global twist -102.92456 global supercoiling -0.02915
frame 313 time 156.5 unbinding_event at gene tetA enzyme RNAP with twist -102.92456 superhelical -0.08054 global twist -102.92456 global supercoiling -0.02931
frame 329 time 164.5 binding_event at DNA_gyrase 4 enzyme gyrase with twist -102.92456 superhelical -0.02915 global twist -102.92456 global supercoiling -0.02915
frame 330 time 165.0 unbinding_event at DNA_gyrase 4 enzyme gyrase with twist -108.31015 superhelical -0.03112 global twist -105.61735 global supercoiling -0.03054
frame 389 time 194.5 binding_event at gene tetA enzyme RNAP with twist -108.31015 superhelical -0.03068 global twist -108.31015 global supercoiling -0.03068
frame 424 time 212.0 binding_event at DNA_topoI 39 enzyme topoI with twist -178.60057 superhelical -0.07618 global twist -108.31015 global supercoiling -0.03085
frame 429 time 214.5 unbinding_event at gene tetA enzyme RNAP with twist -26.29212 superhelical -0.07953 global twist -88.86219 global supercoiling -0.02584
frame 440 time 220.0 unbinding_event at DNA_topoI 39 enzyme topoI with twist -42.18710 superhelical -0.04165 global twist -46.07669 global supercoiling -0.01332
frame 486 time 243.0 binding_event at DNA_gyrase 18 enzyme gyrase with twist -42.18710 superhelical -0.01195 global twist -42.18710 global supercoiling -0.01195
frame 493 time 246.5 unbinding_event at DNA_gyrase 18 enzyme gyrase with twist -63.72945 superhelical -0.01581 global twist -61.03666 global supercoiling -0.01765
frame 521 time 260.5 binding_event at gene tetA enzyme RNAP with twist -63.72945 superhelical -0.01805 global twist -63.72945 global supercoiling -0.01805
frame 540 time 270.0 binding_event at gene tetA enzyme RNAP with twist -99.36537 superhelical -0.04830 global twist -63.72945 global supercoiling -0.01815
frame 543 time 271.5 binding_event at DNA_gyrase 9 enzyme gyrase with twist 46.40710 superhelical 0.03314 global twist -63.72945 global supercoiling -0.01825
frame 545 time 272.5 binding_event at DNA_topoI 30 enzyme topoI with twist -101.62192 superhelical -0.05627 global twist -69.11504 global supercoiling -0.02021
frame 549 time 274.5 unbinding_event at DNA_gyrase 9 enzyme gyrase with twist 52.69028 superhelical 0.30149 global twist -64.32785 global supercoiling -0.01921
frame 549 time 274.5 unbinding_event at DNA_topoI 30 enzyme topoI with twist -100.12592 superhelical -0.01954 global twist -64.32785 global supercoiling -0.01921
frame 561 time 280.5 unbinding_event at gene tetA enzyme RNAP with twist 80.07957 superhelical -0.04875 global twist -63.13105 global supercoiling -0.01808
frame 580 time 290.0 unbinding_event at gene tetA enzyme RNAP with twist -63.13105 superhelical -0.08622 global twist -63.13105 global supercoiling -0.01798
frame 629 time 314.5 binding_event at DNA_gyrase 48 enzyme gyrase with twist -63.13105 superhelical -0.01788 global twist -63.13105 global supercoiling -0.01788
frame 631 time 315.5 unbinding_event at DNA_gyrase 48 enzyme gyrase with twist -71.20943 superhelical -0.02087 global twist -68.51664 global supercoiling -0.01981
frame 745 time 372.5 binding_event at gene Raspberry enzyme RNAP with twist -71.20943 superhelical -0.02017 global twist -71.20943 global supercoiling -0.02017
frame 772 time 386.0 unbinding_event at gene Raspberry enzyme RNAP with twist -71.20943 superhelical -0.09169 global twist -71.20943 global supercoiling -0.02028
frame 855 time 427.5 binding_event at gene tetA enzyme RNAP with twist -71.20943 superhelical -0.02017 global twist -71.20943 global supercoiling -0.02017
frame 876 time 438.0 binding_event at gene tetA enzyme RNAP with twist -110.20202 superhelical -0.05265 global twist -71.20943 global supercoiling -0.02028
frame 895 time 447.5 unbinding_event at gene tetA enzyme RNAP with twist 91.78691 superhelical -0.05313 global twist -71.20943 global supercoiling -0.02039
frame 908 time 454.0 binding_event at gene Raspberry enzyme RNAP with twist -206.08104 superhelical -0.08997 global twist -71.20943 global supercoiling -0.02028
frame 915 time 457.5 binding_event at DNA_topoI 9 enzyme topoI with twist -136.91686 superhelical -0.09072 global twist -71.20943 global supercoiling -0.02039
frame 916 time 458.0 unbinding_event at gene tetA enzyme RNAP with twist 162.63992 superhelical -0.09263 global twist -67.31984 global supercoiling -0.01968
frame 918 time 459.0 unbinding_event at DNA_topoI 9 enzyme topoI with twist 53.00742 superhelical -0.08394 global twist -59.54066 global supercoiling -0.01731
frame 935 time 467.5 unbinding_event at gene Raspberry enzyme RNAP with twist -55.65107 superhelical -0.13414 global twist -55.65107 global supercoiling -0.01585
frame 1037 time 518.5 binding_event at DNA_gyrase 9 enzyme gyrase with twist -55.65107 superhelical -0.01576 global twist -55.65107 global supercoiling -0.01576
frame 1038 time 519.0 unbinding_event at DNA_gyrase 9 enzyme gyrase with twist -61.03666 superhelical -0.01724 global twist -58.34386 global supercoiling -0.01687
frame 1080 time 540.0 binding_event at gene tetA enzyme RNAP with twist -61.03666 superhelical -0.01729 global twist -61.03666 global supercoiling -0.01729
frame 1109 time 554.5 binding_event at DNA_topoI 2 enzyme topoI with twist -133.95318 superhelical -0.05989 global twist -61.03666 global supercoiling -0.01738
frame 1109 time 554.5 unbinding_event at DNA_topoI 2 enzyme topoI with twist -133.65398 superhelical -0.06081 global twist -61.03666 global supercoiling -0.01738
frame 1120 time 560.0 unbinding_event at gene tetA enzyme RNAP with twist -57.14707 superhelical -0.07061 global twist -57.14707 global supercoiling -0.01627
frame 1148 time 574.0 binding_event at gene tetA enzyme RNAP with twist -57.14707 superhelical -0.01619 global twist -57.14707 global supercoiling -0.01619
frame 1153 time 576.5 binding_event at DNA_gyrase 4 enzyme gyrase with twist -11.26433 superhelical -0.00660 global twist -57.14707 global supercoiling -0.01627
frame 1155 time 577.5 unbinding_event at DNA_gyrase 4 enzyme gyrase with twist -8.57154 superhelical 0.06124 global twist -62.53265 global supercoiling -0.01818
frame 1188 time 594.0 unbinding_event at gene tetA enzyme RNAP with twist -65.22545 superhelical -0.07142 global twist -65.22545 global supercoiling -0.01858
frame 1206 time 603.0 binding_event at DNA_gyrase 45 enzyme gyrase with twist -65.22545 superhelical -0.01847 global twist -65.22545 global supercoiling -0.01847
frame 1207 time 603.5 binding_event at DNA_gyrase 24 enzyme gyrase with twist -41.56499 superhelical -0.01949 global twist -67.91824 global supercoiling -0.01964
frame 1207 time 603.5 unbinding_event at DNA_gyrase 24 enzyme gyrase with twist -45.60419 superhelical -0.02151 global twist -67.91824 global supercoiling -0.01964
frame 1208 time 604.0 unbinding_event at DNA_gyrase 45 enzyme gyrase with twist -75.99662 superhelical -0.02190 global twist -73.30383 global supercoiling -0.02119
frame 1211 time 605.5 binding_event at DNA_gyrase 31 enzyme gyrase with twist -75.99662 superhelical -0.02153 global twist -75.99662 global supercoiling -0.02153
frame 1213 time 606.5 unbinding_event at DNA_gyrase 31 enzyme gyrase with twist -84.07500 superhelical -0.03457 global twist -81.38221 global supercoiling -0.02353
frame 1290 time 645.0 binding_event at gene tetA enzyme RNAP with twist -84.07500 superhelical -0.02381 global twist -84.07500 global supercoiling -0.02381
frame 1325 time 662.5 binding_event at DNA_gyrase 25 enzyme gyrase with twist 82.68058 superhelical 0.07086 global twist -84.07500 global supercoiling -0.02394
frame 1330 time 665.0 unbinding_event at gene tetA enzyme RNAP with twist -93.71832 superhelical -0.07679 global twist -97.53897 global supercoiling -0.02836
frame 1332 time 666.0 unbinding_event at DNA_gyrase 25 enzyme gyrase with twist -105.61735 superhelical -0.02770 global twist -102.92456 global supercoiling -0.02976
frame 1360 time 680.0 binding_event at gene tetA enzyme RNAP with twist -105.61735 superhelical -0.02992 global twist -105.61735 global supercoiling -0.02992
frame 1386 time 693.0 binding_event at gene tetA enzyme RNAP with twist -144.97093 superhelical -0.06641 global twist -105.61735 global supercoiling -0.03008
frame 1388 time 694.0 binding_event at DNA_topoI 28 enzyme topoI with twist -122.16326 superhelical -0.06972 global twist -105.61735 global supercoiling -0.03024
frame 1389 time 694.5 unbinding_event at DNA_topoI 28 enzyme topoI with twist -121.56486 superhelical -0.03577 global twist -101.72776 global supercoiling -0.02974
frame 1400 time 700.0 unbinding_event at gene tetA enzyme RNAP with twist 63.22100 superhelical -0.06700 global twist -97.83817 global supercoiling -0.02802
frame 1426 time 713.0 unbinding_event at gene tetA enzyme RNAP with twist -97.83817 superhelical -0.10375 global twist -97.83817 global supercoiling -0.02786
frame 1428 time 714.0 binding_event at gene tetA enzyme RNAP with twist -97.83817 superhelical -0.02771 global twist -97.83817 global supercoiling -0.02771
frame 1449 time 724.5 binding_event at DNA_topoI 26 enzyme topoI with twist -123.21688 superhelical -0.05887 global twist -97.83817 global supercoiling -0.02786
frame 1451 time 725.5 binding_event at DNA_topoI 3 enzyme topoI with twist -124.25882 superhelical -0.05930 global twist -90.05899 global supercoiling -0.02618
frame 1452 time 726.0 binding_event at gene tetA enzyme RNAP with twist -110.74303 superhelical -0.05932 global twist -82.27981 global supercoiling -0.02443
frame 1453 time 726.5 unbinding_event at DNA_topoI 3 enzyme topoI with twist -13.39063 superhelical 0.00907 global twist -74.50063 global supercoiling -0.02225
frame 1461 time 730.5 unbinding_event at DNA_topoI 26 enzyme topoI with twist -94.26788 superhelical 0.60143 global twist -39.49431 global supercoiling -0.01155
frame 1468 time 734.0 unbinding_event at gene tetA enzyme RNAP with twist 83.79591 superhelical -0.03253 global twist -35.60472 global supercoiling -0.01020
frame 1490 time 745.0 binding_event at DNA_topoI 45 enzyme topoI with twist -194.79885 superhelical -0.08122 global twist -35.60472 global supercoiling -0.01014
frame 1490 time 745.0 unbinding_event at DNA_topoI 45 enzyme topoI with twist -194.49965 superhelical -0.08226 global twist -35.60472 global supercoiling -0.01014
frame 1492 time 746.0 unbinding_event at gene tetA enzyme RNAP with twist -31.71513 superhelical -0.08224 global twist -31.71513 global supercoiling -0.00903
frame 1510 time 755.0 binding_event at DNA_gyrase 16 enzyme gyrase with twist -31.71513 superhelical -0.00898 global twist -31.71513 global supercoiling -0.00898
frame 1514 time 757.0 unbinding_event at DNA_gyrase 16 enzyme gyrase with twist -45.17909 superhelical -0.01154 global twist -42.48630 global supercoiling -0.01228
frame 1553 time 776.5 binding_event at gene mKalama1 enzyme RNAP with twist -45.17909 superhelical -0.01280 global twist -45.17909 global supercoiling -0.01280
frame 1574 time 787.0 binding_event at gene tetA enzyme RNAP with twist -112.24675 superhelical -0.03463 global twist -45.17909 global supercoiling -0.01287
frame 1575 time 787.5 binding_event at DNA_topoI 41 enzyme topoI with twist -56.88291 superhelical -0.03889 global twist -45.17909 global supercoiling -0.01294
frame 1575 time 787.5 unbinding_event at DNA_topoI 41 enzyme topoI with twist -60.17410 superhelical -0.04206 global twist -45.17909 global supercoiling -0.01294
frame 1580 time 790.0 unbinding_event at gene mKalama1 enzyme RNAP with twist -3.87762 superhelical 0.63669 global twist -41.28950 global supercoiling -0.01182
frame 1591 time 795.5 binding_event at DNA_gyrase 17 enzyme gyrase with twist -1.50797 superhelical -0.00101 global twist -41.28950 global supercoiling -0.01176
frame 1597 time 798.5 unbinding_event at DNA_gyrase 17 enzyme gyrase with twist 4.77522 superhelical 0.01999 global twist -57.44627 global supercoiling -0.01670
frame 1614 time 807.0 unbinding_event at gene tetA enzyme RNAP with twist -60.13906 superhelical -0.05136 global twist -60.13906 global supercoiling -0.01713
frame 1621 time 810.5 binding_event at DNA_gyrase 8 enzyme gyrase with twist -60.13906 superhelical -0.01703 global twist -60.13906 global supercoiling -0.01703
frame 1625 time 812.5 unbinding_event at DNA_gyrase 8 enzyme gyrase with twist -73.60303 superhelical -0.02037 global twist -70.91023 global supercoiling -0.02050
frame 1727 time 863.5 binding_event at DNA_gyrase 14 enzyme gyrase with twist -73.60303 superhelical -0.02085 global twist -73.60303 global supercoiling -0.02085
frame 1731 time 865.5 unbinding_event at DNA_gyrase 14 enzyme gyrase with twist -87.06700 superhelical -0.02378 global twist -84.37420 global supercoiling -0.02439
frame 1759 time 879.5 binding_event at DNA_topoI 17 enzyme topoI with twist -87.06700 superhelical -0.02466 global twist -87.06700 global supercoiling -0.02466
frame 1764 time 882.0 unbinding_event at DNA_topoI 17 enzyme topoI with twist -63.72945 superhelical -0.02116 global twist -67.61904 global supercoiling -0.01955
frame 1841 time 920.5 binding_event at DNA_gyrase 18 enzyme gyrase with twist -63.72945 superhelical -0.01805 global twist -63.72945 global supercoiling -0.01805
frame 1844 time 922.0 binding_event at DNA_gyrase 1 enzyme gyrase with twist -58.90385 superhelical -0.01978 global twist -71.80783 global supercoiling -0.02076
frame 1844 time 922.0 unbinding_event at DNA_gyrase 1 enzyme gyrase with twist -62.94304 superhelical -0.02104 global twist -71.80783 global supercoiling -0.02076
frame 1844 time 922.0 unbinding_event at DNA_gyrase 18 enzyme gyrase with twist -77.19342 superhelical -0.02104 global twist -71.80783 global supercoiling -0.02076
frame 1855 time 927.5 binding_event at gene tetA enzyme RNAP with twist -77.19342 superhelical -0.02186 global twist -77.19342 global supercoiling -0.02186
frame 1856 time 928.0 binding_event at gene tetA enzyme RNAP with twist -41.31887 superhelical -0.02383 global twist -77.19342 global supercoiling -0.02198
frame 1880 time 940.0 binding_event at DNA_topoI 48 enzyme topoI with twist -127.45948 superhelical -0.05936 global twist -77.19342 global supercoiling -0.02210
frame 1880 time 940.0 unbinding_event at DNA_topoI 48 enzyme topoI with twist -127.16028 superhelical -0.06016 global twist -77.19342 global supercoiling -0.02210
frame 1895 time 947.5 unbinding_event at gene tetA enzyme RNAP with twist 107.71232 superhelical -0.02406 global twist -73.30383 global supercoiling -0.02099
frame 1896 time 948.0 unbinding_event at gene tetA enzyme RNAP with twist -73.30383 superhelical -0.07528 global twist -73.30383 global supercoiling -0.02088
frame 1910 time 955.0 binding_event at gene tetA enzyme RNAP with twist -73.30383 superhelical -0.02076 global twist -73.30383 global supercoiling -0.02076
frame 1916 time 958.0 binding_event at DNA_gyrase 31 enzyme gyrase with twist -57.36978 superhelical -0.03145 global twist -73.30383 global supercoiling -0.02088
frame 1920 time 960.0 unbinding_event at DNA_gyrase 31 enzyme gyrase with twist -88.78571 superhelical -0.05373 global twist -84.07500 global supercoiling -0.02444
frame 1950 time 975.0 unbinding_event at gene tetA enzyme RNAP with twist -86.76780 superhelical -0.08013 global twist -86.76780 global supercoiling -0.02471
frame 1976 time 988.0 binding_event at DNA_gyrase 15 enzyme gyrase with twist -86.76780 superhelical -0.02458 global twist -86.76780 global supercoiling -0.02458
frame 1983 time 991.5 binding_event at DNA_topoI 18 enzyme topoI with twist -26.89843 superhelical -0.03862 global twist -105.61735 global supercoiling -0.03054
frame 1984 time 992.0 unbinding_event at DNA_topoI 18 enzyme topoI with twist -21.81204 superhelical -0.03472 global twist -104.42056 global supercoiling -0.03083
frame 1986 time 993.0 unbinding_event at DNA_gyrase 15 enzyme gyrase with twist -108.60935 superhelical -0.03045 global twist -105.91655 global supercoiling -0.03062
frame 1995 time 997.5 binding_event at DNA_topoI 0 enzyme topoI with twist -108.60935 superhelical -0.03076 global twist -108.60935 global supercoiling -0.03076
frame 1995 time 997.5 unbinding_event at DNA_topoI 0 enzyme topoI with twist -104.71976 superhelical -0.03025 global twist -108.60935 global supercoiling -0.03076
frame 2021 time 1010.5 binding_event at gene tetA enzyme RNAP with twist -104.71976 superhelical -0.02966 global twist -104.71976 global supercoiling -0.02966
frame 2061 time 1030.5 unbinding_event at gene tetA enzyme RNAP with twist -104.71976 superhelical -0.08090 global twist -104.71976 global supercoiling -0.02982
frame 2144 time 1072.0 binding_event at DNA_topoI 21 enzyme topoI with twist -104.71976 superhelical -0.02966 global twist -104.71976 global supercoiling -0.02966
frame 2144 time 1072.0 unbinding_event at DNA_topoI 21 enzyme topoI with twist -100.83016 superhelical -0.02967 global twist -104.71976 global supercoiling -0.02966
frame 2169 time 1084.5 binding_event at gene tetA enzyme RNAP with twist -100.83016 superhelical -0.02856 global twist -100.83016 global supercoiling -0.02856
frame 2180 time 1090.0 binding_event at gene Raspberry enzyme RNAP with twist -88.77531 superhelical -0.04639 global twist -100.83016 global supercoiling -0.02872
frame 2182 time 1091.0 binding_event at DNA_gyrase 24 enzyme gyrase with twist -4.87407 superhelical -0.00312 global twist -100.83016 global supercoiling -0.02887
frame 2193 time 1096.5 unbinding_event at DNA_gyrase 24 enzyme gyrase with twist 5.89710 superhelical 0.01815 global twist -130.45089 global supercoiling -0.03814
frame 2203 time 1101.5 binding_event at gene tetA enzyme RNAP with twist -53.05208 superhelical -0.04686 global twist -133.14369 global supercoiling -0.03813
frame 2207 time 1103.5 unbinding_event at gene Raspberry enzyme RNAP with twist -161.12592 superhelical -0.10771 global twist -133.14369 global supercoiling -0.03834
frame 2209 time 1104.5 unbinding_event at gene tetA enzyme RNAP with twist 35.16302 superhelical -0.04766 global twist -133.14369 global supercoiling -0.03813
frame 2222 time 1111.0 binding_event at DNA_topoI 33 enzyme topoI with twist -211.39140 superhelical -0.10275 global twist -133.14369 global supercoiling -0.03792
frame 2224 time 1112.0 binding_event at gene mKalama1 enzyme RNAP with twist -165.24326 superhelical -0.10613 global twist -125.36451 global supercoiling -0.03645
frame 2225 time 1112.5 unbinding_event at DNA_topoI 33 enzyme topoI with twist -42.54902 superhelical -0.08972 global twist -121.47492 global supercoiling -0.03551
frame 2232 time 1116.0 binding_event at DNA_topoI 7 enzyme topoI with twist -210.73028 superhelical -0.12296 global twist -117.58533 global supercoiling -0.03367
frame 2234 time 1117.0 binding_event at DNA_gyrase 24 enzyme gyrase with twist 121.33241 superhelical 0.09795 global twist -109.80614 global supercoiling -0.03210
frame 2234 time 1117.0 unbinding_event at DNA_gyrase 24 enzyme gyrase with twist 122.23001 superhelical 0.10772 global twist -109.80614 global supercoiling -0.03210
frame 2238 time 1119.0 binding_event at DNA_topoI 3 enzyme topoI with twist -217.76423 superhelical -0.12286 global twist -96.94057 global supercoiling -0.02834
frame 2238 time 1119.0 unbinding_event at DNA_topoI 3 enzyme topoI with twist -215.52024 superhelical -0.12761 global twist -96.94057 global supercoiling -0.02834
frame 2238 time 1119.0 unbinding_event at DNA_topoI 7 enzyme topoI with twist -229.87904 superhelical -0.12761 global twist -96.94057 global supercoiling -0.02834
frame 2243 time 1121.5 unbinding_event at gene tetA enzyme RNAP with twist -111.23942 superhelical -0.12393 global twist -89.16139 global supercoiling -0.02553
frame 2251 time 1125.5 unbinding_event at gene mKalama1 enzyme RNAP with twist -89.16139 superhelical 0.35081 global twist -89.16139 global supercoiling -0.02539
frame 2263 time 1131.5 binding_event at DNA_topoI 15 enzyme topoI with twist -89.16139 superhelical -0.02525 global twist -89.16139 global supercoiling -0.02525
frame 2266 time 1133.0 unbinding_event at DNA_topoI 15 enzyme topoI with twist -73.60303 superhelical -0.02296 global twist -77.49262 global supercoiling -0.02240
frame 2285 time 1142.5 binding_event at gene mKalama1 enzyme RNAP with twist -73.60303 superhelical -0.02085 global twist -73.60303 global supercoiling -0.02085
frame 2312 time 1156.0 unbinding_event at gene mKalama1 enzyme RNAP with twist -73.60303 superhelical 0.60050 global twist -73.60303 global supercoiling -0.02096
frame 2343 time 1171.5 binding_event at DNA_gyrase 39 enzyme gyrase with twist -73.60303 superhelical -0.02085 global twist -73.60303 global supercoiling -0.02085
frame 2343 time 1171.5 unbinding_event at DNA_gyrase 39 enzyme gyrase with twist -76.29582 superhelical -0.02278 global twist -73.60303 global supercoiling -0.02085
frame 2352 time 1176.0 binding_event at DNA_gyrase 10 enzyme gyrase with twist -76.29582 superhelical -0.02161 global twist -76.29582 global supercoiling -0.02161
frame 2353 time 1176.5 unbinding_event at DNA_gyrase 10 enzyme gyrase with twist -81.68141 superhelical -0.02318 global twist -78.98862 global supercoiling -0.02284
frame 2370 time 1185.0 binding_event at gene tetA enzyme RNAP with twist -81.68141 superhelical -0.02314 global twist -81.68141 global supercoiling -0.02314
frame 2378 time 1189.0 binding_event at DNA_topoI 49 enzyme topoI with twist -68.64513 superhelical -0.03691 global twist -81.68141 global supercoiling -0.02326
frame 2379 time 1189.5 unbinding_event at DNA_topoI 49 enzyme topoI with twist -68.04673 superhelical -0.03598 global twist -77.79182 global supercoiling -0.02262
frame 2391 time 1195.5 binding_event at DNA_gyrase 4 enzyme gyrase with twist -107.54104 superhelical -0.05138 global twist -73.90223 global supercoiling -0.02105
frame 2391 time 1195.5 unbinding_event at DNA_gyrase 4 enzyme gyrase with twist -113.82422 superhelical -0.05388 global twist -73.90223 global supercoiling -0.02105
frame 2399 time 1199.5 binding_event at DNA_topoI 39 enzyme topoI with twist -138.95697 superhelical -0.06212 global twist -76.59502 global supercoiling -0.02181
frame 2402 time 1201.0 unbinding_event at DNA_topoI 39 enzyme topoI with twist -137.76017 superhelical -0.05549 global twist -64.92625 global supercoiling -0.01888
frame 2410 time 1205.0 unbinding_event at gene tetA enzyme RNAP with twist -61.03666 superhelical -0.06789 global twist -61.03666 global supercoiling -0.01738
frame 2441 time 1220.5 binding_event at DNA_gyrase 17 enzyme gyrase with twist -61.03666 superhelical -0.01729 global twist -61.03666 global supercoiling -0.01729
frame 2443 time 1221.5 unbinding_event at DNA_gyrase 17 enzyme gyrase with twist -69.11504 superhelical -0.01904 global twist -66.42224 global supercoiling -0.01920
frame 2547 time 1273.5 binding_event at gene tetA enzyme RNAP with twist -69.11504 superhelical -0.01958 global twist -69.11504 global supercoiling -0.01958
frame 2549 time 1274.5 binding_event at gene tetA enzyme RNAP with twist -40.96093 superhelical -0.02338 global twist -69.11504 global supercoiling -0.01968
frame 2587 time 1293.5 unbinding_event at gene tetA enzyme RNAP with twist 111.47514 superhelical -0.02364 global twist -69.11504 global supercoiling -0.01979
frame 2589 time 1294.5 unbinding_event at gene tetA enzyme RNAP with twist -69.11504 superhelical -0.07657 global twist -69.11504 global supercoiling -0.01968
frame 2724 time 1362.0 binding_event at gene tetA enzyme RNAP with twist -69.11504 superhelical -0.01958 global twist -69.11504 global supercoiling -0.01958
frame 2745 time 1372.5 binding_event at gene tetA enzyme RNAP with twist -109.17838 superhelical -0.05216 global twist -69.11504 global supercoiling -0.01968
frame 2764 time 1382.0 binding_event at DNA_gyrase 14 enzyme gyrase with twist 108.28078 superhelical 0.10053 global twist -69.11504 global supercoiling -0.01979
frame 2764 time 1382.0 unbinding_event at gene tetA enzyme RNAP with twist 8.93043 superhelical -0.05264 global twist -69.11504 global supercoiling -0.01979
frame 2766 time 1383.0 unbinding_event at DNA_gyrase 14 enzyme gyrase with twist 92.13668 superhelical 0.02396 global twist -74.50063 global supercoiling -0.02166
frame 2781 time 1390.5 binding_event at DNA_topoI 0 enzyme topoI with twist -219.59558 superhelical -0.09295 global twist -77.19342 global supercoiling -0.02198
frame 2785 time 1392.5 binding_event at DNA_topoI 26 enzyme topoI with twist -153.76239 superhelical -0.09125 global twist -61.63506 global supercoiling -0.01792
frame 2785 time 1392.5 unbinding_event at gene tetA enzyme RNAP with twist 94.07213 superhelical -0.09532 global twist -61.63506 global supercoiling -0.01792
frame 2792 time 1396.0 unbinding_event at DNA_topoI 0 enzyme topoI with twist -11.47526 superhelical -0.07215 global twist -7.18078 global supercoiling -0.00212
frame 2796 time 1398.0 unbinding_event at DNA_topoI 26 enzyme topoI with twist 16.15676 superhelical 0.51838 global twist 12.26717 global supercoiling 0.00355
frame 2878 time 1439.0 binding_event at gene tetA enzyme RNAP with twist 16.15676 superhelical 0.00458 global twist 16.15676 global supercoiling 0.00458
frame 2914 time 1457.0 binding_event at DNA_gyrase 22 enzyme gyrase with twist 137.51420 superhelical 0.11969 global twist 16.15676 global supercoiling 0.00460
frame 2917 time 1458.5 unbinding_event at DNA_gyrase 22 enzyme gyrase with twist 141.10459 superhelical 0.15003 global twist 8.07838 global supercoiling 0.00235
frame 2918 time 1459.0 unbinding_event at gene tetA enzyme RNAP with twist 5.38559 superhelical -0.05681 global twist 5.38559 global supercoiling 0.00153
frame 2939 time 1469.5 binding_event at DNA_gyrase 38 enzyme gyrase with twist 5.38559 superhelical 0.00153 global twist 5.38559 global supercoiling 0.00153
frame 2941 time 1470.5 unbinding_event at DNA_gyrase 38 enzyme gyrase with twist -2.69279 superhelical -0.00335 global twist -0.00000 global supercoiling -0.00000
frame 2944 time 1472.0 binding_event at DNA_gyrase 13 enzyme gyrase with twist -2.69279 superhelical -0.00076 global twist -2.69279 global supercoiling -0.00076
frame 2945 time 1472.5 unbinding_event at DNA_gyrase 13 enzyme gyrase with twist -8.07838 superhelical -0.00181 global twist -5.38559 global supercoiling -0.00156
frame 2955 time 1477.5 binding_event at gene tetA enzyme RNAP with twist -8.07838 superhelical -0.00229 global twist -8.07838 global supercoiling -0.00229
frame 2989 time 1494.5 binding_event at DNA_topoI 48 enzyme topoI with twist -126.02164 superhelical -0.05417 global twist -8.07838 global supercoiling -0.00230
frame 2993 time 1496.5 unbinding_event at DNA_topoI 48 enzyme topoI with twist -124.52565 superhelical -0.04958 global twist 7.47998 global supercoiling 0.00217
frame 2995 time 1497.5 unbinding_event at gene tetA enzyme RNAP with twist 11.36957 superhelical -0.05371 global twist 11.36957 global supercoiling 0.00324
frame 3039 time 1519.5 binding_event at gene tetA enzyme RNAP with twist 11.36957 superhelical 0.00322 global twist 11.36957 global supercoiling 0.00322
frame 3063 time 1531.5 binding_event at DNA_gyrase 1 enzyme gyrase with twist -80.61249 superhelical -0.03755 global twist 11.36957 global supercoiling 0.00324
frame 3067 time 1533.5 unbinding_event at DNA_gyrase 1 enzyme gyrase with twist -112.02842 superhelical -0.04268 global twist 0.59840 global supercoiling 0.00017
frame 3079 time 1539.5 unbinding_event at gene tetA enzyme RNAP with twist -2.09440 superhelical -0.06325 global twist -2.09440 global supercoiling -0.00060
frame 3108 time 1554.0 binding_event at gene tetA enzyme RNAP with twist -2.09440 superhelical -0.00059 global twist -2.09440 global supercoiling -0.00059
frame 3132 time 1566.0 binding_event at DNA_topoI 42 enzyme topoI with twist -87.19304 superhelical -0.04061 global twist -2.09440 global supercoiling -0.00060
frame 3135 time 1567.5 unbinding_event at DNA_topoI 42 enzyme topoI with twist -85.99624 superhelical -0.03501 global twist 9.57438 global supercoiling 0.00278
frame 3148 time 1574.0 unbinding_event at gene tetA enzyme RNAP with twist 13.46397 superhelical -0.05410 global twist 13.46397 global supercoiling 0.00383
frame 3205 time 1602.5 binding_event at DNA_gyrase 19 enzyme gyrase with twist 13.46397 superhelical 0.00381 global twist 13.46397 global supercoiling 0.00381
frame 3213 time 1606.5 unbinding_event at DNA_gyrase 19 enzyme gyrase with twist -10.77117 superhelical -0.00008 global twist -8.07838 global supercoiling -0.00234
frame 3252 time 1626.0 binding_event at DNA_gyrase 39 enzyme gyrase with twist -10.77117 superhelical -0.00305 global twist -10.77117 global supercoiling -0.00305
frame 3252 time 1626.0 unbinding_event at DNA_gyrase 39 enzyme gyrase with twist -13.46397 superhelical -0.00462 global twist -10.77117 global supercoiling -0.00305
frame 3253 time 1626.5 binding_event at DNA_gyrase 33 enzyme gyrase with twist -13.46397 superhelical -0.00381 global twist -13.46397 global supercoiling -0.00381
frame 3257 time 1628.5 unbinding_event at DNA_gyrase 33 enzyme gyrase with twist -26.92794 superhelical -0.01839 global twist -24.23514 global supercoiling -0.00701
frame 3403 time 1701.5 binding_event at gene tetA enzyme RNAP with twist -26.92794 superhelical -0.00763 global twist -26.92794 global supercoiling -0.00763
frame 3443 time 1721.5 unbinding_event at gene tetA enzyme RNAP with twist -26.92794 superhelical -0.06540 global twist -26.92794 global supercoiling -0.00767
frame 3552 time 1776.0 binding_event at gene Raspberry enzyme RNAP with twist -26.92794 superhelical -0.00763 global twist -26.92794 global supercoiling -0.00763
frame 3579 time 1789.5 unbinding_event at gene Raspberry enzyme RNAP with twist -26.92794 superhelical -0.08409 global twist -26.92794 global supercoiling -0.00767
frame 3599 time 1799.5 binding_event at DNA_gyrase 0 enzyme gyrase with twist -26.92794 superhelical -0.00763 global twist -26.92794 global supercoiling -0.00763
frame 3608 time 1804.0 unbinding_event at DNA_gyrase 0 enzyme gyrase with twist -53.85587 superhelical -0.01578 global twist -51.16308 global supercoiling -0.01479
frame 3632 time 1816.0 binding_event at gene tetA enzyme RNAP with twist -53.85587 superhelical -0.01525 global twist -53.85587 global supercoiling -0.01525
frame 3672 time 1836.0 unbinding_event at gene tetA enzyme RNAP with twist -53.85587 superhelical -0.07076 global twist -53.85587 global supercoiling -0.01534
frame 3675 time 1837.5 binding_event at DNA_gyrase 21 enzyme gyrase with twist -53.85587 superhelical -0.01525 global twist -53.85587 global supercoiling -0.01525
frame 3675 time 1837.5 unbinding_event at DNA_gyrase 21 enzyme gyrase with twist -56.54867 superhelical -0.01599 global twist -53.85587 global supercoiling -0.01525
frame 3766 time 1883.0 binding_event at DNA_topoI 35 enzyme topoI with twist -56.54867 superhelical -0.01602 global twist -56.54867 global supercoiling -0.01602
frame 3769 time 1884.5 unbinding_event at DNA_topoI 35 enzyme topoI with twist -40.99030 superhelical -0.00355 global twist -44.87990 global supercoiling -0.01298
frame 3776 time 1888.0 binding_event at DNA_gyrase 27 enzyme gyrase with twist -40.99030 superhelical -0.01161 global twist -40.99030 global supercoiling -0.01161
frame 3776 time 1888.0 unbinding_event at DNA_gyrase 27 enzyme gyrase with twist -43.68310 superhelical -0.05203 global twist -40.99030 global supercoiling -0.01161
frame 3813 time 1906.5 binding_event at DNA_gyrase 4 enzyme gyrase with twist -43.68310 superhelical -0.01237 global twist -43.68310 global supercoiling -0.01237
frame 3818 time 1909.0 unbinding_event at DNA_gyrase 4 enzyme gyrase with twist -59.83986 superhelical -0.01673 global twist -57.14707 global supercoiling -0.01652
frame 3890 time 1945.0 binding_event at DNA_gyrase 43 enzyme gyrase with twist -59.83986 superhelical -0.01695 global twist -59.83986 global supercoiling -0.01695
frame 3890 time 1945.0 unbinding_event at DNA_gyrase 43 enzyme gyrase with twist -62.53265 superhelical -0.01844 global twist -59.83986 global supercoiling -0.01695
frame 3949 time 1974.5 binding_event at gene tetA enzyme RNAP with twist -62.53265 superhelical -0.01771 global twist -62.53265 global supercoiling -0.01771
frame 3989 time 1994.5 unbinding_event at gene tetA enzyme RNAP with twist -62.53265 superhelical -0.07249 global twist -62.53265 global supercoiling -0.01781
frame 4082 time 2041.0 binding_event at DNA_topoI 1 enzyme topoI with twist -62.53265 superhelical -0.01771 global twist -62.53265 global supercoiling -0.01771
frame 4086 time 2043.0 unbinding_event at DNA_topoI 1 enzyme topoI with twist -43.08470 superhelical -0.01254 global twist -46.97429 global supercoiling -0.01358
frame 4122 time 2061.0 binding_event at DNA_gyrase 40 enzyme gyrase with twist -43.08470 superhelical -0.01220 global twist -43.08470 global supercoiling -0.01220
frame 4124 time 2062.0 unbinding_event at DNA_gyrase 40 enzyme gyrase with twist -51.16308 superhelical -0.01663 global twist -48.47029 global supercoiling -0.01401
frame 4132 time 2066.0 binding_event at DNA_gyrase 14 enzyme gyrase with twist -51.16308 superhelical -0.01449 global twist -51.16308 global supercoiling -0.01449
frame 4132 time 2066.0 unbinding_event at DNA_gyrase 14 enzyme gyrase with twist -53.85587 superhelical -0.01529 global twist -51.16308 global supercoiling -0.01449
frame 4141 time 2070.5 binding_event at DNA_topoI 43 enzyme topoI with twist -53.85587 superhelical -0.01525 global twist -53.85587 global supercoiling -0.01525
frame 4143 time 2071.5 unbinding_event at DNA_topoI 43 enzyme topoI with twist -42.18710 superhelical -0.01064 global twist -46.07669 global supercoiling -0.01332
frame 4196 time 2098.0 binding_event at DNA_topoI 1 enzyme topoI with twist -42.18710 superhelical -0.01195 global twist -42.18710 global supercoiling -0.01195
frame 4210 time 2105.0 binding_event at DNA_gyrase 46 enzyme gyrase with twist 5.79784 superhelical 0.00330 global twist 12.26717 global supercoiling 0.00355
frame 4212 time 2106.0 unbinding_event at DNA_gyrase 46 enzyme gyrase with twist 3.55385 superhelical 0.00055 global twist 14.66077 global supercoiling 0.00433
frame 4213 time 2106.5 unbinding_event at DNA_topoI 1 enzyme topoI with twist 19.74715 superhelical 0.00313 global twist 15.85756 global supercoiling 0.00458
frame 4230 time 2115.0 binding_event at DNA_gyrase 32 enzyme gyrase with twist 19.74715 superhelical 0.00559 global twist 19.74715 global supercoiling 0.00559
frame 4232 time 2116.0 unbinding_event at DNA_gyrase 32 enzyme gyrase with twist 11.66877 superhelical -0.00458 global twist 14.36157 global supercoiling 0.00415
frame 4243 time 2121.5 binding_event at gene tetA enzyme RNAP with twist 11.66877 superhelical 0.00331 global twist 11.66877 global supercoiling 0.00331
frame 4282 time 2141.0 binding_event at gene tetA enzyme RNAP with twist -134.32213 superhelical -0.05559 global twist 11.66877 global supercoiling 0.00332
frame 4283 time 2141.5 unbinding_event at gene tetA enzyme RNAP with twist 115.01428 superhelical -0.05603 global twist 11.66877 global supercoiling 0.00334
frame 4293 time 2146.5 binding_event at DNA_topoI 42 enzyme topoI with twist -135.65903 superhelical -0.07089 global twist 11.66877 global supercoiling 0.00332
frame 4294 time 2147.0 unbinding_event at DNA_topoI 42 enzyme topoI with twist -135.06063 superhelical -0.07015 global twist 15.55836 global supercoiling 0.00452
frame 4316 time 2158.0 binding_event at gene tetA enzyme RNAP with twist -210.45885 superhelical -0.09046 global twist 19.44795 global supercoiling 0.00554
frame 4322 time 2161.0 unbinding_event at gene tetA enzyme RNAP with twist 201.11493 superhelical -0.09121 global twist 19.44795 global supercoiling 0.00557
frame 4342 time 2171.0 binding_event at gene mKalama1 enzyme RNAP with twist -249.88441 superhelical -0.11447 global twist 19.44795 global supercoiling 0.00554
frame 4356 time 2178.0 unbinding_event at gene tetA enzyme RNAP with twist 40.36391 superhelical -0.13763 global twist 19.44795 global supercoiling 0.00557
frame 4359 time 2179.5 binding_event at DNA_gyrase 8 enzyme gyrase with twist 33.18313 superhelical 0.01047 global twist 19.44795 global supercoiling 0.00554
frame 4361 time 2180.5 unbinding_event at DNA_gyrase 8 enzyme gyrase with twist 14.33357 superhelical 0.00283 global twist 14.06237 global supercoiling 0.00409
frame 4369 time 2184.5 unbinding_event at gene mKalama1 enzyme RNAP with twist 11.36957 superhelical 0.17788 global twist 11.36957 global supercoiling 0.00324
frame 4384 time 2192.0 binding_event at gene tetA enzyme RNAP with twist 11.36957 superhelical 0.00322 global twist 11.36957 global supercoiling 0.00322
frame 4409 time 2204.5 binding_event at DNA_gyrase 45 enzyme gyrase with twist -84.20288 superhelical -0.03889 global twist 11.36957 global supercoiling 0.00324
frame 4410 time 2205.0 unbinding_event at DNA_gyrase 45 enzyme gyrase with twist -96.76925 superhelical -0.04226 global twist 8.67678 global supercoiling 0.00252
frame 4424 time 2212.0 unbinding_event at gene tetA enzyme RNAP with twist 5.98399 superhelical -0.05996 global twist 5.98399 global supercoiling 0.00170
frame 4433 time 2216.5 binding_event at gene tetA enzyme RNAP with twist 5.98399 superhelical 0.00169 global twist 5.98399 global supercoiling 0.00169
frame 4462 time 2231.0 binding_event at DNA_gyrase 16 enzyme gyrase with twist 107.18065 superhelical 0.08409 global twist 5.98399 global supercoiling 0.00170
frame 4466 time 2233.0 unbinding_event at DNA_gyrase 16 enzyme gyrase with twist 111.66864 superhelical 0.12847 global twist -4.78719 global supercoiling -0.00139
frame 4473 time 2236.5 unbinding_event at gene tetA enzyme RNAP with twist -7.47998 superhelical -0.05884 global twist -7.47998 global supercoiling -0.00213
frame 4524 time 2262.0 binding_event at DNA_topoI 35 enzyme topoI with twist -7.47998 superhelical -0.00212 global twist -7.47998 global supercoiling -0.00212
frame 4526 time 2263.0 binding_event at gene tetA enzyme RNAP with twist -2.27557 superhelical -0.00080 global twist 0.29920 global supercoiling 0.00009
frame 4527 time 2263.5 unbinding_event at DNA_topoI 35 enzyme topoI with twist 2.34027 superhelical 0.01063 global twist 4.18879 global supercoiling 0.00122
frame 4566 time 2283.0 unbinding_event at gene tetA enzyme RNAP with twist 8.07838 superhelical -0.05615 global twist 8.07838 global supercoiling 0.00230
frame 4647 time 2323.5 binding_event at gene tetA enzyme RNAP with twist 8.07838 superhelical 0.00229 global twist 8.07838 global supercoiling 0.00229
frame 4666 time 2333.0 binding_event at DNA_gyrase 10 enzyme gyrase with twist 72.34749 superhelical 0.04975 global twist 8.07838 global supercoiling 0.00230
frame 4667 time 2333.5 unbinding_event at DNA_gyrase 10 enzyme gyrase with twist 74.14269 superhelical 0.07423 global twist 5.38559 global supercoiling 0.00157
frame 4687 time 2343.5 unbinding_event at gene tetA enzyme RNAP with twist 2.69279 superhelical -0.05842 global twist 2.69279 global supercoiling 0.00077
frame 4721 time 2360.5 binding_event at DNA_topoI 41 enzyme topoI with twist 2.69279 superhelical 0.00076 global twist 2.69279 global supercoiling 0.00076
frame 4730 time 2365.0 unbinding_event at DNA_topoI 41 enzyme topoI with twist 41.58870 superhelical 0.01950 global twist 37.69911 global supercoiling 0.01090
frame 4762 time 2381.0 binding_event at DNA_gyrase 46 enzyme gyrase with twist 41.58870 superhelical 0.01178 global twist 41.58870 global supercoiling 0.01178
frame 4776 time 2388.0 unbinding_event at DNA_gyrase 46 enzyme gyrase with twist 1.19680 superhelical -0.00242 global twist 3.88959 global supercoiling 0.00112
frame 4899 time 2449.5 binding_event at DNA_gyrase 26 enzyme gyrase with twist 1.19680 superhelical 0.00034 global twist 1.19680 global supercoiling 0.00034
frame 4902 time 2451.0 unbinding_event at DNA_gyrase 26 enzyme gyrase with twist -9.57438 superhelical -0.14029 global twist -6.88158 global supercoiling -0.00199
frame 4912 time 2456.0 binding_event at gene Raspberry enzyme RNAP with twist -9.57438 superhelical -0.00271 global twist -9.57438 global supercoiling -0.00271
frame 4939 time 2469.5 unbinding_event at gene Raspberry enzyme RNAP with twist -9.57438 superhelical -0.08111 global twist -9.57438 global supercoiling -0.00273
frame 4940 time 2470.0 binding_event at gene tetA enzyme RNAP with twist -9.57438 superhelical -0.00271 global twist -9.57438 global supercoiling -0.00271
frame 4980 time 2490.0 unbinding_event at gene tetA enzyme RNAP with twist -9.57438 superhelical -0.06194 global twist -9.57438 global supercoiling -0.00273
frame 4984 time 2492.0 binding_event at DNA_gyrase 2 enzyme gyrase with twist -9.57438 superhelical -0.00271 global twist -9.57438 global supercoiling -0.00271
frame 4991 time 2495.5 unbinding_event at DNA_gyrase 2 enzyme gyrase with twist -31.11673 superhelical -0.00866 global twist -28.42393 global supercoiling -0.00822
frame 5000 time 2500.0 binding_event at DNA_gyrase 28 enzyme gyrase with twist -31.11673 superhelical -0.00881 global twist -31.11673 global supercoiling -0.00881
frame 5003 time 2501.5 unbinding_event at DNA_gyrase 28 enzyme gyrase with twist -41.88790 superhelical -0.06013 global twist -39.19511 global supercoiling -0.01133
frame 5117 time 2558.5 binding_event at gene tetA enzyme RNAP with twist -41.88790 superhelical -0.01186 global twist -41.88790 global supercoiling -0.01186
frame 5148 time 2574.0 binding_event at DNA_topoI 4 enzyme topoI with twist -131.77496 superhelical -0.05798 global twist -41.88790 global supercoiling -0.01193
frame 5156 time 2578.0 unbinding_event at DNA_topoI 4 enzyme topoI with twist -129.08217 superhelical -0.05100 global twist -10.77117 global supercoiling -0.00313
frame 5157 time 2578.5 unbinding_event at gene tetA enzyme RNAP with twist -6.88158 superhelical -0.05410 global twist -6.88158 global supercoiling -0.00196
frame 5159 time 2579.5 binding_event at gene tetA enzyme RNAP with twist -6.88158 superhelical -0.00195 global twist -6.88158 global supercoiling -0.00195
frame 5199 time 2599.5 unbinding_event at gene tetA enzyme RNAP with twist -6.88158 superhelical -0.06140 global twist -6.88158 global supercoiling -0.00196
frame 5216 time 2608.0 binding_event at DNA_gyrase 11 enzyme gyrase with twist -6.88158 superhelical -0.00195 global twist -6.88158 global supercoiling -0.00195
frame 5217 time 2608.5 binding_event at gene tetA enzyme RNAP with twist -6.27066 superhelical -0.00253 global twist -9.57438 global supercoiling -0.00277
frame 5218 time 2609.0 unbinding_event at DNA_gyrase 11 enzyme gyrase with twist -3.39706 superhelical 0.00369 global twist -12.26717 global supercoiling -0.00357
frame 5230 time 2615.0 binding_event at gene tetA enzyme RNAP with twist -51.05722 superhelical -0.02619 global twist -14.95997 global supercoiling -0.00426
frame 5252 time 2626.0 binding_event at DNA_topoI 37 enzyme topoI with twist -124.37984 superhelical -0.05892 global twist -14.95997 global supercoiling -0.00428
frame 5253 time 2626.5 unbinding_event at DNA_topoI 37 enzyme topoI with twist -123.78144 superhelical -0.05582 global twist -11.07037 global supercoiling -0.00324
frame 5257 time 2628.5 unbinding_event at gene tetA enzyme RNAP with twist 130.96223 superhelical -0.02645 global twist -7.18078 global supercoiling -0.00206
frame 5270 time 2635.0 unbinding_event at gene tetA enzyme RNAP with twist -7.18078 superhelical -0.07537 global twist -7.18078 global supercoiling -0.00204
frame 5283 time 2641.5 binding_event at DNA_gyrase 48 enzyme gyrase with twist -7.18078 superhelical -0.00203 global twist -7.18078 global supercoiling -0.00203
frame 5289 time 2644.5 unbinding_event at DNA_gyrase 48 enzyme gyrase with twist -26.03034 superhelical -0.00819 global twist -23.33755 global supercoiling -0.00675
frame 5292 time 2646.0 binding_event at DNA_gyrase 15 enzyme gyrase with twist -26.03034 superhelical -0.00737 global twist -26.03034 global supercoiling -0.00737
frame 5298 time 2649.0 unbinding_event at DNA_gyrase 15 enzyme gyrase with twist -44.87990 superhelical -0.01094 global twist -42.18710 global supercoiling -0.01220
frame 5322 time 2661.0 binding_event at gene tetA enzyme RNAP with twist -44.87990 superhelical -0.01271 global twist -44.87990 global supercoiling -0.01271
frame 5346 time 2673.0 binding_event at DNA_gyrase 21 enzyme gyrase with twist 63.22467 superhelical 0.04634 global twist -44.87990 global supercoiling -0.01278
frame 5352 time 2676.0 unbinding_event at DNA_gyrase 21 enzyme gyrase with twist 69.50785 superhelical 0.07317 global twist -61.03666 global supercoiling -0.01775
frame 5354 time 2677.0 binding_event at DNA_topoI 37 enzyme topoI with twist -136.82769 superhelical -0.05973 global twist -63.72945 global supercoiling -0.01815
frame 5362 time 2681.0 unbinding_event at gene tetA enzyme RNAP with twist 0.12095 superhelical -0.06464 global twist -32.61272 global supercoiling -0.00948
frame 5363 time 2681.5 unbinding_event at DNA_topoI 37 enzyme topoI with twist -24.83354 superhelical -0.03579 global twist -28.72313 global supercoiling -0.00830
frame 5430 time 2715.0 binding_event at DNA_gyrase 33 enzyme gyrase with twist -24.83354 superhelical -0.00703 global twist -24.83354 global supercoiling -0.00703
frame 5431 time 2715.5 unbinding_event at DNA_gyrase 33 enzyme gyrase with twist -30.21913 superhelical -0.01298 global twist -27.52634 global supercoiling -0.00796
frame 5450 time 2725.0 binding_event at gene tetA enzyme RNAP with twist -30.21913 superhelical -0.00856 global twist -30.21913 global supercoiling -0.00856
frame 5466 time 2733.0 binding_event at gene tetA enzyme RNAP with twist -72.21594 superhelical -0.03605 global twist -30.21913 global supercoiling -0.00861
frame 5476 time 2738.0 binding_event at DNA_topoI 28 enzyme topoI with twist -98.36330 superhelical -0.05189 global twist -30.21913 global supercoiling -0.00865
frame 5476 time 2738.0 unbinding_event at DNA_topoI 28 enzyme topoI with twist -98.06410 superhelical -0.03546 global twist -30.21913 global supercoiling -0.00865
frame 5490 time 2745.0 unbinding_event at gene tetA enzyme RNAP with twist 122.00005 superhelical -0.03639 global twist -26.32954 global supercoiling -0.00754
frame 5506 time 2753.0 unbinding_event at gene tetA enzyme RNAP with twist -26.32954 superhelical -0.08391 global twist -26.32954 global supercoiling -0.00750
frame 5613 time 2806.5 binding_event at DNA_gyrase 4 enzyme gyrase with twist -26.32954 superhelical -0.00746 global twist -26.32954 global supercoiling -0.00746
frame 5617 time 2808.5 unbinding_event at DNA_gyrase 4 enzyme gyrase with twist -39.79351 superhelical -0.01103 global twist -37.10071 global supercoiling -0.01073
frame 5636 time 2818.0 binding_event at gene tetA enzyme RNAP with twist -39.79351 superhelical -0.01127 global twist -39.79351 global supercoiling -0.01127
frame 5658 time 2829.0 binding_event at DNA_topoI 46 enzyme topoI with twist -98.43779 superhelical -0.04663 global twist -39.79351 global supercoiling -0.01133
frame 5661 time 2830.5 unbinding_event at DNA_topoI 46 enzyme topoI with twist -97.24100 superhelical -0.04270 global twist -28.12473 global supercoiling -0.00818
frame 5674 time 2837.0 binding_event at DNA_gyrase 11 enzyme gyrase with twist 116.09055 superhelical 0.10430 global twist -24.23514 global supercoiling -0.00690
frame 5674 time 2837.0 unbinding_event at DNA_gyrase 11 enzyme gyrase with twist 116.98815 superhelical 0.21899 global twist -24.23514 global supercoiling -0.00690
frame 5676 time 2838.0 unbinding_event at gene tetA enzyme RNAP with twist -26.92794 superhelical -0.06162 global twist -26.92794 global supercoiling -0.00767
frame 5681 time 2840.5 binding_event at DNA_gyrase 14 enzyme gyrase with twist -26.92794 superhelical -0.00763 global twist -26.92794 global supercoiling -0.00763
frame 5684 time 2842.0 unbinding_event at DNA_gyrase 14 enzyme gyrase with twist -37.69911 superhelical -0.00979 global twist -35.00632 global supercoiling -0.01012
frame 5689 time 2844.5 binding_event at gene Raspberry enzyme RNAP with twist -37.69911 superhelical -0.01068 global twist -37.69911 global supercoiling -0.01068
frame 5700 time 2850.0 binding_event at DNA_topoI 30 enzyme topoI with twist -47.67915 superhelical -0.04967 global twist -37.69911 global supercoiling -0.01074
frame 5700 time 2850.0 unbinding_event at DNA_topoI 30 enzyme topoI with twist -47.37995 superhelical -0.04588 global twist -37.69911 global supercoiling -0.01074
frame 5714 time 2857.0 binding_event at DNA_gyrase 9 enzyme gyrase with twist 60.24552 superhelical 0.02619 global twist -33.80952 global supercoiling -0.00963
frame 5716 time 2858.0 unbinding_event at gene Raspberry enzyme RNAP with twist -68.32738 superhelical -0.08287 global twist -39.19511 global supercoiling -0.01140
frame 5719 time 2859.5 unbinding_event at DNA_gyrase 9 enzyme gyrase with twist -49.96628 superhelical -0.03104 global twist -47.27349 global supercoiling -0.01367
frame 5730 time 2865.0 binding_event at gene tetA enzyme RNAP with twist -49.96628 superhelical -0.01415 global twist -49.96628 global supercoiling -0.01415
frame 5760 time 2880.0 binding_event at DNA_topoI 5 enzyme topoI with twist -132.13290 superhelical -0.05860 global twist -49.96628 global supercoiling -0.01423
frame 5763 time 2881.5 unbinding_event at DNA_topoI 5 enzyme topoI with twist -130.93610 superhelical -0.05672 global twist -38.29751 global supercoiling -0.01113
frame 5770 time 2885.0 unbinding_event at gene tetA enzyme RNAP with twist -34.40792 superhelical -0.06364 global twist -34.40792 global supercoiling -0.00980
frame 5825 time 2912.5 binding_event at DNA_gyrase 12 enzyme gyrase with twist -34.40792 superhelical -0.00975 global twist -34.40792 global supercoiling -0.00975
frame 5825 time 2912.5 unbinding_event at DNA_gyrase 12 enzyme gyrase with twist -37.10071 superhelical -0.01048 global twist -34.40792 global supercoiling -0.00975
frame 5831 time 2915.5 binding_event at gene mKalama1 enzyme RNAP with twist -37.10071 superhelical -0.01051 global twist -37.10071 global supercoiling -0.01051
frame 5858 time 2929.0 unbinding_event at gene mKalama1 enzyme RNAP with twist -37.10071 superhelical 0.64697 global twist -37.10071 global supercoiling -0.01057
frame 5873 time 2936.5 binding_event at DNA_gyrase 34 enzyme gyrase with twist -37.10071 superhelical -0.01051 global twist -37.10071 global supercoiling -0.01051
frame 5875 time 2937.5 unbinding_event at DNA_gyrase 34 enzyme gyrase with twist -45.17909 superhelical -0.01826 global twist -42.48630 global supercoiling -0.01228
frame 5913 time 2956.5 binding_event at DNA_gyrase 3 enzyme gyrase with twist -45.17909 superhelical -0.01280 global twist -45.17909 global supercoiling -0.01280
frame 5914 time 2957.0 unbinding_event at DNA_gyrase 3 enzyme gyrase with twist -50.56468 superhelical -0.01448 global twist -47.87189 global supercoiling -0.01384
frame 5992 time 2996.0 binding_event at DNA_gyrase 34 enzyme gyrase with twist -50.56468 superhelical -0.01432 global twist -50.56468 global supercoiling -0.01432
frame 5993 time 2996.5 unbinding_event at DNA_gyrase 34 enzyme gyrase with twist -55.95027 superhelical -0.01964 global twist -53.25748 global supercoiling -0.01540
frame 6032 time 3016.0 binding_event at gene tetA enzyme RNAP with twist -55.95027 superhelical -0.01585 global twist -55.95027 global supercoiling -0.01585
frame 6072 time 3036.0 unbinding_event at gene tetA enzyme RNAP with twist -55.95027 superhelical -0.07118 global twist -55.95027 global supercoiling -0.01593
frame 6163 time 3081.5 binding_event at gene tetA enzyme RNAP with twist -55.95027 superhelical -0.01585 global twist -55.95027 global supercoiling -0.01585
frame 6180 time 3090.0 binding_event at gene tetA enzyme RNAP with twist -88.38249 superhelical -0.04372 global twist -55.95027 global supercoiling -0.01593
frame 6203 time 3101.5 unbinding_event at gene tetA enzyme RNAP with twist 105.97555 superhelical -0.04414 global twist -55.95027 global supercoiling -0.01602
frame 6211 time 3105.5 binding_event at DNA_topoI 44 enzyme topoI with twist -187.05856 superhelical -0.08231 global twist -55.95027 global supercoiling -0.01593
frame 6213 time 3106.5 unbinding_event at DNA_topoI 44 enzyme topoI with twist -186.16097 superhelical -0.08034 global twist -48.17109 global supercoiling -0.01400
frame 6220 time 3110.0 unbinding_event at gene tetA enzyme RNAP with twist -44.28150 superhelical -0.08616 global twist -44.28150 global supercoiling -0.01261
frame 6248 time 3124.0 binding_event at gene mKalama1 enzyme RNAP with twist -44.28150 superhelical -0.01254 global twist -44.28150 global supercoiling -0.01254
frame 6267 time 3133.5 binding_event at DNA_topoI 18 enzyme topoI with twist -104.33388 superhelical -0.03255 global twist -44.28150 global supercoiling -0.01261
frame 6275 time 3137.5 unbinding_event at gene mKalama1 enzyme RNAP with twist -10.75763 superhelical 0.63783 global twist -13.16477 global supercoiling -0.00383
frame 6280 time 3140.0 unbinding_event at DNA_topoI 18 enzyme topoI with twist 10.17278 superhelical -0.00035 global twist 6.28319 global supercoiling 0.00182
frame 6364 time 3182.0 binding_event at gene tetA enzyme RNAP with twist 10.17278 superhelical 0.00288 global twist 10.17278 global supercoiling 0.00288
frame 6404 time 3202.0 unbinding_event at gene tetA enzyme RNAP with twist 10.17278 superhelical -0.05800 global twist 10.17278 global supercoiling 0.00290
frame 6459 time 3229.5 binding_event at DNA_gyrase 48 enzyme gyrase with twist 10.17278 superhelical 0.00288 global twist 10.17278 global supercoiling 0.00288
frame 6463 time 3231.5 unbinding_event at DNA_gyrase 48 enzyme gyrase with twist -3.29119 superhelical -0.00143 global twist -0.59840 global supercoiling -0.00017
frame 6484 time 3242.0 binding_event at gene Raspberry enzyme RNAP with twist -3.29119 superhelical -0.00093 global twist -3.29119 global supercoiling -0.00093
frame 6511 time 3255.5 unbinding_event at gene Raspberry enzyme RNAP with twist -3.29119 superhelical -0.08004 global twist -3.29119 global supercoiling -0.00094
frame 6512 time 3256.0 binding_event at gene tetA enzyme RNAP with twist -3.29119 superhelical -0.00093 global twist -3.29119 global supercoiling -0.00093
frame 6552 time 3276.0 unbinding_event at gene tetA enzyme RNAP with twist -3.29119 superhelical -0.06069 global twist -3.29119 global supercoiling -0.00094
frame 6556 time 3278.0 binding_event at DNA_gyrase 2 enzyme gyrase with twist -3.29119 superhelical -0.00093 global twist -3.29119 global supercoiling -0.00093
frame 6556 time 3278.0 unbinding_event at DNA_gyrase 2 enzyme gyrase with twist -5.98399 superhelical -0.00169 global twist -3.29119 global supercoiling -0.00093
frame 6571 time 3285.5 binding_event at DNA_gyrase 49 enzyme gyrase with twist -5.98399 superhelical -0.00169 global twist -5.98399 global supercoiling -0.00169
frame 6576 time 3288.0 unbinding_event at DNA_gyrase 49 enzyme gyrase with twist -22.14075 superhelical -0.00674 global twist -19.44795 global supercoiling -0.00562
frame 6600 time 3300.0 binding_event at DNA_gyrase 37 enzyme gyrase with twist -22.14075 superhelical -0.00627 global twist -22.14075 global supercoiling -0.00627
frame 6608 time 3304.0 unbinding_event at DNA_gyrase 37 enzyme gyrase with twist -46.37589 superhelical -0.02252 global twist -43.68310 global supercoiling -0.01263
frame 6655 time 3327.5 binding_event at gene tetA enzyme RNAP with twist -46.37589 superhelical -0.01314 global twist -46.37589 global supercoiling -0.01314
frame 6695 time 3347.5 unbinding_event at gene tetA enzyme RNAP with twist -46.37589 superhelical -0.06927 global twist -46.37589 global supercoiling -0.01321
frame 6696 time 3348.0 binding_event at DNA_gyrase 30 enzyme gyrase with twist -46.37589 superhelical -0.01314 global twist -46.37589 global supercoiling -0.01314
frame 6696 time 3348.0 unbinding_event at DNA_gyrase 30 enzyme gyrase with twist -49.06869 superhelical -0.01882 global twist -46.37589 global supercoiling -0.01314
frame 6706 time 3353.0 binding_event at DNA_gyrase 17 enzyme gyrase with twist -49.06869 superhelical -0.01390 global twist -49.06869 global supercoiling -0.01390
frame 6722 time 3361.0 unbinding_event at DNA_gyrase 17 enzyme gyrase with twist -94.84618 superhelical -0.02206 global twist -92.15338 global supercoiling -0.02664
frame 6867 time 3433.5 binding_event at DNA_gyrase 34 enzyme gyrase with twist -94.84618 superhelical -0.02686 global twist -94.84618 global supercoiling -0.02686
frame 6879 time 3439.5 unbinding_event at DNA_gyrase 34 enzyme gyrase with twist -129.85250 superhelical -0.06007 global twist -127.15970 global supercoiling -0.03676
frame 6909 time 3454.5 binding_event at DNA_topoI 10 enzyme topoI with twist -129.85250 superhelical -0.03678 global twist -129.85250 global supercoiling -0.03678
frame 6911 time 3455.5 unbinding_event at DNA_topoI 10 enzyme topoI with twist -118.18372 superhelical -0.03512 global twist -122.07331 global supercoiling -0.03529
frame 6968 time 3484.0 binding_event at gene tetA enzyme RNAP with twist -118.18372 superhelical -0.03347 global twist -118.18372 global supercoiling -0.03347
frame 6980 time 3490.0 binding_event at DNA_topoI 14 enzyme topoI with twist -17.33643 superhelical -0.01097 global twist -118.18372 global supercoiling -0.03366
frame 6983 time 3491.5 unbinding_event at DNA_topoI 14 enzyme topoI with twist 12.58350 superhelical 0.02042 global twist -106.51495 global supercoiling -0.03097
frame 7008 time 3504.0 unbinding_event at gene tetA enzyme RNAP with twist -102.62536 superhelical -0.08358 global twist -102.62536 global supercoiling -0.02923
frame 7030 time 3515.0 binding_event at gene mKalama1 enzyme RNAP with twist -102.62536 superhelical -0.02907 global twist -102.62536 global supercoiling -0.02907
frame 7050 time 3525.0 binding_event at DNA_topoI 46 enzyme topoI with twist -155.51011 superhelical -0.04825 global twist -102.62536 global supercoiling -0.02923
frame 7057 time 3528.5 unbinding_event at gene mKalama1 enzyme RNAP with twist 14.63768 superhelical 0.56354 global twist -75.39822 global supercoiling -0.02192
frame 7057 time 3528.5 unbinding_event at DNA_topoI 46 enzyme topoI with twist -71.50863 superhelical 0.56354 global twist -75.39822 global supercoiling -0.02192
frame 7099 time 3549.5 binding_event at DNA_gyrase 35 enzyme gyrase with twist -71.50863 superhelical -0.02025 global twist -71.50863 global supercoiling -0.02025
frame 7103 time 3551.5 unbinding_event at DNA_gyrase 35 enzyme gyrase with twist -84.97260 superhelical -0.03175 global twist -82.27981 global supercoiling -0.02379
frame 7126 time 3563.0 binding_event at gene tetA enzyme RNAP with twist -84.97260 superhelical -0.02407 global twist -84.97260 global supercoiling -0.02407
frame 7154 time 3577.0 binding_event at gene tetA enzyme RNAP with twist -142.06154 superhelical -0.06402 global twist -84.97260 global supercoiling -0.02420
frame 7166 time 3583.0 unbinding_event at gene tetA enzyme RNAP with twist 72.53832 superhelical -0.06458 global twist -84.97260 global supercoiling -0.02433
frame 7171 time 3585.5 binding_event at DNA_topoI 35 enzyme topoI with twist -171.87248 superhelical -0.08503 global twist -84.97260 global supercoiling -0.02420
frame 7171 time 3585.5 unbinding_event at DNA_topoI 35 enzyme topoI with twist -171.57328 superhelical -0.08496 global twist -84.97260 global supercoiling -0.02420
frame 7190 time 3595.0 binding_event at DNA_gyrase 22 enzyme gyrase with twist 155.11732 superhelical 0.13501 global twist -81.08301 global supercoiling -0.02309
frame 7194 time 3597.0 unbinding_event at gene tetA enzyme RNAP with twist -115.73611 superhelical -0.10364 global twist -91.85419 global supercoiling -0.02670
frame 7199 time 3599.5 unbinding_event at DNA_gyrase 22 enzyme gyrase with twist -108.01095 superhelical -0.03751 global twist -105.31815 global supercoiling -0.03045
frame 7289 time 3644.5 binding_event at DNA_topoI 29 enzyme topoI with twist -108.01095 superhelical -0.03059 global twist -108.01095 global supercoiling -0.03059
frame 7293 time 3646.5 unbinding_event at DNA_topoI 29 enzyme topoI with twist -88.56299 superhelical 0.02367 global twist -92.45258 global supercoiling -0.02673
frame 7392 time 3696.0 binding_event at gene tetA enzyme RNAP with twist -88.56299 superhelical -0.02508 global twist -88.56299 global supercoiling -0.02508
frame 7400 time 3700.0 binding_event at DNA_topoI 33 enzyme topoI with twist -72.00852 superhelical -0.03872 global twist -88.56299 global supercoiling -0.02522
frame 7402 time 3701.0 unbinding_event at DNA_topoI 33 enzyme topoI with twist -71.11092 superhelical -0.02771 global twist -80.78381 global supercoiling -0.02349
frame 7429 time 3714.5 binding_event at DNA_topoI 2 enzyme topoI with twist -164.46111 superhelical -0.06909 global twist -76.89422 global supercoiling -0.02190
frame 7432 time 3716.0 unbinding_event at DNA_topoI 2 enzyme topoI with twist -163.26431 superhelical -0.06698 global twist -65.22545 global supercoiling -0.01896
frame 7432 time 3716.0 unbinding_event at gene tetA enzyme RNAP with twist -61.33586 superhelical -0.06698 global twist -65.22545 global supercoiling -0.01896
frame 7442 time 3721.0 binding_event at DNA_gyrase 2 enzyme gyrase with twist -61.33586 superhelical -0.01737 global twist -61.33586 global supercoiling -0.01737
frame 7442 time 3721.0 unbinding_event at DNA_gyrase 2 enzyme gyrase with twist -64.02865 superhelical -0.01847 global twist -61.33586 global supercoiling -0.01737
frame 7471 time 3735.5 binding_event at DNA_gyrase 18 enzyme gyrase with twist -64.02865 superhelical -0.01814 global twist -64.02865 global supercoiling -0.01814
frame 7487 time 3743.5 binding_event at DNA_topoI 23 enzyme topoI with twist -30.44876 superhelical -0.06329 global twist -107.11335 global supercoiling -0.03097
frame 7487 time 3743.5 unbinding_event at DNA_gyrase 18 enzyme gyrase with twist -98.78014 superhelical -0.02620 global twist -107.11335 global supercoiling -0.03097
frame 7487 time 3743.5 unbinding_event at DNA_topoI 23 enzyme topoI with twist -105.91655 superhelical -0.02620 global twist -107.11335 global supercoiling -0.03097
frame 7539 time 3769.5 binding_event at gene tetA enzyme RNAP with twist -105.91655 superhelical -0.03000 global twist -105.91655 global supercoiling -0.03000
frame 7543 time 3771.5 binding_event at DNA_gyrase 38 enzyme gyrase with twist -66.12855 superhelical -0.03698 global twist -105.91655 global supercoiling -0.03016
frame 7547 time 3773.5 unbinding_event at DNA_gyrase 38 enzyme gyrase with twist -97.54448 superhelical -0.04671 global twist -116.68773 global supercoiling -0.03392
frame 7579 time 3789.5 unbinding_event at gene tetA enzyme RNAP with twist -119.38052 superhelical -0.08663 global twist -119.38052 global supercoiling -0.03400
frame 7588 time 3794.0 binding_event at gene tetA enzyme RNAP with twist -119.38052 superhelical -0.03381 global twist -119.38052 global supercoiling -0.03381
frame 7590 time 3795.0 binding_event at DNA_topoI 42 enzyme topoI with twist -65.52832 superhelical -0.03740 global twist -119.38052 global supercoiling -0.03400
frame 7593 time 3796.5 unbinding_event at DNA_topoI 42 enzyme topoI with twist -64.33152 superhelical -0.03199 global twist -107.71175 global supercoiling -0.03132
frame 7620 time 3810.0 binding_event at gene mKalama1 enzyme RNAP with twist -157.68170 superhelical -0.06884 global twist -103.82216 global supercoiling -0.02957
frame 7628 time 3814.0 unbinding_event at gene tetA enzyme RNAP with twist -91.19058 superhelical -0.09109 global twist -103.82216 global supercoiling -0.02973
frame 7641 time 3820.5 binding_event at gene tetA enzyme RNAP with twist -134.27528 superhelical -0.04143 global twist -103.82216 global supercoiling -0.02957
frame 7644 time 3822.0 binding_event at DNA_gyrase 21 enzyme gyrase with twist -64.04789 superhelical -0.03678 global twist -103.82216 global supercoiling -0.02973
frame 7644 time 3822.0 unbinding_event at DNA_gyrase 21 enzyme gyrase with twist -63.15029 superhelical -0.03724 global twist -103.82216 global supercoiling -0.02973
frame 7647 time 3823.5 unbinding_event at gene mKalama1 enzyme RNAP with twist -54.13583 superhelical 0.38385 global twist -106.51495 global supercoiling -0.03050
frame 7681 time 3840.5 unbinding_event at gene tetA enzyme RNAP with twist -106.51495 superhelical -0.07186 global twist -106.51495 global supercoiling -0.03033
frame 7683 time 3841.5 binding_event at DNA_topoI 17 enzyme topoI with twist -106.51495 superhelical -0.03017 global twist -106.51495 global supercoiling -0.03017
frame 7697 time 3848.5 binding_event at DNA_gyrase 21 enzyme gyrase with twist 10.19949 superhelical 0.01845 global twist -52.06068 global supercoiling -0.01505
frame 7701 time 3850.5 unbinding_event at DNA_topoI 17 enzyme topoI with twist -44.97726 superhelical -0.01808 global twist -47.27349 global supercoiling -0.01396
frame 7704 time 3852.0 unbinding_event at DNA_gyrase 21 enzyme gyrase with twist -54.15507 superhelical -0.01535 global twist -51.46228 global supercoiling -0.01488
frame 7736 time 3868.0 binding_event at gene tetA enzyme RNAP with twist -54.15507 superhelical -0.01534 global twist -54.15507 global supercoiling -0.01534
frame 7752 time 3876.0 binding_event at DNA_gyrase 9 enzyme gyrase with twist 29.75962 superhelical 0.01973 global twist -54.15507 global supercoiling -0.01542
frame 7754 time 3877.0 unbinding_event at DNA_gyrase 9 enzyme gyrase with twist 32.45242 superhelical 0.05151 global twist -59.54066 global supercoiling -0.01731
frame 7776 time 3888.0 unbinding_event at gene tetA enzyme RNAP with twist -62.23345 superhelical -0.07082 global twist -62.23345 global supercoiling -0.01772
frame 7799 time 3899.5 binding_event at DNA_gyrase 1 enzyme gyrase with twist -62.23345 superhelical -0.01763 global twist -62.23345 global supercoiling -0.01763
frame 7803 time 3901.5 unbinding_event at DNA_gyrase 1 enzyme gyrase with twist -75.69742 superhelical -0.02182 global twist -73.00463 global supercoiling -0.02111
frame 7808 time 3904.0 binding_event at gene tetA enzyme RNAP with twist -75.69742 superhelical -0.02144 global twist -75.69742 global supercoiling -0.02144
frame 7811 time 3905.5 binding_event at gene tetA enzyme RNAP with twist -47.76848 superhelical -0.02699 global twist -75.69742 global supercoiling -0.02156
frame 7835 time 3917.5 binding_event at DNA_topoI 42 enzyme topoI with twist -132.99100 superhelical -0.06194 global twist -75.69742 global supercoiling -0.02168
frame 7847 time 3923.5 unbinding_event at DNA_topoI 42 enzyme topoI with twist -129.10141 superhelical -0.04132 global twist -29.02233 global supercoiling -0.00848
frame 7848 time 3924.0 unbinding_event at gene tetA enzyme RNAP with twist 107.55906 superhelical -0.02728 global twist -25.13274 global supercoiling -0.00720
frame 7851 time 3925.5 unbinding_event at gene tetA enzyme RNAP with twist -25.13274 superhelical -0.05850 global twist -25.13274 global supercoiling -0.00716
frame 7883 time 3941.5 binding_event at DNA_gyrase 36 enzyme gyrase with twist -25.13274 superhelical -0.00712 global twist -25.13274 global supercoiling -0.00712
frame 7884 time 3942.0 unbinding_event at DNA_gyrase 36 enzyme gyrase with twist -30.51833 superhelical -0.01123 global twist -27.82553 global supercoiling -0.00804
frame 7898 time 3949.0 binding_event at DNA_gyrase 42 enzyme gyrase with twist -30.51833 superhelical -0.00864 global twist -30.51833 global supercoiling -0.00864
frame 7899 time 3949.5 unbinding_event at DNA_gyrase 42 enzyme gyrase with twist -35.90392 superhelical -0.01125 global twist -33.21112 global supercoiling -0.00960
frame 7980 time 3990.0 binding_event at DNA_gyrase 39 enzyme gyrase with twist -35.90392 superhelical -0.01017 global twist -35.90392 global supercoiling -0.01017
frame 7981 time 3990.5 unbinding_event at DNA_gyrase 39 enzyme gyrase with twist -41.28950 superhelical -0.01339 global twist -38.59671 global supercoiling -0.01116
