TORCphysics log file 

General information: 
---------------------------------------------------------------------------------------
Circuit name: Pleu500_36
Size: 6000
Structure: circle
Number of sites: 110
Number of frames: 8000
Simulation time: 4000.0
Simulation timestep: 0.5
Seed: 7083328146347347814
 
Overall simulation information 
---------------------------------------------------------------------------------------
Initial twist: -211.83310
Final twist: -65.52465
Initial superhelical density: -0.06000
Final superhelical density: -0.01856
 
Overall rates 
---------------------------------------------------------------------------------------
site type            site name            #binding events      #unbinding events    binding rates        
 DNA_topoI            DNA_topoI_global                     64.0                 64.0                 0.016 
DNA_gyrase           DNA_gyrase_global                    57.0                 57.0               0.01425 
EXT                  EXT                                   0.0                  0.0                   0.0 
gene                 tetA                                 57.0                 57.0               0.01425 
gene                 CDS                                   0.0                  0.0                   0.0 
origin               ori                                   0.0                  0.0                   0.0 
lacOP                lac1                                  0.0                  0.0                   0.0 
gene                 mKalama1                              6.0                  6.0                0.0015 
lacOP                lac2                                  0.0                  0.0                   0.0 
gene                 Raspberry                             4.0                  4.0                 0.001 
 
Events
---------------------------------------------------------------------------------------
frame 24 time 12.0 binding_event at DNA_topoI 14 enzyme topoI with twist -211.83310 superhelical -0.06000 global twist -211.83310 global supercoiling -0.06000
frame 26 time 13.0 unbinding_event at DNA_topoI 14 enzyme topoI with twist -200.16433 superhelical -0.05908 global twist -204.05392 global supercoiling -0.05900
frame 49 time 24.5 binding_event at DNA_topoI 9 enzyme topoI with twist -200.16433 superhelical -0.05669 global twist -200.16433 global supercoiling -0.05669
frame 49 time 24.5 unbinding_event at DNA_topoI 9 enzyme topoI with twist -196.27474 superhelical -0.05704 global twist -200.16433 global supercoiling -0.05669
frame 104 time 52.0 binding_event at gene tetA enzyme RNAP with twist -196.27474 superhelical -0.05559 global twist -196.27474 global supercoiling -0.05559
frame 116 time 58.0 binding_event at DNA_topoI 41 enzyme topoI with twist -139.01448 superhelical -0.07197 global twist -196.27474 global supercoiling -0.05590
frame 117 time 58.5 unbinding_event at DNA_topoI 41 enzyme topoI with twist -138.41608 superhelical -0.07100 global twist -192.38515 global supercoiling -0.05593
frame 144 time 72.0 unbinding_event at gene tetA enzyme RNAP with twist -188.49556 superhelical -0.09598 global twist -188.49556 global supercoiling -0.05368
frame 233 time 116.5 binding_event at gene tetA enzyme RNAP with twist -188.49556 superhelical -0.05339 global twist -188.49556 global supercoiling -0.05339
frame 273 time 136.5 unbinding_event at gene tetA enzyme RNAP with twist -188.49556 superhelical -0.09760 global twist -188.49556 global supercoiling -0.05368
frame 292 time 146.0 binding_event at DNA_gyrase 25 enzyme gyrase with twist -188.49556 superhelical -0.05339 global twist -188.49556 global supercoiling -0.05339
frame 295 time 147.5 unbinding_event at DNA_gyrase 25 enzyme gyrase with twist -199.26673 superhelical -0.05538 global twist -196.57394 global supercoiling -0.05683
frame 300 time 150.0 binding_event at DNA_topoI 11 enzyme topoI with twist -199.26673 superhelical -0.05644 global twist -199.26673 global supercoiling -0.05644
frame 300 time 150.0 unbinding_event at DNA_topoI 11 enzyme topoI with twist -195.37714 superhelical -0.05683 global twist -199.26673 global supercoiling -0.05644
frame 334 time 167.0 binding_event at DNA_gyrase 25 enzyme gyrase with twist -195.37714 superhelical -0.05534 global twist -195.37714 global supercoiling -0.05534
frame 334 time 167.0 unbinding_event at DNA_gyrase 25 enzyme gyrase with twist -198.06994 superhelical -0.05618 global twist -195.37714 global supercoiling -0.05534
frame 357 time 178.5 binding_event at DNA_topoI 29 enzyme topoI with twist -198.06994 superhelical -0.05610 global twist -198.06994 global supercoiling -0.05610
frame 363 time 181.5 unbinding_event at DNA_topoI 29 enzyme topoI with twist -170.84280 superhelical 0.01959 global twist -174.73239 global supercoiling -0.05052
frame 376 time 188.0 binding_event at DNA_topoI 1 enzyme topoI with twist -170.84280 superhelical -0.04839 global twist -170.84280 global supercoiling -0.04839
frame 376 time 188.0 unbinding_event at DNA_topoI 1 enzyme topoI with twist -166.95321 superhelical -0.04829 global twist -170.84280 global supercoiling -0.04839
frame 486 time 243.0 binding_event at DNA_topoI 4 enzyme topoI with twist -166.95321 superhelical -0.04729 global twist -166.95321 global supercoiling -0.04729
frame 497 time 248.5 unbinding_event at DNA_topoI 4 enzyme topoI with twist -120.27812 superhelical -0.03644 global twist -124.16771 global supercoiling -0.03590
frame 525 time 262.5 binding_event at DNA_topoI 18 enzyme topoI with twist -120.27812 superhelical -0.03407 global twist -120.27812 global supercoiling -0.03407
frame 529 time 264.5 unbinding_event at DNA_topoI 18 enzyme topoI with twist -100.83016 superhelical -0.03151 global twist -104.71976 global supercoiling -0.03028
frame 547 time 273.5 binding_event at gene tetA enzyme RNAP with twist -100.83016 superhelical -0.02856 global twist -100.83016 global supercoiling -0.02856
frame 549 time 274.5 binding_event at DNA_gyrase 32 enzyme gyrase with twist -56.46178 superhelical -0.03223 global twist -100.83016 global supercoiling -0.02872
frame 553 time 276.5 binding_event at gene tetA enzyme RNAP with twist -63.01844 superhelical -0.04635 global twist -111.60134 global supercoiling -0.03245
frame 556 time 278.0 binding_event at gene mKalama1 enzyme RNAP with twist -73.66508 superhelical -0.05642 global twist -119.67972 global supercoiling -0.03499
frame 562 time 281.0 binding_event at DNA_gyrase 10 enzyme gyrase with twist 2.30671 superhelical 0.00151 global twist -135.83648 global supercoiling -0.03994
frame 565 time 282.5 binding_event at DNA_topoI 34 enzyme topoI with twist -127.80771 superhelical -0.08959 global twist -151.99324 global supercoiling -0.04565
frame 566 time 283.0 unbinding_event at DNA_gyrase 10 enzyme gyrase with twist 6.79470 superhelical 0.03838 global twist -153.48924 global supercoiling -0.04712
frame 567 time 283.5 unbinding_event at DNA_gyrase 32 enzyme gyrase with twist -22.32853 superhelical -0.09877 global twist -154.98524 global supercoiling -0.04655
frame 567 time 283.5 unbinding_event at DNA_topoI 34 enzyme topoI with twist -137.68128 superhelical -0.09265 global twist -154.98524 global supercoiling -0.04655
frame 583 time 291.5 unbinding_event at gene mKalama1 enzyme RNAP with twist -217.45608 superhelical 0.24250 global twist -153.78844 global supercoiling -0.04428
frame 587 time 293.5 unbinding_event at gene tetA enzyme RNAP with twist 78.02921 superhelical -0.04701 global twist -153.78844 global supercoiling -0.04404
frame 588 time 294.0 binding_event at gene mKalama1 enzyme RNAP with twist -231.81765 superhelical -0.09888 global twist -153.78844 global supercoiling -0.04380
frame 593 time 296.5 unbinding_event at gene tetA enzyme RNAP with twist -110.78455 superhelical -0.11110 global twist -153.78844 global supercoiling -0.04404
frame 610 time 305.0 binding_event at DNA_topoI 38 enzyme topoI with twist -168.23081 superhelical -0.05162 global twist -153.78844 global supercoiling -0.04380
frame 611 time 305.5 unbinding_event at DNA_topoI 38 enzyme topoI with twist -167.63242 superhelical -0.05516 global twist -149.89885 global supercoiling -0.04358
frame 615 time 307.5 unbinding_event at gene mKalama1 enzyme RNAP with twist -146.00926 superhelical 0.24849 global twist -146.00926 global supercoiling -0.04158
frame 732 time 366.0 binding_event at DNA_gyrase 6 enzyme gyrase with twist -146.00926 superhelical -0.04136 global twist -146.00926 global supercoiling -0.04136
frame 743 time 371.5 unbinding_event at DNA_gyrase 6 enzyme gyrase with twist -178.32278 superhelical -0.04985 global twist -175.62999 global supercoiling -0.05078
frame 785 time 392.5 binding_event at DNA_topoI 26 enzyme topoI with twist -178.32278 superhelical -0.05051 global twist -178.32278 global supercoiling -0.05051
frame 787 time 393.5 unbinding_event at DNA_topoI 26 enzyme topoI with twist -166.65401 superhelical 0.10190 global twist -170.54360 global supercoiling -0.04931
frame 842 time 421.0 binding_event at gene tetA enzyme RNAP with twist -166.65401 superhelical -0.04720 global twist -166.65401 global supercoiling -0.04720
frame 870 time 435.0 binding_event at DNA_topoI 46 enzyme topoI with twist -181.98354 superhelical -0.08202 global twist -166.65401 global supercoiling -0.04746
frame 874 time 437.0 unbinding_event at DNA_topoI 46 enzyme topoI with twist -180.48754 superhelical -0.07780 global twist -151.09565 global supercoiling -0.04393
frame 882 time 441.0 unbinding_event at gene tetA enzyme RNAP with twist -147.20606 superhelical -0.08531 global twist -147.20606 global supercoiling -0.04192
frame 1022 time 511.0 binding_event at DNA_gyrase 18 enzyme gyrase with twist -147.20606 superhelical -0.04169 global twist -147.20606 global supercoiling -0.04169
frame 1026 time 513.0 unbinding_event at DNA_gyrase 18 enzyme gyrase with twist -160.67002 superhelical -0.04482 global twist -157.97723 global supercoiling -0.04567
frame 1065 time 532.5 binding_event at DNA_gyrase 35 enzyme gyrase with twist -160.67002 superhelical -0.04551 global twist -160.67002 global supercoiling -0.04551
frame 1065 time 532.5 unbinding_event at DNA_gyrase 35 enzyme gyrase with twist -163.36282 superhelical -0.04867 global twist -160.67002 global supercoiling -0.04551
frame 1279 time 639.5 binding_event at DNA_topoI 6 enzyme topoI with twist -163.36282 superhelical -0.04627 global twist -163.36282 global supercoiling -0.04627
frame 1280 time 640.0 unbinding_event at DNA_topoI 6 enzyme topoI with twist -155.58364 superhelical -0.04539 global twist -159.47323 global supercoiling -0.04611
frame 1351 time 675.5 binding_event at DNA_topoI 45 enzyme topoI with twist -155.58364 superhelical -0.04407 global twist -155.58364 global supercoiling -0.04407
frame 1351 time 675.5 unbinding_event at DNA_topoI 45 enzyme topoI with twist -151.69405 superhelical -0.04352 global twist -155.58364 global supercoiling -0.04407
frame 1388 time 694.0 binding_event at gene tetA enzyme RNAP with twist -151.69405 superhelical -0.04297 global twist -151.69405 global supercoiling -0.04297
frame 1399 time 699.5 binding_event at DNA_topoI 42 enzyme topoI with twist -113.63516 superhelical -0.05938 global twist -151.69405 global supercoiling -0.04320
frame 1399 time 699.5 unbinding_event at DNA_topoI 42 enzyme topoI with twist -113.33596 superhelical -0.05994 global twist -151.69405 global supercoiling -0.04320
frame 1410 time 705.0 binding_event at DNA_topoI 29 enzyme topoI with twist -149.23988 superhelical -0.07069 global twist -147.80445 global supercoiling -0.04209
frame 1421 time 710.5 unbinding_event at DNA_topoI 29 enzyme topoI with twist -145.64949 superhelical 0.05858 global twist -105.01895 global supercoiling -0.03053
frame 1428 time 714.0 unbinding_event at gene tetA enzyme RNAP with twist -101.12936 superhelical -0.06964 global twist -101.12936 global supercoiling -0.02880
frame 1435 time 717.5 binding_event at DNA_topoI 25 enzyme topoI with twist -101.12936 superhelical -0.02864 global twist -101.12936 global supercoiling -0.02864
frame 1435 time 717.5 unbinding_event at DNA_topoI 25 enzyme topoI with twist -97.23977 superhelical -0.02832 global twist -101.12936 global supercoiling -0.02864
frame 1437 time 718.5 binding_event at DNA_topoI 11 enzyme topoI with twist -97.23977 superhelical -0.02754 global twist -97.23977 global supercoiling -0.02754
frame 1437 time 718.5 unbinding_event at DNA_topoI 11 enzyme topoI with twist -93.35018 superhelical -0.02733 global twist -97.23977 global supercoiling -0.02754
frame 1469 time 734.5 binding_event at DNA_gyrase 11 enzyme gyrase with twist -93.35018 superhelical -0.02644 global twist -93.35018 global supercoiling -0.02644
frame 1469 time 734.5 unbinding_event at DNA_gyrase 11 enzyme gyrase with twist -96.04298 superhelical -0.02753 global twist -93.35018 global supercoiling -0.02644
frame 1560 time 780.0 binding_event at DNA_gyrase 35 enzyme gyrase with twist -96.04298 superhelical -0.02720 global twist -96.04298 global supercoiling -0.02720
frame 1566 time 783.0 unbinding_event at DNA_gyrase 35 enzyme gyrase with twist -114.89253 superhelical -0.04327 global twist -112.19974 global supercoiling -0.03244
frame 1587 time 793.5 binding_event at DNA_gyrase 47 enzyme gyrase with twist -114.89253 superhelical -0.03254 global twist -114.89253 global supercoiling -0.03254
frame 1587 time 793.5 unbinding_event at DNA_gyrase 47 enzyme gyrase with twist -117.58533 superhelical -0.03413 global twist -114.89253 global supercoiling -0.03254
frame 1690 time 845.0 binding_event at gene tetA enzyme RNAP with twist -117.58533 superhelical -0.03331 global twist -117.58533 global supercoiling -0.03331
frame 1730 time 865.0 unbinding_event at gene tetA enzyme RNAP with twist -117.58533 superhelical -0.08347 global twist -117.58533 global supercoiling -0.03349
frame 1746 time 873.0 binding_event at gene tetA enzyme RNAP with twist -117.58533 superhelical -0.03331 global twist -117.58533 global supercoiling -0.03331
frame 1747 time 873.5 binding_event at gene tetA enzyme RNAP with twist -61.06052 superhelical -0.03521 global twist -117.58533 global supercoiling -0.03349
frame 1761 time 880.5 binding_event at DNA_gyrase 20 enzyme gyrase with twist -6.25932 superhelical -0.00410 global twist -117.58533 global supercoiling -0.03367
frame 1761 time 880.5 unbinding_event at DNA_gyrase 20 enzyme gyrase with twist -5.36172 superhelical -0.00233 global twist -117.58533 global supercoiling -0.03367
frame 1776 time 888.0 binding_event at DNA_topoI 1 enzyme topoI with twist -165.13933 superhelical -0.07383 global twist -120.27812 global supercoiling -0.03444
frame 1776 time 888.0 unbinding_event at DNA_topoI 1 enzyme topoI with twist -164.84013 superhelical -0.07517 global twist -120.27812 global supercoiling -0.03444
frame 1781 time 890.5 binding_event at DNA_topoI 42 enzyme topoI with twist -179.20169 superhelical -0.07702 global twist -116.38853 global supercoiling -0.03333
frame 1786 time 893.0 unbinding_event at gene tetA enzyme RNAP with twist 84.35551 superhelical -0.03555 global twist -96.94057 global supercoiling -0.02834
frame 1786 time 893.0 unbinding_event at DNA_topoI 42 enzyme topoI with twist -177.40650 superhelical -0.06897 global twist -96.94057 global supercoiling -0.02834
frame 1787 time 893.5 unbinding_event at gene tetA enzyme RNAP with twist -93.05098 superhelical -0.07381 global twist -93.05098 global supercoiling -0.02650
frame 1797 time 898.5 binding_event at DNA_topoI 38 enzyme topoI with twist -93.05098 superhelical -0.02636 global twist -93.05098 global supercoiling -0.02636
frame 1798 time 899.0 binding_event at DNA_topoI 6 enzyme topoI with twist -68.95426 superhelical -0.02617 global twist -89.16139 global supercoiling -0.02578
frame 1798 time 899.0 unbinding_event at DNA_topoI 38 enzyme topoI with twist -47.20811 superhelical -0.02218 global twist -89.16139 global supercoiling -0.02578
frame 1802 time 901.0 unbinding_event at DNA_topoI 6 enzyme topoI with twist -65.82385 superhelical -0.01863 global twist -69.71344 global supercoiling -0.02016
frame 1830 time 915.0 binding_event at gene Raspberry enzyme RNAP with twist -65.82385 superhelical -0.01864 global twist -65.82385 global supercoiling -0.01864
frame 1831 time 915.5 binding_event at gene tetA enzyme RNAP with twist -47.94246 superhelical -0.01755 global twist -65.82385 global supercoiling -0.01875
frame 1834 time 917.0 binding_event at gene tetA enzyme RNAP with twist -16.20650 superhelical -0.01768 global twist -65.82385 global supercoiling -0.01885
frame 1843 time 921.5 binding_event at DNA_gyrase 14 enzyme gyrase with twist 11.34874 superhelical 0.00718 global twist -65.82385 global supercoiling -0.01895
frame 1844 time 922.0 unbinding_event at DNA_gyrase 14 enzyme gyrase with twist 13.14394 superhelical 0.01429 global twist -68.51664 global supercoiling -0.02014
frame 1857 time 928.5 unbinding_event at gene Raspberry enzyme RNAP with twist -130.40181 superhelical -0.09077 global twist -71.20943 global supercoiling -0.02050
frame 1871 time 935.5 unbinding_event at gene tetA enzyme RNAP with twist 109.45786 superhelical -0.01806 global twist -71.20943 global supercoiling -0.02039
frame 1874 time 937.0 unbinding_event at gene tetA enzyme RNAP with twist -71.20943 superhelical -0.07807 global twist -71.20943 global supercoiling -0.02028
frame 2039 time 1019.5 binding_event at DNA_topoI 11 enzyme topoI with twist -71.20943 superhelical -0.02017 global twist -71.20943 global supercoiling -0.02017
frame 2041 time 1020.5 unbinding_event at DNA_topoI 11 enzyme topoI with twist -59.54066 superhelical -0.01823 global twist -63.43025 global supercoiling -0.01834
frame 2064 time 1032.0 binding_event at gene tetA enzyme RNAP with twist -59.54066 superhelical -0.01686 global twist -59.54066 global supercoiling -0.01686
frame 2075 time 1037.5 binding_event at gene tetA enzyme RNAP with twist -68.59496 superhelical -0.03584 global twist -59.54066 global supercoiling -0.01696
frame 2104 time 1052.0 unbinding_event at gene tetA enzyme RNAP with twist 110.30954 superhelical -0.03621 global twist -59.54066 global supercoiling -0.01705
frame 2115 time 1057.5 unbinding_event at gene tetA enzyme RNAP with twist -59.54066 superhelical -0.08537 global twist -59.54066 global supercoiling -0.01696
frame 2162 time 1081.0 binding_event at gene tetA enzyme RNAP with twist -59.54066 superhelical -0.01686 global twist -59.54066 global supercoiling -0.01686
frame 2169 time 1084.5 binding_event at gene tetA enzyme RNAP with twist -54.23339 superhelical -0.02944 global twist -59.54066 global supercoiling -0.01696
frame 2188 time 1094.0 binding_event at DNA_gyrase 17 enzyme gyrase with twist 62.91017 superhelical 0.04736 global twist -59.54066 global supercoiling -0.01705
frame 2188 time 1094.0 unbinding_event at DNA_gyrase 17 enzyme gyrase with twist 63.80777 superhelical 0.05465 global twist -59.54066 global supercoiling -0.01705
frame 2202 time 1101.0 unbinding_event at gene tetA enzyme RNAP with twist 110.90400 superhelical -0.02975 global twist -62.23345 global supercoiling -0.01782
frame 2209 time 1104.5 unbinding_event at gene tetA enzyme RNAP with twist -62.23345 superhelical -0.08085 global twist -62.23345 global supercoiling -0.01772
frame 2314 time 1157.0 binding_event at DNA_gyrase 16 enzyme gyrase with twist -62.23345 superhelical -0.01763 global twist -62.23345 global supercoiling -0.01763
frame 2321 time 1160.5 unbinding_event at DNA_gyrase 16 enzyme gyrase with twist -83.77580 superhelical -0.02179 global twist -81.08301 global supercoiling -0.02344
frame 2324 time 1162.0 binding_event at gene tetA enzyme RNAP with twist -83.77580 superhelical -0.02373 global twist -83.77580 global supercoiling -0.02373
frame 2328 time 1164.0 binding_event at DNA_topoI 38 enzyme topoI with twist -55.30720 superhelical -0.03093 global twist -83.77580 global supercoiling -0.02386
frame 2328 time 1164.0 unbinding_event at DNA_topoI 38 enzyme topoI with twist -55.00801 superhelical -0.02986 global twist -83.77580 global supercoiling -0.02386
frame 2330 time 1165.0 binding_event at DNA_topoI 37 enzyme topoI with twist -58.59840 superhelical -0.03213 global twist -79.88621 global supercoiling -0.02275
frame 2334 time 1167.0 unbinding_event at DNA_topoI 37 enzyme topoI with twist -57.10240 superhelical -0.02051 global twist -64.32785 global supercoiling -0.01870
frame 2364 time 1182.0 unbinding_event at gene tetA enzyme RNAP with twist -60.43826 superhelical -0.06721 global twist -60.43826 global supercoiling -0.01721
frame 2370 time 1185.0 binding_event at DNA_gyrase 45 enzyme gyrase with twist -60.43826 superhelical -0.01712 global twist -60.43826 global supercoiling -0.01712
frame 2376 time 1188.0 unbinding_event at DNA_gyrase 45 enzyme gyrase with twist -79.28781 superhelical -0.02458 global twist -76.59502 global supercoiling -0.02215
frame 2381 time 1190.5 binding_event at DNA_gyrase 48 enzyme gyrase with twist -79.28781 superhelical -0.02246 global twist -79.28781 global supercoiling -0.02246
frame 2381 time 1190.5 unbinding_event at DNA_gyrase 48 enzyme gyrase with twist -81.98061 superhelical -0.02380 global twist -79.28781 global supercoiling -0.02246
frame 2423 time 1211.5 binding_event at DNA_gyrase 48 enzyme gyrase with twist -81.98061 superhelical -0.02322 global twist -81.98061 global supercoiling -0.02322
frame 2425 time 1212.5 unbinding_event at DNA_gyrase 48 enzyme gyrase with twist -90.05899 superhelical -0.02632 global twist -87.36620 global supercoiling -0.02526
frame 2485 time 1242.5 binding_event at DNA_gyrase 20 enzyme gyrase with twist -90.05899 superhelical -0.02551 global twist -90.05899 global supercoiling -0.02551
frame 2493 time 1246.5 unbinding_event at DNA_gyrase 20 enzyme gyrase with twist -114.29413 superhelical -0.02992 global twist -111.60134 global supercoiling -0.03227
frame 2499 time 1249.5 binding_event at DNA_topoI 23 enzyme topoI with twist -114.29413 superhelical -0.03237 global twist -114.29413 global supercoiling -0.03237
frame 2504 time 1252.0 unbinding_event at DNA_topoI 23 enzyme topoI with twist -90.95659 superhelical -0.02955 global twist -94.84618 global supercoiling -0.02742
frame 2539 time 1269.5 binding_event at gene tetA enzyme RNAP with twist -90.95659 superhelical -0.02576 global twist -90.95659 global supercoiling -0.02576
frame 2554 time 1277.0 binding_event at gene tetA enzyme RNAP with twist -98.31114 superhelical -0.04951 global twist -90.95659 global supercoiling -0.02590
frame 2579 time 1289.5 unbinding_event at gene tetA enzyme RNAP with twist 88.19893 superhelical -0.05000 global twist -90.95659 global supercoiling -0.02605
frame 2594 time 1297.0 unbinding_event at gene tetA enzyme RNAP with twist -90.95659 superhelical -0.09502 global twist -90.95659 global supercoiling -0.02590
frame 2640 time 1320.0 binding_event at gene tetA enzyme RNAP with twist -90.95659 superhelical -0.02576 global twist -90.95659 global supercoiling -0.02576
frame 2658 time 1329.0 binding_event at DNA_topoI 41 enzyme topoI with twist -109.08231 superhelical -0.05349 global twist -90.95659 global supercoiling -0.02590
frame 2663 time 1331.5 binding_event at DNA_gyrase 5 enzyme gyrase with twist -59.71696 superhelical -0.05863 global twist -71.50863 global supercoiling -0.02079
frame 2667 time 1333.5 unbinding_event at DNA_topoI 41 enzyme topoI with twist -94.03990 superhelical -0.03672 global twist -66.72144 global supercoiling -0.01981
frame 2673 time 1336.5 unbinding_event at DNA_gyrase 5 enzyme gyrase with twist -157.25340 superhelical -0.04996 global twist -78.98862 global supercoiling -0.02296
frame 2678 time 1339.0 binding_event at DNA_gyrase 24 enzyme gyrase with twist 89.93356 superhelical 0.08080 global twist -81.68141 global supercoiling -0.02326
frame 2680 time 1340.0 unbinding_event at gene tetA enzyme RNAP with twist -90.06222 superhelical -0.07438 global twist -87.06700 global supercoiling -0.02531
frame 2682 time 1341.0 unbinding_event at DNA_gyrase 24 enzyme gyrase with twist -95.14538 superhelical -0.02721 global twist -92.45258 global supercoiling -0.02673
frame 2704 time 1352.0 binding_event at DNA_topoI 32 enzyme topoI with twist -95.14538 superhelical -0.02695 global twist -95.14538 global supercoiling -0.02695
frame 2713 time 1356.5 binding_event at gene tetA enzyme RNAP with twist -66.84371 superhelical -0.02180 global twist -60.13906 global supercoiling -0.01739
frame 2714 time 1357.0 unbinding_event at DNA_topoI 32 enzyme topoI with twist -20.15906 superhelical 0.02699 global twist -56.24947 global supercoiling -0.01635
frame 2753 time 1376.5 unbinding_event at gene tetA enzyme RNAP with twist -52.35988 superhelical -0.06532 global twist -52.35988 global supercoiling -0.01491
frame 2769 time 1384.5 binding_event at DNA_gyrase 16 enzyme gyrase with twist -52.35988 superhelical -0.01483 global twist -52.35988 global supercoiling -0.01483
frame 2770 time 1385.0 unbinding_event at DNA_gyrase 16 enzyme gyrase with twist -57.74546 superhelical -0.01609 global twist -55.05267 global supercoiling -0.01592
frame 3065 time 1532.5 binding_event at gene tetA enzyme RNAP with twist -57.74546 superhelical -0.01636 global twist -57.74546 global supercoiling -0.01636
frame 3088 time 1544.0 binding_event at gene tetA enzyme RNAP with twist -110.80225 superhelical -0.05204 global twist -57.74546 global supercoiling -0.01645
frame 3105 time 1552.5 unbinding_event at gene tetA enzyme RNAP with twist 97.00661 superhelical -0.05251 global twist -57.74546 global supercoiling -0.01654
frame 3114 time 1557.0 binding_event at gene tetA enzyme RNAP with twist -183.47521 superhelical -0.08405 global twist -57.74546 global supercoiling -0.01645
frame 3128 time 1564.0 unbinding_event at gene tetA enzyme RNAP with twist 141.63223 superhelical -0.08479 global twist -57.74546 global supercoiling -0.01654
frame 3154 time 1577.0 unbinding_event at gene tetA enzyme RNAP with twist -57.74546 superhelical -0.11937 global twist -57.74546 global supercoiling -0.01645
frame 3181 time 1590.5 binding_event at DNA_topoI 28 enzyme topoI with twist -57.74546 superhelical -0.01636 global twist -57.74546 global supercoiling -0.01636
frame 3184 time 1592.0 unbinding_event at DNA_topoI 28 enzyme topoI with twist -42.18710 superhelical 0.05717 global twist -46.07669 global supercoiling -0.01332
frame 3212 time 1606.0 binding_event at DNA_topoI 46 enzyme topoI with twist -42.18710 superhelical -0.01195 global twist -42.18710 global supercoiling -0.01195
frame 3218 time 1609.0 unbinding_event at DNA_topoI 46 enzyme topoI with twist -14.95997 superhelical -0.00246 global twist -18.84956 global supercoiling -0.00545
frame 3258 time 1629.0 binding_event at gene mKalama1 enzyme RNAP with twist -14.95997 superhelical -0.00424 global twist -14.95997 global supercoiling -0.00424
frame 3285 time 1642.5 unbinding_event at gene mKalama1 enzyme RNAP with twist -14.95997 superhelical 0.67517 global twist -14.95997 global supercoiling -0.00426
frame 3312 time 1656.0 binding_event at DNA_gyrase 31 enzyme gyrase with twist -14.95997 superhelical -0.00424 global twist -14.95997 global supercoiling -0.00424
frame 3312 time 1656.0 unbinding_event at DNA_gyrase 31 enzyme gyrase with twist -17.65276 superhelical -0.00852 global twist -14.95997 global supercoiling -0.00424
frame 3328 time 1664.0 binding_event at gene tetA enzyme RNAP with twist -17.65276 superhelical -0.00500 global twist -17.65276 global supercoiling -0.00500
frame 3354 time 1677.0 binding_event at gene tetA enzyme RNAP with twist -101.97801 superhelical -0.04672 global twist -17.65276 global supercoiling -0.00503
frame 3368 time 1684.0 unbinding_event at gene tetA enzyme RNAP with twist 117.08612 superhelical -0.04713 global twist -17.65276 global supercoiling -0.00505
frame 3377 time 1688.5 binding_event at gene tetA enzyme RNAP with twist -163.46201 superhelical -0.07678 global twist -17.65276 global supercoiling -0.00503
frame 3383 time 1691.5 binding_event at DNA_topoI 33 enzyme topoI with twist -154.50011 superhelical -0.08471 global twist -17.65276 global supercoiling -0.00505
frame 3383 time 1691.5 unbinding_event at DNA_topoI 33 enzyme topoI with twist -154.20091 superhelical -0.08399 global twist -17.65276 global supercoiling -0.00505
frame 3394 time 1697.0 unbinding_event at gene tetA enzyme RNAP with twist 179.93205 superhelical -0.07747 global twist -13.76317 global supercoiling -0.00394
frame 3400 time 1700.0 binding_event at gene tetA enzyme RNAP with twist -211.64717 superhelical -0.09941 global twist -13.76317 global supercoiling -0.00392
frame 3401 time 1700.5 binding_event at DNA_topoI 40 enzyme topoI with twist -175.74130 superhelical -0.10134 global twist -13.76317 global supercoiling -0.00394
frame 3401 time 1700.5 unbinding_event at DNA_topoI 40 enzyme topoI with twist -175.44210 superhelical -0.10371 global twist -13.76317 global supercoiling -0.00394
frame 3409 time 1704.5 binding_event at gene mKalama1 enzyme RNAP with twist -200.57484 superhelical -0.10682 global twist -9.87358 global supercoiling -0.00283
frame 3417 time 1708.5 unbinding_event at gene tetA enzyme RNAP with twist 223.01479 superhelical -0.10031 global twist -9.87358 global supercoiling -0.00284
frame 3418 time 1709.0 binding_event at DNA_gyrase 19 enzyme gyrase with twist 223.01479 superhelical 0.15150 global twist -9.87358 global supercoiling -0.00283
frame 3418 time 1709.0 unbinding_event at DNA_gyrase 19 enzyme gyrase with twist 223.91238 superhelical 0.16451 global twist -9.87358 global supercoiling -0.00283
frame 3434 time 1717.0 binding_event at DNA_gyrase 29 enzyme gyrase with twist 19.88794 superhelical 0.10011 global twist -12.56637 global supercoiling -0.00360
frame 3436 time 1718.0 unbinding_event at gene mKalama1 enzyme RNAP with twist -313.13167 superhelical 0.11318 global twist -17.95196 global supercoiling -0.00525
frame 3438 time 1719.0 unbinding_event at DNA_gyrase 29 enzyme gyrase with twist -321.75055 superhelical -1.78305 global twist -23.33755 global supercoiling -0.00678
frame 3439 time 1719.5 binding_event at DNA_topoI 28 enzyme topoI with twist -321.75055 superhelical -0.13316 global twist -26.03034 global supercoiling -0.00741
frame 3440 time 1720.0 unbinding_event at gene tetA enzyme RNAP with twist -7.68743 superhelical -0.13652 global twist -22.14075 global supercoiling -0.00644
frame 3449 time 1724.5 unbinding_event at DNA_topoI 28 enzyme topoI with twist 16.75516 superhelical 0.06589 global twist 12.86557 global supercoiling 0.00372
frame 3542 time 1771.0 binding_event at DNA_gyrase 4 enzyme gyrase with twist 16.75516 superhelical 0.00475 global twist 16.75516 global supercoiling 0.00475
frame 3544 time 1772.0 unbinding_event at DNA_gyrase 4 enzyme gyrase with twist 8.67678 superhelical 0.00280 global twist 11.36957 global supercoiling 0.00329
frame 3574 time 1787.0 binding_event at gene Raspberry enzyme RNAP with twist 8.67678 superhelical 0.00246 global twist 8.67678 global supercoiling 0.00246
frame 3601 time 1800.5 unbinding_event at gene Raspberry enzyme RNAP with twist 8.67678 superhelical -0.07798 global twist 8.67678 global supercoiling 0.00247
frame 3620 time 1810.0 binding_event at gene tetA enzyme RNAP with twist 8.67678 superhelical 0.00246 global twist 8.67678 global supercoiling 0.00246
frame 3626 time 1813.0 binding_event at DNA_gyrase 44 enzyme gyrase with twist -17.30155 superhelical -0.00949 global twist 8.67678 global supercoiling 0.00247
frame 3634 time 1817.0 unbinding_event at DNA_gyrase 44 enzyme gyrase with twist -73.85022 superhelical -0.01954 global twist -12.86557 global supercoiling -0.00374
frame 3652 time 1826.0 binding_event at DNA_topoI 34 enzyme topoI with twist -134.88688 superhelical -0.05889 global twist -15.55836 global supercoiling -0.00443
frame 3654 time 1827.0 unbinding_event at DNA_topoI 34 enzyme topoI with twist -133.98928 superhelical -0.04991 global twist -7.77918 global supercoiling -0.00226
frame 3660 time 1830.0 unbinding_event at gene tetA enzyme RNAP with twist -3.88959 superhelical -0.06342 global twist -3.88959 global supercoiling -0.00111
frame 3685 time 1842.5 binding_event at DNA_gyrase 27 enzyme gyrase with twist -3.88959 superhelical -0.00110 global twist -3.88959 global supercoiling -0.00110
frame 3688 time 1844.0 unbinding_event at DNA_gyrase 27 enzyme gyrase with twist -14.66077 superhelical -0.16184 global twist -11.96797 global supercoiling -0.00346
frame 3777 time 1888.5 binding_event at DNA_gyrase 9 enzyme gyrase with twist -14.66077 superhelical -0.00415 global twist -14.66077 global supercoiling -0.00415
frame 3785 time 1892.5 unbinding_event at DNA_gyrase 9 enzyme gyrase with twist -38.89591 superhelical -0.00944 global twist -36.20312 global supercoiling -0.01047
frame 3886 time 1943.0 binding_event at DNA_gyrase 34 enzyme gyrase with twist -38.89591 superhelical -0.01102 global twist -38.89591 global supercoiling -0.01102
frame 3889 time 1944.5 unbinding_event at DNA_gyrase 34 enzyme gyrase with twist -49.66708 superhelical -0.02129 global twist -46.97429 global supercoiling -0.01358
frame 3956 time 1978.0 binding_event at DNA_topoI 24 enzyme topoI with twist -49.66708 superhelical -0.01407 global twist -49.66708 global supercoiling -0.01407
frame 3959 time 1979.5 unbinding_event at DNA_topoI 24 enzyme topoI with twist -34.10872 superhelical -0.01208 global twist -37.99831 global supercoiling -0.01099
frame 4080 time 2040.0 binding_event at DNA_gyrase 0 enzyme gyrase with twist -34.10872 superhelical -0.00966 global twist -34.10872 global supercoiling -0.00966
frame 4080 time 2040.0 unbinding_event at DNA_gyrase 0 enzyme gyrase with twist -36.80151 superhelical -0.01066 global twist -34.10872 global supercoiling -0.00966
frame 4221 time 2110.5 binding_event at gene tetA enzyme RNAP with twist -36.80151 superhelical -0.01042 global twist -36.80151 global supercoiling -0.01042
frame 4261 time 2130.5 unbinding_event at gene tetA enzyme RNAP with twist -36.80151 superhelical -0.06736 global twist -36.80151 global supercoiling -0.01048
frame 4289 time 2144.5 binding_event at DNA_gyrase 11 enzyme gyrase with twist -36.80151 superhelical -0.01042 global twist -36.80151 global supercoiling -0.01042
frame 4289 time 2144.5 unbinding_event at DNA_gyrase 11 enzyme gyrase with twist -39.49431 superhelical -0.01118 global twist -36.80151 global supercoiling -0.01042
frame 4314 time 2157.0 binding_event at DNA_topoI 38 enzyme topoI with twist -39.49431 superhelical -0.01119 global twist -39.49431 global supercoiling -0.01119
frame 4315 time 2157.5 unbinding_event at DNA_topoI 38 enzyme topoI with twist -31.71513 superhelical -0.00669 global twist -35.60472 global supercoiling -0.01029
frame 4471 time 2235.5 binding_event at gene tetA enzyme RNAP with twist -31.71513 superhelical -0.00898 global twist -31.71513 global supercoiling -0.00898
frame 4496 time 2248.0 binding_event at gene tetA enzyme RNAP with twist -105.26064 superhelical -0.04862 global twist -31.71513 global supercoiling -0.00903
frame 4511 time 2255.5 unbinding_event at gene tetA enzyme RNAP with twist 109.91617 superhelical -0.04905 global twist -31.71513 global supercoiling -0.00908
frame 4535 time 2267.5 binding_event at gene tetA enzyme RNAP with twist -224.21030 superhelical -0.09279 global twist -31.71513 global supercoiling -0.00903
frame 4536 time 2268.0 unbinding_event at gene tetA enzyme RNAP with twist 135.98367 superhelical -0.09353 global twist -31.71513 global supercoiling -0.00908
frame 4575 time 2287.5 unbinding_event at gene tetA enzyme RNAP with twist -31.71513 superhelical -0.12549 global twist -31.71513 global supercoiling -0.00903
frame 4684 time 2342.0 binding_event at gene Raspberry enzyme RNAP with twist -31.71513 superhelical -0.00898 global twist -31.71513 global supercoiling -0.00898
frame 4711 time 2355.5 unbinding_event at gene Raspberry enzyme RNAP with twist -31.71513 superhelical -0.08491 global twist -31.71513 global supercoiling -0.00903
frame 4813 time 2406.5 binding_event at DNA_gyrase 25 enzyme gyrase with twist -31.71513 superhelical -0.00898 global twist -31.71513 global supercoiling -0.00898
frame 4817 time 2408.5 unbinding_event at DNA_gyrase 25 enzyme gyrase with twist -45.17909 superhelical -0.01099 global twist -42.48630 global supercoiling -0.01228
frame 4866 time 2433.0 binding_event at DNA_gyrase 11 enzyme gyrase with twist -45.17909 superhelical -0.01280 global twist -45.17909 global supercoiling -0.01280
frame 4873 time 2436.5 binding_event at gene tetA enzyme RNAP with twist -41.75362 superhelical -0.01687 global twist -64.02865 global supercoiling -0.01851
frame 4873 time 2436.5 unbinding_event at DNA_gyrase 11 enzyme gyrase with twist -33.95235 superhelical -0.01432 global twist -64.02865 global supercoiling -0.01851
frame 4895 time 2447.5 binding_event at DNA_gyrase 21 enzyme gyrase with twist 41.44587 superhelical 0.02960 global twist -66.72144 global supercoiling -0.01900
frame 4910 time 2455.0 unbinding_event at DNA_gyrase 21 enzyme gyrase with twist 55.80744 superhelical 0.08905 global twist -107.11335 global supercoiling -0.03114
frame 4913 time 2456.5 unbinding_event at gene tetA enzyme RNAP with twist -109.80614 superhelical -0.07193 global twist -109.80614 global supercoiling -0.03127
frame 4936 time 2468.0 binding_event at gene tetA enzyme RNAP with twist -109.80614 superhelical -0.03110 global twist -109.80614 global supercoiling -0.03110
frame 4976 time 2488.0 unbinding_event at gene tetA enzyme RNAP with twist -109.80614 superhelical -0.08191 global twist -109.80614 global supercoiling -0.03127
frame 4997 time 2498.5 binding_event at gene tetA enzyme RNAP with twist -109.80614 superhelical -0.03110 global twist -109.80614 global supercoiling -0.03110
frame 5020 time 2510.0 binding_event at DNA_topoI 34 enzyme topoI with twist -136.24704 superhelical -0.06399 global twist -109.80614 global supercoiling -0.03127
frame 5023 time 2511.5 unbinding_event at DNA_topoI 34 enzyme topoI with twist -135.05024 superhelical -0.05172 global twist -98.13737 global supercoiling -0.02853
frame 5037 time 2518.5 unbinding_event at gene tetA enzyme RNAP with twist -94.24778 superhelical -0.07557 global twist -94.24778 global supercoiling -0.02684
frame 5091 time 2545.5 binding_event at DNA_gyrase 17 enzyme gyrase with twist -94.24778 superhelical -0.02669 global twist -94.24778 global supercoiling -0.02669
frame 5092 time 2546.0 unbinding_event at DNA_gyrase 17 enzyme gyrase with twist -99.63337 superhelical -0.02818 global twist -96.94057 global supercoiling -0.02803
frame 5121 time 2560.5 binding_event at gene tetA enzyme RNAP with twist -99.63337 superhelical -0.02822 global twist -99.63337 global supercoiling -0.02822
frame 5153 time 2576.5 binding_event at DNA_topoI 27 enzyme topoI with twist -163.58859 superhelical -0.07142 global twist -99.63337 global supercoiling -0.02837
frame 5160 time 2580.0 unbinding_event at DNA_topoI 27 enzyme topoI with twist -161.19500 superhelical 0.39056 global twist -72.40623 global supercoiling -0.02105
frame 5161 time 2580.5 unbinding_event at gene tetA enzyme RNAP with twist -68.51664 superhelical -0.06720 global twist -68.51664 global supercoiling -0.01951
frame 5166 time 2583.0 binding_event at DNA_gyrase 9 enzyme gyrase with twist -68.51664 superhelical -0.01941 global twist -68.51664 global supercoiling -0.01941
frame 5168 time 2584.0 unbinding_event at DNA_gyrase 9 enzyme gyrase with twist -76.59502 superhelical -0.02154 global twist -73.90223 global supercoiling -0.02137
frame 5292 time 2646.0 binding_event at DNA_gyrase 40 enzyme gyrase with twist -76.59502 superhelical -0.02169 global twist -76.59502 global supercoiling -0.02169
frame 5293 time 2646.5 unbinding_event at DNA_gyrase 40 enzyme gyrase with twist -81.98061 superhelical -0.02493 global twist -79.28781 global supercoiling -0.02292
frame 5315 time 2657.5 binding_event at DNA_topoI 19 enzyme topoI with twist -81.98061 superhelical -0.02322 global twist -81.98061 global supercoiling -0.02322
frame 5318 time 2659.0 unbinding_event at DNA_topoI 19 enzyme topoI with twist -66.42224 superhelical -0.02115 global twist -70.31184 global supercoiling -0.02033
frame 5338 time 2669.0 binding_event at gene tetA enzyme RNAP with twist -66.42224 superhelical -0.01881 global twist -66.42224 global supercoiling -0.01881
frame 5341 time 2670.5 binding_event at gene tetA enzyme RNAP with twist -43.23522 superhelical -0.02443 global twist -66.42224 global supercoiling -0.01892
frame 5378 time 2689.0 unbinding_event at gene tetA enzyme RNAP with twist 112.39083 superhelical -0.02469 global twist -66.42224 global supercoiling -0.01902
frame 5381 time 2690.5 unbinding_event at gene tetA enzyme RNAP with twist -66.42224 superhelical -0.07731 global twist -66.42224 global supercoiling -0.01892
frame 5385 time 2692.5 binding_event at DNA_topoI 40 enzyme topoI with twist -66.42224 superhelical -0.01881 global twist -66.42224 global supercoiling -0.01881
frame 5385 time 2692.5 unbinding_event at DNA_topoI 40 enzyme topoI with twist -62.53265 superhelical -0.01719 global twist -66.42224 global supercoiling -0.01881
frame 5396 time 2698.0 binding_event at DNA_gyrase 10 enzyme gyrase with twist -62.53265 superhelical -0.01771 global twist -62.53265 global supercoiling -0.01771
frame 5411 time 2705.5 unbinding_event at DNA_gyrase 10 enzyme gyrase with twist -105.61735 superhelical -0.02704 global twist -102.92456 global supercoiling -0.02976
frame 5430 time 2715.0 binding_event at gene tetA enzyme RNAP with twist -105.61735 superhelical -0.02992 global twist -105.61735 global supercoiling -0.02992
frame 5470 time 2735.0 unbinding_event at gene tetA enzyme RNAP with twist -105.61735 superhelical -0.08108 global twist -105.61735 global supercoiling -0.03008
frame 5509 time 2754.5 binding_event at gene tetA enzyme RNAP with twist -105.61735 superhelical -0.02992 global twist -105.61735 global supercoiling -0.02992
frame 5549 time 2774.5 unbinding_event at gene tetA enzyme RNAP with twist -105.61735 superhelical -0.08108 global twist -105.61735 global supercoiling -0.03008
frame 5579 time 2789.5 binding_event at DNA_topoI 46 enzyme topoI with twist -105.61735 superhelical -0.02992 global twist -105.61735 global supercoiling -0.02992
frame 5588 time 2794.0 binding_event at gene tetA enzyme RNAP with twist -45.42870 superhelical -0.02204 global twist -70.61103 global supercoiling -0.02042
frame 5589 time 2794.5 binding_event at DNA_gyrase 22 enzyme gyrase with twist -36.35278 superhelical -0.02045 global twist -66.72144 global supercoiling -0.01940
frame 5590 time 2795.0 unbinding_event at DNA_topoI 46 enzyme topoI with twist -29.77026 superhelical -0.01384 global twist -65.52465 global supercoiling -0.01946
frame 5593 time 2796.5 unbinding_event at DNA_gyrase 22 enzyme gyrase with twist -31.86479 superhelical -0.01477 global twist -69.71344 global supercoiling -0.02027
frame 5611 time 2805.5 binding_event at DNA_topoI 1 enzyme topoI with twist -101.57810 superhelical -0.04771 global twist -72.40623 global supercoiling -0.02062
frame 5613 time 2806.5 unbinding_event at DNA_topoI 1 enzyme topoI with twist -100.68050 superhelical -0.04605 global twist -64.62705 global supercoiling -0.01879
frame 5628 time 2814.0 unbinding_event at gene tetA enzyme RNAP with twist -60.73746 superhelical -0.06302 global twist -60.73746 global supercoiling -0.01730
frame 5644 time 2822.0 binding_event at DNA_topoI 24 enzyme topoI with twist -60.73746 superhelical -0.01720 global twist -60.73746 global supercoiling -0.01720
frame 5658 time 2829.0 unbinding_event at DNA_topoI 24 enzyme topoI with twist -2.39359 superhelical -0.00900 global twist -6.28319 global supercoiling -0.00182
frame 5670 time 2835.0 binding_event at DNA_gyrase 14 enzyme gyrase with twist -2.39359 superhelical -0.00068 global twist -2.39359 global supercoiling -0.00068
frame 5673 time 2836.5 unbinding_event at DNA_gyrase 14 enzyme gyrase with twist -13.16477 superhelical -0.00269 global twist -10.47198 global supercoiling -0.00303
frame 5706 time 2853.0 binding_event at DNA_gyrase 43 enzyme gyrase with twist -13.16477 superhelical -0.00373 global twist -13.16477 global supercoiling -0.00373
frame 5706 time 2853.0 unbinding_event at DNA_gyrase 43 enzyme gyrase with twist -15.85756 superhelical -0.00494 global twist -13.16477 global supercoiling -0.00373
frame 5742 time 2871.0 binding_event at DNA_gyrase 49 enzyme gyrase with twist -15.85756 superhelical -0.00449 global twist -15.85756 global supercoiling -0.00449
frame 5757 time 2878.5 unbinding_event at DNA_gyrase 49 enzyme gyrase with twist -58.94226 superhelical -0.01794 global twist -56.24947 global supercoiling -0.01626
frame 5811 time 2905.5 binding_event at DNA_gyrase 46 enzyme gyrase with twist -58.94226 superhelical -0.01669 global twist -58.94226 global supercoiling -0.01669
frame 5815 time 2907.5 unbinding_event at DNA_gyrase 46 enzyme gyrase with twist -72.40623 superhelical -0.02186 global twist -69.71344 global supercoiling -0.02016
frame 5884 time 2942.0 binding_event at gene tetA enzyme RNAP with twist -72.40623 superhelical -0.02051 global twist -72.40623 global supercoiling -0.02051
frame 5924 time 2962.0 unbinding_event at gene tetA enzyme RNAP with twist -72.40623 superhelical -0.07446 global twist -72.40623 global supercoiling -0.02062
frame 5938 time 2969.0 binding_event at DNA_gyrase 19 enzyme gyrase with twist -72.40623 superhelical -0.02051 global twist -72.40623 global supercoiling -0.02051
frame 5942 time 2971.0 binding_event at DNA_gyrase 8 enzyme gyrase with twist -69.22333 superhelical -0.02270 global twist -83.17741 global supercoiling -0.02405
frame 5942 time 2971.0 unbinding_event at DNA_gyrase 8 enzyme gyrase with twist -73.26252 superhelical -0.02384 global twist -83.17741 global supercoiling -0.02405
frame 5942 time 2971.0 unbinding_event at DNA_gyrase 19 enzyme gyrase with twist -88.56299 superhelical -0.02384 global twist -83.17741 global supercoiling -0.02405
frame 5948 time 2974.0 binding_event at DNA_topoI 42 enzyme topoI with twist -88.56299 superhelical -0.02508 global twist -88.56299 global supercoiling -0.02508
frame 5951 time 2975.5 unbinding_event at DNA_topoI 42 enzyme topoI with twist -73.00463 superhelical -0.01860 global twist -76.89422 global supercoiling -0.02223
frame 6078 time 3039.0 binding_event at DNA_gyrase 10 enzyme gyrase with twist -73.00463 superhelical -0.02068 global twist -73.00463 global supercoiling -0.02068
frame 6081 time 3040.5 unbinding_event at DNA_gyrase 10 enzyme gyrase with twist -83.77580 superhelical -0.02335 global twist -81.08301 global supercoiling -0.02344
frame 6154 time 3077.0 binding_event at gene tetA enzyme RNAP with twist -83.77580 superhelical -0.02373 global twist -83.77580 global supercoiling -0.02373
frame 6194 time 3097.0 unbinding_event at gene tetA enzyme RNAP with twist -83.77580 superhelical -0.07673 global twist -83.77580 global supercoiling -0.02386
frame 6370 time 3185.0 binding_event at DNA_gyrase 47 enzyme gyrase with twist -83.77580 superhelical -0.02373 global twist -83.77580 global supercoiling -0.02373
frame 6371 time 3185.5 unbinding_event at DNA_gyrase 47 enzyme gyrase with twist -89.16139 superhelical -0.02605 global twist -86.46860 global supercoiling -0.02500
frame 6427 time 3213.5 binding_event at DNA_topoI 8 enzyme topoI with twist -89.16139 superhelical -0.02525 global twist -89.16139 global supercoiling -0.02525
frame 6428 time 3214.0 unbinding_event at DNA_topoI 8 enzyme topoI with twist -81.38221 superhelical -0.02406 global twist -85.27180 global supercoiling -0.02465
frame 6459 time 3229.5 binding_event at DNA_gyrase 39 enzyme gyrase with twist -81.38221 superhelical -0.02305 global twist -81.38221 global supercoiling -0.02305
frame 6463 time 3231.5 unbinding_event at DNA_gyrase 39 enzyme gyrase with twist -94.84618 superhelical -0.03105 global twist -92.15338 global supercoiling -0.02664
frame 6475 time 3237.5 binding_event at DNA_topoI 40 enzyme topoI with twist -94.84618 superhelical -0.02686 global twist -94.84618 global supercoiling -0.02686
frame 6477 time 3238.5 unbinding_event at DNA_topoI 40 enzyme topoI with twist -83.17741 superhelical -0.02139 global twist -87.06700 global supercoiling -0.02517
frame 6496 time 3248.0 binding_event at DNA_gyrase 19 enzyme gyrase with twist -83.17741 superhelical -0.02356 global twist -83.17741 global supercoiling -0.02356
frame 6499 time 3249.5 unbinding_event at DNA_gyrase 19 enzyme gyrase with twist -93.94858 superhelical -0.02581 global twist -91.25579 global supercoiling -0.02638
frame 6596 time 3298.0 binding_event at gene tetA enzyme RNAP with twist -93.94858 superhelical -0.02661 global twist -93.94858 global supercoiling -0.02661
frame 6611 time 3305.5 binding_event at DNA_gyrase 16 enzyme gyrase with twist 5.82490 superhelical 0.00382 global twist -93.94858 global supercoiling -0.02676
frame 6614 time 3307.0 binding_event at DNA_topoI 43 enzyme topoI with twist -110.54466 superhelical -0.05421 global twist -102.02696 global supercoiling -0.02966
frame 6614 time 3307.0 unbinding_event at DNA_topoI 43 enzyme topoI with twist -110.24546 superhelical -0.05454 global twist -102.02696 global supercoiling -0.02966
frame 6625 time 3312.5 unbinding_event at DNA_gyrase 16 enzyme gyrase with twist 19.28887 superhelical 0.06603 global twist -127.75810 global supercoiling -0.03714
frame 6636 time 3318.0 binding_event at gene tetA enzyme RNAP with twist -185.64368 superhelical -0.07626 global twist -130.45089 global supercoiling -0.03715
frame 6636 time 3318.0 unbinding_event at gene tetA enzyme RNAP with twist 5.05874 superhelical -0.07687 global twist -130.45089 global supercoiling -0.03715
frame 6652 time 3326.0 binding_event at DNA_gyrase 18 enzyme gyrase with twist 58.91462 superhelical 0.03907 global twist -130.45089 global supercoiling -0.03715
frame 6671 time 3335.5 unbinding_event at DNA_gyrase 18 enzyme gyrase with twist 76.86658 superhelical 0.14104 global twist -181.61398 global supercoiling -0.05280
frame 6676 time 3338.0 unbinding_event at gene tetA enzyme RNAP with twist -184.30677 superhelical -0.11382 global twist -184.30677 global supercoiling -0.05249
frame 6693 time 3346.5 binding_event at DNA_topoI 42 enzyme topoI with twist -184.30677 superhelical -0.05220 global twist -184.30677 global supercoiling -0.05220
frame 6693 time 3346.5 unbinding_event at DNA_topoI 42 enzyme topoI with twist -180.41718 superhelical -0.05154 global twist -184.30677 global supercoiling -0.05220
frame 6728 time 3364.0 binding_event at gene tetA enzyme RNAP with twist -180.41718 superhelical -0.05110 global twist -180.41718 global supercoiling -0.05110
frame 6735 time 3367.5 binding_event at DNA_topoI 9 enzyme topoI with twist -67.10508 superhelical -0.04019 global twist -180.41718 global supercoiling -0.05138
frame 6741 time 3370.5 unbinding_event at DNA_topoI 9 enzyme topoI with twist -14.74520 superhelical 0.05510 global twist -157.07963 global supercoiling -0.04567
frame 6768 time 3384.0 unbinding_event at gene tetA enzyme RNAP with twist -153.19004 superhelical -0.09599 global twist -153.19004 global supercoiling -0.04363
frame 6817 time 3408.5 binding_event at DNA_topoI 7 enzyme topoI with twist -153.19004 superhelical -0.04339 global twist -153.19004 global supercoiling -0.04339
frame 6817 time 3408.5 unbinding_event at DNA_topoI 7 enzyme topoI with twist -149.30045 superhelical -0.04340 global twist -153.19004 global supercoiling -0.04339
frame 6850 time 3425.0 binding_event at DNA_topoI 31 enzyme topoI with twist -149.30045 superhelical -0.04229 global twist -149.30045 global supercoiling -0.04229
frame 6852 time 3426.0 unbinding_event at DNA_topoI 31 enzyme topoI with twist -137.63168 superhelical -0.02498 global twist -141.52127 global supercoiling -0.04092
frame 6864 time 3432.0 binding_event at gene tetA enzyme RNAP with twist -137.63168 superhelical -0.03898 global twist -137.63168 global supercoiling -0.03898
frame 6904 time 3452.0 unbinding_event at gene tetA enzyme RNAP with twist -137.63168 superhelical -0.08746 global twist -137.63168 global supercoiling -0.03920
frame 6917 time 3458.5 binding_event at gene tetA enzyme RNAP with twist -137.63168 superhelical -0.03898 global twist -137.63168 global supercoiling -0.03898
frame 6923 time 3461.5 binding_event at DNA_topoI 0 enzyme topoI with twist -88.81018 superhelical -0.04869 global twist -137.63168 global supercoiling -0.03920
frame 6924 time 3462.0 unbinding_event at DNA_topoI 0 enzyme topoI with twist -88.21179 superhelical -0.04838 global twist -133.74209 global supercoiling -0.03888
frame 6941 time 3470.5 binding_event at DNA_gyrase 20 enzyme gyrase with twist 15.80555 superhelical 0.01158 global twist -129.85250 global supercoiling -0.03698
frame 6944 time 3472.0 unbinding_event at DNA_gyrase 20 enzyme gyrase with twist 19.39595 superhelical 0.02339 global twist -137.93088 global supercoiling -0.04010
frame 6957 time 3478.5 unbinding_event at gene tetA enzyme RNAP with twist -140.62367 superhelical -0.08429 global twist -140.62367 global supercoiling -0.04005
frame 6975 time 3487.5 binding_event at gene tetA enzyme RNAP with twist -140.62367 superhelical -0.03983 global twist -140.62367 global supercoiling -0.03983
frame 7015 time 3507.5 unbinding_event at gene tetA enzyme RNAP with twist -140.62367 superhelical -0.08806 global twist -140.62367 global supercoiling -0.04005
frame 7039 time 3519.5 binding_event at DNA_topoI 34 enzyme topoI with twist -140.62367 superhelical -0.03983 global twist -140.62367 global supercoiling -0.03983
frame 7042 time 3521.0 unbinding_event at DNA_topoI 34 enzyme topoI with twist -125.06531 superhelical -0.02615 global twist -128.95490 global supercoiling -0.03728
frame 7073 time 3536.5 binding_event at DNA_topoI 47 enzyme topoI with twist -125.06531 superhelical -0.03542 global twist -125.06531 global supercoiling -0.03542
frame 7076 time 3538.0 unbinding_event at DNA_topoI 47 enzyme topoI with twist -109.50694 superhelical -0.03087 global twist -113.39653 global supercoiling -0.03279
frame 7090 time 3545.0 binding_event at DNA_topoI 37 enzyme topoI with twist -109.50694 superhelical -0.03102 global twist -109.50694 global supercoiling -0.03102
frame 7091 time 3545.5 unbinding_event at DNA_topoI 37 enzyme topoI with twist -101.72776 superhelical -0.02649 global twist -105.61735 global supercoiling -0.03054
frame 7098 time 3549.0 binding_event at gene tetA enzyme RNAP with twist -101.72776 superhelical -0.02881 global twist -101.72776 global supercoiling -0.02881
frame 7138 time 3569.0 unbinding_event at gene tetA enzyme RNAP with twist -101.72776 superhelical -0.08030 global twist -101.72776 global supercoiling -0.02897
frame 7146 time 3573.0 binding_event at gene tetA enzyme RNAP with twist -101.72776 superhelical -0.02881 global twist -101.72776 global supercoiling -0.02881
frame 7166 time 3583.0 binding_event at DNA_topoI 38 enzyme topoI with twist -121.52754 superhelical -0.05856 global twist -101.72776 global supercoiling -0.02897
frame 7168 time 3584.0 binding_event at DNA_topoI 3 enzyme topoI with twist -74.87193 superhelical -0.06158 global twist -93.94858 global supercoiling -0.02731
frame 7169 time 3584.5 unbinding_event at DNA_topoI 3 enzyme topoI with twist -70.38394 superhelical -0.05770 global twist -86.16940 global supercoiling -0.02559
frame 7169 time 3584.5 unbinding_event at DNA_topoI 38 enzyme topoI with twist -112.55156 superhelical -0.05121 global twist -86.16940 global supercoiling -0.02559
frame 7175 time 3587.5 binding_event at gene tetA enzyme RNAP with twist -130.50351 superhelical -0.05834 global twist -78.39022 global supercoiling -0.02232
frame 7186 time 3593.0 unbinding_event at gene tetA enzyme RNAP with twist 65.68857 superhelical -0.05885 global twist -78.39022 global supercoiling -0.02245
frame 7187 time 3593.5 binding_event at gene mKalama1 enzyme RNAP with twist -144.07878 superhelical -0.07459 global twist -78.39022 global supercoiling -0.02232
frame 7195 time 3597.5 binding_event at DNA_gyrase 16 enzyme gyrase with twist 94.41170 superhelical 0.06574 global twist -78.39022 global supercoiling -0.02245
frame 7203 time 3601.5 unbinding_event at DNA_gyrase 16 enzyme gyrase with twist 102.49008 superhelical 0.12348 global twist -99.93257 global supercoiling -0.02922
frame 7214 time 3607.0 unbinding_event at gene mKalama1 enzyme RNAP with twist -244.60975 superhelical 0.35738 global twist -102.62536 global supercoiling -0.02939
frame 7215 time 3607.5 unbinding_event at gene tetA enzyme RNAP with twist -102.62536 superhelical -0.10121 global twist -102.62536 global supercoiling -0.02923
frame 7230 time 3615.0 binding_event at gene tetA enzyme RNAP with twist -102.62536 superhelical -0.02907 global twist -102.62536 global supercoiling -0.02907
frame 7236 time 3618.0 binding_event at gene tetA enzyme RNAP with twist -71.70076 superhelical -0.03931 global twist -102.62536 global supercoiling -0.02923
frame 7270 time 3635.0 unbinding_event at gene tetA enzyme RNAP with twist 91.22063 superhelical -0.03973 global twist -102.62536 global supercoiling -0.02939
frame 7276 time 3638.0 unbinding_event at gene tetA enzyme RNAP with twist -102.62536 superhelical -0.08783 global twist -102.62536 global supercoiling -0.02923
frame 7300 time 3650.0 binding_event at DNA_gyrase 4 enzyme gyrase with twist -102.62536 superhelical -0.02907 global twist -102.62536 global supercoiling -0.02907
frame 7305 time 3652.5 binding_event at DNA_topoI 42 enzyme topoI with twist -65.25330 superhelical -0.03308 global twist -116.08933 global supercoiling -0.03356
frame 7305 time 3652.5 unbinding_event at DNA_topoI 42 enzyme topoI with twist -62.71010 superhelical -0.03258 global twist -116.08933 global supercoiling -0.03356
frame 7306 time 3653.0 unbinding_event at DNA_gyrase 4 enzyme gyrase with twist -117.58533 superhelical -0.03248 global twist -114.89253 global supercoiling -0.03322
frame 7468 time 3734.0 binding_event at gene tetA enzyme RNAP with twist -117.58533 superhelical -0.03331 global twist -117.58533 global supercoiling -0.03331
frame 7492 time 3746.0 binding_event at DNA_gyrase 20 enzyme gyrase with twist 26.05420 superhelical 0.01910 global twist -117.58533 global supercoiling -0.03349
frame 7492 time 3746.0 unbinding_event at DNA_gyrase 20 enzyme gyrase with twist 26.95180 superhelical 0.02294 global twist -117.58533 global supercoiling -0.03349
frame 7495 time 3747.5 binding_event at DNA_topoI 6 enzyme topoI with twist -154.41070 superhelical -0.07016 global twist -120.27812 global supercoiling -0.03425
frame 7498 time 3749.0 binding_event at DNA_gyrase 17 enzyme gyrase with twist 44.90376 superhelical 0.03573 global twist -108.60935 global supercoiling -0.03158
frame 7501 time 3750.5 unbinding_event at DNA_topoI 6 enzyme topoI with twist -152.31631 superhelical -0.06609 global twist -105.01895 global supercoiling -0.03118
frame 7501 time 3750.5 unbinding_event at DNA_gyrase 17 enzyme gyrase with twist 48.49415 superhelical 0.05878 global twist -105.01895 global supercoiling -0.03118
frame 7505 time 3752.5 binding_event at gene tetA enzyme RNAP with twist -163.08748 superhelical -0.06851 global twist -103.82216 global supercoiling -0.02957
frame 7506 time 3753.0 binding_event at DNA_topoI 44 enzyme topoI with twist -122.12432 superhelical -0.07042 global twist -103.82216 global supercoiling -0.02973
frame 7507 time 3753.5 unbinding_event at DNA_topoI 44 enzyme topoI with twist -121.52593 superhelical -0.07036 global twist -99.93257 global supercoiling -0.02922
frame 7508 time 3754.0 unbinding_event at gene tetA enzyme RNAP with twist 29.07334 superhelical -0.06907 global twist -96.04298 global supercoiling -0.02750
frame 7509 time 3754.5 binding_event at DNA_topoI 30 enzyme topoI with twist -125.11632 superhelical -0.06997 global twist -96.04298 global supercoiling -0.02735
frame 7511 time 3755.5 unbinding_event at DNA_topoI 30 enzyme topoI with twist -124.21872 superhelical -0.04947 global twist -88.26379 global supercoiling -0.02566
frame 7537 time 3768.5 binding_event at DNA_topoI 46 enzyme topoI with twist -213.97851 superhelical -0.09341 global twist -84.37420 global supercoiling -0.02403
frame 7539 time 3769.5 binding_event at gene tetA enzyme RNAP with twist -82.46555 superhelical -0.09624 global twist -76.59502 global supercoiling -0.02227
frame 7543 time 3771.5 unbinding_event at DNA_topoI 46 enzyme topoI with twist -153.68700 superhelical -0.08670 global twist -61.03666 global supercoiling -0.01784
frame 7545 time 3772.5 unbinding_event at gene tetA enzyme RNAP with twist 103.72071 superhelical -0.09844 global twist -57.14707 global supercoiling -0.01636
frame 7578 time 3789.0 binding_event at gene Raspberry enzyme RNAP with twist -275.76031 superhelical -0.11412 global twist -57.14707 global supercoiling -0.01627
frame 7579 time 3789.5 unbinding_event at gene tetA enzyme RNAP with twist 37.73183 superhelical -0.11504 global twist -57.14707 global supercoiling -0.01636
frame 7586 time 3793.0 binding_event at gene mKalama1 enzyme RNAP with twist -116.42125 superhelical -0.12850 global twist -57.14707 global supercoiling -0.01627
frame 7605 time 3802.5 unbinding_event at gene Raspberry enzyme RNAP with twist -43.95639 superhelical -0.18282 global twist -57.14707 global supercoiling -0.01636
frame 7613 time 3806.5 unbinding_event at gene mKalama1 enzyme RNAP with twist -57.14707 superhelical 0.10726 global twist -57.14707 global supercoiling -0.01627
frame 7712 time 3856.0 binding_event at DNA_gyrase 2 enzyme gyrase with twist -57.14707 superhelical -0.01619 global twist -57.14707 global supercoiling -0.01619
frame 7717 time 3858.5 unbinding_event at DNA_gyrase 2 enzyme gyrase with twist -73.30383 superhelical -0.02094 global twist -70.61103 global supercoiling -0.02042
frame 7935 time 3967.5 binding_event at DNA_topoI 46 enzyme topoI with twist -73.30383 superhelical -0.02076 global twist -73.30383 global supercoiling -0.02076
frame 7935 time 3967.5 unbinding_event at DNA_topoI 46 enzyme topoI with twist -69.41424 superhelical -0.01980 global twist -73.30383 global supercoiling -0.02076
frame 7956 time 3978.0 binding_event at DNA_topoI 36 enzyme topoI with twist -69.41424 superhelical -0.01966 global twist -69.41424 global supercoiling -0.01966
frame 7956 time 3978.0 unbinding_event at DNA_topoI 36 enzyme topoI with twist -65.52465 superhelical -0.01721 global twist -69.41424 global supercoiling -0.01966
