TORCphysics log file 

General information: 
---------------------------------------------------------------------------------------
Circuit name: Pleu500_23
Size: 6000
Structure: circle
Number of sites: 110
Number of frames: 8000
Simulation time: 4000.0
Simulation timestep: 0.5
Seed: 7173920521432848013
 
Overall simulation information 
---------------------------------------------------------------------------------------
Initial twist: -211.83310
Final twist: -68.21744
Initial superhelical density: -0.06000
Final superhelical density: -0.01943
 
Overall rates 
---------------------------------------------------------------------------------------
site type            site name            #binding events      #unbinding events    binding rates        
 DNA_topoI            DNA_topoI_global                     69.0                 69.0               0.01725 
DNA_gyrase           DNA_gyrase_global                    73.0                 73.0               0.01825 
EXT                  EXT                                   0.0                  0.0                   0.0 
gene                 tetA                                 72.0                 71.0                 0.018 
gene                 CDS                                   0.0                  0.0                   0.0 
origin               ori                                   0.0                  0.0                   0.0 
lacOP                lac1                                  0.0                  0.0                   0.0 
gene                 mKalama1                             11.0                 11.0               0.00275 
lacOP                lac2                                  0.0                  0.0                   0.0 
gene                 Raspberry                            11.0                 11.0               0.00275 
 
Events
---------------------------------------------------------------------------------------
frame 112 time 56.0 binding_event at DNA_topoI 16 enzyme topoI with twist -211.83310 superhelical -0.06000 global twist -211.83310 global supercoiling -0.06000
frame 113 time 56.5 unbinding_event at DNA_topoI 16 enzyme topoI with twist -204.05392 superhelical -0.05987 global twist -207.94351 global supercoiling -0.06012
frame 135 time 67.5 binding_event at gene tetA enzyme RNAP with twist -204.05392 superhelical -0.05780 global twist -204.05392 global supercoiling -0.05780
frame 156 time 78.0 binding_event at gene Raspberry enzyme RNAP with twist -175.13010 superhelical -0.08367 global twist -204.05392 global supercoiling -0.05811
frame 171 time 85.5 binding_event at gene mKalama1 enzyme RNAP with twist -118.22857 superhelical -0.11460 global twist -204.05392 global supercoiling -0.05843
frame 175 time 87.5 unbinding_event at gene tetA enzyme RNAP with twist -67.87340 superhelical -0.08444 global twist -204.05392 global supercoiling -0.05875
frame 183 time 91.5 unbinding_event at gene Raspberry enzyme RNAP with twist -175.12422 superhelical -0.16347 global twist -204.05392 global supercoiling -0.05843
frame 188 time 94.0 binding_event at DNA_topoI 36 enzyme topoI with twist -189.48579 superhelical -0.05979 global twist -204.05392 global supercoiling -0.05811
frame 190 time 95.0 unbinding_event at DNA_topoI 36 enzyme topoI with twist -188.58819 superhelical -0.06559 global twist -196.27474 global supercoiling -0.05706
frame 195 time 97.5 binding_event at gene tetA enzyme RNAP with twist -202.94976 superhelical -0.06160 global twist -192.38515 global supercoiling -0.05479
frame 198 time 99.0 unbinding_event at gene mKalama1 enzyme RNAP with twist -95.52106 superhelical 0.17213 global twist -192.38515 global supercoiling -0.05509
frame 210 time 105.0 binding_event at DNA_gyrase 22 enzyme gyrase with twist -57.36979 superhelical -0.03760 global twist -192.38515 global supercoiling -0.05479
frame 210 time 105.0 unbinding_event at DNA_gyrase 22 enzyme gyrase with twist -56.47219 superhelical -0.03822 global twist -192.38515 global supercoiling -0.05479
frame 235 time 117.5 unbinding_event at gene tetA enzyme RNAP with twist -195.07794 superhelical -0.09313 global twist -195.07794 global supercoiling -0.05556
frame 242 time 121.0 binding_event at DNA_topoI 25 enzyme topoI with twist -195.07794 superhelical -0.05525 global twist -195.07794 global supercoiling -0.05525
frame 242 time 121.0 unbinding_event at DNA_topoI 25 enzyme topoI with twist -191.18835 superhelical -0.05515 global twist -195.07794 global supercoiling -0.05525
frame 272 time 136.0 binding_event at gene tetA enzyme RNAP with twist -191.18835 superhelical -0.05415 global twist -191.18835 global supercoiling -0.05415
frame 312 time 156.0 unbinding_event at gene tetA enzyme RNAP with twist -191.18835 superhelical -0.09813 global twist -191.18835 global supercoiling -0.05445
frame 338 time 169.0 binding_event at gene tetA enzyme RNAP with twist -191.18835 superhelical -0.05415 global twist -191.18835 global supercoiling -0.05415
frame 376 time 188.0 binding_event at gene tetA enzyme RNAP with twist -229.87868 superhelical -0.09585 global twist -191.18835 global supercoiling -0.05445
frame 378 time 189.0 unbinding_event at gene tetA enzyme RNAP with twist -14.59926 superhelical -0.09662 global twist -191.18835 global supercoiling -0.05475
frame 416 time 208.0 unbinding_event at gene tetA enzyme RNAP with twist -191.18835 superhelical -0.12765 global twist -191.18835 global supercoiling -0.05445
frame 433 time 216.5 binding_event at DNA_topoI 46 enzyme topoI with twist -191.18835 superhelical -0.05415 global twist -191.18835 global supercoiling -0.05415
frame 435 time 217.5 unbinding_event at DNA_topoI 46 enzyme topoI with twist -179.51958 superhelical -0.05110 global twist -183.40917 global supercoiling -0.05303
frame 462 time 231.0 binding_event at DNA_topoI 25 enzyme topoI with twist -179.51958 superhelical -0.05085 global twist -179.51958 global supercoiling -0.05085
frame 462 time 231.0 unbinding_event at DNA_topoI 25 enzyme topoI with twist -175.62999 superhelical -0.05071 global twist -179.51958 global supercoiling -0.05085
frame 513 time 256.5 binding_event at gene tetA enzyme RNAP with twist -175.62999 superhelical -0.04975 global twist -175.62999 global supercoiling -0.04975
frame 515 time 257.5 binding_event at DNA_topoI 36 enzyme topoI with twist -93.02039 superhelical -0.05309 global twist -175.62999 global supercoiling -0.05002
frame 540 time 270.0 unbinding_event at DNA_topoI 36 enzyme topoI with twist -85.24121 superhelical 0.01902 global twist -78.39022 global supercoiling -0.02279
frame 553 time 276.5 unbinding_event at gene tetA enzyme RNAP with twist -74.50063 superhelical -0.05379 global twist -74.50063 global supercoiling -0.02122
frame 608 time 304.0 binding_event at DNA_gyrase 4 enzyme gyrase with twist -74.50063 superhelical -0.02110 global twist -74.50063 global supercoiling -0.02110
frame 611 time 305.5 unbinding_event at DNA_gyrase 4 enzyme gyrase with twist -85.27180 superhelical -0.02427 global twist -82.57901 global supercoiling -0.02388
frame 796 time 398.0 binding_event at DNA_gyrase 17 enzyme gyrase with twist -85.27180 superhelical -0.02415 global twist -85.27180 global supercoiling -0.02415
frame 797 time 398.5 unbinding_event at DNA_gyrase 17 enzyme gyrase with twist -90.65739 superhelical -0.02558 global twist -87.96459 global supercoiling -0.02543
frame 876 time 438.0 binding_event at DNA_gyrase 41 enzyme gyrase with twist -90.65739 superhelical -0.02568 global twist -90.65739 global supercoiling -0.02568
frame 877 time 438.5 unbinding_event at DNA_gyrase 41 enzyme gyrase with twist -96.04298 superhelical -0.02880 global twist -93.35018 global supercoiling -0.02699
frame 883 time 441.5 binding_event at DNA_gyrase 16 enzyme gyrase with twist -96.04298 superhelical -0.02720 global twist -96.04298 global supercoiling -0.02720
frame 883 time 441.5 unbinding_event at DNA_gyrase 16 enzyme gyrase with twist -98.73577 superhelical -0.02824 global twist -96.04298 global supercoiling -0.02720
frame 901 time 450.5 binding_event at gene tetA enzyme RNAP with twist -98.73577 superhelical -0.02797 global twist -98.73577 global supercoiling -0.02797
frame 941 time 470.5 unbinding_event at gene tetA enzyme RNAP with twist -98.73577 superhelical -0.07971 global twist -98.73577 global supercoiling -0.02812
frame 966 time 483.0 binding_event at DNA_topoI 37 enzyme topoI with twist -98.73577 superhelical -0.02797 global twist -98.73577 global supercoiling -0.02797
frame 966 time 483.0 unbinding_event at DNA_topoI 37 enzyme topoI with twist -94.84618 superhelical -0.02596 global twist -98.73577 global supercoiling -0.02797
frame 1022 time 511.0 binding_event at gene tetA enzyme RNAP with twist -94.84618 superhelical -0.02686 global twist -94.84618 global supercoiling -0.02686
frame 1052 time 526.0 binding_event at DNA_topoI 2 enzyme topoI with twist -154.06806 superhelical -0.06833 global twist -94.84618 global supercoiling -0.02701
frame 1052 time 526.0 unbinding_event at DNA_topoI 2 enzyme topoI with twist -153.76886 superhelical -0.06951 global twist -94.84618 global supercoiling -0.02701
frame 1062 time 531.0 unbinding_event at gene tetA enzyme RNAP with twist -90.95659 superhelical -0.07735 global twist -90.95659 global supercoiling -0.02590
frame 1074 time 537.0 binding_event at DNA_topoI 8 enzyme topoI with twist -90.95659 superhelical -0.02576 global twist -90.95659 global supercoiling -0.02576
frame 1078 time 539.0 unbinding_event at DNA_topoI 8 enzyme topoI with twist -71.50863 superhelical -0.02199 global twist -75.39822 global supercoiling -0.02180
frame 1099 time 549.5 binding_event at gene mKalama1 enzyme RNAP with twist -71.50863 superhelical -0.02025 global twist -71.50863 global supercoiling -0.02025
frame 1111 time 555.5 binding_event at gene tetA enzyme RNAP with twist -101.40786 superhelical -0.03293 global twist -71.50863 global supercoiling -0.02036
frame 1125 time 562.5 binding_event at DNA_topoI 47 enzyme topoI with twist -142.45044 superhelical -0.08059 global twist -71.50863 global supercoiling -0.02048
frame 1126 time 563.0 unbinding_event at gene mKalama1 enzyme RNAP with twist -22.60760 superhelical 0.60316 global twist -67.61904 global supercoiling -0.01977
frame 1126 time 563.0 unbinding_event at DNA_topoI 47 enzyme topoI with twist -61.68733 superhelical 0.60316 global twist -67.61904 global supercoiling -0.01977
frame 1140 time 570.0 binding_event at DNA_gyrase 10 enzyme gyrase with twist 44.63297 superhelical 0.03502 global twist -63.72945 global supercoiling -0.01815
frame 1144 time 572.0 unbinding_event at DNA_gyrase 10 enzyme gyrase with twist 49.12096 superhelical 0.29040 global twist -74.50063 global supercoiling -0.02166
frame 1151 time 575.5 unbinding_event at gene tetA enzyme RNAP with twist -77.19342 superhelical -0.06176 global twist -77.19342 global supercoiling -0.02198
frame 1153 time 576.5 binding_event at DNA_topoI 30 enzyme topoI with twist -77.19342 superhelical -0.02186 global twist -77.19342 global supercoiling -0.02186
frame 1156 time 578.0 unbinding_event at DNA_topoI 30 enzyme topoI with twist -61.63506 superhelical 0.00893 global twist -65.52465 global supercoiling -0.01894
frame 1170 time 585.0 binding_event at DNA_gyrase 6 enzyme gyrase with twist -61.63506 superhelical -0.01746 global twist -61.63506 global supercoiling -0.01746
frame 1170 time 585.0 unbinding_event at DNA_gyrase 6 enzyme gyrase with twist -64.32785 superhelical -0.01846 global twist -61.63506 global supercoiling -0.01746
frame 1219 time 609.5 binding_event at gene Raspberry enzyme RNAP with twist -64.32785 superhelical -0.01822 global twist -64.32785 global supercoiling -0.01822
frame 1225 time 612.5 binding_event at DNA_topoI 30 enzyme topoI with twist -35.50855 superhelical -0.04081 global twist -64.32785 global supercoiling -0.01832
frame 1225 time 612.5 unbinding_event at DNA_topoI 30 enzyme topoI with twist -35.20935 superhelical -0.03667 global twist -64.32785 global supercoiling -0.01832
frame 1246 time 623.0 unbinding_event at gene Raspberry enzyme RNAP with twist -60.43826 superhelical -0.08744 global twist -60.43826 global supercoiling -0.01721
frame 1306 time 653.0 binding_event at DNA_gyrase 23 enzyme gyrase with twist -60.43826 superhelical -0.01712 global twist -60.43826 global supercoiling -0.01712
frame 1310 time 655.0 unbinding_event at DNA_gyrase 23 enzyme gyrase with twist -73.90223 superhelical -0.01949 global twist -71.20943 global supercoiling -0.02059
frame 1311 time 655.5 binding_event at DNA_topoI 16 enzyme topoI with twist -73.90223 superhelical -0.02093 global twist -73.90223 global supercoiling -0.02093
frame 1312 time 656.0 unbinding_event at DNA_topoI 16 enzyme topoI with twist -66.12305 superhelical -0.01999 global twist -70.01264 global supercoiling -0.02024
frame 1322 time 661.0 binding_event at DNA_gyrase 35 enzyme gyrase with twist -66.12305 superhelical -0.01873 global twist -66.12305 global supercoiling -0.01873
frame 1324 time 662.0 binding_event at gene tetA enzyme RNAP with twist -57.19283 superhelical -0.02006 global twist -71.50863 global supercoiling -0.02067
frame 1326 time 663.0 unbinding_event at DNA_gyrase 35 enzyme gyrase with twist -54.09900 superhelical -0.03019 global twist -76.89422 global supercoiling -0.02236
frame 1340 time 670.0 binding_event at gene tetA enzyme RNAP with twist -100.77409 superhelical -0.05030 global twist -79.58701 global supercoiling -0.02267
frame 1347 time 673.5 binding_event at DNA_topoI 27 enzyme topoI with twist -112.29200 superhelical -0.06097 global twist -79.58701 global supercoiling -0.02279
frame 1357 time 678.5 unbinding_event at DNA_topoI 27 enzyme topoI with twist -109.00081 superhelical 0.57495 global twist -40.69110 global supercoiling -0.01190
frame 1364 time 682.0 unbinding_event at gene tetA enzyme RNAP with twist 97.33203 superhelical -0.05079 global twist -36.80151 global supercoiling -0.01054
frame 1380 time 690.0 unbinding_event at gene tetA enzyme RNAP with twist -36.80151 superhelical -0.07812 global twist -36.80151 global supercoiling -0.01048
frame 1432 time 716.0 binding_event at DNA_gyrase 12 enzyme gyrase with twist -36.80151 superhelical -0.01042 global twist -36.80151 global supercoiling -0.01042
frame 1434 time 717.0 unbinding_event at DNA_gyrase 12 enzyme gyrase with twist -44.87990 superhelical -0.01223 global twist -42.18710 global supercoiling -0.01220
frame 1500 time 750.0 binding_event at gene tetA enzyme RNAP with twist -44.87990 superhelical -0.01271 global twist -44.87990 global supercoiling -0.01271
frame 1527 time 763.5 binding_event at gene tetA enzyme RNAP with twist -118.87574 superhelical -0.05401 global twist -44.87990 global supercoiling -0.01278
frame 1540 time 770.0 unbinding_event at gene tetA enzyme RNAP with twist 98.89508 superhelical -0.05449 global twist -44.87990 global supercoiling -0.01285
frame 1560 time 780.0 binding_event at gene tetA enzyme RNAP with twist -211.99242 superhelical -0.09183 global twist -44.87990 global supercoiling -0.01278
frame 1567 time 783.5 unbinding_event at gene tetA enzyme RNAP with twist 142.75444 superhelical -0.09259 global twist -44.87990 global supercoiling -0.01285
frame 1582 time 791.0 binding_event at gene mKalama1 enzyme RNAP with twist -237.89981 superhelical -0.11269 global twist -44.87990 global supercoiling -0.01278
frame 1600 time 800.0 unbinding_event at gene tetA enzyme RNAP with twist -39.46816 superhelical -0.14139 global twist -44.87990 global supercoiling -0.01285
frame 1609 time 804.5 unbinding_event at gene mKalama1 enzyme RNAP with twist -44.87990 superhelical 0.18577 global twist -44.87990 global supercoiling -0.01278
frame 1660 time 830.0 binding_event at DNA_gyrase 41 enzyme gyrase with twist -44.87990 superhelical -0.01271 global twist -44.87990 global supercoiling -0.01271
frame 1660 time 830.0 unbinding_event at DNA_gyrase 41 enzyme gyrase with twist -47.57269 superhelical -0.01427 global twist -44.87990 global supercoiling -0.01271
frame 1676 time 838.0 binding_event at DNA_gyrase 42 enzyme gyrase with twist -47.57269 superhelical -0.01347 global twist -47.57269 global supercoiling -0.01347
frame 1679 time 839.5 unbinding_event at DNA_gyrase 42 enzyme gyrase with twist -58.34386 superhelical -0.01860 global twist -55.65107 global supercoiling -0.01609
frame 1782 time 891.0 binding_event at gene tetA enzyme RNAP with twist -58.34386 superhelical -0.01653 global twist -58.34386 global supercoiling -0.01653
frame 1799 time 899.5 binding_event at gene Raspberry enzyme RNAP with twist -89.55237 superhelical -0.04430 global twist -58.34386 global supercoiling -0.01662
frame 1822 time 911.0 unbinding_event at gene tetA enzyme RNAP with twist 61.92288 superhelical -0.04473 global twist -58.34386 global supercoiling -0.01671
frame 1825 time 912.5 binding_event at DNA_topoI 42 enzyme topoI with twist -127.44753 superhelical -0.10369 global twist -58.34386 global supercoiling -0.01662
frame 1826 time 913.0 binding_event at DNA_gyrase 5 enzyme gyrase with twist 72.69406 superhelical 0.03210 global twist -54.45427 global supercoiling -0.01583
frame 1826 time 913.0 unbinding_event at gene Raspberry enzyme RNAP with twist 19.60483 superhelical -0.10210 global twist -54.45427 global supercoiling -0.01583
frame 1828 time 914.0 unbinding_event at DNA_topoI 42 enzyme topoI with twist -93.72664 superhelical -0.10312 global twist -52.06068 global supercoiling -0.01537
frame 1830 time 915.0 unbinding_event at DNA_gyrase 5 enzyme gyrase with twist -56.24947 superhelical -0.04717 global twist -53.55667 global supercoiling -0.01548
frame 1852 time 926.0 binding_event at DNA_gyrase 43 enzyme gyrase with twist -56.24947 superhelical -0.01593 global twist -56.24947 global supercoiling -0.01593
frame 1853 time 926.5 unbinding_event at DNA_gyrase 43 enzyme gyrase with twist -61.63506 superhelical -0.01854 global twist -58.94226 global supercoiling -0.01704
frame 1875 time 937.5 binding_event at gene mKalama1 enzyme RNAP with twist -61.63506 superhelical -0.01746 global twist -61.63506 global supercoiling -0.01746
frame 1898 time 949.0 binding_event at DNA_topoI 23 enzyme topoI with twist -132.84918 superhelical -0.04054 global twist -61.63506 global supercoiling -0.01755
frame 1899 time 949.5 unbinding_event at DNA_topoI 23 enzyme topoI with twist -132.25078 superhelical -0.04203 global twist -57.74546 global supercoiling -0.01679
frame 1902 time 951.0 unbinding_event at gene mKalama1 enzyme RNAP with twist -53.85587 superhelical 0.61573 global twist -53.85587 global supercoiling -0.01534
frame 1947 time 973.5 binding_event at gene tetA enzyme RNAP with twist -53.85587 superhelical -0.01525 global twist -53.85587 global supercoiling -0.01525
frame 1983 time 991.5 binding_event at DNA_topoI 28 enzyme topoI with twist -155.57629 superhelical -0.06585 global twist -53.85587 global supercoiling -0.01534
frame 1987 time 993.5 unbinding_event at gene tetA enzyme RNAP with twist -36.97896 superhelical -0.06885 global twist -38.29751 global supercoiling -0.01113
frame 1996 time 998.0 unbinding_event at DNA_topoI 28 enzyme topoI with twist 0.59840 superhelical 0.19061 global twist -3.29119 global supercoiling -0.00095
frame 2002 time 1001.0 binding_event at gene tetA enzyme RNAP with twist 0.59840 superhelical 0.00017 global twist 0.59840 global supercoiling 0.00017
frame 2042 time 1021.0 unbinding_event at gene tetA enzyme RNAP with twist 0.59840 superhelical -0.05991 global twist 0.59840 global supercoiling 0.00017
frame 2103 time 1051.5 binding_event at DNA_gyrase 30 enzyme gyrase with twist 0.59840 superhelical 0.00017 global twist 0.59840 global supercoiling 0.00017
frame 2110 time 1055.0 unbinding_event at DNA_gyrase 30 enzyme gyrase with twist -20.94395 superhelical -0.04310 global twist -18.25116 global supercoiling -0.00528
frame 2111 time 1055.5 binding_event at DNA_gyrase 5 enzyme gyrase with twist -20.94395 superhelical -0.00593 global twist -20.94395 global supercoiling -0.00593
frame 2113 time 1056.5 unbinding_event at DNA_gyrase 5 enzyme gyrase with twist -29.02233 superhelical -0.00803 global twist -26.32954 global supercoiling -0.00761
frame 2177 time 1088.5 binding_event at DNA_gyrase 5 enzyme gyrase with twist -29.02233 superhelical -0.00822 global twist -29.02233 global supercoiling -0.00822
frame 2180 time 1090.0 binding_event at gene mKalama1 enzyme RNAP with twist -21.19149 superhelical -0.01037 global twist -37.10071 global supercoiling -0.01073
frame 2180 time 1090.0 unbinding_event at DNA_gyrase 5 enzyme gyrase with twist -36.60813 superhelical -0.01387 global twist -37.10071 global supercoiling -0.01073
frame 2207 time 1103.5 unbinding_event at gene mKalama1 enzyme RNAP with twist -39.79351 superhelical 0.64742 global twist -39.79351 global supercoiling -0.01133
frame 2227 time 1113.5 binding_event at DNA_gyrase 14 enzyme gyrase with twist -39.79351 superhelical -0.01127 global twist -39.79351 global supercoiling -0.01127
frame 2229 time 1114.5 unbinding_event at DNA_gyrase 14 enzyme gyrase with twist -47.87189 superhelical -0.01301 global twist -45.17909 global supercoiling -0.01306
frame 2263 time 1131.5 binding_event at gene tetA enzyme RNAP with twist -47.87189 superhelical -0.01356 global twist -47.87189 global supercoiling -0.01356
frame 2301 time 1150.5 binding_event at DNA_topoI 9 enzyme topoI with twist -159.83239 superhelical -0.06664 global twist -47.87189 global supercoiling -0.01363
frame 2301 time 1150.5 unbinding_event at DNA_topoI 9 enzyme topoI with twist -159.53319 superhelical -0.06758 global twist -47.87189 global supercoiling -0.01363
frame 2303 time 1151.5 unbinding_event at gene tetA enzyme RNAP with twist -43.98230 superhelical -0.06798 global twist -43.98230 global supercoiling -0.01253
frame 2324 time 1162.0 binding_event at DNA_topoI 14 enzyme topoI with twist -43.98230 superhelical -0.01246 global twist -43.98230 global supercoiling -0.01246
frame 2327 time 1163.5 unbinding_event at DNA_topoI 14 enzyme topoI with twist -28.42393 superhelical -0.00982 global twist -32.31352 global supercoiling -0.00934
frame 2353 time 1176.5 binding_event at DNA_gyrase 42 enzyme gyrase with twist -28.42393 superhelical -0.00805 global twist -28.42393 global supercoiling -0.00805
frame 2355 time 1177.5 unbinding_event at DNA_gyrase 42 enzyme gyrase with twist -36.50231 superhelical -0.01185 global twist -33.80952 global supercoiling -0.00978
frame 2383 time 1191.5 binding_event at gene tetA enzyme RNAP with twist -36.50231 superhelical -0.01034 global twist -36.50231 global supercoiling -0.01034
frame 2384 time 1192.0 binding_event at gene tetA enzyme RNAP with twist -21.43099 superhelical -0.01236 global twist -36.50231 global supercoiling -0.01040
frame 2402 time 1201.0 binding_event at DNA_topoI 37 enzyme topoI with twist -86.04311 superhelical -0.04219 global twist -36.50231 global supercoiling -0.01045
frame 2415 time 1207.5 unbinding_event at DNA_topoI 37 enzyme topoI with twist -81.85432 superhelical -0.00751 global twist 14.06237 global supercoiling 0.00411
frame 2423 time 1211.5 unbinding_event at gene tetA enzyme RNAP with twist 128.52941 superhelical -0.01248 global twist 17.95196 global supercoiling 0.00514
frame 2424 time 1212.0 unbinding_event at gene tetA enzyme RNAP with twist 17.95196 superhelical -0.04656 global twist 17.95196 global supercoiling 0.00511
frame 2524 time 1262.0 binding_event at DNA_gyrase 16 enzyme gyrase with twist 17.95196 superhelical 0.00508 global twist 17.95196 global supercoiling 0.00508
frame 2533 time 1266.5 unbinding_event at DNA_gyrase 16 enzyme gyrase with twist -8.97598 superhelical 0.00044 global twist -6.28319 global supercoiling -0.00182
frame 2542 time 1271.0 binding_event at DNA_gyrase 20 enzyme gyrase with twist -8.97598 superhelical -0.00254 global twist -8.97598 global supercoiling -0.00254
frame 2543 time 1271.5 unbinding_event at DNA_gyrase 20 enzyme gyrase with twist -14.36157 superhelical -0.00346 global twist -11.66877 global supercoiling -0.00337
frame 2593 time 1296.5 binding_event at DNA_topoI 37 enzyme topoI with twist -14.36157 superhelical -0.00407 global twist -14.36157 global supercoiling -0.00407
frame 2593 time 1296.5 unbinding_event at DNA_topoI 37 enzyme topoI with twist -10.47198 superhelical -0.00156 global twist -14.36157 global supercoiling -0.00407
frame 2608 time 1304.0 binding_event at DNA_gyrase 8 enzyme gyrase with twist -10.47198 superhelical -0.00297 global twist -10.47198 global supercoiling -0.00297
frame 2610 time 1305.0 unbinding_event at DNA_gyrase 8 enzyme gyrase with twist -18.55036 superhelical -0.00482 global twist -15.85756 global supercoiling -0.00458
frame 2621 time 1310.5 binding_event at gene tetA enzyme RNAP with twist -18.55036 superhelical -0.00525 global twist -18.55036 global supercoiling -0.00525
frame 2645 time 1322.5 binding_event at DNA_topoI 2 enzyme topoI with twist -95.23593 superhelical -0.04436 global twist -18.55036 global supercoiling -0.00528
frame 2650 time 1325.0 unbinding_event at DNA_topoI 2 enzyme topoI with twist -93.44074 superhelical -0.03951 global twist 0.89760 global supercoiling 0.00026
frame 2661 time 1330.5 unbinding_event at gene tetA enzyme RNAP with twist 4.78719 superhelical -0.05421 global twist 4.78719 global supercoiling 0.00136
frame 2728 time 1364.0 binding_event at gene tetA enzyme RNAP with twist 4.78719 superhelical 0.00136 global twist 4.78719 global supercoiling 0.00136
frame 2768 time 1384.0 unbinding_event at gene tetA enzyme RNAP with twist 4.78719 superhelical -0.05908 global twist 4.78719 global supercoiling 0.00136
frame 2846 time 1423.0 binding_event at DNA_gyrase 31 enzyme gyrase with twist 4.78719 superhelical 0.00136 global twist 4.78719 global supercoiling 0.00136
frame 2846 time 1423.0 unbinding_event at DNA_gyrase 31 enzyme gyrase with twist 2.09440 superhelical -0.00281 global twist 4.78719 global supercoiling 0.00136
frame 2876 time 1438.0 binding_event at DNA_gyrase 31 enzyme gyrase with twist 2.09440 superhelical 0.00059 global twist 2.09440 global supercoiling 0.00059
frame 2886 time 1443.0 unbinding_event at DNA_gyrase 31 enzyme gyrase with twist -27.52634 superhelical -0.04557 global twist -24.83354 global supercoiling -0.00718
frame 2936 time 1468.0 binding_event at DNA_topoI 46 enzyme topoI with twist -27.52634 superhelical -0.00780 global twist -27.52634 global supercoiling -0.00780
frame 2938 time 1469.0 unbinding_event at DNA_topoI 46 enzyme topoI with twist -15.85756 superhelical -0.00378 global twist -19.74715 global supercoiling -0.00571
frame 2954 time 1477.0 binding_event at gene tetA enzyme RNAP with twist -15.85756 superhelical -0.00449 global twist -15.85756 global supercoiling -0.00449
frame 2965 time 1482.5 binding_event at gene tetA enzyme RNAP with twist -47.24473 superhelical -0.02469 global twist -15.85756 global supercoiling -0.00452
frame 2978 time 1489.0 binding_event at DNA_gyrase 15 enzyme gyrase with twist 78.06226 superhelical 0.05722 global twist -15.85756 global supercoiling -0.00454
frame 2982 time 1491.0 unbinding_event at DNA_gyrase 15 enzyme gyrase with twist 82.55025 superhelical 0.09327 global twist -26.62874 global supercoiling -0.00779
frame 2994 time 1497.0 unbinding_event at gene tetA enzyme RNAP with twist 121.18803 superhelical -0.02494 global twist -29.32153 global supercoiling -0.00840
frame 3005 time 1502.5 unbinding_event at gene tetA enzyme RNAP with twist -29.32153 superhelical -0.07748 global twist -29.32153 global supercoiling -0.00835
frame 3190 time 1595.0 binding_event at DNA_gyrase 24 enzyme gyrase with twist -29.32153 superhelical -0.00831 global twist -29.32153 global supercoiling -0.00831
frame 3190 time 1595.0 unbinding_event at DNA_gyrase 24 enzyme gyrase with twist -32.01433 superhelical -0.00887 global twist -29.32153 global supercoiling -0.00831
frame 3202 time 1601.0 binding_event at DNA_gyrase 10 enzyme gyrase with twist -32.01433 superhelical -0.00907 global twist -32.01433 global supercoiling -0.00907
frame 3209 time 1604.5 unbinding_event at DNA_gyrase 10 enzyme gyrase with twist -53.55667 superhelical -0.01374 global twist -50.86388 global supercoiling -0.01471
frame 3225 time 1612.5 binding_event at DNA_topoI 6 enzyme topoI with twist -53.55667 superhelical -0.01517 global twist -53.55667 global supercoiling -0.01517
frame 3225 time 1612.5 unbinding_event at DNA_topoI 6 enzyme topoI with twist -49.66708 superhelical -0.01457 global twist -53.55667 global supercoiling -0.01517
frame 3245 time 1622.5 binding_event at gene tetA enzyme RNAP with twist -49.66708 superhelical -0.01407 global twist -49.66708 global supercoiling -0.01407
frame 3257 time 1628.5 binding_event at DNA_gyrase 16 enzyme gyrase with twist 17.69253 superhelical 0.01120 global twist -49.66708 global supercoiling -0.01414
frame 3271 time 1635.5 binding_event at DNA_topoI 26 enzyme topoI with twist -117.62510 superhelical -0.05388 global twist -87.36620 global supercoiling -0.02540
frame 3275 time 1637.5 unbinding_event at DNA_topoI 26 enzyme topoI with twist -116.12910 superhelical 0.20014 global twist -82.57901 global supercoiling -0.02452
frame 3276 time 1638.0 unbinding_event at DNA_gyrase 16 enzyme gyrase with twist 35.64449 superhelical 0.10539 global twist -81.38221 global supercoiling -0.02366
frame 3285 time 1642.5 unbinding_event at gene tetA enzyme RNAP with twist -84.07500 superhelical -0.06200 global twist -84.07500 global supercoiling -0.02394
frame 3291 time 1645.5 binding_event at gene tetA enzyme RNAP with twist -84.07500 superhelical -0.02381 global twist -84.07500 global supercoiling -0.02381
frame 3321 time 1660.5 binding_event at gene tetA enzyme RNAP with twist -148.80362 superhelical -0.06600 global twist -84.07500 global supercoiling -0.02394
frame 3326 time 1663.0 binding_event at DNA_topoI 29 enzyme topoI with twist -132.18343 superhelical -0.07319 global twist -84.07500 global supercoiling -0.02407
frame 3326 time 1663.0 unbinding_event at DNA_topoI 29 enzyme topoI with twist -131.88423 superhelical -0.06524 global twist -84.07500 global supercoiling -0.02407
frame 3331 time 1665.5 unbinding_event at gene tetA enzyme RNAP with twist 69.65078 superhelical -0.06656 global twist -80.18541 global supercoiling -0.02296
frame 3333 time 1666.5 binding_event at gene tetA enzyme RNAP with twist -153.42658 superhelical -0.07943 global twist -80.18541 global supercoiling -0.02284
frame 3359 time 1679.5 binding_event at DNA_topoI 33 enzyme topoI with twist -231.03086 superhelical -0.10583 global twist -80.18541 global supercoiling -0.02296
frame 3361 time 1680.5 unbinding_event at gene tetA enzyme RNAP with twist 161.61662 superhelical -0.08022 global twist -72.40623 global supercoiling -0.02117
frame 3364 time 1682.0 binding_event at gene Raspberry enzyme RNAP with twist -188.44253 superhelical -0.10852 global twist -60.73746 global supercoiling -0.01766
frame 3364 time 1682.0 unbinding_event at DNA_topoI 33 enzyme topoI with twist -65.61239 superhelical -0.08430 global twist -60.73746 global supercoiling -0.01766
frame 3373 time 1686.5 binding_event at gene tetA enzyme RNAP with twist -163.62327 superhelical -0.10973 global twist -56.84787 global supercoiling -0.01628
frame 3373 time 1686.5 unbinding_event at gene tetA enzyme RNAP with twist 127.01352 superhelical -0.11115 global twist -56.84787 global supercoiling -0.01628
frame 3391 time 1695.5 unbinding_event at gene Raspberry enzyme RNAP with twist -248.48844 superhelical -0.12850 global twist -56.84787 global supercoiling -0.01628
frame 3407 time 1703.5 binding_event at gene tetA enzyme RNAP with twist -302.34431 superhelical -0.12995 global twist -56.84787 global supercoiling -0.01619
frame 3413 time 1706.5 unbinding_event at gene tetA enzyme RNAP with twist 193.16130 superhelical -0.13103 global twist -56.84787 global supercoiling -0.01628
frame 3415 time 1707.5 binding_event at DNA_topoI 40 enzyme topoI with twist -253.59956 superhelical -0.13636 global twist -56.84787 global supercoiling -0.01619
frame 3417 time 1708.5 unbinding_event at DNA_topoI 40 enzyme topoI with twist -252.70196 superhelical -0.13580 global twist -49.06869 global supercoiling -0.01427
frame 3426 time 1713.0 binding_event at DNA_topoI 49 enzyme topoI with twist -281.42509 superhelical -0.13679 global twist -45.17909 global supercoiling -0.01287
frame 3429 time 1714.5 unbinding_event at DNA_topoI 49 enzyme topoI with twist -280.22829 superhelical -0.13692 global twist -33.51032 global supercoiling -0.00974
frame 3445 time 1722.5 binding_event at gene tetA enzyme RNAP with twist -334.08417 superhelical -0.13930 global twist -29.62073 global supercoiling -0.00844
frame 3447 time 1723.5 unbinding_event at gene tetA enzyme RNAP with twist 222.13470 superhelical -0.14042 global twist -29.62073 global supercoiling -0.00848
frame 3469 time 1734.5 binding_event at DNA_topoI 33 enzyme topoI with twist -327.15365 superhelical -0.15237 global twist -29.62073 global supercoiling -0.00844
frame 3474 time 1737.0 unbinding_event at DNA_topoI 33 enzyme topoI with twist -325.35846 superhelical -0.13252 global twist -10.17278 global supercoiling -0.00296
frame 3485 time 1742.5 unbinding_event at gene tetA enzyme RNAP with twist -6.28319 superhelical -0.14878 global twist -6.28319 global supercoiling -0.00179
frame 3488 time 1744.0 binding_event at gene tetA enzyme RNAP with twist -6.28319 superhelical -0.00178 global twist -6.28319 global supercoiling -0.00178
frame 3528 time 1764.0 unbinding_event at gene tetA enzyme RNAP with twist -6.28319 superhelical -0.06128 global twist -6.28319 global supercoiling -0.00179
frame 3539 time 1769.5 binding_event at DNA_gyrase 4 enzyme gyrase with twist -6.28319 superhelical -0.00178 global twist -6.28319 global supercoiling -0.00178
frame 3540 time 1770.0 binding_event at gene tetA enzyme RNAP with twist -4.92933 superhelical -0.00250 global twist -8.97598 global supercoiling -0.00260
frame 3541 time 1770.5 binding_event at gene tetA enzyme RNAP with twist -7.92168 superhelical -0.00457 global twist -11.66877 global supercoiling -0.00339
frame 3542 time 1771.0 unbinding_event at DNA_gyrase 4 enzyme gyrase with twist -1.95190 superhelical 0.03350 global twist -14.36157 global supercoiling -0.00420
frame 3544 time 1772.0 binding_event at DNA_gyrase 45 enzyme gyrase with twist -18.68734 superhelical -0.01056 global twist -17.05436 global supercoiling -0.00488
frame 3552 time 1776.0 binding_event at gene tetA enzyme RNAP with twist -43.58998 superhelical -0.08451 global twist -38.59671 global supercoiling -0.01128
frame 3563 time 1781.5 unbinding_event at DNA_gyrase 45 enzyme gyrase with twist -128.70066 superhelical -0.03131 global twist -68.21744 global supercoiling -0.02006
frame 3567 time 1783.5 binding_event at DNA_topoI 27 enzyme topoI with twist -139.47184 superhelical -0.07025 global twist -70.91023 global supercoiling -0.02042
frame 3572 time 1786.0 binding_event at gene tetA enzyme RNAP with twist -145.25754 superhelical -0.07374 global twist -51.46228 global supercoiling -0.01513
frame 3572 time 1786.0 unbinding_event at DNA_topoI 27 enzyme topoI with twist -112.36797 superhelical 0.27533 global twist -51.46228 global supercoiling -0.01513
frame 3580 time 1790.0 unbinding_event at gene tetA enzyme RNAP with twist 134.47747 superhelical -0.00461 global twist -47.57269 global supercoiling -0.01377
frame 3581 time 1790.5 unbinding_event at gene tetA enzyme RNAP with twist 122.41748 superhelical -0.08776 global twist -47.57269 global supercoiling -0.01370
frame 3585 time 1792.5 binding_event at DNA_topoI 0 enzyme topoI with twist -155.45267 superhelical -0.07974 global twist -47.57269 global supercoiling -0.01362
frame 3589 time 1794.5 unbinding_event at DNA_topoI 0 enzyme topoI with twist -153.95667 superhelical -0.07701 global twist -32.01433 global supercoiling -0.00936
frame 3592 time 1796.0 unbinding_event at gene tetA enzyme RNAP with twist 136.60311 superhelical -0.07446 global twist -28.12473 global supercoiling -0.00805
frame 3601 time 1800.5 binding_event at gene Raspberry enzyme RNAP with twist -193.45098 superhelical -0.08649 global twist -28.12473 global supercoiling -0.00801
frame 3603 time 1801.5 binding_event at DNA_topoI 3 enzyme topoI with twist -126.94894 superhelical -0.08723 global twist -28.12473 global supercoiling -0.00805
frame 3605 time 1802.5 unbinding_event at DNA_topoI 3 enzyme topoI with twist -115.28017 superhelical -0.08043 global twist -20.34555 global supercoiling -0.00595
frame 3612 time 1806.0 unbinding_event at gene tetA enzyme RNAP with twist 93.13077 superhelical -0.07921 global twist -16.45596 global supercoiling -0.00471
frame 3621 time 1810.5 binding_event at DNA_gyrase 7 enzyme gyrase with twist 121.85391 superhelical 0.05098 global twist -16.45596 global supercoiling -0.00469
frame 3622 time 1811.0 unbinding_event at DNA_gyrase 7 enzyme gyrase with twist 123.64910 superhelical 0.05887 global twist -19.14876 global supercoiling -0.00557
frame 3628 time 1814.0 unbinding_event at gene Raspberry enzyme RNAP with twist -21.84155 superhelical -0.13204 global twist -21.84155 global supercoiling -0.00622
frame 3667 time 1833.5 binding_event at DNA_gyrase 20 enzyme gyrase with twist -21.84155 superhelical -0.00619 global twist -21.84155 global supercoiling -0.00619
frame 3675 time 1837.5 unbinding_event at DNA_gyrase 20 enzyme gyrase with twist -46.07669 superhelical -0.01020 global twist -43.38390 global supercoiling -0.01254
frame 3716 time 1858.0 binding_event at gene tetA enzyme RNAP with twist -46.07669 superhelical -0.01305 global twist -46.07669 global supercoiling -0.01305
frame 3741 time 1870.5 binding_event at DNA_topoI 4 enzyme topoI with twist -112.27989 superhelical -0.05186 global twist -46.07669 global supercoiling -0.01312
frame 3746 time 1873.0 unbinding_event at DNA_topoI 4 enzyme topoI with twist -110.48470 superhelical -0.04772 global twist -26.62874 global supercoiling -0.00774
frame 3747 time 1873.5 binding_event at DNA_topoI 35 enzyme topoI with twist -110.48470 superhelical -0.04861 global twist -22.73915 global supercoiling -0.00648
frame 3756 time 1878.0 unbinding_event at gene tetA enzyme RNAP with twist 27.22878 superhelical -0.05440 global twist 12.26717 global supercoiling 0.00357
frame 3757 time 1878.5 unbinding_event at DNA_topoI 35 enzyme topoI with twist 20.04635 superhelical -0.01501 global twist 16.15676 global supercoiling 0.00467
frame 3789 time 1894.5 binding_event at DNA_gyrase 19 enzyme gyrase with twist 20.04635 superhelical 0.00568 global twist 20.04635 global supercoiling 0.00568
frame 3790 time 1895.0 unbinding_event at DNA_gyrase 19 enzyme gyrase with twist 14.66077 superhelical 0.00491 global twist 17.35356 global supercoiling 0.00502
frame 3807 time 1903.5 binding_event at DNA_gyrase 1 enzyme gyrase with twist 14.66077 superhelical 0.00415 global twist 14.66077 global supercoiling 0.00415
frame 3812 time 1906.0 unbinding_event at DNA_gyrase 1 enzyme gyrase with twist -1.49600 superhelical -0.00036 global twist 1.19680 global supercoiling 0.00035
frame 3838 time 1919.0 binding_event at gene tetA enzyme RNAP with twist -1.49600 superhelical -0.00042 global twist -1.49600 global supercoiling -0.00042
frame 3878 time 1939.0 unbinding_event at gene tetA enzyme RNAP with twist -1.49600 superhelical -0.06033 global twist -1.49600 global supercoiling -0.00043
frame 3899 time 1949.5 binding_event at DNA_gyrase 39 enzyme gyrase with twist -1.49600 superhelical -0.00042 global twist -1.49600 global supercoiling -0.00042
frame 3899 time 1949.5 unbinding_event at DNA_gyrase 39 enzyme gyrase with twist -4.18879 superhelical -0.00194 global twist -1.49600 global supercoiling -0.00042
frame 3912 time 1956.0 binding_event at gene tetA enzyme RNAP with twist -4.18879 superhelical -0.00119 global twist -4.18879 global supercoiling -0.00119
frame 3921 time 1960.5 binding_event at DNA_gyrase 11 enzyme gyrase with twist 30.17202 superhelical 0.01847 global twist -4.18879 global supercoiling -0.00119
frame 3922 time 1961.0 unbinding_event at DNA_gyrase 11 enzyme gyrase with twist 31.96721 superhelical 0.02888 global twist -6.88158 global supercoiling -0.00200
frame 3952 time 1976.0 unbinding_event at gene tetA enzyme RNAP with twist -9.57438 superhelical -0.06086 global twist -9.57438 global supercoiling -0.00273
frame 3959 time 1979.5 binding_event at gene Raspberry enzyme RNAP with twist -9.57438 superhelical -0.00271 global twist -9.57438 global supercoiling -0.00271
frame 3986 time 1993.0 unbinding_event at gene Raspberry enzyme RNAP with twist -9.57438 superhelical -0.08111 global twist -9.57438 global supercoiling -0.00273
frame 3990 time 1995.0 binding_event at gene tetA enzyme RNAP with twist -9.57438 superhelical -0.00271 global twist -9.57438 global supercoiling -0.00271
frame 4030 time 2015.0 unbinding_event at gene tetA enzyme RNAP with twist -9.57438 superhelical -0.06194 global twist -9.57438 global supercoiling -0.00273
frame 4041 time 2020.5 binding_event at gene tetA enzyme RNAP with twist -9.57438 superhelical -0.00271 global twist -9.57438 global supercoiling -0.00271
frame 4044 time 2022.0 binding_event at DNA_gyrase 28 enzyme gyrase with twist -15.45068 superhelical -0.00873 global twist -9.57438 global supercoiling -0.00273
frame 4047 time 2023.5 unbinding_event at DNA_gyrase 28 enzyme gyrase with twist -40.58342 superhelical -0.06023 global twist -17.65276 global supercoiling -0.00513
frame 4081 time 2040.5 unbinding_event at gene tetA enzyme RNAP with twist -20.34555 superhelical -0.06633 global twist -20.34555 global supercoiling -0.00579
frame 4098 time 2049.0 binding_event at DNA_topoI 1 enzyme topoI with twist -20.34555 superhelical -0.00576 global twist -20.34555 global supercoiling -0.00576
frame 4100 time 2050.0 unbinding_event at DNA_topoI 1 enzyme topoI with twist -8.67678 superhelical -0.00256 global twist -12.56637 global supercoiling -0.00363
frame 4168 time 2084.0 binding_event at DNA_topoI 36 enzyme topoI with twist -8.67678 superhelical -0.00246 global twist -8.67678 global supercoiling -0.00246
frame 4169 time 2084.5 unbinding_event at DNA_topoI 36 enzyme topoI with twist -0.89760 superhelical 0.00321 global twist -4.78719 global supercoiling -0.00138
frame 4221 time 2110.5 binding_event at DNA_gyrase 10 enzyme gyrase with twist -0.89760 superhelical -0.00025 global twist -0.89760 global supercoiling -0.00025
frame 4224 time 2112.0 unbinding_event at DNA_gyrase 10 enzyme gyrase with twist -11.66877 superhelical -0.00250 global twist -8.97598 global supercoiling -0.00260
frame 4241 time 2120.5 binding_event at gene Raspberry enzyme RNAP with twist -11.66877 superhelical -0.00331 global twist -11.66877 global supercoiling -0.00331
frame 4268 time 2134.0 unbinding_event at gene Raspberry enzyme RNAP with twist -11.66877 superhelical -0.08147 global twist -11.66877 global supercoiling -0.00332
frame 4330 time 2165.0 binding_event at DNA_gyrase 36 enzyme gyrase with twist -11.66877 superhelical -0.00331 global twist -11.66877 global supercoiling -0.00331
frame 4338 time 2169.0 unbinding_event at DNA_gyrase 36 enzyme gyrase with twist -35.90392 superhelical -0.02120 global twist -33.21112 global supercoiling -0.00960
frame 4426 time 2213.0 binding_event at gene tetA enzyme RNAP with twist -35.90392 superhelical -0.01017 global twist -35.90392 global supercoiling -0.01017
frame 4461 time 2230.5 binding_event at DNA_topoI 3 enzyme topoI with twist -143.21184 superhelical -0.06108 global twist -35.90392 global supercoiling -0.01022
frame 4463 time 2231.5 unbinding_event at DNA_topoI 3 enzyme topoI with twist -142.31424 superhelical -0.05994 global twist -28.12473 global supercoiling -0.00818
frame 4466 time 2233.0 unbinding_event at gene tetA enzyme RNAP with twist -24.23514 superhelical -0.06243 global twist -24.23514 global supercoiling -0.00690
frame 4518 time 2259.0 binding_event at DNA_gyrase 1 enzyme gyrase with twist -24.23514 superhelical -0.00686 global twist -24.23514 global supercoiling -0.00686
frame 4524 time 2262.0 unbinding_event at DNA_gyrase 1 enzyme gyrase with twist -43.08470 superhelical -0.01237 global twist -40.39191 global supercoiling -0.01168
frame 4574 time 2287.0 binding_event at DNA_gyrase 31 enzyme gyrase with twist -43.08470 superhelical -0.01220 global twist -43.08470 global supercoiling -0.01220
frame 4581 time 2290.5 unbinding_event at DNA_gyrase 31 enzyme gyrase with twist -64.62705 superhelical -0.04604 global twist -61.93426 global supercoiling -0.01791
frame 4612 time 2306.0 binding_event at DNA_gyrase 35 enzyme gyrase with twist -64.62705 superhelical -0.01831 global twist -64.62705 global supercoiling -0.01831
frame 4616 time 2308.0 unbinding_event at DNA_gyrase 35 enzyme gyrase with twist -78.09102 superhelical -0.02976 global twist -75.39822 global supercoiling -0.02180
frame 4620 time 2310.0 binding_event at DNA_topoI 37 enzyme topoI with twist -78.09102 superhelical -0.02212 global twist -78.09102 global supercoiling -0.02212
frame 4625 time 2312.5 unbinding_event at DNA_topoI 37 enzyme topoI with twist -54.75347 superhelical -0.00705 global twist -58.64306 global supercoiling -0.01696
frame 4688 time 2344.0 binding_event at DNA_gyrase 0 enzyme gyrase with twist -54.75347 superhelical -0.01551 global twist -54.75347 global supercoiling -0.01551
frame 4689 time 2344.5 binding_event at gene Raspberry enzyme RNAP with twist -28.02214 superhelical -0.01663 global twist -57.44627 global supercoiling -0.01661
frame 4697 time 2348.5 unbinding_event at DNA_gyrase 0 enzyme gyrase with twist -36.54454 superhelical 0.00673 global twist -78.98862 global supercoiling -0.02296
frame 4716 time 2358.0 unbinding_event at gene Raspberry enzyme RNAP with twist -81.68141 superhelical -0.08961 global twist -81.68141 global supercoiling -0.02326
frame 4758 time 2379.0 binding_event at DNA_gyrase 47 enzyme gyrase with twist -81.68141 superhelical -0.02314 global twist -81.68141 global supercoiling -0.02314
frame 4758 time 2379.0 unbinding_event at DNA_gyrase 47 enzyme gyrase with twist -84.37420 superhelical -0.02453 global twist -81.68141 global supercoiling -0.02314
frame 4826 time 2413.0 binding_event at DNA_gyrase 10 enzyme gyrase with twist -84.37420 superhelical -0.02390 global twist -84.37420 global supercoiling -0.02390
frame 4826 time 2413.0 unbinding_event at DNA_gyrase 10 enzyme gyrase with twist -87.06700 superhelical -0.02495 global twist -84.37420 global supercoiling -0.02390
frame 4842 time 2421.0 binding_event at DNA_gyrase 14 enzyme gyrase with twist -87.06700 superhelical -0.02466 global twist -87.06700 global supercoiling -0.02466
frame 4843 time 2421.5 unbinding_event at DNA_gyrase 14 enzyme gyrase with twist -92.45258 superhelical -0.02617 global twist -89.75979 global supercoiling -0.02595
frame 4888 time 2444.0 binding_event at gene tetA enzyme RNAP with twist -92.45258 superhelical -0.02619 global twist -92.45258 global supercoiling -0.02619
frame 4928 time 2464.0 unbinding_event at gene tetA enzyme RNAP with twist -92.45258 superhelical -0.07846 global twist -92.45258 global supercoiling -0.02633
frame 4952 time 2476.0 binding_event at DNA_topoI 4 enzyme topoI with twist -92.45258 superhelical -0.02619 global twist -92.45258 global supercoiling -0.02619
frame 4953 time 2476.5 unbinding_event at DNA_topoI 4 enzyme topoI with twist -84.67340 superhelical -0.02476 global twist -88.56299 global supercoiling -0.02561
frame 4991 time 2495.5 binding_event at DNA_topoI 21 enzyme topoI with twist -84.67340 superhelical -0.02398 global twist -84.67340 global supercoiling -0.02398
frame 4991 time 2495.5 unbinding_event at DNA_topoI 21 enzyme topoI with twist -80.78381 superhelical -0.02387 global twist -84.67340 global supercoiling -0.02398
frame 5021 time 2510.5 binding_event at gene tetA enzyme RNAP with twist -80.78381 superhelical -0.02288 global twist -80.78381 global supercoiling -0.02288
frame 5045 time 2522.5 binding_event at DNA_topoI 41 enzyme topoI with twist -125.65269 superhelical -0.05852 global twist -80.78381 global supercoiling -0.02301
frame 5048 time 2524.0 binding_event at DNA_gyrase 19 enzyme gyrase with twist 55.64006 superhelical 0.04246 global twist -69.11504 global supercoiling -0.02009
frame 5048 time 2524.0 unbinding_event at DNA_gyrase 19 enzyme gyrase with twist 56.53765 superhelical 0.04868 global twist -69.11504 global supercoiling -0.02009
frame 5051 time 2525.5 binding_event at gene tetA enzyme RNAP with twist -72.62746 superhelical -0.06348 global twist -60.13906 global supercoiling -0.01748
frame 5055 time 2527.5 unbinding_event at DNA_topoI 41 enzyme topoI with twist -88.82925 superhelical -0.03996 global twist -44.58070 global supercoiling -0.01303
frame 5061 time 2530.5 unbinding_event at gene tetA enzyme RNAP with twist 69.68049 superhelical -0.06456 global twist -40.69110 global supercoiling -0.01165
frame 5069 time 2534.5 binding_event at DNA_topoI 33 enzyme topoI with twist -135.50434 superhelical -0.06645 global twist -40.69110 global supercoiling -0.01159
frame 5073 time 2536.5 unbinding_event at DNA_topoI 33 enzyme topoI with twist -134.00834 superhelical -0.04793 global twist -25.13274 global supercoiling -0.00731
frame 5088 time 2544.0 binding_event at gene tetA enzyme RNAP with twist -184.27382 superhelical -0.07741 global twist -21.24315 global supercoiling -0.00605
frame 5091 time 2545.5 unbinding_event at gene tetA enzyme RNAP with twist 127.05084 superhelical -0.07804 global twist -21.24315 global supercoiling -0.00608
frame 5103 time 2551.5 binding_event at DNA_gyrase 17 enzyme gyrase with twist 166.54514 superhelical 0.10914 global twist -21.24315 global supercoiling -0.00605
frame 5103 time 2551.5 unbinding_event at DNA_gyrase 17 enzyme gyrase with twist 167.44274 superhelical 0.11940 global twist -21.24315 global supercoiling -0.00605
frame 5106 time 2553.0 binding_event at gene mKalama1 enzyme RNAP with twist -198.55947 superhelical -0.09736 global twist -23.93594 global supercoiling -0.00682
frame 5115 time 2557.5 binding_event at gene mKalama1 enzyme RNAP with twist -199.54868 superhelical -0.11767 global twist -23.93594 global supercoiling -0.00685
frame 5124 time 2562.0 binding_event at gene Raspberry enzyme RNAP with twist -247.22620 superhelical -0.13310 global twist -23.93594 global supercoiling -0.00689
frame 5126 time 2563.0 binding_event at gene tetA enzyme RNAP with twist -212.62097 superhelical -0.13449 global twist -23.93594 global supercoiling -0.00693
frame 5128 time 2564.0 unbinding_event at gene tetA enzyme RNAP with twist 166.94045 superhelical -0.13614 global twist -23.93594 global supercoiling -0.00697
frame 5133 time 2566.5 unbinding_event at gene mKalama1 enzyme RNAP with twist 19.94359 superhelical 0.25476 global twist -23.93594 global supercoiling -0.00693
frame 5142 time 2571.0 unbinding_event at gene mKalama1 enzyme RNAP with twist -118.78299 superhelical 0.36086 global twist -23.93594 global supercoiling -0.00689
frame 5151 time 2575.5 unbinding_event at gene Raspberry enzyme RNAP with twist -273.45540 superhelical -0.11944 global twist -23.93594 global supercoiling -0.00685
frame 5166 time 2583.0 unbinding_event at gene tetA enzyme RNAP with twist -23.93594 superhelical -0.13347 global twist -23.93594 global supercoiling -0.00682
frame 5209 time 2604.5 binding_event at DNA_gyrase 30 enzyme gyrase with twist -23.93594 superhelical -0.00678 global twist -23.93594 global supercoiling -0.00678
frame 5212 time 2606.0 unbinding_event at DNA_gyrase 30 enzyme gyrase with twist -34.70712 superhelical -0.02856 global twist -32.01433 global supercoiling -0.00926
frame 5237 time 2618.5 binding_event at gene tetA enzyme RNAP with twist -34.70712 superhelical -0.00983 global twist -34.70712 global supercoiling -0.00983
frame 5277 time 2638.5 unbinding_event at gene tetA enzyme RNAP with twist -34.70712 superhelical -0.06695 global twist -34.70712 global supercoiling -0.00988
frame 5309 time 2654.5 binding_event at DNA_topoI 5 enzyme topoI with twist -34.70712 superhelical -0.00983 global twist -34.70712 global supercoiling -0.00983
frame 5316 time 2658.0 binding_event at gene tetA enzyme RNAP with twist -6.89846 superhelical -0.00337 global twist -7.47998 global supercoiling -0.00216
frame 5321 time 2660.5 unbinding_event at DNA_topoI 5 enzyme topoI with twist 43.24648 superhelical 0.15995 global twist 11.96797 global supercoiling 0.00348
frame 5356 time 2678.0 unbinding_event at gene tetA enzyme RNAP with twist 15.85756 superhelical -0.06241 global twist 15.85756 global supercoiling 0.00452
frame 5479 time 2739.5 binding_event at DNA_gyrase 23 enzyme gyrase with twist 15.85756 superhelical 0.00449 global twist 15.85756 global supercoiling 0.00449
frame 5479 time 2739.5 unbinding_event at DNA_gyrase 23 enzyme gyrase with twist 13.16477 superhelical 0.00418 global twist 15.85756 global supercoiling 0.00449
frame 5497 time 2748.5 binding_event at DNA_gyrase 1 enzyme gyrase with twist 13.16477 superhelical 0.00373 global twist 13.16477 global supercoiling 0.00373
frame 5504 time 2752.0 unbinding_event at DNA_gyrase 1 enzyme gyrase with twist -8.37758 superhelical -0.00232 global twist -5.68479 global supercoiling -0.00164
frame 5574 time 2787.0 binding_event at DNA_gyrase 1 enzyme gyrase with twist -8.37758 superhelical -0.00237 global twist -8.37758 global supercoiling -0.00237
frame 5580 time 2790.0 unbinding_event at DNA_gyrase 1 enzyme gyrase with twist -27.22714 superhelical -0.00779 global twist -24.53434 global supercoiling -0.00709
frame 5584 time 2792.0 binding_event at DNA_gyrase 0 enzyme gyrase with twist -27.22714 superhelical -0.00771 global twist -27.22714 global supercoiling -0.00771
frame 5585 time 2792.5 unbinding_event at DNA_gyrase 0 enzyme gyrase with twist -32.61272 superhelical -0.00947 global twist -29.91993 global supercoiling -0.00865
frame 5623 time 2811.5 binding_event at DNA_gyrase 47 enzyme gyrase with twist -32.61272 superhelical -0.00924 global twist -32.61272 global supercoiling -0.00924
frame 5630 time 2815.0 unbinding_event at DNA_gyrase 47 enzyme gyrase with twist -54.15507 superhelical -0.01676 global twist -51.46228 global supercoiling -0.01488
frame 5682 time 2841.0 binding_event at gene mKalama1 enzyme RNAP with twist -54.15507 superhelical -0.01534 global twist -54.15507 global supercoiling -0.01534
frame 5701 time 2850.5 binding_event at gene tetA enzyme RNAP with twist -112.38686 superhelical -0.03507 global twist -54.15507 global supercoiling -0.01542
frame 5703 time 2851.5 binding_event at DNA_gyrase 27 enzyme gyrase with twist 65.41257 superhelical 0.24184 global twist -54.15507 global supercoiling -0.01551
frame 5703 time 2851.5 unbinding_event at DNA_gyrase 27 enzyme gyrase with twist 66.31017 superhelical 0.28908 global twist -54.15507 global supercoiling -0.01551
frame 5709 time 2854.5 unbinding_event at gene mKalama1 enzyme RNAP with twist -25.83296 superhelical 0.60666 global twist -56.84787 global supercoiling -0.01628
frame 5712 time 2856.0 binding_event at DNA_gyrase 7 enzyme gyrase with twist -23.83413 superhelical -0.01492 global twist -56.84787 global supercoiling -0.01619
frame 5716 time 2858.0 binding_event at DNA_gyrase 9 enzyme gyrase with twist -25.23801 superhelical -0.01986 global twist -67.61904 global supercoiling -0.01966
frame 5721 time 2860.5 unbinding_event at DNA_gyrase 9 enzyme gyrase with twist -49.47316 superhelical -0.24605 global twist -94.54698 global supercoiling -0.02807
frame 5722 time 2861.0 unbinding_event at DNA_gyrase 7 enzyme gyrase with twist -30.11731 superhelical 0.36038 global twist -99.93257 global supercoiling -0.02905
frame 5741 time 2870.5 unbinding_event at gene tetA enzyme RNAP with twist -102.62536 superhelical -0.05739 global twist -102.62536 global supercoiling -0.02923
frame 5758 time 2879.0 binding_event at DNA_topoI 49 enzyme topoI with twist -102.62536 superhelical -0.02907 global twist -102.62536 global supercoiling -0.02907
frame 5760 time 2880.0 unbinding_event at DNA_topoI 49 enzyme topoI with twist -90.95659 superhelical -0.02605 global twist -94.84618 global supercoiling -0.02742
frame 5763 time 2881.5 binding_event at gene tetA enzyme RNAP with twist -90.95659 superhelical -0.02576 global twist -90.95659 global supercoiling -0.02576
frame 5775 time 2887.5 binding_event at DNA_topoI 46 enzyme topoI with twist -87.53996 superhelical -0.04532 global twist -90.95659 global supercoiling -0.02590
frame 5779 time 2889.5 unbinding_event at DNA_topoI 46 enzyme topoI with twist -86.04397 superhelical -0.04011 global twist -75.39822 global supercoiling -0.02192
frame 5799 time 2899.5 binding_event at DNA_gyrase 10 enzyme gyrase with twist 82.75277 superhelical 0.07203 global twist -71.50863 global supercoiling -0.02036
frame 5802 time 2901.0 unbinding_event at DNA_gyrase 10 enzyme gyrase with twist -94.25724 superhelical -0.06923 global twist -79.58701 global supercoiling -0.02314
frame 5803 time 2901.5 unbinding_event at gene tetA enzyme RNAP with twist -82.27981 superhelical -0.03990 global twist -82.27981 global supercoiling -0.02343
frame 5818 time 2909.0 binding_event at DNA_topoI 48 enzyme topoI with twist -82.27981 superhelical -0.02331 global twist -82.27981 global supercoiling -0.02331
frame 5821 time 2910.5 unbinding_event at DNA_topoI 48 enzyme topoI with twist -66.72144 superhelical -0.01874 global twist -70.61103 global supercoiling -0.02042
frame 5871 time 2935.5 binding_event at gene tetA enzyme RNAP with twist -66.72144 superhelical -0.01890 global twist -66.72144 global supercoiling -0.01890
frame 5911 time 2955.5 unbinding_event at gene tetA enzyme RNAP with twist -66.72144 superhelical -0.07333 global twist -66.72144 global supercoiling -0.01900
frame 6075 time 3037.5 binding_event at DNA_gyrase 36 enzyme gyrase with twist -66.72144 superhelical -0.01890 global twist -66.72144 global supercoiling -0.01890
frame 6077 time 3038.5 unbinding_event at DNA_gyrase 36 enzyme gyrase with twist -74.79983 superhelical -0.02523 global twist -72.10703 global supercoiling -0.02085
frame 6079 time 3039.5 binding_event at gene mKalama1 enzyme RNAP with twist -74.79983 superhelical -0.02119 global twist -74.79983 global supercoiling -0.02119
frame 6106 time 3053.0 unbinding_event at gene mKalama1 enzyme RNAP with twist -74.79983 superhelical 0.59897 global twist -74.79983 global supercoiling -0.02130
frame 6126 time 3063.0 binding_event at DNA_gyrase 7 enzyme gyrase with twist -74.79983 superhelical -0.02119 global twist -74.79983 global supercoiling -0.02119
frame 6132 time 3066.0 unbinding_event at DNA_gyrase 7 enzyme gyrase with twist -93.64938 superhelical -0.02593 global twist -90.95659 global supercoiling -0.02630
frame 6134 time 3067.0 binding_event at gene tetA enzyme RNAP with twist -93.64938 superhelical -0.02653 global twist -93.64938 global supercoiling -0.02653
frame 6140 time 3070.0 binding_event at DNA_topoI 33 enzyme topoI with twist -67.31372 superhelical -0.03691 global twist -93.64938 global supercoiling -0.02667
frame 6141 time 3070.5 unbinding_event at DNA_topoI 33 enzyme topoI with twist -66.71533 superhelical -0.03004 global twist -89.75979 global supercoiling -0.02610
frame 6155 time 3077.5 binding_event at gene tetA enzyme RNAP with twist -113.39042 superhelical -0.05417 global twist -85.87020 global supercoiling -0.02445
frame 6174 time 3087.0 unbinding_event at gene tetA enzyme RNAP with twist 79.76444 superhelical -0.05467 global twist -85.87020 global supercoiling -0.02459
frame 6195 time 3097.5 unbinding_event at gene tetA enzyme RNAP with twist -85.87020 superhelical -0.09829 global twist -85.87020 global supercoiling -0.02445
frame 6210 time 3105.0 binding_event at gene tetA enzyme RNAP with twist -85.87020 superhelical -0.02432 global twist -85.87020 global supercoiling -0.02432
frame 6219 time 3109.5 binding_event at gene tetA enzyme RNAP with twist -74.28280 superhelical -0.03956 global twist -85.87020 global supercoiling -0.02445
frame 6250 time 3125.0 unbinding_event at gene tetA enzyme RNAP with twist 97.61315 superhelical -0.03997 global twist -85.87020 global supercoiling -0.02459
frame 6259 time 3129.5 unbinding_event at gene tetA enzyme RNAP with twist -85.87020 superhelical -0.08800 global twist -85.87020 global supercoiling -0.02445
frame 6350 time 3175.0 binding_event at DNA_topoI 43 enzyme topoI with twist -85.87020 superhelical -0.02432 global twist -85.87020 global supercoiling -0.02432
frame 6356 time 3178.0 unbinding_event at DNA_topoI 43 enzyme topoI with twist -58.64306 superhelical -0.01331 global twist -62.53265 global supercoiling -0.01808
frame 6359 time 3179.5 binding_event at DNA_gyrase 12 enzyme gyrase with twist -58.64306 superhelical -0.01661 global twist -58.64306 global supercoiling -0.01661
frame 6360 time 3180.0 unbinding_event at DNA_gyrase 12 enzyme gyrase with twist -64.02865 superhelical -0.01801 global twist -61.33586 global supercoiling -0.01773
frame 6382 time 3191.0 binding_event at gene tetA enzyme RNAP with twist -64.02865 superhelical -0.01814 global twist -64.02865 global supercoiling -0.01814
frame 6406 time 3203.0 binding_event at gene tetA enzyme RNAP with twist -117.46356 superhelical -0.05471 global twist -64.02865 global supercoiling -0.01823
frame 6420 time 3210.0 binding_event at DNA_gyrase 21 enzyme gyrase with twist 103.70040 superhelical 0.09317 global twist -64.02865 global supercoiling -0.01833
frame 6422 time 3211.0 unbinding_event at gene tetA enzyme RNAP with twist 61.24454 superhelical -0.05520 global twist -69.41424 global supercoiling -0.02029
frame 6424 time 3212.0 unbinding_event at DNA_gyrase 21 enzyme gyrase with twist 85.46203 superhelical 0.05887 global twist -74.79983 global supercoiling -0.02175
frame 6446 time 3223.0 unbinding_event at gene tetA enzyme RNAP with twist -77.49262 superhelical -0.09866 global twist -77.49262 global supercoiling -0.02207
frame 6460 time 3230.0 binding_event at gene tetA enzyme RNAP with twist -77.49262 superhelical -0.02195 global twist -77.49262 global supercoiling -0.02195
frame 6472 time 3236.0 binding_event at DNA_topoI 3 enzyme topoI with twist -80.95941 superhelical -0.04191 global twist -77.49262 global supercoiling -0.02207
frame 6472 time 3236.0 unbinding_event at DNA_topoI 3 enzyme topoI with twist -80.66022 superhelical -0.04068 global twist -77.49262 global supercoiling -0.02207
frame 6482 time 3241.0 binding_event at DNA_gyrase 24 enzyme gyrase with twist 39.37071 superhelical 0.02812 global twist -73.60303 global supercoiling -0.02096
frame 6485 time 3242.5 unbinding_event at DNA_gyrase 24 enzyme gyrase with twist 42.96110 superhelical 0.03884 global twist -81.68141 global supercoiling -0.02375
frame 6500 time 3250.0 unbinding_event at gene tetA enzyme RNAP with twist -84.37420 superhelical -0.07389 global twist -84.37420 global supercoiling -0.02403
frame 6656 time 3328.0 binding_event at DNA_gyrase 42 enzyme gyrase with twist -84.37420 superhelical -0.02390 global twist -84.37420 global supercoiling -0.02390
frame 6658 time 3329.0 unbinding_event at DNA_gyrase 42 enzyme gyrase with twist -92.45258 superhelical -0.02803 global twist -89.75979 global supercoiling -0.02595
frame 6675 time 3337.5 binding_event at DNA_topoI 40 enzyme topoI with twist -92.45258 superhelical -0.02619 global twist -92.45258 global supercoiling -0.02619
frame 6676 time 3338.0 unbinding_event at DNA_topoI 40 enzyme topoI with twist -84.67340 superhelical -0.02271 global twist -88.56299 global supercoiling -0.02561
frame 6686 time 3343.0 binding_event at DNA_topoI 23 enzyme topoI with twist -84.67340 superhelical -0.02398 global twist -84.67340 global supercoiling -0.02398
frame 6691 time 3345.5 unbinding_event at DNA_topoI 23 enzyme topoI with twist -61.33586 superhelical -0.02098 global twist -65.22545 global supercoiling -0.01886
frame 6708 time 3354.0 binding_event at DNA_gyrase 11 enzyme gyrase with twist -61.33586 superhelical -0.01737 global twist -61.33586 global supercoiling -0.01737
frame 6720 time 3360.0 unbinding_event at DNA_gyrase 11 enzyme gyrase with twist -96.34217 superhelical -0.02481 global twist -93.64938 global supercoiling -0.02708
frame 6727 time 3363.5 binding_event at gene tetA enzyme RNAP with twist -96.34217 superhelical -0.02729 global twist -96.34217 global supercoiling -0.02729
frame 6735 time 3367.5 binding_event at gene mKalama1 enzyme RNAP with twist -75.81062 superhelical -0.04076 global twist -96.34217 global supercoiling -0.02744
frame 6749 time 3374.5 binding_event at DNA_gyrase 13 enzyme gyrase with twist 29.73392 superhelical 0.02123 global twist -96.34217 global supercoiling -0.02759
frame 6755 time 3377.5 binding_event at DNA_topoI 40 enzyme topoI with twist -192.75948 superhelical -0.10085 global twist -112.49894 global supercoiling -0.03289
frame 6755 time 3377.5 unbinding_event at DNA_topoI 40 enzyme topoI with twist -196.05067 superhelical -0.10444 global twist -112.49894 global supercoiling -0.03289
frame 6762 time 3381.0 unbinding_event at gene mKalama1 enzyme RNAP with twist -172.45199 superhelical 0.51007 global twist -127.45890 global supercoiling -0.03726
frame 6767 time 3383.5 unbinding_event at gene tetA enzyme RNAP with twist -136.83882 superhelical -0.07764 global twist -140.92287 global supercoiling -0.04097
frame 6781 time 3390.5 unbinding_event at DNA_gyrase 13 enzyme gyrase with twist -181.31478 superhelical -0.05945 global twist -178.62198 global supercoiling -0.05164
frame 6815 time 3407.5 binding_event at DNA_topoI 14 enzyme topoI with twist -181.31478 superhelical -0.05136 global twist -181.31478 global supercoiling -0.05136
frame 6815 time 3407.5 unbinding_event at DNA_topoI 14 enzyme topoI with twist -177.42519 superhelical -0.05170 global twist -181.31478 global supercoiling -0.05136
frame 6819 time 3409.5 binding_event at gene tetA enzyme RNAP with twist -177.42519 superhelical -0.05025 global twist -177.42519 global supercoiling -0.05025
frame 6838 time 3419.0 binding_event at gene tetA enzyme RNAP with twist -154.93445 superhelical -0.07531 global twist -177.42519 global supercoiling -0.05053
frame 6859 time 3429.5 binding_event at DNA_gyrase 20 enzyme gyrase with twist 52.90749 superhelical 0.04912 global twist -177.42519 global supercoiling -0.05081
frame 6859 time 3429.5 unbinding_event at gene tetA enzyme RNAP with twist 12.91677 superhelical -0.07602 global twist -177.42519 global supercoiling -0.05081
frame 6860 time 3430.0 unbinding_event at DNA_gyrase 20 enzyme gyrase with twist 30.22978 superhelical 0.01558 global twist -180.11798 global supercoiling -0.05237
frame 6867 time 3433.5 binding_event at DNA_topoI 47 enzyme topoI with twist -234.58290 superhelical -0.10487 global twist -182.81077 global supercoiling -0.05206
frame 6868 time 3434.0 unbinding_event at DNA_topoI 47 enzyme topoI with twist -233.98450 superhelical -0.10571 global twist -178.92118 global supercoiling -0.05202
frame 6878 time 3439.0 unbinding_event at gene tetA enzyme RNAP with twist -175.03159 superhelical -0.11006 global twist -175.03159 global supercoiling -0.04985
frame 6914 time 3457.0 binding_event at gene tetA enzyme RNAP with twist -175.03159 superhelical -0.04958 global twist -175.03159 global supercoiling -0.04958
frame 6954 time 3477.0 unbinding_event at gene tetA enzyme RNAP with twist -175.03159 superhelical -0.09491 global twist -175.03159 global supercoiling -0.04985
frame 6970 time 3485.0 binding_event at DNA_topoI 10 enzyme topoI with twist -175.03159 superhelical -0.04958 global twist -175.03159 global supercoiling -0.04958
frame 6971 time 3485.5 binding_event at gene tetA enzyme RNAP with twist -119.66885 superhelical -0.04980 global twist -171.14200 global supercoiling -0.04948
frame 6978 time 3489.0 unbinding_event at DNA_topoI 10 enzyme topoI with twist -25.15499 superhelical 0.02053 global twist -143.91486 global supercoiling -0.04184
frame 7010 time 3505.0 binding_event at gene Raspberry enzyme RNAP with twist -226.17243 superhelical -0.09360 global twist -140.02527 global supercoiling -0.03988
frame 7011 time 3505.5 unbinding_event at gene tetA enzyme RNAP with twist -60.91646 superhelical -0.09435 global twist -140.02527 global supercoiling -0.04010
frame 7014 time 3507.0 binding_event at DNA_topoI 37 enzyme topoI with twist -86.28959 superhelical -0.10344 global twist -140.02527 global supercoiling -0.03988
frame 7014 time 3507.0 unbinding_event at DNA_topoI 37 enzyme topoI with twist -85.99039 superhelical -0.11060 global twist -140.02527 global supercoiling -0.03988
frame 7016 time 3508.0 binding_event at DNA_topoI 38 enzyme topoI with twist -89.58078 superhelical -0.10296 global twist -136.13568 global supercoiling -0.03877
frame 7019 time 3509.5 unbinding_event at DNA_topoI 38 enzyme topoI with twist -88.38399 superhelical -0.09612 global twist -124.46691 global supercoiling -0.03619
frame 7034 time 3517.0 binding_event at DNA_topoI 26 enzyme topoI with twist -138.64947 superhelical -0.11620 global twist -120.57732 global supercoiling -0.03434
frame 7037 time 3518.5 unbinding_event at gene Raspberry enzyme RNAP with twist -108.36579 superhelical -0.11433 global twist -108.90855 global supercoiling -0.03166
frame 7040 time 3520.0 unbinding_event at DNA_topoI 26 enzyme topoI with twist -93.35018 superhelical 0.23973 global twist -97.23977 global supercoiling -0.02811
frame 7068 time 3534.0 binding_event at DNA_topoI 18 enzyme topoI with twist -93.35018 superhelical -0.02644 global twist -93.35018 global supercoiling -0.02644
frame 7075 time 3537.5 unbinding_event at DNA_topoI 18 enzyme topoI with twist -62.23345 superhelical -0.02176 global twist -66.12305 global supercoiling -0.01912
frame 7145 time 3572.5 binding_event at DNA_gyrase 9 enzyme gyrase with twist -62.23345 superhelical -0.01763 global twist -62.23345 global supercoiling -0.01763
frame 7148 time 3574.0 unbinding_event at DNA_gyrase 9 enzyme gyrase with twist -73.00463 superhelical -0.02030 global twist -70.31184 global supercoiling -0.02033
frame 7182 time 3591.0 binding_event at DNA_gyrase 4 enzyme gyrase with twist -73.00463 superhelical -0.02068 global twist -73.00463 global supercoiling -0.02068
frame 7201 time 3600.5 unbinding_event at DNA_gyrase 4 enzyme gyrase with twist -126.86050 superhelical -0.03476 global twist -124.16771 global supercoiling -0.03590
frame 7208 time 3604.0 binding_event at DNA_gyrase 9 enzyme gyrase with twist -126.86050 superhelical -0.03593 global twist -126.86050 global supercoiling -0.03593
frame 7214 time 3607.0 unbinding_event at DNA_gyrase 9 enzyme gyrase with twist -145.71006 superhelical -0.04072 global twist -143.01727 global supercoiling -0.04135
frame 7237 time 3618.5 binding_event at DNA_topoI 17 enzyme topoI with twist -145.71006 superhelical -0.04127 global twist -145.71006 global supercoiling -0.04127
frame 7237 time 3618.5 unbinding_event at DNA_topoI 17 enzyme topoI with twist -141.82047 superhelical -0.04146 global twist -145.71006 global supercoiling -0.04127
frame 7253 time 3626.5 binding_event at gene tetA enzyme RNAP with twist -141.82047 superhelical -0.04017 global twist -141.82047 global supercoiling -0.04017
frame 7283 time 3641.5 binding_event at DNA_topoI 33 enzyme topoI with twist -177.02686 superhelical -0.07851 global twist -141.82047 global supercoiling -0.04039
frame 7288 time 3644.0 unbinding_event at DNA_topoI 33 enzyme topoI with twist -175.23167 superhelical -0.05597 global twist -122.37251 global supercoiling -0.03558
frame 7293 time 3646.5 unbinding_event at gene tetA enzyme RNAP with twist -118.48292 superhelical -0.07878 global twist -118.48292 global supercoiling -0.03374
frame 7401 time 3700.5 binding_event at gene tetA enzyme RNAP with twist -118.48292 superhelical -0.03356 global twist -118.48292 global supercoiling -0.03356
frame 7441 time 3720.5 unbinding_event at gene tetA enzyme RNAP with twist -118.48292 superhelical -0.08364 global twist -118.48292 global supercoiling -0.03374
frame 7509 time 3754.5 binding_event at DNA_topoI 44 enzyme topoI with twist -118.48292 superhelical -0.03356 global twist -118.48292 global supercoiling -0.03356
frame 7516 time 3758.0 unbinding_event at DNA_topoI 44 enzyme topoI with twist -87.36620 superhelical -0.02185 global twist -91.25579 global supercoiling -0.02638
frame 7528 time 3764.0 binding_event at gene tetA enzyme RNAP with twist -87.36620 superhelical -0.02475 global twist -87.36620 global supercoiling -0.02475
frame 7532 time 3766.0 binding_event at DNA_gyrase 8 enzyme gyrase with twist -30.30418 superhelical -0.01758 global twist -87.36620 global supercoiling -0.02488
frame 7547 time 3773.5 unbinding_event at DNA_gyrase 8 enzyme gyrase with twist -15.94261 superhelical 0.16713 global twist -127.75810 global supercoiling -0.03714
frame 7549 time 3774.5 binding_event at DNA_gyrase 24 enzyme gyrase with twist -12.35222 superhelical -0.00871 global twist -130.45089 global supercoiling -0.03715
frame 7552 time 3776.0 unbinding_event at DNA_gyrase 24 enzyme gyrase with twist -8.76183 superhelical -0.00238 global twist -138.52928 global supercoiling -0.04027
frame 7560 time 3780.0 binding_event at gene tetA enzyme RNAP with twist -157.59298 superhelical -0.06880 global twist -141.22207 global supercoiling -0.04022
frame 7568 time 3784.0 unbinding_event at gene tetA enzyme RNAP with twist 10.15802 superhelical -0.06938 global twist -141.22207 global supercoiling -0.04044
frame 7579 time 3789.5 binding_event at gene Raspberry enzyme RNAP with twist -187.28400 superhelical -0.09103 global twist -141.22207 global supercoiling -0.04022
frame 7600 time 3800.0 unbinding_event at gene tetA enzyme RNAP with twist 7.81934 superhelical -0.09189 global twist -141.22207 global supercoiling -0.04044
frame 7606 time 3803.0 unbinding_event at gene Raspberry enzyme RNAP with twist -141.22207 superhelical -0.13485 global twist -141.22207 global supercoiling -0.04022
frame 7616 time 3808.0 binding_event at DNA_gyrase 1 enzyme gyrase with twist -141.22207 superhelical -0.04000 global twist -141.22207 global supercoiling -0.04000
frame 7623 time 3811.5 binding_event at DNA_topoI 47 enzyme topoI with twist -81.15973 superhelical -0.04619 global twist -160.07163 global supercoiling -0.04628
frame 7624 time 3812.0 unbinding_event at DNA_gyrase 1 enzyme gyrase with twist -90.78343 superhelical -0.04261 global twist -158.87483 global supercoiling -0.04691
frame 7628 time 3814.0 unbinding_event at DNA_topoI 47 enzyme topoI with twist -142.11967 superhelical -0.04022 global twist -146.00926 global supercoiling -0.04221
frame 7634 time 3817.0 binding_event at gene mKalama1 enzyme RNAP with twist -142.11967 superhelical -0.04025 global twist -142.11967 global supercoiling -0.04025
frame 7642 time 3821.0 binding_event at DNA_topoI 5 enzyme topoI with twist -144.63737 superhelical -0.04809 global twist -142.11967 global supercoiling -0.04047
frame 7645 time 3822.5 binding_event at DNA_topoI 45 enzyme topoI with twist -79.87935 superhelical -0.05072 global twist -130.45089 global supercoiling -0.03793
frame 7646 time 3823.0 unbinding_event at DNA_topoI 45 enzyme topoI with twist -75.39136 superhelical -0.05469 global twist -122.67171 global supercoiling -0.03643
frame 7647 time 3823.5 binding_event at DNA_topoI 0 enzyme topoI with twist -75.39136 superhelical -0.04680 global twist -114.89253 global supercoiling -0.03340
frame 7647 time 3823.5 unbinding_event at DNA_topoI 5 enzyme topoI with twist -68.20637 superhelical -0.03544 global twist -114.89253 global supercoiling -0.03340
frame 7654 time 3827.0 unbinding_event at DNA_topoI 0 enzyme topoI with twist -129.07900 superhelical -0.05338 global twist -83.77580 global supercoiling -0.02436
frame 7661 time 3830.5 unbinding_event at gene mKalama1 enzyme RNAP with twist -79.88621 superhelical 0.51325 global twist -79.88621 global supercoiling -0.02275
frame 7734 time 3867.0 binding_event at gene tetA enzyme RNAP with twist -79.88621 superhelical -0.02263 global twist -79.88621 global supercoiling -0.02263
frame 7774 time 3887.0 unbinding_event at gene tetA enzyme RNAP with twist -79.88621 superhelical -0.07595 global twist -79.88621 global supercoiling -0.02275
frame 7789 time 3894.5 binding_event at gene tetA enzyme RNAP with twist -79.88621 superhelical -0.02263 global twist -79.88621 global supercoiling -0.02263
frame 7794 time 3897.0 binding_event at gene tetA enzyme RNAP with twist -56.99655 superhelical -0.03156 global twist -79.88621 global supercoiling -0.02275
frame 7811 time 3905.5 binding_event at DNA_topoI 41 enzyme topoI with twist -115.78083 superhelical -0.05728 global twist -79.88621 global supercoiling -0.02288
frame 7811 time 3905.5 unbinding_event at DNA_topoI 41 enzyme topoI with twist -115.48163 superhelical -0.05752 global twist -79.88621 global supercoiling -0.02288
frame 7829 time 3914.5 unbinding_event at gene tetA enzyme RNAP with twist 104.11206 superhelical -0.03190 global twist -75.99662 global supercoiling -0.02176
frame 7834 time 3917.0 unbinding_event at gene tetA enzyme RNAP with twist -75.99662 superhelical -0.08077 global twist -75.99662 global supercoiling -0.02164
frame 7851 time 3925.5 binding_event at DNA_topoI 23 enzyme topoI with twist -75.99662 superhelical -0.02153 global twist -75.99662 global supercoiling -0.02153
frame 7852 time 3926.0 unbinding_event at DNA_topoI 23 enzyme topoI with twist -68.21744 superhelical -0.02081 global twist -72.10703 global supercoiling -0.02085
frame 7968 time 3984.0 binding_event at gene tetA enzyme RNAP with twist -68.21744 superhelical -0.01932 global twist -68.21744 global supercoiling -0.01932
