TORCphysics log file 

General information: 
---------------------------------------------------------------------------------------
Circuit name: Pleu500_16
Size: 6000
Structure: circle
Number of sites: 110
Number of frames: 8000
Simulation time: 4000.0
Simulation timestep: 0.5
Seed: 4799916274198012444
 
Overall simulation information 
---------------------------------------------------------------------------------------
Initial twist: -211.83310
Final twist: -92.87966
Initial superhelical density: -0.06000
Final superhelical density: -0.02631
 
Overall rates 
---------------------------------------------------------------------------------------
site type            site name            #binding events      #unbinding events    binding rates        
 DNA_topoI            DNA_topoI_global                     49.0                 49.0               0.01225 
DNA_gyrase           DNA_gyrase_global                    82.0                 82.0                0.0205 
EXT                  EXT                                   0.0                  0.0                   0.0 
gene                 tetA                                 74.0                 74.0                0.0185 
gene                 CDS                                   0.0                  0.0                   0.0 
origin               ori                                   0.0                  0.0                   0.0 
lacOP                lac1                                  0.0                  0.0                   0.0 
gene                 mKalama1                              5.0                  5.0               0.00125 
lacOP                lac2                                  0.0                  0.0                   0.0 
gene                 Raspberry                            11.0                 11.0               0.00275 
 
Events
---------------------------------------------------------------------------------------
frame 21 time 10.5 binding_event at DNA_topoI 28 enzyme topoI with twist -211.83310 superhelical -0.06000 global twist -211.83310 global supercoiling -0.06000
frame 35 time 17.5 binding_event at DNA_topoI 49 enzyme topoI with twist -178.15569 superhelical -0.05313 global twist -157.37883 global supercoiling -0.04550
frame 35 time 17.5 unbinding_event at DNA_topoI 28 enzyme topoI with twist -51.35624 superhelical 0.21574 global twist -157.37883 global supercoiling -0.04550
frame 36 time 18.0 unbinding_event at DNA_topoI 49 enzyme topoI with twist -145.71006 superhelical -0.03063 global twist -149.59965 global supercoiling -0.04325
frame 150 time 75.0 binding_event at DNA_topoI 39 enzyme topoI with twist -145.71006 superhelical -0.04127 global twist -145.71006 global supercoiling -0.04127
frame 158 time 79.0 unbinding_event at DNA_topoI 39 enzyme topoI with twist -110.70374 superhelical -0.02258 global twist -114.59333 global supercoiling -0.03313
frame 250 time 125.0 binding_event at gene Raspberry enzyme RNAP with twist -110.70374 superhelical -0.03136 global twist -110.70374 global supercoiling -0.03136
frame 277 time 138.5 unbinding_event at gene Raspberry enzyme RNAP with twist -110.70374 superhelical -0.09847 global twist -110.70374 global supercoiling -0.03153
frame 324 time 162.0 binding_event at gene Raspberry enzyme RNAP with twist -110.70374 superhelical -0.03136 global twist -110.70374 global supercoiling -0.03136
frame 339 time 169.5 binding_event at DNA_gyrase 3 enzyme gyrase with twist -32.81301 superhelical -0.01323 global twist -110.70374 global supercoiling -0.03153
frame 345 time 172.5 unbinding_event at DNA_gyrase 3 enzyme gyrase with twist -26.52982 superhelical 0.00570 global twist -126.86050 global supercoiling -0.03688
frame 351 time 175.5 binding_event at DNA_topoI 42 enzyme topoI with twist -120.97543 superhelical -0.09701 global twist -129.55330 global supercoiling -0.03690
frame 351 time 175.5 unbinding_event at gene Raspberry enzyme RNAP with twist -13.28548 superhelical -0.10049 global twist -129.55330 global supercoiling -0.03690
frame 359 time 179.5 unbinding_event at DNA_topoI 42 enzyme topoI with twist -94.54698 superhelical -0.08718 global twist -98.43657 global supercoiling -0.02846
frame 380 time 190.0 binding_event at DNA_topoI 19 enzyme topoI with twist -94.54698 superhelical -0.02678 global twist -94.54698 global supercoiling -0.02678
frame 380 time 190.0 unbinding_event at DNA_topoI 19 enzyme topoI with twist -90.65739 superhelical -0.02670 global twist -94.54698 global supercoiling -0.02678
frame 384 time 192.0 binding_event at gene tetA enzyme RNAP with twist -90.65739 superhelical -0.02568 global twist -90.65739 global supercoiling -0.02568
frame 424 time 212.0 unbinding_event at gene tetA enzyme RNAP with twist -90.65739 superhelical -0.07810 global twist -90.65739 global supercoiling -0.02582
frame 495 time 247.5 binding_event at DNA_gyrase 7 enzyme gyrase with twist -90.65739 superhelical -0.02568 global twist -90.65739 global supercoiling -0.02568
frame 497 time 248.5 unbinding_event at DNA_gyrase 7 enzyme gyrase with twist -98.73577 superhelical -0.02806 global twist -96.04298 global supercoiling -0.02777
frame 517 time 258.5 binding_event at DNA_topoI 29 enzyme topoI with twist -98.73577 superhelical -0.02797 global twist -98.73577 global supercoiling -0.02797
frame 520 time 260.0 unbinding_event at DNA_topoI 29 enzyme topoI with twist -83.17741 superhelical 0.01537 global twist -87.06700 global supercoiling -0.02517
frame 568 time 284.0 binding_event at DNA_topoI 26 enzyme topoI with twist -83.17741 superhelical -0.02356 global twist -83.17741 global supercoiling -0.02356
frame 574 time 287.0 unbinding_event at DNA_topoI 26 enzyme topoI with twist -55.95027 superhelical 0.33194 global twist -59.83986 global supercoiling -0.01730
frame 600 time 300.0 binding_event at gene tetA enzyme RNAP with twist -55.95027 superhelical -0.01585 global twist -55.95027 global supercoiling -0.01585
frame 629 time 314.5 binding_event at DNA_gyrase 19 enzyme gyrase with twist 75.51692 superhelical 0.05925 global twist -55.95027 global supercoiling -0.01593
frame 630 time 315.0 unbinding_event at DNA_gyrase 19 enzyme gyrase with twist 77.31212 superhelical 0.07169 global twist -58.64306 global supercoiling -0.01705
frame 640 time 320.0 unbinding_event at gene tetA enzyme RNAP with twist -61.33586 superhelical -0.07118 global twist -61.33586 global supercoiling -0.01747
frame 667 time 333.5 binding_event at DNA_gyrase 8 enzyme gyrase with twist -61.33586 superhelical -0.01737 global twist -61.33586 global supercoiling -0.01737
frame 677 time 338.5 unbinding_event at DNA_gyrase 8 enzyme gyrase with twist -90.95659 superhelical -0.02429 global twist -88.26379 global supercoiling -0.02552
frame 857 time 428.5 binding_event at DNA_topoI 22 enzyme topoI with twist -90.95659 superhelical -0.02576 global twist -90.95659 global supercoiling -0.02576
frame 859 time 429.5 unbinding_event at DNA_topoI 22 enzyme topoI with twist -79.28781 superhelical -0.02451 global twist -83.17741 global supercoiling -0.02405
frame 869 time 434.5 binding_event at gene tetA enzyme RNAP with twist -79.28781 superhelical -0.02246 global twist -79.28781 global supercoiling -0.02246
frame 887 time 443.5 binding_event at DNA_gyrase 11 enzyme gyrase with twist 24.09136 superhelical 0.01637 global twist -79.28781 global supercoiling -0.02258
frame 887 time 443.5 unbinding_event at DNA_gyrase 11 enzyme gyrase with twist 24.98895 superhelical 0.02361 global twist -79.28781 global supercoiling -0.02258
frame 909 time 454.5 unbinding_event at gene tetA enzyme RNAP with twist -81.98061 superhelical -0.07583 global twist -81.98061 global supercoiling -0.02335
frame 925 time 462.5 binding_event at gene tetA enzyme RNAP with twist -81.98061 superhelical -0.02322 global twist -81.98061 global supercoiling -0.02322
frame 941 time 470.5 binding_event at DNA_topoI 46 enzyme topoI with twist -97.51450 superhelical -0.04867 global twist -81.98061 global supercoiling -0.02335
frame 943 time 471.5 unbinding_event at DNA_topoI 46 enzyme topoI with twist -96.61690 superhelical -0.04631 global twist -74.20143 global supercoiling -0.02157
frame 950 time 475.0 binding_event at DNA_gyrase 22 enzyme gyrase with twist 47.84741 superhelical 0.03554 global twist -70.31184 global supercoiling -0.02002
frame 950 time 475.0 unbinding_event at DNA_gyrase 22 enzyme gyrase with twist 48.74501 superhelical 0.04029 global twist -70.31184 global supercoiling -0.02002
frame 965 time 482.5 unbinding_event at gene tetA enzyme RNAP with twist -73.00463 superhelical -0.07161 global twist -73.00463 global supercoiling -0.02079
frame 1004 time 502.0 binding_event at gene tetA enzyme RNAP with twist -73.00463 superhelical -0.02068 global twist -73.00463 global supercoiling -0.02068
frame 1015 time 507.5 binding_event at DNA_gyrase 18 enzyme gyrase with twist 2.17088 superhelical 0.00136 global twist -73.00463 global supercoiling -0.02079
frame 1017 time 508.5 unbinding_event at DNA_gyrase 18 enzyme gyrase with twist 4.86367 superhelical 0.00829 global twist -78.39022 global supercoiling -0.02279
frame 1044 time 522.0 unbinding_event at gene tetA enzyme RNAP with twist -81.08301 superhelical -0.07458 global twist -81.08301 global supercoiling -0.02309
frame 1077 time 538.5 binding_event at gene tetA enzyme RNAP with twist -81.08301 superhelical -0.02297 global twist -81.08301 global supercoiling -0.02297
frame 1117 time 558.5 unbinding_event at gene tetA enzyme RNAP with twist -81.08301 superhelical -0.07619 global twist -81.08301 global supercoiling -0.02309
frame 1145 time 572.5 binding_event at DNA_gyrase 33 enzyme gyrase with twist -81.08301 superhelical -0.02297 global twist -81.08301 global supercoiling -0.02297
frame 1148 time 574.0 unbinding_event at DNA_gyrase 33 enzyme gyrase with twist -91.85419 superhelical -0.03504 global twist -89.16139 global supercoiling -0.02578
frame 1189 time 594.5 binding_event at DNA_topoI 33 enzyme topoI with twist -91.85419 superhelical -0.02602 global twist -91.85419 global supercoiling -0.02602
frame 1189 time 594.5 unbinding_event at DNA_topoI 33 enzyme topoI with twist -87.96459 superhelical -0.02237 global twist -91.85419 global supercoiling -0.02602
frame 1226 time 613.0 binding_event at gene tetA enzyme RNAP with twist -87.96459 superhelical -0.02492 global twist -87.96459 global supercoiling -0.02492
frame 1249 time 624.5 binding_event at DNA_topoI 44 enzyme topoI with twist -125.57193 superhelical -0.05898 global twist -87.96459 global supercoiling -0.02505
frame 1250 time 625.0 unbinding_event at DNA_topoI 44 enzyme topoI with twist -124.97353 superhelical -0.05794 global twist -84.07500 global supercoiling -0.02444
frame 1266 time 633.0 unbinding_event at gene tetA enzyme RNAP with twist -80.18541 superhelical -0.07439 global twist -80.18541 global supercoiling -0.02284
frame 1269 time 634.5 binding_event at DNA_gyrase 13 enzyme gyrase with twist -80.18541 superhelical -0.02271 global twist -80.18541 global supercoiling -0.02271
frame 1272 time 636.0 unbinding_event at DNA_gyrase 13 enzyme gyrase with twist -90.95659 superhelical -0.02524 global twist -88.26379 global supercoiling -0.02552
frame 1295 time 647.5 binding_event at gene tetA enzyme RNAP with twist -90.95659 superhelical -0.02576 global twist -90.95659 global supercoiling -0.02576
frame 1301 time 650.5 binding_event at DNA_gyrase 11 enzyme gyrase with twist -24.95897 superhelical -0.01479 global twist -90.95659 global supercoiling -0.02590
frame 1302 time 651.0 unbinding_event at DNA_gyrase 11 enzyme gyrase with twist -23.16378 superhelical -0.00885 global twist -93.64938 global supercoiling -0.02723
frame 1325 time 662.5 binding_event at gene tetA enzyme RNAP with twist -152.16701 superhelical -0.06749 global twist -96.34217 global supercoiling -0.02744
frame 1332 time 666.0 binding_event at DNA_topoI 43 enzyme topoI with twist -141.94618 superhelical -0.07707 global twist -96.34217 global supercoiling -0.02759
frame 1335 time 667.5 unbinding_event at gene tetA enzyme RNAP with twist 59.96557 superhelical -0.06806 global twist -84.67340 global supercoiling -0.02476
frame 1339 time 669.5 unbinding_event at DNA_topoI 43 enzyme topoI with twist -139.55258 superhelical -0.06703 global twist -69.11504 global supercoiling -0.02009
frame 1341 time 670.5 binding_event at DNA_gyrase 13 enzyme gyrase with twist 77.91753 superhelical 0.05167 global twist -65.22545 global supercoiling -0.01858
frame 1344 time 672.0 unbinding_event at DNA_gyrase 13 enzyme gyrase with twist 81.50792 superhelical 0.07881 global twist -73.30383 global supercoiling -0.02131
frame 1347 time 673.5 binding_event at gene tetA enzyme RNAP with twist -164.68532 superhelical -0.07801 global twist -75.99662 global supercoiling -0.02164
frame 1365 time 682.5 unbinding_event at gene tetA enzyme RNAP with twist 127.32308 superhelical -0.07872 global twist -75.99662 global supercoiling -0.02176
frame 1380 time 690.0 binding_event at gene Raspberry enzyme RNAP with twist -253.58518 superhelical -0.10984 global twist -75.99662 global supercoiling -0.02164
frame 1384 time 692.0 binding_event at DNA_topoI 30 enzyme topoI with twist -98.80159 superhelical -0.11844 global twist -75.99662 global supercoiling -0.02176
frame 1387 time 693.5 unbinding_event at gene tetA enzyme RNAP with twist 37.16653 superhelical -0.11076 global twist -64.32785 global supercoiling -0.01881
frame 1387 time 693.5 unbinding_event at DNA_topoI 30 enzyme topoI with twist -97.60479 superhelical -0.09835 global twist -64.32785 global supercoiling -0.01881
frame 1404 time 702.0 binding_event at DNA_topoI 35 enzyme topoI with twist -155.05106 superhelical -0.12994 global twist -60.43826 global supercoiling -0.01721
frame 1407 time 703.5 unbinding_event at gene Raspberry enzyme RNAP with twist 31.40276 superhelical -0.13255 global twist -48.76949 global supercoiling -0.01418
frame 1409 time 704.5 unbinding_event at DNA_topoI 35 enzyme topoI with twist -37.10071 superhelical -0.11907 global twist -40.99030 global supercoiling -0.01185
frame 1517 time 758.5 binding_event at DNA_gyrase 16 enzyme gyrase with twist -37.10071 superhelical -0.01051 global twist -37.10071 global supercoiling -0.01051
frame 1525 time 762.5 unbinding_event at DNA_gyrase 16 enzyme gyrase with twist -61.33586 superhelical -0.01500 global twist -58.64306 global supercoiling -0.01696
frame 1656 time 828.0 binding_event at gene tetA enzyme RNAP with twist -61.33586 superhelical -0.01737 global twist -61.33586 global supercoiling -0.01737
frame 1696 time 848.0 unbinding_event at gene tetA enzyme RNAP with twist -61.33586 superhelical -0.07225 global twist -61.33586 global supercoiling -0.01747
frame 1714 time 857.0 binding_event at gene tetA enzyme RNAP with twist -61.33586 superhelical -0.01737 global twist -61.33586 global supercoiling -0.01737
frame 1727 time 863.5 binding_event at DNA_topoI 45 enzyme topoI with twist -76.65315 superhelical -0.03932 global twist -61.33586 global supercoiling -0.01747
frame 1727 time 863.5 unbinding_event at DNA_topoI 45 enzyme topoI with twist -76.35395 superhelical -0.03935 global twist -61.33586 global supercoiling -0.01747
frame 1742 time 871.0 binding_event at DNA_gyrase 21 enzyme gyrase with twist 69.17317 superhelical 0.05352 global twist -57.44627 global supercoiling -0.01636
frame 1754 time 877.0 unbinding_event at gene tetA enzyme RNAP with twist -90.00476 superhelical -0.07067 global twist -89.75979 global supercoiling -0.02610
frame 1754 time 877.0 unbinding_event at DNA_gyrase 21 enzyme gyrase with twist -92.45258 superhelical -0.07067 global twist -89.75979 global supercoiling -0.02610
frame 1837 time 918.5 binding_event at gene tetA enzyme RNAP with twist -92.45258 superhelical -0.02619 global twist -92.45258 global supercoiling -0.02619
frame 1874 time 937.0 binding_event at DNA_topoI 1 enzyme topoI with twist -178.03093 superhelical -0.07479 global twist -92.45258 global supercoiling -0.02633
frame 1877 time 938.5 unbinding_event at DNA_topoI 1 enzyme topoI with twist -176.83413 superhelical -0.07269 global twist -80.78381 global supercoiling -0.02349
frame 1877 time 938.5 unbinding_event at gene tetA enzyme RNAP with twist -76.89422 superhelical -0.07269 global twist -80.78381 global supercoiling -0.02349
frame 1882 time 941.0 binding_event at gene Raspberry enzyme RNAP with twist -76.89422 superhelical -0.02178 global twist -76.89422 global supercoiling -0.02178
frame 1885 time 942.5 binding_event at DNA_topoI 26 enzyme topoI with twist -27.46566 superhelical -0.03365 global twist -76.89422 global supercoiling -0.02190
frame 1885 time 942.5 unbinding_event at DNA_topoI 26 enzyme topoI with twist -27.16646 superhelical 0.01733 global twist -76.89422 global supercoiling -0.02190
frame 1887 time 943.5 binding_event at DNA_topoI 34 enzyme topoI with twist -30.75685 superhelical -0.03609 global twist -73.00463 global supercoiling -0.02079
frame 1890 time 945.0 unbinding_event at DNA_topoI 34 enzyme topoI with twist -29.56005 superhelical -0.02491 global twist -61.33586 global supercoiling -0.01783
frame 1892 time 946.0 binding_event at gene Raspberry enzyme RNAP with twist -33.15045 superhelical -0.03520 global twist -57.44627 global supercoiling -0.01636
frame 1909 time 954.5 unbinding_event at gene Raspberry enzyme RNAP with twist 34.56967 superhelical -0.03593 global twist -57.44627 global supercoiling -0.01645
frame 1919 time 959.5 unbinding_event at gene Raspberry enzyme RNAP with twist -57.44627 superhelical -0.10112 global twist -57.44627 global supercoiling -0.01636
frame 1938 time 969.0 binding_event at DNA_topoI 35 enzyme topoI with twist -57.44627 superhelical -0.01627 global twist -57.44627 global supercoiling -0.01627
frame 1953 time 976.5 unbinding_event at DNA_topoI 35 enzyme topoI with twist 4.78719 superhelical 0.03457 global twist 0.89760 global supercoiling 0.00026
frame 2025 time 1012.5 binding_event at DNA_gyrase 22 enzyme gyrase with twist 4.78719 superhelical 0.00136 global twist 4.78719 global supercoiling 0.00136
frame 2026 time 1013.0 unbinding_event at DNA_gyrase 22 enzyme gyrase with twist -0.59840 superhelical 0.00056 global twist 2.09440 global supercoiling 0.00061
frame 2138 time 1069.0 binding_event at DNA_gyrase 15 enzyme gyrase with twist -0.59840 superhelical -0.00017 global twist -0.59840 global supercoiling -0.00017
frame 2140 time 1070.0 unbinding_event at DNA_gyrase 15 enzyme gyrase with twist -8.67678 superhelical -0.00164 global twist -5.98399 global supercoiling -0.00173
frame 2164 time 1082.0 binding_event at gene tetA enzyme RNAP with twist -8.67678 superhelical -0.00246 global twist -8.67678 global supercoiling -0.00246
frame 2204 time 1102.0 unbinding_event at gene tetA enzyme RNAP with twist -8.67678 superhelical -0.06176 global twist -8.67678 global supercoiling -0.00247
frame 2219 time 1109.5 binding_event at gene tetA enzyme RNAP with twist -8.67678 superhelical -0.00246 global twist -8.67678 global supercoiling -0.00246
frame 2221 time 1110.5 binding_event at DNA_gyrase 34 enzyme gyrase with twist -11.42158 superhelical -0.00652 global twist -8.67678 global supercoiling -0.00247
frame 2222 time 1111.0 unbinding_event at DNA_gyrase 34 enzyme gyrase with twist -23.98795 superhelical -0.01182 global twist -11.36957 global supercoiling -0.00331
frame 2259 time 1129.5 unbinding_event at gene tetA enzyme RNAP with twist -14.06237 superhelical -0.06395 global twist -14.06237 global supercoiling -0.00400
frame 2275 time 1137.5 binding_event at DNA_gyrase 28 enzyme gyrase with twist -14.06237 superhelical -0.00398 global twist -14.06237 global supercoiling -0.00398
frame 2289 time 1144.5 unbinding_event at DNA_gyrase 28 enzyme gyrase with twist -54.45427 superhelical -0.19583 global twist -51.76148 global supercoiling -0.01497
frame 2374 time 1187.0 binding_event at gene tetA enzyme RNAP with twist -54.45427 superhelical -0.01542 global twist -54.45427 global supercoiling -0.01542
frame 2410 time 1205.0 binding_event at DNA_topoI 34 enzyme topoI with twist -155.86876 superhelical -0.06598 global twist -54.45427 global supercoiling -0.01551
frame 2414 time 1207.0 unbinding_event at gene tetA enzyme RNAP with twist -8.24691 superhelical -0.06919 global twist -38.89591 global supercoiling -0.01131
frame 2416 time 1208.0 unbinding_event at DNA_topoI 34 enzyme topoI with twist -27.22714 superhelical -0.04265 global twist -31.11673 global supercoiling -0.00900
frame 2445 time 1222.5 binding_event at DNA_topoI 46 enzyme topoI with twist -27.22714 superhelical -0.00771 global twist -27.22714 global supercoiling -0.00771
frame 2449 time 1224.5 unbinding_event at DNA_topoI 46 enzyme topoI with twist -7.77918 superhelical -0.00092 global twist -11.66877 global supercoiling -0.00337
frame 2497 time 1248.5 binding_event at gene tetA enzyme RNAP with twist -7.77918 superhelical -0.00220 global twist -7.77918 global supercoiling -0.00220
frame 2525 time 1262.5 binding_event at DNA_gyrase 25 enzyme gyrase with twist 96.55388 superhelical 0.07470 global twist -7.77918 global supercoiling -0.00222
frame 2537 time 1268.5 unbinding_event at gene tetA enzyme RNAP with twist -26.92815 superhelical -0.06158 global twist -40.09271 global supercoiling -0.01166
frame 2550 time 1275.0 binding_event at gene Raspberry enzyme RNAP with twist -43.08491 superhelical -0.01238 global twist -75.09902 global supercoiling -0.02171
frame 2552 time 1276.0 binding_event at DNA_gyrase 17 enzyme gyrase with twist -29.10692 superhelical -0.01093 global twist -80.48461 global supercoiling -0.02340
frame 2553 time 1276.5 unbinding_event at DNA_gyrase 17 enzyme gyrase with twist -30.00451 superhelical -0.00924 global twist -85.87020 global supercoiling -0.02550
frame 2560 time 1280.0 unbinding_event at DNA_gyrase 25 enzyme gyrase with twist -61.12103 superhelical -0.00572 global twist -107.41255 global supercoiling -0.03123
frame 2577 time 1288.5 unbinding_event at gene Raspberry enzyme RNAP with twist -110.10534 superhelical -0.08697 global twist -110.10534 global supercoiling -0.03136
frame 2606 time 1303.0 binding_event at DNA_topoI 18 enzyme topoI with twist -110.10534 superhelical -0.03119 global twist -110.10534 global supercoiling -0.03119
frame 2618 time 1309.0 unbinding_event at DNA_topoI 18 enzyme topoI with twist -59.54066 superhelical -0.02334 global twist -63.43025 global supercoiling -0.01834
frame 2654 time 1327.0 binding_event at gene tetA enzyme RNAP with twist -59.54066 superhelical -0.01686 global twist -59.54066 global supercoiling -0.01686
frame 2694 time 1347.0 unbinding_event at gene tetA enzyme RNAP with twist -59.54066 superhelical -0.07190 global twist -59.54066 global supercoiling -0.01696
frame 2710 time 1355.0 binding_event at gene tetA enzyme RNAP with twist -59.54066 superhelical -0.01686 global twist -59.54066 global supercoiling -0.01686
frame 2711 time 1355.5 binding_event at gene tetA enzyme RNAP with twist -32.69104 superhelical -0.01885 global twist -59.54066 global supercoiling -0.01696
frame 2720 time 1360.0 binding_event at DNA_topoI 14 enzyme topoI with twist 5.46391 superhelical 0.00338 global twist -59.54066 global supercoiling -0.01705
frame 2726 time 1363.0 unbinding_event at DNA_topoI 14 enzyme topoI with twist 57.82378 superhelical 0.06385 global twist -36.20312 global supercoiling -0.01058
frame 2737 time 1368.5 binding_event at gene tetA enzyme RNAP with twist -126.01844 superhelical -0.05773 global twist -32.31352 global supercoiling -0.00925
frame 2750 time 1375.0 unbinding_event at gene tetA enzyme RNAP with twist 143.97040 superhelical -0.01904 global twist -32.31352 global supercoiling -0.00930
frame 2751 time 1375.5 unbinding_event at gene tetA enzyme RNAP with twist 121.49282 superhelical -0.05824 global twist -32.31352 global supercoiling -0.00925
frame 2777 time 1388.5 unbinding_event at gene tetA enzyme RNAP with twist -32.31352 superhelical -0.10079 global twist -32.31352 global supercoiling -0.00920
frame 2778 time 1389.0 binding_event at gene tetA enzyme RNAP with twist -32.31352 superhelical -0.00915 global twist -32.31352 global supercoiling -0.00915
frame 2818 time 1409.0 unbinding_event at gene tetA enzyme RNAP with twist -32.31352 superhelical -0.06647 global twist -32.31352 global supercoiling -0.00920
frame 2868 time 1434.0 binding_event at DNA_gyrase 30 enzyme gyrase with twist -32.31352 superhelical -0.00915 global twist -32.31352 global supercoiling -0.00915
frame 2874 time 1437.0 unbinding_event at DNA_gyrase 30 enzyme gyrase with twist -51.16308 superhelical -0.04720 global twist -48.47029 global supercoiling -0.01401
frame 2877 time 1438.5 binding_event at gene tetA enzyme RNAP with twist -51.16308 superhelical -0.01449 global twist -51.16308 global supercoiling -0.01449
frame 2917 time 1458.5 unbinding_event at gene tetA enzyme RNAP with twist -51.16308 superhelical -0.07023 global twist -51.16308 global supercoiling -0.01457
frame 2961 time 1480.5 binding_event at gene tetA enzyme RNAP with twist -51.16308 superhelical -0.01449 global twist -51.16308 global supercoiling -0.01449
frame 2963 time 1481.5 binding_event at gene tetA enzyme RNAP with twist -32.18687 superhelical -0.01837 global twist -51.16308 global supercoiling -0.01457
frame 2992 time 1496.0 binding_event at DNA_topoI 29 enzyme topoI with twist -135.99703 superhelical -0.06080 global twist -51.16308 global supercoiling -0.01465
frame 2993 time 1496.5 unbinding_event at DNA_topoI 29 enzyme topoI with twist -135.39863 superhelical -0.04086 global twist -47.27349 global supercoiling -0.01382
frame 3001 time 1500.5 unbinding_event at gene tetA enzyme RNAP with twist 120.73786 superhelical -0.01857 global twist -43.38390 global supercoiling -0.01242
frame 3003 time 1501.5 unbinding_event at gene tetA enzyme RNAP with twist -43.38390 superhelical -0.06986 global twist -43.38390 global supercoiling -0.01236
frame 3114 time 1557.0 binding_event at gene mKalama1 enzyme RNAP with twist -43.38390 superhelical -0.01229 global twist -43.38390 global supercoiling -0.01229
frame 3128 time 1564.0 binding_event at gene tetA enzyme RNAP with twist -85.64983 superhelical -0.02749 global twist -43.38390 global supercoiling -0.01236
frame 3141 time 1570.5 unbinding_event at gene mKalama1 enzyme RNAP with twist -43.98771 superhelical 0.63897 global twist -43.38390 global supercoiling -0.01242
frame 3144 time 1572.0 binding_event at gene tetA enzyme RNAP with twist -51.16849 superhelical -0.02554 global twist -43.38390 global supercoiling -0.01236
frame 3152 time 1576.0 binding_event at DNA_gyrase 4 enzyme gyrase with twist -6.91299 superhelical -0.02579 global twist -43.38390 global supercoiling -0.01242
frame 3157 time 1578.5 unbinding_event at DNA_gyrase 4 enzyme gyrase with twist -23.06976 superhelical 0.70856 global twist -56.84787 global supercoiling -0.01662
frame 3168 time 1584.0 unbinding_event at gene tetA enzyme RNAP with twist 74.47463 superhelical -0.08605 global twist -59.54066 global supercoiling -0.01705
frame 3184 time 1592.0 unbinding_event at gene tetA enzyme RNAP with twist -59.54066 superhelical -0.07808 global twist -59.54066 global supercoiling -0.01696
frame 3296 time 1648.0 binding_event at DNA_gyrase 23 enzyme gyrase with twist -59.54066 superhelical -0.01686 global twist -59.54066 global supercoiling -0.01686
frame 3299 time 1649.5 unbinding_event at DNA_gyrase 23 enzyme gyrase with twist -70.31184 superhelical -0.01883 global twist -67.61904 global supercoiling -0.01955
frame 3312 time 1656.0 binding_event at gene tetA enzyme RNAP with twist -70.31184 superhelical -0.01992 global twist -70.31184 global supercoiling -0.01992
frame 3322 time 1661.0 binding_event at gene tetA enzyme RNAP with twist -70.26901 superhelical -0.03707 global twist -70.31184 global supercoiling -0.02002
frame 3352 time 1676.0 unbinding_event at gene tetA enzyme RNAP with twist 105.25418 superhelical -0.03745 global twist -70.31184 global supercoiling -0.02013
frame 3362 time 1681.0 unbinding_event at gene tetA enzyme RNAP with twist -70.31184 superhelical -0.08624 global twist -70.31184 global supercoiling -0.02002
frame 3414 time 1707.0 binding_event at DNA_gyrase 24 enzyme gyrase with twist -70.31184 superhelical -0.01992 global twist -70.31184 global supercoiling -0.01992
frame 3420 time 1710.0 unbinding_event at DNA_gyrase 24 enzyme gyrase with twist -89.16139 superhelical -0.02309 global twist -86.46860 global supercoiling -0.02500
frame 3440 time 1720.0 binding_event at DNA_topoI 37 enzyme topoI with twist -89.16139 superhelical -0.02525 global twist -89.16139 global supercoiling -0.02525
frame 3452 time 1726.0 unbinding_event at DNA_topoI 37 enzyme topoI with twist -38.59671 superhelical 0.00786 global twist -42.48630 global supercoiling -0.01228
frame 3601 time 1800.5 binding_event at DNA_gyrase 25 enzyme gyrase with twist -38.59671 superhelical -0.01093 global twist -38.59671 global supercoiling -0.01093
frame 3609 time 1804.5 unbinding_event at DNA_gyrase 25 enzyme gyrase with twist -62.83185 superhelical -0.01450 global twist -60.13906 global supercoiling -0.01739
frame 3687 time 1843.5 binding_event at DNA_topoI 41 enzyme topoI with twist -62.83185 superhelical -0.01780 global twist -62.83185 global supercoiling -0.01780
frame 3687 time 1843.5 unbinding_event at DNA_topoI 41 enzyme topoI with twist -58.94226 superhelical -0.01629 global twist -62.83185 global supercoiling -0.01780
frame 3741 time 1870.5 binding_event at gene tetA enzyme RNAP with twist -58.94226 superhelical -0.01669 global twist -58.94226 global supercoiling -0.01669
frame 3767 time 1883.5 binding_event at DNA_gyrase 40 enzyme gyrase with twist -122.15836 superhelical -0.05596 global twist -58.94226 global supercoiling -0.01679
frame 3768 time 1884.0 unbinding_event at DNA_gyrase 40 enzyme gyrase with twist -134.72473 superhelical -0.06065 global twist -61.63506 global supercoiling -0.01792
frame 3781 time 1890.5 unbinding_event at gene tetA enzyme RNAP with twist -64.32785 superhelical -0.07397 global twist -64.32785 global supercoiling -0.01832
frame 3802 time 1901.0 binding_event at DNA_gyrase 17 enzyme gyrase with twist -64.32785 superhelical -0.01822 global twist -64.32785 global supercoiling -0.01822
frame 3804 time 1902.0 unbinding_event at DNA_gyrase 17 enzyme gyrase with twist -72.40623 superhelical -0.01999 global twist -69.71344 global supercoiling -0.02016
frame 3814 time 1907.0 binding_event at DNA_gyrase 30 enzyme gyrase with twist -72.40623 superhelical -0.02051 global twist -72.40623 global supercoiling -0.02051
frame 3814 time 1907.0 unbinding_event at DNA_gyrase 30 enzyme gyrase with twist -75.09902 superhelical -0.02634 global twist -72.40623 global supercoiling -0.02051
frame 3884 time 1942.0 binding_event at DNA_gyrase 35 enzyme gyrase with twist -75.09902 superhelical -0.02127 global twist -75.09902 global supercoiling -0.02127
frame 3887 time 1943.5 unbinding_event at DNA_gyrase 35 enzyme gyrase with twist -85.87020 superhelical -0.03057 global twist -83.17741 global supercoiling -0.02405
frame 3925 time 1962.5 binding_event at DNA_topoI 10 enzyme topoI with twist -85.87020 superhelical -0.02432 global twist -85.87020 global supercoiling -0.02432
frame 3929 time 1964.5 unbinding_event at DNA_topoI 10 enzyme topoI with twist -66.42224 superhelical -0.02078 global twist -70.31184 global supercoiling -0.02033
frame 4059 time 2029.5 binding_event at DNA_gyrase 5 enzyme gyrase with twist -66.42224 superhelical -0.01881 global twist -66.42224 global supercoiling -0.01881
frame 4063 time 2031.5 unbinding_event at DNA_gyrase 5 enzyme gyrase with twist -79.88621 superhelical -0.02250 global twist -77.19342 global supercoiling -0.02232
frame 4064 time 2032.0 binding_event at DNA_topoI 16 enzyme topoI with twist -79.88621 superhelical -0.02263 global twist -79.88621 global supercoiling -0.02263
frame 4066 time 2033.0 unbinding_event at DNA_topoI 16 enzyme topoI with twist -68.21744 superhelical -0.02104 global twist -72.10703 global supercoiling -0.02085
frame 4219 time 2109.5 binding_event at DNA_gyrase 39 enzyme gyrase with twist -68.21744 superhelical -0.01932 global twist -68.21744 global supercoiling -0.01932
frame 4222 time 2111.0 unbinding_event at DNA_gyrase 39 enzyme gyrase with twist -78.98862 superhelical -0.02574 global twist -76.29582 global supercoiling -0.02206
frame 4345 time 2172.5 binding_event at DNA_topoI 43 enzyme topoI with twist -78.98862 superhelical -0.02237 global twist -78.98862 global supercoiling -0.02237
frame 4347 time 2173.5 unbinding_event at DNA_topoI 43 enzyme topoI with twist -67.31984 superhelical -0.01790 global twist -71.20943 global supercoiling -0.02059
frame 4413 time 2206.5 binding_event at DNA_topoI 6 enzyme topoI with twist -67.31984 superhelical -0.01907 global twist -67.31984 global supercoiling -0.01907
frame 4417 time 2208.5 unbinding_event at DNA_topoI 6 enzyme topoI with twist -47.87189 superhelical -0.01487 global twist -51.76148 global supercoiling -0.01497
frame 4427 time 2213.5 binding_event at DNA_gyrase 26 enzyme gyrase with twist -47.87189 superhelical -0.01356 global twist -47.87189 global supercoiling -0.01356
frame 4447 time 2223.5 unbinding_event at DNA_gyrase 26 enzyme gyrase with twist -104.42056 superhelical -0.75182 global twist -101.72776 global supercoiling -0.02941
frame 4497 time 2248.5 binding_event at gene tetA enzyme RNAP with twist -104.42056 superhelical -0.02958 global twist -104.42056 global supercoiling -0.02958
frame 4501 time 2250.5 binding_event at DNA_topoI 17 enzyme topoI with twist -39.02318 superhelical -0.02264 global twist -104.42056 global supercoiling -0.02974
frame 4501 time 2250.5 unbinding_event at DNA_topoI 17 enzyme topoI with twist -31.54319 superhelical -0.01890 global twist -104.42056 global supercoiling -0.02974
frame 4505 time 2252.5 binding_event at gene tetA enzyme RNAP with twist -79.75895 superhelical -0.04289 global twist -100.53096 global supercoiling -0.02863
frame 4519 time 2259.5 binding_event at DNA_topoI 44 enzyme topoI with twist -124.63111 superhelical -0.06334 global twist -100.53096 global supercoiling -0.02879
frame 4524 time 2262.0 unbinding_event at DNA_topoI 44 enzyme topoI with twist -122.83591 superhelical -0.05644 global twist -81.08301 global supercoiling -0.02371
frame 4537 time 2268.5 unbinding_event at gene tetA enzyme RNAP with twist 92.31758 superhelical -0.04333 global twist -77.19342 global supercoiling -0.02210
frame 4545 time 2272.5 unbinding_event at gene tetA enzyme RNAP with twist -77.19342 superhelical -0.08084 global twist -77.19342 global supercoiling -0.02198
frame 4585 time 2292.5 binding_event at gene mKalama1 enzyme RNAP with twist -77.19342 superhelical -0.02186 global twist -77.19342 global supercoiling -0.02186
frame 4612 time 2306.0 unbinding_event at gene mKalama1 enzyme RNAP with twist -77.19342 superhelical 0.59592 global twist -77.19342 global supercoiling -0.02198
frame 4686 time 2343.0 binding_event at DNA_gyrase 49 enzyme gyrase with twist -77.19342 superhelical -0.02186 global twist -77.19342 global supercoiling -0.02186
frame 4690 time 2345.0 unbinding_event at DNA_gyrase 49 enzyme gyrase with twist -90.65739 superhelical -0.02649 global twist -87.96459 global supercoiling -0.02543
frame 4708 time 2354.0 binding_event at gene tetA enzyme RNAP with twist -90.65739 superhelical -0.02568 global twist -90.65739 global supercoiling -0.02568
frame 4728 time 2364.0 binding_event at DNA_topoI 30 enzyme topoI with twist -116.11686 superhelical -0.05595 global twist -90.65739 global supercoiling -0.02582
frame 4728 time 2364.0 unbinding_event at DNA_topoI 30 enzyme topoI with twist -115.81766 superhelical -0.05015 global twist -90.65739 global supercoiling -0.02582
frame 4738 time 2369.0 binding_event at DNA_gyrase 22 enzyme gyrase with twist 61.36339 superhelical 0.04883 global twist -86.76780 global supercoiling -0.02471
frame 4738 time 2369.0 unbinding_event at DNA_gyrase 22 enzyme gyrase with twist 62.26099 superhelical 0.05505 global twist -86.76780 global supercoiling -0.02471
frame 4748 time 2374.0 unbinding_event at gene tetA enzyme RNAP with twist -89.46059 superhelical -0.07651 global twist -89.46059 global supercoiling -0.02548
frame 4793 time 2396.5 binding_event at gene tetA enzyme RNAP with twist -89.46059 superhelical -0.02534 global twist -89.46059 global supercoiling -0.02534
frame 4794 time 2397.0 binding_event at gene mKalama1 enzyme RNAP with twist -47.31448 superhelical -0.02728 global twist -89.46059 global supercoiling -0.02548
frame 4801 time 2400.5 binding_event at DNA_topoI 40 enzyme topoI with twist -79.71735 superhelical -0.06044 global twist -89.46059 global supercoiling -0.02562
frame 4801 time 2400.5 unbinding_event at DNA_topoI 40 enzyme topoI with twist -83.00854 superhelical -0.06505 global twist -89.46059 global supercoiling -0.02562
frame 4805 time 2402.5 binding_event at DNA_gyrase 24 enzyme gyrase with twist -2.65180 superhelical -0.00168 global twist -85.57100 global supercoiling -0.02450
frame 4808 time 2404.0 unbinding_event at DNA_gyrase 24 enzyme gyrase with twist 0.93859 superhelical 0.00463 global twist -93.64938 global supercoiling -0.02738
frame 4809 time 2404.5 binding_event at gene tetA enzyme RNAP with twist 0.93859 superhelical 0.00058 global twist -96.34217 global supercoiling -0.02759
frame 4821 time 2410.5 unbinding_event at gene mKalama1 enzyme RNAP with twist -9.90180 superhelical 0.57086 global twist 37.87044 global supercoiling 0.01090
frame 4831 time 2415.5 binding_event at gene tetA enzyme RNAP with twist -42.21533 superhelical -0.02000 global twist 37.87044 global supercoiling 0.01084
frame 4833 time 2416.5 unbinding_event at gene tetA enzyme RNAP with twist 90.85694 superhelical 0.00059 global twist 37.87044 global supercoiling 0.01090
frame 4840 time 2420.0 binding_event at gene tetA enzyme RNAP with twist -66.94555 superhelical -0.03565 global twist 37.87044 global supercoiling 0.01084
frame 4846 time 2423.0 binding_event at gene tetA enzyme RNAP with twist -83.35814 superhelical -0.04570 global twist 37.87044 global supercoiling 0.01090
frame 4849 time 2424.5 unbinding_event at gene tetA enzyme RNAP with twist 140.71990 superhelical -0.02018 global twist 37.87044 global supercoiling 0.01096
frame 4853 time 2426.5 binding_event at DNA_gyrase 22 enzyme gyrase with twist 151.49108 superhelical 0.10819 global twist 37.87044 global supercoiling 0.01090
frame 4853 time 2426.5 unbinding_event at DNA_gyrase 22 enzyme gyrase with twist 152.38867 superhelical 0.11788 global twist 37.87044 global supercoiling 0.01090
frame 4871 time 2435.5 unbinding_event at gene tetA enzyme RNAP with twist 211.88596 superhelical -0.03602 global twist 35.17764 global supercoiling 0.01013
frame 4880 time 2440.0 binding_event at gene tetA enzyme RNAP with twist -201.34093 superhelical -0.08654 global twist 35.17764 global supercoiling 0.01007
frame 4880 time 2440.0 unbinding_event at gene tetA enzyme RNAP with twist 240.10897 superhelical -0.04619 global twist 35.17764 global supercoiling 0.01007
frame 4886 time 2443.0 unbinding_event at gene tetA enzyme RNAP with twist 210.06292 superhelical -0.08726 global twist 35.17764 global supercoiling 0.01007
frame 4895 time 2447.5 binding_event at DNA_topoI 1 enzyme topoI with twist -203.60841 superhelical -0.10255 global twist 35.17764 global supercoiling 0.01002
frame 4896 time 2448.0 binding_event at DNA_gyrase 10 enzyme gyrase with twist 242.37645 superhelical 0.16073 global twist 39.06724 global supercoiling 0.01136
frame 4896 time 2448.0 unbinding_event at DNA_gyrase 10 enzyme gyrase with twist 243.27405 superhelical 0.18331 global twist 39.06724 global supercoiling 0.01136
frame 4902 time 2451.0 unbinding_event at DNA_topoI 1 enzyme topoI with twist -201.21482 superhelical -0.09754 global twist 59.71199 global supercoiling 0.01736
frame 4910 time 2455.0 binding_event at gene Raspberry enzyme RNAP with twist -226.34756 superhelical -0.10039 global twist 63.60158 global supercoiling 0.01811
frame 4920 time 2460.0 unbinding_event at gene tetA enzyme RNAP with twist 180.28186 superhelical -0.10125 global twist 63.60158 global supercoiling 0.01821
frame 4937 time 2468.5 unbinding_event at gene Raspberry enzyme RNAP with twist 63.60158 superhelical -0.14049 global twist 63.60158 global supercoiling 0.01811
frame 4942 time 2471.0 binding_event at DNA_gyrase 47 enzyme gyrase with twist 63.60158 superhelical 0.01801 global twist 63.60158 global supercoiling 0.01801
frame 4946 time 2473.0 unbinding_event at DNA_gyrase 47 enzyme gyrase with twist 50.13761 superhelical 0.01381 global twist 52.83040 global supercoiling 0.01527
frame 5027 time 2513.5 binding_event at gene tetA enzyme RNAP with twist 50.13761 superhelical 0.01420 global twist 50.13761 global supercoiling 0.01420
frame 5033 time 2516.5 binding_event at DNA_gyrase 31 enzyme gyrase with twist 2.96254 superhelical 0.00162 global twist 50.13761 global supercoiling 0.01428
frame 5033 time 2516.5 unbinding_event at DNA_gyrase 31 enzyme gyrase with twist -3.32065 superhelical -0.00251 global twist 50.13761 global supercoiling 0.01428
frame 5037 time 2518.5 binding_event at DNA_gyrase 22 enzyme gyrase with twist 61.53664 superhelical 0.03809 global twist 47.44482 global supercoiling 0.01351
frame 5039 time 2519.5 unbinding_event at DNA_gyrase 22 enzyme gyrase with twist 64.22943 superhelical 0.04671 global twist 42.05923 global supercoiling 0.01223
frame 5045 time 2522.5 binding_event at DNA_gyrase 13 enzyme gyrase with twist 82.18139 superhelical 0.05583 global twist 39.36643 global supercoiling 0.01121
frame 5045 time 2522.5 unbinding_event at DNA_gyrase 13 enzyme gyrase with twist 83.07899 superhelical 0.06477 global twist 39.36643 global supercoiling 0.01121
frame 5053 time 2526.5 binding_event at DNA_topoI 4 enzyme topoI with twist -71.53809 superhelical -0.03277 global twist 36.67364 global supercoiling 0.01044
frame 5060 time 2530.0 unbinding_event at DNA_topoI 4 enzyme topoI with twist -69.14450 superhelical -0.02600 global twist 63.90078 global supercoiling 0.01858
frame 5067 time 2533.5 unbinding_event at gene tetA enzyme RNAP with twist 67.79037 superhelical -0.03845 global twist 67.79037 global supercoiling 0.01931
frame 5094 time 2547.0 binding_event at DNA_gyrase 43 enzyme gyrase with twist 67.79037 superhelical 0.01920 global twist 67.79037 global supercoiling 0.01920
frame 5101 time 2550.5 unbinding_event at DNA_gyrase 43 enzyme gyrase with twist 46.24802 superhelical 0.01049 global twist 48.94081 global supercoiling 0.01415
frame 5155 time 2577.5 binding_event at DNA_gyrase 12 enzyme gyrase with twist 46.24802 superhelical 0.01310 global twist 46.24802 global supercoiling 0.01310
frame 5155 time 2577.5 unbinding_event at DNA_gyrase 12 enzyme gyrase with twist 43.55522 superhelical 0.01284 global twist 46.24802 global supercoiling 0.01310
frame 5228 time 2614.0 binding_event at DNA_gyrase 13 enzyme gyrase with twist 43.55522 superhelical 0.01234 global twist 43.55522 global supercoiling 0.01234
frame 5228 time 2614.0 unbinding_event at DNA_gyrase 13 enzyme gyrase with twist 40.86243 superhelical 0.01208 global twist 43.55522 global supercoiling 0.01234
frame 5244 time 2622.0 binding_event at DNA_gyrase 16 enzyme gyrase with twist 40.86243 superhelical 0.01157 global twist 40.86243 global supercoiling 0.01157
frame 5245 time 2622.5 binding_event at gene tetA enzyme RNAP with twist 32.13535 superhelical 0.01134 global twist 38.16964 global supercoiling 0.01104
frame 5247 time 2623.5 unbinding_event at DNA_gyrase 16 enzyme gyrase with twist 21.26971 superhelical 0.01845 global twist 32.78405 global supercoiling 0.00953
frame 5253 time 2626.5 binding_event at gene tetA enzyme RNAP with twist -9.13041 superhelical -0.00491 global twist 30.09126 global supercoiling 0.00857
frame 5273 time 2636.5 binding_event at gene tetA enzyme RNAP with twist -80.32084 superhelical -0.03870 global twist 30.09126 global supercoiling 0.00862
frame 5277 time 2638.5 binding_event at DNA_topoI 26 enzyme topoI with twist -81.40469 superhelical -0.04553 global twist 30.09126 global supercoiling 0.00866
frame 5282 time 2641.0 binding_event at gene tetA enzyme RNAP with twist -87.89372 superhelical -0.04766 global twist 49.53921 global supercoiling 0.01456
frame 5284 time 2642.0 unbinding_event at DNA_topoI 26 enzyme topoI with twist -72.15250 superhelical 0.36084 global twist 57.31839 global supercoiling 0.01695
frame 5285 time 2642.5 unbinding_event at gene tetA enzyme RNAP with twist 157.08719 superhelical -0.00496 global twist 61.20798 global supercoiling 0.01772
frame 5291 time 2645.5 binding_event at DNA_topoI 43 enzyme topoI with twist -93.69485 superhelical -0.04990 global twist 61.20798 global supercoiling 0.01762
frame 5292 time 2646.0 binding_event at gene Raspberry enzyme RNAP with twist -59.40081 superhelical -0.05024 global twist 65.09757 global supercoiling 0.01914
frame 5293 time 2646.5 unbinding_event at gene tetA enzyme RNAP with twist 172.53260 superhelical -0.03906 global twist 68.98717 global supercoiling 0.02040
frame 5296 time 2648.0 unbinding_event at DNA_topoI 43 enzyme topoI with twist -35.01939 superhelical 0.02315 global twist 80.65594 global supercoiling 0.02371
frame 5313 time 2656.5 unbinding_event at gene tetA enzyme RNAP with twist 237.48184 superhelical -0.04816 global twist 84.54553 global supercoiling 0.02434
frame 5319 time 2659.5 unbinding_event at gene Raspberry enzyme RNAP with twist -174.47866 superhelical -0.11024 global twist 84.54553 global supercoiling 0.02421
frame 5322 time 2661.0 unbinding_event at gene tetA enzyme RNAP with twist 84.54553 superhelical -0.07554 global twist 84.54553 global supercoiling 0.02408
frame 5334 time 2667.0 binding_event at gene tetA enzyme RNAP with twist 84.54553 superhelical 0.02395 global twist 84.54553 global supercoiling 0.02395
frame 5350 time 2675.0 binding_event at gene tetA enzyme RNAP with twist -16.12442 superhelical -0.00805 global twist 84.54553 global supercoiling 0.02408
frame 5356 time 2678.0 binding_event at DNA_gyrase 6 enzyme gyrase with twist 122.21230 superhelical 0.08728 global twist 84.54553 global supercoiling 0.02421
frame 5356 time 2678.0 unbinding_event at DNA_gyrase 6 enzyme gyrase with twist 123.10990 superhelical 0.10947 global twist 84.54553 global supercoiling 0.02421
frame 5374 time 2687.0 unbinding_event at gene tetA enzyme RNAP with twist 185.55850 superhelical -0.00813 global twist 81.85274 global supercoiling 0.02344
frame 5376 time 2688.0 binding_event at gene tetA enzyme RNAP with twist -107.29615 superhelical -0.04915 global twist 81.85274 global supercoiling 0.02331
frame 5382 time 2691.0 binding_event at gene tetA enzyme RNAP with twist -106.64339 superhelical -0.05847 global twist 81.85274 global supercoiling 0.02344
frame 5390 time 2695.0 unbinding_event at gene tetA enzyme RNAP with twist 220.80965 superhelical -0.04959 global twist 81.85274 global supercoiling 0.02357
frame 5393 time 2696.5 binding_event at DNA_gyrase 22 enzyme gyrase with twist 227.99043 superhelical 0.15301 global twist 81.85274 global supercoiling 0.02344
frame 5394 time 2697.0 unbinding_event at DNA_gyrase 22 enzyme gyrase with twist 229.78563 superhelical 0.16939 global twist 79.15994 global supercoiling 0.02314
frame 5411 time 2705.5 binding_event at DNA_topoI 37 enzyme topoI with twist -205.53158 superhelical -0.09189 global twist 76.46715 global supercoiling 0.02190
frame 5413 time 2706.5 unbinding_event at DNA_topoI 37 enzyme topoI with twist -204.63399 superhelical -0.08717 global twist 84.24633 global supercoiling 0.02463
frame 5416 time 2708.0 unbinding_event at gene tetA enzyme RNAP with twist 303.54108 superhelical -0.05909 global twist 88.13592 global supercoiling 0.02524
frame 5422 time 2711.0 unbinding_event at gene tetA enzyme RNAP with twist 88.13592 superhelical -0.09663 global twist 88.13592 global supercoiling 0.02510
frame 5448 time 2724.0 binding_event at gene tetA enzyme RNAP with twist 88.13592 superhelical 0.02496 global twist 88.13592 global supercoiling 0.02496
frame 5459 time 2729.5 binding_event at DNA_gyrase 42 enzyme gyrase with twist 3.58235 superhelical 0.00187 global twist 88.13592 global supercoiling 0.02510
frame 5459 time 2729.5 unbinding_event at DNA_gyrase 42 enzyme gyrase with twist -2.70084 superhelical 0.00073 global twist 88.13592 global supercoiling 0.02510
frame 5488 time 2744.0 unbinding_event at gene tetA enzyme RNAP with twist 85.44313 superhelical -0.04356 global twist 85.44313 global supercoiling 0.02433
frame 5521 time 2760.5 binding_event at DNA_gyrase 3 enzyme gyrase with twist 85.44313 superhelical 0.02420 global twist 85.44313 global supercoiling 0.02420
frame 5526 time 2763.0 unbinding_event at DNA_gyrase 3 enzyme gyrase with twist 69.28636 superhelical 0.02045 global twist 71.97916 global supercoiling 0.02081
frame 5546 time 2773.0 binding_event at DNA_gyrase 12 enzyme gyrase with twist 69.28636 superhelical 0.01962 global twist 69.28636 global supercoiling 0.01962
frame 5546 time 2773.0 unbinding_event at DNA_gyrase 12 enzyme gyrase with twist 66.59357 superhelical 0.01950 global twist 69.28636 global supercoiling 0.01962
frame 5556 time 2778.0 binding_event at DNA_gyrase 47 enzyme gyrase with twist 66.59357 superhelical 0.01886 global twist 66.59357 global supercoiling 0.01886
frame 5556 time 2778.0 unbinding_event at DNA_gyrase 47 enzyme gyrase with twist 63.90078 superhelical 0.01834 global twist 66.59357 global supercoiling 0.01886
frame 5664 time 2832.0 binding_event at DNA_gyrase 35 enzyme gyrase with twist 63.90078 superhelical 0.01810 global twist 63.90078 global supercoiling 0.01810
frame 5671 time 2835.5 unbinding_event at DNA_gyrase 35 enzyme gyrase with twist 42.35843 superhelical 0.00076 global twist 45.05122 global supercoiling 0.01303
frame 5723 time 2861.5 binding_event at DNA_gyrase 7 enzyme gyrase with twist 42.35843 superhelical 0.01200 global twist 42.35843 global supercoiling 0.01200
frame 5729 time 2864.5 unbinding_event at DNA_gyrase 7 enzyme gyrase with twist 23.50887 superhelical 0.00794 global twist 26.20167 global supercoiling 0.00758
frame 5756 time 2878.0 binding_event at DNA_gyrase 34 enzyme gyrase with twist 23.50887 superhelical 0.00666 global twist 23.50887 global supercoiling 0.00666
frame 5757 time 2878.5 unbinding_event at DNA_gyrase 34 enzyme gyrase with twist 18.12328 superhelical 0.00177 global twist 20.81608 global supercoiling 0.00602
frame 5766 time 2883.0 binding_event at DNA_gyrase 26 enzyme gyrase with twist 18.12328 superhelical 0.00513 global twist 18.12328 global supercoiling 0.00513
frame 5767 time 2883.5 unbinding_event at DNA_gyrase 26 enzyme gyrase with twist 12.73770 superhelical -0.06519 global twist 15.43049 global supercoiling 0.00446
frame 5769 time 2884.5 binding_event at DNA_gyrase 21 enzyme gyrase with twist 12.73770 superhelical 0.00361 global twist 12.73770 global supercoiling 0.00361
frame 5773 time 2886.5 unbinding_event at DNA_gyrase 21 enzyme gyrase with twist -0.72627 superhelical 0.00157 global twist 1.96652 global supercoiling 0.00057
frame 5792 time 2896.0 binding_event at DNA_gyrase 23 enzyme gyrase with twist -0.72627 superhelical -0.00021 global twist -0.72627 global supercoiling -0.00021
frame 5793 time 2896.5 unbinding_event at DNA_gyrase 23 enzyme gyrase with twist -6.11186 superhelical -0.00102 global twist -3.41907 global supercoiling -0.00099
frame 5840 time 2920.0 binding_event at DNA_gyrase 43 enzyme gyrase with twist -6.11186 superhelical -0.00173 global twist -6.11186 global supercoiling -0.00173
frame 5840 time 2920.0 unbinding_event at DNA_gyrase 43 enzyme gyrase with twist -8.80465 superhelical -0.00291 global twist -6.11186 global supercoiling -0.00173
frame 5928 time 2964.0 binding_event at gene tetA enzyme RNAP with twist -8.80465 superhelical -0.00249 global twist -8.80465 global supercoiling -0.00249
frame 5958 time 2979.0 binding_event at DNA_topoI 42 enzyme topoI with twist -112.01504 superhelical -0.04968 global twist -8.80465 global supercoiling -0.00251
frame 5962 time 2981.0 binding_event at DNA_gyrase 10 enzyme gyrase with twist 117.57196 superhelical 0.09923 global twist 6.75371 global supercoiling 0.00196
frame 5966 time 2983.0 unbinding_event at DNA_topoI 42 enzyme topoI with twist -109.32225 superhelical -0.03555 global twist 11.54090 global supercoiling 0.00343
frame 5968 time 2984.0 unbinding_event at gene tetA enzyme RNAP with twist 119.36715 superhelical 4.17334 global twist 10.04490 global supercoiling 0.00292
frame 5972 time 2986.0 unbinding_event at DNA_gyrase 10 enzyme gyrase with twist -3.41907 superhelical -0.04885 global twist -0.72627 global supercoiling -0.00021
frame 6024 time 3012.0 binding_event at gene tetA enzyme RNAP with twist -3.41907 superhelical -0.00097 global twist -3.41907 global supercoiling -0.00097
frame 6052 time 3026.0 binding_event at DNA_gyrase 23 enzyme gyrase with twist 98.78298 superhelical 0.07643 global twist -3.41907 global supercoiling -0.00097
frame 6058 time 3029.0 unbinding_event at DNA_gyrase 23 enzyme gyrase with twist 105.06616 superhelical 0.10752 global twist -19.57583 global supercoiling -0.00569
frame 6064 time 3032.0 unbinding_event at gene tetA enzyme RNAP with twist -22.26862 superhelical -0.06071 global twist -22.26862 global supercoiling -0.00634
frame 6085 time 3042.5 binding_event at DNA_gyrase 11 enzyme gyrase with twist -22.26862 superhelical -0.00631 global twist -22.26862 global supercoiling -0.00631
frame 6085 time 3042.5 unbinding_event at DNA_gyrase 11 enzyme gyrase with twist -24.96142 superhelical -0.00698 global twist -22.26862 global supercoiling -0.00631
frame 6186 time 3093.0 binding_event at DNA_gyrase 24 enzyme gyrase with twist -24.96142 superhelical -0.00707 global twist -24.96142 global supercoiling -0.00707
frame 6187 time 3093.5 unbinding_event at DNA_gyrase 24 enzyme gyrase with twist -30.34700 superhelical -0.00801 global twist -27.65421 global supercoiling -0.00800
frame 6192 time 3096.0 binding_event at DNA_gyrase 43 enzyme gyrase with twist -30.34700 superhelical -0.00860 global twist -30.34700 global supercoiling -0.00860
frame 6193 time 3096.5 unbinding_event at DNA_gyrase 43 enzyme gyrase with twist -35.73259 superhelical -0.01105 global twist -33.03980 global supercoiling -0.00955
frame 6200 time 3100.0 binding_event at gene tetA enzyme RNAP with twist -35.73259 superhelical -0.01012 global twist -35.73259 global supercoiling -0.01012
frame 6213 time 3106.5 binding_event at gene tetA enzyme RNAP with twist -64.13949 superhelical -0.03290 global twist -35.73259 global supercoiling -0.01018
frame 6225 time 3112.5 binding_event at gene tetA enzyme RNAP with twist -100.10641 superhelical -0.05182 global twist -35.73259 global supercoiling -0.01023
frame 6240 time 3120.0 unbinding_event at gene tetA enzyme RNAP with twist 121.82009 superhelical -0.03323 global twist -35.73259 global supercoiling -0.01029
frame 6253 time 3126.5 unbinding_event at gene tetA enzyme RNAP with twist 158.22143 superhelical -0.05234 global twist -35.73259 global supercoiling -0.01023
frame 6265 time 3132.5 unbinding_event at gene tetA enzyme RNAP with twist -35.73259 superhelical -0.09666 global twist -35.73259 global supercoiling -0.01018
frame 6448 time 3224.0 binding_event at DNA_gyrase 34 enzyme gyrase with twist -35.73259 superhelical -0.01012 global twist -35.73259 global supercoiling -0.01012
frame 6448 time 3224.0 unbinding_event at DNA_gyrase 34 enzyme gyrase with twist -38.42538 superhelical -0.01284 global twist -35.73259 global supercoiling -0.01012
frame 6556 time 3278.0 binding_event at gene tetA enzyme RNAP with twist -38.42538 superhelical -0.01088 global twist -38.42538 global supercoiling -0.01088
frame 6596 time 3298.0 unbinding_event at gene tetA enzyme RNAP with twist -38.42538 superhelical -0.06769 global twist -38.42538 global supercoiling -0.01094
frame 6636 time 3318.0 binding_event at DNA_gyrase 15 enzyme gyrase with twist -38.42538 superhelical -0.01088 global twist -38.42538 global supercoiling -0.01088
frame 6637 time 3318.5 unbinding_event at DNA_gyrase 15 enzyme gyrase with twist -43.81097 superhelical -0.01208 global twist -41.11818 global supercoiling -0.01189
frame 6639 time 3319.5 binding_event at DNA_gyrase 29 enzyme gyrase with twist -43.81097 superhelical -0.01241 global twist -43.81097 global supercoiling -0.01241
frame 6639 time 3319.5 unbinding_event at DNA_gyrase 29 enzyme gyrase with twist -46.50376 superhelical -0.02027 global twist -43.81097 global supercoiling -0.01241
frame 6713 time 3356.5 binding_event at gene tetA enzyme RNAP with twist -46.50376 superhelical -0.01317 global twist -46.50376 global supercoiling -0.01317
frame 6733 time 3366.5 binding_event at gene tetA enzyme RNAP with twist -94.53667 superhelical -0.04555 global twist -46.50376 global supercoiling -0.01324
frame 6738 time 3369.0 binding_event at DNA_topoI 37 enzyme topoI with twist -96.86091 superhelical -0.05363 global twist -46.50376 global supercoiling -0.01332
frame 6738 time 3369.0 unbinding_event at DNA_topoI 37 enzyme topoI with twist -96.56171 superhelical -0.05327 global twist -46.50376 global supercoiling -0.01332
frame 6750 time 3375.0 binding_event at gene tetA enzyme RNAP with twist -136.05602 superhelical -0.06731 global twist -42.61417 global supercoiling -0.01220
frame 6753 time 3376.5 unbinding_event at gene tetA enzyme RNAP with twist 107.80341 superhelical -0.04598 global twist -42.61417 global supercoiling -0.01227
frame 6773 time 3386.5 binding_event at DNA_gyrase 14 enzyme gyrase with twist 176.02085 superhelical 0.16342 global twist -42.61417 global supercoiling -0.01220
frame 6773 time 3386.5 unbinding_event at gene tetA enzyme RNAP with twist 24.29805 superhelical -0.06795 global twist -42.61417 global supercoiling -0.01220
frame 6779 time 3389.5 binding_event at DNA_topoI 32 enzyme topoI with twist -220.74080 superhelical -0.09869 global twist -58.77094 global supercoiling -0.01709
frame 6780 time 3390.0 unbinding_event at DNA_gyrase 14 enzyme gyrase with twist 163.76506 superhelical 0.10038 global twist -57.57414 global supercoiling -0.01710
frame 6782 time 3391.0 unbinding_event at DNA_topoI 32 enzyme topoI with twist -219.54400 superhelical -0.08214 global twist -52.48775 global supercoiling -0.01526
frame 6790 time 3395.0 unbinding_event at gene tetA enzyme RNAP with twist -48.59816 superhelical -0.10124 global twist -48.59816 global supercoiling -0.01384
frame 6820 time 3410.0 binding_event at gene tetA enzyme RNAP with twist -48.59816 superhelical -0.01377 global twist -48.59816 global supercoiling -0.01377
frame 6842 time 3421.0 binding_event at DNA_gyrase 14 enzyme gyrase with twist 54.14293 superhelical 0.03867 global twist -48.59816 global supercoiling -0.01384
frame 6842 time 3421.0 unbinding_event at DNA_gyrase 14 enzyme gyrase with twist 55.04053 superhelical 0.04625 global twist -48.59816 global supercoiling -0.01384
frame 6844 time 3422.0 binding_event at gene Raspberry enzyme RNAP with twist -109.92187 superhelical -0.05120 global twist -51.29095 global supercoiling -0.01461
frame 6859 time 3429.5 binding_event at DNA_topoI 35 enzyme topoI with twist -93.23733 superhelical -0.09038 global twist -51.29095 global supercoiling -0.01469
frame 6860 time 3430.0 binding_event at gene mKalama1 enzyme RNAP with twist -35.82487 superhelical -0.09687 global twist -47.40136 global supercoiling -0.01386
frame 6860 time 3430.0 unbinding_event at gene tetA enzyme RNAP with twist 49.12716 superhelical -0.05166 global twist -47.40136 global supercoiling -0.01386
frame 6863 time 3431.5 binding_event at DNA_gyrase 24 enzyme gyrase with twist 56.30795 superhelical 0.02338 global twist -35.73259 global supercoiling -0.01045
frame 6863 time 3431.5 unbinding_event at DNA_gyrase 24 enzyme gyrase with twist 57.20554 superhelical 0.02528 global twist -35.73259 global supercoiling -0.01045
frame 6867 time 3433.5 binding_event at DNA_gyrase 1 enzyme gyrase with twist 67.97672 superhelical 0.02910 global twist -22.86702 global supercoiling -0.00669
frame 6871 time 3435.5 unbinding_event at gene Raspberry enzyme RNAP with twist 27.11404 superhelical -0.00170 global twist -18.07983 global supercoiling -0.00540
frame 6873 time 3436.5 unbinding_event at DNA_gyrase 1 enzyme gyrase with twist 69.97638 superhelical 0.02628 global twist -15.68624 global supercoiling -0.00466
frame 6878 time 3439.0 unbinding_event at DNA_topoI 35 enzyme topoI with twist -1.20887 superhelical -0.28646 global twist 1.06892 global supercoiling 0.00031
frame 6887 time 3443.5 binding_event at gene tetA enzyme RNAP with twist -29.93200 superhelical -0.00894 global twist 4.95852 global supercoiling 0.00141
frame 6887 time 3443.5 unbinding_event at gene mKalama1 enzyme RNAP with twist 17.50687 superhelical 0.26573 global twist 4.95852 global supercoiling 0.00141
frame 6893 time 3446.5 binding_event at DNA_gyrase 8 enzyme gyrase with twist 5.40360 superhelical 0.00320 global twist 4.95852 global supercoiling 0.00141
frame 6898 time 3449.0 unbinding_event at DNA_gyrase 8 enzyme gyrase with twist 10.78919 superhelical 0.04812 global twist -8.50545 global supercoiling -0.00247
frame 6927 time 3463.5 binding_event at gene tetA enzyme RNAP with twist -122.51840 superhelical -0.05033 global twist -11.19825 global supercoiling -0.00319
frame 6927 time 3463.5 unbinding_event at gene tetA enzyme RNAP with twist 79.45428 superhelical -0.05073 global twist -11.19825 global supercoiling -0.00319
frame 6948 time 3474.0 binding_event at gene tetA enzyme RNAP with twist -162.46036 superhelical -0.07761 global twist -11.19825 global supercoiling -0.00319
frame 6967 time 3483.5 unbinding_event at gene tetA enzyme RNAP with twist 195.04014 superhelical -0.07833 global twist -11.19825 global supercoiling -0.00321
frame 6972 time 3486.0 binding_event at DNA_gyrase 15 enzyme gyrase with twist 209.40171 superhelical 0.15348 global twist -11.19825 global supercoiling -0.00319
frame 6979 time 3489.5 unbinding_event at DNA_gyrase 15 enzyme gyrase with twist 216.58249 superhelical 0.25312 global twist -30.04780 global supercoiling -0.00874
frame 6988 time 3494.0 unbinding_event at gene tetA enzyme RNAP with twist -32.74060 superhelical -0.11485 global twist -32.74060 global supercoiling -0.00932
frame 7034 time 3517.0 binding_event at DNA_gyrase 45 enzyme gyrase with twist -32.74060 superhelical -0.00927 global twist -32.74060 global supercoiling -0.00927
frame 7034 time 3517.0 unbinding_event at DNA_gyrase 45 enzyme gyrase with twist -35.43339 superhelical -0.01048 global twist -32.74060 global supercoiling -0.00927
frame 7042 time 3521.0 binding_event at gene tetA enzyme RNAP with twist -35.43339 superhelical -0.01004 global twist -35.43339 global supercoiling -0.01004
frame 7064 time 3532.0 binding_event at DNA_topoI 28 enzyme topoI with twist -96.30678 superhelical -0.04562 global twist -35.43339 global supercoiling -0.01009
frame 7064 time 3532.0 unbinding_event at DNA_topoI 28 enzyme topoI with twist -96.00758 superhelical -0.02876 global twist -35.43339 global supercoiling -0.01009
frame 7069 time 3534.5 binding_event at DNA_topoI 29 enzyme topoI with twist -110.36914 superhelical -0.05015 global twist -31.54380 global supercoiling -0.00898
frame 7077 time 3538.5 unbinding_event at DNA_topoI 29 enzyme topoI with twist -107.67635 superhelical 0.04698 global twist -0.42707 global supercoiling -0.00012
frame 7082 time 3541.0 unbinding_event at gene tetA enzyme RNAP with twist 3.46252 superhelical -0.05123 global twist 3.46252 global supercoiling 0.00099
frame 7093 time 3546.5 binding_event at DNA_gyrase 42 enzyme gyrase with twist 3.46252 superhelical 0.00098 global twist 3.46252 global supercoiling 0.00098
frame 7094 time 3547.0 binding_event at gene tetA enzyme RNAP with twist 1.00428 superhelical 0.00043 global twist 0.76972 global supercoiling 0.00022
frame 7094 time 3547.0 unbinding_event at DNA_gyrase 42 enzyme gyrase with twist -6.28757 superhelical -0.00142 global twist 0.76972 global supercoiling 0.00022
frame 7095 time 3547.5 binding_event at DNA_gyrase 49 enzyme gyrase with twist -6.28757 superhelical -0.00363 global twist -1.92307 global supercoiling -0.00055
frame 7097 time 3548.5 unbinding_event at DNA_gyrase 49 enzyme gyrase with twist -25.13713 superhelical -0.00629 global twist -7.30866 global supercoiling -0.00212
frame 7112 time 3556.0 binding_event at DNA_gyrase 5 enzyme gyrase with twist 65.40116 superhelical 0.04443 global twist -10.00145 global supercoiling -0.00285
frame 7120 time 3560.0 unbinding_event at DNA_gyrase 5 enzyme gyrase with twist -65.86102 superhelical -0.04391 global twist -31.54380 global supercoiling -0.00917
frame 7129 time 3564.5 binding_event at DNA_gyrase 10 enzyme gyrase with twist 60.34756 superhelical 0.05172 global twist -34.23659 global supercoiling -0.00975
frame 7129 time 3564.5 unbinding_event at DNA_gyrase 10 enzyme gyrase with twist 61.24516 superhelical 0.20520 global twist -34.23659 global supercoiling -0.00975
frame 7134 time 3567.0 unbinding_event at gene tetA enzyme RNAP with twist -36.92939 superhelical -0.04736 global twist -36.92939 global supercoiling -0.01052
frame 7398 time 3699.0 binding_event at gene tetA enzyme RNAP with twist -36.92939 superhelical -0.01046 global twist -36.92939 global supercoiling -0.01046
frame 7415 time 3707.5 binding_event at DNA_gyrase 5 enzyme gyrase with twist 42.15660 superhelical 0.02829 global twist -36.92939 global supercoiling -0.01052
frame 7419 time 3709.5 unbinding_event at DNA_gyrase 5 enzyme gyrase with twist -65.75925 superhelical -0.04418 global twist -47.70056 global supercoiling -0.01387
frame 7435 time 3717.5 binding_event at gene tetA enzyme RNAP with twist -119.61512 superhelical -0.05025 global twist -50.39336 global supercoiling -0.01435
frame 7438 time 3719.0 unbinding_event at gene tetA enzyme RNAP with twist 50.90591 superhelical -0.05066 global twist -50.39336 global supercoiling -0.01443
frame 7475 time 3737.5 unbinding_event at gene tetA enzyme RNAP with twist -50.39336 superhelical -0.09548 global twist -50.39336 global supercoiling -0.01435
frame 7498 time 3749.0 binding_event at gene tetA enzyme RNAP with twist -50.39336 superhelical -0.01427 global twist -50.39336 global supercoiling -0.01427
frame 7532 time 3766.0 binding_event at gene tetA enzyme RNAP with twist -146.70320 superhelical -0.06306 global twist -50.39336 global supercoiling -0.01435
frame 7538 time 3769.0 unbinding_event at gene tetA enzyme RNAP with twist 83.85369 superhelical -0.06358 global twist -50.39336 global supercoiling -0.01443
frame 7559 time 3779.5 binding_event at gene tetA enzyme RNAP with twist -206.05488 superhelical -0.09362 global twist -50.39336 global supercoiling -0.01435
frame 7568 time 3784.0 binding_event at DNA_topoI 30 enzyme topoI with twist -194.39948 superhelical -0.10353 global twist -50.39336 global supercoiling -0.01443
frame 7572 time 3786.0 unbinding_event at gene tetA enzyme RNAP with twist 161.95808 superhelical -0.09444 global twist -34.83499 global supercoiling -0.01018
frame 7576 time 3788.0 unbinding_event at DNA_topoI 30 enzyme topoI with twist -191.70669 superhelical -0.03733 global twist -19.27663 global supercoiling -0.00560
frame 7587 time 3793.5 binding_event at gene Raspberry enzyme RNAP with twist -227.61060 superhelical -0.10258 global twist -15.38704 global supercoiling -0.00438
frame 7594 time 3797.0 binding_event at gene tetA enzyme RNAP with twist -148.72706 superhelical -0.10347 global twist -15.38704 global supercoiling -0.00441
frame 7599 time 3799.5 unbinding_event at gene tetA enzyme RNAP with twist 195.01505 superhelical -0.10487 global twist -15.38704 global supercoiling -0.00443
frame 7613 time 3806.5 binding_event at gene mKalama1 enzyme RNAP with twist -172.23373 superhelical -0.14013 global twist -15.38704 global supercoiling -0.00441
frame 7614 time 3807.0 unbinding_event at gene Raspberry enzyme RNAP with twist -179.27411 superhelical -0.14887 global twist -15.38704 global supercoiling -0.00443
frame 7615 time 3807.5 binding_event at gene Raspberry enzyme RNAP with twist -179.27411 superhelical -0.12258 global twist -15.38704 global supercoiling -0.00441
frame 7629 time 3814.5 binding_event at DNA_topoI 37 enzyme topoI with twist -116.88267 superhelical -0.18427 global twist -15.38704 global supercoiling -0.00443
frame 7629 time 3814.5 unbinding_event at DNA_topoI 37 enzyme topoI with twist -120.17386 superhelical -0.20245 global twist -15.38704 global supercoiling -0.00443
frame 7634 time 3817.0 unbinding_event at gene tetA enzyme RNAP with twist 157.75635 superhelical -0.12421 global twist -11.49745 global supercoiling -0.00331
frame 7640 time 3820.0 unbinding_event at gene mKalama1 enzyme RNAP with twist -190.79614 superhelical 0.05777 global twist -11.49745 global supercoiling -0.00329
frame 7642 time 3821.0 unbinding_event at gene Raspberry enzyme RNAP with twist -11.49745 superhelical -0.15650 global twist -11.49745 global supercoiling -0.00327
frame 7660 time 3830.0 binding_event at DNA_gyrase 9 enzyme gyrase with twist -11.49745 superhelical -0.00326 global twist -11.49745 global supercoiling -0.00326
frame 7660 time 3830.0 unbinding_event at DNA_gyrase 9 enzyme gyrase with twist -14.19024 superhelical -0.00390 global twist -11.49745 global supercoiling -0.00326
frame 7684 time 3842.0 binding_event at gene tetA enzyme RNAP with twist -14.19024 superhelical -0.00402 global twist -14.19024 global supercoiling -0.00402
frame 7724 time 3862.0 binding_event at DNA_topoI 2 enzyme topoI with twist -150.55118 superhelical -0.06185 global twist -14.19024 global supercoiling -0.00404
frame 7724 time 3862.0 unbinding_event at gene tetA enzyme RNAP with twist 104.29063 superhelical -0.06464 global twist -14.19024 global supercoiling -0.00404
frame 7725 time 3862.5 unbinding_event at DNA_topoI 2 enzyme topoI with twist -6.41106 superhelical -0.06160 global twist -10.30065 global supercoiling -0.00298
frame 7728 time 3864.0 binding_event at gene tetA enzyme RNAP with twist -6.41106 superhelical -0.00182 global twist -6.41106 global supercoiling -0.00182
frame 7768 time 3884.0 unbinding_event at gene tetA enzyme RNAP with twist -6.41106 superhelical -0.06131 global twist -6.41106 global supercoiling -0.00183
frame 7774 time 3887.0 binding_event at gene tetA enzyme RNAP with twist -6.41106 superhelical -0.00182 global twist -6.41106 global supercoiling -0.00182
frame 7814 time 3907.0 unbinding_event at gene tetA enzyme RNAP with twist -6.41106 superhelical -0.06131 global twist -6.41106 global supercoiling -0.00183
frame 7817 time 3908.5 binding_event at DNA_gyrase 45 enzyme gyrase with twist -6.41106 superhelical -0.00182 global twist -6.41106 global supercoiling -0.00182
frame 7826 time 3913.0 unbinding_event at DNA_gyrase 45 enzyme gyrase with twist -33.33900 superhelical -0.01201 global twist -30.64620 global supercoiling -0.00886
frame 7871 time 3935.5 binding_event at DNA_gyrase 0 enzyme gyrase with twist -33.33900 superhelical -0.00944 global twist -33.33900 global supercoiling -0.00944
frame 7882 time 3941.0 unbinding_event at DNA_gyrase 0 enzyme gyrase with twist -65.65252 superhelical -0.01923 global twist -62.95973 global supercoiling -0.01820
frame 7899 time 3949.5 binding_event at DNA_gyrase 24 enzyme gyrase with twist -65.65252 superhelical -0.01860 global twist -65.65252 global supercoiling -0.01860
frame 7901 time 3950.5 unbinding_event at DNA_gyrase 24 enzyme gyrase with twist -73.73090 superhelical -0.02017 global twist -71.03811 global supercoiling -0.02054
frame 7902 time 3951.0 binding_event at gene tetA enzyme RNAP with twist -73.73090 superhelical -0.02088 global twist -73.73090 global supercoiling -0.02088
frame 7907 time 3953.5 binding_event at DNA_gyrase 3 enzyme gyrase with twist -19.74278 superhelical -0.01158 global twist -73.73090 global supercoiling -0.02100
frame 7916 time 3958.0 unbinding_event at DNA_gyrase 3 enzyme gyrase with twist -127.57317 superhelical -0.04258 global twist -97.96604 global supercoiling -0.02848
frame 7935 time 3967.5 binding_event at DNA_topoI 33 enzyme topoI with twist -192.20022 superhelical -0.08325 global twist -100.65884 global supercoiling -0.02867
frame 7936 time 3968.0 unbinding_event at DNA_topoI 33 enzyme topoI with twist -191.60182 superhelical -0.07755 global twist -96.76925 global supercoiling -0.02813
frame 7942 time 3971.0 unbinding_event at gene tetA enzyme RNAP with twist -92.87966 superhelical -0.08692 global twist -92.87966 global supercoiling -0.02645
