TORCphysics log file 

General information: 
---------------------------------------------------------------------------------------
Circuit name: Pleu500_77
Size: 6000
Structure: circle
Number of sites: 110
Number of frames: 8000
Simulation time: 4000.0
Simulation timestep: 0.5
Seed: 9181655524591542282
 
Overall simulation information 
---------------------------------------------------------------------------------------
Initial twist: -211.83310
Final twist: -172.03960
Initial superhelical density: -0.06000
Final superhelical density: -0.04974
 
Overall rates 
---------------------------------------------------------------------------------------
site type            site name            #binding events      #unbinding events    binding rates        
 DNA_topoI            DNA_topoI_global                     56.0                 56.0                 0.014 
DNA_gyrase           DNA_gyrase_global                    88.0                 87.0                 0.022 
EXT                  EXT                                   0.0                  0.0                   0.0 
gene                 tetA                                 66.0                 66.0                0.0165 
gene                 CDS                                   0.0                  0.0                   0.0 
origin               ori                                   0.0                  0.0                   0.0 
lacOP                lac1                                  0.0                  0.0                   0.0 
gene                 mKalama1                              5.0                  5.0               0.00125 
lacOP                lac2                                  0.0                  0.0                   0.0 
gene                 Raspberry                            13.0                 13.0               0.00325 
 
Events
---------------------------------------------------------------------------------------
frame 27 time 13.5 binding_event at DNA_gyrase 30 enzyme gyrase with twist -211.83310 superhelical -0.06000 global twist -211.83310 global supercoiling -0.06000
frame 32 time 16.0 unbinding_event at DNA_gyrase 30 enzyme gyrase with twist -227.98987 superhelical -0.09370 global twist -225.29707 global supercoiling -0.06514
frame 179 time 89.5 binding_event at gene tetA enzyme RNAP with twist -227.98987 superhelical -0.06458 global twist -227.98987 global supercoiling -0.06458
frame 205 time 102.5 binding_event at DNA_gyrase 22 enzyme gyrase with twist -23.20905 superhelical -0.01747 global twist -227.98987 global supercoiling -0.06493
frame 207 time 103.5 binding_event at gene tetA enzyme RNAP with twist -211.96160 superhelical -0.09553 global twist -233.37545 global supercoiling -0.06785
frame 212 time 106.0 binding_event at DNA_topoI 24 enzyme topoI with twist -13.00560 superhelical -0.06708 global twist -246.83942 global supercoiling -0.07217
frame 212 time 106.0 unbinding_event at DNA_topoI 24 enzyme topoI with twist -10.46241 superhelical -0.09821 global twist -246.83942 global supercoiling -0.07217
frame 213 time 106.5 unbinding_event at DNA_gyrase 22 enzyme gyrase with twist -11.24108 superhelical 0.00063 global twist -245.64263 global supercoiling -0.07182
frame 219 time 109.5 unbinding_event at gene tetA enzyme RNAP with twist -36.28877 superhelical -0.09636 global twist -248.33542 global supercoiling -0.07111
frame 224 time 112.0 binding_event at gene Raspberry enzyme RNAP with twist -226.40822 superhelical -0.11201 global twist -248.33542 global supercoiling -0.07072
frame 247 time 123.5 unbinding_event at gene tetA enzyme RNAP with twist -75.96038 superhelical -0.11308 global twist -248.33542 global supercoiling -0.07111
frame 251 time 125.5 unbinding_event at gene Raspberry enzyme RNAP with twist -248.33542 superhelical -0.14762 global twist -248.33542 global supercoiling -0.07072
frame 256 time 128.0 binding_event at DNA_topoI 0 enzyme topoI with twist -248.33542 superhelical -0.07034 global twist -248.33542 global supercoiling -0.07034
frame 259 time 129.5 unbinding_event at DNA_topoI 0 enzyme topoI with twist -232.77706 superhelical -0.06718 global twist -236.66665 global supercoiling -0.06843
frame 276 time 138.0 binding_event at gene Raspberry enzyme RNAP with twist -232.77706 superhelical -0.06593 global twist -232.77706 global supercoiling -0.06593
frame 282 time 141.0 binding_event at gene tetA enzyme RNAP with twist -160.69654 superhelical -0.06084 global twist -232.77706 global supercoiling -0.06629
frame 283 time 141.5 binding_event at DNA_topoI 3 enzyme topoI with twist -106.42549 superhelical -0.05988 global twist -232.77706 global supercoiling -0.06666
frame 283 time 141.5 unbinding_event at DNA_topoI 3 enzyme topoI with twist -98.94551 superhelical -0.02825 global twist -232.77706 global supercoiling -0.06666
frame 288 time 144.0 binding_event at gene Raspberry enzyme RNAP with twist -93.62287 superhelical -0.09575 global twist -228.88746 global supercoiling -0.06554
frame 303 time 151.5 unbinding_event at gene Raspberry enzyme RNAP with twist -69.84938 superhelical -0.09766 global twist -228.88746 global supercoiling -0.06590
frame 315 time 157.5 unbinding_event at gene Raspberry enzyme RNAP with twist -244.83448 superhelical -0.13833 global twist -228.88746 global supercoiling -0.06554
frame 322 time 161.0 unbinding_event at gene tetA enzyme RNAP with twist -228.88746 superhelical -0.11009 global twist -228.88746 global supercoiling -0.06518
frame 329 time 164.5 binding_event at DNA_topoI 42 enzyme topoI with twist -228.88746 superhelical -0.06483 global twist -228.88746 global supercoiling -0.06483
frame 334 time 167.0 unbinding_event at DNA_topoI 42 enzyme topoI with twist -205.54992 superhelical -0.05567 global twist -209.43951 global supercoiling -0.06055
frame 379 time 189.5 binding_event at DNA_topoI 2 enzyme topoI with twist -205.54992 superhelical -0.05822 global twist -205.54992 global supercoiling -0.05822
frame 380 time 190.0 unbinding_event at DNA_topoI 2 enzyme topoI with twist -197.77074 superhelical -0.05730 global twist -201.66033 global supercoiling -0.05830
frame 387 time 193.5 binding_event at DNA_topoI 43 enzyme topoI with twist -197.77074 superhelical -0.05602 global twist -197.77074 global supercoiling -0.05602
frame 395 time 197.5 unbinding_event at DNA_topoI 43 enzyme topoI with twist -162.76442 superhelical -0.04238 global twist -166.65401 global supercoiling -0.04818
frame 414 time 207.0 binding_event at DNA_topoI 34 enzyme topoI with twist -162.76442 superhelical -0.04610 global twist -162.76442 global supercoiling -0.04610
frame 426 time 213.0 unbinding_event at DNA_topoI 34 enzyme topoI with twist -112.19974 superhelical 0.00010 global twist -116.08933 global supercoiling -0.03356
frame 445 time 222.5 binding_event at DNA_topoI 29 enzyme topoI with twist -112.19974 superhelical -0.03178 global twist -112.19974 global supercoiling -0.03178
frame 459 time 229.5 unbinding_event at DNA_topoI 29 enzyme topoI with twist -53.85587 superhelical 0.13226 global twist -57.74546 global supercoiling -0.01670
frame 499 time 249.5 binding_event at DNA_topoI 9 enzyme topoI with twist -53.85587 superhelical -0.01525 global twist -53.85587 global supercoiling -0.01525
frame 510 time 255.0 unbinding_event at DNA_topoI 9 enzyme topoI with twist -7.18078 superhelical -0.00556 global twist -11.07037 global supercoiling -0.00320
frame 540 time 270.0 binding_event at DNA_gyrase 23 enzyme gyrase with twist -7.18078 superhelical -0.00203 global twist -7.18078 global supercoiling -0.00203
frame 545 time 272.5 unbinding_event at DNA_gyrase 23 enzyme gyrase with twist -23.33755 superhelical -0.00450 global twist -20.64475 global supercoiling -0.00597
frame 553 time 276.5 binding_event at DNA_gyrase 40 enzyme gyrase with twist -23.33755 superhelical -0.00661 global twist -23.33755 global supercoiling -0.00661
frame 554 time 277.0 unbinding_event at DNA_gyrase 40 enzyme gyrase with twist -28.72313 superhelical -0.00953 global twist -26.03034 global supercoiling -0.00753
frame 606 time 303.0 binding_event at DNA_gyrase 10 enzyme gyrase with twist -28.72313 superhelical -0.00814 global twist -28.72313 global supercoiling -0.00814
frame 610 time 305.0 unbinding_event at DNA_gyrase 10 enzyme gyrase with twist -42.18710 superhelical -0.01111 global twist -39.49431 global supercoiling -0.01142
frame 624 time 312.0 binding_event at DNA_topoI 3 enzyme topoI with twist -42.18710 superhelical -0.01195 global twist -42.18710 global supercoiling -0.01195
frame 641 time 320.5 binding_event at DNA_gyrase 13 enzyme gyrase with twist 14.05543 superhelical 0.00902 global twist 23.93594 global supercoiling 0.00692
frame 641 time 320.5 unbinding_event at DNA_gyrase 13 enzyme gyrase with twist 13.30743 superhelical 0.01038 global twist 23.93594 global supercoiling 0.00692
frame 646 time 323.0 binding_event at DNA_gyrase 42 enzyme gyrase with twist 19.60449 superhelical 0.01032 global twist 40.69110 global supercoiling 0.01176
frame 646 time 323.0 unbinding_event at DNA_topoI 3 enzyme topoI with twist 31.32791 superhelical 0.01155 global twist 40.69110 global supercoiling 0.01176
frame 646 time 323.0 unbinding_event at DNA_gyrase 42 enzyme gyrase with twist 41.88790 superhelical 0.00951 global twist 40.69110 global supercoiling 0.01176
frame 649 time 324.5 binding_event at gene tetA enzyme RNAP with twist 41.88790 superhelical 0.01186 global twist 41.88790 global supercoiling 0.01186
frame 689 time 344.5 unbinding_event at gene tetA enzyme RNAP with twist 41.88790 superhelical -0.05168 global twist 41.88790 global supercoiling 0.01193
frame 724 time 362.0 binding_event at DNA_gyrase 6 enzyme gyrase with twist 41.88790 superhelical 0.01186 global twist 41.88790 global supercoiling 0.01186
frame 724 time 362.0 unbinding_event at DNA_gyrase 6 enzyme gyrase with twist 39.19511 superhelical 0.01147 global twist 41.88790 global supercoiling 0.01186
frame 784 time 392.0 binding_event at gene tetA enzyme RNAP with twist 39.19511 superhelical 0.01110 global twist 39.19511 global supercoiling 0.01110
frame 824 time 412.0 unbinding_event at gene tetA enzyme RNAP with twist 39.19511 superhelical -0.05222 global twist 39.19511 global supercoiling 0.01116
frame 856 time 428.0 binding_event at gene tetA enzyme RNAP with twist 39.19511 superhelical 0.01110 global twist 39.19511 global supercoiling 0.01110
frame 896 time 448.0 unbinding_event at gene tetA enzyme RNAP with twist 39.19511 superhelical -0.05222 global twist 39.19511 global supercoiling 0.01116
frame 918 time 459.0 binding_event at DNA_gyrase 16 enzyme gyrase with twist 39.19511 superhelical 0.01110 global twist 39.19511 global supercoiling 0.01110
frame 919 time 459.5 unbinding_event at DNA_gyrase 16 enzyme gyrase with twist 33.80952 superhelical 0.01038 global twist 36.50231 global supercoiling 0.01055
frame 980 time 490.0 binding_event at gene tetA enzyme RNAP with twist 33.80952 superhelical 0.00958 global twist 33.80952 global supercoiling 0.00958
frame 981 time 490.5 binding_event at gene tetA enzyme RNAP with twist 12.93410 superhelical 0.00746 global twist 33.80952 global supercoiling 0.00963
frame 1012 time 506.0 binding_event at DNA_topoI 40 enzyme topoI with twist -98.37705 superhelical -0.04329 global twist 33.80952 global supercoiling 0.00968
frame 1020 time 510.0 binding_event at DNA_topoI 37 enzyme topoI with twist -27.66549 superhelical -0.02861 global twist 64.92625 global supercoiling 0.01898
frame 1020 time 510.0 unbinding_event at gene tetA enzyme RNAP with twist 164.50010 superhelical 0.00753 global twist 64.92625 global supercoiling 0.01898
frame 1021 time 510.5 unbinding_event at gene tetA enzyme RNAP with twist 96.48133 superhelical -0.05066 global twist 72.70543 global supercoiling 0.02159
frame 1022 time 511.0 unbinding_event at DNA_topoI 40 enzyme topoI with twist 105.65658 superhelical 0.05035 global twist 80.48461 global supercoiling 0.02376
frame 1023 time 511.5 unbinding_event at DNA_topoI 37 enzyme topoI with twist 92.15338 superhelical -0.02055 global twist 88.26379 global supercoiling 0.02552
frame 1039 time 519.5 binding_event at gene tetA enzyme RNAP with twist 92.15338 superhelical 0.02610 global twist 92.15338 global supercoiling 0.02610
frame 1041 time 520.5 binding_event at DNA_gyrase 43 enzyme gyrase with twist 37.85942 superhelical 0.02161 global twist 92.15338 global supercoiling 0.02624
frame 1049 time 524.5 unbinding_event at DNA_gyrase 43 enzyme gyrase with twist -18.68925 superhelical 0.01228 global twist 70.61103 global supercoiling 0.02053
frame 1079 time 539.5 binding_event at gene tetA enzyme RNAP with twist -122.81061 superhelical -0.05045 global twist 67.91824 global supercoiling 0.01934
frame 1079 time 539.5 unbinding_event at gene tetA enzyme RNAP with twist 158.77841 superhelical -0.05085 global twist 67.91824 global supercoiling 0.01934
frame 1080 time 540.0 binding_event at DNA_gyrase 6 enzyme gyrase with twist 158.77841 superhelical 0.08934 global twist 67.91824 global supercoiling 0.01934
frame 1080 time 540.0 unbinding_event at DNA_gyrase 6 enzyme gyrase with twist 159.67601 superhelical 0.10446 global twist 67.91824 global supercoiling 0.01934
frame 1119 time 559.5 unbinding_event at gene tetA enzyme RNAP with twist 65.22545 superhelical -0.09562 global twist 65.22545 global supercoiling 0.01858
frame 1214 time 607.0 binding_event at DNA_gyrase 4 enzyme gyrase with twist 65.22545 superhelical 0.01847 global twist 65.22545 global supercoiling 0.01847
frame 1214 time 607.0 unbinding_event at DNA_gyrase 4 enzyme gyrase with twist 62.53265 superhelical 0.01818 global twist 65.22545 global supercoiling 0.01847
frame 1226 time 613.0 binding_event at gene tetA enzyme RNAP with twist 62.53265 superhelical 0.01771 global twist 62.53265 global supercoiling 0.01771
frame 1262 time 631.0 binding_event at DNA_gyrase 14 enzyme gyrase with twist 161.22376 superhelical 0.14033 global twist 62.53265 global supercoiling 0.01781
frame 1265 time 632.5 binding_event at DNA_gyrase 23 enzyme gyrase with twist 110.96709 superhelical 0.14442 global twist 54.45427 global supercoiling 0.01583
frame 1266 time 633.0 unbinding_event at gene tetA enzyme RNAP with twist -59.20561 superhelical -0.04757 global twist 49.06869 global supercoiling 0.01457
frame 1266 time 633.0 unbinding_event at DNA_gyrase 23 enzyme gyrase with twist 102.88871 superhelical 0.14994 global twist 49.06869 global supercoiling 0.01457
frame 1275 time 637.5 unbinding_event at DNA_gyrase 14 enzyme gyrase with twist 19.44795 superhelical -0.02651 global twist 22.14075 global supercoiling 0.00640
frame 1278 time 639.0 binding_event at gene tetA enzyme RNAP with twist 19.44795 superhelical 0.00551 global twist 19.44795 global supercoiling 0.00551
frame 1290 time 645.0 binding_event at gene tetA enzyme RNAP with twist -33.57946 superhelical -0.01738 global twist 19.44795 global supercoiling 0.00554
frame 1318 time 659.0 unbinding_event at gene tetA enzyme RNAP with twist 153.70257 superhelical -0.01756 global twist 19.44795 global supercoiling 0.00557
frame 1322 time 661.0 binding_event at DNA_topoI 45 enzyme topoI with twist -145.02579 superhelical -0.06331 global twist 19.44795 global supercoiling 0.00554
frame 1322 time 661.0 unbinding_event at DNA_topoI 45 enzyme topoI with twist -144.72659 superhelical -0.06389 global twist 19.44795 global supercoiling 0.00554
frame 1327 time 663.5 binding_event at DNA_topoI 48 enzyme topoI with twist -159.08816 superhelical -0.06683 global twist 23.33755 global supercoiling 0.00665
frame 1330 time 665.0 unbinding_event at gene tetA enzyme RNAP with twist 137.34044 superhelical -0.07086 global twist 35.00632 global supercoiling 0.01018
frame 1332 time 666.0 unbinding_event at DNA_topoI 48 enzyme topoI with twist 46.67509 superhelical -0.06134 global twist 42.78550 global supercoiling 0.01237
frame 1447 time 723.5 binding_event at gene Raspberry enzyme RNAP with twist 46.67509 superhelical 0.01322 global twist 46.67509 global supercoiling 0.01322
frame 1451 time 725.5 binding_event at gene tetA enzyme RNAP with twist 50.90304 superhelical 0.01901 global twist 46.67509 global supercoiling 0.01329
frame 1474 time 737.0 unbinding_event at gene Raspberry enzyme RNAP with twist -73.87277 superhelical -0.07146 global twist 46.67509 global supercoiling 0.01337
frame 1491 time 745.5 unbinding_event at gene tetA enzyme RNAP with twist 46.67509 superhelical -0.05501 global twist 46.67509 global supercoiling 0.01329
frame 1501 time 750.5 binding_event at gene mKalama1 enzyme RNAP with twist 46.67509 superhelical 0.01322 global twist 46.67509 global supercoiling 0.01322
frame 1528 time 764.0 unbinding_event at gene mKalama1 enzyme RNAP with twist 46.67509 superhelical 0.75365 global twist 46.67509 global supercoiling 0.01329
frame 1565 time 782.5 binding_event at DNA_gyrase 7 enzyme gyrase with twist 46.67509 superhelical 0.01322 global twist 46.67509 global supercoiling 0.01322
frame 1567 time 783.5 unbinding_event at DNA_gyrase 7 enzyme gyrase with twist 38.59671 superhelical 0.01165 global twist 41.28950 global supercoiling 0.01194
frame 1612 time 806.0 binding_event at DNA_gyrase 8 enzyme gyrase with twist 38.59671 superhelical 0.01093 global twist 38.59671 global supercoiling 0.01093
frame 1615 time 807.5 binding_event at DNA_gyrase 19 enzyme gyrase with twist 9.34278 superhelical 0.00779 global twist 30.51833 global supercoiling 0.00882
frame 1615 time 807.5 unbinding_event at DNA_gyrase 8 enzyme gyrase with twist 23.08717 superhelical 0.00878 global twist 30.51833 global supercoiling 0.00882
frame 1621 time 810.5 unbinding_event at DNA_gyrase 19 enzyme gyrase with twist 8.97598 superhelical 0.00492 global twist 11.66877 global supercoiling 0.00337
frame 1704 time 852.0 binding_event at gene tetA enzyme RNAP with twist 8.97598 superhelical 0.00254 global twist 8.97598 global supercoiling 0.00254
frame 1707 time 853.5 binding_event at gene tetA enzyme RNAP with twist -6.38414 superhelical -0.00361 global twist 8.97598 global supercoiling 0.00256
frame 1718 time 859.0 binding_event at DNA_gyrase 9 enzyme gyrase with twist 54.85443 superhelical 0.03553 global twist 8.97598 global supercoiling 0.00257
frame 1721 time 860.5 unbinding_event at DNA_gyrase 9 enzyme gyrase with twist 58.44482 superhelical 0.07996 global twist 0.89760 global supercoiling 0.00026
frame 1740 time 870.0 binding_event at gene tetA enzyme RNAP with twist -124.74052 superhelical -0.05403 global twist -1.79520 global supercoiling -0.00051
frame 1744 time 872.0 unbinding_event at gene tetA enzyme RNAP with twist 140.89728 superhelical -0.00365 global twist -1.79520 global supercoiling -0.00052
frame 1747 time 873.5 unbinding_event at gene tetA enzyme RNAP with twist 120.43442 superhelical -0.05448 global twist -1.79520 global supercoiling -0.00051
frame 1765 time 882.5 binding_event at DNA_topoI 29 enzyme topoI with twist -183.26627 superhelical -0.08465 global twist -1.79520 global supercoiling -0.00051
frame 1767 time 883.5 binding_event at DNA_gyrase 22 enzyme gyrase with twist 188.65186 superhelical 0.14395 global twist 5.98399 global supercoiling 0.00174
frame 1768 time 884.0 unbinding_event at DNA_gyrase 22 enzyme gyrase with twist 190.44706 superhelical 0.16217 global twist 7.18078 global supercoiling 0.00213
frame 1770 time 885.0 unbinding_event at DNA_topoI 29 enzyme topoI with twist -181.47108 superhelical -0.02167 global twist 12.26717 global supercoiling 0.00357
frame 1780 time 890.0 unbinding_event at gene tetA enzyme RNAP with twist 16.15676 superhelical -0.08864 global twist 16.15676 global supercoiling 0.00460
frame 1805 time 902.5 binding_event at gene tetA enzyme RNAP with twist 16.15676 superhelical 0.00458 global twist 16.15676 global supercoiling 0.00458
frame 1829 time 914.5 binding_event at DNA_gyrase 7 enzyme gyrase with twist 94.42950 superhelical 0.06921 global twist 16.15676 global supercoiling 0.00460
frame 1839 time 919.5 unbinding_event at DNA_gyrase 7 enzyme gyrase with twist -50.49291 superhelical -0.04562 global twist -10.77117 global supercoiling -0.00313
frame 1843 time 921.5 binding_event at DNA_gyrase 11 enzyme gyrase with twist 47.80012 superhelical 0.04295 global twist -13.46397 global supercoiling -0.00383
frame 1845 time 922.5 unbinding_event at gene tetA enzyme RNAP with twist -62.66603 superhelical -0.02938 global twist -18.84956 global supercoiling -0.00548
frame 1845 time 922.5 unbinding_event at DNA_gyrase 11 enzyme gyrase with twist -21.54235 superhelical -0.02938 global twist -18.84956 global supercoiling -0.00548
frame 1878 time 939.0 binding_event at gene tetA enzyme RNAP with twist -21.54235 superhelical -0.00610 global twist -21.54235 global supercoiling -0.00610
frame 1893 time 946.5 binding_event at gene tetA enzyme RNAP with twist -64.38475 superhelical -0.03243 global twist -21.54235 global supercoiling -0.00613
frame 1897 time 948.5 binding_event at DNA_gyrase 9 enzyme gyrase with twist 57.20397 superhelical 0.03934 global twist -21.54235 global supercoiling -0.00617
frame 1899 time 949.5 unbinding_event at DNA_gyrase 9 enzyme gyrase with twist 59.89676 superhelical 0.08595 global twist -26.92794 global supercoiling -0.00787
frame 1900 time 950.0 binding_event at DNA_topoI 37 enzyme topoI with twist -81.32735 superhelical -0.04415 global twist -29.62073 global supercoiling -0.00848
frame 1902 time 951.0 binding_event at DNA_gyrase 10 enzyme gyrase with twist 67.07755 superhelical 0.04916 global twist -21.84155 global supercoiling -0.00639
frame 1902 time 951.0 unbinding_event at DNA_topoI 37 enzyme topoI with twist -80.42975 superhelical -0.03818 global twist -21.84155 global supercoiling -0.00639
frame 1905 time 952.5 unbinding_event at DNA_gyrase 10 enzyme gyrase with twist 70.66794 superhelical 0.12881 global twist -26.03034 global supercoiling -0.00761
frame 1918 time 959.0 unbinding_event at gene tetA enzyme RNAP with twist 109.15288 superhelical -0.03274 global twist -28.72313 global supercoiling -0.00822
frame 1933 time 966.5 unbinding_event at gene tetA enzyme RNAP with twist -28.72313 superhelical -0.07819 global twist -28.72313 global supercoiling -0.00818
frame 1969 time 984.5 binding_event at DNA_gyrase 12 enzyme gyrase with twist -28.72313 superhelical -0.00814 global twist -28.72313 global supercoiling -0.00814
frame 1975 time 987.5 unbinding_event at DNA_gyrase 12 enzyme gyrase with twist -47.57269 superhelical -0.01201 global twist -44.87990 global supercoiling -0.01298
frame 1996 time 998.0 binding_event at gene tetA enzyme RNAP with twist -47.57269 superhelical -0.01347 global twist -47.57269 global supercoiling -0.01347
frame 2016 time 1008.0 binding_event at gene Raspberry enzyme RNAP with twist -95.05911 superhelical -0.04581 global twist -47.57269 global supercoiling -0.01355
frame 2028 time 1014.0 binding_event at DNA_topoI 41 enzyme topoI with twist -59.81309 superhelical -0.04623 global twist -47.57269 global supercoiling -0.01362
frame 2032 time 1016.0 unbinding_event at DNA_topoI 41 enzyme topoI with twist -156.73816 superhelical -0.08736 global twist -32.01433 global supercoiling -0.00936
frame 2036 time 1018.0 unbinding_event at gene tetA enzyme RNAP with twist 142.97499 superhelical 0.01553 global twist -28.12473 global supercoiling -0.00805
frame 2043 time 1021.5 unbinding_event at gene Raspberry enzyme RNAP with twist -28.12473 superhelical -0.15512 global twist -28.12473 global supercoiling -0.00801
frame 2097 time 1048.5 binding_event at DNA_topoI 5 enzyme topoI with twist -28.12473 superhelical -0.00797 global twist -28.12473 global supercoiling -0.00797
frame 2097 time 1048.5 unbinding_event at DNA_topoI 5 enzyme topoI with twist -24.23514 superhelical -0.00718 global twist -28.12473 global supercoiling -0.00797
frame 2103 time 1051.5 binding_event at DNA_gyrase 26 enzyme gyrase with twist -24.23514 superhelical -0.00686 global twist -24.23514 global supercoiling -0.00686
frame 2110 time 1055.0 unbinding_event at DNA_gyrase 26 enzyme gyrase with twist -45.77749 superhelical -0.28811 global twist -43.08470 global supercoiling -0.01246
frame 2209 time 1104.5 binding_event at DNA_gyrase 7 enzyme gyrase with twist -45.77749 superhelical -0.01297 global twist -45.77749 global supercoiling -0.01297
frame 2213 time 1106.5 unbinding_event at DNA_gyrase 7 enzyme gyrase with twist -59.24146 superhelical -0.01631 global twist -56.54867 global supercoiling -0.01635
frame 2255 time 1127.5 binding_event at gene tetA enzyme RNAP with twist -59.24146 superhelical -0.01678 global twist -59.24146 global supercoiling -0.01678
frame 2276 time 1138.0 binding_event at DNA_topoI 4 enzyme topoI with twist -104.35264 superhelical -0.04985 global twist -59.24146 global supercoiling -0.01687
frame 2276 time 1138.0 unbinding_event at DNA_topoI 4 enzyme topoI with twist -104.05344 superhelical -0.05064 global twist -59.24146 global supercoiling -0.01687
frame 2280 time 1140.0 binding_event at DNA_topoI 2 enzyme topoI with twist -114.82461 superhelical -0.05304 global twist -55.35187 global supercoiling -0.01576
frame 2281 time 1140.5 unbinding_event at DNA_topoI 2 enzyme topoI with twist -114.22622 superhelical -0.05273 global twist -51.46228 global supercoiling -0.01496
frame 2289 time 1144.5 binding_event at gene tetA enzyme RNAP with twist -139.35896 superhelical -0.05990 global twist -47.57269 global supercoiling -0.01355
frame 2295 time 1147.5 unbinding_event at gene tetA enzyme RNAP with twist 81.21189 superhelical -0.06040 global twist -47.57269 global supercoiling -0.01362
frame 2299 time 1149.5 binding_event at DNA_gyrase 6 enzyme gyrase with twist 91.98307 superhelical 0.05693 global twist -47.57269 global supercoiling -0.01355
frame 2299 time 1149.5 unbinding_event at DNA_gyrase 6 enzyme gyrase with twist 92.88066 superhelical 0.07768 global twist -47.57269 global supercoiling -0.01355
frame 2300 time 1150.0 binding_event at DNA_topoI 31 enzyme topoI with twist -143.14615 superhelical -0.07480 global twist -50.26548 global supercoiling -0.01431
frame 2302 time 1151.0 unbinding_event at DNA_topoI 31 enzyme topoI with twist -142.24855 superhelical -0.05953 global twist -42.48630 global supercoiling -0.01235
frame 2329 time 1164.5 unbinding_event at gene tetA enzyme RNAP with twist -38.59671 superhelical -0.09754 global twist -38.59671 global supercoiling -0.01099
frame 2330 time 1165.0 binding_event at gene tetA enzyme RNAP with twist -38.59671 superhelical -0.01093 global twist -38.59671 global supercoiling -0.01093
frame 2348 time 1174.0 binding_event at DNA_gyrase 20 enzyme gyrase with twist 44.89458 superhelical 0.03050 global twist -38.59671 global supercoiling -0.01099
frame 2348 time 1174.0 unbinding_event at DNA_gyrase 20 enzyme gyrase with twist 45.79218 superhelical 0.03476 global twist -38.59671 global supercoiling -0.01099
frame 2370 time 1185.0 unbinding_event at gene tetA enzyme RNAP with twist -41.28950 superhelical -0.06772 global twist -41.28950 global supercoiling -0.01176
frame 2423 time 1211.5 binding_event at DNA_topoI 20 enzyme topoI with twist -41.28950 superhelical -0.01169 global twist -41.28950 global supercoiling -0.01169
frame 2428 time 1214.0 unbinding_event at DNA_topoI 20 enzyme topoI with twist -17.95196 superhelical -0.00820 global twist -21.84155 global supercoiling -0.00631
frame 2429 time 1214.5 binding_event at gene tetA enzyme RNAP with twist -17.95196 superhelical -0.00508 global twist -17.95196 global supercoiling -0.00508
frame 2445 time 1222.5 binding_event at DNA_topoI 28 enzyme topoI with twist -66.22033 superhelical -0.03305 global twist -17.95196 global supercoiling -0.00511
frame 2448 time 1224.0 unbinding_event at DNA_topoI 28 enzyme topoI with twist -65.02353 superhelical 0.03958 global twist -6.28319 global supercoiling -0.00183
frame 2453 time 1226.5 binding_event at gene tetA enzyme RNAP with twist -79.38510 superhelical -0.03697 global twist -2.39359 global supercoiling -0.00068
frame 2469 time 1234.5 unbinding_event at gene tetA enzyme RNAP with twist 122.66907 superhelical -0.03731 global twist -2.39359 global supercoiling -0.00069
frame 2486 time 1243.0 binding_event at DNA_topoI 32 enzyme topoI with twist -182.50893 superhelical -0.07906 global twist -2.39359 global supercoiling -0.00068
frame 2486 time 1243.0 unbinding_event at DNA_topoI 32 enzyme topoI with twist -182.20973 superhelical -0.07664 global twist -2.39359 global supercoiling -0.00068
frame 2493 time 1246.5 unbinding_event at gene tetA enzyme RNAP with twist 1.49600 superhelical -0.08455 global twist 1.49600 global supercoiling 0.00043
frame 2560 time 1280.0 binding_event at gene tetA enzyme RNAP with twist 1.49600 superhelical 0.00042 global twist 1.49600 global supercoiling 0.00042
frame 2589 time 1294.5 binding_event at gene mKalama1 enzyme RNAP with twist -103.39018 superhelical -0.04622 global twist 1.49600 global supercoiling 0.00043
frame 2600 time 1300.0 unbinding_event at gene tetA enzyme RNAP with twist -11.40301 superhelical -0.07965 global twist 1.49600 global supercoiling 0.00043
frame 2616 time 1308.0 unbinding_event at gene mKalama1 enzyme RNAP with twist 1.49600 superhelical 0.48577 global twist 1.49600 global supercoiling 0.00043
frame 2621 time 1310.5 binding_event at DNA_gyrase 45 enzyme gyrase with twist 1.49600 superhelical 0.00042 global twist 1.49600 global supercoiling 0.00042
frame 2621 time 1310.5 unbinding_event at DNA_gyrase 45 enzyme gyrase with twist -1.19680 superhelical -0.00058 global twist 1.49600 global supercoiling 0.00042
frame 2683 time 1341.5 binding_event at gene tetA enzyme RNAP with twist -1.19680 superhelical -0.00034 global twist -1.19680 global supercoiling -0.00034
frame 2723 time 1361.5 unbinding_event at gene tetA enzyme RNAP with twist -1.19680 superhelical -0.06027 global twist -1.19680 global supercoiling -0.00034
frame 2762 time 1381.0 binding_event at DNA_gyrase 5 enzyme gyrase with twist -1.19680 superhelical -0.00034 global twist -1.19680 global supercoiling -0.00034
frame 2762 time 1381.0 unbinding_event at DNA_gyrase 5 enzyme gyrase with twist -3.88959 superhelical -0.00100 global twist -1.19680 global supercoiling -0.00034
frame 2831 time 1415.5 binding_event at gene tetA enzyme RNAP with twist -3.88959 superhelical -0.00110 global twist -3.88959 global supercoiling -0.00110
frame 2857 time 1428.5 binding_event at DNA_topoI 1 enzyme topoI with twist -95.25123 superhelical -0.04363 global twist -3.88959 global supercoiling -0.00111
frame 2858 time 1429.0 unbinding_event at DNA_topoI 1 enzyme topoI with twist -94.65283 superhelical -0.04290 global twist -0.00000 global supercoiling -0.00000
frame 2861 time 1430.5 binding_event at DNA_topoI 37 enzyme topoI with twist -101.83361 superhelical -0.04516 global twist 3.88959 global supercoiling 0.00111
frame 2866 time 1433.0 binding_event at DNA_gyrase 24 enzyme gyrase with twist 123.67516 superhelical 0.10599 global twist 23.33755 global supercoiling 0.00678
frame 2868 time 1434.0 unbinding_event at DNA_topoI 37 enzyme topoI with twist -99.44002 superhelical -0.02595 global twist 25.73114 global supercoiling 0.00764
frame 2871 time 1435.5 unbinding_event at gene tetA enzyme RNAP with twist 21.25104 superhelical -0.04494 global twist 21.54235 global supercoiling 0.00626
frame 2874 time 1437.0 binding_event at gene mKalama1 enzyme RNAP with twist 18.55825 superhelical 0.00544 global twist 13.46397 global supercoiling 0.00389
frame 2875 time 1437.5 unbinding_event at DNA_gyrase 24 enzyme gyrase with twist -2.64760 superhelical 0.00185 global twist 10.77117 global supercoiling 0.00313
frame 2876 time 1438.0 binding_event at DNA_gyrase 18 enzyme gyrase with twist -2.64760 superhelical -0.00091 global twist 8.07838 global supercoiling 0.00230
frame 2877 time 1438.5 unbinding_event at DNA_gyrase 18 enzyme gyrase with twist -15.21398 superhelical -0.00507 global twist 5.38559 global supercoiling 0.00157
frame 2901 time 1450.5 unbinding_event at gene mKalama1 enzyme RNAP with twist 2.69279 superhelical 0.71870 global twist 2.69279 global supercoiling 0.00077
frame 2956 time 1478.0 binding_event at gene tetA enzyme RNAP with twist 2.69279 superhelical 0.00076 global twist 2.69279 global supercoiling 0.00076
frame 2975 time 1487.5 binding_event at DNA_gyrase 31 enzyme gyrase with twist -66.90133 superhelical -0.03252 global twist 2.69279 global supercoiling 0.00077
frame 2978 time 1489.0 unbinding_event at DNA_gyrase 31 enzyme gyrase with twist -92.03407 superhelical -0.05049 global twist -5.38559 global supercoiling -0.00157
frame 2996 time 1498.0 unbinding_event at gene tetA enzyme RNAP with twist -8.07838 superhelical -0.06388 global twist -8.07838 global supercoiling -0.00230
frame 3006 time 1503.0 binding_event at DNA_gyrase 41 enzyme gyrase with twist -8.07838 superhelical -0.00229 global twist -8.07838 global supercoiling -0.00229
frame 3006 time 1503.0 unbinding_event at DNA_gyrase 41 enzyme gyrase with twist -10.77117 superhelical -0.00363 global twist -8.07838 global supercoiling -0.00229
frame 3068 time 1534.0 binding_event at DNA_gyrase 25 enzyme gyrase with twist -10.77117 superhelical -0.00305 global twist -10.77117 global supercoiling -0.00305
frame 3075 time 1537.5 binding_event at DNA_gyrase 27 enzyme gyrase with twist -20.12969 superhelical -0.00578 global twist -29.62073 global supercoiling -0.00856
frame 3075 time 1537.5 unbinding_event at DNA_gyrase 27 enzyme gyrase with twist -24.16888 superhelical -0.04608 global twist -29.62073 global supercoiling -0.00856
frame 3076 time 1538.0 binding_event at DNA_gyrase 28 enzyme gyrase with twist -24.16888 superhelical -0.00694 global twist -35.00632 global supercoiling -0.01012
frame 3077 time 1538.5 unbinding_event at DNA_gyrase 28 enzyme gyrase with twist -32.24726 superhelical -0.03266 global twist -40.39191 global supercoiling -0.01193
frame 3078 time 1539.0 unbinding_event at DNA_gyrase 25 enzyme gyrase with twist -48.47029 superhelical -0.00965 global twist -45.77749 global supercoiling -0.01324
frame 3160 time 1580.0 binding_event at DNA_gyrase 6 enzyme gyrase with twist -48.47029 superhelical -0.01373 global twist -48.47029 global supercoiling -0.01373
frame 3162 time 1581.0 unbinding_event at DNA_gyrase 6 enzyme gyrase with twist -56.54867 superhelical -0.01592 global twist -53.85587 global supercoiling -0.01557
frame 3167 time 1583.5 binding_event at DNA_gyrase 45 enzyme gyrase with twist -56.54867 superhelical -0.01602 global twist -56.54867 global supercoiling -0.01602
frame 3176 time 1588.0 unbinding_event at DNA_gyrase 45 enzyme gyrase with twist -83.47660 superhelical -0.02650 global twist -80.78381 global supercoiling -0.02336
frame 3192 time 1596.0 binding_event at DNA_gyrase 13 enzyme gyrase with twist -83.47660 superhelical -0.02364 global twist -83.47660 global supercoiling -0.02364
frame 3195 time 1597.5 unbinding_event at DNA_gyrase 13 enzyme gyrase with twist -94.24778 superhelical -0.02619 global twist -91.55499 global supercoiling -0.02647
frame 3215 time 1607.5 binding_event at DNA_gyrase 38 enzyme gyrase with twist -94.24778 superhelical -0.02669 global twist -94.24778 global supercoiling -0.02669
frame 3215 time 1607.5 unbinding_event at DNA_gyrase 38 enzyme gyrase with twist -96.94057 superhelical -0.02888 global twist -94.24778 global supercoiling -0.02669
frame 3276 time 1638.0 binding_event at DNA_topoI 28 enzyme topoI with twist -96.94057 superhelical -0.02746 global twist -96.94057 global supercoiling -0.02746
frame 3279 time 1639.5 unbinding_event at DNA_topoI 28 enzyme topoI with twist -81.38221 superhelical 0.04584 global twist -85.27180 global supercoiling -0.02465
frame 3374 time 1687.0 binding_event at gene tetA enzyme RNAP with twist -81.38221 superhelical -0.02305 global twist -81.38221 global supercoiling -0.02305
frame 3395 time 1697.5 binding_event at DNA_gyrase 17 enzyme gyrase with twist 33.79178 superhelical 0.02383 global twist -81.38221 global supercoiling -0.02318
frame 3395 time 1697.5 unbinding_event at DNA_gyrase 17 enzyme gyrase with twist 34.68937 superhelical 0.02857 global twist -81.38221 global supercoiling -0.02318
frame 3414 time 1707.0 unbinding_event at gene tetA enzyme RNAP with twist -84.07500 superhelical -0.07625 global twist -84.07500 global supercoiling -0.02394
frame 3435 time 1717.5 binding_event at gene tetA enzyme RNAP with twist -84.07500 superhelical -0.02381 global twist -84.07500 global supercoiling -0.02381
frame 3475 time 1737.5 unbinding_event at gene tetA enzyme RNAP with twist -84.07500 superhelical -0.07679 global twist -84.07500 global supercoiling -0.02394
frame 3489 time 1744.5 binding_event at DNA_topoI 4 enzyme topoI with twist -84.07500 superhelical -0.02381 global twist -84.07500 global supercoiling -0.02381
frame 3490 time 1745.0 unbinding_event at DNA_topoI 4 enzyme topoI with twist -76.29582 superhelical -0.02234 global twist -80.18541 global supercoiling -0.02318
frame 3506 time 1753.0 binding_event at gene mKalama1 enzyme RNAP with twist -76.29582 superhelical -0.02161 global twist -76.29582 global supercoiling -0.02161
frame 3533 time 1766.5 unbinding_event at gene mKalama1 enzyme RNAP with twist -76.29582 superhelical 0.59707 global twist -76.29582 global supercoiling -0.02173
frame 3570 time 1785.0 binding_event at DNA_topoI 9 enzyme topoI with twist -76.29582 superhelical -0.02161 global twist -76.29582 global supercoiling -0.02161
frame 3573 time 1786.5 unbinding_event at DNA_topoI 9 enzyme topoI with twist -60.73746 superhelical -0.01872 global twist -64.62705 global supercoiling -0.01869
frame 3621 time 1810.5 binding_event at gene Raspberry enzyme RNAP with twist -60.73746 superhelical -0.01720 global twist -60.73746 global supercoiling -0.01720
frame 3642 time 1821.0 binding_event at DNA_topoI 35 enzyme topoI with twist -88.58492 superhelical -0.07775 global twist -60.73746 global supercoiling -0.01730
frame 3644 time 1822.0 unbinding_event at DNA_topoI 35 enzyme topoI with twist -87.68732 superhelical -0.07338 global twist -52.95828 global supercoiling -0.01540
frame 3648 time 1824.0 unbinding_event at gene Raspberry enzyme RNAP with twist -49.06869 superhelical -0.08067 global twist -49.06869 global supercoiling -0.01397
frame 3687 time 1843.5 binding_event at gene Raspberry enzyme RNAP with twist -49.06869 superhelical -0.01390 global twist -49.06869 global supercoiling -0.01390
frame 3699 time 1849.5 binding_event at gene tetA enzyme RNAP with twist 4.66930 superhelical 0.00184 global twist -49.06869 global supercoiling -0.01397
frame 3704 time 1852.0 binding_event at DNA_gyrase 8 enzyme gyrase with twist 21.28559 superhelical 0.01248 global twist -49.06869 global supercoiling -0.01405
frame 3714 time 1857.0 unbinding_event at gene Raspberry enzyme RNAP with twist -109.84858 superhelical -0.08789 global twist -75.99662 global supercoiling -0.02222
frame 3715 time 1857.5 unbinding_event at DNA_gyrase 8 enzyme gyrase with twist 32.05676 superhelical 0.14880 global twist -78.68942 global supercoiling -0.02288
frame 3735 time 1867.5 binding_event at DNA_topoI 46 enzyme topoI with twist -181.65641 superhelical -0.07689 global twist -81.38221 global supercoiling -0.02318
frame 3737 time 1868.5 binding_event at DNA_gyrase 19 enzyme gyrase with twist 107.45499 superhelical 0.09654 global twist -73.60303 global supercoiling -0.02140
frame 3737 time 1868.5 unbinding_event at DNA_gyrase 19 enzyme gyrase with twist 108.35258 superhelical 0.10987 global twist -73.60303 global supercoiling -0.02140
frame 3739 time 1869.5 unbinding_event at gene tetA enzyme RNAP with twist 36.50304 superhelical -0.08043 global twist -68.51664 global supercoiling -0.01992
frame 3741 time 1870.5 unbinding_event at DNA_topoI 46 enzyme topoI with twist -56.84787 superhelical -0.06956 global twist -60.73746 global supercoiling -0.01756
frame 3778 time 1889.0 binding_event at gene tetA enzyme RNAP with twist -56.84787 superhelical -0.01610 global twist -56.84787 global supercoiling -0.01610
frame 3803 time 1901.5 binding_event at DNA_topoI 31 enzyme topoI with twist -117.54433 superhelical -0.05429 global twist -56.84787 global supercoiling -0.01619
frame 3808 time 1904.0 binding_event at gene tetA enzyme RNAP with twist -107.76094 superhelical -0.05787 global twist -37.39991 global supercoiling -0.01087
frame 3818 time 1909.0 unbinding_event at gene tetA enzyme RNAP with twist 87.77374 superhelical -0.05847 global twist 1.49600 global supercoiling 0.00044
frame 3820 time 1910.0 unbinding_event at DNA_topoI 31 enzyme topoI with twist -81.78975 superhelical 0.05299 global twist 9.27518 global supercoiling 0.00270
frame 3848 time 1924.0 unbinding_event at gene tetA enzyme RNAP with twist 13.16477 superhelical -0.07435 global twist 13.16477 global supercoiling 0.00375
frame 3853 time 1926.5 binding_event at gene tetA enzyme RNAP with twist 13.16477 superhelical 0.00373 global twist 13.16477 global supercoiling 0.00373
frame 3882 time 1941.0 binding_event at gene tetA enzyme RNAP with twist -97.68704 superhelical -0.04367 global twist 13.16477 global supercoiling 0.00375
frame 3893 time 1946.5 unbinding_event at gene tetA enzyme RNAP with twist 131.84754 superhelical -0.04405 global twist 13.16477 global supercoiling 0.00377
frame 3899 time 1949.5 binding_event at DNA_topoI 27 enzyme topoI with twist -136.63472 superhelical -0.06759 global twist 13.16477 global supercoiling 0.00375
frame 3899 time 1949.5 unbinding_event at DNA_topoI 27 enzyme topoI with twist -136.33552 superhelical -0.01205 global twist 13.16477 global supercoiling 0.00375
frame 3922 time 1961.0 unbinding_event at gene tetA enzyme RNAP with twist 17.05436 superhelical -0.08927 global twist 17.05436 global supercoiling 0.00486
frame 4036 time 2018.0 binding_event at DNA_gyrase 25 enzyme gyrase with twist 17.05436 superhelical 0.00483 global twist 17.05436 global supercoiling 0.00483
frame 4053 time 2026.5 unbinding_event at DNA_gyrase 25 enzyme gyrase with twist -31.41593 superhelical -0.00209 global twist -28.72313 global supercoiling -0.00830
frame 4064 time 2032.0 binding_event at DNA_topoI 10 enzyme topoI with twist -31.41593 superhelical -0.00890 global twist -31.41593 global supercoiling -0.00890
frame 4073 time 2036.5 unbinding_event at DNA_topoI 10 enzyme topoI with twist 7.47998 superhelical -0.00099 global twist 3.59039 global supercoiling 0.00104
frame 4131 time 2065.5 binding_event at DNA_gyrase 12 enzyme gyrase with twist 7.47998 superhelical 0.00212 global twist 7.47998 global supercoiling 0.00212
frame 4133 time 2066.5 unbinding_event at DNA_gyrase 12 enzyme gyrase with twist -0.59840 superhelical 0.00058 global twist 2.09440 global supercoiling 0.00061
frame 4319 time 2159.5 binding_event at DNA_gyrase 48 enzyme gyrase with twist -0.59840 superhelical -0.00017 global twist -0.59840 global supercoiling -0.00017
frame 4321 time 2160.5 unbinding_event at DNA_gyrase 48 enzyme gyrase with twist -8.67678 superhelical -0.00279 global twist -5.98399 global supercoiling -0.00173
frame 4376 time 2188.0 binding_event at gene tetA enzyme RNAP with twist -8.67678 superhelical -0.00246 global twist -8.67678 global supercoiling -0.00246
frame 4416 time 2208.0 unbinding_event at gene tetA enzyme RNAP with twist -8.67678 superhelical -0.06176 global twist -8.67678 global supercoiling -0.00247
frame 4483 time 2241.5 binding_event at DNA_gyrase 44 enzyme gyrase with twist -8.67678 superhelical -0.00246 global twist -8.67678 global supercoiling -0.00246
frame 4488 time 2244.0 unbinding_event at DNA_gyrase 44 enzyme gyrase with twist -24.83354 superhelical -0.00895 global twist -22.14075 global supercoiling -0.00640
frame 4511 time 2255.5 binding_event at DNA_gyrase 32 enzyme gyrase with twist -24.83354 superhelical -0.00703 global twist -24.83354 global supercoiling -0.00703
frame 4516 time 2258.0 unbinding_event at DNA_gyrase 32 enzyme gyrase with twist -40.99030 superhelical -0.02776 global twist -38.29751 global supercoiling -0.01107
frame 4888 time 2444.0 binding_event at DNA_gyrase 16 enzyme gyrase with twist -40.99030 superhelical -0.01161 global twist -40.99030 global supercoiling -0.01161
frame 4890 time 2445.0 unbinding_event at DNA_gyrase 16 enzyme gyrase with twist -49.06869 superhelical -0.01328 global twist -46.37589 global supercoiling -0.01341
frame 4901 time 2450.5 binding_event at gene mKalama1 enzyme RNAP with twist -49.06869 superhelical -0.01390 global twist -49.06869 global supercoiling -0.01390
frame 4906 time 2453.0 binding_event at gene tetA enzyme RNAP with twist -57.97287 superhelical -0.01963 global twist -49.06869 global supercoiling -0.01397
frame 4927 time 2463.5 binding_event at DNA_topoI 30 enzyme topoI with twist -173.30468 superhelical -0.09153 global twist -49.06869 global supercoiling -0.01405
frame 4928 time 2464.0 unbinding_event at gene mKalama1 enzyme RNAP with twist 83.52348 superhelical 0.63174 global twist -45.17909 global supercoiling -0.01321
frame 4936 time 2468.0 unbinding_event at DNA_topoI 30 enzyme topoI with twist -86.01027 superhelical 0.39802 global twist -14.06237 global supercoiling -0.00409
frame 4946 time 2473.0 unbinding_event at gene tetA enzyme RNAP with twist -10.17278 superhelical -0.04972 global twist -10.17278 global supercoiling -0.00290
frame 4955 time 2477.5 binding_event at gene tetA enzyme RNAP with twist -10.17278 superhelical -0.00288 global twist -10.17278 global supercoiling -0.00288
frame 4995 time 2497.5 unbinding_event at gene tetA enzyme RNAP with twist -10.17278 superhelical -0.06206 global twist -10.17278 global supercoiling -0.00290
frame 5068 time 2534.0 binding_event at DNA_gyrase 5 enzyme gyrase with twist -10.17278 superhelical -0.00288 global twist -10.17278 global supercoiling -0.00288
frame 5071 time 2535.5 binding_event at DNA_gyrase 29 enzyme gyrase with twist -10.05134 superhelical -0.00492 global twist -18.25116 global supercoiling -0.00528
frame 5071 time 2535.5 unbinding_event at DNA_gyrase 5 enzyme gyrase with twist -21.38768 superhelical -0.00660 global twist -18.25116 global supercoiling -0.00528
frame 5071 time 2535.5 unbinding_event at DNA_gyrase 29 enzyme gyrase with twist -23.63674 superhelical -0.01270 global twist -18.25116 global supercoiling -0.00528
frame 5207 time 2603.5 binding_event at gene Raspberry enzyme RNAP with twist -23.63674 superhelical -0.00669 global twist -23.63674 global supercoiling -0.00669
frame 5234 time 2617.0 unbinding_event at gene Raspberry enzyme RNAP with twist -23.63674 superhelical -0.08353 global twist -23.63674 global supercoiling -0.00673
frame 5323 time 2661.5 binding_event at gene tetA enzyme RNAP with twist -23.63674 superhelical -0.00669 global twist -23.63674 global supercoiling -0.00669
frame 5334 time 2667.0 binding_event at gene tetA enzyme RNAP with twist -51.04683 superhelical -0.02667 global twist -23.63674 global supercoiling -0.00673
frame 5349 time 2674.5 binding_event at gene tetA enzyme RNAP with twist -100.09791 superhelical -0.05041 global twist -23.63674 global supercoiling -0.00677
frame 5363 time 2681.5 unbinding_event at gene tetA enzyme RNAP with twist 130.31704 superhelical -0.02694 global twist -23.63674 global supercoiling -0.00681
frame 5374 time 2687.0 unbinding_event at gene tetA enzyme RNAP with twist 157.07826 superhelical -0.05091 global twist -23.63674 global supercoiling -0.00677
frame 5383 time 2691.5 binding_event at gene tetA enzyme RNAP with twist -209.43814 superhelical -0.09002 global twist -23.63674 global supercoiling -0.00673
frame 5388 time 2694.0 binding_event at gene Raspberry enzyme RNAP with twist -173.72701 superhelical -0.09620 global twist -23.63674 global supercoiling -0.00677
frame 5389 time 2694.5 unbinding_event at gene tetA enzyme RNAP with twist 157.27105 superhelical -0.09077 global twist -23.63674 global supercoiling -0.00681
frame 5393 time 2696.5 binding_event at DNA_gyrase 9 enzyme gyrase with twist 168.04222 superhelical 0.10401 global twist -23.63674 global supercoiling -0.00677
frame 5393 time 2696.5 unbinding_event at DNA_gyrase 9 enzyme gyrase with twist 168.93982 superhelical 0.11938 global twist -23.63674 global supercoiling -0.00677
frame 5396 time 2698.0 binding_event at DNA_gyrase 2 enzyme gyrase with twist -99.60504 superhelical -0.09723 global twist -26.32954 global supercoiling -0.00754
frame 5401 time 2700.5 unbinding_event at DNA_gyrase 2 enzyme gyrase with twist -115.76180 superhelical -0.10179 global twist -39.79351 global supercoiling -0.01163
frame 5415 time 2707.5 unbinding_event at gene Raspberry enzyme RNAP with twist -290.41473 superhelical -0.13806 global twist -42.48630 global supercoiling -0.01217
frame 5422 time 2711.0 binding_event at DNA_topoI 32 enzyme topoI with twist -311.95708 superhelical -0.12910 global twist -42.48630 global supercoiling -0.01210
frame 5422 time 2711.0 unbinding_event at DNA_topoI 32 enzyme topoI with twist -311.65788 superhelical -0.12810 global twist -42.48630 global supercoiling -0.01210
frame 5423 time 2711.5 unbinding_event at gene tetA enzyme RNAP with twist -38.59671 superhelical -0.12856 global twist -38.59671 global supercoiling -0.01099
frame 5428 time 2714.0 binding_event at gene Raspberry enzyme RNAP with twist -38.59671 superhelical -0.01093 global twist -38.59671 global supercoiling -0.01093
frame 5431 time 2715.5 binding_event at gene tetA enzyme RNAP with twist -19.44581 superhelical -0.00722 global twist -38.59671 global supercoiling -0.01099
frame 5455 time 2727.5 unbinding_event at gene Raspberry enzyme RNAP with twist -115.31146 superhelical -0.08609 global twist -38.59671 global supercoiling -0.01105
frame 5471 time 2735.5 unbinding_event at gene tetA enzyme RNAP with twist -38.59671 superhelical -0.07045 global twist -38.59671 global supercoiling -0.01099
frame 5477 time 2738.5 binding_event at gene Raspberry enzyme RNAP with twist -38.59671 superhelical -0.01093 global twist -38.59671 global supercoiling -0.01093
frame 5486 time 2743.0 binding_event at DNA_topoI 35 enzyme topoI with twist -40.69325 superhelical -0.04404 global twist -38.59671 global supercoiling -0.01099
frame 5488 time 2744.0 unbinding_event at DNA_topoI 35 enzyme topoI with twist -39.79565 superhelical -0.03816 global twist -30.81753 global supercoiling -0.00896
frame 5504 time 2752.0 unbinding_event at gene Raspberry enzyme RNAP with twist -26.92794 superhelical -0.07687 global twist -26.92794 global supercoiling -0.00767
frame 5566 time 2783.0 binding_event at gene Raspberry enzyme RNAP with twist -26.92794 superhelical -0.00763 global twist -26.92794 global supercoiling -0.00763
frame 5576 time 2788.0 binding_event at gene tetA enzyme RNAP with twist 14.82230 superhelical 0.00577 global twist -26.92794 global supercoiling -0.00767
frame 5578 time 2789.0 binding_event at DNA_topoI 37 enzyme topoI with twist -48.93102 superhelical -0.05004 global twist -26.92794 global supercoiling -0.00771
frame 5586 time 2793.0 unbinding_event at DNA_topoI 37 enzyme topoI with twist -46.23822 superhelical -0.03072 global twist 4.18879 global supercoiling 0.00122
frame 5591 time 2795.5 binding_event at DNA_gyrase 14 enzyme gyrase with twist 64.28921 superhelical 0.04213 global twist 8.07838 global supercoiling 0.00231
frame 5593 time 2796.5 unbinding_event at gene Raspberry enzyme RNAP with twist -66.98201 superhelical -0.05642 global twist 2.69279 global supercoiling 0.00079
frame 5594 time 2797.0 unbinding_event at DNA_gyrase 14 enzyme gyrase with twist 67.87960 superhelical 0.06400 global twist -0.00000 global supercoiling -0.00000
frame 5601 time 2800.5 binding_event at DNA_gyrase 23 enzyme gyrase with twist 89.42195 superhelical 0.06642 global twist -2.69279 global supercoiling -0.00077
frame 5609 time 2804.5 unbinding_event at DNA_gyrase 23 enzyme gyrase with twist 97.50034 superhelical 0.10198 global twist -24.23514 global supercoiling -0.00705
frame 5616 time 2808.0 binding_event at DNA_topoI 47 enzyme topoI with twist -145.97062 superhelical -0.05996 global twist -26.92794 global supercoiling -0.00767
frame 5616 time 2808.0 unbinding_event at gene tetA enzyme RNAP with twist 65.82330 superhelical -0.06238 global twist -26.92794 global supercoiling -0.00767
frame 5616 time 2808.0 unbinding_event at DNA_topoI 47 enzyme topoI with twist -23.03835 superhelical -0.06046 global twist -26.92794 global supercoiling -0.00767
frame 5652 time 2826.0 binding_event at DNA_gyrase 7 enzyme gyrase with twist -23.03835 superhelical -0.00653 global twist -23.03835 global supercoiling -0.00653
frame 5655 time 2827.5 unbinding_event at DNA_gyrase 7 enzyme gyrase with twist -33.80952 superhelical -0.00912 global twist -31.11673 global supercoiling -0.00900
frame 5764 time 2882.0 binding_event at DNA_gyrase 21 enzyme gyrase with twist -33.80952 superhelical -0.00958 global twist -33.80952 global supercoiling -0.00958
frame 5764 time 2882.0 unbinding_event at DNA_gyrase 21 enzyme gyrase with twist -36.50231 superhelical -0.01020 global twist -33.80952 global supercoiling -0.00958
frame 5855 time 2927.5 binding_event at DNA_gyrase 45 enzyme gyrase with twist -36.50231 superhelical -0.01034 global twist -36.50231 global supercoiling -0.01034
frame 5863 time 2931.5 unbinding_event at DNA_gyrase 45 enzyme gyrase with twist -60.73746 superhelical -0.01969 global twist -58.04466 global supercoiling -0.01678
frame 5892 time 2946.0 binding_event at DNA_gyrase 28 enzyme gyrase with twist -60.73746 superhelical -0.01720 global twist -60.73746 global supercoiling -0.01720
frame 5894 time 2947.0 binding_event at DNA_gyrase 37 enzyme gyrase with twist -61.58081 superhelical -0.01836 global twist -66.12305 global supercoiling -0.01912
frame 5895 time 2947.5 unbinding_event at DNA_gyrase 28 enzyme gyrase with twist -23.40063 superhelical -0.06870 global twist -71.50863 global supercoiling -0.02111
frame 5897 time 2948.5 unbinding_event at DNA_gyrase 37 enzyme gyrase with twist -82.27981 superhelical -0.03472 global twist -79.58701 global supercoiling -0.02301
frame 5900 time 2950.0 binding_event at DNA_gyrase 20 enzyme gyrase with twist -82.27981 superhelical -0.02331 global twist -82.27981 global supercoiling -0.02331
frame 5900 time 2950.0 unbinding_event at DNA_gyrase 20 enzyme gyrase with twist -84.97260 superhelical -0.02422 global twist -82.27981 global supercoiling -0.02331
frame 5957 time 2978.5 binding_event at DNA_topoI 26 enzyme topoI with twist -84.97260 superhelical -0.02407 global twist -84.97260 global supercoiling -0.02407
frame 5964 time 2982.0 unbinding_event at DNA_topoI 26 enzyme topoI with twist -53.85587 superhelical 0.38221 global twist -57.74546 global supercoiling -0.01670
frame 6012 time 3006.0 binding_event at gene tetA enzyme RNAP with twist -53.85587 superhelical -0.01525 global twist -53.85587 global supercoiling -0.01525
frame 6052 time 3026.0 unbinding_event at gene tetA enzyme RNAP with twist -53.85587 superhelical -0.07076 global twist -53.85587 global supercoiling -0.01534
frame 6064 time 3032.0 binding_event at gene tetA enzyme RNAP with twist -53.85587 superhelical -0.01525 global twist -53.85587 global supercoiling -0.01525
frame 6104 time 3052.0 unbinding_event at gene tetA enzyme RNAP with twist -53.85587 superhelical -0.07076 global twist -53.85587 global supercoiling -0.01534
frame 6124 time 3062.0 binding_event at DNA_gyrase 26 enzyme gyrase with twist -53.85587 superhelical -0.01525 global twist -53.85587 global supercoiling -0.01525
frame 6125 time 3062.5 unbinding_event at DNA_gyrase 26 enzyme gyrase with twist -59.24146 superhelical -0.08555 global twist -56.54867 global supercoiling -0.01635
frame 6133 time 3066.5 binding_event at DNA_gyrase 7 enzyme gyrase with twist -59.24146 superhelical -0.01678 global twist -59.24146 global supercoiling -0.01678
frame 6145 time 3072.5 unbinding_event at DNA_gyrase 7 enzyme gyrase with twist -94.24778 superhelical -0.02513 global twist -91.55499 global supercoiling -0.02647
frame 6157 time 3078.5 binding_event at DNA_gyrase 36 enzyme gyrase with twist -94.24778 superhelical -0.02669 global twist -94.24778 global supercoiling -0.02669
frame 6168 time 3084.0 unbinding_event at DNA_gyrase 36 enzyme gyrase with twist -126.56130 superhelical -0.05102 global twist -123.86851 global supercoiling -0.03581
frame 6182 time 3091.0 binding_event at gene tetA enzyme RNAP with twist -126.56130 superhelical -0.03585 global twist -126.56130 global supercoiling -0.03585
frame 6210 time 3105.0 binding_event at DNA_topoI 49 enzyme topoI with twist -162.38813 superhelical -0.07319 global twist -126.56130 global supercoiling -0.03604
frame 6213 time 3106.5 unbinding_event at DNA_topoI 49 enzyme topoI with twist -161.19133 superhelical -0.07081 global twist -114.89253 global supercoiling -0.03340
frame 6222 time 3111.0 unbinding_event at gene tetA enzyme RNAP with twist -111.00294 superhelical -0.07891 global twist -111.00294 global supercoiling -0.03161
frame 6287 time 3143.5 binding_event at DNA_topoI 48 enzyme topoI with twist -111.00294 superhelical -0.03144 global twist -111.00294 global supercoiling -0.03144
frame 6288 time 3144.0 unbinding_event at DNA_topoI 48 enzyme topoI with twist -103.22376 superhelical -0.02957 global twist -107.11335 global supercoiling -0.03097
frame 6327 time 3163.5 binding_event at gene tetA enzyme RNAP with twist -103.22376 superhelical -0.02924 global twist -103.22376 global supercoiling -0.02924
frame 6342 time 3171.0 binding_event at gene tetA enzyme RNAP with twist -104.30675 superhelical -0.05253 global twist -103.22376 global supercoiling -0.02940
frame 6366 time 3183.0 binding_event at gene tetA enzyme RNAP with twist -177.20767 superhelical -0.08254 global twist -103.22376 global supercoiling -0.02956
frame 6367 time 3183.5 unbinding_event at gene tetA enzyme RNAP with twist 81.16469 superhelical -0.05305 global twist -103.22376 global supercoiling -0.02972
frame 6370 time 3185.0 binding_event at gene tetA enzyme RNAP with twist -157.28384 superhelical -0.08797 global twist -103.22376 global supercoiling -0.02956
frame 6371 time 3185.5 binding_event at DNA_topoI 48 enzyme topoI with twist -156.19190 superhelical -0.09007 global twist -103.22376 global supercoiling -0.02972
frame 6382 time 3191.0 unbinding_event at gene tetA enzyme RNAP with twist 100.73517 superhelical -0.08328 global twist -60.43826 global supercoiling -0.01777
frame 6383 time 3191.5 unbinding_event at DNA_topoI 48 enzyme topoI with twist -152.30230 superhelical -0.07756 global twist -56.54867 global supercoiling -0.01653
frame 6391 time 3195.5 binding_event at DNA_topoI 1 enzyme topoI with twist -177.43505 superhelical -0.08477 global twist -52.65908 global supercoiling -0.01508
frame 6395 time 3197.5 unbinding_event at DNA_topoI 1 enzyme topoI with twist -175.93905 superhelical -0.08224 global twist -37.10071 global supercoiling -0.01085
frame 6398 time 3199.0 binding_event at DNA_topoI 5 enzyme topoI with twist -183.11983 superhelical -0.08253 global twist -33.21112 global supercoiling -0.00951
frame 6398 time 3199.0 unbinding_event at DNA_topoI 5 enzyme topoI with twist -182.82063 superhelical -0.08434 global twist -33.21112 global supercoiling -0.00951
frame 6406 time 3203.0 unbinding_event at gene tetA enzyme RNAP with twist 182.22223 superhelical -0.08892 global twist -29.32153 global supercoiling -0.00840
frame 6410 time 3205.0 unbinding_event at gene tetA enzyme RNAP with twist -29.32153 superhelical -0.09212 global twist -29.32153 global supercoiling -0.00835
frame 6415 time 3207.5 binding_event at gene tetA enzyme RNAP with twist -29.32153 superhelical -0.00831 global twist -29.32153 global supercoiling -0.00831
frame 6431 time 3215.5 binding_event at DNA_gyrase 40 enzyme gyrase with twist -71.77724 superhelical -0.03583 global twist -29.32153 global supercoiling -0.00835
frame 6432 time 3216.0 binding_event at DNA_gyrase 10 enzyme gyrase with twist 46.04610 superhelical 0.03090 global twist -32.01433 global supercoiling -0.00931
frame 6435 time 3217.5 unbinding_event at DNA_gyrase 10 enzyme gyrase with twist 49.63649 superhelical 0.07135 global twist -48.17109 global supercoiling -0.01430
frame 6437 time 3218.5 unbinding_event at DNA_gyrase 40 enzyme gyrase with twist -115.75954 superhelical -0.04691 global twist -56.24947 global supercoiling -0.01635
frame 6448 time 3224.0 binding_event at DNA_gyrase 13 enzyme gyrase with twist 92.72119 superhelical 0.07709 global twist -58.94226 global supercoiling -0.01679
frame 6449 time 3224.5 unbinding_event at DNA_gyrase 13 enzyme gyrase with twist 94.51639 superhelical 0.11114 global twist -61.63506 global supercoiling -0.01792
frame 6455 time 3227.5 binding_event at gene tetA enzyme RNAP with twist -176.79619 superhelical -0.07263 global twist -64.32785 global supercoiling -0.01832
frame 6455 time 3227.5 unbinding_event at gene tetA enzyme RNAP with twist 64.89472 superhelical -0.07320 global twist -64.32785 global supercoiling -0.01832
frame 6460 time 3230.0 binding_event at DNA_topoI 36 enzyme topoI with twist -143.58414 superhelical -0.07951 global twist -64.32785 global supercoiling -0.01832
frame 6464 time 3232.0 unbinding_event at DNA_topoI 36 enzyme topoI with twist -142.08814 superhelical -0.06849 global twist -48.76949 global supercoiling -0.01418
frame 6479 time 3239.5 binding_event at DNA_topoI 39 enzyme topoI with twist -192.35363 superhelical -0.08959 global twist -44.87990 global supercoiling -0.01278
frame 6487 time 3243.5 unbinding_event at DNA_topoI 39 enzyme topoI with twist -189.66083 superhelical -0.07314 global twist -13.76317 global supercoiling -0.00400
frame 6495 time 3247.5 unbinding_event at gene tetA enzyme RNAP with twist -9.87358 superhelical -0.08905 global twist -9.87358 global supercoiling -0.00281
frame 6516 time 3258.0 binding_event at gene Raspberry enzyme RNAP with twist -9.87358 superhelical -0.00280 global twist -9.87358 global supercoiling -0.00280
frame 6533 time 3266.5 binding_event at DNA_gyrase 13 enzyme gyrase with twist 53.30673 superhelical 0.02181 global twist -9.87358 global supercoiling -0.00281
frame 6534 time 3267.0 unbinding_event at DNA_gyrase 13 enzyme gyrase with twist 55.10193 superhelical 0.02601 global twist -12.56637 global supercoiling -0.00365
frame 6539 time 3269.5 binding_event at DNA_topoI 39 enzyme topoI with twist -84.72266 superhelical -0.07209 global twist -15.25916 global supercoiling -0.00435
frame 6543 time 3271.5 unbinding_event at gene Raspberry enzyme RNAP with twist 63.19860 superhelical -0.08126 global twist 0.29920 global supercoiling 0.00009
frame 6568 time 3284.0 unbinding_event at DNA_topoI 39 enzyme topoI with twist 101.42856 superhelical -0.01161 global twist 97.53897 global supercoiling 0.02820
frame 6577 time 3288.5 binding_event at gene tetA enzyme RNAP with twist 101.42856 superhelical 0.02873 global twist 101.42856 global supercoiling 0.02873
frame 6590 time 3295.0 binding_event at DNA_gyrase 3 enzyme gyrase with twist 2.89838 superhelical 0.00149 global twist 101.42856 global supercoiling 0.02889
frame 6590 time 3295.0 unbinding_event at DNA_gyrase 3 enzyme gyrase with twist -3.38481 superhelical 0.00080 global twist 101.42856 global supercoiling 0.02889
frame 6617 time 3308.5 unbinding_event at gene tetA enzyme RNAP with twist 98.73577 superhelical -0.04091 global twist 98.73577 global supercoiling 0.02812
frame 6641 time 3320.5 binding_event at DNA_gyrase 49 enzyme gyrase with twist 98.73577 superhelical 0.02797 global twist 98.73577 global supercoiling 0.02797
frame 6645 time 3322.5 unbinding_event at DNA_gyrase 49 enzyme gyrase with twist 85.27180 superhelical 0.02437 global twist 87.96459 global supercoiling 0.02543
frame 6675 time 3337.5 binding_event at gene tetA enzyme RNAP with twist 85.27180 superhelical 0.02415 global twist 85.27180 global supercoiling 0.02415
frame 6700 time 3350.0 binding_event at gene tetA enzyme RNAP with twist -48.08298 superhelical -0.02221 global twist 85.27180 global supercoiling 0.02428
frame 6715 time 3357.5 unbinding_event at gene tetA enzyme RNAP with twist 181.17372 superhelical -0.02241 global twist 85.27180 global supercoiling 0.02442
frame 6740 time 3370.0 unbinding_event at gene tetA enzyme RNAP with twist 85.27180 superhelical -0.07571 global twist 85.27180 global supercoiling 0.02428
frame 6755 time 3377.5 binding_event at DNA_gyrase 43 enzyme gyrase with twist 85.27180 superhelical 0.02415 global twist 85.27180 global supercoiling 0.02415
frame 6759 time 3379.5 unbinding_event at DNA_gyrase 43 enzyme gyrase with twist 71.80783 superhelical 0.01896 global twist 74.50063 global supercoiling 0.02154
frame 6797 time 3398.5 binding_event at gene tetA enzyme RNAP with twist 71.80783 superhelical 0.02034 global twist 71.80783 global supercoiling 0.02034
frame 6816 time 3408.0 binding_event at gene tetA enzyme RNAP with twist -33.12118 superhelical -0.01610 global twist 71.80783 global supercoiling 0.02045
frame 6837 time 3418.5 unbinding_event at gene tetA enzyme RNAP with twist 178.68592 superhelical -0.01625 global twist 71.80783 global supercoiling 0.02056
frame 6856 time 3428.0 unbinding_event at gene tetA enzyme RNAP with twist 71.80783 superhelical -0.07140 global twist 71.80783 global supercoiling 0.02045
frame 6872 time 3436.0 binding_event at DNA_gyrase 31 enzyme gyrase with twist 71.80783 superhelical 0.02034 global twist 71.80783 global supercoiling 0.02034
frame 6874 time 3437.0 unbinding_event at DNA_gyrase 31 enzyme gyrase with twist 63.72945 superhelical 0.00817 global twist 66.42224 global supercoiling 0.01920
frame 6908 time 3454.0 binding_event at DNA_gyrase 13 enzyme gyrase with twist 63.72945 superhelical 0.01805 global twist 63.72945 global supercoiling 0.01805
frame 6932 time 3466.0 unbinding_event at DNA_gyrase 13 enzyme gyrase with twist -3.59039 superhelical 0.00557 global twist -0.89760 global supercoiling -0.00026
frame 6966 time 3483.0 binding_event at gene tetA enzyme RNAP with twist -3.59039 superhelical -0.00102 global twist -3.59039 global supercoiling -0.00102
frame 6988 time 3494.0 binding_event at gene tetA enzyme RNAP with twist -80.74343 superhelical -0.03825 global twist -3.59039 global supercoiling -0.00102
frame 6994 time 3497.0 binding_event at gene tetA enzyme RNAP with twist -87.78152 superhelical -0.04813 global twist -3.59039 global supercoiling -0.00103
frame 7006 time 3503.0 unbinding_event at gene tetA enzyme RNAP with twist 130.86622 superhelical -0.03860 global twist -3.59039 global supercoiling -0.00103
frame 7027 time 3513.5 binding_event at DNA_topoI 38 enzyme topoI with twist -201.95687 superhelical -0.08748 global twist -3.59039 global supercoiling -0.00103
frame 7028 time 3514.0 unbinding_event at gene tetA enzyme RNAP with twist 205.54726 superhelical -0.04864 global twist 0.29920 global supercoiling 0.00009
frame 7029 time 3514.5 unbinding_event at DNA_topoI 38 enzyme topoI with twist -201.05927 superhelical -0.08320 global twist 4.18879 global supercoiling 0.00122
frame 7034 time 3517.0 unbinding_event at gene tetA enzyme RNAP with twist 8.07838 superhelical -0.08931 global twist 8.07838 global supercoiling 0.00230
frame 7162 time 3581.0 binding_event at DNA_gyrase 25 enzyme gyrase with twist 8.07838 superhelical 0.00229 global twist 8.07838 global supercoiling 0.00229
frame 7164 time 3582.0 unbinding_event at DNA_gyrase 25 enzyme gyrase with twist -0.00000 superhelical 0.00115 global twist 2.69279 global supercoiling 0.00078
frame 7171 time 3585.5 binding_event at DNA_topoI 7 enzyme topoI with twist -0.00000 superhelical -0.00000 global twist -0.00000 global supercoiling -0.00000
frame 7173 time 3586.5 unbinding_event at DNA_topoI 7 enzyme topoI with twist 11.66877 superhelical 0.00267 global twist 7.77918 global supercoiling 0.00225
frame 7192 time 3596.0 binding_event at DNA_gyrase 47 enzyme gyrase with twist 11.66877 superhelical 0.00331 global twist 11.66877 global supercoiling 0.00331
frame 7192 time 3596.0 unbinding_event at DNA_gyrase 47 enzyme gyrase with twist 8.97598 superhelical 0.00246 global twist 11.66877 global supercoiling 0.00331
frame 7203 time 3601.5 binding_event at DNA_gyrase 5 enzyme gyrase with twist 8.97598 superhelical 0.00254 global twist 8.97598 global supercoiling 0.00254
frame 7208 time 3604.0 unbinding_event at DNA_gyrase 5 enzyme gyrase with twist -7.18078 superhelical -0.00136 global twist -4.48799 global supercoiling -0.00130
frame 7253 time 3626.5 binding_event at DNA_gyrase 22 enzyme gyrase with twist -7.18078 superhelical -0.00203 global twist -7.18078 global supercoiling -0.00203
frame 7260 time 3630.0 unbinding_event at DNA_gyrase 22 enzyme gyrase with twist -28.72313 superhelical -0.00538 global twist -26.03034 global supercoiling -0.00753
frame 7306 time 3653.0 binding_event at DNA_gyrase 21 enzyme gyrase with twist -28.72313 superhelical -0.00814 global twist -28.72313 global supercoiling -0.00814
frame 7308 time 3654.0 unbinding_event at DNA_gyrase 21 enzyme gyrase with twist -36.80151 superhelical -0.00957 global twist -34.10872 global supercoiling -0.00986
frame 7322 time 3661.0 binding_event at DNA_topoI 45 enzyme topoI with twist -36.80151 superhelical -0.01042 global twist -36.80151 global supercoiling -0.01042
frame 7323 time 3661.5 unbinding_event at DNA_topoI 45 enzyme topoI with twist -29.02233 superhelical -0.00771 global twist -32.91192 global supercoiling -0.00952
frame 7331 time 3665.5 binding_event at DNA_topoI 42 enzyme topoI with twist -29.02233 superhelical -0.00822 global twist -29.02233 global supercoiling -0.00822
frame 7332 time 3666.0 unbinding_event at DNA_topoI 42 enzyme topoI with twist -21.24315 superhelical -0.00489 global twist -25.13274 global supercoiling -0.00727
frame 7365 time 3682.5 binding_event at DNA_gyrase 25 enzyme gyrase with twist -21.24315 superhelical -0.00602 global twist -21.24315 global supercoiling -0.00602
frame 7374 time 3687.0 unbinding_event at DNA_gyrase 25 enzyme gyrase with twist -48.17109 superhelical -0.00993 global twist -45.47829 global supercoiling -0.01315
frame 7454 time 3727.0 binding_event at gene tetA enzyme RNAP with twist -48.17109 superhelical -0.01364 global twist -48.17109 global supercoiling -0.01364
frame 7465 time 3732.5 binding_event at DNA_gyrase 28 enzyme gyrase with twist -63.03805 superhelical -0.03294 global twist -48.17109 global supercoiling -0.01372
frame 7467 time 3733.5 unbinding_event at DNA_gyrase 28 enzyme gyrase with twist -81.88761 superhelical -0.07258 global twist -53.55667 global supercoiling -0.01557
frame 7481 time 3740.5 binding_event at DNA_gyrase 20 enzyme gyrase with twist 72.31323 superhelical 0.05518 global twist -56.24947 global supercoiling -0.01602
frame 7490 time 3745.0 binding_event at DNA_topoI 39 enzyme topoI with twist -160.87622 superhelical -0.06810 global twist -80.48461 global supercoiling -0.02340
frame 7491 time 3745.5 unbinding_event at DNA_topoI 39 enzyme topoI with twist -160.27782 superhelical -0.06589 global twist -79.28781 global supercoiling -0.02354
frame 7493 time 3746.5 unbinding_event at DNA_gyrase 20 enzyme gyrase with twist 83.98200 superhelical 0.12246 global twist -80.78381 global supercoiling -0.02349
frame 7494 time 3747.0 unbinding_event at gene tetA enzyme RNAP with twist -83.47660 superhelical -0.06975 global twist -83.47660 global supercoiling -0.02377
frame 7516 time 3758.0 binding_event at DNA_topoI 34 enzyme topoI with twist -83.47660 superhelical -0.02364 global twist -83.47660 global supercoiling -0.02364
frame 7516 time 3758.0 unbinding_event at DNA_topoI 34 enzyme topoI with twist -79.58701 superhelical -0.02051 global twist -83.47660 global supercoiling -0.02364
frame 7540 time 3770.0 binding_event at DNA_gyrase 5 enzyme gyrase with twist -79.58701 superhelical -0.02254 global twist -79.58701 global supercoiling -0.02254
frame 7548 time 3774.0 unbinding_event at DNA_gyrase 5 enzyme gyrase with twist -103.82216 superhelical -0.02894 global twist -101.12936 global supercoiling -0.02924
frame 7605 time 3802.5 binding_event at DNA_gyrase 36 enzyme gyrase with twist -103.82216 superhelical -0.02941 global twist -103.82216 global supercoiling -0.02941
frame 7614 time 3807.0 unbinding_event at DNA_gyrase 36 enzyme gyrase with twist -130.75009 superhelical -0.04982 global twist -128.05730 global supercoiling -0.03702
frame 7693 time 3846.5 binding_event at DNA_topoI 30 enzyme topoI with twist -130.75009 superhelical -0.03703 global twist -130.75009 global supercoiling -0.03703
frame 7695 time 3847.5 unbinding_event at DNA_topoI 30 enzyme topoI with twist -119.08132 superhelical -0.01437 global twist -122.97091 global supercoiling -0.03555
frame 7702 time 3851.0 binding_event at DNA_gyrase 16 enzyme gyrase with twist -119.08132 superhelical -0.03373 global twist -119.08132 global supercoiling -0.03373
frame 7703 time 3851.5 unbinding_event at DNA_gyrase 16 enzyme gyrase with twist -124.46691 superhelical -0.03538 global twist -121.77412 global supercoiling -0.03521
frame 7785 time 3892.5 binding_event at DNA_gyrase 7 enzyme gyrase with twist -124.46691 superhelical -0.03525 global twist -124.46691 global supercoiling -0.03525
frame 7786 time 3893.0 unbinding_event at DNA_gyrase 7 enzyme gyrase with twist -129.85250 superhelical -0.03722 global twist -127.15970 global supercoiling -0.03676
frame 7798 time 3899.0 binding_event at gene tetA enzyme RNAP with twist -129.85250 superhelical -0.03678 global twist -129.85250 global supercoiling -0.03678
frame 7838 time 3919.0 unbinding_event at gene tetA enzyme RNAP with twist -129.85250 superhelical -0.08591 global twist -129.85250 global supercoiling -0.03698
frame 7918 time 3959.0 binding_event at gene tetA enzyme RNAP with twist -129.85250 superhelical -0.03678 global twist -129.85250 global supercoiling -0.03678
frame 7930 time 3965.0 binding_event at DNA_gyrase 9 enzyme gyrase with twist -23.30206 superhelical -0.01475 global twist -129.85250 global supercoiling -0.03698
frame 7939 time 3969.5 unbinding_event at DNA_gyrase 9 enzyme gyrase with twist -14.32608 superhelical 0.08236 global twist -154.08764 global supercoiling -0.04480
frame 7958 time 3979.0 unbinding_event at gene tetA enzyme RNAP with twist -156.78043 superhelical -0.08591 global twist -156.78043 global supercoiling -0.04465
frame 7971 time 3985.5 binding_event at DNA_topoI 5 enzyme topoI with twist -156.78043 superhelical -0.04441 global twist -156.78043 global supercoiling -0.04441
frame 7973 time 3986.5 unbinding_event at DNA_topoI 5 enzyme topoI with twist -145.11166 superhelical -0.04247 global twist -149.00125 global supercoiling -0.04308
frame 7991 time 3995.5 binding_event at DNA_gyrase 33 enzyme gyrase with twist -145.11166 superhelical -0.04110 global twist -145.11166 global supercoiling -0.04110
