TORCphysics log file 

General information: 
---------------------------------------------------------------------------------------
Circuit name: Pleu500_24
Size: 6000
Structure: circle
Number of sites: 110
Number of frames: 10000
Simulation time: 2500.0
Simulation timestep: 0.25
Seed: 1966169765850530127
 
Overall simulation information 
---------------------------------------------------------------------------------------
Initial twist: -211.83310
Final twist: -44.43110
Initial superhelical density: -0.06000
Final superhelical density: -0.01265
 
Overall rates 
---------------------------------------------------------------------------------------
site type            site name            #binding events      #unbinding events    binding rates        
 DNA_topoI            DNA_topoI_global                     40.0                 40.0                 0.016 
DNA_gyrase           DNA_gyrase_global                    43.0                 43.0                0.0172 
EXT                  EXT                                   0.0                  0.0                   0.0 
gene                 tetA                                 31.0                 30.0                0.0124 
gene                 CDS                                   0.0                  0.0                   0.0 
origin               ori                                   0.0                  0.0                   0.0 
lacOP                lac1                                  0.0                  0.0                   0.0 
gene                 mKalama1                              6.0                  6.0                0.0024 
lacOP                lac2                                  0.0                  0.0                   0.0 
gene                 Raspberry                             3.0                  3.0                0.0012 
 
Events
---------------------------------------------------------------------------------------
frame 86 time 21.5 binding_event at gene tetA enzyme RNAP with twist -211.83310 superhelical -0.06000 global twist -211.83310 global supercoiling -0.06000
frame 91 time 22.75 binding_event at DNA_topoI 48 enzyme topoI with twist -108.02196 superhelical -0.06213 global twist -211.83310 global supercoiling -0.06033
frame 102 time 25.5 unbinding_event at DNA_topoI 48 enzyme topoI with twist -95.45559 superhelical -0.05724 global twist -190.44035 global supercoiling -0.05537
frame 111 time 27.75 binding_event at DNA_topoI 42 enzyme topoI with twist -102.63637 superhelical -0.05613 global twist -188.49556 global supercoiling -0.05368
frame 116 time 29.0 binding_event at DNA_topoI 25 enzyme topoI with twist -81.37120 superhelical -0.04900 global twist -178.77158 global supercoiling -0.05197
frame 118 time 29.5 unbinding_event at DNA_topoI 42 enzyme topoI with twist -94.25879 superhelical -0.05142 global twist -170.99240 global supercoiling -0.05077
frame 124 time 31.0 unbinding_event at DNA_topoI 25 enzyme topoI with twist -55.78966 superhelical -0.04043 global twist -157.37883 global supercoiling -0.04576
frame 249 time 62.25 unbinding_event at gene tetA enzyme RNAP with twist -155.43404 superhelical -0.08639 global twist -155.43404 global supercoiling -0.04427
frame 251 time 62.75 binding_event at DNA_topoI 36 enzyme topoI with twist -155.43404 superhelical -0.04403 global twist -155.43404 global supercoiling -0.04403
frame 255 time 63.75 binding_event at gene tetA enzyme RNAP with twist -120.99547 superhelical -0.04354 global twist -147.65485 global supercoiling -0.04269
frame 258 time 64.5 unbinding_event at DNA_topoI 36 enzyme topoI with twist -64.76129 superhelical -0.03350 global twist -141.82047 global supercoiling -0.04123
frame 354 time 88.5 binding_event at DNA_topoI 26 enzyme topoI with twist -150.03309 superhelical -0.06944 global twist -139.87567 global supercoiling -0.03983
frame 355 time 88.75 unbinding_event at DNA_topoI 26 enzyme topoI with twist -147.93870 superhelical -0.01851 global twist -137.93088 global supercoiling -0.04010
frame 377 time 94.25 binding_event at DNA_topoI 31 enzyme topoI with twist -166.78825 superhelical -0.07368 global twist -135.98608 global supercoiling -0.03873
frame 378 time 94.5 unbinding_event at DNA_topoI 31 enzyme topoI with twist -164.69386 superhelical -0.07003 global twist -134.04129 global supercoiling -0.03897
frame 383 time 95.75 binding_event at DNA_topoI 27 enzyme topoI with twist -168.28425 superhelical -0.07347 global twist -132.09649 global supercoiling -0.03762
frame 408 time 102.0 unbinding_event at DNA_topoI 27 enzyme topoI with twist -141.05711 superhelical 0.67862 global twist -83.47660 global supercoiling -0.02427
frame 418 time 104.5 unbinding_event at gene tetA enzyme RNAP with twist -81.53181 superhelical -0.06118 global twist -81.53181 global supercoiling -0.02322
frame 557 time 139.25 binding_event at gene tetA enzyme RNAP with twist -81.53181 superhelical -0.02309 global twist -81.53181 global supercoiling -0.02309
frame 593 time 148.25 binding_event at DNA_topoI 45 enzyme topoI with twist -72.16240 superhelical -0.03843 global twist -81.53181 global supercoiling -0.02322
frame 593 time 148.25 unbinding_event at DNA_topoI 45 enzyme topoI with twist -71.11521 superhelical -0.03922 global twist -81.53181 global supercoiling -0.02322
frame 720 time 180.0 unbinding_event at gene tetA enzyme RNAP with twist -79.58701 superhelical -0.07549 global twist -79.58701 global supercoiling -0.02267
frame 732 time 183.0 binding_event at gene mKalama1 enzyme RNAP with twist -79.58701 superhelical -0.02254 global twist -79.58701 global supercoiling -0.02254
frame 802 time 200.5 binding_event at DNA_topoI 10 enzyme topoI with twist -127.74382 superhelical -0.04020 global twist -79.58701 global supercoiling -0.02267
frame 805 time 201.25 binding_event at gene mKalama1 enzyme RNAP with twist -84.10966 superhelical -0.04075 global twist -73.75263 global supercoiling -0.02144
frame 817 time 204.25 binding_event at DNA_gyrase 13 enzyme gyrase with twist -28.82380 superhelical -0.02731 global twist -50.41508 global supercoiling -0.01474
frame 825 time 206.25 unbinding_event at DNA_topoI 10 enzyme topoI with twist -71.36671 superhelical -0.03815 global twist -45.62789 global supercoiling -0.01363
frame 825 time 206.25 unbinding_event at DNA_gyrase 13 enzyme gyrase with twist -102.04145 superhelical -0.03815 global twist -45.62789 global supercoiling -0.01363
frame 841 time 210.25 unbinding_event at gene mKalama1 enzyme RNAP with twist 71.37352 superhelical 0.54660 global twist -45.02949 global supercoiling -0.01289
frame 914 time 228.5 unbinding_event at gene mKalama1 enzyme RNAP with twist -45.02949 superhelical 0.89017 global twist -45.02949 global supercoiling -0.01282
frame 997 time 249.25 binding_event at DNA_gyrase 13 enzyme gyrase with twist -45.02949 superhelical -0.01275 global twist -45.02949 global supercoiling -0.01275
frame 997 time 249.25 unbinding_event at DNA_gyrase 13 enzyme gyrase with twist -46.37589 superhelical -0.01328 global twist -45.02949 global supercoiling -0.01275
frame 1007 time 251.75 binding_event at DNA_gyrase 0 enzyme gyrase with twist -46.37589 superhelical -0.01314 global twist -46.37589 global supercoiling -0.01314
frame 1008 time 252.0 unbinding_event at DNA_gyrase 0 enzyme gyrase with twist -49.06869 superhelical -0.01421 global twist -47.72229 global supercoiling -0.01380
frame 1290 time 322.5 binding_event at DNA_gyrase 21 enzyme gyrase with twist -49.06869 superhelical -0.01390 global twist -49.06869 global supercoiling -0.01390
frame 1292 time 323.0 unbinding_event at DNA_gyrase 21 enzyme gyrase with twist -53.10788 superhelical -0.01482 global twist -51.76148 global supercoiling -0.01497
frame 1335 time 333.75 binding_event at gene tetA enzyme RNAP with twist -53.10788 superhelical -0.01504 global twist -53.10788 global supercoiling -0.01504
frame 1407 time 351.75 binding_event at DNA_topoI 46 enzyme topoI with twist -90.58366 superhelical -0.04442 global twist -53.10788 global supercoiling -0.01512
frame 1419 time 354.75 unbinding_event at DNA_topoI 46 enzyme topoI with twist -76.97009 superhelical -0.03700 global twist -29.77033 global supercoiling -0.00866
frame 1441 time 360.25 binding_event at DNA_topoI 38 enzyme topoI with twist -95.81965 superhelical -0.04371 global twist -27.82553 global supercoiling -0.00792
frame 1471 time 367.75 unbinding_event at DNA_topoI 38 enzyme topoI with twist -63.35652 superhelical -0.00859 global twist 30.51833 global supercoiling 0.00887
frame 1498 time 374.5 unbinding_event at gene tetA enzyme RNAP with twist 32.46312 superhelical -0.03572 global twist 32.46312 global supercoiling 0.00925
frame 1511 time 377.75 binding_event at gene tetA enzyme RNAP with twist 32.46312 superhelical 0.00919 global twist 32.46312 global supercoiling 0.00919
frame 1593 time 398.25 binding_event at DNA_gyrase 16 enzyme gyrase with twist 90.19972 superhelical 0.06320 global twist 32.46312 global supercoiling 0.00925
frame 1602 time 400.5 unbinding_event at DNA_gyrase 16 enzyme gyrase with twist 85.71173 superhelical 0.07418 global twist 20.34555 global supercoiling 0.00592
frame 1616 time 404.0 binding_event at DNA_topoI 34 enzyme topoI with twist -78.38134 superhelical -0.03583 global twist 18.99916 global supercoiling 0.00541
frame 1624 time 406.0 unbinding_event at DNA_topoI 34 enzyme topoI with twist -68.95657 superhelical -0.02073 global twist 34.55752 global supercoiling 0.01005
frame 1674 time 418.5 unbinding_event at gene tetA enzyme RNAP with twist 36.50231 superhelical -0.04642 global twist 36.50231 global supercoiling 0.01040
frame 1685 time 421.25 binding_event at DNA_gyrase 7 enzyme gyrase with twist 36.50231 superhelical 0.01034 global twist 36.50231 global supercoiling 0.01034
frame 1692 time 423.0 unbinding_event at DNA_gyrase 7 enzyme gyrase with twist 25.73114 superhelical 0.00809 global twist 27.07754 global supercoiling 0.00783
frame 1721 time 430.25 binding_event at gene tetA enzyme RNAP with twist 25.73114 superhelical 0.00729 global twist 25.73114 global supercoiling 0.00729
frame 1738 time 434.5 binding_event at gene tetA enzyme RNAP with twist -2.68300 superhelical -0.00150 global twist 25.73114 global supercoiling 0.00733
frame 1821 time 455.25 binding_event at DNA_gyrase 15 enzyme gyrase with twist 102.91477 superhelical 0.07644 global twist 25.73114 global supercoiling 0.00737
frame 1839 time 459.75 unbinding_event at DNA_gyrase 15 enzyme gyrase with twist 94.38759 superhelical 0.10337 global twist 1.49600 global supercoiling 0.00044
frame 1884 time 471.0 unbinding_event at gene tetA enzyme RNAP with twist 134.69303 superhelical -0.00151 global twist 0.14960 global supercoiling 0.00004
frame 1900 time 475.0 binding_event at DNA_topoI 39 enzyme topoI with twist -148.00740 superhelical -0.06058 global twist 0.14960 global supercoiling 0.00004
frame 1901 time 475.25 unbinding_event at gene tetA enzyme RNAP with twist 57.96598 superhelical -0.06193 global twist 2.09440 global supercoiling 0.00061
frame 1907 time 476.75 unbinding_event at DNA_topoI 39 enzyme topoI with twist 15.70796 superhelical -0.05372 global twist 13.76317 global supercoiling 0.00398
frame 1979 time 494.75 binding_event at DNA_topoI 46 enzyme topoI with twist 15.70796 superhelical 0.00445 global twist 15.70796 global supercoiling 0.00445
frame 1979 time 494.75 unbinding_event at DNA_topoI 46 enzyme topoI with twist 17.65276 superhelical 0.00524 global twist 15.70796 global supercoiling 0.00445
frame 2122 time 530.5 binding_event at DNA_gyrase 47 enzyme gyrase with twist 17.65276 superhelical 0.00500 global twist 17.65276 global supercoiling 0.00500
frame 2126 time 531.5 unbinding_event at DNA_gyrase 47 enzyme gyrase with twist 10.92077 superhelical 0.00281 global twist 12.26717 global supercoiling 0.00355
frame 2162 time 540.5 binding_event at gene tetA enzyme RNAP with twist 10.92077 superhelical 0.00309 global twist 10.92077 global supercoiling 0.00309
frame 2213 time 553.25 binding_event at DNA_gyrase 25 enzyme gyrase with twist 51.36071 superhelical 0.03279 global twist 10.92077 global supercoiling 0.00311
frame 2236 time 559.0 unbinding_event at DNA_gyrase 25 enzyme gyrase with twist 40.58954 superhelical 0.03978 global twist -20.04635 global supercoiling -0.00583
frame 2300 time 575.0 binding_event at DNA_topoI 4 enzyme topoI with twist -118.53095 superhelical -0.05075 global twist -21.39275 global supercoiling -0.00609
frame 2302 time 575.5 unbinding_event at DNA_topoI 4 enzyme topoI with twist -115.38936 superhelical -0.05088 global twist -17.50316 global supercoiling -0.00509
frame 2316 time 579.0 binding_event at DNA_gyrase 21 enzyme gyrase with twist 111.49977 superhelical 0.10099 global twist -15.55836 global supercoiling -0.00443
frame 2319 time 579.75 unbinding_event at DNA_gyrase 21 enzyme gyrase with twist 109.70457 superhelical 0.11181 global twist -19.59755 global supercoiling -0.00570
frame 2325 time 581.25 unbinding_event at gene tetA enzyme RNAP with twist -20.94395 superhelical -0.05547 global twist -20.94395 global supercoiling -0.00596
frame 2362 time 590.5 binding_event at DNA_topoI 8 enzyme topoI with twist -20.94395 superhelical -0.00593 global twist -20.94395 global supercoiling -0.00593
frame 2376 time 594.0 unbinding_event at DNA_topoI 8 enzyme topoI with twist 8.22798 superhelical 0.00040 global twist 6.28319 global supercoiling 0.00182
frame 2447 time 611.75 binding_event at DNA_gyrase 8 enzyme gyrase with twist 8.22798 superhelical 0.00233 global twist 8.22798 global supercoiling 0.00233
frame 2451 time 612.75 unbinding_event at DNA_gyrase 8 enzyme gyrase with twist 1.49600 superhelical 0.00089 global twist 2.84239 global supercoiling 0.00082
frame 2576 time 644.0 binding_event at gene mKalama1 enzyme RNAP with twist 1.49600 superhelical 0.00042 global twist 1.49600 global supercoiling 0.00042
frame 2578 time 644.5 binding_event at DNA_gyrase 24 enzyme gyrase with twist -0.57505 superhelical -0.00020 global twist 1.49600 global supercoiling 0.00043
frame 2588 time 647.0 unbinding_event at DNA_gyrase 24 enzyme gyrase with twist -25.25899 superhelical -0.00637 global twist -11.96797 global supercoiling -0.00348
frame 2642 time 660.5 binding_event at DNA_gyrase 8 enzyme gyrase with twist -72.83168 superhelical -0.02305 global twist -13.31437 global supercoiling -0.00379
frame 2663 time 665.75 unbinding_event at DNA_gyrase 8 enzyme gyrase with twist -122.19956 superhelical -0.03980 global twist -41.58870 global supercoiling -0.01209
frame 2685 time 671.25 unbinding_event at gene mKalama1 enzyme RNAP with twist -42.93510 superhelical 0.64382 global twist -42.93510 global supercoiling -0.01223
frame 3110 time 777.5 binding_event at DNA_gyrase 28 enzyme gyrase with twist -42.93510 superhelical -0.01216 global twist -42.93510 global supercoiling -0.01216
frame 3129 time 782.25 unbinding_event at DNA_gyrase 28 enzyme gyrase with twist -69.86304 superhelical -0.14025 global twist -68.51664 global supercoiling -0.01981
frame 3321 time 830.25 binding_event at gene tetA enzyme RNAP with twist -69.86304 superhelical -0.01979 global twist -69.86304 global supercoiling -0.01979
frame 3416 time 854.0 binding_event at DNA_topoI 40 enzyme topoI with twist -119.41754 superhelical -0.05574 global twist -69.86304 global supercoiling -0.01990
frame 3420 time 855.0 unbinding_event at DNA_topoI 40 enzyme topoI with twist -114.18155 superhelical -0.05264 global twist -62.08385 global supercoiling -0.01805
frame 3484 time 871.0 unbinding_event at gene tetA enzyme RNAP with twist -60.13906 superhelical -0.06999 global twist -60.13906 global supercoiling -0.01713
frame 3512 time 878.0 binding_event at DNA_topoI 38 enzyme topoI with twist -60.13906 superhelical -0.01703 global twist -60.13906 global supercoiling -0.01703
frame 3529 time 882.25 unbinding_event at DNA_topoI 38 enzyme topoI with twist -25.13274 superhelical 0.00387 global twist -27.07754 global supercoiling -0.00783
frame 3765 time 941.25 binding_event at gene tetA enzyme RNAP with twist -25.13274 superhelical -0.00712 global twist -25.13274 global supercoiling -0.00712
frame 3840 time 960.0 binding_event at gene tetA enzyme RNAP with twist -79.60353 superhelical -0.03878 global twist -25.13274 global supercoiling -0.00716
frame 3882 time 970.5 binding_event at DNA_topoI 5 enzyme topoI with twist -12.42597 superhelical -0.03914 global twist -25.13274 global supercoiling -0.00720
frame 3895 time 973.75 unbinding_event at DNA_topoI 5 enzyme topoI with twist 14.80116 superhelical 0.34982 global twist 0.14960 global supercoiling 0.00004
frame 3928 time 982.0 unbinding_event at gene tetA enzyme RNAP with twist 149.15817 superhelical 0.04663 global twist 2.09440 global supercoiling 0.00060
frame 3941 time 985.25 binding_event at DNA_gyrase 12 enzyme gyrase with twist 159.92934 superhelical 0.11918 global twist 2.09440 global supercoiling 0.00060
frame 3959 time 989.75 binding_event at DNA_topoI 0 enzyme topoI with twist -173.99171 superhelical -0.07732 global twist -22.14075 global supercoiling -0.00644
frame 3961 time 990.25 unbinding_event at DNA_gyrase 12 enzyme gyrase with twist 150.50456 superhelical 0.18875 global twist -20.94395 global supercoiling -0.00622
frame 3966 time 991.5 unbinding_event at DNA_topoI 0 enzyme topoI with twist -165.61413 superhelical -0.07525 global twist -12.56637 global supercoiling -0.00365
frame 3981 time 995.25 binding_event at DNA_topoI 32 enzyme topoI with twist -178.18050 superhelical -0.07585 global twist -10.62158 global supercoiling -0.00302
frame 3981 time 995.25 unbinding_event at DNA_topoI 32 enzyme topoI with twist -177.13330 superhelical -0.07577 global twist -10.62158 global supercoiling -0.00302
frame 4003 time 1000.75 unbinding_event at gene tetA enzyme RNAP with twist -8.67678 superhelical -0.08029 global twist -8.67678 global supercoiling -0.00247
frame 4025 time 1006.25 binding_event at DNA_gyrase 37 enzyme gyrase with twist -8.67678 superhelical -0.00246 global twist -8.67678 global supercoiling -0.00246
frame 4029 time 1007.25 unbinding_event at DNA_gyrase 37 enzyme gyrase with twist -15.40876 superhelical -0.00699 global twist -14.06237 global supercoiling -0.00407
frame 4149 time 1037.25 binding_event at DNA_gyrase 22 enzyme gyrase with twist -15.40876 superhelical -0.00436 global twist -15.40876 global supercoiling -0.00436
frame 4157 time 1039.25 unbinding_event at DNA_gyrase 22 enzyme gyrase with twist -27.52634 superhelical -0.00631 global twist -26.17994 global supercoiling -0.00757
frame 4251 time 1062.75 binding_event at gene tetA enzyme RNAP with twist -27.52634 superhelical -0.00780 global twist -27.52634 global supercoiling -0.00780
frame 4362 time 1090.5 binding_event at DNA_gyrase 12 enzyme gyrase with twist 85.56060 superhelical 0.06597 global twist -27.52634 global supercoiling -0.00784
frame 4397 time 1099.25 unbinding_event at DNA_gyrase 12 enzyme gyrase with twist 69.40384 superhelical 0.19747 global twist -74.65023 global supercoiling -0.02170
frame 4403 time 1100.75 binding_event at DNA_gyrase 25 enzyme gyrase with twist 73.89183 superhelical 0.06639 global twist -75.99662 global supercoiling -0.02164
frame 4407 time 1101.75 binding_event at DNA_gyrase 14 enzyme gyrase with twist 73.32137 superhelical 0.07018 global twist -81.38221 global supercoiling -0.02366
frame 4407 time 1101.75 unbinding_event at DNA_gyrase 25 enzyme gyrase with twist 50.86738 superhelical 0.07348 global twist -81.38221 global supercoiling -0.02366
frame 4411 time 1102.75 unbinding_event at DNA_gyrase 14 enzyme gyrase with twist 68.50624 superhelical 0.08746 global twist -88.11419 global supercoiling -0.02562
frame 4414 time 1103.5 unbinding_event at gene tetA enzyme RNAP with twist -89.46059 superhelical -0.06552 global twist -89.46059 global supercoiling -0.02548
frame 4444 time 1111.0 binding_event at gene tetA enzyme RNAP with twist -89.46059 superhelical -0.02534 global twist -89.46059 global supercoiling -0.02534
frame 4552 time 1138.0 binding_event at DNA_gyrase 8 enzyme gyrase with twist 51.20407 superhelical 0.03907 global twist -89.46059 global supercoiling -0.02548
frame 4557 time 1139.25 unbinding_event at DNA_gyrase 8 enzyme gyrase with twist 48.51128 superhelical 0.23706 global twist -96.19258 global supercoiling -0.02797
frame 4564 time 1141.0 binding_event at DNA_gyrase 12 enzyme gyrase with twist 53.89687 superhelical 0.04289 global twist -97.53897 global supercoiling -0.02778
frame 4567 time 1141.75 unbinding_event at DNA_gyrase 12 enzyme gyrase with twist 52.10167 superhelical 0.05221 global twist -101.57816 global supercoiling -0.02953
frame 4572 time 1143.0 binding_event at gene tetA enzyme RNAP with twist -158.61662 superhelical -0.06924 global twist -102.92456 global supercoiling -0.02931
frame 4581 time 1145.25 binding_event at gene tetA enzyme RNAP with twist -127.91834 superhelical -0.07282 global twist -102.92456 global supercoiling -0.02947
frame 4603 time 1150.75 binding_event at DNA_topoI 39 enzyme topoI with twist -146.10148 superhelical -0.08050 global twist -102.92456 global supercoiling -0.02963
frame 4607 time 1151.75 binding_event at DNA_gyrase 19 enzyme gyrase with twist 87.10799 superhelical 0.08190 global twist -95.14538 global supercoiling -0.02797
frame 4607 time 1151.75 unbinding_event at gene tetA enzyme RNAP with twist 12.60890 superhelical -0.06983 global twist -95.14538 global supercoiling -0.02797
frame 4608 time 1152.0 unbinding_event at DNA_gyrase 19 enzyme gyrase with twist 47.43373 superhelical 0.01118 global twist -94.54698 global supercoiling -0.02823
frame 4610 time 1152.5 unbinding_event at DNA_topoI 39 enzyme topoI with twist -137.72390 superhelical -0.07513 global twist -92.00378 global supercoiling -0.02690
frame 4636 time 1159.0 binding_event at gene Raspberry enzyme RNAP with twist -160.16385 superhelical -0.08159 global twist -90.05899 global supercoiling -0.02579
frame 4735 time 1183.75 unbinding_event at gene tetA enzyme RNAP with twist 159.86465 superhelical -0.07362 global twist -90.05899 global supercoiling -0.02593
frame 4744 time 1186.0 unbinding_event at gene tetA enzyme RNAP with twist 70.59240 superhelical -0.08239 global twist -90.05899 global supercoiling -0.02579
frame 4744 time 1186.0 unbinding_event at gene Raspberry enzyme RNAP with twist -90.05899 superhelical -0.12836 global twist -90.05899 global supercoiling -0.02579
frame 4783 time 1195.75 binding_event at gene tetA enzyme RNAP with twist -90.05899 superhelical -0.02551 global twist -90.05899 global supercoiling -0.02551
frame 4903 time 1225.75 binding_event at gene tetA enzyme RNAP with twist -151.72831 superhelical -0.06729 global twist -90.05899 global supercoiling -0.02565
frame 4911 time 1227.75 binding_event at DNA_gyrase 9 enzyme gyrase with twist 68.85010 superhelical 0.05640 global twist -90.05899 global supercoiling -0.02579
frame 4915 time 1228.75 unbinding_event at DNA_gyrase 9 enzyme gyrase with twist 66.60611 superhelical 2.68822 global twist -95.44458 global supercoiling -0.02790
frame 4918 time 1229.5 binding_event at DNA_gyrase 12 enzyme gyrase with twist 68.40130 superhelical 0.05751 global twist -96.79097 global supercoiling -0.02772
frame 4932 time 1233.0 unbinding_event at DNA_gyrase 12 enzyme gyrase with twist 61.66932 superhelical 0.11537 global twist -115.64053 global supercoiling -0.03381
frame 4946 time 1236.5 unbinding_event at gene tetA enzyme RNAP with twist 38.98404 superhelical -0.06787 global twist -116.98693 global supercoiling -0.03350
frame 5066 time 1266.5 unbinding_event at gene tetA enzyme RNAP with twist -116.98693 superhelical -0.10753 global twist -116.98693 global supercoiling -0.03332
frame 5091 time 1272.75 binding_event at gene tetA enzyme RNAP with twist -116.98693 superhelical -0.03314 global twist -116.98693 global supercoiling -0.03314
frame 5167 time 1291.75 binding_event at DNA_topoI 30 enzyme topoI with twist -125.39510 superhelical -0.06095 global twist -116.98693 global supercoiling -0.03332
frame 5169 time 1292.25 unbinding_event at DNA_topoI 30 enzyme topoI with twist -122.25351 superhelical -0.05144 global twist -113.09734 global supercoiling -0.03288
frame 5227 time 1306.75 binding_event at DNA_topoI 34 enzyme topoI with twist -173.41659 superhelical -0.07454 global twist -111.15254 global supercoiling -0.03165
frame 5236 time 1309.0 unbinding_event at DNA_topoI 34 enzyme topoI with twist -162.94461 superhelical -0.05877 global twist -93.64938 global supercoiling -0.02723
frame 5244 time 1311.0 binding_event at DNA_topoI 38 enzyme topoI with twist -169.22780 superhelical -0.07043 global twist -91.70459 global supercoiling -0.02612
frame 5254 time 1313.5 unbinding_event at gene tetA enzyme RNAP with twist -21.23220 superhelical -0.06977 global twist -72.25663 global supercoiling -0.02101
frame 5258 time 1314.5 unbinding_event at DNA_topoI 38 enzyme topoI with twist -62.53265 superhelical -0.05488 global twist -64.47745 global supercoiling -0.01864
frame 5390 time 1347.5 binding_event at DNA_gyrase 37 enzyme gyrase with twist -62.53265 superhelical -0.01771 global twist -62.53265 global supercoiling -0.01771
frame 5393 time 1348.25 unbinding_event at DNA_gyrase 37 enzyme gyrase with twist -67.91824 superhelical -0.02166 global twist -66.57184 global supercoiling -0.01925
frame 5604 time 1401.0 binding_event at gene tetA enzyme RNAP with twist -67.91824 superhelical -0.01924 global twist -67.91824 global supercoiling -0.01924
frame 5681 time 1420.25 binding_event at gene mKalama1 enzyme RNAP with twist -102.31025 superhelical -0.04962 global twist -67.91824 global supercoiling -0.01934
frame 5750 time 1437.5 binding_event at DNA_topoI 46 enzyme topoI with twist -193.74880 superhelical -0.09618 global twist -67.91824 global supercoiling -0.01945
frame 5753 time 1438.25 unbinding_event at DNA_topoI 46 enzyme topoI with twist -193.15040 superhelical -0.09776 global twist -62.08385 global supercoiling -0.01815
frame 5766 time 1441.5 binding_event at DNA_topoI 5 enzyme topoI with twist -214.69275 superhelical -0.09948 global twist -60.13906 global supercoiling -0.01722
frame 5767 time 1441.75 unbinding_event at gene tetA enzyme RNAP with twist 78.94930 superhelical -0.09971 global twist -58.19426 global supercoiling -0.01701
frame 5770 time 1442.5 binding_event at gene Raspberry enzyme RNAP with twist -180.71022 superhelical -0.10170 global twist -52.35988 global supercoiling -0.01522
frame 5778 time 1444.5 unbinding_event at DNA_topoI 5 enzyme topoI with twist -23.32813 superhelical -0.09243 global twist -36.80151 global supercoiling -0.01076
frame 5790 time 1447.5 unbinding_event at gene mKalama1 enzyme RNAP with twist -22.29976 superhelical 0.43115 global twist -34.85672 global supercoiling -0.00998
frame 5816 time 1454.0 binding_event at DNA_gyrase 43 enzyme gyrase with twist 9.88299 superhelical 0.00389 global twist -34.85672 global supercoiling -0.00993
frame 5824 time 1456.0 unbinding_event at DNA_gyrase 43 enzyme gyrase with twist 5.84380 superhelical 0.01816 global twist -45.62789 global supercoiling -0.01327
frame 5863 time 1465.75 binding_event at DNA_topoI 30 enzyme topoI with twist -86.92681 superhelical -0.07368 global twist -46.97429 global supercoiling -0.01338
frame 5863 time 1465.75 unbinding_event at DNA_topoI 30 enzyme topoI with twist -85.87961 superhelical -0.07455 global twist -46.97429 global supercoiling -0.01338
frame 5878 time 1469.5 unbinding_event at gene Raspberry enzyme RNAP with twist -45.02949 superhelical -0.07938 global twist -45.02949 global supercoiling -0.01282
frame 6025 time 1506.25 binding_event at DNA_gyrase 40 enzyme gyrase with twist -45.02949 superhelical -0.01275 global twist -45.02949 global supercoiling -0.01275
frame 6027 time 1506.75 unbinding_event at DNA_gyrase 40 enzyme gyrase with twist -49.06869 superhelical -0.01511 global twist -47.72229 global supercoiling -0.01380
frame 6036 time 1509.0 binding_event at DNA_topoI 19 enzyme topoI with twist -49.06869 superhelical -0.01390 global twist -49.06869 global supercoiling -0.01390
frame 6037 time 1509.25 binding_event at gene tetA enzyme RNAP with twist -42.28954 superhelical -0.01387 global twist -47.12389 global supercoiling -0.01362
frame 6041 time 1510.25 unbinding_event at DNA_topoI 19 enzyme topoI with twist -8.96121 superhelical -0.00696 global twist -39.34471 global supercoiling -0.01144
frame 6062 time 1515.5 binding_event at DNA_gyrase 25 enzyme gyrase with twist 8.99075 superhelical 0.00534 global twist -37.39991 global supercoiling -0.01065
frame 6091 time 1522.75 unbinding_event at DNA_gyrase 25 enzyme gyrase with twist -4.47322 superhelical 0.01042 global twist -76.44542 global supercoiling -0.02223
frame 6149 time 1537.25 binding_event at DNA_topoI 39 enzyme topoI with twist -124.48168 superhelical -0.05610 global twist -77.79182 global supercoiling -0.02215
frame 6150 time 1537.5 unbinding_event at DNA_topoI 39 enzyme topoI with twist -122.38728 superhelical -0.05581 global twist -75.84702 global supercoiling -0.02205
frame 6156 time 1539.0 binding_event at DNA_gyrase 24 enzyme gyrase with twist 52.97305 superhelical 0.04200 global twist -73.90223 global supercoiling -0.02105
frame 6159 time 1539.75 unbinding_event at DNA_gyrase 24 enzyme gyrase with twist 51.17785 superhelical 0.04605 global twist -77.94142 global supercoiling -0.02266
frame 6200 time 1550.0 unbinding_event at gene tetA enzyme RNAP with twist -79.28781 superhelical -0.06821 global twist -79.28781 global supercoiling -0.02258
frame 6324 time 1581.0 binding_event at gene tetA enzyme RNAP with twist -79.28781 superhelical -0.02246 global twist -79.28781 global supercoiling -0.02246
frame 6455 time 1613.75 binding_event at DNA_topoI 7 enzyme topoI with twist -156.33745 superhelical -0.06785 global twist -79.28781 global supercoiling -0.02258
frame 6471 time 1617.75 unbinding_event at DNA_topoI 7 enzyme topoI with twist -138.53509 superhelical -0.06248 global twist -48.17109 global supercoiling -0.01400
frame 6487 time 1621.75 unbinding_event at gene tetA enzyme RNAP with twist -46.22629 superhelical -0.06235 global twist -46.22629 global supercoiling -0.01316
frame 6597 time 1649.25 binding_event at DNA_topoI 30 enzyme topoI with twist -46.22629 superhelical -0.01309 global twist -46.22629 global supercoiling -0.01309
frame 6614 time 1653.5 unbinding_event at DNA_topoI 30 enzyme topoI with twist -11.21997 superhelical 0.05695 global twist -13.16477 global supercoiling -0.00381
frame 6740 time 1685.0 binding_event at gene tetA enzyme RNAP with twist -11.21997 superhelical -0.00318 global twist -11.21997 global supercoiling -0.00318
frame 6830 time 1707.5 binding_event at DNA_gyrase 12 enzyme gyrase with twist 75.04763 superhelical 0.05394 global twist -11.21997 global supercoiling -0.00320
frame 6830 time 1707.5 unbinding_event at DNA_gyrase 12 enzyme gyrase with twist 74.59883 superhelical 0.05807 global twist -11.21997 global supercoiling -0.00320
frame 6889 time 1722.25 binding_event at gene tetA enzyme RNAP with twist -139.22588 superhelical -0.05838 global twist -12.56637 global supercoiling -0.00358
frame 6903 time 1725.75 unbinding_event at gene tetA enzyme RNAP with twist 101.89667 superhelical -0.05885 global twist -12.56637 global supercoiling -0.00360
frame 6944 time 1736.0 binding_event at DNA_gyrase 10 enzyme gyrase with twist 137.80058 superhelical 0.08900 global twist -12.56637 global supercoiling -0.00358
frame 6956 time 1739.0 unbinding_event at DNA_gyrase 10 enzyme gyrase with twist 131.96620 superhelical 0.11639 global twist -28.72313 global supercoiling -0.00835
frame 7008 time 1752.0 binding_event at DNA_topoI 0 enzyme topoI with twist -207.81322 superhelical -0.09235 global twist -30.06953 global supercoiling -0.00856
frame 7021 time 1755.25 unbinding_event at DNA_topoI 0 enzyme topoI with twist -193.15245 superhelical -0.08732 global twist -4.78719 global supercoiling -0.00139
frame 7052 time 1763.0 unbinding_event at gene tetA enzyme RNAP with twist -2.84239 superhelical -0.09011 global twist -2.84239 global supercoiling -0.00081
frame 7184 time 1796.0 binding_event at gene tetA enzyme RNAP with twist -2.84239 superhelical -0.00081 global twist -2.84239 global supercoiling -0.00081
frame 7257 time 1814.25 binding_event at DNA_gyrase 3 enzyme gyrase with twist -66.91387 superhelical -0.03274 global twist -2.84239 global supercoiling -0.00081
frame 7263 time 1815.75 unbinding_event at DNA_gyrase 3 enzyme gyrase with twist -82.62184 superhelical -0.03641 global twist -10.92077 global supercoiling -0.00318
frame 7347 time 1836.75 unbinding_event at gene tetA enzyme RNAP with twist -12.26717 superhelical -0.06444 global twist -12.26717 global supercoiling -0.00349
frame 7371 time 1842.75 binding_event at gene tetA enzyme RNAP with twist -12.26717 superhelical -0.00347 global twist -12.26717 global supercoiling -0.00347
frame 7515 time 1878.75 binding_event at DNA_topoI 7 enzyme topoI with twist -135.24971 superhelical -0.05725 global twist -12.26717 global supercoiling -0.00349
frame 7520 time 1880.0 unbinding_event at DNA_topoI 7 enzyme topoI with twist -128.96652 superhelical -0.05638 global twist -2.54319 global supercoiling -0.00074
frame 7534 time 1883.5 unbinding_event at gene tetA enzyme RNAP with twist -0.59840 superhelical -0.05772 global twist -0.59840 global supercoiling -0.00017
frame 7548 time 1887.0 binding_event at DNA_gyrase 26 enzyme gyrase with twist -0.59840 superhelical -0.00017 global twist -0.59840 global supercoiling -0.00017
frame 7555 time 1888.75 binding_event at DNA_gyrase 14 enzyme gyrase with twist -5.30431 superhelical -0.00152 global twist -10.02318 global supercoiling -0.00290
frame 7556 time 1889.0 unbinding_event at DNA_gyrase 14 enzyme gyrase with twist -9.34350 superhelical -0.00256 global twist -12.71597 global supercoiling -0.00375
frame 7577 time 1894.25 unbinding_event at DNA_gyrase 26 enzyme gyrase with twist -43.68310 superhelical -0.52751 global twist -42.33670 global supercoiling -0.01224
frame 7626 time 1906.5 binding_event at gene tetA enzyme RNAP with twist -43.68310 superhelical -0.01237 global twist -43.68310 global supercoiling -0.01237
frame 7758 time 1939.5 binding_event at gene Raspberry enzyme RNAP with twist -139.83315 superhelical -0.06057 global twist -43.68310 global supercoiling -0.01244
frame 7789 time 1947.25 unbinding_event at gene tetA enzyme RNAP with twist 31.60235 superhelical -0.06108 global twist -43.68310 global supercoiling -0.01251
frame 7836 time 1959.0 binding_event at DNA_topoI 30 enzyme topoI with twist -116.57495 superhelical -0.10479 global twist -43.68310 global supercoiling -0.01244
frame 7855 time 1963.75 unbinding_event at DNA_topoI 30 enzyme topoI with twist -95.63100 superhelical -0.03390 global twist -6.73198 global supercoiling -0.00196
frame 7866 time 1966.5 unbinding_event at gene Raspberry enzyme RNAP with twist -4.78719 superhelical -0.08430 global twist -4.78719 global supercoiling -0.00136
frame 8071 time 2017.75 binding_event at DNA_gyrase 29 enzyme gyrase with twist -4.78719 superhelical -0.00136 global twist -4.78719 global supercoiling -0.00136
frame 8077 time 2019.25 unbinding_event at DNA_gyrase 29 enzyme gyrase with twist -14.21197 superhelical -0.02799 global twist -12.86557 global supercoiling -0.00372
frame 8132 time 2033.0 binding_event at gene tetA enzyme RNAP with twist -14.21197 superhelical -0.00403 global twist -14.21197 global supercoiling -0.00403
frame 8288 time 2072.0 binding_event at DNA_topoI 10 enzyme topoI with twist -146.97141 superhelical -0.06082 global twist -14.21197 global supercoiling -0.00405
frame 8295 time 2073.75 unbinding_event at gene tetA enzyme RNAP with twist 137.03760 superhelical -0.12765 global twist -0.59840 global supercoiling -0.00017
frame 8298 time 2074.5 unbinding_event at DNA_topoI 10 enzyme topoI with twist 7.18078 superhelical -0.05525 global twist 5.23599 global supercoiling 0.00151
frame 8512 time 2128.0 binding_event at DNA_topoI 26 enzyme topoI with twist 7.18078 superhelical 0.00203 global twist 7.18078 global supercoiling 0.00203
frame 8521 time 2130.25 unbinding_event at DNA_topoI 26 enzyme topoI with twist 26.62874 superhelical 0.25594 global twist 24.68394 global supercoiling 0.00714
frame 8590 time 2147.5 binding_event at DNA_gyrase 43 enzyme gyrase with twist 26.62874 superhelical 0.00754 global twist 26.62874 global supercoiling 0.00754
frame 8597 time 2149.25 unbinding_event at DNA_gyrase 43 enzyme gyrase with twist 15.85756 superhelical 0.00314 global twist 17.20396 global supercoiling 0.00497
frame 8683 time 2170.75 binding_event at gene tetA enzyme RNAP with twist 15.85756 superhelical 0.00449 global twist 15.85756 global supercoiling 0.00449
frame 8833 time 2208.25 binding_event at DNA_topoI 4 enzyme topoI with twist -126.88926 superhelical -0.05310 global twist 15.85756 global supercoiling 0.00452
frame 8846 time 2211.5 unbinding_event at gene tetA enzyme RNAP with twist 137.45641 superhelical -0.04376 global twist 41.13990 global supercoiling 0.01196
frame 8848 time 2212.0 unbinding_event at DNA_topoI 4 enzyme topoI with twist 46.97429 superhelical -0.04686 global twist 45.02949 global supercoiling 0.01302
frame 8852 time 2213.0 binding_event at gene mKalama1 enzyme RNAP with twist 46.97429 superhelical 0.01331 global twist 46.97429 global supercoiling 0.01331
frame 8886 time 2221.5 binding_event at gene tetA enzyme RNAP with twist 7.79438 superhelical 0.00258 global twist 46.97429 global supercoiling 0.01338
frame 8948 time 2237.0 binding_event at DNA_gyrase 12 enzyme gyrase with twist 60.31929 superhelical 0.03976 global twist 46.97429 global supercoiling 0.01345
frame 8961 time 2240.25 unbinding_event at gene mKalama1 enzyme RNAP with twist -25.91137 superhelical 0.69834 global twist 29.47113 global supercoiling 0.00862
frame 8962 time 2240.5 unbinding_event at DNA_gyrase 12 enzyme gyrase with twist 53.58731 superhelical 0.05500 global twist 28.12473 global supercoiling 0.00818
frame 9037 time 2259.25 binding_event at gene tetA enzyme RNAP with twist -93.23122 superhelical -0.03895 global twist 26.77834 global supercoiling 0.00763
frame 9049 time 2262.25 unbinding_event at gene tetA enzyme RNAP with twist 105.82449 superhelical -0.03926 global twist 26.77834 global supercoiling 0.00767
frame 9120 time 2280.0 binding_event at DNA_gyrase 15 enzyme gyrase with twist 168.65634 superhelical 0.11855 global twist 26.77834 global supercoiling 0.00763
frame 9136 time 2284.0 unbinding_event at DNA_gyrase 15 enzyme gyrase with twist 161.02676 superhelical 0.14793 global twist 5.23599 global supercoiling 0.00152
frame 9151 time 2287.75 binding_event at DNA_topoI 32 enzyme topoI with twist -169.70354 superhelical -0.07617 global twist 3.88959 global supercoiling 0.00111
frame 9157 time 2289.25 binding_event at DNA_gyrase 8 enzyme gyrase with twist 178.97872 superhelical 0.14243 global twist 15.55836 global supercoiling 0.00452
frame 9159 time 2289.75 unbinding_event at DNA_gyrase 8 enzyme gyrase with twist 175.83713 superhelical 0.05284 global twist 16.75516 global supercoiling 0.00498
frame 9163 time 2290.75 unbinding_event at DNA_topoI 32 enzyme topoI with twist -154.29478 superhelical -0.04651 global twist 23.18795 global supercoiling 0.00674
frame 9170 time 2292.5 binding_event at gene mKalama1 enzyme RNAP with twist -159.68036 superhelical -0.06930 global twist 25.13274 global supercoiling 0.00716
frame 9202 time 2300.5 unbinding_event at gene tetA enzyme RNAP with twist 40.75861 superhelical -0.08981 global twist 25.13274 global supercoiling 0.00720
frame 9279 time 2319.75 unbinding_event at gene mKalama1 enzyme RNAP with twist 25.13274 superhelical 0.34781 global twist 25.13274 global supercoiling 0.00716
frame 9286 time 2321.5 binding_event at DNA_gyrase 25 enzyme gyrase with twist 25.13274 superhelical 0.00712 global twist 25.13274 global supercoiling 0.00712
frame 9327 time 2331.75 unbinding_event at DNA_gyrase 25 enzyme gyrase with twist -31.41593 superhelical -0.00095 global twist -30.06953 global supercoiling -0.00869
frame 9501 time 2375.25 binding_event at DNA_topoI 9 enzyme topoI with twist -31.41593 superhelical -0.00890 global twist -31.41593 global supercoiling -0.00890
frame 9521 time 2380.25 unbinding_event at DNA_topoI 9 enzyme topoI with twist 9.42478 superhelical -0.00032 global twist 7.47998 global supercoiling 0.00216
frame 9594 time 2398.5 binding_event at DNA_gyrase 16 enzyme gyrase with twist 9.42478 superhelical 0.00267 global twist 9.42478 global supercoiling 0.00267
frame 9622 time 2405.5 unbinding_event at DNA_gyrase 16 enzyme gyrase with twist -29.62073 superhelical -0.00416 global twist -28.27433 global supercoiling -0.00817
frame 9809 time 2452.25 binding_event at DNA_gyrase 30 enzyme gyrase with twist -29.62073 superhelical -0.00839 global twist -29.62073 global supercoiling -0.00839
frame 9819 time 2454.75 unbinding_event at DNA_gyrase 30 enzyme gyrase with twist -44.43110 superhelical -0.03831 global twist -43.08470 global supercoiling -0.01246
frame 9849 time 2462.25 binding_event at gene tetA enzyme RNAP with twist -44.43110 superhelical -0.01258 global twist -44.43110 global supercoiling -0.01258
