TORCphysics log file 

General information: 
---------------------------------------------------------------------------------------
Circuit name: Pleu500_46
Size: 6000
Structure: circle
Number of sites: 110
Number of frames: 8000
Simulation time: 4000.0
Simulation timestep: 0.5
Seed: 6569257402379233539
 
Overall simulation information 
---------------------------------------------------------------------------------------
Initial twist: -211.83310
Final twist: -64.62705
Initial superhelical density: -0.06000
Final superhelical density: -0.01831
 
Overall rates 
---------------------------------------------------------------------------------------
site type            site name            #binding events      #unbinding events    binding rates        
 DNA_topoI            DNA_topoI_global                     60.0                 60.0                 0.015 
DNA_gyrase           DNA_gyrase_global                    63.0                 63.0               0.01575 
EXT                  EXT                                   0.0                  0.0                   0.0 
gene                 tetA                                 59.0                 59.0               0.01475 
gene                 CDS                                   0.0                  0.0                   0.0 
origin               ori                                   0.0                  0.0                   0.0 
lacOP                lac1                                  0.0                  0.0                   0.0 
gene                 mKalama1                              3.0                  3.0               0.00075 
lacOP                lac2                                  0.0                  0.0                   0.0 
gene                 Raspberry                             9.0                  9.0               0.00225 
 
Events
---------------------------------------------------------------------------------------
frame 37 time 18.5 binding_event at gene mKalama1 enzyme RNAP with twist -211.83310 superhelical -0.06000 global twist -211.83310 global supercoiling -0.06000
frame 64 time 32.0 unbinding_event at gene mKalama1 enzyme RNAP with twist -211.83310 superhelical 0.42449 global twist -211.83310 global supercoiling -0.06033
frame 74 time 37.0 binding_event at DNA_topoI 48 enzyme topoI with twist -211.83310 superhelical -0.06000 global twist -211.83310 global supercoiling -0.06000
frame 74 time 37.0 unbinding_event at DNA_topoI 48 enzyme topoI with twist -207.94351 superhelical -0.05998 global twist -211.83310 global supercoiling -0.06000
frame 99 time 49.5 binding_event at gene tetA enzyme RNAP with twist -207.94351 superhelical -0.05890 global twist -207.94351 global supercoiling -0.05890
frame 110 time 55.0 binding_event at DNA_topoI 4 enzyme topoI with twist -66.81628 superhelical -0.04182 global twist -207.94351 global supercoiling -0.05922
frame 112 time 56.0 unbinding_event at DNA_topoI 4 enzyme topoI with twist -44.37633 superhelical 1.03583 global twist -200.16433 global supercoiling -0.05819
frame 128 time 64.0 binding_event at DNA_topoI 46 enzyme topoI with twist -205.75428 superhelical -0.09199 global twist -196.27474 global supercoiling -0.05590
frame 130 time 65.0 binding_event at gene Raspberry enzyme RNAP with twist -128.95784 superhelical -0.09225 global twist -188.49556 global supercoiling -0.05480
frame 133 time 66.5 unbinding_event at DNA_topoI 46 enzyme topoI with twist -118.29010 superhelical -0.06521 global twist -176.82679 global supercoiling -0.05170
frame 139 time 69.5 unbinding_event at gene tetA enzyme RNAP with twist -65.72586 superhelical -0.07932 global twist -172.93720 global supercoiling -0.04952
frame 157 time 78.5 unbinding_event at gene Raspberry enzyme RNAP with twist -172.93720 superhelical -0.13584 global twist -172.93720 global supercoiling -0.04925
frame 213 time 106.5 binding_event at DNA_gyrase 8 enzyme gyrase with twist -172.93720 superhelical -0.04898 global twist -172.93720 global supercoiling -0.04898
frame 218 time 109.0 unbinding_event at DNA_gyrase 8 enzyme gyrase with twist -189.09396 superhelical -0.05358 global twist -186.40116 global supercoiling -0.05389
frame 245 time 122.5 binding_event at DNA_topoI 41 enzyme topoI with twist -189.09396 superhelical -0.05356 global twist -189.09396 global supercoiling -0.05356
frame 245 time 122.5 unbinding_event at DNA_topoI 41 enzyme topoI with twist -185.20437 superhelical -0.05280 global twist -189.09396 global supercoiling -0.05356
frame 259 time 129.5 binding_event at DNA_topoI 8 enzyme topoI with twist -185.20437 superhelical -0.05246 global twist -185.20437 global supercoiling -0.05246
frame 267 time 133.5 unbinding_event at DNA_topoI 8 enzyme topoI with twist -150.19805 superhelical -0.04580 global twist -154.08764 global supercoiling -0.04455
frame 315 time 157.5 binding_event at DNA_topoI 12 enzyme topoI with twist -150.19805 superhelical -0.04254 global twist -150.19805 global supercoiling -0.04254
frame 321 time 160.5 unbinding_event at DNA_topoI 12 enzyme topoI with twist -122.97091 superhelical -0.03808 global twist -126.86050 global supercoiling -0.03668
frame 332 time 166.0 binding_event at gene tetA enzyme RNAP with twist -122.97091 superhelical -0.03483 global twist -122.97091 global supercoiling -0.03483
frame 367 time 183.5 binding_event at DNA_topoI 38 enzyme topoI with twist -185.76605 superhelical -0.07923 global twist -122.97091 global supercoiling -0.03502
frame 370 time 185.0 unbinding_event at DNA_topoI 38 enzyme topoI with twist -184.56926 superhelical -0.07229 global twist -111.30214 global supercoiling -0.03236
frame 372 time 186.0 unbinding_event at gene tetA enzyme RNAP with twist -107.41255 superhelical -0.07819 global twist -107.41255 global supercoiling -0.03059
frame 384 time 192.0 binding_event at gene tetA enzyme RNAP with twist -107.41255 superhelical -0.03042 global twist -107.41255 global supercoiling -0.03042
frame 412 time 206.0 binding_event at DNA_topoI 0 enzyme topoI with twist -153.02912 superhelical -0.06897 global twist -107.41255 global supercoiling -0.03059
frame 412 time 206.0 unbinding_event at DNA_topoI 0 enzyme topoI with twist -152.72992 superhelical -0.07012 global twist -107.41255 global supercoiling -0.03059
frame 424 time 212.0 unbinding_event at gene tetA enzyme RNAP with twist -103.52296 superhelical -0.07985 global twist -103.52296 global supercoiling -0.02948
frame 445 time 222.5 binding_event at gene tetA enzyme RNAP with twist -103.52296 superhelical -0.02932 global twist -103.52296 global supercoiling -0.02932
frame 453 time 226.5 binding_event at DNA_topoI 47 enzyme topoI with twist -79.32024 superhelical -0.04265 global twist -103.52296 global supercoiling -0.02948
frame 453 time 226.5 unbinding_event at DNA_topoI 47 enzyme topoI with twist -79.02104 superhelical -0.04304 global twist -103.52296 global supercoiling -0.02948
frame 476 time 238.0 binding_event at DNA_gyrase 19 enzyme gyrase with twist 58.37629 superhelical 0.04713 global twist -99.63337 global supercoiling -0.02837
frame 477 time 238.5 unbinding_event at DNA_gyrase 19 enzyme gyrase with twist 60.17149 superhelical 0.05874 global twist -102.32616 global supercoiling -0.02975
frame 485 time 242.5 unbinding_event at gene tetA enzyme RNAP with twist -105.01895 superhelical -0.07908 global twist -105.01895 global supercoiling -0.02991
frame 554 time 277.0 binding_event at DNA_topoI 22 enzyme topoI with twist -105.01895 superhelical -0.02975 global twist -105.01895 global supercoiling -0.02975
frame 554 time 277.0 unbinding_event at DNA_topoI 22 enzyme topoI with twist -101.12936 superhelical -0.02977 global twist -105.01895 global supercoiling -0.02975
frame 568 time 284.0 binding_event at gene tetA enzyme RNAP with twist -101.12936 superhelical -0.02864 global twist -101.12936 global supercoiling -0.02864
frame 585 time 292.5 binding_event at DNA_topoI 45 enzyme topoI with twist -110.46389 superhelical -0.05465 global twist -101.12936 global supercoiling -0.02880
frame 586 time 293.0 unbinding_event at DNA_topoI 45 enzyme topoI with twist -109.86549 superhelical -0.05373 global twist -97.23977 global supercoiling -0.02827
frame 608 time 304.0 binding_event at DNA_topoI 28 enzyme topoI with twist -185.26372 superhelical -0.07611 global twist -93.35018 global supercoiling -0.02658
frame 608 time 304.0 unbinding_event at gene tetA enzyme RNAP with twist -83.14642 superhelical -0.07852 global twist -93.35018 global supercoiling -0.02658
frame 613 time 306.5 unbinding_event at DNA_topoI 28 enzyme topoI with twist -70.01264 superhelical 0.03238 global twist -73.90223 global supercoiling -0.02137
frame 618 time 309.0 binding_event at DNA_topoI 17 enzyme topoI with twist -70.01264 superhelical -0.01983 global twist -70.01264 global supercoiling -0.01983
frame 620 time 310.0 unbinding_event at DNA_topoI 17 enzyme topoI with twist -58.34386 superhelical -0.01823 global twist -62.23345 global supercoiling -0.01799
frame 750 time 375.0 binding_event at gene tetA enzyme RNAP with twist -58.34386 superhelical -0.01653 global twist -58.34386 global supercoiling -0.01653
frame 752 time 376.0 binding_event at gene tetA enzyme RNAP with twist -35.69650 superhelical -0.02037 global twist -58.34386 global supercoiling -0.01662
frame 782 time 391.0 binding_event at DNA_gyrase 9 enzyme gyrase with twist 85.06438 superhelical 0.06968 global twist -58.34386 global supercoiling -0.01671
frame 785 time 392.5 unbinding_event at DNA_gyrase 9 enzyme gyrase with twist 76.39231 superhelical 0.13222 global twist -66.42224 global supercoiling -0.01942
frame 790 time 395.0 unbinding_event at gene tetA enzyme RNAP with twist 106.26160 superhelical 4.55933 global twist -69.11504 global supercoiling -0.01979
frame 792 time 396.0 unbinding_event at gene tetA enzyme RNAP with twist -69.11504 superhelical -0.07445 global twist -69.11504 global supercoiling -0.01968
frame 793 time 396.5 binding_event at DNA_topoI 12 enzyme topoI with twist -69.11504 superhelical -0.01958 global twist -69.11504 global supercoiling -0.01958
frame 794 time 397.0 unbinding_event at DNA_topoI 12 enzyme topoI with twist -61.33586 superhelical -0.01846 global twist -65.22545 global supercoiling -0.01886
frame 877 time 438.5 binding_event at DNA_topoI 4 enzyme topoI with twist -61.33586 superhelical -0.01737 global twist -61.33586 global supercoiling -0.01737
frame 881 time 440.5 unbinding_event at DNA_topoI 4 enzyme topoI with twist -41.88790 superhelical -0.01280 global twist -45.77749 global supercoiling -0.01324
frame 924 time 462.0 binding_event at DNA_gyrase 14 enzyme gyrase with twist -41.88790 superhelical -0.01186 global twist -41.88790 global supercoiling -0.01186
frame 925 time 462.5 unbinding_event at DNA_gyrase 14 enzyme gyrase with twist -47.27349 superhelical -0.01311 global twist -44.58070 global supercoiling -0.01289
frame 972 time 486.0 binding_event at gene tetA enzyme RNAP with twist -47.27349 superhelical -0.01339 global twist -47.27349 global supercoiling -0.01339
frame 976 time 488.0 binding_event at DNA_gyrase 44 enzyme gyrase with twist -37.46661 superhelical -0.02095 global twist -47.27349 global supercoiling -0.01346
frame 978 time 489.0 unbinding_event at DNA_gyrase 44 enzyme gyrase with twist -56.31616 superhelical -0.02505 global twist -52.65908 global supercoiling -0.01531
frame 1000 time 500.0 binding_event at gene tetA enzyme RNAP with twist -131.71438 superhelical -0.05936 global twist -55.35187 global supercoiling -0.01576
frame 1011 time 505.5 binding_event at gene tetA enzyme RNAP with twist -142.25733 superhelical -0.07434 global twist -55.35187 global supercoiling -0.01585
frame 1012 time 506.0 unbinding_event at gene tetA enzyme RNAP with twist 94.08624 superhelical -0.05988 global twist -55.35187 global supercoiling -0.01594
frame 1032 time 516.0 binding_event at DNA_topoI 48 enzyme topoI with twist -204.26557 superhelical -0.09759 global twist -55.35187 global supercoiling -0.01585
frame 1035 time 517.5 binding_event at gene Raspberry enzyme RNAP with twist -149.93474 superhelical -0.09727 global twist -43.68310 global supercoiling -0.01277
frame 1036 time 518.0 binding_event at gene tetA enzyme RNAP with twist -55.07883 superhelical -0.09983 global twist -39.79351 global supercoiling -0.01170
frame 1036 time 518.0 unbinding_event at DNA_topoI 48 enzyme topoI with twist -76.06917 superhelical -0.08809 global twist -39.79351 global supercoiling -0.01170
frame 1040 time 520.0 unbinding_event at gene tetA enzyme RNAP with twist 181.22722 superhelical -0.07509 global twist -35.90392 global supercoiling -0.01040
frame 1051 time 525.5 unbinding_event at gene tetA enzyme RNAP with twist 176.28715 superhelical -0.10342 global twist -35.90392 global supercoiling -0.01034
frame 1055 time 527.5 binding_event at gene mKalama1 enzyme RNAP with twist -146.89307 superhelical -0.13099 global twist -35.90392 global supercoiling -0.01028
frame 1062 time 531.0 unbinding_event at gene Raspberry enzyme RNAP with twist -194.12278 superhelical -0.15910 global twist -35.90392 global supercoiling -0.01034
frame 1076 time 538.0 unbinding_event at gene tetA enzyme RNAP with twist -28.60681 superhelical -0.13513 global twist -35.90392 global supercoiling -0.01028
frame 1082 time 541.0 unbinding_event at gene mKalama1 enzyme RNAP with twist -35.90392 superhelical 0.09837 global twist -35.90392 global supercoiling -0.01022
frame 1147 time 573.5 binding_event at DNA_gyrase 43 enzyme gyrase with twist -35.90392 superhelical -0.01017 global twist -35.90392 global supercoiling -0.01017
frame 1158 time 579.0 unbinding_event at DNA_gyrase 43 enzyme gyrase with twist -68.21744 superhelical -0.02404 global twist -65.52465 global supercoiling -0.01894
frame 1195 time 597.5 binding_event at DNA_gyrase 36 enzyme gyrase with twist -68.21744 superhelical -0.01932 global twist -68.21744 global supercoiling -0.01932
frame 1198 time 599.0 unbinding_event at DNA_gyrase 36 enzyme gyrase with twist -78.98862 superhelical -0.02765 global twist -76.29582 global supercoiling -0.02206
frame 1220 time 610.0 binding_event at gene tetA enzyme RNAP with twist -78.98862 superhelical -0.02237 global twist -78.98862 global supercoiling -0.02237
frame 1260 time 630.0 unbinding_event at gene tetA enzyme RNAP with twist -78.98862 superhelical -0.07577 global twist -78.98862 global supercoiling -0.02249
frame 1318 time 659.0 binding_event at gene tetA enzyme RNAP with twist -78.98862 superhelical -0.02237 global twist -78.98862 global supercoiling -0.02237
frame 1326 time 663.0 binding_event at gene Raspberry enzyme RNAP with twist -67.32902 superhelical -0.03620 global twist -78.98862 global supercoiling -0.02249
frame 1348 time 674.0 binding_event at DNA_topoI 33 enzyme topoI with twist -106.87456 superhelical -0.09235 global twist -78.98862 global supercoiling -0.02262
frame 1353 time 676.5 unbinding_event at gene Raspberry enzyme RNAP with twist -110.47200 superhelical -0.09745 global twist -59.54066 global supercoiling -0.01741
frame 1358 time 679.0 binding_event at DNA_topoI 1 enzyme topoI with twist -117.05438 superhelical -0.06167 global twist -40.09271 global supercoiling -0.01166
frame 1358 time 679.0 unbinding_event at gene tetA enzyme RNAP with twist 66.36416 superhelical -0.06489 global twist -40.09271 global supercoiling -0.01166
frame 1360 time 680.0 unbinding_event at DNA_topoI 33 enzyme topoI with twist -87.00891 superhelical -0.04401 global twist -24.53434 global supercoiling -0.00724
frame 1361 time 680.5 unbinding_event at DNA_topoI 1 enzyme topoI with twist -12.86557 superhelical -0.04842 global twist -16.75516 global supercoiling -0.00484
frame 1364 time 682.0 binding_event at gene tetA enzyme RNAP with twist -12.86557 superhelical -0.00364 global twist -12.86557 global supercoiling -0.00364
frame 1404 time 702.0 unbinding_event at gene tetA enzyme RNAP with twist -12.86557 superhelical -0.06259 global twist -12.86557 global supercoiling -0.00366
frame 1475 time 737.5 binding_event at gene tetA enzyme RNAP with twist -12.86557 superhelical -0.00364 global twist -12.86557 global supercoiling -0.00364
frame 1489 time 744.5 binding_event at DNA_gyrase 30 enzyme gyrase with twist -56.55356 superhelical -0.02874 global twist -12.86557 global supercoiling -0.00366
frame 1493 time 746.5 binding_event at DNA_gyrase 12 enzyme gyrase with twist 58.04956 superhelical 0.03943 global twist -23.63674 global supercoiling -0.00687
frame 1493 time 746.5 unbinding_event at DNA_gyrase 12 enzyme gyrase with twist 58.94716 superhelical 0.04781 global twist -23.63674 global supercoiling -0.00687
frame 1494 time 747.0 unbinding_event at DNA_gyrase 30 enzyme gyrase with twist -94.25267 superhelical -0.06228 global twist -29.02233 global supercoiling -0.00844
frame 1515 time 757.5 unbinding_event at gene tetA enzyme RNAP with twist -31.71513 superhelical -0.06918 global twist -31.71513 global supercoiling -0.00903
frame 1557 time 778.5 binding_event at gene tetA enzyme RNAP with twist -31.71513 superhelical -0.00898 global twist -31.71513 global supercoiling -0.00898
frame 1566 time 783.0 binding_event at gene tetA enzyme RNAP with twist -47.81437 superhelical -0.02546 global twist -31.71513 global supercoiling -0.00903
frame 1580 time 790.0 binding_event at DNA_topoI 28 enzyme topoI with twist -94.41604 superhelical -0.04799 global twist -31.71513 global supercoiling -0.00908
frame 1581 time 790.5 unbinding_event at DNA_topoI 28 enzyme topoI with twist -93.81764 superhelical -0.01287 global twist -27.82553 global supercoiling -0.00814
frame 1597 time 798.5 unbinding_event at gene tetA enzyme RNAP with twist 127.32796 superhelical -0.02573 global twist -23.93594 global supercoiling -0.00685
frame 1606 time 803.0 unbinding_event at gene tetA enzyme RNAP with twist -23.93594 superhelical -0.07486 global twist -23.93594 global supercoiling -0.00682
frame 1662 time 831.0 binding_event at DNA_topoI 28 enzyme topoI with twist -23.93594 superhelical -0.00678 global twist -23.93594 global supercoiling -0.00678
frame 1664 time 832.0 unbinding_event at DNA_topoI 28 enzyme topoI with twist -12.26717 superhelical 0.04848 global twist -16.15676 global supercoiling -0.00467
frame 1683 time 841.5 binding_event at DNA_gyrase 39 enzyme gyrase with twist -12.26717 superhelical -0.00347 global twist -12.26717 global supercoiling -0.00347
frame 1690 time 845.0 unbinding_event at DNA_gyrase 39 enzyme gyrase with twist -33.80952 superhelical -0.01558 global twist -31.11673 global supercoiling -0.00900
frame 1762 time 881.0 binding_event at gene tetA enzyme RNAP with twist -33.80952 superhelical -0.00958 global twist -33.80952 global supercoiling -0.00958
frame 1802 time 901.0 unbinding_event at gene tetA enzyme RNAP with twist -33.80952 superhelical -0.06677 global twist -33.80952 global supercoiling -0.00963
frame 1837 time 918.5 binding_event at gene tetA enzyme RNAP with twist -33.80952 superhelical -0.00958 global twist -33.80952 global supercoiling -0.00958
frame 1848 time 924.0 binding_event at DNA_gyrase 32 enzyme gyrase with twist -56.01880 superhelical -0.02927 global twist -33.80952 global supercoiling -0.00963
frame 1848 time 924.0 unbinding_event at DNA_gyrase 32 enzyme gyrase with twist -62.30198 superhelical -0.03384 global twist -33.80952 global supercoiling -0.00963
frame 1864 time 932.0 binding_event at DNA_gyrase 23 enzyme gyrase with twist 79.65554 superhelical 0.06078 global twist -36.50231 global supercoiling -0.01040
frame 1864 time 932.0 unbinding_event at DNA_gyrase 23 enzyme gyrase with twist 80.55314 superhelical 0.06740 global twist -36.50231 global supercoiling -0.01040
frame 1877 time 938.5 binding_event at gene tetA enzyme RNAP with twist -162.83295 superhelical -0.06689 global twist -39.19511 global supercoiling -0.01116
frame 1877 time 938.5 unbinding_event at gene tetA enzyme RNAP with twist 80.10512 superhelical -0.06742 global twist -39.19511 global supercoiling -0.01116
frame 1917 time 958.5 unbinding_event at gene tetA enzyme RNAP with twist -39.19511 superhelical -0.10721 global twist -39.19511 global supercoiling -0.01116
frame 1934 time 967.0 binding_event at DNA_gyrase 15 enzyme gyrase with twist -39.19511 superhelical -0.01110 global twist -39.19511 global supercoiling -0.01110
frame 1934 time 967.0 unbinding_event at DNA_gyrase 15 enzyme gyrase with twist -41.88790 superhelical -0.01182 global twist -39.19511 global supercoiling -0.01110
frame 1990 time 995.0 binding_event at DNA_gyrase 16 enzyme gyrase with twist -41.88790 superhelical -0.01186 global twist -41.88790 global supercoiling -0.01186
frame 1992 time 996.0 unbinding_event at DNA_gyrase 16 enzyme gyrase with twist -49.96628 superhelical -0.01354 global twist -47.27349 global supercoiling -0.01367
frame 2051 time 1025.5 binding_event at gene mKalama1 enzyme RNAP with twist -49.96628 superhelical -0.01415 global twist -49.96628 global supercoiling -0.01415
frame 2077 time 1038.5 binding_event at DNA_gyrase 43 enzyme gyrase with twist -134.10319 superhelical -0.04026 global twist -49.96628 global supercoiling -0.01423
frame 2078 time 1039.0 unbinding_event at gene mKalama1 enzyme RNAP with twist 41.01124 superhelical 0.63059 global twist -52.65908 global supercoiling -0.01531
frame 2080 time 1040.0 unbinding_event at DNA_gyrase 43 enzyme gyrase with twist -60.73746 superhelical 0.03241 global twist -58.04466 global supercoiling -0.01678
frame 2108 time 1054.0 binding_event at gene tetA enzyme RNAP with twist -60.73746 superhelical -0.01720 global twist -60.73746 global supercoiling -0.01720
frame 2123 time 1061.5 binding_event at DNA_topoI 35 enzyme topoI with twist -83.54146 superhelical -0.04208 global twist -60.73746 global supercoiling -0.01730
frame 2123 time 1061.5 unbinding_event at DNA_topoI 35 enzyme topoI with twist -83.24226 superhelical -0.04046 global twist -60.73746 global supercoiling -0.01730
frame 2148 time 1074.0 unbinding_event at gene tetA enzyme RNAP with twist -56.84787 superhelical -0.07055 global twist -56.84787 global supercoiling -0.01619
frame 2254 time 1127.0 binding_event at gene tetA enzyme RNAP with twist -56.84787 superhelical -0.01610 global twist -56.84787 global supercoiling -0.01610
frame 2294 time 1147.0 unbinding_event at gene tetA enzyme RNAP with twist -56.84787 superhelical -0.07136 global twist -56.84787 global supercoiling -0.01619
frame 2305 time 1152.5 binding_event at gene tetA enzyme RNAP with twist -56.84787 superhelical -0.01610 global twist -56.84787 global supercoiling -0.01610
frame 2320 time 1160.0 binding_event at gene tetA enzyme RNAP with twist -81.64041 superhelical -0.04112 global twist -56.84787 global supercoiling -0.01619
frame 2342 time 1171.0 binding_event at gene tetA enzyme RNAP with twist -150.24385 superhelical -0.07117 global twist -56.84787 global supercoiling -0.01628
frame 2345 time 1172.5 unbinding_event at gene tetA enzyme RNAP with twist 107.75755 superhelical -0.04152 global twist -56.84787 global supercoiling -0.01637
frame 2358 time 1179.0 binding_event at DNA_topoI 46 enzyme topoI with twist -180.70123 superhelical -0.09020 global twist -56.84787 global supercoiling -0.01628
frame 2360 time 1180.0 unbinding_event at gene tetA enzyme RNAP with twist 134.62454 superhelical -0.07182 global twist -49.06869 global supercoiling -0.01435
frame 2360 time 1180.0 unbinding_event at DNA_topoI 46 enzyme topoI with twist -179.80364 superhelical -0.08937 global twist -49.06869 global supercoiling -0.01435
frame 2382 time 1191.0 unbinding_event at gene tetA enzyme RNAP with twist -45.17909 superhelical -0.10553 global twist -45.17909 global supercoiling -0.01287
frame 2384 time 1192.0 binding_event at DNA_gyrase 29 enzyme gyrase with twist -45.17909 superhelical -0.01280 global twist -45.17909 global supercoiling -0.01280
frame 2392 time 1196.0 unbinding_event at DNA_gyrase 29 enzyme gyrase with twist -69.41424 superhelical -0.08147 global twist -66.72144 global supercoiling -0.01929
frame 2405 time 1202.5 binding_event at DNA_gyrase 9 enzyme gyrase with twist -69.41424 superhelical -0.01966 global twist -69.41424 global supercoiling -0.01966
frame 2406 time 1203.0 unbinding_event at DNA_gyrase 9 enzyme gyrase with twist -74.79983 superhelical -0.02122 global twist -72.10703 global supercoiling -0.02085
frame 2479 time 1239.5 binding_event at DNA_gyrase 2 enzyme gyrase with twist -74.79983 superhelical -0.02119 global twist -74.79983 global supercoiling -0.02119
frame 2492 time 1246.0 unbinding_event at DNA_gyrase 2 enzyme gyrase with twist -112.49894 superhelical -0.03193 global twist -109.80614 global supercoiling -0.03175
frame 2493 time 1246.5 binding_event at DNA_topoI 37 enzyme topoI with twist -112.49894 superhelical -0.03186 global twist -112.49894 global supercoiling -0.03186
frame 2493 time 1246.5 unbinding_event at DNA_topoI 37 enzyme topoI with twist -108.60935 superhelical -0.02994 global twist -112.49894 global supercoiling -0.03186
frame 2522 time 1261.0 binding_event at DNA_topoI 9 enzyme topoI with twist -108.60935 superhelical -0.03076 global twist -108.60935 global supercoiling -0.03076
frame 2528 time 1264.0 unbinding_event at DNA_topoI 9 enzyme topoI with twist -81.38221 superhelical -0.02556 global twist -85.27180 global supercoiling -0.02465
frame 2574 time 1287.0 binding_event at gene tetA enzyme RNAP with twist -81.38221 superhelical -0.02305 global twist -81.38221 global supercoiling -0.02305
frame 2585 time 1292.5 binding_event at DNA_gyrase 38 enzyme gyrase with twist -79.27007 superhelical -0.04142 global twist -81.38221 global supercoiling -0.02318
frame 2593 time 1296.5 binding_event at DNA_topoI 45 enzyme topoI with twist -83.32721 superhelical -0.07170 global twist -102.92456 global supercoiling -0.02992
frame 2597 time 1298.5 unbinding_event at DNA_topoI 45 enzyme topoI with twist -88.56319 superhelical -0.06948 global twist -98.13737 global supercoiling -0.02914
frame 2601 time 1300.5 unbinding_event at DNA_gyrase 38 enzyme gyrase with twist -166.63627 superhelical -0.07084 global twist -105.01895 global supercoiling -0.03053
frame 2614 time 1307.0 unbinding_event at gene tetA enzyme RNAP with twist -107.71175 superhelical -0.08699 global twist -107.71175 global supercoiling -0.03067
frame 2639 time 1319.5 binding_event at DNA_topoI 14 enzyme topoI with twist -107.71175 superhelical -0.03051 global twist -107.71175 global supercoiling -0.03051
frame 2639 time 1319.5 unbinding_event at DNA_topoI 14 enzyme topoI with twist -103.82216 superhelical -0.03042 global twist -107.71175 global supercoiling -0.03051
frame 2671 time 1335.5 binding_event at DNA_gyrase 25 enzyme gyrase with twist -103.82216 superhelical -0.02941 global twist -103.82216 global supercoiling -0.02941
frame 2671 time 1335.5 unbinding_event at DNA_gyrase 25 enzyme gyrase with twist -106.51495 superhelical -0.03003 global twist -103.82216 global supercoiling -0.02941
frame 2773 time 1386.5 binding_event at DNA_topoI 12 enzyme topoI with twist -106.51495 superhelical -0.03017 global twist -106.51495 global supercoiling -0.03017
frame 2773 time 1386.5 unbinding_event at DNA_topoI 12 enzyme topoI with twist -102.62536 superhelical -0.03003 global twist -106.51495 global supercoiling -0.03017
frame 2824 time 1412.0 binding_event at DNA_topoI 11 enzyme topoI with twist -102.62536 superhelical -0.02907 global twist -102.62536 global supercoiling -0.02907
frame 2826 time 1413.0 unbinding_event at DNA_topoI 11 enzyme topoI with twist -90.95659 superhelical -0.02731 global twist -94.84618 global supercoiling -0.02742
frame 2890 time 1445.0 binding_event at DNA_topoI 32 enzyme topoI with twist -90.95659 superhelical -0.02576 global twist -90.95659 global supercoiling -0.02576
frame 2894 time 1447.0 binding_event at gene tetA enzyme RNAP with twist -72.85430 superhelical -0.02376 global twist -75.39822 global supercoiling -0.02180
frame 2897 time 1448.5 unbinding_event at DNA_topoI 32 enzyme topoI with twist -31.27862 superhelical 0.01334 global twist -63.72945 global supercoiling -0.01853
frame 2906 time 1453.0 binding_event at DNA_gyrase 48 enzyme gyrase with twist -60.00176 superhelical -0.03106 global twist -59.83986 global supercoiling -0.01704
frame 2908 time 1454.0 unbinding_event at DNA_gyrase 48 enzyme gyrase with twist -78.85131 superhelical -0.03488 global twist -65.22545 global supercoiling -0.01896
frame 2934 time 1467.0 unbinding_event at gene tetA enzyme RNAP with twist -67.91824 superhelical -0.07022 global twist -67.91824 global supercoiling -0.01934
frame 2967 time 1483.5 binding_event at gene tetA enzyme RNAP with twist -67.91824 superhelical -0.01924 global twist -67.91824 global supercoiling -0.01924
frame 3007 time 1503.5 unbinding_event at gene tetA enzyme RNAP with twist -67.91824 superhelical -0.07357 global twist -67.91824 global supercoiling -0.01934
frame 3023 time 1511.5 binding_event at gene tetA enzyme RNAP with twist -67.91824 superhelical -0.01924 global twist -67.91824 global supercoiling -0.01924
frame 3033 time 1516.5 binding_event at DNA_topoI 34 enzyme topoI with twist -69.09913 superhelical -0.03645 global twist -67.91824 global supercoiling -0.01934
frame 3033 time 1516.5 unbinding_event at DNA_topoI 34 enzyme topoI with twist -68.79993 superhelical -0.03426 global twist -67.91824 global supercoiling -0.01934
frame 3041 time 1520.5 binding_event at gene tetA enzyme RNAP with twist -93.93267 superhelical -0.04606 global twist -64.02865 global supercoiling -0.01823
frame 3052 time 1526.0 binding_event at DNA_gyrase 12 enzyme gyrase with twist 69.39833 superhelical 0.05445 global twist -64.02865 global supercoiling -0.01833
frame 3053 time 1526.5 unbinding_event at DNA_gyrase 12 enzyme gyrase with twist 71.19353 superhelical 0.08343 global twist -66.72144 global supercoiling -0.01951
frame 3063 time 1531.5 unbinding_event at gene tetA enzyme RNAP with twist 92.96302 superhelical -0.04650 global twist -69.41424 global supercoiling -0.01988
frame 3081 time 1540.5 unbinding_event at gene tetA enzyme RNAP with twist -69.41424 superhelical -0.09257 global twist -69.41424 global supercoiling -0.01977
frame 3110 time 1555.0 binding_event at DNA_gyrase 35 enzyme gyrase with twist -69.41424 superhelical -0.01966 global twist -69.41424 global supercoiling -0.01966
frame 3113 time 1556.5 unbinding_event at DNA_gyrase 35 enzyme gyrase with twist -80.18541 superhelical -0.02893 global twist -77.49262 global supercoiling -0.02240
frame 3115 time 1557.5 binding_event at gene Raspberry enzyme RNAP with twist -80.18541 superhelical -0.02271 global twist -80.18541 global supercoiling -0.02271
frame 3142 time 1571.0 unbinding_event at gene Raspberry enzyme RNAP with twist -80.18541 superhelical -0.09323 global twist -80.18541 global supercoiling -0.02284
frame 3143 time 1571.5 binding_event at DNA_topoI 23 enzyme topoI with twist -80.18541 superhelical -0.02271 global twist -80.18541 global supercoiling -0.02271
frame 3152 time 1576.0 unbinding_event at DNA_topoI 23 enzyme topoI with twist -41.28950 superhelical -0.01735 global twist -45.17909 global supercoiling -0.01306
frame 3170 time 1585.0 binding_event at DNA_topoI 42 enzyme topoI with twist -41.28950 superhelical -0.01169 global twist -41.28950 global supercoiling -0.01169
frame 3182 time 1591.0 unbinding_event at DNA_topoI 42 enzyme topoI with twist 9.27518 superhelical 0.01083 global twist 5.38559 global supercoiling 0.00156
frame 3310 time 1655.0 binding_event at DNA_topoI 3 enzyme topoI with twist 9.27518 superhelical 0.00263 global twist 9.27518 global supercoiling 0.00263
frame 3317 time 1658.5 unbinding_event at DNA_topoI 3 enzyme topoI with twist 40.39191 superhelical 0.01087 global twist 36.50231 global supercoiling 0.01055
frame 3318 time 1659.0 binding_event at DNA_gyrase 42 enzyme gyrase with twist 40.39191 superhelical 0.01144 global twist 40.39191 global supercoiling 0.01144
frame 3319 time 1659.5 unbinding_event at DNA_gyrase 42 enzyme gyrase with twist 35.00632 superhelical 0.00925 global twist 37.69911 global supercoiling 0.01090
frame 3548 time 1774.0 binding_event at DNA_gyrase 47 enzyme gyrase with twist 35.00632 superhelical 0.00992 global twist 35.00632 global supercoiling 0.00992
frame 3551 time 1775.5 unbinding_event at DNA_gyrase 47 enzyme gyrase with twist 24.23514 superhelical 0.00646 global twist 26.92794 global supercoiling 0.00779
frame 3632 time 1816.0 binding_event at gene tetA enzyme RNAP with twist 24.23514 superhelical 0.00686 global twist 24.23514 global supercoiling 0.00686
frame 3646 time 1823.0 binding_event at gene tetA enzyme RNAP with twist -38.42049 superhelical -0.01953 global twist 24.23514 global supercoiling 0.00690
frame 3662 time 1831.0 binding_event at gene tetA enzyme RNAP with twist -91.28840 superhelical -0.04557 global twist 24.23514 global supercoiling 0.00694
frame 3672 time 1836.0 unbinding_event at gene tetA enzyme RNAP with twist 155.01785 superhelical -0.01972 global twist 24.23514 global supercoiling 0.00698
frame 3674 time 1837.0 binding_event at DNA_topoI 38 enzyme topoI with twist -122.03980 superhelical -0.06318 global twist 24.23514 global supercoiling 0.00694
frame 3684 time 1842.0 unbinding_event at DNA_topoI 38 enzyme topoI with twist -118.74861 superhelical -0.03964 global twist 63.13105 global supercoiling 0.01846
frame 3686 time 1843.0 unbinding_event at gene tetA enzyme RNAP with twist 192.95004 superhelical -0.04601 global twist 67.02064 global supercoiling 0.01919
frame 3688 time 1844.0 binding_event at gene tetA enzyme RNAP with twist -129.51978 superhelical -0.05933 global twist 67.02064 global supercoiling 0.01909
frame 3702 time 1851.0 unbinding_event at gene tetA enzyme RNAP with twist 223.60405 superhelical -0.05986 global twist 67.02064 global supercoiling 0.01919
frame 3726 time 1863.0 binding_event at gene Raspberry enzyme RNAP with twist -239.16241 superhelical -0.09972 global twist 67.02064 global supercoiling 0.01909
frame 3728 time 1864.0 unbinding_event at gene tetA enzyme RNAP with twist 154.42484 superhelical -0.10052 global twist 67.02064 global supercoiling 0.01919
frame 3733 time 1866.5 binding_event at DNA_gyrase 4 enzyme gyrase with twist 168.78641 superhelical 0.06434 global twist 67.02064 global supercoiling 0.01909
frame 3736 time 1868.0 binding_event at DNA_gyrase 19 enzyme gyrase with twist 94.28760 superhelical 0.06343 global twist 58.94226 global supercoiling 0.01714
frame 3739 time 1869.5 unbinding_event at DNA_gyrase 4 enzyme gyrase with twist 142.40282 superhelical 0.09172 global twist 42.78550 global supercoiling 0.01270
frame 3753 time 1876.5 unbinding_event at gene Raspberry enzyme RNAP with twist -3.34524 superhelical -0.14005 global twist 2.39359 global supercoiling 0.00070
frame 3769 time 1884.5 unbinding_event at DNA_gyrase 19 enzyme gyrase with twist -43.38390 superhelical -0.00816 global twist -40.69110 global supercoiling -0.01176
frame 3791 time 1895.5 binding_event at gene tetA enzyme RNAP with twist -43.38390 superhelical -0.01229 global twist -43.38390 global supercoiling -0.01229
frame 3820 time 1910.0 binding_event at DNA_gyrase 13 enzyme gyrase with twist 81.94145 superhelical 0.06429 global twist -43.38390 global supercoiling -0.01236
frame 3821 time 1910.5 unbinding_event at DNA_gyrase 13 enzyme gyrase with twist 83.73665 superhelical 0.08935 global twist -46.07669 global supercoiling -0.01340
frame 3825 time 1912.5 binding_event at DNA_gyrase 17 enzyme gyrase with twist 94.50782 superhelical 0.07976 global twist -48.76949 global supercoiling -0.01389
frame 3826 time 1913.0 unbinding_event at DNA_gyrase 17 enzyme gyrase with twist 96.30302 superhelical 0.09929 global twist -51.46228 global supercoiling -0.01496
frame 3831 time 1915.5 unbinding_event at gene tetA enzyme RNAP with twist -54.15507 superhelical -0.06868 global twist -54.15507 global supercoiling -0.01542
frame 3852 time 1926.0 binding_event at DNA_gyrase 33 enzyme gyrase with twist -54.15507 superhelical -0.01534 global twist -54.15507 global supercoiling -0.01534
frame 3852 time 1926.0 unbinding_event at DNA_gyrase 33 enzyme gyrase with twist -56.84787 superhelical -0.01856 global twist -54.15507 global supercoiling -0.01534
frame 3876 time 1938.0 binding_event at DNA_topoI 3 enzyme topoI with twist -56.84787 superhelical -0.01610 global twist -56.84787 global supercoiling -0.01610
frame 3877 time 1938.5 unbinding_event at DNA_topoI 3 enzyme topoI with twist -49.06869 superhelical -0.01439 global twist -52.95828 global supercoiling -0.01531
frame 3907 time 1953.5 binding_event at gene tetA enzyme RNAP with twist -49.06869 superhelical -0.01390 global twist -49.06869 global supercoiling -0.01390
frame 3912 time 1956.0 binding_event at DNA_gyrase 34 enzyme gyrase with twist -41.93440 superhelical -0.02322 global twist -49.06869 global supercoiling -0.01397
frame 3922 time 1961.0 binding_event at DNA_gyrase 13 enzyme gyrase with twist 28.76963 superhelical 0.01885 global twist -75.99662 global supercoiling -0.02209
frame 3924 time 1962.0 unbinding_event at DNA_gyrase 34 enzyme gyrase with twist -123.61581 superhelical -0.05683 global twist -86.76780 global supercoiling -0.02576
frame 3925 time 1962.5 binding_event at gene tetA enzyme RNAP with twist -123.61581 superhelical -0.06062 global twist -92.15338 global supercoiling -0.02679
frame 3925 time 1962.5 unbinding_event at DNA_gyrase 13 enzyme gyrase with twist 32.36003 superhelical 0.03896 global twist -92.15338 global supercoiling -0.02679
frame 3947 time 1973.5 unbinding_event at gene tetA enzyme RNAP with twist 92.74768 superhelical -0.06119 global twist -94.84618 global supercoiling -0.02716
frame 3950 time 1975.0 binding_event at gene Raspberry enzyme RNAP with twist -194.77464 superhelical -0.08996 global twist -94.84618 global supercoiling -0.02701
frame 3965 time 1982.5 unbinding_event at gene tetA enzyme RNAP with twist 31.79777 superhelical -0.09077 global twist -94.84618 global supercoiling -0.02716
frame 3977 time 1988.5 unbinding_event at gene Raspberry enzyme RNAP with twist -94.84618 superhelical -0.13417 global twist -94.84618 global supercoiling -0.02701
frame 4054 time 2027.0 binding_event at DNA_topoI 44 enzyme topoI with twist -94.84618 superhelical -0.02686 global twist -94.84618 global supercoiling -0.02686
frame 4055 time 2027.5 unbinding_event at DNA_topoI 44 enzyme topoI with twist -87.06700 superhelical -0.02432 global twist -90.95659 global supercoiling -0.02630
frame 4068 time 2034.0 binding_event at DNA_topoI 37 enzyme topoI with twist -87.06700 superhelical -0.02466 global twist -87.06700 global supercoiling -0.02466
frame 4074 time 2037.0 unbinding_event at DNA_topoI 37 enzyme topoI with twist -59.83986 superhelical -0.00706 global twist -63.72945 global supercoiling -0.01843
frame 4110 time 2055.0 binding_event at DNA_gyrase 4 enzyme gyrase with twist -59.83986 superhelical -0.01695 global twist -59.83986 global supercoiling -0.01695
frame 4110 time 2055.0 unbinding_event at DNA_gyrase 4 enzyme gyrase with twist -62.53265 superhelical -0.01798 global twist -59.83986 global supercoiling -0.01695
frame 4122 time 2061.0 binding_event at gene tetA enzyme RNAP with twist -62.53265 superhelical -0.01771 global twist -62.53265 global supercoiling -0.01771
frame 4137 time 2068.5 binding_event at DNA_gyrase 25 enzyme gyrase with twist 21.88621 superhelical 0.01434 global twist -62.53265 global supercoiling -0.01781
frame 4146 time 2073.0 unbinding_event at DNA_gyrase 25 enzyme gyrase with twist 30.86219 superhelical 0.03396 global twist -86.76780 global supercoiling -0.02523
frame 4162 time 2081.0 unbinding_event at gene tetA enzyme RNAP with twist -89.46059 superhelical -0.07249 global twist -89.46059 global supercoiling -0.02548
frame 4167 time 2083.5 binding_event at gene tetA enzyme RNAP with twist -89.46059 superhelical -0.02534 global twist -89.46059 global supercoiling -0.02534
frame 4181 time 2090.5 binding_event at gene Raspberry enzyme RNAP with twist -93.98957 superhelical -0.04777 global twist -89.46059 global supercoiling -0.02548
frame 4207 time 2103.5 unbinding_event at gene tetA enzyme RNAP with twist 44.25600 superhelical -0.04824 global twist -89.46059 global supercoiling -0.02562
frame 4208 time 2104.0 unbinding_event at gene Raspberry enzyme RNAP with twist -89.46059 superhelical -0.10854 global twist -89.46059 global supercoiling -0.02548
frame 4220 time 2110.0 binding_event at gene tetA enzyme RNAP with twist -89.46059 superhelical -0.02534 global twist -89.46059 global supercoiling -0.02534
frame 4260 time 2130.0 unbinding_event at gene tetA enzyme RNAP with twist -89.46059 superhelical -0.07786 global twist -89.46059 global supercoiling -0.02548
frame 4313 time 2156.5 binding_event at DNA_topoI 4 enzyme topoI with twist -89.46059 superhelical -0.02534 global twist -89.46059 global supercoiling -0.02534
frame 4314 time 2157.0 unbinding_event at DNA_topoI 4 enzyme topoI with twist -81.68141 superhelical -0.02389 global twist -85.57100 global supercoiling -0.02474
frame 4399 time 2199.5 binding_event at gene Raspberry enzyme RNAP with twist -81.68141 superhelical -0.02314 global twist -81.68141 global supercoiling -0.02314
frame 4426 time 2213.0 unbinding_event at gene Raspberry enzyme RNAP with twist -81.68141 superhelical -0.09349 global twist -81.68141 global supercoiling -0.02326
frame 4499 time 2249.5 binding_event at DNA_gyrase 15 enzyme gyrase with twist -81.68141 superhelical -0.02314 global twist -81.68141 global supercoiling -0.02314
frame 4499 time 2249.5 unbinding_event at DNA_gyrase 15 enzyme gyrase with twist -84.37420 superhelical -0.02410 global twist -81.68141 global supercoiling -0.02314
frame 4571 time 2285.5 binding_event at DNA_gyrase 41 enzyme gyrase with twist -84.37420 superhelical -0.02390 global twist -84.37420 global supercoiling -0.02390
frame 4572 time 2286.0 unbinding_event at DNA_gyrase 41 enzyme gyrase with twist -89.75979 superhelical -0.02699 global twist -87.06700 global supercoiling -0.02517
frame 4612 time 2306.0 binding_event at DNA_gyrase 49 enzyme gyrase with twist -89.75979 superhelical -0.02542 global twist -89.75979 global supercoiling -0.02542
frame 4616 time 2308.0 binding_event at DNA_gyrase 39 enzyme gyrase with twist -47.25278 superhelical -0.02929 global twist -100.53096 global supercoiling -0.02907
frame 4617 time 2308.5 binding_event at DNA_topoI 27 enzyme topoI with twist -28.78823 superhelical -0.03216 global twist -105.91655 global supercoiling -0.03127
frame 4618 time 2309.0 unbinding_event at DNA_gyrase 39 enzyme gyrase with twist -54.30915 superhelical -0.03345 global twist -107.41255 global supercoiling -0.03240
frame 4618 time 2309.0 unbinding_event at DNA_gyrase 49 enzyme gyrase with twist -111.62652 superhelical -0.03345 global twist -107.41255 global supercoiling -0.03240
frame 4621 time 2310.5 unbinding_event at DNA_topoI 27 enzyme topoI with twist -97.23977 superhelical 0.25522 global twist -101.12936 global supercoiling -0.02924
frame 4687 time 2343.5 binding_event at DNA_gyrase 37 enzyme gyrase with twist -97.23977 superhelical -0.02754 global twist -97.23977 global supercoiling -0.02754
frame 4690 time 2345.0 unbinding_event at DNA_gyrase 37 enzyme gyrase with twist -108.01095 superhelical -0.03528 global twist -105.31815 global supercoiling -0.03045
frame 4715 time 2357.5 binding_event at DNA_topoI 36 enzyme topoI with twist -108.01095 superhelical -0.03059 global twist -108.01095 global supercoiling -0.03059
frame 4725 time 2362.5 unbinding_event at DNA_topoI 36 enzyme topoI with twist -65.22545 superhelical 0.00024 global twist -69.11504 global supercoiling -0.01998
frame 4832 time 2416.0 binding_event at DNA_topoI 0 enzyme topoI with twist -65.22545 superhelical -0.01847 global twist -65.22545 global supercoiling -0.01847
frame 4834 time 2417.0 unbinding_event at DNA_topoI 0 enzyme topoI with twist -53.55667 superhelical -0.01540 global twist -57.44627 global supercoiling -0.01661
frame 4961 time 2480.5 binding_event at gene Raspberry enzyme RNAP with twist -53.55667 superhelical -0.01517 global twist -53.55667 global supercoiling -0.01517
frame 4988 time 2494.0 unbinding_event at gene Raspberry enzyme RNAP with twist -53.55667 superhelical -0.08866 global twist -53.55667 global supercoiling -0.01525
frame 4991 time 2495.5 binding_event at DNA_gyrase 11 enzyme gyrase with twist -53.55667 superhelical -0.01517 global twist -53.55667 global supercoiling -0.01517
frame 4995 time 2497.5 unbinding_event at DNA_gyrase 11 enzyme gyrase with twist -67.02064 superhelical -0.01820 global twist -64.32785 global supercoiling -0.01860
frame 5006 time 2503.0 binding_event at DNA_topoI 32 enzyme topoI with twist -67.02064 superhelical -0.01898 global twist -67.02064 global supercoiling -0.01898
frame 5006 time 2503.0 unbinding_event at DNA_topoI 32 enzyme topoI with twist -63.13105 superhelical -0.01442 global twist -67.02064 global supercoiling -0.01898
frame 5068 time 2534.0 binding_event at DNA_gyrase 45 enzyme gyrase with twist -63.13105 superhelical -0.01788 global twist -63.13105 global supercoiling -0.01788
frame 5071 time 2535.5 unbinding_event at DNA_gyrase 45 enzyme gyrase with twist -73.90223 superhelical -0.02231 global twist -71.20943 global supercoiling -0.02059
frame 5072 time 2536.0 binding_event at DNA_gyrase 35 enzyme gyrase with twist -73.90223 superhelical -0.02093 global twist -73.90223 global supercoiling -0.02093
frame 5072 time 2536.0 unbinding_event at DNA_gyrase 35 enzyme gyrase with twist -76.59502 superhelical -0.02358 global twist -73.90223 global supercoiling -0.02093
frame 5108 time 2554.0 binding_event at gene tetA enzyme RNAP with twist -76.59502 superhelical -0.02169 global twist -76.59502 global supercoiling -0.02169
frame 5142 time 2571.0 binding_event at DNA_gyrase 15 enzyme gyrase with twist 82.91431 superhelical 0.06998 global twist -76.59502 global supercoiling -0.02181
frame 5143 time 2571.5 unbinding_event at DNA_gyrase 15 enzyme gyrase with twist 84.70950 superhelical 0.09332 global twist -79.28781 global supercoiling -0.02305
frame 5148 time 2574.0 unbinding_event at gene tetA enzyme RNAP with twist -81.98061 superhelical -0.07530 global twist -81.98061 global supercoiling -0.02335
frame 5149 time 2574.5 binding_event at DNA_gyrase 48 enzyme gyrase with twist -81.98061 superhelical -0.02322 global twist -81.98061 global supercoiling -0.02322
frame 5153 time 2576.5 unbinding_event at DNA_gyrase 48 enzyme gyrase with twist -95.44458 superhelical -0.02807 global twist -92.75178 global supercoiling -0.02682
frame 5186 time 2593.0 binding_event at DNA_topoI 7 enzyme topoI with twist -95.44458 superhelical -0.02703 global twist -95.44458 global supercoiling -0.02703
frame 5186 time 2593.0 unbinding_event at DNA_topoI 7 enzyme topoI with twist -91.55499 superhelical -0.02671 global twist -95.44458 global supercoiling -0.02703
frame 5222 time 2611.0 binding_event at gene tetA enzyme RNAP with twist -91.55499 superhelical -0.02593 global twist -91.55499 global supercoiling -0.02593
frame 5262 time 2631.0 unbinding_event at gene tetA enzyme RNAP with twist -91.55499 superhelical -0.07828 global twist -91.55499 global supercoiling -0.02607
frame 5264 time 2632.0 binding_event at DNA_gyrase 49 enzyme gyrase with twist -91.55499 superhelical -0.02593 global twist -91.55499 global supercoiling -0.02593
frame 5270 time 2635.0 unbinding_event at DNA_gyrase 49 enzyme gyrase with twist -110.40454 superhelical -0.03231 global twist -107.71175 global supercoiling -0.03114
frame 5277 time 2638.5 binding_event at DNA_gyrase 1 enzyme gyrase with twist -110.40454 superhelical -0.03127 global twist -110.40454 global supercoiling -0.03127
frame 5279 time 2639.5 unbinding_event at DNA_gyrase 1 enzyme gyrase with twist -118.48292 superhelical -0.03422 global twist -115.79013 global supercoiling -0.03348
frame 5280 time 2640.0 binding_event at DNA_topoI 0 enzyme topoI with twist -118.48292 superhelical -0.03356 global twist -118.48292 global supercoiling -0.03356
frame 5280 time 2640.0 unbinding_event at DNA_topoI 0 enzyme topoI with twist -114.59333 superhelical -0.03310 global twist -118.48292 global supercoiling -0.03356
frame 5319 time 2659.5 binding_event at DNA_gyrase 11 enzyme gyrase with twist -114.59333 superhelical -0.03246 global twist -114.59333 global supercoiling -0.03246
frame 5323 time 2661.5 binding_event at DNA_topoI 26 enzyme topoI with twist -87.38525 superhelical -0.03531 global twist -125.36451 global supercoiling -0.03625
frame 5326 time 2663.0 unbinding_event at DNA_gyrase 11 enzyme gyrase with twist -127.00692 superhelical -0.03426 global twist -121.77412 global supercoiling -0.03595
frame 5327 time 2663.5 unbinding_event at DNA_topoI 26 enzyme topoI with twist -116.68773 superhelical 0.21867 global twist -120.57732 global supercoiling -0.03486
frame 5341 time 2670.5 binding_event at DNA_gyrase 25 enzyme gyrase with twist -116.68773 superhelical -0.03305 global twist -116.68773 global supercoiling -0.03305
frame 5349 time 2674.5 unbinding_event at DNA_gyrase 25 enzyme gyrase with twist -140.92287 superhelical -0.03680 global twist -138.23008 global supercoiling -0.03997
frame 5350 time 2675.0 binding_event at gene tetA enzyme RNAP with twist -140.92287 superhelical -0.03992 global twist -140.92287 global supercoiling -0.03992
frame 5390 time 2695.0 unbinding_event at gene tetA enzyme RNAP with twist -140.92287 superhelical -0.08812 global twist -140.92287 global supercoiling -0.04013
frame 5456 time 2728.0 binding_event at DNA_topoI 13 enzyme topoI with twist -140.92287 superhelical -0.03992 global twist -140.92287 global supercoiling -0.03992
frame 5462 time 2731.0 binding_event at gene tetA enzyme RNAP with twist -95.02301 superhelical -0.03629 global twist -117.58533 global supercoiling -0.03400
frame 5463 time 2731.5 unbinding_event at DNA_topoI 13 enzyme topoI with twist -39.88918 superhelical -0.02504 global twist -113.69573 global supercoiling -0.03305
frame 5466 time 2733.0 binding_event at DNA_gyrase 9 enzyme gyrase with twist -32.70839 superhelical -0.01898 global twist -109.80614 global supercoiling -0.03127
frame 5466 time 2733.0 unbinding_event at DNA_gyrase 9 enzyme gyrase with twist -31.81080 superhelical -0.01607 global twist -109.80614 global supercoiling -0.03127
frame 5477 time 2738.5 binding_event at DNA_topoI 43 enzyme topoI with twist -116.59206 superhelical -0.05872 global twist -112.49894 global supercoiling -0.03204
frame 5479 time 2739.5 unbinding_event at DNA_topoI 43 enzyme topoI with twist -115.69446 superhelical -0.05599 global twist -104.71976 global supercoiling -0.03045
frame 5501 time 2750.5 binding_event at DNA_gyrase 12 enzyme gyrase with twist 90.26252 superhelical 0.08243 global twist -100.83016 global supercoiling -0.02872
frame 5502 time 2751.0 unbinding_event at gene tetA enzyme RNAP with twist -183.96745 superhelical -0.08085 global twist -103.52296 global supercoiling -0.03010
frame 5503 time 2751.5 binding_event at DNA_topoI 49 enzyme topoI with twist -183.96745 superhelical -0.07224 global twist -106.21575 global supercoiling -0.03071
frame 5505 time 2752.5 unbinding_event at DNA_topoI 49 enzyme topoI with twist -176.33787 superhelical -0.07071 global twist -103.82216 global supercoiling -0.03065
frame 5514 time 2757.0 unbinding_event at DNA_gyrase 12 enzyme gyrase with twist -126.86050 superhelical -0.07400 global twist -124.16771 global supercoiling -0.03590
frame 5550 time 2775.0 binding_event at DNA_topoI 14 enzyme topoI with twist -126.86050 superhelical -0.03593 global twist -126.86050 global supercoiling -0.03593
frame 5557 time 2778.5 unbinding_event at DNA_topoI 14 enzyme topoI with twist -95.74378 superhelical -0.03090 global twist -99.63337 global supercoiling -0.02881
frame 5739 time 2869.5 binding_event at DNA_topoI 16 enzyme topoI with twist -95.74378 superhelical -0.02712 global twist -95.74378 global supercoiling -0.02712
frame 5741 time 2870.5 unbinding_event at DNA_topoI 16 enzyme topoI with twist -84.07500 superhelical -0.02562 global twist -87.96459 global supercoiling -0.02543
frame 5753 time 2876.5 binding_event at DNA_topoI 41 enzyme topoI with twist -84.07500 superhelical -0.02381 global twist -84.07500 global supercoiling -0.02381
frame 5758 time 2879.0 unbinding_event at DNA_topoI 41 enzyme topoI with twist -60.73746 superhelical -0.01308 global twist -64.62705 global supercoiling -0.01869
frame 5769 time 2884.5 binding_event at DNA_gyrase 14 enzyme gyrase with twist -60.73746 superhelical -0.01720 global twist -60.73746 global supercoiling -0.01720
frame 5769 time 2884.5 unbinding_event at DNA_gyrase 14 enzyme gyrase with twist -63.43025 superhelical -0.01806 global twist -60.73746 global supercoiling -0.01720
frame 5985 time 2992.5 binding_event at DNA_topoI 31 enzyme topoI with twist -63.43025 superhelical -0.01797 global twist -63.43025 global supercoiling -0.01797
frame 5985 time 2992.5 unbinding_event at DNA_topoI 31 enzyme topoI with twist -59.54066 superhelical -0.01228 global twist -63.43025 global supercoiling -0.01797
frame 6033 time 3016.5 binding_event at DNA_topoI 33 enzyme topoI with twist -59.54066 superhelical -0.01686 global twist -59.54066 global supercoiling -0.01686
frame 6035 time 3017.5 unbinding_event at DNA_topoI 33 enzyme topoI with twist -47.87189 superhelical -0.00465 global twist -51.76148 global supercoiling -0.01497
frame 6101 time 3050.5 binding_event at DNA_topoI 5 enzyme topoI with twist -47.87189 superhelical -0.01356 global twist -47.87189 global supercoiling -0.01356
frame 6102 time 3051.0 unbinding_event at DNA_topoI 5 enzyme topoI with twist -40.09271 superhelical -0.01194 global twist -43.98230 global supercoiling -0.01272
frame 6243 time 3121.5 binding_event at DNA_gyrase 12 enzyme gyrase with twist -40.09271 superhelical -0.01136 global twist -40.09271 global supercoiling -0.01136
frame 6248 time 3124.0 unbinding_event at DNA_gyrase 12 enzyme gyrase with twist -56.24947 superhelical -0.01476 global twist -53.55667 global supercoiling -0.01548
frame 6261 time 3130.5 binding_event at DNA_topoI 13 enzyme topoI with twist -56.24947 superhelical -0.01593 global twist -56.24947 global supercoiling -0.01593
frame 6263 time 3131.5 unbinding_event at DNA_topoI 13 enzyme topoI with twist -44.58070 superhelical -0.01403 global twist -48.47029 global supercoiling -0.01401
frame 6303 time 3151.5 binding_event at DNA_gyrase 46 enzyme gyrase with twist -44.58070 superhelical -0.01263 global twist -44.58070 global supercoiling -0.01263
frame 6309 time 3154.5 unbinding_event at DNA_gyrase 46 enzyme gyrase with twist -63.43025 superhelical -0.01963 global twist -60.73746 global supercoiling -0.01756
frame 6330 time 3165.0 binding_event at gene tetA enzyme RNAP with twist -63.43025 superhelical -0.01797 global twist -63.43025 global supercoiling -0.01797
frame 6345 time 3172.5 binding_event at DNA_gyrase 20 enzyme gyrase with twist 21.42732 superhelical 0.01404 global twist -63.43025 global supercoiling -0.01806
frame 6347 time 3173.5 unbinding_event at DNA_gyrase 20 enzyme gyrase with twist 24.12011 superhelical 0.02182 global twist -68.81584 global supercoiling -0.02001
frame 6370 time 3185.0 unbinding_event at gene tetA enzyme RNAP with twist -71.50863 superhelical -0.07267 global twist -71.50863 global supercoiling -0.02036
frame 6546 time 3273.0 binding_event at DNA_gyrase 43 enzyme gyrase with twist -71.50863 superhelical -0.02025 global twist -71.50863 global supercoiling -0.02025
frame 6546 time 3273.0 unbinding_event at DNA_gyrase 43 enzyme gyrase with twist -74.20143 superhelical -0.02181 global twist -71.50863 global supercoiling -0.02025
frame 6576 time 3288.0 binding_event at gene tetA enzyme RNAP with twist -74.20143 superhelical -0.02102 global twist -74.20143 global supercoiling -0.02102
frame 6616 time 3308.0 unbinding_event at gene tetA enzyme RNAP with twist -74.20143 superhelical -0.07482 global twist -74.20143 global supercoiling -0.02113
frame 6682 time 3341.0 binding_event at DNA_gyrase 9 enzyme gyrase with twist -74.20143 superhelical -0.02102 global twist -74.20143 global supercoiling -0.02102
frame 6684 time 3342.0 unbinding_event at DNA_gyrase 9 enzyme gyrase with twist -82.27981 superhelical -0.02319 global twist -79.58701 global supercoiling -0.02301
frame 6718 time 3359.0 binding_event at gene tetA enzyme RNAP with twist -82.27981 superhelical -0.02331 global twist -82.27981 global supercoiling -0.02331
frame 6730 time 3365.0 binding_event at DNA_topoI 43 enzyme topoI with twist -83.29917 superhelical -0.04312 global twist -82.27981 global supercoiling -0.02343
frame 6736 time 3368.0 unbinding_event at DNA_topoI 43 enzyme topoI with twist -81.20477 superhelical -0.03328 global twist -58.94226 global supercoiling -0.01714
frame 6758 time 3379.0 unbinding_event at gene tetA enzyme RNAP with twist -55.05267 superhelical -0.06533 global twist -55.05267 global supercoiling -0.01568
frame 7006 time 3503.0 binding_event at DNA_gyrase 15 enzyme gyrase with twist -55.05267 superhelical -0.01559 global twist -55.05267 global supercoiling -0.01559
frame 7008 time 3504.0 unbinding_event at DNA_gyrase 15 enzyme gyrase with twist -63.13105 superhelical -0.01738 global twist -60.43826 global supercoiling -0.01747
frame 7064 time 3532.0 binding_event at DNA_topoI 17 enzyme topoI with twist -63.13105 superhelical -0.01788 global twist -63.13105 global supercoiling -0.01788
frame 7064 time 3532.0 unbinding_event at DNA_topoI 17 enzyme topoI with twist -59.24146 superhelical -0.01758 global twist -63.13105 global supercoiling -0.01788
frame 7075 time 3537.5 binding_event at gene tetA enzyme RNAP with twist -59.24146 superhelical -0.01678 global twist -59.24146 global supercoiling -0.01678
frame 7098 time 3549.0 binding_event at gene tetA enzyme RNAP with twist -111.53342 superhelical -0.05239 global twist -59.24146 global supercoiling -0.01687
frame 7105 time 3552.5 binding_event at DNA_topoI 4 enzyme topoI with twist -20.81367 superhelical -0.05286 global twist -59.24146 global supercoiling -0.01696
frame 7105 time 3552.5 unbinding_event at DNA_topoI 4 enzyme topoI with twist -16.92408 superhelical -0.01779 global twist -59.24146 global supercoiling -0.01696
frame 7115 time 3557.5 unbinding_event at gene tetA enzyme RNAP with twist 99.99493 superhelical -0.04298 global twist -55.35187 global supercoiling -0.01585
frame 7138 time 3569.0 unbinding_event at gene tetA enzyme RNAP with twist -55.35187 superhelical -0.09702 global twist -55.35187 global supercoiling -0.01576
frame 7253 time 3626.5 binding_event at gene tetA enzyme RNAP with twist -55.35187 superhelical -0.01568 global twist -55.35187 global supercoiling -0.01568
frame 7285 time 3642.5 binding_event at DNA_gyrase 0 enzyme gyrase with twist -141.94590 superhelical -0.06197 global twist -55.35187 global supercoiling -0.01576
frame 7285 time 3642.5 unbinding_event at DNA_gyrase 0 enzyme gyrase with twist -148.22908 superhelical -0.06477 global twist -55.35187 global supercoiling -0.01576
frame 7293 time 3646.5 unbinding_event at gene tetA enzyme RNAP with twist -58.04466 superhelical -0.07216 global twist -58.04466 global supercoiling -0.01653
frame 7348 time 3674.0 binding_event at gene tetA enzyme RNAP with twist -58.04466 superhelical -0.01644 global twist -58.04466 global supercoiling -0.01644
frame 7358 time 3679.0 binding_event at DNA_topoI 39 enzyme topoI with twist -64.27339 superhelical -0.03390 global twist -58.04466 global supercoiling -0.01653
frame 7372 time 3686.0 unbinding_event at DNA_topoI 39 enzyme topoI with twist -59.78540 superhelical -0.00265 global twist -3.59039 global supercoiling -0.00104
frame 7388 time 3694.0 unbinding_event at gene tetA enzyme RNAP with twist 0.29920 superhelical -0.04781 global twist 0.29920 global supercoiling 0.00009
frame 7392 time 3696.0 binding_event at gene tetA enzyme RNAP with twist 0.29920 superhelical 0.00008 global twist 0.29920 global supercoiling 0.00008
frame 7394 time 3697.0 binding_event at DNA_gyrase 18 enzyme gyrase with twist 7.33375 superhelical 0.00417 global twist 0.29920 global supercoiling 0.00009
frame 7399 time 3699.5 unbinding_event at DNA_gyrase 18 enzyme gyrase with twist 12.71934 superhelical 0.01703 global twist -13.16477 global supercoiling -0.00383
frame 7432 time 3716.0 unbinding_event at gene tetA enzyme RNAP with twist -15.85756 superhelical -0.05997 global twist -15.85756 global supercoiling -0.00452
frame 7442 time 3721.0 binding_event at DNA_gyrase 29 enzyme gyrase with twist -15.85756 superhelical -0.00449 global twist -15.85756 global supercoiling -0.00449
frame 7442 time 3721.0 unbinding_event at DNA_gyrase 29 enzyme gyrase with twist -18.55036 superhelical -0.01219 global twist -15.85756 global supercoiling -0.00449
frame 7453 time 3726.5 binding_event at gene tetA enzyme RNAP with twist -18.55036 superhelical -0.00525 global twist -18.55036 global supercoiling -0.00525
frame 7466 time 3733.0 binding_event at gene tetA enzyme RNAP with twist -55.74163 superhelical -0.02859 global twist -18.55036 global supercoiling -0.00528
frame 7481 time 3740.5 binding_event at DNA_topoI 43 enzyme topoI with twist -103.41166 superhelical -0.05208 global twist -18.55036 global supercoiling -0.00531
frame 7482 time 3741.0 unbinding_event at DNA_topoI 43 enzyme topoI with twist -102.81327 superhelical -0.05075 global twist -14.66077 global supercoiling -0.00429
frame 7493 time 3746.5 unbinding_event at gene tetA enzyme RNAP with twist 131.53640 superhelical -0.02888 global twist -10.77117 global supercoiling -0.00308
frame 7506 time 3753.0 unbinding_event at gene tetA enzyme RNAP with twist -10.77117 superhelical -0.07707 global twist -10.77117 global supercoiling -0.00307
frame 7630 time 3815.0 binding_event at gene tetA enzyme RNAP with twist -10.77117 superhelical -0.00305 global twist -10.77117 global supercoiling -0.00305
frame 7660 time 3830.0 binding_event at DNA_gyrase 25 enzyme gyrase with twist 102.20501 superhelical 0.08133 global twist -10.77117 global supercoiling -0.00307
frame 7670 time 3835.0 unbinding_event at gene tetA enzyme RNAP with twist -27.37461 superhelical -0.06218 global twist -37.69911 global supercoiling -0.01096
frame 7671 time 3835.5 binding_event at gene tetA enzyme RNAP with twist -27.37461 superhelical -0.00787 global twist -40.39191 global supercoiling -0.01168
frame 7672 time 3836.0 unbinding_event at DNA_gyrase 25 enzyme gyrase with twist -25.02299 superhelical -0.00545 global twist -43.08470 global supercoiling -0.01253
frame 7711 time 3855.5 unbinding_event at gene tetA enzyme RNAP with twist -45.77749 superhelical -0.06556 global twist -45.77749 global supercoiling -0.01304
frame 7730 time 3865.0 binding_event at gene tetA enzyme RNAP with twist -45.77749 superhelical -0.01297 global twist -45.77749 global supercoiling -0.01297
frame 7770 time 3885.0 unbinding_event at gene tetA enzyme RNAP with twist -45.77749 superhelical -0.06915 global twist -45.77749 global supercoiling -0.01304
frame 7788 time 3894.0 binding_event at gene tetA enzyme RNAP with twist -45.77749 superhelical -0.01297 global twist -45.77749 global supercoiling -0.01297
frame 7828 time 3914.0 unbinding_event at gene tetA enzyme RNAP with twist -45.77749 superhelical -0.06915 global twist -45.77749 global supercoiling -0.01304
frame 7837 time 3918.5 binding_event at gene tetA enzyme RNAP with twist -45.77749 superhelical -0.01297 global twist -45.77749 global supercoiling -0.01297
frame 7841 time 3920.5 binding_event at DNA_gyrase 49 enzyme gyrase with twist -36.73543 superhelical -0.02055 global twist -45.77749 global supercoiling -0.01304
frame 7845 time 3922.5 unbinding_event at DNA_gyrase 49 enzyme gyrase with twist -68.15136 superhelical -0.02558 global twist -56.54867 global supercoiling -0.01644
frame 7877 time 3938.5 unbinding_event at gene tetA enzyme RNAP with twist -59.24146 superhelical -0.07464 global twist -59.24146 global supercoiling -0.01687
frame 7960 time 3980.0 binding_event at DNA_gyrase 36 enzyme gyrase with twist -59.24146 superhelical -0.01678 global twist -59.24146 global supercoiling -0.01678
frame 7961 time 3980.5 unbinding_event at DNA_gyrase 36 enzyme gyrase with twist -64.62705 superhelical -0.02109 global twist -61.93426 global supercoiling -0.01791
