TORCphysics log file 

General information: 
---------------------------------------------------------------------------------------
Circuit name: Pleu500_1
Size: 6000
Structure: circle
Number of sites: 110
Number of frames: 8000
Simulation time: 4000.0
Simulation timestep: 0.5
Seed: 8946973931874758053
 
Overall simulation information 
---------------------------------------------------------------------------------------
Initial twist: -211.83310
Final twist: -77.19342
Initial superhelical density: -0.06000
Final superhelical density: -0.02244
 
Overall rates 
---------------------------------------------------------------------------------------
site type            site name            #binding events      #unbinding events    binding rates        
 DNA_topoI            DNA_topoI_global                     69.0                 69.0               0.01725 
DNA_gyrase           DNA_gyrase_global                    76.0                 75.0                 0.019 
EXT                  EXT                                   0.0                  0.0                   0.0 
gene                 tetA                                 53.0                 52.0               0.01325 
gene                 CDS                                   0.0                  0.0                   0.0 
origin               ori                                   0.0                  0.0                   0.0 
lacOP                lac1                                  0.0                  0.0                   0.0 
gene                 mKalama1                             12.0                 12.0                 0.003 
lacOP                lac2                                  0.0                  0.0                   0.0 
gene                 Raspberry                             9.0                  9.0               0.00225 
 
Events
---------------------------------------------------------------------------------------
frame 36 time 18.0 binding_event at DNA_topoI 41 enzyme topoI with twist -211.83310 superhelical -0.06000 global twist -211.83310 global supercoiling -0.06000
frame 37 time 18.5 unbinding_event at DNA_topoI 41 enzyme topoI with twist -204.05392 superhelical -0.05750 global twist -207.94351 global supercoiling -0.06012
frame 45 time 22.5 binding_event at DNA_topoI 41 enzyme topoI with twist -204.05392 superhelical -0.05780 global twist -204.05392 global supercoiling -0.05780
frame 46 time 23.0 unbinding_event at DNA_topoI 41 enzyme topoI with twist -196.27474 superhelical -0.05525 global twist -200.16433 global supercoiling -0.05787
frame 60 time 30.0 binding_event at DNA_topoI 34 enzyme topoI with twist -196.27474 superhelical -0.05559 global twist -196.27474 global supercoiling -0.05559
frame 73 time 36.5 unbinding_event at DNA_topoI 34 enzyme topoI with twist -141.82047 superhelical -0.00597 global twist -145.71006 global supercoiling -0.04213
frame 84 time 42.0 binding_event at DNA_topoI 46 enzyme topoI with twist -141.82047 superhelical -0.04017 global twist -141.82047 global supercoiling -0.04017
frame 88 time 44.0 unbinding_event at DNA_topoI 46 enzyme topoI with twist -122.37251 superhelical -0.03405 global twist -126.26210 global supercoiling -0.03651
frame 159 time 79.5 binding_event at DNA_topoI 20 enzyme topoI with twist -122.37251 superhelical -0.03466 global twist -122.37251 global supercoiling -0.03466
frame 161 time 80.5 unbinding_event at DNA_topoI 20 enzyme topoI with twist -110.70374 superhelical -0.03351 global twist -114.59333 global supercoiling -0.03313
frame 171 time 85.5 binding_event at DNA_topoI 12 enzyme topoI with twist -110.70374 superhelical -0.03136 global twist -110.70374 global supercoiling -0.03136
frame 172 time 86.0 unbinding_event at DNA_topoI 12 enzyme topoI with twist -102.92456 superhelical -0.03048 global twist -106.81415 global supercoiling -0.03088
frame 233 time 116.5 binding_event at DNA_topoI 8 enzyme topoI with twist -102.92456 superhelical -0.02915 global twist -102.92456 global supercoiling -0.02915
frame 242 time 121.0 unbinding_event at DNA_topoI 8 enzyme topoI with twist -64.02865 superhelical -0.02115 global twist -67.91824 global supercoiling -0.01964
frame 311 time 155.5 binding_event at DNA_gyrase 41 enzyme gyrase with twist -64.02865 superhelical -0.01814 global twist -64.02865 global supercoiling -0.01814
frame 318 time 159.0 binding_event at DNA_gyrase 49 enzyme gyrase with twist -54.22268 superhelical -0.02241 global twist -82.87821 global supercoiling -0.02396
frame 318 time 159.0 unbinding_event at DNA_gyrase 41 enzyme gyrase with twist -44.30202 superhelical -0.02888 global twist -82.87821 global supercoiling -0.02396
frame 318 time 159.0 unbinding_event at DNA_gyrase 49 enzyme gyrase with twist -88.26379 superhelical -0.02888 global twist -82.87821 global supercoiling -0.02396
frame 347 time 173.5 binding_event at DNA_gyrase 23 enzyme gyrase with twist -88.26379 superhelical -0.02500 global twist -88.26379 global supercoiling -0.02500
frame 347 time 173.5 unbinding_event at DNA_gyrase 23 enzyme gyrase with twist -90.95659 superhelical -0.02592 global twist -88.26379 global supercoiling -0.02500
frame 408 time 204.0 binding_event at DNA_topoI 30 enzyme topoI with twist -90.95659 superhelical -0.02576 global twist -90.95659 global supercoiling -0.02576
frame 411 time 205.5 unbinding_event at DNA_topoI 30 enzyme topoI with twist -75.39822 superhelical 0.00495 global twist -79.28781 global supercoiling -0.02292
frame 430 time 215.0 binding_event at DNA_topoI 22 enzyme topoI with twist -75.39822 superhelical -0.02136 global twist -75.39822 global supercoiling -0.02136
frame 435 time 217.5 unbinding_event at DNA_topoI 22 enzyme topoI with twist -52.06068 superhelical -0.01823 global twist -55.95027 global supercoiling -0.01618
frame 479 time 239.5 binding_event at DNA_gyrase 25 enzyme gyrase with twist -52.06068 superhelical -0.01475 global twist -52.06068 global supercoiling -0.01475
frame 481 time 240.5 unbinding_event at DNA_gyrase 25 enzyme gyrase with twist -60.13906 superhelical -0.01603 global twist -57.44627 global supercoiling -0.01661
frame 495 time 247.5 binding_event at DNA_gyrase 0 enzyme gyrase with twist -60.13906 superhelical -0.01703 global twist -60.13906 global supercoiling -0.01703
frame 499 time 249.5 unbinding_event at DNA_gyrase 0 enzyme gyrase with twist -73.60303 superhelical -0.02138 global twist -70.91023 global supercoiling -0.02050
frame 538 time 269.0 binding_event at gene tetA enzyme RNAP with twist -73.60303 superhelical -0.02085 global twist -73.60303 global supercoiling -0.02085
frame 578 time 289.0 unbinding_event at gene tetA enzyme RNAP with twist -73.60303 superhelical -0.07470 global twist -73.60303 global supercoiling -0.02096
frame 654 time 327.0 binding_event at DNA_gyrase 22 enzyme gyrase with twist -73.60303 superhelical -0.02085 global twist -73.60303 global supercoiling -0.02085
frame 656 time 328.0 unbinding_event at DNA_gyrase 22 enzyme gyrase with twist -81.68141 superhelical -0.02252 global twist -78.98862 global supercoiling -0.02284
frame 691 time 345.5 binding_event at gene tetA enzyme RNAP with twist -81.68141 superhelical -0.02314 global twist -81.68141 global supercoiling -0.02314
frame 731 time 365.5 unbinding_event at gene tetA enzyme RNAP with twist -81.68141 superhelical -0.07631 global twist -81.68141 global supercoiling -0.02326
frame 732 time 366.0 binding_event at gene Raspberry enzyme RNAP with twist -81.68141 superhelical -0.02314 global twist -81.68141 global supercoiling -0.02314
frame 733 time 366.5 binding_event at DNA_topoI 36 enzyme topoI with twist -21.32422 superhelical -0.02733 global twist -81.68141 global supercoiling -0.02326
frame 738 time 369.0 unbinding_event at DNA_topoI 36 enzyme topoI with twist -19.52903 superhelical -0.01293 global twist -62.23345 global supercoiling -0.01809
frame 742 time 371.0 binding_event at gene tetA enzyme RNAP with twist -28.04366 superhelical -0.01091 global twist -58.34386 global supercoiling -0.01662
frame 759 time 379.5 unbinding_event at gene Raspberry enzyme RNAP with twist -103.23112 superhelical -0.07504 global twist -58.34386 global supercoiling -0.01671
frame 782 time 391.0 unbinding_event at gene tetA enzyme RNAP with twist -58.34386 superhelical -0.07577 global twist -58.34386 global supercoiling -0.01662
frame 804 time 402.0 binding_event at DNA_topoI 49 enzyme topoI with twist -58.34386 superhelical -0.01653 global twist -58.34386 global supercoiling -0.01653
frame 805 time 402.5 unbinding_event at DNA_topoI 49 enzyme topoI with twist -50.56468 superhelical -0.01446 global twist -54.45427 global supercoiling -0.01574
frame 815 time 407.5 binding_event at DNA_gyrase 18 enzyme gyrase with twist -50.56468 superhelical -0.01432 global twist -50.56468 global supercoiling -0.01432
frame 823 time 411.5 unbinding_event at DNA_gyrase 18 enzyme gyrase with twist -74.79983 superhelical -0.01869 global twist -72.10703 global supercoiling -0.02085
frame 834 time 417.0 binding_event at gene tetA enzyme RNAP with twist -74.79983 superhelical -0.02119 global twist -74.79983 global supercoiling -0.02119
frame 866 time 433.0 binding_event at DNA_gyrase 23 enzyme gyrase with twist 76.65131 superhelical 0.06279 global twist -74.79983 global supercoiling -0.02130
frame 866 time 433.0 unbinding_event at DNA_gyrase 23 enzyme gyrase with twist 77.54891 superhelical 0.07013 global twist -74.79983 global supercoiling -0.02130
frame 874 time 437.0 unbinding_event at gene tetA enzyme RNAP with twist -77.49262 superhelical -0.07494 global twist -77.49262 global supercoiling -0.02207
frame 903 time 451.5 binding_event at gene tetA enzyme RNAP with twist -77.49262 superhelical -0.02195 global twist -77.49262 global supercoiling -0.02195
frame 940 time 470.0 binding_event at DNA_topoI 49 enzyme topoI with twist -170.71920 superhelical -0.07172 global twist -77.49262 global supercoiling -0.02207
frame 943 time 471.5 unbinding_event at gene tetA enzyme RNAP with twist 49.58645 superhelical -0.07561 global twist -65.82385 global supercoiling -0.01914
frame 960 time 480.0 unbinding_event at DNA_topoI 49 enzyme topoI with twist 4.18879 superhelical -0.04863 global twist 0.29920 global supercoiling 0.00009
frame 1097 time 548.5 binding_event at gene tetA enzyme RNAP with twist 4.18879 superhelical 0.00119 global twist 4.18879 global supercoiling 0.00119
frame 1137 time 568.5 unbinding_event at gene tetA enzyme RNAP with twist 4.18879 superhelical -0.05919 global twist 4.18879 global supercoiling 0.00119
frame 1161 time 580.5 binding_event at DNA_gyrase 18 enzyme gyrase with twist 4.18879 superhelical 0.00119 global twist 4.18879 global supercoiling 0.00119
frame 1163 time 581.5 unbinding_event at DNA_gyrase 18 enzyme gyrase with twist -3.88959 superhelical -0.00015 global twist -1.19680 global supercoiling -0.00035
frame 1193 time 596.5 binding_event at DNA_gyrase 13 enzyme gyrase with twist -3.88959 superhelical -0.00110 global twist -3.88959 global supercoiling -0.00110
frame 1193 time 596.5 unbinding_event at DNA_gyrase 13 enzyme gyrase with twist -6.58238 superhelical -0.00164 global twist -3.88959 global supercoiling -0.00110
frame 1200 time 600.0 binding_event at gene mKalama1 enzyme RNAP with twist -6.58238 superhelical -0.00186 global twist -6.58238 global supercoiling -0.00186
frame 1227 time 613.5 unbinding_event at gene mKalama1 enzyme RNAP with twist -6.58238 superhelical 0.68583 global twist -6.58238 global supercoiling -0.00187
frame 1287 time 643.5 binding_event at gene Raspberry enzyme RNAP with twist -6.58238 superhelical -0.00186 global twist -6.58238 global supercoiling -0.00186
frame 1314 time 657.0 unbinding_event at gene Raspberry enzyme RNAP with twist -6.58238 superhelical -0.08060 global twist -6.58238 global supercoiling -0.00187
frame 1326 time 663.0 binding_event at DNA_gyrase 39 enzyme gyrase with twist -6.58238 superhelical -0.00186 global twist -6.58238 global supercoiling -0.00186
frame 1327 time 663.5 binding_event at DNA_gyrase 21 enzyme gyrase with twist -6.22511 superhelical -0.00243 global twist -9.27518 global supercoiling -0.00268
frame 1328 time 664.0 binding_event at gene tetA enzyme RNAP with twist -8.25413 superhelical -0.00371 global twist -14.66077 global supercoiling -0.00433
frame 1329 time 664.5 unbinding_event at DNA_gyrase 21 enzyme gyrase with twist -5.66699 superhelical -0.00068 global twist -20.04635 global supercoiling -0.00595
frame 1329 time 664.5 unbinding_event at DNA_gyrase 39 enzyme gyrase with twist -19.76495 superhelical -0.00792 global twist -20.04635 global supercoiling -0.00595
frame 1344 time 672.0 binding_event at DNA_gyrase 19 enzyme gyrase with twist 44.59849 superhelical 0.02958 global twist -25.43194 global supercoiling -0.00724
frame 1346 time 673.0 unbinding_event at DNA_gyrase 19 enzyme gyrase with twist 47.29128 superhelical 0.03969 global twist -30.81753 global supercoiling -0.00896
frame 1349 time 674.5 binding_event at DNA_topoI 30 enzyme topoI with twist -87.98239 superhelical -0.04203 global twist -33.51032 global supercoiling -0.00954
frame 1353 time 676.5 unbinding_event at DNA_topoI 30 enzyme topoI with twist -86.48639 superhelical -0.00446 global twist -17.95196 global supercoiling -0.00522
frame 1359 time 679.5 binding_event at DNA_topoI 36 enzyme topoI with twist -104.43835 superhelical -0.04595 global twist -14.06237 global supercoiling -0.00400
frame 1359 time 679.5 unbinding_event at DNA_topoI 36 enzyme topoI with twist -104.13915 superhelical -0.04459 global twist -14.06237 global supercoiling -0.00400
frame 1362 time 681.0 binding_event at gene tetA enzyme RNAP with twist -111.31993 superhelical -0.04785 global twist -10.17278 global supercoiling -0.00290
frame 1367 time 683.5 binding_event at gene tetA enzyme RNAP with twist -100.74904 superhelical -0.05579 global twist -10.17278 global supercoiling -0.00291
frame 1368 time 684.0 unbinding_event at gene tetA enzyme RNAP with twist 97.75705 superhelical -0.04824 global twist -10.17278 global supercoiling -0.00293
frame 1394 time 697.0 binding_event at DNA_gyrase 19 enzyme gyrase with twist 187.51684 superhelical 0.15361 global twist -10.17278 global supercoiling -0.00291
frame 1400 time 700.0 unbinding_event at DNA_gyrase 19 enzyme gyrase with twist 193.80003 superhelical 0.22220 global twist -26.32954 global supercoiling -0.00770
frame 1402 time 701.0 unbinding_event at gene tetA enzyme RNAP with twist 196.99943 superhelical -0.05638 global twist -29.02233 global supercoiling -0.00831
frame 1407 time 703.5 unbinding_event at gene tetA enzyme RNAP with twist -29.02233 superhelical -0.09949 global twist -29.02233 global supercoiling -0.00827
frame 1416 time 708.0 binding_event at DNA_gyrase 8 enzyme gyrase with twist -29.02233 superhelical -0.00822 global twist -29.02233 global supercoiling -0.00822
frame 1419 time 709.5 binding_event at DNA_gyrase 17 enzyme gyrase with twist -14.10160 superhelical -0.01176 global twist -37.10071 global supercoiling -0.01073
frame 1419 time 709.5 unbinding_event at DNA_gyrase 17 enzyme gyrase with twist -18.14080 superhelical -0.01720 global twist -37.10071 global supercoiling -0.01073
frame 1420 time 710.0 unbinding_event at DNA_gyrase 8 enzyme gyrase with twist -45.17909 superhelical -0.01137 global twist -42.48630 global supercoiling -0.01228
frame 1518 time 759.0 binding_event at DNA_gyrase 46 enzyme gyrase with twist -45.17909 superhelical -0.01280 global twist -45.17909 global supercoiling -0.01280
frame 1522 time 761.0 unbinding_event at DNA_gyrase 46 enzyme gyrase with twist -58.64306 superhelical -0.01788 global twist -55.95027 global supercoiling -0.01618
frame 1532 time 766.0 binding_event at DNA_topoI 22 enzyme topoI with twist -58.64306 superhelical -0.01661 global twist -58.64306 global supercoiling -0.01661
frame 1533 time 766.5 unbinding_event at DNA_topoI 22 enzyme topoI with twist -50.86388 superhelical -0.01576 global twist -54.75347 global supercoiling -0.01583
frame 1573 time 786.5 binding_event at gene tetA enzyme RNAP with twist -50.86388 superhelical -0.01441 global twist -50.86388 global supercoiling -0.01441
frame 1589 time 794.5 binding_event at DNA_gyrase 5 enzyme gyrase with twist 31.44224 superhelical 0.02085 global twist -50.86388 global supercoiling -0.01449
frame 1596 time 798.0 unbinding_event at DNA_gyrase 5 enzyme gyrase with twist -97.56181 superhelical -0.04883 global twist -69.71344 global supercoiling -0.02027
frame 1609 time 804.5 binding_event at DNA_topoI 8 enzyme topoI with twist -140.64651 superhelical -0.05953 global twist -72.40623 global supercoiling -0.02062
frame 1613 time 806.5 unbinding_event at gene tetA enzyme RNAP with twist 76.05369 superhelical -0.08388 global twist -56.84787 global supercoiling -0.01653
frame 1628 time 814.0 binding_event at DNA_gyrase 21 enzyme gyrase with twist 103.28083 superhelical 0.08613 global twist 1.49600 global supercoiling 0.00043
frame 1629 time 814.5 unbinding_event at DNA_topoI 8 enzyme topoI with twist -17.75768 superhelical -0.04333 global twist 2.69279 global supercoiling 0.00080
frame 1632 time 816.0 unbinding_event at DNA_gyrase 21 enzyme gyrase with twist -4.18879 superhelical -0.00683 global twist -1.49600 global supercoiling -0.00043
frame 1673 time 836.5 binding_event at gene mKalama1 enzyme RNAP with twist -4.18879 superhelical -0.00119 global twist -4.18879 global supercoiling -0.00119
frame 1700 time 850.0 unbinding_event at gene mKalama1 enzyme RNAP with twist -4.18879 superhelical 0.68888 global twist -4.18879 global supercoiling -0.00119
frame 1740 time 870.0 binding_event at DNA_gyrase 34 enzyme gyrase with twist -4.18879 superhelical -0.00119 global twist -4.18879 global supercoiling -0.00119
frame 1742 time 871.0 binding_event at DNA_gyrase 30 enzyme gyrase with twist -3.34213 superhelical -0.00623 global twist -9.57438 global supercoiling -0.00277
frame 1743 time 871.5 unbinding_event at DNA_gyrase 34 enzyme gyrase with twist -15.86110 superhelical -0.03220 global twist -14.95997 global supercoiling -0.00442
frame 1754 time 877.0 unbinding_event at DNA_gyrase 30 enzyme gyrase with twist -49.96628 superhelical -0.07751 global twist -47.27349 global supercoiling -0.01367
frame 1776 time 888.0 binding_event at gene tetA enzyme RNAP with twist -49.96628 superhelical -0.01415 global twist -49.96628 global supercoiling -0.01415
frame 1809 time 904.5 binding_event at DNA_gyrase 25 enzyme gyrase with twist 92.93779 superhelical 0.07727 global twist -49.96628 global supercoiling -0.01423
frame 1813 time 906.5 unbinding_event at DNA_gyrase 25 enzyme gyrase with twist 97.42578 superhelical 0.09640 global twist -60.73746 global supercoiling -0.01766
frame 1816 time 908.0 unbinding_event at gene tetA enzyme RNAP with twist -63.43025 superhelical -0.06999 global twist -63.43025 global supercoiling -0.01806
frame 1845 time 922.5 binding_event at gene tetA enzyme RNAP with twist -63.43025 superhelical -0.01797 global twist -63.43025 global supercoiling -0.01797
frame 1862 time 931.0 binding_event at DNA_gyrase 38 enzyme gyrase with twist -92.03835 superhelical -0.04553 global twist -63.43025 global supercoiling -0.01806
frame 1877 time 938.5 unbinding_event at DNA_gyrase 38 enzyme gyrase with twist -192.56932 superhelical -0.07337 global twist -103.82216 global supercoiling -0.03018
frame 1878 time 939.0 binding_event at DNA_gyrase 24 enzyme gyrase with twist 86.05437 superhelical 0.07155 global twist -106.51495 global supercoiling -0.03033
frame 1879 time 939.5 binding_event at DNA_gyrase 18 enzyme gyrase with twist 84.47373 superhelical 0.07949 global twist -109.20774 global supercoiling -0.03175
frame 1880 time 940.0 unbinding_event at DNA_gyrase 18 enzyme gyrase with twist 83.57613 superhelical 0.09791 global twist -114.59333 global supercoiling -0.03403
frame 1882 time 941.0 binding_event at DNA_topoI 29 enzyme topoI with twist -206.93089 superhelical -0.08693 global twist -122.67171 global supercoiling -0.03566
frame 1885 time 942.5 unbinding_event at gene tetA enzyme RNAP with twist -102.84067 superhelical -0.08970 global twist -119.08132 global supercoiling -0.03536
frame 1888 time 944.0 unbinding_event at DNA_topoI 29 enzyme topoI with twist -103.30841 superhelical -0.01278 global twist -115.49093 global supercoiling -0.03410
frame 1890 time 945.0 binding_event at DNA_topoI 21 enzyme topoI with twist -104.65480 superhelical -0.03070 global twist -116.98693 global supercoiling -0.03382
frame 1891 time 945.5 unbinding_event at DNA_topoI 21 enzyme topoI with twist -99.56841 superhelical -0.03015 global twist -115.79013 global supercoiling -0.03419
frame 1891 time 945.5 unbinding_event at DNA_gyrase 24 enzyme gyrase with twist -114.59333 superhelical -0.03015 global twist -115.79013 global supercoiling -0.03419
frame 1901 time 950.5 binding_event at DNA_topoI 4 enzyme topoI with twist -114.59333 superhelical -0.03246 global twist -114.59333 global supercoiling -0.03246
frame 1902 time 951.0 unbinding_event at DNA_topoI 4 enzyme topoI with twist -106.81415 superhelical -0.03116 global twist -110.70374 global supercoiling -0.03201
frame 2161 time 1080.5 binding_event at DNA_gyrase 10 enzyme gyrase with twist -106.81415 superhelical -0.03025 global twist -106.81415 global supercoiling -0.03025
frame 2161 time 1080.5 unbinding_event at DNA_gyrase 10 enzyme gyrase with twist -109.50694 superhelical -0.03144 global twist -106.81415 global supercoiling -0.03025
frame 2165 time 1082.5 binding_event at DNA_topoI 34 enzyme topoI with twist -109.50694 superhelical -0.03102 global twist -109.50694 global supercoiling -0.03102
frame 2168 time 1084.0 unbinding_event at DNA_topoI 34 enzyme topoI with twist -93.94858 superhelical -0.01715 global twist -97.83817 global supercoiling -0.02829
frame 2174 time 1087.0 binding_event at gene tetA enzyme RNAP with twist -93.94858 superhelical -0.02661 global twist -93.94858 global supercoiling -0.02661
frame 2199 time 1099.5 binding_event at DNA_gyrase 25 enzyme gyrase with twist 41.72882 superhelical 0.03099 global twist -93.94858 global supercoiling -0.02676
frame 2214 time 1107.0 unbinding_event at gene tetA enzyme RNAP with twist -116.17314 superhelical -0.07875 global twist -134.34049 global supercoiling -0.03906
frame 2214 time 1107.0 unbinding_event at DNA_gyrase 25 enzyme gyrase with twist -137.03328 superhelical -0.07875 global twist -134.34049 global supercoiling -0.03906
frame 2231 time 1115.5 binding_event at DNA_topoI 21 enzyme topoI with twist -137.03328 superhelical -0.03881 global twist -137.03328 global supercoiling -0.03881
frame 2236 time 1118.0 unbinding_event at DNA_topoI 21 enzyme topoI with twist -113.69573 superhelical -0.03596 global twist -117.58533 global supercoiling -0.03400
frame 2254 time 1127.0 binding_event at gene tetA enzyme RNAP with twist -113.69573 superhelical -0.03220 global twist -113.69573 global supercoiling -0.03220
frame 2276 time 1138.0 binding_event at DNA_gyrase 16 enzyme gyrase with twist 20.86196 superhelical 0.01490 global twist -113.69573 global supercoiling -0.03238
frame 2279 time 1139.5 binding_event at DNA_topoI 49 enzyme topoI with twist -145.32887 superhelical -0.06713 global twist -121.77412 global supercoiling -0.03540
frame 2280 time 1140.0 unbinding_event at DNA_topoI 49 enzyme topoI with twist -144.73047 superhelical -0.06702 global twist -120.57732 global supercoiling -0.03580
frame 2285 time 1142.5 unbinding_event at DNA_gyrase 16 enzyme gyrase with twist 29.83794 superhelical 0.06389 global twist -130.15170 global supercoiling -0.03784
frame 2294 time 1147.0 unbinding_event at gene tetA enzyme RNAP with twist -132.84449 superhelical -0.07952 global twist -132.84449 global supercoiling -0.03783
frame 2324 time 1162.0 binding_event at DNA_topoI 11 enzyme topoI with twist -132.84449 superhelical -0.03763 global twist -132.84449 global supercoiling -0.03763
frame 2325 time 1162.5 unbinding_event at DNA_topoI 11 enzyme topoI with twist -125.06531 superhelical -0.03684 global twist -128.95490 global supercoiling -0.03728
frame 2357 time 1178.5 binding_event at DNA_topoI 1 enzyme topoI with twist -125.06531 superhelical -0.03542 global twist -125.06531 global supercoiling -0.03542
frame 2360 time 1180.0 unbinding_event at DNA_topoI 1 enzyme topoI with twist -109.50694 superhelical -0.03173 global twist -113.39653 global supercoiling -0.03279
frame 2412 time 1206.0 binding_event at DNA_topoI 45 enzyme topoI with twist -109.50694 superhelical -0.03102 global twist -109.50694 global supercoiling -0.03102
frame 2412 time 1206.0 unbinding_event at DNA_topoI 45 enzyme topoI with twist -105.61735 superhelical -0.03019 global twist -109.50694 global supercoiling -0.03102
frame 2444 time 1222.0 binding_event at DNA_topoI 41 enzyme topoI with twist -105.61735 superhelical -0.02992 global twist -105.61735 global supercoiling -0.02992
frame 2444 time 1222.0 unbinding_event at DNA_topoI 41 enzyme topoI with twist -101.72776 superhelical -0.02866 global twist -105.61735 global supercoiling -0.02992
frame 2453 time 1226.5 binding_event at gene tetA enzyme RNAP with twist -101.72776 superhelical -0.02881 global twist -101.72776 global supercoiling -0.02881
frame 2470 time 1235.0 binding_event at DNA_topoI 42 enzyme topoI with twist -110.75636 superhelical -0.05479 global twist -101.72776 global supercoiling -0.02897
frame 2471 time 1235.5 unbinding_event at DNA_topoI 42 enzyme topoI with twist -110.15796 superhelical -0.05331 global twist -97.83817 global supercoiling -0.02844
frame 2493 time 1246.5 unbinding_event at gene tetA enzyme RNAP with twist -93.94858 superhelical -0.07713 global twist -93.94858 global supercoiling -0.02676
frame 2522 time 1261.0 binding_event at DNA_gyrase 16 enzyme gyrase with twist -93.94858 superhelical -0.02661 global twist -93.94858 global supercoiling -0.02661
frame 2522 time 1261.0 unbinding_event at DNA_gyrase 16 enzyme gyrase with twist -96.64137 superhelical -0.02764 global twist -93.94858 global supercoiling -0.02661
frame 2525 time 1262.5 binding_event at gene tetA enzyme RNAP with twist -96.64137 superhelical -0.02737 global twist -96.64137 global supercoiling -0.02737
frame 2565 time 1282.5 unbinding_event at gene tetA enzyme RNAP with twist -96.64137 superhelical -0.07929 global twist -96.64137 global supercoiling -0.02752
frame 2603 time 1301.5 binding_event at DNA_topoI 35 enzyme topoI with twist -96.64137 superhelical -0.02737 global twist -96.64137 global supercoiling -0.02737
frame 2613 time 1306.5 unbinding_event at DNA_topoI 35 enzyme topoI with twist -53.85587 superhelical 0.00725 global twist -57.74546 global supercoiling -0.01670
frame 2628 time 1314.0 binding_event at gene tetA enzyme RNAP with twist -53.85587 superhelical -0.01525 global twist -53.85587 global supercoiling -0.01525
frame 2668 time 1334.0 unbinding_event at gene tetA enzyme RNAP with twist -53.85587 superhelical -0.07076 global twist -53.85587 global supercoiling -0.01534
frame 2717 time 1358.5 binding_event at DNA_gyrase 26 enzyme gyrase with twist -53.85587 superhelical -0.01525 global twist -53.85587 global supercoiling -0.01525
frame 2729 time 1364.5 unbinding_event at DNA_gyrase 26 enzyme gyrase with twist -88.86219 superhelical -0.47226 global twist -86.16940 global supercoiling -0.02491
frame 2745 time 1372.5 binding_event at DNA_topoI 27 enzyme topoI with twist -88.86219 superhelical -0.02517 global twist -88.86219 global supercoiling -0.02517
frame 2746 time 1373.0 unbinding_event at DNA_topoI 27 enzyme topoI with twist -81.08301 superhelical 0.09038 global twist -84.97260 global supercoiling -0.02457
frame 2841 time 1420.5 binding_event at gene tetA enzyme RNAP with twist -81.08301 superhelical -0.02297 global twist -81.08301 global supercoiling -0.02297
frame 2866 time 1433.0 binding_event at DNA_topoI 0 enzyme topoI with twist -129.38932 superhelical -0.05976 global twist -81.08301 global supercoiling -0.02309
frame 2868 time 1434.0 unbinding_event at DNA_topoI 0 enzyme topoI with twist -128.49172 superhelical -0.05835 global twist -73.30383 global supercoiling -0.02131
frame 2881 time 1440.5 unbinding_event at gene tetA enzyme RNAP with twist -69.41424 superhelical -0.07143 global twist -69.41424 global supercoiling -0.01977
frame 2912 time 1456.0 binding_event at gene tetA enzyme RNAP with twist -69.41424 superhelical -0.01966 global twist -69.41424 global supercoiling -0.01966
frame 2936 time 1468.0 binding_event at gene tetA enzyme RNAP with twist -120.09578 superhelical -0.05594 global twist -69.41424 global supercoiling -0.01977
frame 2950 time 1475.0 binding_event at DNA_gyrase 19 enzyme gyrase with twist 100.94703 superhelical 0.09070 global twist -69.41424 global supercoiling -0.01988
frame 2952 time 1476.0 unbinding_event at gene tetA enzyme RNAP with twist 44.76076 superhelical -0.05644 global twist -74.79983 global supercoiling -0.02187
frame 2955 time 1477.5 unbinding_event at DNA_gyrase 19 enzyme gyrase with twist 83.09699 superhelical 0.05392 global twist -82.87821 global supercoiling -0.02410
frame 2971 time 1485.5 binding_event at gene mKalama1 enzyme RNAP with twist -222.52386 superhelical -0.09491 global twist -85.57100 global supercoiling -0.02437
frame 2976 time 1488.0 binding_event at DNA_topoI 5 enzyme topoI with twist -196.46925 superhelical -0.10577 global twist -85.57100 global supercoiling -0.02450
frame 2976 time 1488.0 unbinding_event at gene tetA enzyme RNAP with twist 121.82225 superhelical -0.10905 global twist -85.57100 global supercoiling -0.02450
frame 2980 time 1490.0 binding_event at DNA_topoI 44 enzyme topoI with twist -168.02428 superhelical -0.10917 global twist -70.01264 global supercoiling -0.02035
frame 2982 time 1491.0 unbinding_event at DNA_topoI 5 enzyme topoI with twist 62.92932 superhelical -0.09826 global twist -54.45427 global supercoiling -0.01617
frame 2983 time 1491.5 unbinding_event at DNA_topoI 44 enzyme topoI with twist -27.50207 superhelical -0.11252 global twist -46.67509 global supercoiling -0.01357
frame 2994 time 1497.0 binding_event at DNA_topoI 21 enzyme topoI with twist -63.40598 superhelical -0.01935 global twist -42.78550 global supercoiling -0.01218
frame 2998 time 1499.0 unbinding_event at gene mKalama1 enzyme RNAP with twist -27.80531 superhelical 0.26636 global twist -27.22714 global supercoiling -0.00792
frame 3001 time 1500.5 unbinding_event at DNA_topoI 21 enzyme topoI with twist -11.66877 superhelical -0.00688 global twist -15.55836 global supercoiling -0.00450
frame 3048 time 1524.0 binding_event at DNA_gyrase 9 enzyme gyrase with twist -11.66877 superhelical -0.00331 global twist -11.66877 global supercoiling -0.00331
frame 3054 time 1527.0 unbinding_event at DNA_gyrase 9 enzyme gyrase with twist -30.51833 superhelical -0.00742 global twist -27.82553 global supercoiling -0.00804
frame 3072 time 1536.0 binding_event at DNA_gyrase 21 enzyme gyrase with twist -30.51833 superhelical -0.00864 global twist -30.51833 global supercoiling -0.00864
frame 3073 time 1536.5 unbinding_event at DNA_gyrase 21 enzyme gyrase with twist -35.90392 superhelical -0.00967 global twist -33.21112 global supercoiling -0.00960
frame 3140 time 1570.0 binding_event at DNA_topoI 16 enzyme topoI with twist -35.90392 superhelical -0.01017 global twist -35.90392 global supercoiling -0.01017
frame 3144 time 1572.0 unbinding_event at DNA_topoI 16 enzyme topoI with twist -16.45596 superhelical -0.00695 global twist -20.34555 global supercoiling -0.00588
frame 3226 time 1613.0 binding_event at gene Raspberry enzyme RNAP with twist -16.45596 superhelical -0.00466 global twist -16.45596 global supercoiling -0.00466
frame 3253 time 1626.5 unbinding_event at gene Raspberry enzyme RNAP with twist -16.45596 superhelical -0.08229 global twist -16.45596 global supercoiling -0.00469
frame 3279 time 1639.5 binding_event at gene Raspberry enzyme RNAP with twist -16.45596 superhelical -0.00466 global twist -16.45596 global supercoiling -0.00466
frame 3305 time 1652.5 binding_event at DNA_topoI 34 enzyme topoI with twist -96.92293 superhelical -0.07886 global twist -16.45596 global supercoiling -0.00469
frame 3306 time 1653.0 unbinding_event at gene Raspberry enzyme RNAP with twist 32.33691 superhelical -0.08418 global twist -12.56637 global supercoiling -0.00365
frame 3310 time 1655.0 unbinding_event at DNA_topoI 34 enzyme topoI with twist 6.88158 superhelical -0.06199 global twist 2.99199 global supercoiling 0.00087
frame 3391 time 1695.5 binding_event at DNA_gyrase 1 enzyme gyrase with twist 6.88158 superhelical 0.00195 global twist 6.88158 global supercoiling 0.00195
frame 3398 time 1699.0 unbinding_event at DNA_gyrase 1 enzyme gyrase with twist -14.66077 superhelical -0.00414 global twist -11.96797 global supercoiling -0.00346
frame 3421 time 1710.5 binding_event at gene tetA enzyme RNAP with twist -14.66077 superhelical -0.00415 global twist -14.66077 global supercoiling -0.00415
frame 3461 time 1730.5 unbinding_event at gene tetA enzyme RNAP with twist -14.66077 superhelical -0.06295 global twist -14.66077 global supercoiling -0.00418
frame 3474 time 1737.0 binding_event at DNA_gyrase 33 enzyme gyrase with twist -14.66077 superhelical -0.00415 global twist -14.66077 global supercoiling -0.00415
frame 3474 time 1737.0 unbinding_event at DNA_gyrase 33 enzyme gyrase with twist -17.35356 superhelical -0.00714 global twist -14.66077 global supercoiling -0.00415
frame 3482 time 1741.0 binding_event at gene tetA enzyme RNAP with twist -17.35356 superhelical -0.00492 global twist -17.35356 global supercoiling -0.00492
frame 3522 time 1761.0 unbinding_event at gene tetA enzyme RNAP with twist -17.35356 superhelical -0.06349 global twist -17.35356 global supercoiling -0.00494
frame 3570 time 1785.0 binding_event at gene tetA enzyme RNAP with twist -17.35356 superhelical -0.00492 global twist -17.35356 global supercoiling -0.00492
frame 3583 time 1791.5 binding_event at gene tetA enzyme RNAP with twist -55.15669 superhelical -0.02829 global twist -17.35356 global supercoiling -0.00494
frame 3595 time 1797.5 binding_event at DNA_gyrase 17 enzyme gyrase with twist 80.88783 superhelical 0.06008 global twist -17.35356 global supercoiling -0.00497
frame 3595 time 1797.5 unbinding_event at DNA_gyrase 17 enzyme gyrase with twist 81.78543 superhelical 0.06827 global twist -17.35356 global supercoiling -0.00497
frame 3602 time 1801.0 binding_event at DNA_gyrase 6 enzyme gyrase with twist -6.12092 superhelical -0.02857 global twist -20.04635 global supercoiling -0.00574
frame 3610 time 1805.0 binding_event at gene mKalama1 enzyme RNAP with twist -137.00036 superhelical -0.06475 global twist -41.58870 global supercoiling -0.01216
frame 3610 time 1805.0 unbinding_event at gene tetA enzyme RNAP with twist 142.91988 superhelical 0.03398 global twist -41.58870 global supercoiling -0.01216
frame 3621 time 1810.5 unbinding_event at DNA_gyrase 6 enzyme gyrase with twist -257.09678 superhelical -0.09247 global twist -71.20943 global supercoiling -0.02082
frame 3623 time 1811.5 unbinding_event at gene tetA enzyme RNAP with twist -81.86337 superhelical -0.13327 global twist -73.90223 global supercoiling -0.02116
frame 3637 time 1818.5 unbinding_event at gene mKalama1 enzyme RNAP with twist -73.90223 superhelical 0.40208 global twist -73.90223 global supercoiling -0.02105
frame 3646 time 1823.0 binding_event at gene tetA enzyme RNAP with twist -73.90223 superhelical -0.02093 global twist -73.90223 global supercoiling -0.02093
frame 3686 time 1843.0 unbinding_event at gene tetA enzyme RNAP with twist -73.90223 superhelical -0.07476 global twist -73.90223 global supercoiling -0.02105
frame 3698 time 1849.0 binding_event at DNA_gyrase 37 enzyme gyrase with twist -73.90223 superhelical -0.02093 global twist -73.90223 global supercoiling -0.02093
frame 3710 time 1855.0 unbinding_event at DNA_gyrase 37 enzyme gyrase with twist -108.90855 superhelical -0.04465 global twist -106.21575 global supercoiling -0.03071
frame 3726 time 1863.0 binding_event at gene tetA enzyme RNAP with twist -108.90855 superhelical -0.03085 global twist -108.90855 global supercoiling -0.03085
frame 3740 time 1870.0 binding_event at DNA_gyrase 41 enzyme gyrase with twist -103.49481 superhelical -0.05260 global twist -108.90855 global supercoiling -0.03102
frame 3743 time 1871.5 unbinding_event at DNA_gyrase 41 enzyme gyrase with twist -128.62755 superhelical -0.05978 global twist -116.98693 global supercoiling -0.03401
frame 3756 time 1878.0 binding_event at DNA_gyrase 16 enzyme gyrase with twist 52.03253 superhelical 0.04141 global twist -119.67972 global supercoiling -0.03408
frame 3757 time 1878.5 unbinding_event at DNA_gyrase 16 enzyme gyrase with twist 53.82773 superhelical 0.05549 global twist -122.37251 global supercoiling -0.03558
frame 3766 time 1883.0 unbinding_event at gene tetA enzyme RNAP with twist -125.06531 superhelical -0.08613 global twist -125.06531 global supercoiling -0.03562
frame 3838 time 1919.0 binding_event at DNA_topoI 18 enzyme topoI with twist -125.06531 superhelical -0.03542 global twist -125.06531 global supercoiling -0.03542
frame 3840 time 1920.0 unbinding_event at DNA_topoI 18 enzyme topoI with twist -113.39653 superhelical -0.03420 global twist -117.28613 global supercoiling -0.03391
frame 3950 time 1975.0 binding_event at DNA_gyrase 12 enzyme gyrase with twist -113.39653 superhelical -0.03212 global twist -113.39653 global supercoiling -0.03212
frame 3954 time 1977.0 binding_event at gene tetA enzyme RNAP with twist -88.88311 superhelical -0.03490 global twist -124.16771 global supercoiling -0.03590
frame 3956 time 1978.0 unbinding_event at DNA_gyrase 12 enzyme gyrase with twist -61.12531 superhelical -0.02878 global twist -129.55330 global supercoiling -0.03767
frame 3987 time 1993.5 binding_event at DNA_topoI 33 enzyme topoI with twist -178.83253 superhelical -0.07746 global twist -132.24609 global supercoiling -0.03766
frame 3990 time 1995.0 unbinding_event at DNA_topoI 33 enzyme topoI with twist -177.63573 superhelical -0.06320 global twist -120.57732 global supercoiling -0.03506
frame 3994 time 1997.0 unbinding_event at gene tetA enzyme RNAP with twist -116.68773 superhelical -0.07829 global twist -116.68773 global supercoiling -0.03323
frame 4013 time 2006.5 binding_event at DNA_topoI 30 enzyme topoI with twist -116.68773 superhelical -0.03305 global twist -116.68773 global supercoiling -0.03305
frame 4015 time 2007.5 unbinding_event at DNA_topoI 30 enzyme topoI with twist -105.01895 superhelical -0.01030 global twist -108.90855 global supercoiling -0.03149
frame 4055 time 2027.5 binding_event at gene tetA enzyme RNAP with twist -105.01895 superhelical -0.02975 global twist -105.01895 global supercoiling -0.02975
frame 4087 time 2043.5 binding_event at gene tetA enzyme RNAP with twist -166.22081 superhelical -0.07256 global twist -105.01895 global supercoiling -0.02991
frame 4089 time 2044.5 binding_event at DNA_topoI 28 enzyme topoI with twist -132.76595 superhelical -0.07577 global twist -105.01895 global supercoiling -0.03007
frame 4092 time 2046.0 unbinding_event at DNA_topoI 28 enzyme topoI with twist -131.56915 superhelical -0.00515 global twist -93.35018 global supercoiling -0.02729
frame 4095 time 2047.5 unbinding_event at gene tetA enzyme RNAP with twist 52.87974 superhelical -0.07318 global twist -89.46059 global supercoiling -0.02562
frame 4127 time 2063.5 unbinding_event at gene tetA enzyme RNAP with twist -89.46059 superhelical -0.10490 global twist -89.46059 global supercoiling -0.02548
frame 4145 time 2072.5 binding_event at gene mKalama1 enzyme RNAP with twist -89.46059 superhelical -0.02534 global twist -89.46059 global supercoiling -0.02534
frame 4172 time 2086.0 unbinding_event at gene mKalama1 enzyme RNAP with twist -89.46059 superhelical 0.58030 global twist -89.46059 global supercoiling -0.02548
frame 4176 time 2088.0 binding_event at gene tetA enzyme RNAP with twist -89.46059 superhelical -0.02534 global twist -89.46059 global supercoiling -0.02534
frame 4197 time 2098.5 binding_event at DNA_topoI 0 enzyme topoI with twist -119.12232 superhelical -0.05691 global twist -89.46059 global supercoiling -0.02548
frame 4200 time 2100.0 unbinding_event at DNA_topoI 0 enzyme topoI with twist -117.92552 superhelical -0.05431 global twist -77.79182 global supercoiling -0.02262
frame 4216 time 2108.0 unbinding_event at gene tetA enzyme RNAP with twist -73.90223 superhelical -0.07152 global twist -73.90223 global supercoiling -0.02105
frame 4296 time 2148.0 binding_event at gene mKalama1 enzyme RNAP with twist -73.90223 superhelical -0.02093 global twist -73.90223 global supercoiling -0.02093
frame 4323 time 2161.5 unbinding_event at gene mKalama1 enzyme RNAP with twist -73.90223 superhelical 0.60012 global twist -73.90223 global supercoiling -0.02105
frame 4334 time 2167.0 binding_event at DNA_topoI 31 enzyme topoI with twist -73.90223 superhelical -0.02093 global twist -73.90223 global supercoiling -0.02093
frame 4335 time 2167.5 unbinding_event at DNA_topoI 31 enzyme topoI with twist -66.12305 superhelical -0.00924 global twist -70.01264 global supercoiling -0.02024
frame 4405 time 2202.5 binding_event at gene Raspberry enzyme RNAP with twist -66.12305 superhelical -0.01873 global twist -66.12305 global supercoiling -0.01873
frame 4428 time 2214.0 binding_event at DNA_gyrase 23 enzyme gyrase with twist 30.81192 superhelical 0.01319 global twist -66.12305 global supercoiling -0.01883
frame 4429 time 2214.5 unbinding_event at DNA_gyrase 23 enzyme gyrase with twist 32.60712 superhelical 0.01597 global twist -68.81584 global supercoiling -0.02001
frame 4432 time 2216.0 unbinding_event at gene Raspberry enzyme RNAP with twist -71.50863 superhelical -0.09082 global twist -71.50863 global supercoiling -0.02036
frame 4473 time 2236.5 binding_event at DNA_topoI 23 enzyme topoI with twist -71.50863 superhelical -0.02025 global twist -71.50863 global supercoiling -0.02025
frame 4480 time 2240.0 unbinding_event at DNA_topoI 23 enzyme topoI with twist -40.39191 superhelical -0.01601 global twist -44.28150 global supercoiling -0.01280
frame 4506 time 2253.0 binding_event at DNA_gyrase 48 enzyme gyrase with twist -40.39191 superhelical -0.01144 global twist -40.39191 global supercoiling -0.01144
frame 4507 time 2253.5 unbinding_event at DNA_gyrase 48 enzyme gyrase with twist -45.77749 superhelical -0.01343 global twist -43.08470 global supercoiling -0.01246
frame 4508 time 2254.0 binding_event at DNA_gyrase 19 enzyme gyrase with twist -45.77749 superhelical -0.01297 global twist -45.77749 global supercoiling -0.01297
frame 4508 time 2254.0 unbinding_event at DNA_gyrase 19 enzyme gyrase with twist -48.47029 superhelical -0.01368 global twist -45.77749 global supercoiling -0.01297
frame 4547 time 2273.5 binding_event at DNA_gyrase 26 enzyme gyrase with twist -48.47029 superhelical -0.01373 global twist -48.47029 global supercoiling -0.01373
frame 4550 time 2275.0 unbinding_event at DNA_gyrase 26 enzyme gyrase with twist -59.24146 superhelical -0.15434 global twist -56.54867 global supercoiling -0.01635
frame 4567 time 2283.5 binding_event at DNA_gyrase 10 enzyme gyrase with twist -59.24146 superhelical -0.01678 global twist -59.24146 global supercoiling -0.01678
frame 4567 time 2283.5 unbinding_event at DNA_gyrase 10 enzyme gyrase with twist -61.93426 superhelical -0.01769 global twist -59.24146 global supercoiling -0.01678
frame 4605 time 2302.5 binding_event at DNA_gyrase 14 enzyme gyrase with twist -61.93426 superhelical -0.01754 global twist -61.93426 global supercoiling -0.01754
frame 4612 time 2306.0 unbinding_event at DNA_gyrase 14 enzyme gyrase with twist -83.47660 superhelical -0.02191 global twist -80.78381 global supercoiling -0.02336
frame 4625 time 2312.5 binding_event at DNA_topoI 29 enzyme topoI with twist -83.47660 superhelical -0.02364 global twist -83.47660 global supercoiling -0.02364
frame 4625 time 2312.5 unbinding_event at DNA_topoI 29 enzyme topoI with twist -79.58701 superhelical -0.01316 global twist -83.47660 global supercoiling -0.02364
frame 4738 time 2369.0 binding_event at DNA_topoI 16 enzyme topoI with twist -79.58701 superhelical -0.02254 global twist -79.58701 global supercoiling -0.02254
frame 4738 time 2369.0 unbinding_event at DNA_topoI 16 enzyme topoI with twist -75.69742 superhelical -0.02232 global twist -79.58701 global supercoiling -0.02254
frame 4749 time 2374.5 binding_event at gene tetA enzyme RNAP with twist -75.69742 superhelical -0.02144 global twist -75.69742 global supercoiling -0.02144
frame 4752 time 2376.0 binding_event at DNA_topoI 19 enzyme topoI with twist -27.92894 superhelical -0.01604 global twist -75.69742 global supercoiling -0.02156
frame 4752 time 2376.0 unbinding_event at DNA_topoI 19 enzyme topoI with twist -20.44896 superhelical -0.01251 global twist -75.69742 global supercoiling -0.02156
frame 4789 time 2394.5 unbinding_event at gene tetA enzyme RNAP with twist -71.80783 superhelical -0.07512 global twist -71.80783 global supercoiling -0.02045
frame 4805 time 2402.5 binding_event at gene mKalama1 enzyme RNAP with twist -71.80783 superhelical -0.02034 global twist -71.80783 global supercoiling -0.02034
frame 4832 time 2416.0 unbinding_event at gene mKalama1 enzyme RNAP with twist -71.80783 superhelical 0.60278 global twist -71.80783 global supercoiling -0.02045
frame 4853 time 2426.5 binding_event at DNA_topoI 29 enzyme topoI with twist -71.80783 superhelical -0.02034 global twist -71.80783 global supercoiling -0.02034
frame 4855 time 2427.5 unbinding_event at DNA_topoI 29 enzyme topoI with twist -60.13906 superhelical 0.01218 global twist -64.02865 global supercoiling -0.01851
frame 4873 time 2436.5 binding_event at DNA_topoI 42 enzyme topoI with twist -60.13906 superhelical -0.01703 global twist -60.13906 global supercoiling -0.01703
frame 4873 time 2436.5 unbinding_event at DNA_topoI 42 enzyme topoI with twist -56.24947 superhelical -0.01564 global twist -60.13906 global supercoiling -0.01703
frame 4902 time 2451.0 binding_event at gene Raspberry enzyme RNAP with twist -56.24947 superhelical -0.01593 global twist -56.24947 global supercoiling -0.01593
frame 4925 time 2462.5 binding_event at DNA_gyrase 7 enzyme gyrase with twist 38.54185 superhelical 0.01650 global twist -56.24947 global supercoiling -0.01602
frame 4929 time 2464.5 unbinding_event at gene Raspberry enzyme RNAP with twist -84.61541 superhelical -0.08912 global twist -67.02064 global supercoiling -0.01949
frame 4936 time 2468.0 unbinding_event at DNA_gyrase 7 enzyme gyrase with twist -88.56299 superhelical -0.04298 global twist -85.87020 global supercoiling -0.02483
frame 5059 time 2529.5 binding_event at DNA_topoI 12 enzyme topoI with twist -88.56299 superhelical -0.02508 global twist -88.56299 global supercoiling -0.02508
frame 5062 time 2531.0 unbinding_event at DNA_topoI 12 enzyme topoI with twist -73.00463 superhelical -0.02255 global twist -76.89422 global supercoiling -0.02223
frame 5126 time 2563.0 binding_event at gene tetA enzyme RNAP with twist -73.00463 superhelical -0.02068 global twist -73.00463 global supercoiling -0.02068
frame 5148 time 2574.0 binding_event at gene tetA enzyme RNAP with twist -114.66981 superhelical -0.05432 global twist -73.00463 global supercoiling -0.02079
frame 5159 time 2579.5 binding_event at DNA_topoI 26 enzyme topoI with twist -133.56554 superhelical -0.06980 global twist -73.00463 global supercoiling -0.02090
frame 5166 time 2583.0 unbinding_event at gene tetA enzyme RNAP with twist 89.28404 superhelical -0.05481 global twist -45.77749 global supercoiling -0.01338
frame 5180 time 2590.0 unbinding_event at DNA_topoI 26 enzyme topoI with twist -126.98316 superhelical 1.04757 global twist 8.67678 global supercoiling 0.00252
frame 5188 time 2594.0 unbinding_event at gene tetA enzyme RNAP with twist 12.56637 superhelical -0.06350 global twist 12.56637 global supercoiling 0.00358
frame 5190 time 2595.0 binding_event at DNA_gyrase 40 enzyme gyrase with twist 12.56637 superhelical 0.00356 global twist 12.56637 global supercoiling 0.00356
frame 5190 time 2595.0 unbinding_event at DNA_gyrase 40 enzyme gyrase with twist 9.87358 superhelical 0.00224 global twist 12.56637 global supercoiling 0.00356
frame 5266 time 2633.0 binding_event at DNA_gyrase 46 enzyme gyrase with twist 9.87358 superhelical 0.00280 global twist 9.87358 global supercoiling 0.00280
frame 5285 time 2642.5 unbinding_event at DNA_gyrase 46 enzyme gyrase with twist -43.98230 superhelical -0.01641 global twist -41.28950 global supercoiling -0.01194
frame 5301 time 2650.5 binding_event at DNA_gyrase 48 enzyme gyrase with twist -43.98230 superhelical -0.01246 global twist -43.98230 global supercoiling -0.01246
frame 5330 time 2665.0 unbinding_event at DNA_gyrase 48 enzyme gyrase with twist -124.76611 superhelical -0.03892 global twist -122.07331 global supercoiling -0.03529
frame 5347 time 2673.5 binding_event at DNA_topoI 23 enzyme topoI with twist -124.76611 superhelical -0.03534 global twist -124.76611 global supercoiling -0.03534
frame 5347 time 2673.5 unbinding_event at DNA_topoI 23 enzyme topoI with twist -120.87652 superhelical -0.03549 global twist -124.76611 global supercoiling -0.03534
frame 5406 time 2703.0 binding_event at DNA_topoI 37 enzyme topoI with twist -120.87652 superhelical -0.03424 global twist -120.87652 global supercoiling -0.03424
frame 5410 time 2705.0 unbinding_event at DNA_topoI 37 enzyme topoI with twist -101.42856 superhelical -0.02201 global twist -105.31815 global supercoiling -0.03045
frame 5428 time 2714.0 binding_event at DNA_topoI 0 enzyme topoI with twist -101.42856 superhelical -0.02873 global twist -101.42856 global supercoiling -0.02873
frame 5431 time 2715.5 unbinding_event at DNA_topoI 0 enzyme topoI with twist -85.87020 superhelical -0.02471 global twist -89.75979 global supercoiling -0.02595
frame 5494 time 2747.0 binding_event at DNA_gyrase 29 enzyme gyrase with twist -85.87020 superhelical -0.02432 global twist -85.87020 global supercoiling -0.02432
frame 5495 time 2747.5 unbinding_event at DNA_gyrase 29 enzyme gyrase with twist -91.25579 superhelical -0.04003 global twist -88.56299 global supercoiling -0.02561
frame 5519 time 2759.5 binding_event at DNA_gyrase 24 enzyme gyrase with twist -91.25579 superhelical -0.02585 global twist -91.25579 global supercoiling -0.02585
frame 5521 time 2760.5 unbinding_event at DNA_gyrase 24 enzyme gyrase with twist -99.33417 superhelical -0.02757 global twist -96.64137 global supercoiling -0.02794
frame 5532 time 2766.0 binding_event at DNA_topoI 27 enzyme topoI with twist -99.33417 superhelical -0.02814 global twist -99.33417 global supercoiling -0.02814
frame 5535 time 2767.5 unbinding_event at DNA_topoI 27 enzyme topoI with twist -83.77580 superhelical 0.20342 global twist -87.66540 global supercoiling -0.02535
frame 5538 time 2769.0 binding_event at gene mKalama1 enzyme RNAP with twist -83.77580 superhelical -0.02373 global twist -83.77580 global supercoiling -0.02373
frame 5549 time 2774.5 binding_event at gene tetA enzyme RNAP with twist -107.82270 superhelical -0.03522 global twist -83.77580 global supercoiling -0.02386
frame 5561 time 2780.5 binding_event at DNA_topoI 49 enzyme topoI with twist -130.36737 superhelical -0.07770 global twist -83.77580 global supercoiling -0.02399
frame 5563 time 2781.5 unbinding_event at DNA_topoI 49 enzyme topoI with twist -140.24095 superhelical -0.08157 global twist -75.99662 global supercoiling -0.02222
frame 5565 time 2782.5 unbinding_event at gene mKalama1 enzyme RNAP with twist -69.51896 superhelical 0.58754 global twist -72.10703 global supercoiling -0.02065
frame 5589 time 2794.5 unbinding_event at gene tetA enzyme RNAP with twist -72.10703 superhelical -0.06349 global twist -72.10703 global supercoiling -0.02054
frame 5609 time 2804.5 binding_event at DNA_gyrase 14 enzyme gyrase with twist -72.10703 superhelical -0.02042 global twist -72.10703 global supercoiling -0.02042
frame 5609 time 2804.5 unbinding_event at DNA_gyrase 14 enzyme gyrase with twist -74.79983 superhelical -0.02135 global twist -72.10703 global supercoiling -0.02042
frame 5617 time 2808.5 binding_event at gene Raspberry enzyme RNAP with twist -74.79983 superhelical -0.02119 global twist -74.79983 global supercoiling -0.02119
frame 5630 time 2815.0 binding_event at DNA_gyrase 42 enzyme gyrase with twist -11.88496 superhelical -0.00472 global twist -74.79983 global supercoiling -0.02130
frame 5639 time 2819.5 binding_event at DNA_topoI 33 enzyme topoI with twist -90.74040 superhelical -0.08170 global twist -99.03497 global supercoiling -0.02879
frame 5639 time 2819.5 unbinding_event at DNA_gyrase 42 enzyme gyrase with twist -85.23511 superhelical -0.08631 global twist -99.03497 global supercoiling -0.02879
frame 5641 time 2820.5 unbinding_event at DNA_topoI 33 enzyme topoI with twist -123.25329 superhelical -0.07479 global twist -93.94858 global supercoiling -0.02731
frame 5644 time 2822.0 unbinding_event at gene Raspberry enzyme RNAP with twist -90.05899 superhelical -0.10595 global twist -90.05899 global supercoiling -0.02565
frame 5791 time 2895.5 binding_event at DNA_topoI 34 enzyme topoI with twist -90.05899 superhelical -0.02551 global twist -90.05899 global supercoiling -0.02551
frame 5802 time 2901.0 unbinding_event at DNA_topoI 34 enzyme topoI with twist -43.38390 superhelical 0.01749 global twist -47.27349 global supercoiling -0.01367
frame 5995 time 2997.5 binding_event at DNA_topoI 32 enzyme topoI with twist -43.38390 superhelical -0.01229 global twist -43.38390 global supercoiling -0.01229
frame 5996 time 2998.0 unbinding_event at DNA_topoI 32 enzyme topoI with twist -35.60472 superhelical -0.00263 global twist -39.49431 global supercoiling -0.01142
frame 5998 time 2999.0 binding_event at DNA_gyrase 17 enzyme gyrase with twist -35.60472 superhelical -0.01008 global twist -35.60472 global supercoiling -0.01008
frame 5999 time 2999.5 unbinding_event at DNA_gyrase 17 enzyme gyrase with twist -40.99030 superhelical -0.01122 global twist -38.29751 global supercoiling -0.01107
frame 6076 time 3038.0 binding_event at DNA_gyrase 40 enzyme gyrase with twist -40.99030 superhelical -0.01161 global twist -40.99030 global supercoiling -0.01161
frame 6077 time 3038.5 unbinding_event at DNA_gyrase 40 enzyme gyrase with twist -46.37589 superhelical -0.01464 global twist -43.68310 global supercoiling -0.01263
frame 6084 time 3042.0 binding_event at DNA_topoI 42 enzyme topoI with twist -46.37589 superhelical -0.01314 global twist -46.37589 global supercoiling -0.01314
frame 6084 time 3042.0 unbinding_event at DNA_topoI 42 enzyme topoI with twist -42.48630 superhelical -0.01166 global twist -46.37589 global supercoiling -0.01314
frame 6117 time 3058.5 binding_event at gene mKalama1 enzyme RNAP with twist -42.48630 superhelical -0.01203 global twist -42.48630 global supercoiling -0.01203
frame 6144 time 3072.0 unbinding_event at gene mKalama1 enzyme RNAP with twist -42.48630 superhelical 0.64012 global twist -42.48630 global supercoiling -0.01210
frame 6182 time 3091.0 binding_event at DNA_gyrase 13 enzyme gyrase with twist -42.48630 superhelical -0.01203 global twist -42.48630 global supercoiling -0.01203
frame 6182 time 3091.0 unbinding_event at DNA_gyrase 13 enzyme gyrase with twist -45.17909 superhelical -0.01280 global twist -42.48630 global supercoiling -0.01203
frame 6206 time 3103.0 binding_event at gene mKalama1 enzyme RNAP with twist -45.17909 superhelical -0.01280 global twist -45.17909 global supercoiling -0.01280
frame 6233 time 3116.5 unbinding_event at gene mKalama1 enzyme RNAP with twist -45.17909 superhelical 0.63669 global twist -45.17909 global supercoiling -0.01287
frame 6278 time 3139.0 binding_event at DNA_gyrase 43 enzyme gyrase with twist -45.17909 superhelical -0.01280 global twist -45.17909 global supercoiling -0.01280
frame 6285 time 3142.5 binding_event at gene tetA enzyme RNAP with twist -39.15856 superhelical -0.01720 global twist -64.02865 global supercoiling -0.01851
frame 6293 time 3146.5 binding_event at gene tetA enzyme RNAP with twist -47.50873 superhelical -0.07845 global twist -85.57100 global supercoiling -0.02488
frame 6293 time 3146.5 unbinding_event at DNA_gyrase 43 enzyme gyrase with twist -79.34969 superhelical -0.03128 global twist -85.57100 global supercoiling -0.02488
frame 6298 time 3149.0 binding_event at gene tetA enzyme RNAP with twist -93.71126 superhelical -0.05189 global twist -88.26379 global supercoiling -0.02527
frame 6325 time 3162.5 unbinding_event at gene tetA enzyme RNAP with twist 105.97843 superhelical -0.08101 global twist -88.26379 global supercoiling -0.02541
frame 6333 time 3166.5 unbinding_event at gene tetA enzyme RNAP with twist 130.99831 superhelical -0.05245 global twist -88.26379 global supercoiling -0.02527
frame 6338 time 3169.0 unbinding_event at gene tetA enzyme RNAP with twist -88.26379 superhelical -0.09673 global twist -88.26379 global supercoiling -0.02514
frame 6421 time 3210.5 binding_event at DNA_topoI 14 enzyme topoI with twist -88.26379 superhelical -0.02500 global twist -88.26379 global supercoiling -0.02500
frame 6425 time 3212.5 unbinding_event at DNA_topoI 14 enzyme topoI with twist -68.81584 superhelical -0.02190 global twist -72.70543 global supercoiling -0.02102
frame 6464 time 3232.0 binding_event at gene tetA enzyme RNAP with twist -68.81584 superhelical -0.01949 global twist -68.81584 global supercoiling -0.01949
frame 6470 time 3235.0 binding_event at DNA_gyrase 25 enzyme gyrase with twist -13.63957 superhelical -0.00808 global twist -68.81584 global supercoiling -0.01960
frame 6472 time 3236.0 unbinding_event at DNA_gyrase 25 enzyme gyrase with twist -10.94678 superhelical -0.00425 global twist -74.20143 global supercoiling -0.02157
frame 6504 time 3252.0 unbinding_event at gene tetA enzyme RNAP with twist -76.89422 superhelical -0.07374 global twist -76.89422 global supercoiling -0.02190
frame 6590 time 3295.0 binding_event at DNA_topoI 2 enzyme topoI with twist -76.89422 superhelical -0.02178 global twist -76.89422 global supercoiling -0.02178
frame 6596 time 3298.0 unbinding_event at DNA_topoI 2 enzyme topoI with twist -49.66708 superhelical -0.01479 global twist -53.55667 global supercoiling -0.01548
frame 6625 time 3312.5 binding_event at DNA_gyrase 2 enzyme gyrase with twist -49.66708 superhelical -0.01407 global twist -49.66708 global supercoiling -0.01407
frame 6630 time 3315.0 unbinding_event at DNA_gyrase 2 enzyme gyrase with twist -65.82385 superhelical -0.01878 global twist -63.13105 global supercoiling -0.01825
frame 6688 time 3344.0 binding_event at DNA_gyrase 28 enzyme gyrase with twist -65.82385 superhelical -0.01864 global twist -65.82385 global supercoiling -0.01864
frame 6690 time 3345.0 unbinding_event at DNA_gyrase 28 enzyme gyrase with twist -73.90223 superhelical -0.05738 global twist -71.20943 global supercoiling -0.02059
frame 6707 time 3353.5 binding_event at gene tetA enzyme RNAP with twist -73.90223 superhelical -0.02093 global twist -73.90223 global supercoiling -0.02093
frame 6719 time 3359.5 binding_event at DNA_topoI 32 enzyme topoI with twist -79.20460 superhelical -0.04100 global twist -73.90223 global supercoiling -0.02105
frame 6719 time 3359.5 unbinding_event at DNA_topoI 32 enzyme topoI with twist -78.90540 superhelical -0.03763 global twist -73.90223 global supercoiling -0.02105
frame 6726 time 3363.0 binding_event at DNA_gyrase 24 enzyme gyrase with twist 30.43512 superhelical 0.02093 global twist -70.01264 global supercoiling -0.01994
frame 6729 time 3364.5 unbinding_event at DNA_gyrase 24 enzyme gyrase with twist 34.02551 superhelical 0.03039 global twist -78.09102 global supercoiling -0.02270
frame 6747 time 3373.5 unbinding_event at gene tetA enzyme RNAP with twist -80.78381 superhelical -0.07317 global twist -80.78381 global supercoiling -0.02301
frame 6754 time 3377.0 binding_event at gene tetA enzyme RNAP with twist -80.78381 superhelical -0.02288 global twist -80.78381 global supercoiling -0.02288
frame 6794 time 3397.0 unbinding_event at gene tetA enzyme RNAP with twist -80.78381 superhelical -0.07613 global twist -80.78381 global supercoiling -0.02301
frame 6826 time 3413.0 binding_event at DNA_topoI 38 enzyme topoI with twist -80.78381 superhelical -0.02288 global twist -80.78381 global supercoiling -0.02288
frame 6827 time 3413.5 unbinding_event at DNA_topoI 38 enzyme topoI with twist -73.00463 superhelical -0.01863 global twist -76.89422 global supercoiling -0.02223
frame 6831 time 3415.5 binding_event at DNA_topoI 18 enzyme topoI with twist -73.00463 superhelical -0.02068 global twist -73.00463 global supercoiling -0.02068
frame 6831 time 3415.5 unbinding_event at DNA_topoI 18 enzyme topoI with twist -69.11504 superhelical -0.02045 global twist -73.00463 global supercoiling -0.02068
frame 6869 time 3434.5 binding_event at gene tetA enzyme RNAP with twist -69.11504 superhelical -0.01958 global twist -69.11504 global supercoiling -0.01958
frame 6883 time 3441.5 binding_event at DNA_gyrase 18 enzyme gyrase with twist 14.93060 superhelical 0.00967 global twist -69.11504 global supercoiling -0.01968
frame 6890 time 3445.0 unbinding_event at DNA_gyrase 18 enzyme gyrase with twist 22.11138 superhelical 0.03305 global twist -87.96459 global supercoiling -0.02557
frame 6909 time 3454.5 unbinding_event at gene tetA enzyme RNAP with twist -90.65739 superhelical -0.07380 global twist -90.65739 global supercoiling -0.02582
frame 6931 time 3465.5 binding_event at gene Raspberry enzyme RNAP with twist -90.65739 superhelical -0.02568 global twist -90.65739 global supercoiling -0.02568
frame 6951 time 3475.5 binding_event at DNA_gyrase 8 enzyme gyrase with twist 0.83305 superhelical 0.00035 global twist -90.65739 global supercoiling -0.02582
frame 6954 time 3477.0 unbinding_event at DNA_gyrase 8 enzyme gyrase with twist 4.42344 superhelical 0.00896 global twist -98.73577 global supercoiling -0.02871
frame 6958 time 3479.0 unbinding_event at gene Raspberry enzyme RNAP with twist -101.42856 superhelical -0.09503 global twist -101.42856 global supercoiling -0.02889
frame 6966 time 3483.0 binding_event at gene tetA enzyme RNAP with twist -101.42856 superhelical -0.02873 global twist -101.42856 global supercoiling -0.02873
frame 6996 time 3498.0 binding_event at gene mKalama1 enzyme RNAP with twist -157.28522 superhelical -0.06976 global twist -101.42856 global supercoiling -0.02889
frame 7006 time 3503.0 unbinding_event at gene tetA enzyme RNAP with twist -95.37078 superhelical -0.09617 global twist -101.42856 global supercoiling -0.02904
frame 7023 time 3511.5 unbinding_event at gene mKalama1 enzyme RNAP with twist -101.42856 superhelical 0.37966 global twist -101.42856 global supercoiling -0.02889
frame 7080 time 3540.0 binding_event at DNA_topoI 5 enzyme topoI with twist -101.42856 superhelical -0.02873 global twist -101.42856 global supercoiling -0.02873
frame 7091 time 3545.5 unbinding_event at DNA_topoI 5 enzyme topoI with twist -54.75347 superhelical -0.01791 global twist -58.64306 global supercoiling -0.01696
frame 7136 time 3568.0 binding_event at gene tetA enzyme RNAP with twist -54.75347 superhelical -0.01551 global twist -54.75347 global supercoiling -0.01551
frame 7176 time 3588.0 unbinding_event at gene tetA enzyme RNAP with twist -54.75347 superhelical -0.07094 global twist -54.75347 global supercoiling -0.01559
frame 7192 time 3596.0 binding_event at gene tetA enzyme RNAP with twist -54.75347 superhelical -0.01551 global twist -54.75347 global supercoiling -0.01551
frame 7217 time 3608.5 binding_event at gene tetA enzyme RNAP with twist -116.52069 superhelical -0.05382 global twist -54.75347 global supercoiling -0.01559
frame 7223 time 3611.5 binding_event at DNA_gyrase 17 enzyme gyrase with twist 83.30957 superhelical 0.06726 global twist -54.75347 global supercoiling -0.01568
frame 7223 time 3611.5 unbinding_event at DNA_gyrase 17 enzyme gyrase with twist 84.20717 superhelical 0.07731 global twist -54.75347 global supercoiling -0.01568
frame 7226 time 3613.0 binding_event at DNA_topoI 37 enzyme topoI with twist -125.50408 superhelical -0.06684 global twist -57.44627 global supercoiling -0.01645
frame 7232 time 3616.0 unbinding_event at gene tetA enzyme RNAP with twist 93.19056 superhelical -0.05430 global twist -34.10872 global supercoiling -0.00997
frame 7242 time 3621.0 unbinding_event at DNA_topoI 37 enzyme topoI with twist -120.41769 superhelical -0.02551 global twist 4.78719 global supercoiling 0.00139
frame 7246 time 3623.0 binding_event at DNA_gyrase 25 enzyme gyrase with twist 139.86565 superhelical 0.10973 global twist 8.67678 global supercoiling 0.00247
frame 7251 time 3625.5 unbinding_event at DNA_gyrase 25 enzyme gyrase with twist 145.25124 superhelical 0.13515 global twist -4.78719 global supercoiling -0.00139
frame 7257 time 3628.5 unbinding_event at gene tetA enzyme RNAP with twist -7.47998 superhelical -0.07107 global twist -7.47998 global supercoiling -0.00213
frame 7258 time 3629.0 binding_event at gene tetA enzyme RNAP with twist -7.47998 superhelical -0.00212 global twist -7.47998 global supercoiling -0.00212
frame 7298 time 3649.0 unbinding_event at gene tetA enzyme RNAP with twist -7.47998 superhelical -0.06152 global twist -7.47998 global supercoiling -0.00213
frame 7325 time 3662.5 binding_event at gene tetA enzyme RNAP with twist -7.47998 superhelical -0.00212 global twist -7.47998 global supercoiling -0.00212
frame 7347 time 3673.5 binding_event at gene tetA enzyme RNAP with twist -82.64448 superhelical -0.03915 global twist -7.47998 global supercoiling -0.00213
frame 7365 time 3682.5 unbinding_event at gene tetA enzyme RNAP with twist 128.53619 superhelical -0.03950 global twist -7.47998 global supercoiling -0.00214
frame 7369 time 3684.5 binding_event at DNA_topoI 26 enzyme topoI with twist -146.78734 superhelical -0.06953 global twist -7.47998 global supercoiling -0.00213
frame 7369 time 3684.5 unbinding_event at DNA_topoI 26 enzyme topoI with twist -146.48815 superhelical -0.01859 global twist -7.47998 global supercoiling -0.00213
frame 7387 time 3693.5 unbinding_event at gene tetA enzyme RNAP with twist -3.59039 superhelical -0.08609 global twist -3.59039 global supercoiling -0.00102
frame 7393 time 3696.5 binding_event at DNA_gyrase 15 enzyme gyrase with twist -3.59039 superhelical -0.00102 global twist -3.59039 global supercoiling -0.00102
frame 7393 time 3696.5 unbinding_event at DNA_gyrase 15 enzyme gyrase with twist -6.28319 superhelical -0.00153 global twist -3.59039 global supercoiling -0.00102
frame 7415 time 3707.5 binding_event at gene tetA enzyme RNAP with twist -6.28319 superhelical -0.00178 global twist -6.28319 global supercoiling -0.00178
frame 7455 time 3727.5 unbinding_event at gene tetA enzyme RNAP with twist -6.28319 superhelical -0.06128 global twist -6.28319 global supercoiling -0.00179
frame 7468 time 3734.0 binding_event at gene tetA enzyme RNAP with twist -6.28319 superhelical -0.00178 global twist -6.28319 global supercoiling -0.00178
frame 7508 time 3754.0 unbinding_event at gene tetA enzyme RNAP with twist -6.28319 superhelical -0.06128 global twist -6.28319 global supercoiling -0.00179
frame 7537 time 3768.5 binding_event at DNA_gyrase 3 enzyme gyrase with twist -6.28319 superhelical -0.00178 global twist -6.28319 global supercoiling -0.00178
frame 7545 time 3772.5 unbinding_event at DNA_gyrase 3 enzyme gyrase with twist -30.51833 superhelical -0.00819 global twist -27.82553 global supercoiling -0.00804
frame 7551 time 3775.5 binding_event at gene mKalama1 enzyme RNAP with twist -30.51833 superhelical -0.00864 global twist -30.51833 global supercoiling -0.00864
frame 7578 time 3789.0 unbinding_event at gene mKalama1 enzyme RNAP with twist -30.51833 superhelical 0.65536 global twist -30.51833 global supercoiling -0.00869
frame 7604 time 3802.0 binding_event at DNA_gyrase 27 enzyme gyrase with twist -30.51833 superhelical -0.00864 global twist -30.51833 global supercoiling -0.00864
frame 7604 time 3802.0 unbinding_event at DNA_gyrase 27 enzyme gyrase with twist -33.21112 superhelical -0.04900 global twist -30.51833 global supercoiling -0.00864
frame 7618 time 3809.0 binding_event at DNA_gyrase 13 enzyme gyrase with twist -33.21112 superhelical -0.00941 global twist -33.21112 global supercoiling -0.00941
frame 7619 time 3809.5 unbinding_event at DNA_gyrase 13 enzyme gyrase with twist -38.59671 superhelical -0.01063 global twist -35.90392 global supercoiling -0.01038
frame 7644 time 3822.0 binding_event at DNA_gyrase 21 enzyme gyrase with twist -38.59671 superhelical -0.01093 global twist -38.59671 global supercoiling -0.01093
frame 7644 time 3822.0 unbinding_event at DNA_gyrase 21 enzyme gyrase with twist -41.28950 superhelical -0.01158 global twist -38.59671 global supercoiling -0.01093
frame 7648 time 3824.0 binding_event at DNA_topoI 40 enzyme topoI with twist -41.28950 superhelical -0.01169 global twist -41.28950 global supercoiling -0.01169
frame 7653 time 3826.5 unbinding_event at DNA_topoI 40 enzyme topoI with twist -17.95196 superhelical 0.00013 global twist -21.84155 global supercoiling -0.00631
frame 7658 time 3829.0 binding_event at gene Raspberry enzyme RNAP with twist -17.95196 superhelical -0.00508 global twist -17.95196 global supercoiling -0.00508
frame 7685 time 3842.5 unbinding_event at gene Raspberry enzyme RNAP with twist -17.95196 superhelical -0.08255 global twist -17.95196 global supercoiling -0.00511
frame 7691 time 3845.5 binding_event at gene tetA enzyme RNAP with twist -17.95196 superhelical -0.00508 global twist -17.95196 global supercoiling -0.00508
frame 7708 time 3854.0 binding_event at DNA_topoI 40 enzyme topoI with twist -69.81072 superhelical -0.03454 global twist -17.95196 global supercoiling -0.00511
frame 7709 time 3854.5 unbinding_event at DNA_topoI 40 enzyme topoI with twist -69.21232 superhelical -0.03179 global twist -14.06237 global supercoiling -0.00409
frame 7718 time 3859.0 binding_event at DNA_topoI 0 enzyme topoI with twist -97.93546 superhelical -0.04450 global twist -10.17278 global supercoiling -0.00290
frame 7724 time 3862.0 unbinding_event at DNA_topoI 0 enzyme topoI with twist -95.84106 superhelical -0.03792 global twist 13.16477 global supercoiling 0.00383
frame 7731 time 3865.5 unbinding_event at gene tetA enzyme RNAP with twist 17.05436 superhelical -0.04933 global twist 17.05436 global supercoiling 0.00486
frame 7738 time 3869.0 binding_event at gene tetA enzyme RNAP with twist 17.05436 superhelical 0.00483 global twist 17.05436 global supercoiling 0.00483
frame 7778 time 3889.0 unbinding_event at gene tetA enzyme RNAP with twist 17.05436 superhelical -0.05663 global twist 17.05436 global supercoiling 0.00486
frame 7804 time 3902.0 binding_event at DNA_gyrase 45 enzyme gyrase with twist 17.05436 superhelical 0.00483 global twist 17.05436 global supercoiling 0.00483
frame 7811 time 3905.5 unbinding_event at DNA_gyrase 45 enzyme gyrase with twist -4.48799 superhelical -0.00319 global twist -1.79520 global supercoiling -0.00052
frame 7869 time 3934.5 binding_event at DNA_gyrase 30 enzyme gyrase with twist -4.48799 superhelical -0.00127 global twist -4.48799 global supercoiling -0.00127
frame 7877 time 3938.5 unbinding_event at DNA_gyrase 30 enzyme gyrase with twist -28.72313 superhelical -0.04998 global twist -26.03034 global supercoiling -0.00753
frame 7950 time 3975.0 binding_event at DNA_gyrase 43 enzyme gyrase with twist -28.72313 superhelical -0.00814 global twist -28.72313 global supercoiling -0.00814
frame 7955 time 3977.5 unbinding_event at DNA_gyrase 43 enzyme gyrase with twist -44.87990 superhelical -0.01514 global twist -42.18710 global supercoiling -0.01220
frame 7989 time 3994.5 binding_event at DNA_gyrase 21 enzyme gyrase with twist -44.87990 superhelical -0.01271 global twist -44.87990 global supercoiling -0.01271
frame 7995 time 3997.5 binding_event at gene tetA enzyme RNAP with twist -49.51075 superhelical -0.01551 global twist -61.03666 global supercoiling -0.01765
