TORCphysics log file 

General information: 
---------------------------------------------------------------------------------------
Circuit name: Pleu500_75
Size: 6000
Structure: circle
Number of sites: 110
Number of frames: 8000
Simulation time: 4000.0
Simulation timestep: 0.5
Seed: 4043647132803078932
 
Overall simulation information 
---------------------------------------------------------------------------------------
Initial twist: -211.83310
Final twist: -55.95027
Initial superhelical density: -0.06000
Final superhelical density: -0.01585
 
Overall rates 
---------------------------------------------------------------------------------------
site type            site name            #binding events      #unbinding events    binding rates        
 DNA_topoI            DNA_topoI_global                     52.0                 52.0                 0.013 
DNA_gyrase           DNA_gyrase_global                    60.0                 60.0                 0.015 
EXT                  EXT                                   0.0                  0.0                   0.0 
gene                 tetA                                 52.0                 52.0                 0.013 
gene                 CDS                                   0.0                  0.0                   0.0 
origin               ori                                   0.0                  0.0                   0.0 
lacOP                lac1                                  0.0                  0.0                   0.0 
gene                 mKalama1                             14.0                 14.0                0.0035 
lacOP                lac2                                  0.0                  0.0                   0.0 
gene                 Raspberry                             5.0                  5.0               0.00125 
 
Events
---------------------------------------------------------------------------------------
frame 14 time 7.0 binding_event at DNA_topoI 24 enzyme topoI with twist -211.83310 superhelical -0.06000 global twist -211.83310 global supercoiling -0.06000
frame 22 time 11.0 unbinding_event at DNA_topoI 24 enzyme topoI with twist -176.82679 superhelical -0.05611 global twist -180.71638 global supercoiling -0.05225
frame 48 time 24.0 binding_event at DNA_topoI 29 enzyme topoI with twist -176.82679 superhelical -0.05008 global twist -176.82679 global supercoiling -0.05008
frame 52 time 26.0 unbinding_event at DNA_topoI 29 enzyme topoI with twist -157.37883 superhelical 0.00377 global twist -161.26842 global supercoiling -0.04663
frame 236 time 118.0 binding_event at DNA_topoI 10 enzyme topoI with twist -157.37883 superhelical -0.04458 global twist -157.37883 global supercoiling -0.04458
frame 241 time 120.5 unbinding_event at DNA_topoI 10 enzyme topoI with twist -134.04129 superhelical -0.04065 global twist -137.93088 global supercoiling -0.03988
frame 249 time 124.5 binding_event at DNA_gyrase 35 enzyme gyrase with twist -134.04129 superhelical -0.03797 global twist -134.04129 global supercoiling -0.03797
frame 251 time 125.5 unbinding_event at DNA_gyrase 35 enzyme gyrase with twist -142.11967 superhelical -0.04540 global twist -139.42687 global supercoiling -0.04031
frame 286 time 143.0 binding_event at gene tetA enzyme RNAP with twist -142.11967 superhelical -0.04025 global twist -142.11967 global supercoiling -0.04025
frame 290 time 145.0 binding_event at DNA_topoI 27 enzyme topoI with twist -83.82292 superhelical -0.04688 global twist -142.11967 global supercoiling -0.04047
frame 290 time 145.0 unbinding_event at DNA_topoI 27 enzyme topoI with twist -83.52372 superhelical 0.00919 global twist -142.11967 global supercoiling -0.04047
frame 326 time 163.0 unbinding_event at gene tetA enzyme RNAP with twist -138.23008 superhelical -0.08677 global twist -138.23008 global supercoiling -0.03937
frame 386 time 193.0 binding_event at gene Raspberry enzyme RNAP with twist -138.23008 superhelical -0.03915 global twist -138.23008 global supercoiling -0.03915
frame 413 time 206.5 unbinding_event at gene Raspberry enzyme RNAP with twist -138.23008 superhelical -0.10319 global twist -138.23008 global supercoiling -0.03937
frame 429 time 214.5 binding_event at gene tetA enzyme RNAP with twist -138.23008 superhelical -0.03915 global twist -138.23008 global supercoiling -0.03915
frame 455 time 227.5 binding_event at DNA_topoI 36 enzyme topoI with twist -160.91049 superhelical -0.07371 global twist -138.23008 global supercoiling -0.03937
frame 455 time 227.5 unbinding_event at DNA_topoI 36 enzyme topoI with twist -160.61129 superhelical -0.07336 global twist -138.23008 global supercoiling -0.03937
frame 469 time 234.5 unbinding_event at gene tetA enzyme RNAP with twist -134.34049 superhelical -0.08599 global twist -134.34049 global supercoiling -0.03826
frame 546 time 273.0 binding_event at DNA_topoI 0 enzyme topoI with twist -134.34049 superhelical -0.03805 global twist -134.34049 global supercoiling -0.03805
frame 549 time 274.5 unbinding_event at DNA_topoI 0 enzyme topoI with twist -118.78212 superhelical -0.03422 global twist -122.67171 global supercoiling -0.03547
frame 550 time 275.0 binding_event at DNA_gyrase 40 enzyme gyrase with twist -118.78212 superhelical -0.03364 global twist -118.78212 global supercoiling -0.03364
frame 551 time 275.5 binding_event at DNA_topoI 42 enzyme topoI with twist -86.91885 superhelical -0.03488 global twist -121.47492 global supercoiling -0.03512
frame 554 time 277.0 unbinding_event at DNA_topoI 42 enzyme topoI with twist -76.74607 superhelical -0.00258 global twist -117.88452 global supercoiling -0.03481
frame 557 time 278.5 unbinding_event at DNA_gyrase 40 enzyme gyrase with twist -124.76611 superhelical -0.04548 global twist -122.07331 global supercoiling -0.03529
frame 595 time 297.5 binding_event at DNA_topoI 46 enzyme topoI with twist -124.76611 superhelical -0.03534 global twist -124.76611 global supercoiling -0.03534
frame 597 time 298.5 unbinding_event at DNA_topoI 46 enzyme topoI with twist -113.09734 superhelical -0.03190 global twist -116.98693 global supercoiling -0.03382
frame 616 time 308.0 binding_event at DNA_gyrase 49 enzyme gyrase with twist -113.09734 superhelical -0.03203 global twist -113.09734 global supercoiling -0.03203
frame 617 time 308.5 unbinding_event at DNA_gyrase 49 enzyme gyrase with twist -118.48292 superhelical -0.03437 global twist -115.79013 global supercoiling -0.03348
frame 624 time 312.0 binding_event at DNA_gyrase 16 enzyme gyrase with twist -118.48292 superhelical -0.03356 global twist -118.48292 global supercoiling -0.03356
frame 641 time 320.5 binding_event at DNA_topoI 26 enzyme topoI with twist -119.97095 superhelical -0.04233 global twist -164.26042 global supercoiling -0.04749
frame 645 time 322.5 unbinding_event at DNA_gyrase 16 enzyme gyrase with twist -166.38191 superhelical -0.04119 global twist -159.47323 global supercoiling -0.04708
frame 646 time 323.0 binding_event at DNA_topoI 37 enzyme topoI with twist -166.38191 superhelical -0.04758 global twist -158.27643 global supercoiling -0.04576
frame 646 time 323.0 unbinding_event at DNA_topoI 37 enzyme topoI with twist -160.54753 superhelical -0.04316 global twist -158.27643 global supercoiling -0.04576
frame 649 time 324.5 unbinding_event at DNA_topoI 26 enzyme topoI with twist -138.82848 superhelical 0.41477 global twist -142.71807 global supercoiling -0.04126
frame 736 time 368.0 binding_event at gene mKalama1 enzyme RNAP with twist -138.82848 superhelical -0.03932 global twist -138.82848 global supercoiling -0.03932
frame 739 time 369.5 binding_event at DNA_gyrase 46 enzyme gyrase with twist -124.00108 superhelical -0.04250 global twist -138.82848 global supercoiling -0.03954
frame 743 time 371.5 unbinding_event at DNA_gyrase 46 enzyme gyrase with twist -155.41701 superhelical -0.06732 global twist -149.59965 global supercoiling -0.04349
frame 763 time 381.5 unbinding_event at gene mKalama1 enzyme RNAP with twist -152.29244 superhelical 0.51744 global twist -152.29244 global supercoiling -0.04337
frame 829 time 414.5 binding_event at DNA_gyrase 23 enzyme gyrase with twist -152.29244 superhelical -0.04314 global twist -152.29244 global supercoiling -0.04314
frame 830 time 415.0 unbinding_event at DNA_gyrase 23 enzyme gyrase with twist -157.67803 superhelical -0.04484 global twist -154.98524 global supercoiling -0.04481
frame 840 time 420.0 binding_event at gene tetA enzyme RNAP with twist -157.67803 superhelical -0.04466 global twist -157.67803 global supercoiling -0.04466
frame 841 time 420.5 binding_event at DNA_topoI 36 enzyme topoI with twist -80.65593 superhelical -0.04651 global twist -157.67803 global supercoiling -0.04490
frame 843 time 421.5 unbinding_event at DNA_topoI 36 enzyme topoI with twist -79.75833 superhelical -0.03994 global twist -149.89885 global supercoiling -0.04358
frame 850 time 425.0 binding_event at DNA_topoI 45 enzyme topoI with twist -101.30068 superhelical -0.05344 global twist -146.00926 global supercoiling -0.04158
frame 852 time 426.0 unbinding_event at DNA_topoI 45 enzyme topoI with twist -100.40309 superhelical -0.05114 global twist -138.23008 global supercoiling -0.04019
frame 880 time 440.0 unbinding_event at gene tetA enzyme RNAP with twist -134.34049 superhelical -0.08194 global twist -134.34049 global supercoiling -0.03826
frame 893 time 446.5 binding_event at DNA_topoI 46 enzyme topoI with twist -134.34049 superhelical -0.03805 global twist -134.34049 global supercoiling -0.03805
frame 896 time 448.0 unbinding_event at DNA_topoI 46 enzyme topoI with twist -118.78212 superhelical -0.03328 global twist -122.67171 global supercoiling -0.03547
frame 931 time 465.5 binding_event at DNA_topoI 16 enzyme topoI with twist -118.78212 superhelical -0.03364 global twist -118.78212 global supercoiling -0.03364
frame 931 time 465.5 unbinding_event at DNA_topoI 16 enzyme topoI with twist -114.89253 superhelical -0.03366 global twist -118.78212 global supercoiling -0.03364
frame 961 time 480.5 binding_event at DNA_topoI 2 enzyme topoI with twist -114.89253 superhelical -0.03254 global twist -114.89253 global supercoiling -0.03254
frame 965 time 482.5 unbinding_event at DNA_topoI 2 enzyme topoI with twist -95.44458 superhelical -0.02790 global twist -99.33417 global supercoiling -0.02872
frame 1011 time 505.5 binding_event at DNA_gyrase 37 enzyme gyrase with twist -95.44458 superhelical -0.02703 global twist -95.44458 global supercoiling -0.02703
frame 1013 time 506.5 unbinding_event at DNA_gyrase 37 enzyme gyrase with twist -103.52296 superhelical -0.03297 global twist -100.83016 global supercoiling -0.02915
frame 1025 time 512.5 binding_event at DNA_topoI 22 enzyme topoI with twist -103.52296 superhelical -0.02932 global twist -103.52296 global supercoiling -0.02932
frame 1029 time 514.5 unbinding_event at DNA_topoI 22 enzyme topoI with twist -84.07500 superhelical -0.02695 global twist -87.96459 global supercoiling -0.02543
frame 1033 time 516.5 binding_event at DNA_topoI 1 enzyme topoI with twist -84.07500 superhelical -0.02381 global twist -84.07500 global supercoiling -0.02381
frame 1035 time 517.5 binding_event at DNA_gyrase 41 enzyme gyrase with twist -38.81702 superhelical -0.02209 global twist -76.29582 global supercoiling -0.02206
frame 1035 time 517.5 unbinding_event at DNA_gyrase 41 enzyme gyrase with twist -39.56502 superhelical -0.02433 global twist -76.29582 global supercoiling -0.02206
frame 1036 time 518.0 unbinding_event at DNA_topoI 1 enzyme topoI with twist -71.20943 superhelical -0.02141 global twist -75.09902 global supercoiling -0.02171
frame 1064 time 532.0 binding_event at DNA_gyrase 18 enzyme gyrase with twist -71.20943 superhelical -0.02017 global twist -71.20943 global supercoiling -0.02017
frame 1066 time 533.0 binding_event at gene mKalama1 enzyme RNAP with twist -63.99697 superhelical -0.02149 global twist -76.59502 global supercoiling -0.02215
frame 1067 time 533.5 unbinding_event at DNA_gyrase 18 enzyme gyrase with twist -75.15558 superhelical -0.02551 global twist -79.28781 global supercoiling -0.02305
frame 1093 time 546.5 unbinding_event at gene mKalama1 enzyme RNAP with twist -81.98061 superhelical 0.59750 global twist -81.98061 global supercoiling -0.02335
frame 1100 time 550.0 binding_event at DNA_topoI 10 enzyme topoI with twist -81.98061 superhelical -0.02322 global twist -81.98061 global supercoiling -0.02322
frame 1100 time 550.0 unbinding_event at DNA_topoI 10 enzyme topoI with twist -78.09102 superhelical -0.02289 global twist -81.98061 global supercoiling -0.02322
frame 1122 time 561.0 binding_event at gene tetA enzyme RNAP with twist -78.09102 superhelical -0.02212 global twist -78.09102 global supercoiling -0.02212
frame 1162 time 581.0 unbinding_event at gene tetA enzyme RNAP with twist -78.09102 superhelical -0.07559 global twist -78.09102 global supercoiling -0.02224
frame 1180 time 590.0 binding_event at gene tetA enzyme RNAP with twist -78.09102 superhelical -0.02212 global twist -78.09102 global supercoiling -0.02212
frame 1187 time 593.5 binding_event at gene tetA enzyme RNAP with twist -63.29993 superhelical -0.03437 global twist -78.09102 global supercoiling -0.02224
frame 1214 time 607.0 binding_event at gene tetA enzyme RNAP with twist -156.54142 superhelical -0.07113 global twist -78.09102 global supercoiling -0.02236
frame 1220 time 610.0 unbinding_event at gene tetA enzyme RNAP with twist 103.58315 superhelical -0.03473 global twist -78.09102 global supercoiling -0.02248
frame 1227 time 613.5 unbinding_event at gene tetA enzyme RNAP with twist 95.31237 superhelical -0.07175 global twist -78.09102 global supercoiling -0.02236
frame 1229 time 614.5 binding_event at DNA_topoI 30 enzyme topoI with twist -176.99378 superhelical -0.08914 global twist -78.09102 global supercoiling -0.02224
frame 1233 time 616.5 unbinding_event at DNA_topoI 30 enzyme topoI with twist -175.49778 superhelical -0.05343 global twist -62.53265 global supercoiling -0.01818
frame 1254 time 627.0 unbinding_event at gene tetA enzyme RNAP with twist -58.64306 superhelical -0.10231 global twist -58.64306 global supercoiling -0.01670
frame 1328 time 664.0 binding_event at gene tetA enzyme RNAP with twist -58.64306 superhelical -0.01661 global twist -58.64306 global supercoiling -0.01661
frame 1358 time 679.0 binding_event at DNA_topoI 48 enzyme topoI with twist -136.37370 superhelical -0.06048 global twist -58.64306 global supercoiling -0.01670
frame 1363 time 681.5 unbinding_event at DNA_topoI 48 enzyme topoI with twist -134.57850 superhelical -0.05490 global twist -39.19511 global supercoiling -0.01140
frame 1367 time 683.5 binding_event at DNA_gyrase 12 enzyme gyrase with twist 110.04416 superhelical 0.10049 global twist -35.30552 global supercoiling -0.01005
frame 1368 time 684.0 unbinding_event at gene tetA enzyme RNAP with twist -136.07275 superhelical -0.06220 global twist -37.99831 global supercoiling -0.01105
frame 1374 time 687.0 unbinding_event at DNA_gyrase 12 enzyme gyrase with twist -56.84787 superhelical -0.05660 global twist -54.15507 global supercoiling -0.01566
frame 1401 time 700.5 binding_event at gene Raspberry enzyme RNAP with twist -56.84787 superhelical -0.01610 global twist -56.84787 global supercoiling -0.01610
frame 1428 time 714.0 unbinding_event at gene Raspberry enzyme RNAP with twist -56.84787 superhelical -0.08923 global twist -56.84787 global supercoiling -0.01619
frame 1444 time 722.0 binding_event at gene tetA enzyme RNAP with twist -56.84787 superhelical -0.01610 global twist -56.84787 global supercoiling -0.01610
frame 1484 time 742.0 unbinding_event at gene tetA enzyme RNAP with twist -56.84787 superhelical -0.07136 global twist -56.84787 global supercoiling -0.01619
frame 1488 time 744.0 binding_event at gene tetA enzyme RNAP with twist -56.84787 superhelical -0.01610 global twist -56.84787 global supercoiling -0.01610
frame 1516 time 758.0 binding_event at DNA_gyrase 14 enzyme gyrase with twist 71.46764 superhelical 0.05529 global twist -56.84787 global supercoiling -0.01619
frame 1528 time 764.0 unbinding_event at gene tetA enzyme RNAP with twist -119.33360 superhelical -0.07136 global twist -89.16139 global supercoiling -0.02592
frame 1528 time 764.0 unbinding_event at DNA_gyrase 14 enzyme gyrase with twist -91.85419 superhelical -0.07136 global twist -89.16139 global supercoiling -0.02592
frame 1589 time 794.5 binding_event at DNA_gyrase 17 enzyme gyrase with twist -91.85419 superhelical -0.02602 global twist -91.85419 global supercoiling -0.02602
frame 1589 time 794.5 unbinding_event at DNA_gyrase 17 enzyme gyrase with twist -94.54698 superhelical -0.02702 global twist -91.85419 global supercoiling -0.02602
frame 1599 time 799.5 binding_event at DNA_gyrase 9 enzyme gyrase with twist -94.54698 superhelical -0.02678 global twist -94.54698 global supercoiling -0.02678
frame 1599 time 799.5 unbinding_event at DNA_gyrase 9 enzyme gyrase with twist -97.23977 superhelical -0.02791 global twist -94.54698 global supercoiling -0.02678
frame 1688 time 844.0 binding_event at DNA_topoI 18 enzyme topoI with twist -97.23977 superhelical -0.02754 global twist -97.23977 global supercoiling -0.02754
frame 1692 time 846.0 unbinding_event at DNA_topoI 18 enzyme topoI with twist -77.79182 superhelical -0.02485 global twist -81.68141 global supercoiling -0.02362
frame 1699 time 849.5 binding_event at gene mKalama1 enzyme RNAP with twist -77.79182 superhelical -0.02203 global twist -77.79182 global supercoiling -0.02203
frame 1713 time 856.5 binding_event at gene tetA enzyme RNAP with twist -113.71327 superhelical -0.03650 global twist -77.79182 global supercoiling -0.02215
frame 1726 time 863.0 unbinding_event at gene mKalama1 enzyme RNAP with twist -62.12382 superhelical 0.59516 global twist -77.79182 global supercoiling -0.02228
frame 1751 time 875.5 binding_event at DNA_topoI 3 enzyme topoI with twist -148.29322 superhelical -0.06183 global twist -77.79182 global supercoiling -0.02215
frame 1753 time 876.5 unbinding_event at gene tetA enzyme RNAP with twist 49.17921 superhelical -0.06687 global twist -70.01264 global supercoiling -0.02035
frame 1754 time 877.0 unbinding_event at DNA_topoI 3 enzyme topoI with twist -62.23345 superhelical -0.05965 global twist -66.12305 global supercoiling -0.01912
frame 1791 time 895.5 binding_event at gene tetA enzyme RNAP with twist -62.23345 superhelical -0.01763 global twist -62.23345 global supercoiling -0.01763
frame 1831 time 915.5 unbinding_event at gene tetA enzyme RNAP with twist -62.23345 superhelical -0.07243 global twist -62.23345 global supercoiling -0.01772
frame 1865 time 932.5 binding_event at gene mKalama1 enzyme RNAP with twist -62.23345 superhelical -0.01763 global twist -62.23345 global supercoiling -0.01763
frame 1892 time 946.0 unbinding_event at gene mKalama1 enzyme RNAP with twist -62.23345 superhelical 0.61497 global twist -62.23345 global supercoiling -0.01772
frame 1920 time 960.0 binding_event at gene mKalama1 enzyme RNAP with twist -62.23345 superhelical -0.01763 global twist -62.23345 global supercoiling -0.01763
frame 1947 time 973.5 unbinding_event at gene mKalama1 enzyme RNAP with twist -62.23345 superhelical 0.61497 global twist -62.23345 global supercoiling -0.01772
frame 2038 time 1019.0 binding_event at DNA_topoI 23 enzyme topoI with twist -62.23345 superhelical -0.01763 global twist -62.23345 global supercoiling -0.01763
frame 2039 time 1019.5 unbinding_event at DNA_topoI 23 enzyme topoI with twist -54.45427 superhelical -0.01683 global twist -58.34386 global supercoiling -0.01687
frame 2047 time 1023.5 binding_event at DNA_topoI 49 enzyme topoI with twist -54.45427 superhelical -0.01542 global twist -54.45427 global supercoiling -0.01542
frame 2050 time 1025.0 binding_event at DNA_topoI 12 enzyme topoI with twist -23.22045 superhelical -0.01258 global twist -42.78550 global supercoiling -0.01237
frame 2050 time 1025.0 unbinding_event at DNA_topoI 12 enzyme topoI with twist -17.38607 superhelical -0.00858 global twist -42.78550 global supercoiling -0.01237
frame 2051 time 1025.5 unbinding_event at DNA_topoI 49 enzyme topoI with twist -31.11673 superhelical -0.00972 global twist -35.00632 global supercoiling -0.01012
frame 2066 time 1033.0 binding_event at gene tetA enzyme RNAP with twist -31.11673 superhelical -0.00881 global twist -31.11673 global supercoiling -0.00881
frame 2085 time 1042.5 binding_event at DNA_gyrase 25 enzyme gyrase with twist 52.30909 superhelical 0.03597 global twist -31.11673 global supercoiling -0.00886
frame 2086 time 1043.0 unbinding_event at DNA_gyrase 25 enzyme gyrase with twist 54.10429 superhelical 0.04094 global twist -33.80952 global supercoiling -0.00983
frame 2097 time 1048.5 binding_event at gene tetA enzyme RNAP with twist -126.51052 superhelical -0.05566 global twist -36.50231 global supercoiling -0.01040
frame 2101 time 1050.5 binding_event at DNA_topoI 38 enzyme topoI with twist -110.70574 superhelical -0.06192 global twist -36.50231 global supercoiling -0.01045
frame 2103 time 1051.5 unbinding_event at DNA_topoI 38 enzyme topoI with twist -109.80815 superhelical -0.05742 global twist -28.72313 global supercoiling -0.00840
frame 2106 time 1053.0 unbinding_event at gene tetA enzyme RNAP with twist 95.74578 superhelical -0.05614 global twist -24.83354 global supercoiling -0.00711
frame 2115 time 1057.5 binding_event at gene tetA enzyme RNAP with twist -149.30245 superhelical -0.07321 global twist -24.83354 global supercoiling -0.00707
frame 2137 time 1068.5 unbinding_event at gene tetA enzyme RNAP with twist 184.58179 superhelical -0.07391 global twist -24.83354 global supercoiling -0.00711
frame 2139 time 1069.5 binding_event at gene mKalama1 enzyme RNAP with twist -213.00572 superhelical -0.09921 global twist -24.83354 global supercoiling -0.00707
frame 2155 time 1077.5 unbinding_event at gene tetA enzyme RNAP with twist -21.05800 superhelical -0.12926 global twist -24.83354 global supercoiling -0.00711
frame 2166 time 1083.0 unbinding_event at gene mKalama1 enzyme RNAP with twist -24.83354 superhelical 0.24666 global twist -24.83354 global supercoiling -0.00707
frame 2242 time 1121.0 binding_event at gene tetA enzyme RNAP with twist -24.83354 superhelical -0.00703 global twist -24.83354 global supercoiling -0.00703
frame 2249 time 1124.5 binding_event at DNA_gyrase 19 enzyme gyrase with twist 12.43666 superhelical 0.00745 global twist -24.83354 global supercoiling -0.00707
frame 2249 time 1124.5 unbinding_event at DNA_gyrase 19 enzyme gyrase with twist 13.33425 superhelical 0.00982 global twist -24.83354 global supercoiling -0.00707
frame 2282 time 1141.0 unbinding_event at gene tetA enzyme RNAP with twist -27.52634 superhelical -0.06498 global twist -27.52634 global supercoiling -0.00784
frame 2417 time 1208.5 binding_event at gene tetA enzyme RNAP with twist -27.52634 superhelical -0.00780 global twist -27.52634 global supercoiling -0.00780
frame 2457 time 1228.5 unbinding_event at gene tetA enzyme RNAP with twist -27.52634 superhelical -0.06552 global twist -27.52634 global supercoiling -0.00784
frame 2485 time 1242.5 binding_event at gene tetA enzyme RNAP with twist -27.52634 superhelical -0.00780 global twist -27.52634 global supercoiling -0.00780
frame 2516 time 1258.0 binding_event at DNA_topoI 30 enzyme topoI with twist -124.75571 superhelical -0.05489 global twist -27.52634 global supercoiling -0.00784
frame 2518 time 1259.0 unbinding_event at DNA_topoI 30 enzyme topoI with twist -123.85811 superhelical -0.03325 global twist -19.74715 global supercoiling -0.00574
frame 2525 time 1262.5 unbinding_event at gene tetA enzyme RNAP with twist -15.85756 superhelical -0.06076 global twist -15.85756 global supercoiling -0.00452
frame 2591 time 1295.5 binding_event at gene mKalama1 enzyme RNAP with twist -15.85756 superhelical -0.00449 global twist -15.85756 global supercoiling -0.00449
frame 2602 time 1301.0 binding_event at DNA_gyrase 7 enzyme gyrase with twist -52.42790 superhelical -0.01713 global twist -15.85756 global supercoiling -0.00452
frame 2607 time 1303.5 unbinding_event at DNA_gyrase 7 enzyme gyrase with twist -90.12701 superhelical -0.03272 global twist -29.32153 global supercoiling -0.00852
frame 2618 time 1309.0 unbinding_event at gene mKalama1 enzyme RNAP with twist -32.01433 superhelical 0.67402 global twist -32.01433 global supercoiling -0.00912
frame 2636 time 1318.0 binding_event at gene tetA enzyme RNAP with twist -32.01433 superhelical -0.00907 global twist -32.01433 global supercoiling -0.00907
frame 2670 time 1335.0 binding_event at DNA_gyrase 13 enzyme gyrase with twist 105.70607 superhelical 0.08922 global twist -32.01433 global supercoiling -0.00912
frame 2671 time 1335.5 unbinding_event at DNA_gyrase 13 enzyme gyrase with twist 107.50127 superhelical 0.12830 global twist -34.70712 global supercoiling -0.01009
frame 2676 time 1338.0 unbinding_event at gene tetA enzyme RNAP with twist -37.39991 superhelical -0.06641 global twist -37.39991 global supercoiling -0.01065
frame 2746 time 1373.0 binding_event at DNA_topoI 46 enzyme topoI with twist -37.39991 superhelical -0.01059 global twist -37.39991 global supercoiling -0.01059
frame 2749 time 1374.5 unbinding_event at DNA_topoI 46 enzyme topoI with twist -21.84155 superhelical -0.00525 global twist -25.73114 global supercoiling -0.00744
frame 2826 time 1413.0 binding_event at DNA_gyrase 9 enzyme gyrase with twist -21.84155 superhelical -0.00619 global twist -21.84155 global supercoiling -0.00619
frame 2826 time 1413.0 unbinding_event at DNA_gyrase 9 enzyme gyrase with twist -24.53434 superhelical -0.00689 global twist -21.84155 global supercoiling -0.00619
frame 2918 time 1459.0 binding_event at gene Raspberry enzyme RNAP with twist -24.53434 superhelical -0.00695 global twist -24.53434 global supercoiling -0.00695
frame 2945 time 1472.5 binding_event at DNA_gyrase 47 enzyme gyrase with twist 77.73288 superhelical 0.03433 global twist -24.53434 global supercoiling -0.00699
frame 2945 time 1472.5 unbinding_event at gene Raspberry enzyme RNAP with twist -96.40041 superhelical -0.08368 global twist -24.53434 global supercoiling -0.00699
frame 2949 time 1474.5 unbinding_event at DNA_gyrase 47 enzyme gyrase with twist -37.99831 superhelical -0.06926 global twist -35.30552 global supercoiling -0.01021
frame 3016 time 1508.0 binding_event at gene tetA enzyme RNAP with twist -37.99831 superhelical -0.01076 global twist -37.99831 global supercoiling -0.01076
frame 3039 time 1519.5 binding_event at gene tetA enzyme RNAP with twist -101.15078 superhelical -0.04751 global twist -37.99831 global supercoiling -0.01082
frame 3054 time 1527.0 binding_event at DNA_gyrase 18 enzyme gyrase with twist 117.00834 superhelical 0.10513 global twist -37.99831 global supercoiling -0.01088
frame 3056 time 1528.0 unbinding_event at gene tetA enzyme RNAP with twist 50.79828 superhelical -0.04794 global twist -43.38390 global supercoiling -0.01268
frame 3056 time 1528.0 unbinding_event at DNA_gyrase 18 enzyme gyrase with twist 100.82501 superhelical -0.04794 global twist -43.38390 global supercoiling -0.01268
frame 3079 time 1539.5 unbinding_event at gene tetA enzyme RNAP with twist -46.07669 superhelical -0.09358 global twist -46.07669 global supercoiling -0.01312
frame 3118 time 1559.0 binding_event at DNA_gyrase 38 enzyme gyrase with twist -46.07669 superhelical -0.01305 global twist -46.07669 global supercoiling -0.01305
frame 3121 time 1560.5 unbinding_event at DNA_gyrase 38 enzyme gyrase with twist -56.84787 superhelical -0.01986 global twist -54.15507 global supercoiling -0.01566
frame 3142 time 1571.0 binding_event at DNA_gyrase 30 enzyme gyrase with twist -56.84787 superhelical -0.01610 global twist -56.84787 global supercoiling -0.01610
frame 3143 time 1571.5 unbinding_event at DNA_gyrase 30 enzyme gyrase with twist -62.23345 superhelical -0.02725 global twist -59.54066 global supercoiling -0.01721
frame 3270 time 1635.0 binding_event at DNA_topoI 40 enzyme topoI with twist -62.23345 superhelical -0.01763 global twist -62.23345 global supercoiling -0.01763
frame 3274 time 1637.0 unbinding_event at DNA_topoI 40 enzyme topoI with twist -42.78550 superhelical -0.00794 global twist -46.67509 global supercoiling -0.01349
frame 3301 time 1650.5 binding_event at gene tetA enzyme RNAP with twist -42.78550 superhelical -0.01212 global twist -42.78550 global supercoiling -0.01212
frame 3323 time 1661.5 binding_event at DNA_topoI 28 enzyme topoI with twist -99.90014 superhelical -0.04732 global twist -42.78550 global supercoiling -0.01218
frame 3332 time 1666.0 unbinding_event at DNA_topoI 28 enzyme topoI with twist -96.90814 superhelical 0.13567 global twist -7.77918 global supercoiling -0.00226
frame 3341 time 1670.5 unbinding_event at gene tetA enzyme RNAP with twist -3.88959 superhelical -0.05270 global twist -3.88959 global supercoiling -0.00111
frame 3358 time 1679.0 binding_event at DNA_gyrase 11 enzyme gyrase with twist -3.88959 superhelical -0.00110 global twist -3.88959 global supercoiling -0.00110
frame 3371 time 1685.5 unbinding_event at DNA_gyrase 11 enzyme gyrase with twist -41.58870 superhelical -0.00874 global twist -38.89591 global supercoiling -0.01125
frame 3377 time 1688.5 binding_event at gene tetA enzyme RNAP with twist -41.58870 superhelical -0.01178 global twist -41.58870 global supercoiling -0.01178
frame 3417 time 1708.5 unbinding_event at gene tetA enzyme RNAP with twist -41.58870 superhelical -0.06832 global twist -41.58870 global supercoiling -0.01184
frame 3631 time 1815.5 binding_event at DNA_gyrase 43 enzyme gyrase with twist -41.58870 superhelical -0.01178 global twist -41.58870 global supercoiling -0.01178
frame 3640 time 1820.0 unbinding_event at DNA_gyrase 43 enzyme gyrase with twist -68.51664 superhelical -0.02341 global twist -65.82385 global supercoiling -0.01903
frame 3743 time 1871.5 binding_event at DNA_topoI 0 enzyme topoI with twist -68.51664 superhelical -0.01941 global twist -68.51664 global supercoiling -0.01941
frame 3744 time 1872.0 unbinding_event at DNA_topoI 0 enzyme topoI with twist -60.73746 superhelical -0.01750 global twist -64.62705 global supercoiling -0.01869
frame 3798 time 1899.0 binding_event at DNA_gyrase 29 enzyme gyrase with twist -60.73746 superhelical -0.01720 global twist -60.73746 global supercoiling -0.01720
frame 3798 time 1899.0 unbinding_event at DNA_gyrase 29 enzyme gyrase with twist -63.43025 superhelical -0.02516 global twist -60.73746 global supercoiling -0.01720
frame 3869 time 1934.5 binding_event at gene mKalama1 enzyme RNAP with twist -63.43025 superhelical -0.01797 global twist -63.43025 global supercoiling -0.01797
frame 3896 time 1948.0 unbinding_event at gene mKalama1 enzyme RNAP with twist -63.43025 superhelical 0.61345 global twist -63.43025 global supercoiling -0.01806
frame 4010 time 2005.0 binding_event at gene tetA enzyme RNAP with twist -63.43025 superhelical -0.01797 global twist -63.43025 global supercoiling -0.01797
frame 4048 time 2024.0 binding_event at DNA_topoI 36 enzyme topoI with twist -167.43658 superhelical -0.06981 global twist -63.43025 global supercoiling -0.01806
frame 4049 time 2024.5 unbinding_event at DNA_topoI 36 enzyme topoI with twist -166.83818 superhelical -0.06625 global twist -59.54066 global supercoiling -0.01731
frame 4050 time 2025.0 unbinding_event at gene tetA enzyme RNAP with twist -55.65107 superhelical -0.06950 global twist -55.65107 global supercoiling -0.01585
frame 4053 time 2026.5 binding_event at gene tetA enzyme RNAP with twist -55.65107 superhelical -0.01576 global twist -55.65107 global supercoiling -0.01576
frame 4070 time 2035.0 binding_event at DNA_gyrase 1 enzyme gyrase with twist -88.23626 superhelical -0.04365 global twist -55.65107 global supercoiling -0.01585
frame 4078 time 2039.0 unbinding_event at DNA_gyrase 1 enzyme gyrase with twist -144.78493 superhelical -0.05216 global twist -77.19342 global supercoiling -0.02244
frame 4093 time 2046.5 unbinding_event at gene tetA enzyme RNAP with twist -79.88621 superhelical -0.08100 global twist -79.88621 global supercoiling -0.02275
frame 4249 time 2124.5 binding_event at gene mKalama1 enzyme RNAP with twist -79.88621 superhelical -0.02263 global twist -79.88621 global supercoiling -0.02263
frame 4276 time 2138.0 unbinding_event at gene mKalama1 enzyme RNAP with twist -79.88621 superhelical 0.59250 global twist -79.88621 global supercoiling -0.02275
frame 4290 time 2145.0 binding_event at gene mKalama1 enzyme RNAP with twist -79.88621 superhelical -0.02263 global twist -79.88621 global supercoiling -0.02263
frame 4298 time 2149.0 binding_event at DNA_topoI 36 enzyme topoI with twist -93.87913 superhelical -0.03121 global twist -79.88621 global supercoiling -0.02275
frame 4298 time 2149.0 unbinding_event at DNA_topoI 36 enzyme topoI with twist -93.57993 superhelical -0.03811 global twist -79.88621 global supercoiling -0.02275
frame 4303 time 2151.5 binding_event at gene tetA enzyme RNAP with twist -107.94150 superhelical -0.03485 global twist -75.99662 global supercoiling -0.02164
frame 4317 time 2158.5 unbinding_event at gene mKalama1 enzyme RNAP with twist -66.90061 superhelical 0.59250 global twist -75.99662 global supercoiling -0.02176
frame 4343 time 2171.5 unbinding_event at gene tetA enzyme RNAP with twist -75.99662 superhelical -0.06535 global twist -75.99662 global supercoiling -0.02164
frame 4381 time 2190.5 binding_event at gene mKalama1 enzyme RNAP with twist -75.99662 superhelical -0.02153 global twist -75.99662 global supercoiling -0.02153
frame 4408 time 2204.0 unbinding_event at gene mKalama1 enzyme RNAP with twist -75.99662 superhelical 0.59745 global twist -75.99662 global supercoiling -0.02164
frame 4443 time 2221.5 binding_event at DNA_gyrase 34 enzyme gyrase with twist -75.99662 superhelical -0.02153 global twist -75.99662 global supercoiling -0.02153
frame 4443 time 2221.5 unbinding_event at DNA_gyrase 34 enzyme gyrase with twist -78.68942 superhelical -0.02448 global twist -75.99662 global supercoiling -0.02153
frame 4507 time 2253.5 binding_event at DNA_gyrase 28 enzyme gyrase with twist -78.68942 superhelical -0.02229 global twist -78.68942 global supercoiling -0.02229
frame 4516 time 2258.0 unbinding_event at DNA_gyrase 28 enzyme gyrase with twist -105.61735 superhelical -0.15059 global twist -102.92456 global supercoiling -0.02976
frame 4756 time 2378.0 binding_event at DNA_gyrase 43 enzyme gyrase with twist -105.61735 superhelical -0.02992 global twist -105.61735 global supercoiling -0.02992
frame 4758 time 2379.0 binding_event at DNA_topoI 19 enzyme topoI with twist -72.20290 superhelical -0.03172 global twist -111.00294 global supercoiling -0.03209
frame 4762 time 2381.0 unbinding_event at DNA_gyrase 43 enzyme gyrase with twist -101.33718 superhelical -0.03851 global twist -106.21575 global supercoiling -0.03136
frame 4763 time 2381.5 unbinding_event at DNA_topoI 19 enzyme topoI with twist -101.12936 superhelical -0.03259 global twist -105.01895 global supercoiling -0.03036
frame 4791 time 2395.5 binding_event at gene Raspberry enzyme RNAP with twist -101.12936 superhelical -0.02864 global twist -101.12936 global supercoiling -0.02864
frame 4797 time 2398.5 binding_event at DNA_topoI 30 enzyme topoI with twist -43.49852 superhelical -0.04999 global twist -101.12936 global supercoiling -0.02880
frame 4800 time 2400.0 unbinding_event at DNA_topoI 30 enzyme topoI with twist -42.30172 superhelical -0.02324 global twist -89.46059 global supercoiling -0.02601
frame 4818 time 2409.0 unbinding_event at gene Raspberry enzyme RNAP with twist -85.57100 superhelical -0.08453 global twist -85.57100 global supercoiling -0.02437
frame 4823 time 2411.5 binding_event at gene tetA enzyme RNAP with twist -85.57100 superhelical -0.02424 global twist -85.57100 global supercoiling -0.02424
frame 4863 time 2431.5 binding_event at DNA_gyrase 12 enzyme gyrase with twist 99.86771 superhelical 0.09272 global twist -85.57100 global supercoiling -0.02437
frame 4863 time 2431.5 unbinding_event at gene tetA enzyme RNAP with twist -177.51168 superhelical -0.07708 global twist -85.57100 global supercoiling -0.02437
frame 4864 time 2432.0 unbinding_event at DNA_gyrase 12 enzyme gyrase with twist -90.95659 superhelical -0.07023 global twist -88.26379 global supercoiling -0.02552
frame 4917 time 2458.5 binding_event at gene tetA enzyme RNAP with twist -90.95659 superhelical -0.02576 global twist -90.95659 global supercoiling -0.02576
frame 4957 time 2478.5 unbinding_event at gene tetA enzyme RNAP with twist -90.95659 superhelical -0.07816 global twist -90.95659 global supercoiling -0.02590
frame 5073 time 2536.5 binding_event at gene tetA enzyme RNAP with twist -90.95659 superhelical -0.02576 global twist -90.95659 global supercoiling -0.02576
frame 5113 time 2556.5 unbinding_event at gene tetA enzyme RNAP with twist -90.95659 superhelical -0.07816 global twist -90.95659 global supercoiling -0.02590
frame 5117 time 2558.5 binding_event at gene tetA enzyme RNAP with twist -90.95659 superhelical -0.02576 global twist -90.95659 global supercoiling -0.02576
frame 5141 time 2570.5 binding_event at DNA_topoI 26 enzyme topoI with twist -130.62466 superhelical -0.06084 global twist -90.95659 global supercoiling -0.02590
frame 5141 time 2570.5 unbinding_event at DNA_topoI 26 enzyme topoI with twist -130.32546 superhelical -0.00992 global twist -90.95659 global supercoiling -0.02590
frame 5157 time 2578.5 unbinding_event at gene tetA enzyme RNAP with twist -87.06700 superhelical -0.07657 global twist -87.06700 global supercoiling -0.02480
frame 5219 time 2609.5 binding_event at gene mKalama1 enzyme RNAP with twist -87.06700 superhelical -0.02466 global twist -87.06700 global supercoiling -0.02466
frame 5246 time 2623.0 unbinding_event at gene mKalama1 enzyme RNAP with twist -87.06700 superhelical 0.58335 global twist -87.06700 global supercoiling -0.02480
frame 5266 time 2633.0 binding_event at gene tetA enzyme RNAP with twist -87.06700 superhelical -0.02466 global twist -87.06700 global supercoiling -0.02466
frame 5306 time 2653.0 unbinding_event at gene tetA enzyme RNAP with twist -87.06700 superhelical -0.07738 global twist -87.06700 global supercoiling -0.02480
frame 5345 time 2672.5 binding_event at DNA_topoI 3 enzyme topoI with twist -87.06700 superhelical -0.02466 global twist -87.06700 global supercoiling -0.02466
frame 5347 time 2673.5 unbinding_event at DNA_topoI 3 enzyme topoI with twist -75.39822 superhelical -0.02210 global twist -79.28781 global supercoiling -0.02292
frame 5349 time 2674.5 binding_event at DNA_topoI 26 enzyme topoI with twist -75.39822 superhelical -0.02136 global twist -75.39822 global supercoiling -0.02136
frame 5371 time 2685.5 unbinding_event at DNA_topoI 26 enzyme topoI with twist 14.06237 superhelical 1.14664 global twist 10.17278 global supercoiling 0.00294
frame 5378 time 2689.0 binding_event at DNA_gyrase 38 enzyme gyrase with twist 14.06237 superhelical 0.00398 global twist 14.06237 global supercoiling 0.00398
frame 5387 time 2693.5 unbinding_event at DNA_gyrase 38 enzyme gyrase with twist -12.86557 superhelical -0.01229 global twist -10.17278 global supercoiling -0.00294
frame 5456 time 2728.0 binding_event at gene tetA enzyme RNAP with twist -12.86557 superhelical -0.00364 global twist -12.86557 global supercoiling -0.00364
frame 5485 time 2742.5 binding_event at gene tetA enzyme RNAP with twist -110.40944 superhelical -0.04936 global twist -12.86557 global supercoiling -0.00366
frame 5496 time 2748.0 unbinding_event at gene tetA enzyme RNAP with twist 115.66281 superhelical -0.04979 global twist -12.86557 global supercoiling -0.00368
frame 5503 time 2751.5 binding_event at gene tetA enzyme RNAP with twist -150.07073 superhelical -0.07359 global twist -12.86557 global supercoiling -0.00366
frame 5518 time 2759.0 binding_event at DNA_topoI 42 enzyme topoI with twist -181.34487 superhelical -0.09134 global twist -12.86557 global supercoiling -0.00368
frame 5518 time 2759.0 unbinding_event at DNA_topoI 42 enzyme topoI with twist -181.04567 superhelical -0.09301 global twist -12.86557 global supercoiling -0.00368
frame 5525 time 2762.5 unbinding_event at gene tetA enzyme RNAP with twist 197.20243 superhelical -0.07429 global twist -8.97598 global supercoiling -0.00257
frame 5535 time 2767.5 binding_event at DNA_topoI 35 enzyme topoI with twist -238.49193 superhelical -0.10411 global twist -8.97598 global supercoiling -0.00256
frame 5536 time 2768.0 binding_event at DNA_topoI 48 enzyme topoI with twist -174.79023 superhelical -0.10731 global twist -5.08639 global supercoiling -0.00148
frame 5536 time 2768.0 unbinding_event at DNA_topoI 35 enzyme topoI with twist -154.30061 superhelical -0.10109 global twist -5.08639 global supercoiling -0.00148
frame 5541 time 2770.5 unbinding_event at DNA_topoI 48 enzyme topoI with twist -232.50795 superhelical -0.09379 global twist 18.25116 global supercoiling 0.00531
frame 5543 time 2771.5 unbinding_event at gene tetA enzyme RNAP with twist 22.14075 superhelical -0.09774 global twist 22.14075 global supercoiling 0.00631
frame 5583 time 2791.5 binding_event at DNA_gyrase 45 enzyme gyrase with twist 22.14075 superhelical 0.00627 global twist 22.14075 global supercoiling 0.00627
frame 5585 time 2792.5 binding_event at DNA_gyrase 30 enzyme gyrase with twist 5.79577 superhelical 0.00437 global twist 16.75516 global supercoiling 0.00484
frame 5588 time 2794.0 unbinding_event at DNA_gyrase 30 enzyme gyrase with twist -10.36099 superhelical -0.01701 global twist 0.59840 global supercoiling 0.00018
frame 5590 time 2795.0 unbinding_event at DNA_gyrase 45 enzyme gyrase with twist -10.17278 superhelical -0.00984 global twist -7.47998 global supercoiling -0.00216
frame 5604 time 2802.0 binding_event at DNA_gyrase 30 enzyme gyrase with twist -10.17278 superhelical -0.00288 global twist -10.17278 global supercoiling -0.00288
frame 5606 time 2803.0 unbinding_event at DNA_gyrase 30 enzyme gyrase with twist -18.25116 superhelical -0.01917 global twist -15.55836 global supercoiling -0.00450
frame 5631 time 2815.5 binding_event at DNA_gyrase 28 enzyme gyrase with twist -18.25116 superhelical -0.00517 global twist -18.25116 global supercoiling -0.00517
frame 5633 time 2816.5 unbinding_event at DNA_gyrase 28 enzyme gyrase with twist -26.32954 superhelical -0.04363 global twist -23.63674 global supercoiling -0.00683
frame 5718 time 2859.0 binding_event at DNA_gyrase 47 enzyme gyrase with twist -26.32954 superhelical -0.00746 global twist -26.32954 global supercoiling -0.00746
frame 5718 time 2859.0 unbinding_event at DNA_gyrase 47 enzyme gyrase with twist -29.02233 superhelical -0.00853 global twist -26.32954 global supercoiling -0.00746
frame 5762 time 2881.0 binding_event at DNA_gyrase 2 enzyme gyrase with twist -29.02233 superhelical -0.00822 global twist -29.02233 global supercoiling -0.00822
frame 5763 time 2881.5 unbinding_event at DNA_gyrase 2 enzyme gyrase with twist -34.40792 superhelical -0.00986 global twist -31.71513 global supercoiling -0.00917
frame 5781 time 2890.5 binding_event at DNA_gyrase 34 enzyme gyrase with twist -34.40792 superhelical -0.00975 global twist -34.40792 global supercoiling -0.00975
frame 5784 time 2892.0 unbinding_event at DNA_gyrase 34 enzyme gyrase with twist -45.17909 superhelical -0.01999 global twist -42.48630 global supercoiling -0.01228
frame 5835 time 2917.5 binding_event at gene tetA enzyme RNAP with twist -45.17909 superhelical -0.01280 global twist -45.17909 global supercoiling -0.01280
frame 5843 time 2921.5 binding_event at DNA_gyrase 27 enzyme gyrase with twist -50.80453 superhelical -0.02732 global twist -45.17909 global supercoiling -0.01287
frame 5850 time 2925.0 unbinding_event at DNA_gyrase 27 enzyme gyrase with twist -101.07001 superhelical -0.34984 global twist -64.02865 global supercoiling -0.01862
frame 5860 time 2930.0 binding_event at DNA_topoI 27 enzyme topoI with twist -133.38354 superhelical -0.06161 global twist -66.72144 global supercoiling -0.01900
frame 5864 time 2932.0 binding_event at DNA_topoI 41 enzyme topoI with twist -137.83057 superhelical -0.06466 global twist -51.16308 global supercoiling -0.01487
frame 5869 time 2934.5 unbinding_event at DNA_topoI 41 enzyme topoI with twist -124.36660 superhelical -0.04192 global twist -12.26717 global supercoiling -0.00364
frame 5870 time 2935.0 unbinding_event at DNA_topoI 27 enzyme topoI with twist -106.75480 superhelical 0.57467 global twist -4.48799 global supercoiling -0.00130
frame 5875 time 2937.5 unbinding_event at gene tetA enzyme RNAP with twist -0.59840 superhelical -0.05085 global twist -0.59840 global supercoiling -0.00017
frame 5876 time 2938.0 binding_event at gene tetA enzyme RNAP with twist -0.59840 superhelical -0.00017 global twist -0.59840 global supercoiling -0.00017
frame 5892 time 2946.0 binding_event at DNA_gyrase 23 enzyme gyrase with twist 57.14034 superhelical 0.03789 global twist -0.59840 global supercoiling -0.00017
frame 5896 time 2948.0 unbinding_event at DNA_gyrase 23 enzyme gyrase with twist 61.62833 superhelical 0.05187 global twist -11.36957 global supercoiling -0.00331
frame 5908 time 2954.0 binding_event at DNA_topoI 39 enzyme topoI with twist -115.18500 superhelical -0.05028 global twist -14.06237 global supercoiling -0.00400
frame 5910 time 2955.0 unbinding_event at DNA_topoI 39 enzyme topoI with twist -114.28740 superhelical -0.04539 global twist -6.28319 global supercoiling -0.00183
frame 5916 time 2958.0 unbinding_event at gene tetA enzyme RNAP with twist -2.39359 superhelical -0.05539 global twist -2.39359 global supercoiling -0.00068
frame 5963 time 2981.5 binding_event at gene Raspberry enzyme RNAP with twist -2.39359 superhelical -0.00068 global twist -2.39359 global supercoiling -0.00068
frame 5990 time 2995.0 unbinding_event at gene Raspberry enzyme RNAP with twist -2.39359 superhelical -0.07988 global twist -2.39359 global supercoiling -0.00068
frame 6013 time 3006.5 binding_event at DNA_gyrase 32 enzyme gyrase with twist -2.39359 superhelical -0.00068 global twist -2.39359 global supercoiling -0.00068
frame 6015 time 3007.5 unbinding_event at DNA_gyrase 32 enzyme gyrase with twist -10.47198 superhelical -0.01098 global twist -7.77918 global supercoiling -0.00225
frame 6055 time 3027.5 binding_event at DNA_gyrase 33 enzyme gyrase with twist -10.47198 superhelical -0.00297 global twist -10.47198 global supercoiling -0.00297
frame 6058 time 3029.0 unbinding_event at DNA_gyrase 33 enzyme gyrase with twist -21.24315 superhelical -0.01463 global twist -18.55036 global supercoiling -0.00536
frame 6122 time 3061.0 binding_event at DNA_topoI 23 enzyme topoI with twist -21.24315 superhelical -0.00602 global twist -21.24315 global supercoiling -0.00602
frame 6129 time 3064.5 unbinding_event at DNA_topoI 23 enzyme topoI with twist 9.87358 superhelical -0.00148 global twist 5.98399 global supercoiling 0.00173
frame 6132 time 3066.0 binding_event at DNA_gyrase 28 enzyme gyrase with twist 9.87358 superhelical 0.00280 global twist 9.87358 global supercoiling 0.00280
frame 6134 time 3067.0 binding_event at DNA_gyrase 34 enzyme gyrase with twist 6.88013 superhelical 0.00205 global twist 4.48799 global supercoiling 0.00130
frame 6134 time 3067.0 unbinding_event at DNA_gyrase 28 enzyme gyrase with twist -5.67859 superhelical -0.03550 global twist 4.48799 global supercoiling 0.00130
frame 6139 time 3069.5 unbinding_event at DNA_gyrase 34 enzyme gyrase with twist -14.36157 superhelical -0.02315 global twist -11.66877 global supercoiling -0.00337
frame 6196 time 3098.0 binding_event at gene tetA enzyme RNAP with twist -14.36157 superhelical -0.00407 global twist -14.36157 global supercoiling -0.00407
frame 6225 time 3112.5 binding_event at gene tetA enzyme RNAP with twist -111.14061 superhelical -0.04969 global twist -14.36157 global supercoiling -0.00409
frame 6236 time 3118.0 unbinding_event at gene tetA enzyme RNAP with twist 114.73265 superhelical -0.05012 global twist -14.36157 global supercoiling -0.00411
frame 6241 time 3120.5 binding_event at DNA_topoI 28 enzyme topoI with twist -143.45578 superhelical -0.07160 global twist -14.36157 global supercoiling -0.00409
frame 6248 time 3124.0 binding_event at DNA_gyrase 8 enzyme gyrase with twist 154.22696 superhelical 0.11157 global twist 12.86557 global supercoiling 0.00374
frame 6248 time 3124.0 unbinding_event at DNA_topoI 28 enzyme topoI with twist -141.06219 superhelical 0.07346 global twist 12.86557 global supercoiling 0.00374
frame 6250 time 3125.0 unbinding_event at DNA_gyrase 8 enzyme gyrase with twist 156.91975 superhelical 0.34520 global twist 11.36957 global supercoiling 0.00331
frame 6265 time 3132.5 unbinding_event at gene tetA enzyme RNAP with twist 8.67678 superhelical -0.08241 global twist 8.67678 global supercoiling 0.00247
frame 6396 time 3198.0 binding_event at DNA_gyrase 4 enzyme gyrase with twist 8.67678 superhelical 0.00246 global twist 8.67678 global supercoiling 0.00246
frame 6401 time 3200.5 unbinding_event at DNA_gyrase 4 enzyme gyrase with twist -7.47998 superhelical -0.00159 global twist -4.78719 global supercoiling -0.00138
frame 6434 time 3217.0 binding_event at gene tetA enzyme RNAP with twist -7.47998 superhelical -0.00212 global twist -7.47998 global supercoiling -0.00212
frame 6447 time 3223.5 binding_event at DNA_gyrase 24 enzyme gyrase with twist 42.85097 superhelical 0.02744 global twist -7.47998 global supercoiling -0.00213
frame 6447 time 3223.5 unbinding_event at DNA_gyrase 24 enzyme gyrase with twist 43.74857 superhelical 0.03070 global twist -7.47998 global supercoiling -0.00213
frame 6454 time 3227.0 binding_event at DNA_gyrase 18 enzyme gyrase with twist 65.29092 superhelical 0.04546 global twist -10.17278 global supercoiling -0.00290
frame 6462 time 3231.0 unbinding_event at DNA_gyrase 18 enzyme gyrase with twist 73.36930 superhelical 0.08655 global twist -31.71513 global supercoiling -0.00922
frame 6474 time 3237.0 unbinding_event at gene tetA enzyme RNAP with twist -34.40792 superhelical -0.06152 global twist -34.40792 global supercoiling -0.00980
frame 6497 time 3248.5 binding_event at gene tetA enzyme RNAP with twist -34.40792 superhelical -0.00975 global twist -34.40792 global supercoiling -0.00975
frame 6537 time 3268.5 unbinding_event at gene tetA enzyme RNAP with twist -34.40792 superhelical -0.06689 global twist -34.40792 global supercoiling -0.00980
frame 6562 time 3281.0 binding_event at DNA_topoI 14 enzyme topoI with twist -34.40792 superhelical -0.00975 global twist -34.40792 global supercoiling -0.00975
frame 6566 time 3283.0 unbinding_event at DNA_topoI 14 enzyme topoI with twist -14.95997 superhelical -0.00633 global twist -18.84956 global supercoiling -0.00545
frame 6644 time 3322.0 binding_event at gene tetA enzyme RNAP with twist -14.95997 superhelical -0.00424 global twist -14.95997 global supercoiling -0.00424
frame 6684 time 3342.0 unbinding_event at gene tetA enzyme RNAP with twist -14.95997 superhelical -0.06301 global twist -14.95997 global supercoiling -0.00426
frame 6697 time 3348.5 binding_event at gene tetA enzyme RNAP with twist -14.95997 superhelical -0.00424 global twist -14.95997 global supercoiling -0.00424
frame 6712 time 3356.0 binding_event at DNA_topoI 37 enzyme topoI with twist -61.16760 superhelical -0.03081 global twist -14.95997 global supercoiling -0.00426
frame 6714 time 3357.0 unbinding_event at DNA_topoI 37 enzyme topoI with twist -60.27000 superhelical -0.02420 global twist -7.18078 global supercoiling -0.00209
frame 6717 time 3358.5 binding_event at DNA_gyrase 12 enzyme gyrase with twist 64.15959 superhelical 0.04467 global twist -3.29119 global supercoiling -0.00094
frame 6723 time 3361.5 unbinding_event at DNA_gyrase 12 enzyme gyrase with twist 70.44277 superhelical 0.11319 global twist -19.44795 global supercoiling -0.00565
frame 6737 time 3368.5 unbinding_event at gene tetA enzyme RNAP with twist -22.14075 superhelical -0.05825 global twist -22.14075 global supercoiling -0.00631
frame 6882 time 3441.0 binding_event at DNA_gyrase 45 enzyme gyrase with twist -22.14075 superhelical -0.00627 global twist -22.14075 global supercoiling -0.00627
frame 6882 time 3441.0 unbinding_event at DNA_gyrase 45 enzyme gyrase with twist -24.83354 superhelical -0.00742 global twist -22.14075 global supercoiling -0.00627
frame 6986 time 3493.0 binding_event at DNA_gyrase 33 enzyme gyrase with twist -24.83354 superhelical -0.00703 global twist -24.83354 global supercoiling -0.00703
frame 6987 time 3493.5 unbinding_event at DNA_gyrase 33 enzyme gyrase with twist -30.21913 superhelical -0.01298 global twist -27.52634 global supercoiling -0.00796
frame 6992 time 3496.0 binding_event at gene tetA enzyme RNAP with twist -30.21913 superhelical -0.00856 global twist -30.21913 global supercoiling -0.00856
frame 7000 time 3500.0 binding_event at DNA_topoI 35 enzyme topoI with twist -43.49281 superhelical -0.02339 global twist -30.21913 global supercoiling -0.00861
frame 7003 time 3501.5 unbinding_event at DNA_topoI 35 enzyme topoI with twist -42.29601 superhelical -0.01153 global twist -18.55036 global supercoiling -0.00539
frame 7009 time 3504.5 binding_event at gene tetA enzyme RNAP with twist -60.24797 superhelical -0.02981 global twist -14.66077 global supercoiling -0.00418
frame 7032 time 3516.0 unbinding_event at gene tetA enzyme RNAP with twist 123.14975 superhelical -0.03009 global twist -14.66077 global supercoiling -0.00420
frame 7033 time 3516.5 binding_event at DNA_topoI 45 enzyme topoI with twist -137.81052 superhelical -0.06419 global twist -14.66077 global supercoiling -0.00418
frame 7033 time 3516.5 unbinding_event at DNA_topoI 45 enzyme topoI with twist -137.51132 superhelical -0.06494 global twist -14.66077 global supercoiling -0.00418
frame 7049 time 3524.5 unbinding_event at gene tetA enzyme RNAP with twist -10.77117 superhelical -0.07950 global twist -10.77117 global supercoiling -0.00307
frame 7066 time 3533.0 binding_event at gene tetA enzyme RNAP with twist -10.77117 superhelical -0.00305 global twist -10.77117 global supercoiling -0.00305
frame 7074 time 3537.0 binding_event at gene tetA enzyme RNAP with twist -33.98757 superhelical -0.01827 global twist -10.77117 global supercoiling -0.00307
frame 7078 time 3539.0 binding_event at DNA_topoI 26 enzyme topoI with twist -46.05089 superhelical -0.02576 global twist -10.77117 global supercoiling -0.00308
frame 7081 time 3540.5 unbinding_event at DNA_topoI 26 enzyme topoI with twist -44.85409 superhelical 0.17744 global twist 0.89760 global supercoiling 0.00026
frame 7088 time 3544.0 binding_event at DNA_gyrase 23 enzyme gyrase with twist 73.48188 superhelical 0.05248 global twist 4.78719 global supercoiling 0.00137
frame 7089 time 3544.5 unbinding_event at DNA_gyrase 23 enzyme gyrase with twist 75.27708 superhelical 0.06085 global twist 2.09440 global supercoiling 0.00061
frame 7106 time 3553.0 unbinding_event at gene tetA enzyme RNAP with twist 134.01548 superhelical -0.01846 global twist -0.59840 global supercoiling -0.00017
frame 7109 time 3554.5 binding_event at gene tetA enzyme RNAP with twist -141.79467 superhelical -0.06048 global twist -0.59840 global supercoiling -0.00017
frame 7114 time 3557.0 unbinding_event at gene tetA enzyme RNAP with twist 125.59323 superhelical -0.06098 global twist -0.59840 global supercoiling -0.00017
frame 7149 time 3574.5 unbinding_event at gene tetA enzyme RNAP with twist -0.59840 superhelical -0.10270 global twist -0.59840 global supercoiling -0.00017
frame 7162 time 3581.0 binding_event at gene tetA enzyme RNAP with twist -0.59840 superhelical -0.00017 global twist -0.59840 global supercoiling -0.00017
frame 7202 time 3601.0 unbinding_event at gene tetA enzyme RNAP with twist -0.59840 superhelical -0.06015 global twist -0.59840 global supercoiling -0.00017
frame 7252 time 3626.0 binding_event at DNA_gyrase 2 enzyme gyrase with twist -0.59840 superhelical -0.00017 global twist -0.59840 global supercoiling -0.00017
frame 7253 time 3626.5 unbinding_event at DNA_gyrase 2 enzyme gyrase with twist -5.98399 superhelical -0.00165 global twist -3.29119 global supercoiling -0.00095
frame 7302 time 3651.0 binding_event at DNA_gyrase 35 enzyme gyrase with twist -5.98399 superhelical -0.00169 global twist -5.98399 global supercoiling -0.00169
frame 7303 time 3651.5 unbinding_event at DNA_gyrase 35 enzyme gyrase with twist -11.36957 superhelical -0.00616 global twist -8.67678 global supercoiling -0.00251
frame 7322 time 3661.0 binding_event at DNA_gyrase 28 enzyme gyrase with twist -11.36957 superhelical -0.00322 global twist -11.36957 global supercoiling -0.00322
frame 7324 time 3662.0 unbinding_event at DNA_gyrase 28 enzyme gyrase with twist -19.44795 superhelical -0.04164 global twist -16.75516 global supercoiling -0.00484
frame 7354 time 3677.0 binding_event at DNA_gyrase 34 enzyme gyrase with twist -19.44795 superhelical -0.00551 global twist -19.44795 global supercoiling -0.00551
frame 7358 time 3679.0 unbinding_event at DNA_gyrase 34 enzyme gyrase with twist -32.91192 superhelical -0.01818 global twist -30.21913 global supercoiling -0.00874
frame 7532 time 3766.0 binding_event at gene tetA enzyme RNAP with twist -32.91192 superhelical -0.00932 global twist -32.91192 global supercoiling -0.00932
frame 7569 time 3784.5 binding_event at gene tetA enzyme RNAP with twist -148.93028 superhelical -0.06256 global twist -32.91192 global supercoiling -0.00937
frame 7572 time 3786.0 unbinding_event at gene tetA enzyme RNAP with twist 89.69395 superhelical -0.06307 global twist -32.91192 global supercoiling -0.00942
frame 7586 time 3793.0 binding_event at gene mKalama1 enzyme RNAP with twist -169.28096 superhelical -0.08374 global twist -32.91192 global supercoiling -0.00937
frame 7609 time 3804.5 unbinding_event at gene tetA enzyme RNAP with twist -64.34074 superhelical -0.12943 global twist -32.91192 global supercoiling -0.00942
frame 7613 time 3806.5 unbinding_event at gene mKalama1 enzyme RNAP with twist -32.91192 superhelical 0.31620 global twist -32.91192 global supercoiling -0.00937
frame 7748 time 3874.0 binding_event at gene tetA enzyme RNAP with twist -32.91192 superhelical -0.00932 global twist -32.91192 global supercoiling -0.00932
frame 7766 time 3883.0 binding_event at gene mKalama1 enzyme RNAP with twist -80.71284 superhelical -0.03958 global twist -32.91192 global supercoiling -0.00937
frame 7767 time 3883.5 binding_event at DNA_topoI 1 enzyme topoI with twist -62.02535 superhelical -0.04403 global twist -32.91192 global supercoiling -0.00942
frame 7767 time 3883.5 unbinding_event at DNA_topoI 1 enzyme topoI with twist -65.31654 superhelical -0.04712 global twist -32.91192 global supercoiling -0.00942
frame 7788 time 3894.0 unbinding_event at gene tetA enzyme RNAP with twist -85.73307 superhelical -0.09830 global twist -29.02233 global supercoiling -0.00831
frame 7793 time 3896.5 unbinding_event at gene mKalama1 enzyme RNAP with twist -29.02233 superhelical 0.51558 global twist -29.02233 global supercoiling -0.00827
frame 7794 time 3897.0 binding_event at DNA_gyrase 5 enzyme gyrase with twist -29.02233 superhelical -0.00822 global twist -29.02233 global supercoiling -0.00822
frame 7794 time 3897.0 unbinding_event at DNA_gyrase 5 enzyme gyrase with twist -31.71513 superhelical -0.00905 global twist -29.02233 global supercoiling -0.00822
frame 7838 time 3919.0 binding_event at DNA_gyrase 0 enzyme gyrase with twist -31.71513 superhelical -0.00898 global twist -31.71513 global supercoiling -0.00898
frame 7841 time 3920.5 unbinding_event at DNA_gyrase 0 enzyme gyrase with twist -42.48630 superhelical -0.01237 global twist -39.79351 global supercoiling -0.01151
frame 7865 time 3932.5 binding_event at gene tetA enzyme RNAP with twist -42.48630 superhelical -0.01203 global twist -42.48630 global supercoiling -0.01203
frame 7903 time 3951.5 binding_event at DNA_gyrase 24 enzyme gyrase with twist 114.71387 superhelical 0.10307 global twist -42.48630 global supercoiling -0.01210
frame 7905 time 3952.5 unbinding_event at gene tetA enzyme RNAP with twist -52.06340 superhelical -0.06850 global twist -47.87189 global supercoiling -0.01392
frame 7905 time 3952.5 unbinding_event at DNA_gyrase 24 enzyme gyrase with twist -50.56468 superhelical -0.06850 global twist -47.87189 global supercoiling -0.01392
frame 7985 time 3992.5 binding_event at DNA_gyrase 42 enzyme gyrase with twist -50.56468 superhelical -0.01432 global twist -50.56468 global supercoiling -0.01432
frame 7986 time 3993.0 unbinding_event at DNA_gyrase 42 enzyme gyrase with twist -55.95027 superhelical -0.01704 global twist -53.25748 global supercoiling -0.01540
