TORCphysics log file 

General information: 
---------------------------------------------------------------------------------------
Circuit name: Pleu500_84
Size: 6000
Structure: circle
Number of sites: 110
Number of frames: 8000
Simulation time: 4000.0
Simulation timestep: 0.5
Seed: 5429884060902562207
 
Overall simulation information 
---------------------------------------------------------------------------------------
Initial twist: -211.83310
Final twist: 18.84956
Initial superhelical density: -0.06000
Final superhelical density: 0.00534
 
Overall rates 
---------------------------------------------------------------------------------------
site type            site name            #binding events      #unbinding events    binding rates        
 DNA_topoI            DNA_topoI_global                     61.0                 61.0               0.01525 
DNA_gyrase           DNA_gyrase_global                    67.0                 67.0               0.01675 
EXT                  EXT                                   0.0                  0.0                   0.0 
gene                 tetA                                 56.0                 56.0                 0.014 
gene                 CDS                                   2.0                  2.0                0.0005 
origin               ori                                   0.0                  0.0                   0.0 
lacOP                lac1                                  0.0                  0.0                   0.0 
gene                 mKalama1                              8.0                  8.0                 0.002 
lacOP                lac2                                  0.0                  0.0                   0.0 
gene                 Raspberry                             8.0                  8.0                 0.002 
 
Events
---------------------------------------------------------------------------------------
frame 2 time 1.0 binding_event at DNA_topoI 37 enzyme topoI with twist -211.83310 superhelical -0.06000 global twist -211.83310 global supercoiling -0.06000
frame 3 time 1.5 unbinding_event at DNA_topoI 37 enzyme topoI with twist -204.05392 superhelical -0.05607 global twist -207.94351 global supercoiling -0.06012
frame 32 time 16.0 binding_event at DNA_topoI 4 enzyme topoI with twist -204.05392 superhelical -0.05780 global twist -204.05392 global supercoiling -0.05780
frame 37 time 18.5 unbinding_event at DNA_topoI 4 enzyme topoI with twist -180.71638 superhelical -0.05308 global twist -184.60597 global supercoiling -0.05337
frame 43 time 21.5 binding_event at gene CDS enzyme RNAP with twist -180.71638 superhelical -0.05119 global twist -180.71638 global supercoiling -0.05119
frame 50 time 25.0 unbinding_event at gene CDS enzyme RNAP with twist -180.71638 superhelical -0.05869 global twist -180.71638 global supercoiling -0.05147
frame 66 time 33.0 binding_event at DNA_gyrase 47 enzyme gyrase with twist -180.71638 superhelical -0.05119 global twist -180.71638 global supercoiling -0.05119
frame 73 time 36.5 unbinding_event at DNA_gyrase 47 enzyme gyrase with twist -202.25873 superhelical -0.05958 global twist -199.56593 global supercoiling -0.05770
frame 168 time 84.0 binding_event at gene tetA enzyme RNAP with twist -202.25873 superhelical -0.05729 global twist -202.25873 global supercoiling -0.05729
frame 180 time 90.0 binding_event at gene mKalama1 enzyme RNAP with twist -141.93917 superhelical -0.07348 global twist -202.25873 global supercoiling -0.05760
frame 199 time 99.5 binding_event at gene mKalama1 enzyme RNAP with twist -230.32080 superhelical -0.11828 global twist -202.25873 global supercoiling -0.05792
frame 207 time 103.5 unbinding_event at gene mKalama1 enzyme RNAP with twist 14.01943 superhelical 0.36238 global twist -202.25873 global supercoiling -0.05824
frame 208 time 104.0 unbinding_event at gene tetA enzyme RNAP with twist -219.86855 superhelical -0.13417 global twist -202.25873 global supercoiling -0.05792
frame 209 time 104.5 binding_event at DNA_topoI 21 enzyme topoI with twist -219.86855 superhelical -0.07224 global twist -202.25873 global supercoiling -0.05760
frame 213 time 106.5 unbinding_event at DNA_topoI 21 enzyme topoI with twist -218.37255 superhelical -0.07456 global twist -186.70036 global supercoiling -0.05428
frame 226 time 113.0 unbinding_event at gene mKalama1 enzyme RNAP with twist -182.81077 superhelical 0.56789 global twist -182.81077 global supercoiling -0.05206
frame 234 time 117.0 binding_event at DNA_topoI 24 enzyme topoI with twist -182.81077 superhelical -0.05178 global twist -182.81077 global supercoiling -0.05178
frame 234 time 117.0 unbinding_event at DNA_topoI 24 enzyme topoI with twist -178.92118 superhelical -0.05228 global twist -182.81077 global supercoiling -0.05178
frame 343 time 171.5 binding_event at gene tetA enzyme RNAP with twist -178.92118 superhelical -0.05068 global twist -178.92118 global supercoiling -0.05068
frame 365 time 182.5 binding_event at DNA_topoI 3 enzyme topoI with twist -166.43680 superhelical -0.07884 global twist -178.92118 global supercoiling -0.05095
frame 368 time 184.0 unbinding_event at DNA_topoI 3 enzyme topoI with twist -165.24000 superhelical -0.07752 global twist -167.25241 global supercoiling -0.04863
frame 383 time 191.5 binding_event at DNA_topoI 9 enzyme topoI with twist -215.50549 superhelical -0.08853 global twist -163.36282 global supercoiling -0.04652
frame 383 time 191.5 unbinding_event at DNA_topoI 9 enzyme topoI with twist -215.20629 superhelical -0.09039 global twist -163.36282 global supercoiling -0.04652
frame 383 time 191.5 unbinding_event at gene tetA enzyme RNAP with twist -159.47323 superhelical -0.09039 global twist -163.36282 global supercoiling -0.04652
frame 445 time 222.5 binding_event at gene tetA enzyme RNAP with twist -159.47323 superhelical -0.04517 global twist -159.47323 global supercoiling -0.04517
frame 452 time 226.0 binding_event at gene Raspberry enzyme RNAP with twist -103.07569 superhelical -0.05596 global twist -159.47323 global supercoiling -0.04542
frame 479 time 239.5 unbinding_event at gene Raspberry enzyme RNAP with twist -203.60665 superhelical -0.11355 global twist -159.47323 global supercoiling -0.04566
frame 485 time 242.5 binding_event at gene tetA enzyme RNAP with twist -221.55861 superhelical -0.09102 global twist -159.47323 global supercoiling -0.04542
frame 485 time 242.5 unbinding_event at gene tetA enzyme RNAP with twist 1.55772 superhelical -0.09174 global twist -159.47323 global supercoiling -0.04542
frame 490 time 245.0 binding_event at DNA_gyrase 3 enzyme gyrase with twist 15.91929 superhelical 0.00933 global twist -159.47323 global supercoiling -0.04542
frame 492 time 246.0 unbinding_event at DNA_gyrase 3 enzyme gyrase with twist 18.61208 superhelical 0.34661 global twist -164.85881 global supercoiling -0.04793
frame 523 time 261.5 binding_event at gene tetA enzyme RNAP with twist -293.87544 superhelical -0.12253 global twist -167.55161 global supercoiling -0.04772
frame 525 time 262.5 unbinding_event at gene tetA enzyme RNAP with twist 55.20014 superhelical -0.12352 global twist -167.55161 global supercoiling -0.04798
frame 542 time 271.0 binding_event at DNA_topoI 47 enzyme topoI with twist -280.19801 superhelical -0.13620 global twist -167.55161 global supercoiling -0.04772
frame 543 time 271.5 unbinding_event at DNA_topoI 47 enzyme topoI with twist -279.59962 superhelical -0.13848 global twist -163.66202 global supercoiling -0.04758
frame 562 time 281.0 binding_event at gene tetA enzyme RNAP with twist -344.22666 superhelical -0.14246 global twist -159.77243 global supercoiling -0.04550
frame 563 time 281.5 unbinding_event at gene tetA enzyme RNAP with twist 93.84921 superhelical -0.14360 global twist -159.77243 global supercoiling -0.04575
frame 591 time 295.5 binding_event at DNA_topoI 39 enzyme topoI with twist -350.56221 superhelical -0.15672 global twist -159.77243 global supercoiling -0.04550
frame 594 time 297.0 unbinding_event at DNA_topoI 39 enzyme topoI with twist -349.36542 superhelical -0.15323 global twist -148.10365 global supercoiling -0.04306
frame 600 time 300.0 binding_event at gene Raspberry enzyme RNAP with twist -367.31737 superhelical -0.15315 global twist -144.21406 global supercoiling -0.04107
frame 602 time 301.0 unbinding_event at gene tetA enzyme RNAP with twist -15.74612 superhelical -0.15438 global twist -144.21406 global supercoiling -0.04130
frame 613 time 306.5 binding_event at gene mKalama1 enzyme RNAP with twist -164.37186 superhelical -0.16508 global twist -144.21406 global supercoiling -0.04107
frame 627 time 313.5 unbinding_event at gene Raspberry enzyme RNAP with twist -89.09301 superhelical -0.18798 global twist -144.21406 global supercoiling -0.04130
frame 640 time 320.0 unbinding_event at gene mKalama1 enzyme RNAP with twist -144.21406 superhelical -0.05832 global twist -144.21406 global supercoiling -0.04107
frame 670 time 335.0 binding_event at DNA_topoI 22 enzyme topoI with twist -144.21406 superhelical -0.04085 global twist -144.21406 global supercoiling -0.04085
frame 673 time 336.5 binding_event at gene tetA enzyme RNAP with twist -130.29570 superhelical -0.03991 global twist -132.54529 global supercoiling -0.03832
frame 685 time 342.5 unbinding_event at DNA_topoI 22 enzyme topoI with twist 33.58978 superhelical 0.00815 global twist -85.87020 global supercoiling -0.02497
frame 696 time 348.0 binding_event at DNA_topoI 2 enzyme topoI with twist -151.47430 superhelical -0.07114 global twist -81.98061 global supercoiling -0.02335
frame 697 time 348.5 binding_event at DNA_gyrase 24 enzyme gyrase with twist 73.08409 superhelical 0.05357 global twist -78.09102 global supercoiling -0.02270
frame 707 time 353.5 unbinding_event at DNA_topoI 2 enzyme topoI with twist -147.88391 superhelical -0.06087 global twist -66.12305 global supercoiling -0.01963
frame 710 time 355.0 binding_event at gene tetA enzyme RNAP with twist -155.06469 superhelical -0.06514 global twist -70.31184 global supercoiling -0.02044
frame 713 time 356.5 unbinding_event at gene tetA enzyme RNAP with twist 66.02802 superhelical -0.06567 global twist -78.39022 global supercoiling -0.02292
frame 718 time 359.0 unbinding_event at DNA_gyrase 24 enzyme gyrase with twist 50.46942 superhelical 0.05110 global twist -91.85419 global supercoiling -0.02670
frame 750 time 375.0 unbinding_event at gene tetA enzyme RNAP with twist -94.54698 superhelical -0.10599 global twist -94.54698 global supercoiling -0.02693
frame 785 time 392.5 binding_event at DNA_topoI 0 enzyme topoI with twist -94.54698 superhelical -0.02678 global twist -94.54698 global supercoiling -0.02678
frame 785 time 392.5 unbinding_event at DNA_topoI 0 enzyme topoI with twist -90.65739 superhelical -0.02618 global twist -94.54698 global supercoiling -0.02678
frame 859 time 429.5 binding_event at DNA_topoI 25 enzyme topoI with twist -90.65739 superhelical -0.02568 global twist -90.65739 global supercoiling -0.02568
frame 861 time 430.5 unbinding_event at DNA_topoI 25 enzyme topoI with twist -78.98862 superhelical -0.02421 global twist -82.87821 global supercoiling -0.02396
frame 865 time 432.5 binding_event at DNA_topoI 9 enzyme topoI with twist -78.98862 superhelical -0.02237 global twist -78.98862 global supercoiling -0.02237
frame 868 time 434.0 unbinding_event at DNA_topoI 9 enzyme topoI with twist -63.43025 superhelical -0.01950 global twist -67.31984 global supercoiling -0.01946
frame 883 time 441.5 binding_event at gene tetA enzyme RNAP with twist -63.43025 superhelical -0.01797 global twist -63.43025 global supercoiling -0.01797
frame 923 time 461.5 unbinding_event at gene tetA enzyme RNAP with twist -63.43025 superhelical -0.07267 global twist -63.43025 global supercoiling -0.01806
frame 937 time 468.5 binding_event at DNA_gyrase 3 enzyme gyrase with twist -63.43025 superhelical -0.01797 global twist -63.43025 global supercoiling -0.01797
frame 937 time 468.5 unbinding_event at DNA_gyrase 3 enzyme gyrase with twist -66.12305 superhelical -0.01905 global twist -63.43025 global supercoiling -0.01797
frame 938 time 469.0 binding_event at gene Raspberry enzyme RNAP with twist -66.12305 superhelical -0.01873 global twist -66.12305 global supercoiling -0.01873
frame 965 time 482.5 unbinding_event at gene Raspberry enzyme RNAP with twist -66.12305 superhelical -0.09082 global twist -66.12305 global supercoiling -0.01883
frame 968 time 484.0 binding_event at DNA_gyrase 24 enzyme gyrase with twist -66.12305 superhelical -0.01873 global twist -66.12305 global supercoiling -0.01873
frame 969 time 484.5 unbinding_event at DNA_gyrase 24 enzyme gyrase with twist -71.50863 superhelical -0.01991 global twist -68.81584 global supercoiling -0.01990
frame 972 time 486.0 binding_event at gene tetA enzyme RNAP with twist -71.50863 superhelical -0.02025 global twist -71.50863 global supercoiling -0.02025
frame 998 time 499.0 binding_event at DNA_topoI 4 enzyme topoI with twist -128.30021 superhelical -0.05877 global twist -71.50863 global supercoiling -0.02036
frame 998 time 499.0 unbinding_event at DNA_topoI 4 enzyme topoI with twist -128.00101 superhelical -0.05979 global twist -71.50863 global supercoiling -0.02036
frame 1012 time 506.0 unbinding_event at gene tetA enzyme RNAP with twist -67.61904 superhelical -0.07270 global twist -67.61904 global supercoiling -0.01926
frame 1043 time 521.5 binding_event at gene tetA enzyme RNAP with twist -67.61904 superhelical -0.01915 global twist -67.61904 global supercoiling -0.01915
frame 1083 time 541.5 unbinding_event at gene tetA enzyme RNAP with twist -67.61904 superhelical -0.07351 global twist -67.61904 global supercoiling -0.01926
frame 1179 time 589.5 binding_event at DNA_topoI 12 enzyme topoI with twist -67.61904 superhelical -0.01915 global twist -67.61904 global supercoiling -0.01915
frame 1183 time 591.5 unbinding_event at DNA_topoI 12 enzyme topoI with twist -48.17109 superhelical -0.01573 global twist -52.06068 global supercoiling -0.01505
frame 1204 time 602.0 binding_event at gene mKalama1 enzyme RNAP with twist -48.17109 superhelical -0.01364 global twist -48.17109 global supercoiling -0.01364
frame 1231 time 615.5 unbinding_event at gene mKalama1 enzyme RNAP with twist -48.17109 superhelical 0.63288 global twist -48.17109 global supercoiling -0.01372
frame 1325 time 662.5 binding_event at DNA_gyrase 28 enzyme gyrase with twist -48.17109 superhelical -0.01364 global twist -48.17109 global supercoiling -0.01364
frame 1327 time 663.5 unbinding_event at DNA_gyrase 28 enzyme gyrase with twist -56.24947 superhelical -0.05228 global twist -53.55667 global supercoiling -0.01548
frame 1397 time 698.5 binding_event at gene tetA enzyme RNAP with twist -56.24947 superhelical -0.01593 global twist -56.24947 global supercoiling -0.01593
frame 1418 time 709.0 binding_event at DNA_topoI 3 enzyme topoI with twist -102.89030 superhelical -0.04915 global twist -56.24947 global supercoiling -0.01602
frame 1424 time 712.0 binding_event at DNA_gyrase 15 enzyme gyrase with twist 68.18318 superhelical 0.05203 global twist -32.91192 global supercoiling -0.00957
frame 1425 time 712.5 unbinding_event at DNA_gyrase 15 enzyme gyrase with twist 69.97837 superhelical 0.06781 global twist -31.71513 global supercoiling -0.00942
frame 1426 time 713.0 binding_event at DNA_topoI 27 enzyme topoI with twist -81.17923 superhelical -0.04271 global twist -30.51833 global supercoiling -0.00887
frame 1426 time 713.0 unbinding_event at DNA_topoI 27 enzyme topoI with twist -75.34484 superhelical 0.01364 global twist -30.51833 global supercoiling -0.00887
frame 1429 time 714.5 unbinding_event at DNA_topoI 3 enzyme topoI with twist -95.41031 superhelical -0.03657 global twist -14.95997 global supercoiling -0.00435
frame 1437 time 718.5 binding_event at DNA_gyrase 20 enzyme gyrase with twist 109.47268 superhelical 0.10163 global twist -11.07037 global supercoiling -0.00315
frame 1437 time 718.5 unbinding_event at gene tetA enzyme RNAP with twist -49.16831 superhelical -0.05062 global twist -11.07037 global supercoiling -0.00315
frame 1439 time 719.5 unbinding_event at DNA_gyrase 20 enzyme gyrase with twist -19.14876 superhelical -0.01662 global twist -16.45596 global supercoiling -0.00476
frame 1454 time 727.0 binding_event at DNA_gyrase 46 enzyme gyrase with twist -19.14876 superhelical -0.00542 global twist -19.14876 global supercoiling -0.00542
frame 1458 time 729.0 unbinding_event at DNA_gyrase 46 enzyme gyrase with twist -32.61272 superhelical -0.01035 global twist -29.91993 global supercoiling -0.00865
frame 1492 time 746.0 binding_event at gene tetA enzyme RNAP with twist -32.61272 superhelical -0.00924 global twist -32.61272 global supercoiling -0.00924
frame 1499 time 749.5 binding_event at gene tetA enzyme RNAP with twist -41.07229 superhelical -0.02230 global twist -32.61272 global supercoiling -0.00929
frame 1521 time 760.5 binding_event at DNA_topoI 37 enzyme topoI with twist -117.66075 superhelical -0.05573 global twist -32.61272 global supercoiling -0.00934
frame 1524 time 762.0 unbinding_event at DNA_topoI 37 enzyme topoI with twist -116.46396 superhelical -0.04735 global twist -20.94395 global supercoiling -0.00612
frame 1532 time 766.0 unbinding_event at gene tetA enzyme RNAP with twist 128.13273 superhelical -0.02253 global twist -17.05436 global supercoiling -0.00488
frame 1536 time 768.0 binding_event at DNA_gyrase 16 enzyme gyrase with twist 138.90391 superhelical 0.12282 global twist -17.05436 global supercoiling -0.00486
frame 1539 time 769.5 unbinding_event at gene tetA enzyme RNAP with twist -104.36971 superhelical -0.06945 global twist -25.13274 global supercoiling -0.00731
frame 1539 time 769.5 unbinding_event at DNA_gyrase 16 enzyme gyrase with twist -27.82553 superhelical -0.06945 global twist -25.13274 global supercoiling -0.00731
frame 1542 time 771.0 binding_event at gene tetA enzyme RNAP with twist -27.82553 superhelical -0.00788 global twist -27.82553 global supercoiling -0.00788
frame 1582 time 791.0 unbinding_event at gene tetA enzyme RNAP with twist -27.82553 superhelical -0.06558 global twist -27.82553 global supercoiling -0.00792
frame 1622 time 811.0 binding_event at gene Raspberry enzyme RNAP with twist -27.82553 superhelical -0.00788 global twist -27.82553 global supercoiling -0.00788
frame 1644 time 822.0 binding_event at DNA_gyrase 44 enzyme gyrase with twist 57.20428 superhelical 0.02430 global twist -27.82553 global supercoiling -0.00792
frame 1644 time 822.0 unbinding_event at DNA_gyrase 44 enzyme gyrase with twist 58.10187 superhelical 0.07008 global twist -27.82553 global supercoiling -0.00792
frame 1649 time 824.5 unbinding_event at gene Raspberry enzyme RNAP with twist -30.51833 superhelical -0.08425 global twist -30.51833 global supercoiling -0.00869
frame 1668 time 834.0 binding_event at gene mKalama1 enzyme RNAP with twist -30.51833 superhelical -0.00864 global twist -30.51833 global supercoiling -0.00864
frame 1695 time 847.5 unbinding_event at gene mKalama1 enzyme RNAP with twist -30.51833 superhelical 0.65536 global twist -30.51833 global supercoiling -0.00869
frame 1743 time 871.5 binding_event at DNA_gyrase 35 enzyme gyrase with twist -30.51833 superhelical -0.00864 global twist -30.51833 global supercoiling -0.00864
frame 1747 time 873.5 unbinding_event at DNA_gyrase 35 enzyme gyrase with twist -43.98230 superhelical -0.01990 global twist -41.28950 global supercoiling -0.01194
frame 1760 time 880.0 binding_event at gene tetA enzyme RNAP with twist -43.98230 superhelical -0.01246 global twist -43.98230 global supercoiling -0.01246
frame 1765 time 882.5 binding_event at gene tetA enzyme RNAP with twist -39.44842 superhelical -0.02184 global twist -43.98230 global supercoiling -0.01253
frame 1782 time 891.0 binding_event at DNA_topoI 33 enzyme topoI with twist -98.92616 superhelical -0.04894 global twist -43.98230 global supercoiling -0.01259
frame 1783 time 891.5 unbinding_event at DNA_topoI 33 enzyme topoI with twist -98.32776 superhelical -0.04237 global twist -40.09271 global supercoiling -0.01172
frame 1800 time 900.0 unbinding_event at gene tetA enzyme RNAP with twist 123.16131 superhelical -0.02208 global twist -36.20312 global supercoiling -0.01037
frame 1805 time 902.5 unbinding_event at gene tetA enzyme RNAP with twist -36.20312 superhelical -0.07231 global twist -36.20312 global supercoiling -0.01031
frame 1819 time 909.5 binding_event at DNA_gyrase 22 enzyme gyrase with twist -36.20312 superhelical -0.01025 global twist -36.20312 global supercoiling -0.01025
frame 1819 time 909.5 unbinding_event at DNA_gyrase 22 enzyme gyrase with twist -38.89591 superhelical -0.01088 global twist -36.20312 global supercoiling -0.01025
frame 1835 time 917.5 binding_event at gene tetA enzyme RNAP with twist -38.89591 superhelical -0.01102 global twist -38.89591 global supercoiling -0.01102
frame 1875 time 937.5 unbinding_event at gene tetA enzyme RNAP with twist -38.89591 superhelical -0.06778 global twist -38.89591 global supercoiling -0.01108
frame 1885 time 942.5 binding_event at DNA_gyrase 31 enzyme gyrase with twist -38.89591 superhelical -0.01102 global twist -38.89591 global supercoiling -0.01102
frame 1888 time 944.0 unbinding_event at DNA_gyrase 31 enzyme gyrase with twist -49.66708 superhelical -0.02804 global twist -46.97429 global supercoiling -0.01358
frame 1960 time 980.0 binding_event at gene tetA enzyme RNAP with twist -49.66708 superhelical -0.01407 global twist -49.66708 global supercoiling -0.01407
frame 1970 time 985.0 binding_event at DNA_gyrase 39 enzyme gyrase with twist -60.17883 superhelical -0.03174 global twist -49.66708 global supercoiling -0.01414
frame 1972 time 986.0 unbinding_event at DNA_gyrase 39 enzyme gyrase with twist -79.02839 superhelical -0.03751 global twist -55.05267 global supercoiling -0.01601
frame 2000 time 1000.0 unbinding_event at gene tetA enzyme RNAP with twist -57.74546 superhelical -0.07322 global twist -57.74546 global supercoiling -0.01645
frame 2107 time 1053.5 binding_event at DNA_gyrase 13 enzyme gyrase with twist -57.74546 superhelical -0.01636 global twist -57.74546 global supercoiling -0.01636
frame 2107 time 1053.5 unbinding_event at DNA_gyrase 13 enzyme gyrase with twist -60.43826 superhelical -0.01721 global twist -57.74546 global supercoiling -0.01636
frame 2186 time 1093.0 binding_event at gene tetA enzyme RNAP with twist -60.43826 superhelical -0.01712 global twist -60.43826 global supercoiling -0.01712
frame 2201 time 1100.5 binding_event at DNA_gyrase 17 enzyme gyrase with twist 22.95697 superhelical 0.01504 global twist -60.43826 global supercoiling -0.01721
frame 2201 time 1100.5 unbinding_event at DNA_gyrase 17 enzyme gyrase with twist 23.85457 superhelical 0.01865 global twist -60.43826 global supercoiling -0.01721
frame 2226 time 1113.0 unbinding_event at gene tetA enzyme RNAP with twist -63.13105 superhelical -0.07208 global twist -63.13105 global supercoiling -0.01798
frame 2293 time 1146.5 binding_event at gene tetA enzyme RNAP with twist -63.13105 superhelical -0.01788 global twist -63.13105 global supercoiling -0.01788
frame 2333 time 1166.5 unbinding_event at gene tetA enzyme RNAP with twist -63.13105 superhelical -0.07261 global twist -63.13105 global supercoiling -0.01798
frame 2352 time 1176.0 binding_event at DNA_gyrase 31 enzyme gyrase with twist -63.13105 superhelical -0.01788 global twist -63.13105 global supercoiling -0.01788
frame 2354 time 1177.0 binding_event at DNA_topoI 41 enzyme topoI with twist -59.96948 superhelical -0.01911 global twist -68.51664 global supercoiling -0.01981
frame 2356 time 1178.0 unbinding_event at DNA_gyrase 31 enzyme gyrase with twist -23.43109 superhelical -0.03924 global twist -66.12305 global supercoiling -0.01952
frame 2361 time 1180.5 unbinding_event at DNA_topoI 41 enzyme topoI with twist -45.47829 superhelical -0.01319 global twist -49.36788 global supercoiling -0.01427
frame 2436 time 1218.0 binding_event at DNA_gyrase 14 enzyme gyrase with twist -45.47829 superhelical -0.01288 global twist -45.47829 global supercoiling -0.01288
frame 2438 time 1219.0 unbinding_event at DNA_gyrase 14 enzyme gyrase with twist -53.55667 superhelical -0.01465 global twist -50.86388 global supercoiling -0.01471
frame 2458 time 1229.0 binding_event at DNA_gyrase 21 enzyme gyrase with twist -53.55667 superhelical -0.01517 global twist -53.55667 global supercoiling -0.01517
frame 2458 time 1229.0 unbinding_event at DNA_gyrase 21 enzyme gyrase with twist -56.24947 superhelical -0.01591 global twist -53.55667 global supercoiling -0.01517
frame 2460 time 1230.0 binding_event at gene tetA enzyme RNAP with twist -56.24947 superhelical -0.01593 global twist -56.24947 global supercoiling -0.01593
frame 2494 time 1247.0 binding_event at DNA_topoI 41 enzyme topoI with twist -149.56539 superhelical -0.06429 global twist -56.24947 global supercoiling -0.01602
frame 2496 time 1248.0 unbinding_event at DNA_topoI 41 enzyme topoI with twist -148.66779 superhelical -0.06072 global twist -48.47029 global supercoiling -0.01409
frame 2500 time 1250.0 unbinding_event at gene tetA enzyme RNAP with twist -44.58070 superhelical -0.06648 global twist -44.58070 global supercoiling -0.01270
frame 2604 time 1302.0 binding_event at gene tetA enzyme RNAP with twist -44.58070 superhelical -0.01263 global twist -44.58070 global supercoiling -0.01263
frame 2632 time 1316.0 binding_event at gene tetA enzyme RNAP with twist -122.31989 superhelical -0.05513 global twist -44.58070 global supercoiling -0.01270
frame 2644 time 1322.0 unbinding_event at gene tetA enzyme RNAP with twist 97.52787 superhelical -0.05561 global twist -44.58070 global supercoiling -0.01277
frame 2652 time 1326.0 binding_event at DNA_topoI 32 enzyme topoI with twist -167.24131 superhelical -0.08059 global twist -44.58070 global supercoiling -0.01270
frame 2657 time 1328.5 unbinding_event at DNA_topoI 32 enzyme topoI with twist -165.44611 superhelical -0.05375 global twist -25.13274 global supercoiling -0.00731
frame 2661 time 1330.5 binding_event at DNA_topoI 36 enzyme topoI with twist -176.21729 superhelical -0.07878 global twist -21.24315 global supercoiling -0.00605
frame 2667 time 1333.5 unbinding_event at DNA_topoI 36 enzyme topoI with twist -174.12289 superhelical -0.06137 global twist 2.09440 global supercoiling 0.00061
frame 2672 time 1336.0 unbinding_event at gene tetA enzyme RNAP with twist 5.98399 superhelical -0.07833 global twist 5.98399 global supercoiling 0.00170
frame 2858 time 1429.0 binding_event at gene Raspberry enzyme RNAP with twist 5.98399 superhelical 0.00169 global twist 5.98399 global supercoiling 0.00169
frame 2885 time 1442.5 unbinding_event at gene Raspberry enzyme RNAP with twist 5.98399 superhelical -0.07844 global twist 5.98399 global supercoiling 0.00170
frame 2910 time 1455.0 binding_event at gene tetA enzyme RNAP with twist 5.98399 superhelical 0.00169 global twist 5.98399 global supercoiling 0.00169
frame 2950 time 1475.0 unbinding_event at gene tetA enzyme RNAP with twist 5.98399 superhelical -0.05884 global twist 5.98399 global supercoiling 0.00170
frame 2968 time 1484.0 binding_event at DNA_gyrase 27 enzyme gyrase with twist 5.98399 superhelical 0.00169 global twist 5.98399 global supercoiling 0.00169
frame 2977 time 1488.5 unbinding_event at DNA_gyrase 27 enzyme gyrase with twist -20.94395 superhelical -0.40006 global twist -18.25116 global supercoiling -0.00528
frame 2990 time 1495.0 binding_event at DNA_gyrase 3 enzyme gyrase with twist -20.94395 superhelical -0.00593 global twist -20.94395 global supercoiling -0.00593
frame 2993 time 1496.5 unbinding_event at DNA_gyrase 3 enzyme gyrase with twist -31.71513 superhelical -0.00889 global twist -29.02233 global supercoiling -0.00839
frame 2999 time 1499.5 binding_event at DNA_gyrase 9 enzyme gyrase with twist -31.71513 superhelical -0.00898 global twist -31.71513 global supercoiling -0.00898
frame 2999 time 1499.5 unbinding_event at DNA_gyrase 9 enzyme gyrase with twist -34.40792 superhelical -0.00975 global twist -31.71513 global supercoiling -0.00898
frame 3021 time 1510.5 binding_event at DNA_gyrase 21 enzyme gyrase with twist -34.40792 superhelical -0.00975 global twist -34.40792 global supercoiling -0.00975
frame 3024 time 1512.0 unbinding_event at DNA_gyrase 21 enzyme gyrase with twist -45.17909 superhelical -0.01163 global twist -42.48630 global supercoiling -0.01228
frame 3053 time 1526.5 binding_event at DNA_topoI 47 enzyme topoI with twist -45.17909 superhelical -0.01280 global twist -45.17909 global supercoiling -0.01280
frame 3059 time 1529.5 unbinding_event at DNA_topoI 47 enzyme topoI with twist -17.95196 superhelical -0.00380 global twist -21.84155 global supercoiling -0.00631
frame 3213 time 1606.5 binding_event at DNA_gyrase 48 enzyme gyrase with twist -17.95196 superhelical -0.00508 global twist -17.95196 global supercoiling -0.00508
frame 3215 time 1607.5 binding_event at DNA_gyrase 4 enzyme gyrase with twist -12.64402 superhelical -0.00659 global twist -23.33755 global supercoiling -0.00675
frame 3221 time 1610.5 unbinding_event at DNA_gyrase 48 enzyme gyrase with twist -41.42779 superhelical -0.01305 global twist -55.65107 global supercoiling -0.01643
frame 3225 time 1612.5 unbinding_event at DNA_gyrase 4 enzyme gyrase with twist -71.80783 superhelical -0.02374 global twist -69.11504 global supercoiling -0.01998
frame 3281 time 1640.5 binding_event at DNA_gyrase 17 enzyme gyrase with twist -71.80783 superhelical -0.02034 global twist -71.80783 global supercoiling -0.02034
frame 3281 time 1640.5 unbinding_event at DNA_gyrase 17 enzyme gyrase with twist -74.50063 superhelical -0.02122 global twist -71.80783 global supercoiling -0.02034
frame 3327 time 1663.5 binding_event at DNA_topoI 23 enzyme topoI with twist -74.50063 superhelical -0.02110 global twist -74.50063 global supercoiling -0.02110
frame 3327 time 1663.5 unbinding_event at DNA_topoI 23 enzyme topoI with twist -70.61103 superhelical -0.02096 global twist -74.50063 global supercoiling -0.02110
frame 3414 time 1707.0 binding_event at DNA_gyrase 24 enzyme gyrase with twist -70.61103 superhelical -0.02000 global twist -70.61103 global supercoiling -0.02000
frame 3416 time 1708.0 unbinding_event at DNA_gyrase 24 enzyme gyrase with twist -78.68942 superhelical -0.02160 global twist -75.99662 global supercoiling -0.02197
frame 3516 time 1758.0 binding_event at DNA_topoI 21 enzyme topoI with twist -78.68942 superhelical -0.02229 global twist -78.68942 global supercoiling -0.02229
frame 3516 time 1758.0 unbinding_event at DNA_topoI 21 enzyme topoI with twist -74.79983 superhelical -0.02214 global twist -78.68942 global supercoiling -0.02229
frame 3580 time 1790.0 binding_event at DNA_gyrase 16 enzyme gyrase with twist -74.79983 superhelical -0.02119 global twist -74.79983 global supercoiling -0.02119
frame 3583 time 1791.5 unbinding_event at DNA_gyrase 16 enzyme gyrase with twist -85.57100 superhelical -0.02353 global twist -82.87821 global supercoiling -0.02396
frame 3610 time 1805.0 binding_event at DNA_topoI 8 enzyme topoI with twist -85.57100 superhelical -0.02424 global twist -85.57100 global supercoiling -0.02424
frame 3610 time 1805.0 unbinding_event at DNA_topoI 8 enzyme topoI with twist -81.68141 superhelical -0.02388 global twist -85.57100 global supercoiling -0.02424
frame 3647 time 1823.5 binding_event at gene tetA enzyme RNAP with twist -81.68141 superhelical -0.02314 global twist -81.68141 global supercoiling -0.02314
frame 3687 time 1843.5 unbinding_event at gene tetA enzyme RNAP with twist -81.68141 superhelical -0.07631 global twist -81.68141 global supercoiling -0.02326
frame 3695 time 1847.5 binding_event at gene tetA enzyme RNAP with twist -81.68141 superhelical -0.02314 global twist -81.68141 global supercoiling -0.02314
frame 3735 time 1867.5 binding_event at gene tetA enzyme RNAP with twist -183.53766 superhelical -0.07540 global twist -81.68141 global supercoiling -0.02326
frame 3735 time 1867.5 unbinding_event at gene tetA enzyme RNAP with twist 52.33168 superhelical -0.07599 global twist -81.68141 global supercoiling -0.02326
frame 3775 time 1887.5 unbinding_event at gene tetA enzyme RNAP with twist -81.68141 superhelical -0.11321 global twist -81.68141 global supercoiling -0.02326
frame 3813 time 1906.5 binding_event at gene tetA enzyme RNAP with twist -81.68141 superhelical -0.02314 global twist -81.68141 global supercoiling -0.02314
frame 3837 time 1918.5 binding_event at DNA_gyrase 23 enzyme gyrase with twist 44.40999 superhelical 0.03255 global twist -81.68141 global supercoiling -0.02326
frame 3852 time 1926.0 unbinding_event at DNA_gyrase 23 enzyme gyrase with twist 58.77155 superhelical 0.08618 global twist -122.07331 global supercoiling -0.03549
frame 3853 time 1926.5 unbinding_event at gene tetA enzyme RNAP with twist -124.76611 superhelical -0.07631 global twist -124.76611 global supercoiling -0.03553
frame 3944 time 1972.0 binding_event at DNA_topoI 10 enzyme topoI with twist -124.76611 superhelical -0.03534 global twist -124.76611 global supercoiling -0.03534
frame 3946 time 1973.0 unbinding_event at DNA_topoI 10 enzyme topoI with twist -113.09734 superhelical -0.03364 global twist -116.98693 global supercoiling -0.03382
frame 3990 time 1995.0 binding_event at DNA_topoI 30 enzyme topoI with twist -113.09734 superhelical -0.03203 global twist -113.09734 global supercoiling -0.03203
frame 3990 time 1995.0 unbinding_event at DNA_topoI 30 enzyme topoI with twist -109.20774 superhelical -0.02489 global twist -113.09734 global supercoiling -0.03203
frame 3992 time 1996.0 binding_event at DNA_topoI 41 enzyme topoI with twist -109.20774 superhelical -0.03093 global twist -109.20774 global supercoiling -0.03093
frame 4000 time 2000.0 binding_event at DNA_gyrase 34 enzyme gyrase with twist -17.24175 superhelical -0.01660 global twist -78.09102 global supercoiling -0.02258
frame 4000 time 2000.0 unbinding_event at DNA_topoI 41 enzyme topoI with twist -65.98804 superhelical -0.01644 global twist -78.09102 global supercoiling -0.02258
frame 4001 time 2000.5 unbinding_event at DNA_gyrase 34 enzyme gyrase with twist -79.58701 superhelical -0.02285 global twist -76.89422 global supercoiling -0.02223
frame 4014 time 2007.0 binding_event at DNA_topoI 39 enzyme topoI with twist -79.58701 superhelical -0.02254 global twist -79.58701 global supercoiling -0.02254
frame 4014 time 2007.0 unbinding_event at DNA_topoI 39 enzyme topoI with twist -75.69742 superhelical -0.02084 global twist -79.58701 global supercoiling -0.02254
frame 4063 time 2031.5 binding_event at DNA_gyrase 41 enzyme gyrase with twist -75.69742 superhelical -0.02144 global twist -75.69742 global supercoiling -0.02144
frame 4080 time 2040.0 unbinding_event at DNA_gyrase 41 enzyme gyrase with twist -124.16771 superhelical -0.04522 global twist -121.47492 global supercoiling -0.03512
frame 4099 time 2049.5 binding_event at gene tetA enzyme RNAP with twist -124.16771 superhelical -0.03517 global twist -124.16771 global supercoiling -0.03517
frame 4108 time 2054.0 binding_event at gene tetA enzyme RNAP with twist -93.00081 superhelical -0.04953 global twist -124.16771 global supercoiling -0.03536
frame 4128 time 2064.0 binding_event at gene tetA enzyme RNAP with twist -157.68237 superhelical -0.07598 global twist -124.16771 global supercoiling -0.03556
frame 4139 time 2069.5 unbinding_event at gene tetA enzyme RNAP with twist 76.59936 superhelical -0.05004 global twist -124.16771 global supercoiling -0.03575
frame 4148 time 2074.0 unbinding_event at gene tetA enzyme RNAP with twist 82.84665 superhelical -0.07669 global twist -124.16771 global supercoiling -0.03556
frame 4160 time 2080.0 binding_event at DNA_gyrase 11 enzyme gyrase with twist 122.34096 superhelical 0.10022 global twist -124.16771 global supercoiling -0.03536
frame 4161 time 2080.5 unbinding_event at DNA_gyrase 11 enzyme gyrase with twist 124.13615 superhelical 0.17078 global twist -126.86050 global supercoiling -0.03688
frame 4168 time 2084.0 unbinding_event at gene tetA enzyme RNAP with twist -129.55330 superhelical -0.11370 global twist -129.55330 global supercoiling -0.03690
frame 4177 time 2088.5 binding_event at DNA_topoI 40 enzyme topoI with twist -129.55330 superhelical -0.03669 global twist -129.55330 global supercoiling -0.03669
frame 4177 time 2088.5 unbinding_event at DNA_topoI 40 enzyme topoI with twist -125.66371 superhelical -0.03545 global twist -129.55330 global supercoiling -0.03669
frame 4260 time 2130.0 binding_event at gene tetA enzyme RNAP with twist -125.66371 superhelical -0.03559 global twist -125.66371 global supercoiling -0.03559
frame 4271 time 2135.5 binding_event at DNA_topoI 27 enzyme topoI with twist -100.91277 superhelical -0.05273 global twist -125.66371 global supercoiling -0.03579
frame 4272 time 2136.0 unbinding_event at DNA_topoI 27 enzyme topoI with twist -100.31437 superhelical 0.06128 global twist -121.77412 global supercoiling -0.03540
frame 4282 time 2141.0 binding_event at DNA_topoI 40 enzyme topoI with twist -132.62789 superhelical -0.06282 global twist -117.88452 global supercoiling -0.03357
frame 4283 time 2141.5 unbinding_event at DNA_topoI 40 enzyme topoI with twist -132.02949 superhelical -0.06101 global twist -113.99493 global supercoiling -0.03314
frame 4299 time 2149.5 binding_event at gene mKalama1 enzyme RNAP with twist -185.88537 superhelical -0.07693 global twist -110.10534 global supercoiling -0.03136
frame 4300 time 2150.0 unbinding_event at gene tetA enzyme RNAP with twist -67.07944 superhelical -0.08237 global twist -110.10534 global supercoiling -0.03153
frame 4311 time 2155.5 binding_event at DNA_topoI 9 enzyme topoI with twist -102.98336 superhelical -0.03344 global twist -110.10534 global supercoiling -0.03136
frame 4314 time 2157.0 unbinding_event at DNA_topoI 9 enzyme topoI with twist -101.78656 superhelical -0.03635 global twist -98.43657 global supercoiling -0.02862
frame 4326 time 2163.0 unbinding_event at gene mKalama1 enzyme RNAP with twist -94.54698 superhelical 0.34751 global twist -94.54698 global supercoiling -0.02693
frame 4430 time 2215.0 binding_event at DNA_gyrase 15 enzyme gyrase with twist -94.54698 superhelical -0.02678 global twist -94.54698 global supercoiling -0.02678
frame 4431 time 2215.5 unbinding_event at DNA_gyrase 15 enzyme gyrase with twist -99.93257 superhelical -0.02831 global twist -97.23977 global supercoiling -0.02811
frame 4434 time 2217.0 binding_event at DNA_gyrase 33 enzyme gyrase with twist -99.93257 superhelical -0.02831 global twist -99.93257 global supercoiling -0.02831
frame 4434 time 2217.0 unbinding_event at DNA_gyrase 33 enzyme gyrase with twist -102.62536 superhelical -0.03179 global twist -99.93257 global supercoiling -0.02831
frame 4450 time 2225.0 binding_event at gene tetA enzyme RNAP with twist -102.62536 superhelical -0.02907 global twist -102.62536 global supercoiling -0.02907
frame 4459 time 2229.5 binding_event at DNA_topoI 0 enzyme topoI with twist -82.47193 superhelical -0.04392 global twist -102.62536 global supercoiling -0.02923
frame 4462 time 2231.0 unbinding_event at DNA_topoI 0 enzyme topoI with twist -81.27513 superhelical -0.04105 global twist -90.95659 global supercoiling -0.02644
frame 4466 time 2233.0 binding_event at gene tetA enzyme RNAP with twist -92.04631 superhelical -0.04594 global twist -87.06700 global supercoiling -0.02480
frame 4489 time 2244.5 binding_event at DNA_topoI 44 enzyme topoI with twist -162.18963 superhelical -0.07618 global twist -87.06700 global supercoiling -0.02493
frame 4490 time 2245.0 unbinding_event at gene tetA enzyme RNAP with twist 82.30341 superhelical -0.04639 global twist -83.17741 global supercoiling -0.02432
frame 4493 time 2246.5 unbinding_event at DNA_topoI 44 enzyme topoI with twist -160.69363 superhelical -0.07108 global twist -71.50863 global supercoiling -0.02079
frame 4506 time 2253.0 unbinding_event at gene tetA enzyme RNAP with twist -67.61904 superhelical -0.08456 global twist -67.61904 global supercoiling -0.01926
frame 4534 time 2267.0 binding_event at gene tetA enzyme RNAP with twist -67.61904 superhelical -0.01915 global twist -67.61904 global supercoiling -0.01915
frame 4552 time 2276.0 binding_event at DNA_topoI 0 enzyme topoI with twist -97.67603 superhelical -0.04790 global twist -67.61904 global supercoiling -0.01926
frame 4561 time 2280.5 unbinding_event at DNA_topoI 0 enzyme topoI with twist -94.68404 superhelical -0.03810 global twist -32.61272 global supercoiling -0.00948
frame 4571 time 2285.5 binding_event at DNA_gyrase 37 enzyme gyrase with twist -126.99756 superhelical -0.05335 global twist -28.72313 global supercoiling -0.00818
frame 4571 time 2285.5 unbinding_event at DNA_gyrase 37 enzyme gyrase with twist -133.28075 superhelical -0.05680 global twist -28.72313 global supercoiling -0.00818
frame 4574 time 2287.0 unbinding_event at gene tetA enzyme RNAP with twist -31.41593 superhelical -0.05874 global twist -31.41593 global supercoiling -0.00895
frame 4610 time 2305.0 binding_event at DNA_gyrase 16 enzyme gyrase with twist -31.41593 superhelical -0.00890 global twist -31.41593 global supercoiling -0.00890
frame 4615 time 2307.5 unbinding_event at DNA_gyrase 16 enzyme gyrase with twist -47.57269 superhelical -0.01193 global twist -44.87990 global supercoiling -0.01298
frame 4713 time 2356.5 binding_event at gene tetA enzyme RNAP with twist -47.57269 superhelical -0.01347 global twist -47.57269 global supercoiling -0.01347
frame 4727 time 2363.5 binding_event at DNA_topoI 47 enzyme topoI with twist -73.51676 superhelical -0.03736 global twist -47.57269 global supercoiling -0.01355
frame 4730 time 2365.0 unbinding_event at DNA_topoI 47 enzyme topoI with twist -72.31996 superhelical -0.03349 global twist -35.90392 global supercoiling -0.01044
frame 4745 time 2372.5 binding_event at gene tetA enzyme RNAP with twist -122.58544 superhelical -0.05352 global twist -32.01433 global supercoiling -0.00912
frame 4753 time 2376.5 unbinding_event at gene tetA enzyme RNAP with twist 92.91644 superhelical -0.05397 global twist -32.01433 global supercoiling -0.00917
frame 4754 time 2377.0 binding_event at DNA_gyrase 16 enzyme gyrase with twist 92.91644 superhelical 0.05688 global twist -32.01433 global supercoiling -0.00912
frame 4754 time 2377.0 unbinding_event at DNA_gyrase 16 enzyme gyrase with twist 93.81404 superhelical 0.06310 global twist -32.01433 global supercoiling -0.00912
frame 4766 time 2383.0 binding_event at DNA_topoI 42 enzyme topoI with twist -168.01546 superhelical -0.08027 global twist -34.70712 global supercoiling -0.00988
frame 4770 time 2385.0 unbinding_event at DNA_topoI 42 enzyme topoI with twist -166.51947 superhelical -0.07436 global twist -19.14876 global supercoiling -0.00557
frame 4785 time 2392.5 unbinding_event at gene tetA enzyme RNAP with twist -15.25916 superhelical -0.08987 global twist -15.25916 global supercoiling -0.00435
frame 4807 time 2403.5 binding_event at DNA_topoI 5 enzyme topoI with twist -15.25916 superhelical -0.00432 global twist -15.25916 global supercoiling -0.00432
frame 4810 time 2405.0 binding_event at DNA_topoI 35 enzyme topoI with twist -3.18383 superhelical -0.00156 global twist -3.59039 global supercoiling -0.00104
frame 4814 time 2407.0 unbinding_event at DNA_topoI 5 enzyme topoI with twist 26.56296 superhelical 0.01264 global twist 27.52634 global supercoiling 0.00813
frame 4820 time 2410.0 unbinding_event at DNA_topoI 35 enzyme topoI with twist 58.64306 superhelical 0.03357 global twist 54.75347 global supercoiling 0.01583
frame 4887 time 2443.5 binding_event at DNA_gyrase 44 enzyme gyrase with twist 58.64306 superhelical 0.01661 global twist 58.64306 global supercoiling 0.01661
frame 4889 time 2444.5 unbinding_event at DNA_gyrase 44 enzyme gyrase with twist 50.56468 superhelical 0.01373 global twist 53.25748 global supercoiling 0.01540
frame 4890 time 2445.0 binding_event at DNA_gyrase 26 enzyme gyrase with twist 50.56468 superhelical 0.01432 global twist 50.56468 global supercoiling 0.01432
frame 4890 time 2445.0 unbinding_event at DNA_gyrase 26 enzyme gyrase with twist 47.87189 superhelical -0.02085 global twist 50.56468 global supercoiling 0.01432
frame 4892 time 2446.0 binding_event at DNA_gyrase 22 enzyme gyrase with twist 47.87189 superhelical 0.01356 global twist 47.87189 global supercoiling 0.01356
frame 4895 time 2447.5 unbinding_event at DNA_gyrase 22 enzyme gyrase with twist 37.10071 superhelical 0.01219 global twist 39.79351 global supercoiling 0.01151
frame 4904 time 2452.0 binding_event at DNA_gyrase 34 enzyme gyrase with twist 37.10071 superhelical 0.01051 global twist 37.10071 global supercoiling 0.01051
frame 4919 time 2459.5 unbinding_event at DNA_gyrase 34 enzyme gyrase with twist -5.98399 superhelical -0.02945 global twist -3.29119 global supercoiling -0.00095
frame 4925 time 2462.5 binding_event at DNA_gyrase 45 enzyme gyrase with twist -5.98399 superhelical -0.00169 global twist -5.98399 global supercoiling -0.00169
frame 4931 time 2465.5 unbinding_event at DNA_gyrase 45 enzyme gyrase with twist -24.83354 superhelical -0.00884 global twist -22.14075 global supercoiling -0.00640
frame 4953 time 2476.5 binding_event at DNA_gyrase 6 enzyme gyrase with twist -24.83354 superhelical -0.00703 global twist -24.83354 global supercoiling -0.00703
frame 4954 time 2477.0 unbinding_event at DNA_gyrase 6 enzyme gyrase with twist -30.21913 superhelical -0.00845 global twist -27.52634 global supercoiling -0.00796
frame 5027 time 2513.5 binding_event at DNA_gyrase 33 enzyme gyrase with twist -30.21913 superhelical -0.00856 global twist -30.21913 global supercoiling -0.00856
frame 5027 time 2513.5 unbinding_event at DNA_gyrase 33 enzyme gyrase with twist -32.91192 superhelical -0.01164 global twist -30.21913 global supercoiling -0.00856
frame 5030 time 2515.0 binding_event at DNA_gyrase 24 enzyme gyrase with twist -32.91192 superhelical -0.00932 global twist -32.91192 global supercoiling -0.00932
frame 5045 time 2522.5 unbinding_event at DNA_gyrase 24 enzyme gyrase with twist -75.99662 superhelical -0.01584 global twist -73.30383 global supercoiling -0.02119
frame 5139 time 2569.5 binding_event at gene tetA enzyme RNAP with twist -75.99662 superhelical -0.02153 global twist -75.99662 global supercoiling -0.02153
frame 5141 time 2570.5 binding_event at DNA_gyrase 21 enzyme gyrase with twist -31.67230 superhelical -0.01800 global twist -75.99662 global supercoiling -0.02164
frame 5142 time 2571.0 unbinding_event at DNA_gyrase 21 enzyme gyrase with twist -29.87710 superhelical -0.01602 global twist -78.68942 global supercoiling -0.02288
frame 5177 time 2588.5 binding_event at DNA_topoI 35 enzyme topoI with twist -173.57842 superhelical -0.07237 global twist -81.38221 global supercoiling -0.02318
frame 5178 time 2589.0 unbinding_event at DNA_topoI 35 enzyme topoI with twist -172.98003 superhelical -0.06821 global twist -77.49262 global supercoiling -0.02253
frame 5179 time 2589.5 unbinding_event at gene tetA enzyme RNAP with twist -73.60303 superhelical -0.07200 global twist -73.60303 global supercoiling -0.02096
frame 5287 time 2643.5 binding_event at DNA_gyrase 0 enzyme gyrase with twist -73.60303 superhelical -0.02085 global twist -73.60303 global supercoiling -0.02085
frame 5291 time 2645.5 unbinding_event at DNA_gyrase 0 enzyme gyrase with twist -87.06700 superhelical -0.02528 global twist -84.37420 global supercoiling -0.02439
frame 5295 time 2647.5 binding_event at DNA_gyrase 37 enzyme gyrase with twist -87.06700 superhelical -0.02466 global twist -87.06700 global supercoiling -0.02466
frame 5296 time 2648.0 unbinding_event at DNA_gyrase 37 enzyme gyrase with twist -92.45258 superhelical -0.02876 global twist -89.75979 global supercoiling -0.02595
frame 5317 time 2658.5 binding_event at DNA_gyrase 36 enzyme gyrase with twist -92.45258 superhelical -0.02619 global twist -92.45258 global supercoiling -0.02619
frame 5336 time 2668.0 unbinding_event at DNA_gyrase 36 enzyme gyrase with twist -146.30846 superhelical -0.06634 global twist -143.61566 global supercoiling -0.04152
frame 5347 time 2673.5 binding_event at DNA_gyrase 22 enzyme gyrase with twist -146.30846 superhelical -0.04144 global twist -146.30846 global supercoiling -0.04144
frame 5353 time 2676.5 unbinding_event at DNA_gyrase 22 enzyme gyrase with twist -165.15801 superhelical -0.04519 global twist -162.46522 global supercoiling -0.04697
frame 5389 time 2694.5 binding_event at DNA_topoI 38 enzyme topoI with twist -165.15801 superhelical -0.04678 global twist -165.15801 global supercoiling -0.04678
frame 5389 time 2694.5 unbinding_event at DNA_topoI 38 enzyme topoI with twist -161.26842 superhelical -0.04539 global twist -165.15801 global supercoiling -0.04678
frame 5530 time 2765.0 binding_event at DNA_topoI 0 enzyme topoI with twist -161.26842 superhelical -0.04568 global twist -161.26842 global supercoiling -0.04568
frame 5531 time 2765.5 unbinding_event at DNA_topoI 0 enzyme topoI with twist -153.48924 superhelical -0.04432 global twist -157.37883 global supercoiling -0.04550
frame 5538 time 2769.0 binding_event at DNA_gyrase 0 enzyme gyrase with twist -153.48924 superhelical -0.04347 global twist -153.48924 global supercoiling -0.04347
frame 5540 time 2770.0 unbinding_event at DNA_gyrase 0 enzyme gyrase with twist -161.56762 superhelical -0.04677 global twist -158.87483 global supercoiling -0.04593
frame 5544 time 2772.0 binding_event at gene tetA enzyme RNAP with twist -161.56762 superhelical -0.04576 global twist -161.56762 global supercoiling -0.04576
frame 5549 time 2774.5 binding_event at gene tetA enzyme RNAP with twist -96.91855 superhelical -0.05367 global twist -161.56762 global supercoiling -0.04601
frame 5584 time 2792.0 unbinding_event at gene tetA enzyme RNAP with twist 60.77502 superhelical -0.05424 global twist -161.56762 global supercoiling -0.04626
frame 5589 time 2794.5 unbinding_event at gene tetA enzyme RNAP with twist -161.56762 superhelical -0.09799 global twist -161.56762 global supercoiling -0.04601
frame 5612 time 2806.0 binding_event at DNA_topoI 17 enzyme topoI with twist -161.56762 superhelical -0.04576 global twist -161.56762 global supercoiling -0.04576
frame 5613 time 2806.5 unbinding_event at DNA_topoI 17 enzyme topoI with twist -153.78844 superhelical -0.04537 global twist -157.67803 global supercoiling -0.04559
frame 5648 time 2824.0 binding_event at DNA_topoI 1 enzyme topoI with twist -153.78844 superhelical -0.04356 global twist -153.78844 global supercoiling -0.04356
frame 5653 time 2826.5 unbinding_event at DNA_topoI 1 enzyme topoI with twist -130.45089 superhelical -0.03782 global twist -134.34049 global supercoiling -0.03884
frame 5757 time 2878.5 binding_event at gene mKalama1 enzyme RNAP with twist -130.45089 superhelical -0.03695 global twist -130.45089 global supercoiling -0.03695
frame 5762 time 2881.0 binding_event at gene tetA enzyme RNAP with twist -124.34902 superhelical -0.04210 global twist -130.45089 global supercoiling -0.03715
frame 5770 time 2885.0 binding_event at DNA_topoI 42 enzyme topoI with twist -105.72533 superhelical -0.07411 global twist -130.45089 global supercoiling -0.03735
frame 5777 time 2888.5 unbinding_event at DNA_topoI 42 enzyme topoI with twist -132.05487 superhelical -0.08042 global twist -103.22376 global supercoiling -0.03018
frame 5779 time 2889.5 binding_event at DNA_gyrase 25 enzyme gyrase with twist -15.03330 superhelical -0.01009 global twist -99.33417 global supercoiling -0.02844
frame 5780 time 2890.0 unbinding_event at DNA_gyrase 25 enzyme gyrase with twist -13.23810 superhelical -0.00735 global twist -102.02696 global supercoiling -0.02983
frame 5784 time 2892.0 unbinding_event at gene mKalama1 enzyme RNAP with twist -105.84322 superhelical 0.52811 global twist -104.71976 global supercoiling -0.02999
frame 5802 time 2901.0 unbinding_event at gene tetA enzyme RNAP with twist -104.71976 superhelical -0.06952 global twist -104.71976 global supercoiling -0.02982
frame 5809 time 2904.5 binding_event at DNA_topoI 32 enzyme topoI with twist -104.71976 superhelical -0.02966 global twist -104.71976 global supercoiling -0.02966
frame 5809 time 2904.5 unbinding_event at DNA_topoI 32 enzyme topoI with twist -100.83016 superhelical -0.02532 global twist -104.71976 global supercoiling -0.02966
frame 5849 time 2924.5 binding_event at gene tetA enzyme RNAP with twist -100.83016 superhelical -0.02856 global twist -100.83016 global supercoiling -0.02856
frame 5865 time 2932.5 binding_event at gene tetA enzyme RNAP with twist -106.72727 superhelical -0.05327 global twist -100.83016 global supercoiling -0.02872
frame 5889 time 2944.5 unbinding_event at gene tetA enzyme RNAP with twist 81.23777 superhelical -0.05379 global twist -100.83016 global supercoiling -0.02887
frame 5905 time 2952.5 unbinding_event at gene tetA enzyme RNAP with twist -100.83016 superhelical -0.09767 global twist -100.83016 global supercoiling -0.02872
frame 5947 time 2973.5 binding_event at gene Raspberry enzyme RNAP with twist -100.83016 superhelical -0.02856 global twist -100.83016 global supercoiling -0.02856
frame 5974 time 2987.0 unbinding_event at gene Raspberry enzyme RNAP with twist -100.83016 superhelical -0.09678 global twist -100.83016 global supercoiling -0.02872
frame 6023 time 3011.5 binding_event at DNA_topoI 0 enzyme topoI with twist -100.83016 superhelical -0.02856 global twist -100.83016 global supercoiling -0.02856
frame 6027 time 3013.5 unbinding_event at DNA_topoI 0 enzyme topoI with twist -81.38221 superhelical -0.02338 global twist -85.27180 global supercoiling -0.02465
frame 6104 time 3052.0 binding_event at DNA_gyrase 37 enzyme gyrase with twist -81.38221 superhelical -0.02305 global twist -81.38221 global supercoiling -0.02305
frame 6105 time 3052.5 unbinding_event at DNA_gyrase 37 enzyme gyrase with twist -86.76780 superhelical -0.02711 global twist -84.07500 global supercoiling -0.02431
frame 6146 time 3073.0 binding_event at gene tetA enzyme RNAP with twist -86.76780 superhelical -0.02458 global twist -86.76780 global supercoiling -0.02458
frame 6186 time 3093.0 unbinding_event at gene tetA enzyme RNAP with twist -86.76780 superhelical -0.07732 global twist -86.76780 global supercoiling -0.02471
frame 6246 time 3123.0 binding_event at DNA_gyrase 40 enzyme gyrase with twist -86.76780 superhelical -0.02458 global twist -86.76780 global supercoiling -0.02458
frame 6248 time 3124.0 unbinding_event at DNA_gyrase 40 enzyme gyrase with twist -94.84618 superhelical -0.02926 global twist -92.15338 global supercoiling -0.02664
frame 6344 time 3172.0 binding_event at DNA_topoI 0 enzyme topoI with twist -94.84618 superhelical -0.02686 global twist -94.84618 global supercoiling -0.02686
frame 6344 time 3172.0 unbinding_event at DNA_topoI 0 enzyme topoI with twist -90.95659 superhelical -0.02627 global twist -94.84618 global supercoiling -0.02686
frame 6367 time 3183.5 binding_event at gene Raspberry enzyme RNAP with twist -90.95659 superhelical -0.02576 global twist -90.95659 global supercoiling -0.02576
frame 6394 time 3197.0 unbinding_event at gene Raspberry enzyme RNAP with twist -90.95659 superhelical -0.09508 global twist -90.95659 global supercoiling -0.02590
frame 6401 time 3200.5 binding_event at gene tetA enzyme RNAP with twist -90.95659 superhelical -0.02576 global twist -90.95659 global supercoiling -0.02576
frame 6441 time 3220.5 unbinding_event at gene tetA enzyme RNAP with twist -90.95659 superhelical -0.07816 global twist -90.95659 global supercoiling -0.02590
frame 6638 time 3319.0 binding_event at gene mKalama1 enzyme RNAP with twist -90.95659 superhelical -0.02576 global twist -90.95659 global supercoiling -0.02576
frame 6647 time 3323.5 binding_event at DNA_topoI 8 enzyme topoI with twist -106.49863 superhelical -0.03520 global twist -90.95659 global supercoiling -0.02590
frame 6658 time 3329.0 unbinding_event at DNA_topoI 8 enzyme topoI with twist -102.90824 superhelical -0.04214 global twist -48.17109 global supercoiling -0.01400
frame 6665 time 3332.5 unbinding_event at gene mKalama1 enzyme RNAP with twist -44.28150 superhelical 0.57840 global twist -44.28150 global supercoiling -0.01261
frame 6674 time 3337.0 binding_event at DNA_topoI 6 enzyme topoI with twist -44.28150 superhelical -0.01254 global twist -44.28150 global supercoiling -0.01254
frame 6682 time 3341.0 unbinding_event at DNA_topoI 6 enzyme topoI with twist -9.27518 superhelical -0.00453 global twist -13.16477 global supercoiling -0.00381
frame 6694 time 3347.0 binding_event at DNA_gyrase 8 enzyme gyrase with twist -9.27518 superhelical -0.00263 global twist -9.27518 global supercoiling -0.00263
frame 6694 time 3347.0 unbinding_event at DNA_gyrase 8 enzyme gyrase with twist -11.96797 superhelical -0.00328 global twist -9.27518 global supercoiling -0.00263
frame 6805 time 3402.5 binding_event at gene tetA enzyme RNAP with twist -11.96797 superhelical -0.00339 global twist -11.96797 global supercoiling -0.00339
frame 6840 time 3420.0 binding_event at DNA_gyrase 18 enzyme gyrase with twist 119.54511 superhelical 0.10245 global twist -11.96797 global supercoiling -0.00341
frame 6843 time 3421.5 unbinding_event at DNA_gyrase 18 enzyme gyrase with twist 123.13550 superhelical 0.14018 global twist -20.04635 global supercoiling -0.00583
frame 6845 time 3422.5 unbinding_event at gene tetA enzyme RNAP with twist -22.73915 superhelical -0.06241 global twist -22.73915 global supercoiling -0.00648
frame 6846 time 3423.0 binding_event at DNA_gyrase 25 enzyme gyrase with twist -22.73915 superhelical -0.00644 global twist -22.73915 global supercoiling -0.00644
frame 6847 time 3423.5 unbinding_event at DNA_gyrase 25 enzyme gyrase with twist -28.12473 superhelical -0.00727 global twist -25.43194 global supercoiling -0.00735
frame 6869 time 3434.5 binding_event at DNA_gyrase 49 enzyme gyrase with twist -28.12473 superhelical -0.00797 global twist -28.12473 global supercoiling -0.00797
frame 6869 time 3434.5 unbinding_event at DNA_gyrase 49 enzyme gyrase with twist -30.81753 superhelical -0.00897 global twist -28.12473 global supercoiling -0.00797
frame 6925 time 3462.5 binding_event at DNA_gyrase 25 enzyme gyrase with twist -30.81753 superhelical -0.00873 global twist -30.81753 global supercoiling -0.00873
frame 6926 time 3463.0 unbinding_event at DNA_gyrase 25 enzyme gyrase with twist -36.20312 superhelical -0.00957 global twist -33.51032 global supercoiling -0.00969
frame 7110 time 3555.0 binding_event at DNA_topoI 24 enzyme topoI with twist -36.20312 superhelical -0.01025 global twist -36.20312 global supercoiling -0.01025
frame 7111 time 3555.5 unbinding_event at DNA_topoI 24 enzyme topoI with twist -28.42393 superhelical -0.00933 global twist -32.31352 global supercoiling -0.00934
frame 7141 time 3570.5 binding_event at DNA_topoI 44 enzyme topoI with twist -28.42393 superhelical -0.00805 global twist -28.42393 global supercoiling -0.00805
frame 7154 time 3577.0 binding_event at DNA_gyrase 20 enzyme gyrase with twist 7.16577 superhelical 0.00325 global twist 22.14075 global supercoiling 0.00640
frame 7160 time 3580.0 unbinding_event at DNA_topoI 44 enzyme topoI with twist 38.80913 superhelical 0.02279 global twist 29.32153 global supercoiling 0.00866
frame 7166 time 3583.0 unbinding_event at DNA_gyrase 20 enzyme gyrase with twist 14.36157 superhelical 0.00985 global twist 17.05436 global supercoiling 0.00493
frame 7240 time 3620.0 binding_event at gene tetA enzyme RNAP with twist 14.36157 superhelical 0.00407 global twist 14.36157 global supercoiling 0.00407
frame 7242 time 3621.0 binding_event at gene tetA enzyme RNAP with twist -0.16153 superhelical -0.00009 global twist 14.36157 global supercoiling 0.00409
frame 7262 time 3631.0 binding_event at DNA_gyrase 22 enzyme gyrase with twist 86.33093 superhelical 0.06165 global twist 14.36157 global supercoiling 0.00411
frame 7277 time 3638.5 binding_event at gene tetA enzyme RNAP with twist -125.82368 superhelical -0.05367 global twist -26.03034 global supercoiling -0.00761
frame 7280 time 3640.0 unbinding_event at gene tetA enzyme RNAP with twist 116.36562 superhelical -0.00009 global twist -34.10872 global supercoiling -0.01003
frame 7280 time 3640.0 unbinding_event at DNA_gyrase 22 enzyme gyrase with twist 103.38373 superhelical -0.00009 global twist -34.10872 global supercoiling -0.01003
frame 7282 time 3641.0 unbinding_event at gene tetA enzyme RNAP with twist 77.60298 superhelical -0.05411 global twist -36.80151 global supercoiling -0.01054
frame 7317 time 3658.5 unbinding_event at gene tetA enzyme RNAP with twist -36.80151 superhelical -0.09790 global twist -36.80151 global supercoiling -0.01048
frame 7414 time 3707.0 binding_event at gene CDS enzyme RNAP with twist -36.80151 superhelical -0.01042 global twist -36.80151 global supercoiling -0.01042
frame 7421 time 3710.5 unbinding_event at gene CDS enzyme RNAP with twist -36.80151 superhelical -0.01969 global twist -36.80151 global supercoiling -0.01048
frame 7566 time 3783.0 binding_event at gene tetA enzyme RNAP with twist -36.80151 superhelical -0.01042 global twist -36.80151 global supercoiling -0.01042
frame 7595 time 3797.5 binding_event at gene tetA enzyme RNAP with twist -122.10819 superhelical -0.05459 global twist -36.80151 global supercoiling -0.01048
frame 7600 time 3800.0 binding_event at gene Raspberry enzyme RNAP with twist -112.44907 superhelical -0.06227 global twist -36.80151 global supercoiling -0.01054
frame 7606 time 3803.0 unbinding_event at gene tetA enzyme RNAP with twist 100.78030 superhelical -0.05506 global twist -36.80151 global supercoiling -0.01060
frame 7608 time 3804.0 binding_event at DNA_gyrase 22 enzyme gyrase with twist 104.37069 superhelical 0.06683 global twist -36.80151 global supercoiling -0.01054
frame 7610 time 3805.0 unbinding_event at DNA_gyrase 22 enzyme gyrase with twist 107.06348 superhelical 0.07850 global twist -42.18710 global supercoiling -0.01233
frame 7611 time 3805.5 binding_event at DNA_topoI 38 enzyme topoI with twist -87.47157 superhelical -0.09113 global twist -44.87990 global supercoiling -0.01285
frame 7611 time 3805.5 unbinding_event at DNA_topoI 38 enzyme topoI with twist -87.17237 superhelical -0.09614 global twist -44.87990 global supercoiling -0.01285
frame 7623 time 3811.5 binding_event at gene tetA enzyme RNAP with twist -64.47180 superhelical -0.06293 global twist -40.99030 global supercoiling -0.01174
frame 7627 time 3813.5 unbinding_event at gene Raspberry enzyme RNAP with twist -178.08257 superhelical -0.11432 global twist -40.99030 global supercoiling -0.01180
frame 7635 time 3817.5 unbinding_event at gene tetA enzyme RNAP with twist 165.81540 superhelical -0.06413 global twist -40.99030 global supercoiling -0.01174
frame 7636 time 3818.0 binding_event at DNA_topoI 36 enzyme topoI with twist -206.80571 superhelical -0.10608 global twist -40.99030 global supercoiling -0.01167
frame 7639 time 3819.5 unbinding_event at DNA_topoI 36 enzyme topoI with twist -205.60891 superhelical -0.09869 global twist -29.32153 global supercoiling -0.00852
frame 7653 time 3826.5 binding_event at DNA_topoI 3 enzyme topoI with twist -252.28400 superhelical -0.11189 global twist -25.43194 global supercoiling -0.00724
frame 7655 time 3827.5 binding_event at DNA_topoI 28 enzyme topoI with twist -215.75240 superhelical -0.11352 global twist -17.65276 global supercoiling -0.00513
frame 7658 time 3829.0 unbinding_event at DNA_topoI 28 enzyme topoI with twist -192.41486 superhelical -0.04412 global twist 5.68479 global supercoiling 0.00169
frame 7660 time 3830.0 unbinding_event at DNA_topoI 3 enzyme topoI with twist -234.33204 superhelical -0.09920 global twist 17.35356 global supercoiling 0.00505
frame 7663 time 3831.5 unbinding_event at gene tetA enzyme RNAP with twist 21.24315 superhelical -0.09995 global twist 21.24315 global supercoiling 0.00605
frame 7725 time 3862.5 binding_event at gene tetA enzyme RNAP with twist 21.24315 superhelical 0.00602 global twist 21.24315 global supercoiling 0.00602
frame 7759 time 3879.5 binding_event at gene tetA enzyme RNAP with twist -111.69067 superhelical -0.04801 global twist 21.24315 global supercoiling 0.00605
frame 7765 time 3882.5 unbinding_event at gene tetA enzyme RNAP with twist 129.44872 superhelical -0.04840 global twist 21.24315 global supercoiling 0.00608
frame 7788 time 3894.0 binding_event at DNA_topoI 32 enzyme topoI with twist -187.19419 superhelical -0.08369 global twist 21.24315 global supercoiling 0.00605
frame 7799 time 3899.5 unbinding_event at gene tetA enzyme RNAP with twist 78.52193 superhelical -0.08703 global twist 64.02865 global supercoiling 0.01862
frame 7802 time 3901.0 unbinding_event at DNA_topoI 32 enzyme topoI with twist 79.58701 superhelical -0.01215 global twist 75.69742 global supercoiling 0.02189
frame 7810 time 3905.0 binding_event at DNA_gyrase 47 enzyme gyrase with twist 79.58701 superhelical 0.02254 global twist 79.58701 global supercoiling 0.02254
frame 7813 time 3906.5 unbinding_event at DNA_gyrase 47 enzyme gyrase with twist 68.81584 superhelical 0.01935 global twist 71.50863 global supercoiling 0.02067
frame 7821 time 3910.5 binding_event at DNA_gyrase 10 enzyme gyrase with twist 68.81584 superhelical 0.01949 global twist 68.81584 global supercoiling 0.01949
frame 7831 time 3915.5 unbinding_event at DNA_gyrase 10 enzyme gyrase with twist 39.19511 superhelical 0.01373 global twist 41.88790 global supercoiling 0.01211
frame 7841 time 3920.5 binding_event at gene tetA enzyme RNAP with twist 39.19511 superhelical 0.01110 global twist 39.19511 global supercoiling 0.01110
frame 7877 time 3938.5 binding_event at DNA_topoI 7 enzyme topoI with twist -110.09739 superhelical -0.04660 global twist 39.19511 global supercoiling 0.01116
frame 7881 time 3940.5 unbinding_event at gene tetA enzyme RNAP with twist 154.06957 superhelical -0.06838 global twist 54.75347 global supercoiling 0.01592
frame 7886 time 3943.0 unbinding_event at DNA_topoI 7 enzyme topoI with twist 78.09102 superhelical -0.03917 global twist 74.20143 global supercoiling 0.02145
frame 7895 time 3947.5 binding_event at DNA_gyrase 3 enzyme gyrase with twist 78.09102 superhelical 0.02212 global twist 78.09102 global supercoiling 0.02212
frame 7911 time 3955.5 unbinding_event at DNA_gyrase 3 enzyme gyrase with twist 32.31352 superhelical 0.01053 global twist 35.00632 global supercoiling 0.01012
frame 7977 time 3988.5 binding_event at DNA_gyrase 27 enzyme gyrase with twist 32.31352 superhelical 0.00915 global twist 32.31352 global supercoiling 0.00915
frame 7981 time 3990.5 unbinding_event at DNA_gyrase 27 enzyme gyrase with twist 18.84956 superhelical -0.19155 global twist 21.54235 global supercoiling 0.00623
