TORCphysics log file 

General information: 
---------------------------------------------------------------------------------------
Circuit name: Pleu500_69
Size: 6000
Structure: circle
Number of sites: 110
Number of frames: 8000
Simulation time: 4000.0
Simulation timestep: 0.5
Seed: 8003293152793235353
 
Overall simulation information 
---------------------------------------------------------------------------------------
Initial twist: -211.83310
Final twist: -39.49431
Initial superhelical density: -0.06000
Final superhelical density: -0.01125
 
Overall rates 
---------------------------------------------------------------------------------------
site type            site name            #binding events      #unbinding events    binding rates        
 DNA_topoI            DNA_topoI_global                     56.0                 56.0                 0.014 
DNA_gyrase           DNA_gyrase_global                    73.0                 73.0               0.01825 
EXT                  EXT                                   0.0                  0.0                   0.0 
gene                 tetA                                 57.0                 56.0               0.01425 
gene                 CDS                                   0.0                  0.0                   0.0 
origin               ori                                   0.0                  0.0                   0.0 
lacOP                lac1                                  0.0                  0.0                   0.0 
gene                 mKalama1                              9.0                  9.0               0.00225 
lacOP                lac2                                  0.0                  0.0                   0.0 
gene                 Raspberry                             5.0                  5.0               0.00125 
 
Events
---------------------------------------------------------------------------------------
frame 41 time 20.5 binding_event at DNA_topoI 17 enzyme topoI with twist -211.83310 superhelical -0.06000 global twist -211.83310 global supercoiling -0.06000
frame 44 time 22.0 unbinding_event at DNA_topoI 17 enzyme topoI with twist -196.27474 superhelical -0.05857 global twist -200.16433 global supercoiling -0.05787
frame 76 time 38.0 binding_event at DNA_gyrase 34 enzyme gyrase with twist -196.27474 superhelical -0.05559 global twist -196.27474 global supercoiling -0.05559
frame 89 time 44.5 binding_event at DNA_topoI 37 enzyme topoI with twist -183.35192 superhelical -0.06274 global twist -231.28106 global supercoiling -0.06687
frame 92 time 46.0 unbinding_event at DNA_topoI 37 enzyme topoI with twist -173.17914 superhelical -0.04765 global twist -227.69067 global supercoiling -0.06723
frame 93 time 46.5 unbinding_event at DNA_gyrase 34 enzyme gyrase with twist -229.18666 superhelical -0.10195 global twist -226.49387 global supercoiling -0.06548
frame 130 time 65.0 binding_event at DNA_topoI 28 enzyme topoI with twist -229.18666 superhelical -0.06492 global twist -229.18666 global supercoiling -0.06492
frame 134 time 67.0 unbinding_event at DNA_topoI 28 enzyme topoI with twist -209.73871 superhelical 0.02607 global twist -213.62830 global supercoiling -0.06176
frame 149 time 74.5 binding_event at gene tetA enzyme RNAP with twist -209.73871 superhelical -0.05941 global twist -209.73871 global supercoiling -0.05941
frame 189 time 94.5 unbinding_event at gene tetA enzyme RNAP with twist -209.73871 superhelical -0.10183 global twist -209.73871 global supercoiling -0.05973
frame 199 time 99.5 binding_event at gene tetA enzyme RNAP with twist -209.73871 superhelical -0.05941 global twist -209.73871 global supercoiling -0.05941
frame 236 time 118.0 binding_event at DNA_topoI 41 enzyme topoI with twist -235.35482 superhelical -0.09887 global twist -209.73871 global supercoiling -0.05973
frame 239 time 119.5 unbinding_event at gene tetA enzyme RNAP with twist -96.05596 superhelical -0.10140 global twist -198.06994 global supercoiling -0.05759
frame 240 time 120.0 unbinding_event at DNA_topoI 41 enzyme topoI with twist -190.29076 superhelical -0.09259 global twist -194.18035 global supercoiling -0.05614
frame 255 time 127.5 binding_event at DNA_topoI 8 enzyme topoI with twist -190.29076 superhelical -0.05390 global twist -190.29076 global supercoiling -0.05390
frame 261 time 130.5 unbinding_event at DNA_topoI 8 enzyme topoI with twist -163.06362 superhelical -0.04899 global twist -166.95321 global supercoiling -0.04827
frame 312 time 156.0 binding_event at DNA_topoI 2 enzyme topoI with twist -163.06362 superhelical -0.04619 global twist -163.06362 global supercoiling -0.04619
frame 316 time 158.0 binding_event at DNA_topoI 24 enzyme topoI with twist -69.06949 superhelical -0.04237 global twist -147.50526 global supercoiling -0.04265
frame 319 time 159.5 binding_event at DNA_topoI 45 enzyme topoI with twist -72.60138 superhelical -0.03970 global twist -124.16771 global supercoiling -0.03666
frame 320 time 160.0 unbinding_event at DNA_topoI 2 enzyme topoI with twist -57.41846 superhelical -0.02327 global twist -112.49894 global supercoiling -0.03394
frame 321 time 160.5 unbinding_event at DNA_topoI 24 enzyme topoI with twist -44.08814 superhelical -0.02662 global twist -100.83016 global supercoiling -0.02977
frame 327 time 163.5 unbinding_event at DNA_topoI 45 enzyme topoI with twist -69.71344 superhelical -0.02812 global twist -73.60303 global supercoiling -0.02128
frame 375 time 187.5 binding_event at gene tetA enzyme RNAP with twist -69.71344 superhelical -0.01975 global twist -69.71344 global supercoiling -0.01975
frame 381 time 190.5 binding_event at DNA_topoI 49 enzyme topoI with twist -55.61497 superhelical -0.03049 global twist -69.71344 global supercoiling -0.01985
frame 403 time 201.5 unbinding_event at DNA_topoI 49 enzyme topoI with twist -48.73339 superhelical -0.00402 global twist 15.85756 global supercoiling 0.00461
frame 415 time 207.5 unbinding_event at gene tetA enzyme RNAP with twist 19.74715 superhelical -0.03744 global twist 19.74715 global supercoiling 0.00562
frame 488 time 244.0 binding_event at DNA_gyrase 3 enzyme gyrase with twist 19.74715 superhelical 0.00559 global twist 19.74715 global supercoiling 0.00559
frame 489 time 244.5 unbinding_event at DNA_gyrase 3 enzyme gyrase with twist 14.36157 superhelical 0.00429 global twist 17.05436 global supercoiling 0.00493
frame 499 time 249.5 binding_event at DNA_gyrase 2 enzyme gyrase with twist 14.36157 superhelical 0.00407 global twist 14.36157 global supercoiling 0.00407
frame 508 time 254.0 unbinding_event at DNA_gyrase 2 enzyme gyrase with twist -12.56637 superhelical -0.00321 global twist -9.87358 global supercoiling -0.00285
frame 536 time 268.0 binding_event at gene tetA enzyme RNAP with twist -12.56637 superhelical -0.00356 global twist -12.56637 global supercoiling -0.00356
frame 571 time 285.5 binding_event at DNA_topoI 42 enzyme topoI with twist -131.80555 superhelical -0.05622 global twist -12.56637 global supercoiling -0.00358
frame 576 time 288.0 unbinding_event at gene tetA enzyme RNAP with twist 63.51291 superhelical -0.06085 global twist 6.88158 global supercoiling 0.00200
frame 576 time 288.0 unbinding_event at DNA_topoI 42 enzyme topoI with twist 10.77117 superhelical -0.04749 global twist 6.88158 global supercoiling 0.00200
frame 641 time 320.5 binding_event at DNA_gyrase 6 enzyme gyrase with twist 10.77117 superhelical 0.00305 global twist 10.77117 global supercoiling 0.00305
frame 642 time 321.0 unbinding_event at DNA_gyrase 6 enzyme gyrase with twist 5.38559 superhelical 0.00184 global twist 8.07838 global supercoiling 0.00234
frame 643 time 321.5 binding_event at gene tetA enzyme RNAP with twist 5.38559 superhelical 0.00153 global twist 5.38559 global supercoiling 0.00153
frame 683 time 341.5 unbinding_event at gene tetA enzyme RNAP with twist 5.38559 superhelical -0.05896 global twist 5.38559 global supercoiling 0.00153
frame 821 time 410.5 binding_event at DNA_topoI 12 enzyme topoI with twist 5.38559 superhelical 0.00153 global twist 5.38559 global supercoiling 0.00153
frame 828 time 414.0 binding_event at gene tetA enzyme RNAP with twist 17.57915 superhelical 0.00690 global twist 32.61272 global supercoiling 0.00943
frame 834 time 417.0 unbinding_event at DNA_topoI 12 enzyme topoI with twist 73.03676 superhelical 0.06473 global twist 55.95027 global supercoiling 0.01627
frame 868 time 434.0 unbinding_event at gene tetA enzyme RNAP with twist 59.83986 superhelical -0.05516 global twist 59.83986 global supercoiling 0.01704
frame 927 time 463.5 binding_event at DNA_gyrase 37 enzyme gyrase with twist 59.83986 superhelical 0.01695 global twist 59.83986 global supercoiling 0.01695
frame 927 time 463.5 unbinding_event at DNA_gyrase 37 enzyme gyrase with twist 57.14707 superhelical 0.01551 global twist 59.83986 global supercoiling 0.01695
frame 945 time 472.5 binding_event at DNA_gyrase 13 enzyme gyrase with twist 57.14707 superhelical 0.01619 global twist 57.14707 global supercoiling 0.01619
frame 947 time 473.5 unbinding_event at DNA_gyrase 13 enzyme gyrase with twist 49.06869 superhelical 0.01498 global twist 51.76148 global supercoiling 0.01497
frame 948 time 474.0 binding_event at gene tetA enzyme RNAP with twist 49.06869 superhelical 0.01390 global twist 49.06869 global supercoiling 0.01390
frame 960 time 480.0 binding_event at DNA_gyrase 19 enzyme gyrase with twist 68.17094 superhelical 0.04315 global twist 49.06869 global supercoiling 0.01397
frame 966 time 483.0 binding_event at DNA_gyrase 13 enzyme gyrase with twist 63.13137 superhelical 0.06371 global twist 32.91192 global supercoiling 0.00957
frame 966 time 483.0 unbinding_event at DNA_gyrase 13 enzyme gyrase with twist 62.68257 superhelical 0.07510 global twist 32.91192 global supercoiling 0.00957
frame 967 time 483.5 unbinding_event at DNA_gyrase 19 enzyme gyrase with twist 72.65893 superhelical 0.06798 global twist 27.52634 global supercoiling 0.00800
frame 971 time 485.5 binding_event at DNA_topoI 42 enzyme topoI with twist -58.59656 superhelical -0.02752 global twist 24.83354 global supercoiling 0.00707
frame 974 time 487.0 unbinding_event at DNA_topoI 42 enzyme topoI with twist -57.39976 superhelical -0.02148 global twist 36.50231 global supercoiling 0.01061
frame 985 time 492.5 binding_event at gene tetA enzyme RNAP with twist -93.30368 superhelical -0.03920 global twist 40.39191 global supercoiling 0.01150
frame 988 time 494.0 unbinding_event at gene tetA enzyme RNAP with twist 122.56770 superhelical -0.03951 global twist 40.39191 global supercoiling 0.01157
frame 998 time 499.0 binding_event at DNA_gyrase 25 enzyme gyrase with twist 154.88123 superhelical 0.09917 global twist 40.39191 global supercoiling 0.01150
frame 999 time 499.5 unbinding_event at DNA_gyrase 25 enzyme gyrase with twist 156.67642 superhelical 0.10652 global twist 37.69911 global supercoiling 0.01096
frame 1024 time 512.0 binding_event at DNA_topoI 0 enzyme topoI with twist -207.83950 superhelical -0.08601 global twist 35.00632 global supercoiling 0.00997
frame 1024 time 512.0 unbinding_event at DNA_topoI 0 enzyme topoI with twist -207.54030 superhelical -0.08749 global twist 35.00632 global supercoiling 0.00997
frame 1025 time 512.5 unbinding_event at gene tetA enzyme RNAP with twist 38.89591 superhelical -0.08610 global twist 38.89591 global supercoiling 0.01108
frame 1048 time 524.0 binding_event at DNA_gyrase 22 enzyme gyrase with twist 38.89591 superhelical 0.01102 global twist 38.89591 global supercoiling 0.01102
frame 1053 time 526.5 unbinding_event at DNA_gyrase 22 enzyme gyrase with twist 22.73915 superhelical 0.00877 global twist 25.43194 global supercoiling 0.00735
frame 1187 time 593.5 binding_event at DNA_gyrase 49 enzyme gyrase with twist 22.73915 superhelical 0.00644 global twist 22.73915 global supercoiling 0.00644
frame 1191 time 595.5 unbinding_event at DNA_gyrase 49 enzyme gyrase with twist 9.27518 superhelical 0.00240 global twist 11.96797 global supercoiling 0.00346
frame 1197 time 598.5 binding_event at gene mKalama1 enzyme RNAP with twist 9.27518 superhelical 0.00263 global twist 9.27518 global supercoiling 0.00263
frame 1224 time 612.0 unbinding_event at gene mKalama1 enzyme RNAP with twist 9.27518 superhelical 0.70602 global twist 9.27518 global supercoiling 0.00264
frame 1276 time 638.0 binding_event at gene tetA enzyme RNAP with twist 9.27518 superhelical 0.00263 global twist 9.27518 global supercoiling 0.00263
frame 1316 time 658.0 unbinding_event at gene tetA enzyme RNAP with twist 9.27518 superhelical -0.05818 global twist 9.27518 global supercoiling 0.00264
frame 1321 time 660.5 binding_event at DNA_gyrase 41 enzyme gyrase with twist 9.27518 superhelical 0.00263 global twist 9.27518 global supercoiling 0.00263
frame 1321 time 660.5 unbinding_event at DNA_gyrase 41 enzyme gyrase with twist 6.58238 superhelical 0.00139 global twist 9.27518 global supercoiling 0.00263
frame 1405 time 702.5 binding_event at DNA_gyrase 44 enzyme gyrase with twist 6.58238 superhelical 0.00186 global twist 6.58238 global supercoiling 0.00186
frame 1406 time 703.0 unbinding_event at DNA_gyrase 44 enzyme gyrase with twist 1.19680 superhelical -0.00024 global twist 3.88959 global supercoiling 0.00112
frame 1432 time 716.0 binding_event at DNA_gyrase 25 enzyme gyrase with twist 1.19680 superhelical 0.00034 global twist 1.19680 global supercoiling 0.00034
frame 1436 time 718.0 unbinding_event at DNA_gyrase 25 enzyme gyrase with twist -12.26717 superhelical -0.00159 global twist -9.57438 global supercoiling -0.00277
frame 1448 time 724.0 binding_event at DNA_gyrase 3 enzyme gyrase with twist -12.26717 superhelical -0.00347 global twist -12.26717 global supercoiling -0.00347
frame 1451 time 725.5 binding_event at DNA_gyrase 15 enzyme gyrase with twist -9.56578 superhelical -0.00614 global twist -20.34555 global supercoiling -0.00588
frame 1452 time 726.0 unbinding_event at DNA_gyrase 3 enzyme gyrase with twist -23.94142 superhelical -0.00709 global twist -25.73114 global supercoiling -0.00760
frame 1452 time 726.0 unbinding_event at DNA_gyrase 15 enzyme gyrase with twist -31.11673 superhelical -0.00709 global twist -25.73114 global supercoiling -0.00760
frame 1485 time 742.5 binding_event at DNA_gyrase 25 enzyme gyrase with twist -31.11673 superhelical -0.00881 global twist -31.11673 global supercoiling -0.00881
frame 1486 time 743.0 unbinding_event at DNA_gyrase 25 enzyme gyrase with twist -36.50231 superhelical -0.00966 global twist -33.80952 global supercoiling -0.00978
frame 1508 time 754.0 binding_event at gene tetA enzyme RNAP with twist -36.50231 superhelical -0.01034 global twist -36.50231 global supercoiling -0.01034
frame 1548 time 774.0 unbinding_event at gene tetA enzyme RNAP with twist -36.50231 superhelical -0.06730 global twist -36.50231 global supercoiling -0.01040
frame 1556 time 778.0 binding_event at gene tetA enzyme RNAP with twist -36.50231 superhelical -0.01034 global twist -36.50231 global supercoiling -0.01034
frame 1563 time 781.5 binding_event at DNA_topoI 35 enzyme topoI with twist -42.97334 superhelical -0.02333 global twist -36.50231 global supercoiling -0.01040
frame 1580 time 790.0 unbinding_event at DNA_topoI 35 enzyme topoI with twist -37.58775 superhelical 0.03330 global twist 29.62073 global supercoiling 0.00861
frame 1596 time 798.0 binding_event at DNA_gyrase 11 enzyme gyrase with twist 124.95395 superhelical 0.11601 global twist 33.51032 global supercoiling 0.00954
frame 1596 time 798.0 unbinding_event at gene tetA enzyme RNAP with twist -90.11244 superhelical -0.03875 global twist 33.51032 global supercoiling 0.00954
frame 1601 time 800.5 unbinding_event at DNA_gyrase 11 enzyme gyrase with twist 17.35356 superhelical -0.03913 global twist 20.04635 global supercoiling 0.00580
frame 1810 time 905.0 binding_event at gene mKalama1 enzyme RNAP with twist 17.35356 superhelical 0.00492 global twist 17.35356 global supercoiling 0.00492
frame 1837 time 918.5 unbinding_event at gene mKalama1 enzyme RNAP with twist 17.35356 superhelical 0.71631 global twist 17.35356 global supercoiling 0.00494
frame 1896 time 948.0 binding_event at DNA_topoI 5 enzyme topoI with twist 17.35356 superhelical 0.00492 global twist 17.35356 global supercoiling 0.00492
frame 1901 time 950.5 unbinding_event at DNA_topoI 5 enzyme topoI with twist 40.69110 superhelical 0.01073 global twist 36.80151 global supercoiling 0.01064
frame 1922 time 961.0 binding_event at gene tetA enzyme RNAP with twist 40.69110 superhelical 0.01153 global twist 40.69110 global supercoiling 0.01153
frame 1962 time 981.0 unbinding_event at gene tetA enzyme RNAP with twist 40.69110 superhelical -0.05192 global twist 40.69110 global supercoiling 0.01159
frame 1972 time 986.0 binding_event at DNA_gyrase 30 enzyme gyrase with twist 40.69110 superhelical 0.01153 global twist 40.69110 global supercoiling 0.01153
frame 1974 time 987.0 unbinding_event at DNA_gyrase 30 enzyme gyrase with twist 32.61272 superhelical -0.00446 global twist 35.30552 global supercoiling 0.01021
frame 1987 time 993.5 binding_event at DNA_gyrase 46 enzyme gyrase with twist 32.61272 superhelical 0.00924 global twist 32.61272 global supercoiling 0.00924
frame 1990 time 995.0 unbinding_event at DNA_gyrase 46 enzyme gyrase with twist 21.84155 superhelical 0.00558 global twist 24.53434 global supercoiling 0.00709
frame 2073 time 1036.5 binding_event at gene mKalama1 enzyme RNAP with twist 21.84155 superhelical 0.00619 global twist 21.84155 global supercoiling 0.00619
frame 2100 time 1050.0 unbinding_event at gene mKalama1 enzyme RNAP with twist 21.84155 superhelical 0.72203 global twist 21.84155 global supercoiling 0.00622
frame 2109 time 1054.5 binding_event at DNA_gyrase 16 enzyme gyrase with twist 21.84155 superhelical 0.00619 global twist 21.84155 global supercoiling 0.00619
frame 2111 time 1055.5 unbinding_event at DNA_gyrase 16 enzyme gyrase with twist 13.76317 superhelical 0.00489 global twist 16.45596 global supercoiling 0.00476
frame 2130 time 1065.0 binding_event at DNA_gyrase 9 enzyme gyrase with twist 13.76317 superhelical 0.00390 global twist 13.76317 global supercoiling 0.00390
frame 2132 time 1066.0 unbinding_event at DNA_gyrase 9 enzyme gyrase with twist 5.68479 superhelical 0.00225 global twist 8.37758 global supercoiling 0.00242
frame 2144 time 1072.0 binding_event at DNA_gyrase 0 enzyme gyrase with twist 5.68479 superhelical 0.00161 global twist 5.68479 global supercoiling 0.00161
frame 2144 time 1072.0 unbinding_event at DNA_gyrase 0 enzyme gyrase with twist 2.99199 superhelical 0.00084 global twist 5.68479 global supercoiling 0.00161
frame 2154 time 1077.0 binding_event at gene tetA enzyme RNAP with twist 2.99199 superhelical 0.00085 global twist 2.99199 global supercoiling 0.00085
frame 2194 time 1097.0 unbinding_event at gene tetA enzyme RNAP with twist 2.99199 superhelical -0.05943 global twist 2.99199 global supercoiling 0.00085
frame 2198 time 1099.0 binding_event at DNA_gyrase 7 enzyme gyrase with twist 2.99199 superhelical 0.00085 global twist 2.99199 global supercoiling 0.00085
frame 2205 time 1102.5 unbinding_event at DNA_gyrase 7 enzyme gyrase with twist -18.55036 superhelical -0.00406 global twist -15.85756 global supercoiling -0.00458
frame 2220 time 1110.0 binding_event at DNA_gyrase 36 enzyme gyrase with twist -18.55036 superhelical -0.00525 global twist -18.55036 global supercoiling -0.00525
frame 2220 time 1110.0 unbinding_event at DNA_gyrase 36 enzyme gyrase with twist -21.24315 superhelical -0.00734 global twist -18.55036 global supercoiling -0.00525
frame 2252 time 1126.0 binding_event at DNA_topoI 28 enzyme topoI with twist -21.24315 superhelical -0.00602 global twist -21.24315 global supercoiling -0.00602
frame 2252 time 1126.0 unbinding_event at DNA_topoI 28 enzyme topoI with twist -17.35356 superhelical 0.01232 global twist -21.24315 global supercoiling -0.00602
frame 2339 time 1169.5 binding_event at gene tetA enzyme RNAP with twist -17.35356 superhelical -0.00492 global twist -17.35356 global supercoiling -0.00492
frame 2362 time 1181.0 binding_event at gene tetA enzyme RNAP with twist -91.06060 superhelical -0.04277 global twist -17.35356 global supercoiling -0.00494
frame 2374 time 1187.0 binding_event at DNA_gyrase 21 enzyme gyrase with twist 116.79174 superhelical 0.10009 global twist -17.35356 global supercoiling -0.00497
frame 2374 time 1187.0 unbinding_event at DNA_gyrase 21 enzyme gyrase with twist 117.68934 superhelical 0.11178 global twist -17.35356 global supercoiling -0.00497
frame 2379 time 1189.5 unbinding_event at gene tetA enzyme RNAP with twist 118.64814 superhelical -0.04316 global twist -20.04635 global supercoiling -0.00574
frame 2385 time 1192.5 binding_event at DNA_topoI 34 enzyme topoI with twist -156.64645 superhelical -0.07357 global twist -20.04635 global supercoiling -0.00571
frame 2386 time 1193.0 unbinding_event at DNA_topoI 34 enzyme topoI with twist -156.04805 superhelical -0.06889 global twist -16.15676 global supercoiling -0.00470
frame 2402 time 1201.0 unbinding_event at gene tetA enzyme RNAP with twist -12.26717 superhelical -0.08706 global twist -12.26717 global supercoiling -0.00349
frame 2435 time 1217.5 binding_event at gene tetA enzyme RNAP with twist -12.26717 superhelical -0.00347 global twist -12.26717 global supercoiling -0.00347
frame 2443 time 1221.5 binding_event at DNA_gyrase 3 enzyme gyrase with twist 22.45157 superhelical 0.01359 global twist -12.26717 global supercoiling -0.00349
frame 2444 time 1222.0 unbinding_event at DNA_gyrase 3 enzyme gyrase with twist 24.24677 superhelical 0.33382 global twist -14.95997 global supercoiling -0.00435
frame 2473 time 1236.5 binding_event at DNA_topoI 0 enzyme topoI with twist -142.43049 superhelical -0.05939 global twist -17.65276 global supercoiling -0.00503
frame 2475 time 1237.5 unbinding_event at DNA_topoI 0 enzyme topoI with twist -141.53289 superhelical -0.05776 global twist -9.87358 global supercoiling -0.00287
frame 2475 time 1237.5 unbinding_event at gene tetA enzyme RNAP with twist -5.98399 superhelical -0.05776 global twist -9.87358 global supercoiling -0.00287
frame 2596 time 1298.0 binding_event at DNA_gyrase 1 enzyme gyrase with twist -5.98399 superhelical -0.00169 global twist -5.98399 global supercoiling -0.00169
frame 2605 time 1302.5 unbinding_event at DNA_gyrase 1 enzyme gyrase with twist -32.91192 superhelical -0.00939 global twist -30.21913 global supercoiling -0.00874
frame 2627 time 1313.5 binding_event at gene mKalama1 enzyme RNAP with twist -32.91192 superhelical -0.00932 global twist -32.91192 global supercoiling -0.00932
frame 2628 time 1314.0 binding_event at gene tetA enzyme RNAP with twist -30.43369 superhelical -0.01056 global twist -32.91192 global supercoiling -0.00937
frame 2629 time 1314.5 binding_event at gene tetA enzyme RNAP with twist -18.52980 superhelical -0.01679 global twist -32.91192 global supercoiling -0.00942
frame 2652 time 1326.0 binding_event at DNA_gyrase 23 enzyme gyrase with twist 67.08473 superhelical 0.04917 global twist -32.91192 global supercoiling -0.00948
frame 2653 time 1326.5 unbinding_event at DNA_gyrase 23 enzyme gyrase with twist 68.87992 superhelical 0.05750 global twist -35.60472 global supercoiling -0.01047
frame 2654 time 1327.0 unbinding_event at gene mKalama1 enzyme RNAP with twist -110.74742 superhelical 0.65231 global twist -38.29751 global supercoiling -0.01103
frame 2655 time 1327.5 binding_event at DNA_gyrase 11 enzyme gyrase with twist 72.47032 superhelical 0.05530 global twist -38.29751 global supercoiling -0.01097
frame 2659 time 1329.5 unbinding_event at DNA_gyrase 11 enzyme gyrase with twist 76.95830 superhelical 0.15824 global twist -49.06869 global supercoiling -0.01435
frame 2668 time 1334.0 unbinding_event at gene tetA enzyme RNAP with twist 109.25142 superhelical -0.01705 global twist -51.76148 global supercoiling -0.01482
frame 2669 time 1334.5 unbinding_event at gene tetA enzyme RNAP with twist -51.76148 superhelical -0.06712 global twist -51.76148 global supercoiling -0.01474
frame 2698 time 1349.0 binding_event at DNA_gyrase 42 enzyme gyrase with twist -51.76148 superhelical -0.01466 global twist -51.76148 global supercoiling -0.01466
frame 2699 time 1349.5 binding_event at gene tetA enzyme RNAP with twist -36.48689 superhelical -0.01554 global twist -54.45427 global supercoiling -0.01574
frame 2719 time 1359.5 unbinding_event at DNA_gyrase 42 enzyme gyrase with twist -158.27664 superhelical -0.04164 global twist -108.31015 global supercoiling -0.03149
frame 2721 time 1360.5 binding_event at DNA_gyrase 14 enzyme gyrase with twist 50.86409 superhelical 0.03632 global twist -111.00294 global supercoiling -0.03161
frame 2724 time 1362.0 unbinding_event at DNA_gyrase 14 enzyme gyrase with twist 54.45448 superhelical 0.06230 global twist -119.08132 global supercoiling -0.03462
frame 2739 time 1369.5 unbinding_event at gene tetA enzyme RNAP with twist -121.77412 superhelical -0.09383 global twist -121.77412 global supercoiling -0.03468
frame 2814 time 1407.0 binding_event at DNA_gyrase 16 enzyme gyrase with twist -121.77412 superhelical -0.03449 global twist -121.77412 global supercoiling -0.03449
frame 2814 time 1407.0 unbinding_event at DNA_gyrase 16 enzyme gyrase with twist -124.46691 superhelical -0.03568 global twist -121.77412 global supercoiling -0.03449
frame 2830 time 1415.0 binding_event at gene tetA enzyme RNAP with twist -124.46691 superhelical -0.03525 global twist -124.46691 global supercoiling -0.03525
frame 2840 time 1420.0 binding_event at DNA_topoI 26 enzyme topoI with twist -96.73744 superhelical -0.05103 global twist -124.46691 global supercoiling -0.03545
frame 2842 time 1421.0 unbinding_event at DNA_topoI 26 enzyme topoI with twist -95.83984 superhelical 0.10144 global twist -116.68773 global supercoiling -0.03392
frame 2864 time 1432.0 binding_event at gene tetA enzyme RNAP with twist -171.23806 superhelical -0.07360 global twist -112.79814 global supercoiling -0.03212
frame 2870 time 1435.0 unbinding_event at gene tetA enzyme RNAP with twist 39.69735 superhelical -0.07421 global twist -112.79814 global supercoiling -0.03230
frame 2900 time 1450.0 binding_event at DNA_topoI 5 enzyme topoI with twist -256.61685 superhelical -0.10862 global twist -112.79814 global supercoiling -0.03212
frame 2904 time 1452.0 unbinding_event at gene tetA enzyme RNAP with twist 125.92353 superhelical -0.10659 global twist -97.23977 global supercoiling -0.02827
frame 2907 time 1453.5 binding_event at gene mKalama1 enzyme RNAP with twist -215.38412 superhelical -0.10537 global twist -85.57100 global supercoiling -0.02474
frame 2908 time 1454.0 unbinding_event at DNA_topoI 5 enzyme topoI with twist -16.10569 superhelical -0.10599 global twist -81.68141 global supercoiling -0.02375
frame 2934 time 1467.0 unbinding_event at gene mKalama1 enzyme RNAP with twist -77.79182 superhelical 0.21866 global twist -77.79182 global supercoiling -0.02215
frame 2967 time 1483.5 binding_event at gene tetA enzyme RNAP with twist -77.79182 superhelical -0.02203 global twist -77.79182 global supercoiling -0.02203
frame 2996 time 1498.0 binding_event at gene tetA enzyme RNAP with twist -142.14231 superhelical -0.06355 global twist -77.79182 global supercoiling -0.02215
frame 3007 time 1503.5 unbinding_event at gene tetA enzyme RNAP with twist 75.29400 superhelical -0.06410 global twist -77.79182 global supercoiling -0.02228
frame 3034 time 1517.0 binding_event at gene mKalama1 enzyme RNAP with twist -246.43600 superhelical -0.10275 global twist -77.79182 global supercoiling -0.02215
frame 3036 time 1518.0 unbinding_event at gene tetA enzyme RNAP with twist -21.49968 superhelical -0.10922 global twist -77.79182 global supercoiling -0.02228
frame 3058 time 1529.0 binding_event at DNA_topoI 13 enzyme topoI with twist -96.89790 superhelical -0.02941 global twist -77.79182 global supercoiling -0.02215
frame 3061 time 1530.5 unbinding_event at gene mKalama1 enzyme RNAP with twist -44.75370 superhelical 0.23111 global twist -66.12305 global supercoiling -0.01922
frame 3064 time 1532.0 unbinding_event at DNA_topoI 13 enzyme topoI with twist -50.56468 superhelical -0.01486 global twist -54.45427 global supercoiling -0.01574
frame 3072 time 1536.0 binding_event at gene tetA enzyme RNAP with twist -50.56468 superhelical -0.01432 global twist -50.56468 global supercoiling -0.01432
frame 3090 time 1545.0 binding_event at gene tetA enzyme RNAP with twist -89.34067 superhelical -0.04381 global twist -50.56468 global supercoiling -0.01440
frame 3112 time 1556.0 unbinding_event at gene tetA enzyme RNAP with twist 107.91155 superhelical -0.04422 global twist -50.56468 global supercoiling -0.01448
frame 3130 time 1565.0 unbinding_event at gene tetA enzyme RNAP with twist -50.56468 superhelical -0.09098 global twist -50.56468 global supercoiling -0.01440
frame 3173 time 1586.5 binding_event at DNA_topoI 44 enzyme topoI with twist -50.56468 superhelical -0.01432 global twist -50.56468 global supercoiling -0.01432
frame 3178 time 1589.0 unbinding_event at DNA_topoI 44 enzyme topoI with twist -27.22714 superhelical -0.00532 global twist -31.11673 global supercoiling -0.00900
frame 3241 time 1620.5 binding_event at DNA_gyrase 24 enzyme gyrase with twist -27.22714 superhelical -0.00771 global twist -27.22714 global supercoiling -0.00771
frame 3246 time 1623.0 unbinding_event at DNA_gyrase 24 enzyme gyrase with twist -43.38390 superhelical -0.01024 global twist -40.69110 global supercoiling -0.01176
frame 3264 time 1632.0 binding_event at gene tetA enzyme RNAP with twist -43.38390 superhelical -0.01229 global twist -43.38390 global supercoiling -0.01229
frame 3304 time 1652.0 unbinding_event at gene tetA enzyme RNAP with twist -43.38390 superhelical -0.06868 global twist -43.38390 global supercoiling -0.01236
frame 3325 time 1662.5 binding_event at DNA_gyrase 45 enzyme gyrase with twist -43.38390 superhelical -0.01229 global twist -43.38390 global supercoiling -0.01229
frame 3325 time 1662.5 unbinding_event at DNA_gyrase 45 enzyme gyrase with twist -46.07669 superhelical -0.01356 global twist -43.38390 global supercoiling -0.01229
frame 3369 time 1684.5 binding_event at DNA_gyrase 32 enzyme gyrase with twist -46.07669 superhelical -0.01305 global twist -46.07669 global supercoiling -0.01305
frame 3369 time 1684.5 unbinding_event at DNA_gyrase 32 enzyme gyrase with twist -48.76949 superhelical -0.01675 global twist -46.07669 global supercoiling -0.01305
frame 3426 time 1713.0 binding_event at gene tetA enzyme RNAP with twist -48.76949 superhelical -0.01381 global twist -48.76949 global supercoiling -0.01381
frame 3466 time 1733.0 unbinding_event at gene tetA enzyme RNAP with twist -48.76949 superhelical -0.06975 global twist -48.76949 global supercoiling -0.01389
frame 3534 time 1767.0 binding_event at DNA_topoI 6 enzyme topoI with twist -48.76949 superhelical -0.01381 global twist -48.76949 global supercoiling -0.01381
frame 3541 time 1770.5 unbinding_event at DNA_topoI 6 enzyme topoI with twist -17.65276 superhelical -0.00675 global twist -21.54235 global supercoiling -0.00623
frame 3654 time 1827.0 binding_event at gene tetA enzyme RNAP with twist -17.65276 superhelical -0.00500 global twist -17.65276 global supercoiling -0.00500
frame 3694 time 1847.0 unbinding_event at gene tetA enzyme RNAP with twist -17.65276 superhelical -0.06355 global twist -17.65276 global supercoiling -0.00503
frame 3725 time 1862.5 binding_event at DNA_gyrase 3 enzyme gyrase with twist -17.65276 superhelical -0.00500 global twist -17.65276 global supercoiling -0.00500
frame 3727 time 1863.5 unbinding_event at DNA_gyrase 3 enzyme gyrase with twist -25.73114 superhelical -0.00723 global twist -23.03835 global supercoiling -0.00666
frame 3785 time 1892.5 binding_event at DNA_topoI 7 enzyme topoI with twist -25.73114 superhelical -0.00729 global twist -25.73114 global supercoiling -0.00729
frame 3787 time 1893.5 unbinding_event at DNA_topoI 7 enzyme topoI with twist -14.06237 superhelical -0.00477 global twist -17.95196 global supercoiling -0.00519
frame 3793 time 1896.5 binding_event at DNA_topoI 23 enzyme topoI with twist -14.06237 superhelical -0.00398 global twist -14.06237 global supercoiling -0.00398
frame 3793 time 1896.5 unbinding_event at DNA_topoI 23 enzyme topoI with twist -10.17278 superhelical -0.00348 global twist -14.06237 global supercoiling -0.00398
frame 3815 time 1907.5 binding_event at DNA_topoI 40 enzyme topoI with twist -10.17278 superhelical -0.00288 global twist -10.17278 global supercoiling -0.00288
frame 3817 time 1908.5 unbinding_event at DNA_topoI 40 enzyme topoI with twist 1.49600 superhelical 0.00309 global twist -2.39359 global supercoiling -0.00069
frame 3874 time 1937.0 binding_event at DNA_topoI 23 enzyme topoI with twist 1.49600 superhelical 0.00042 global twist 1.49600 global supercoiling 0.00042
frame 3884 time 1942.0 unbinding_event at DNA_topoI 23 enzyme topoI with twist 44.28150 superhelical 0.00684 global twist 40.39191 global supercoiling 0.01168
frame 3962 time 1981.0 binding_event at DNA_gyrase 37 enzyme gyrase with twist 44.28150 superhelical 0.01254 global twist 44.28150 global supercoiling 0.01254
frame 3967 time 1983.5 unbinding_event at DNA_gyrase 37 enzyme gyrase with twist 28.12473 superhelical 0.00205 global twist 30.81753 global supercoiling 0.00891
frame 3975 time 1987.5 binding_event at DNA_gyrase 29 enzyme gyrase with twist 28.12473 superhelical 0.00797 global twist 28.12473 global supercoiling 0.00797
frame 3981 time 1990.5 unbinding_event at DNA_gyrase 29 enzyme gyrase with twist 9.27518 superhelical -0.04508 global twist 11.96797 global supercoiling 0.00346
frame 3998 time 1999.0 binding_event at gene tetA enzyme RNAP with twist 9.27518 superhelical 0.00263 global twist 9.27518 global supercoiling 0.00263
frame 4004 time 2002.0 binding_event at gene tetA enzyme RNAP with twist -17.00908 superhelical -0.00933 global twist 9.27518 global supercoiling 0.00264
frame 4021 time 2010.5 binding_event at gene tetA enzyme RNAP with twist -77.21108 superhelical -0.03820 global twist 9.27518 global supercoiling 0.00266
frame 4038 time 2019.0 unbinding_event at gene tetA enzyme RNAP with twist 151.11330 superhelical -0.00942 global twist 9.27518 global supercoiling 0.00267
frame 4044 time 2022.0 unbinding_event at gene tetA enzyme RNAP with twist 161.62550 superhelical -0.03856 global twist 9.27518 global supercoiling 0.00266
frame 4050 time 2025.0 binding_event at DNA_topoI 42 enzyme topoI with twist -170.30228 superhelical -0.07614 global twist 9.27518 global supercoiling 0.00264
frame 4061 time 2030.5 binding_event at DNA_gyrase 34 enzyme gyrase with twist -65.97072 superhelical -0.05940 global twist 52.06068 global supercoiling 0.01514
frame 4061 time 2030.5 unbinding_event at gene tetA enzyme RNAP with twist 119.97619 superhelical -0.08087 global twist 52.06068 global supercoiling 0.01514
frame 4063 time 2031.5 unbinding_event at DNA_topoI 42 enzyme topoI with twist 93.73966 superhelical -0.05993 global twist 54.45427 global supercoiling 0.01608
frame 4066 time 2033.0 unbinding_event at DNA_gyrase 34 enzyme gyrase with twist 47.57269 superhelical -0.07857 global twist 50.26548 global supercoiling 0.01453
frame 4128 time 2064.0 binding_event at DNA_gyrase 47 enzyme gyrase with twist 47.57269 superhelical 0.01347 global twist 47.57269 global supercoiling 0.01347
frame 4132 time 2066.0 unbinding_event at DNA_gyrase 47 enzyme gyrase with twist 34.10872 superhelical 0.00917 global twist 36.80151 global supercoiling 0.01064
frame 4188 time 2094.0 binding_event at DNA_topoI 28 enzyme topoI with twist 34.10872 superhelical 0.00966 global twist 34.10872 global supercoiling 0.00966
frame 4195 time 2097.5 unbinding_event at DNA_topoI 28 enzyme topoI with twist 65.22545 superhelical 0.15759 global twist 61.33586 global supercoiling 0.01773
frame 4208 time 2104.0 binding_event at DNA_gyrase 0 enzyme gyrase with twist 65.22545 superhelical 0.01847 global twist 65.22545 global supercoiling 0.01847
frame 4208 time 2104.0 unbinding_event at DNA_gyrase 0 enzyme gyrase with twist 62.53265 superhelical 0.01806 global twist 65.22545 global supercoiling 0.01847
frame 4223 time 2111.5 binding_event at DNA_gyrase 35 enzyme gyrase with twist 62.53265 superhelical 0.01771 global twist 62.53265 global supercoiling 0.01771
frame 4223 time 2111.5 unbinding_event at DNA_gyrase 35 enzyme gyrase with twist 59.83986 superhelical 0.01587 global twist 62.53265 global supercoiling 0.01771
frame 4238 time 2119.0 binding_event at DNA_gyrase 26 enzyme gyrase with twist 59.83986 superhelical 0.01695 global twist 59.83986 global supercoiling 0.01695
frame 4243 time 2121.5 unbinding_event at DNA_gyrase 26 enzyme gyrase with twist 43.68310 superhelical -0.19401 global twist 46.37589 global supercoiling 0.01341
frame 4303 time 2151.5 binding_event at DNA_gyrase 28 enzyme gyrase with twist 43.68310 superhelical 0.01237 global twist 43.68310 global supercoiling 0.01237
frame 4303 time 2151.5 unbinding_event at DNA_gyrase 28 enzyme gyrase with twist 40.99030 superhelical -0.00015 global twist 43.68310 global supercoiling 0.01237
frame 4309 time 2154.5 binding_event at gene tetA enzyme RNAP with twist 40.99030 superhelical 0.01161 global twist 40.99030 global supercoiling 0.01161
frame 4349 time 2174.5 unbinding_event at gene tetA enzyme RNAP with twist 40.99030 superhelical -0.05186 global twist 40.99030 global supercoiling 0.01167
frame 4387 time 2193.5 binding_event at DNA_gyrase 36 enzyme gyrase with twist 40.99030 superhelical 0.01161 global twist 40.99030 global supercoiling 0.01161
frame 4394 time 2197.0 binding_event at DNA_gyrase 34 enzyme gyrase with twist -1.36855 superhelical -0.00201 global twist 22.14075 global supercoiling 0.00640
frame 4394 time 2197.0 unbinding_event at DNA_gyrase 34 enzyme gyrase with twist -5.40774 superhelical -0.00476 global twist 22.14075 global supercoiling 0.00640
frame 4402 time 2201.0 unbinding_event at DNA_gyrase 36 enzyme gyrase with twist -4.78719 superhelical -0.02380 global twist -2.09440 global supercoiling -0.00061
frame 4530 time 2265.0 binding_event at gene tetA enzyme RNAP with twist -4.78719 superhelical -0.00136 global twist -4.78719 global supercoiling -0.00136
frame 4531 time 2265.5 binding_event at gene tetA enzyme RNAP with twist -5.93014 superhelical -0.00342 global twist -4.78719 global supercoiling -0.00136
frame 4563 time 2281.5 binding_event at DNA_topoI 39 enzyme topoI with twist -120.81854 superhelical -0.05274 global twist -4.78719 global supercoiling -0.00137
frame 4568 time 2284.0 unbinding_event at DNA_topoI 39 enzyme topoI with twist -119.02335 superhelical -0.04142 global twist 14.66077 global supercoiling 0.00429
frame 4570 time 2285.0 unbinding_event at gene tetA enzyme RNAP with twist 144.75449 superhelical -0.00345 global twist 18.55036 global supercoiling 0.00531
frame 4571 time 2285.5 unbinding_event at gene tetA enzyme RNAP with twist 18.55036 superhelical -0.05293 global twist 18.55036 global supercoiling 0.00528
frame 4576 time 2288.0 binding_event at DNA_gyrase 25 enzyme gyrase with twist 18.55036 superhelical 0.00525 global twist 18.55036 global supercoiling 0.00525
frame 4609 time 2304.5 unbinding_event at DNA_gyrase 25 enzyme gyrase with twist -73.00463 superhelical -0.00786 global twist -70.31184 global supercoiling -0.02033
frame 4752 time 2376.0 binding_event at DNA_topoI 12 enzyme topoI with twist -73.00463 superhelical -0.02068 global twist -73.00463 global supercoiling -0.02068
frame 4754 time 2377.0 unbinding_event at DNA_topoI 12 enzyme topoI with twist -61.33586 superhelical -0.01882 global twist -65.22545 global supercoiling -0.01886
frame 4814 time 2407.0 binding_event at gene tetA enzyme RNAP with twist -61.33586 superhelical -0.01737 global twist -61.33586 global supercoiling -0.01737
frame 4846 time 2423.0 binding_event at DNA_topoI 44 enzyme topoI with twist -144.87059 superhelical -0.06324 global twist -61.33586 global supercoiling -0.01747
frame 4849 time 2424.5 unbinding_event at DNA_topoI 44 enzyme topoI with twist -143.67379 superhelical -0.05909 global twist -49.66708 global supercoiling -0.01444
frame 4854 time 2427.0 unbinding_event at gene tetA enzyme RNAP with twist -45.77749 superhelical -0.06591 global twist -45.77749 global supercoiling -0.01304
frame 4909 time 2454.5 binding_event at DNA_topoI 33 enzyme topoI with twist -45.77749 superhelical -0.01297 global twist -45.77749 global supercoiling -0.01297
frame 4912 time 2456.0 binding_event at DNA_gyrase 26 enzyme gyrase with twist -0.31152 superhelical -0.00067 global twist -34.10872 global supercoiling -0.00986
frame 4914 time 2457.0 unbinding_event at DNA_topoI 33 enzyme topoI with twist -26.45371 superhelical 0.00350 global twist -31.71513 global supercoiling -0.00936
frame 4918 time 2459.0 binding_event at gene tetA enzyme RNAP with twist -30.49290 superhelical -0.00872 global twist -38.59671 global supercoiling -0.01116
frame 4920 time 2460.0 unbinding_event at DNA_gyrase 26 enzyme gyrase with twist -41.70664 superhelical -0.31707 global twist -43.98230 global supercoiling -0.01279
frame 4958 time 2479.0 unbinding_event at gene tetA enzyme RNAP with twist -46.67509 superhelical -0.07264 global twist -46.67509 global supercoiling -0.01329
frame 5059 time 2529.5 binding_event at DNA_gyrase 1 enzyme gyrase with twist -46.67509 superhelical -0.01322 global twist -46.67509 global supercoiling -0.01322
frame 5059 time 2529.5 unbinding_event at DNA_gyrase 1 enzyme gyrase with twist -49.36788 superhelical -0.01426 global twist -46.67509 global supercoiling -0.01322
frame 5078 time 2539.0 binding_event at DNA_gyrase 48 enzyme gyrase with twist -49.36788 superhelical -0.01398 global twist -49.36788 global supercoiling -0.01398
frame 5078 time 2539.0 unbinding_event at DNA_gyrase 48 enzyme gyrase with twist -52.06068 superhelical -0.01515 global twist -49.36788 global supercoiling -0.01398
frame 5082 time 2541.0 binding_event at gene tetA enzyme RNAP with twist -52.06068 superhelical -0.01475 global twist -52.06068 global supercoiling -0.01475
frame 5122 time 2561.0 unbinding_event at gene tetA enzyme RNAP with twist -52.06068 superhelical -0.07041 global twist -52.06068 global supercoiling -0.01483
frame 5135 time 2567.5 binding_event at DNA_topoI 11 enzyme topoI with twist -52.06068 superhelical -0.01475 global twist -52.06068 global supercoiling -0.01475
frame 5137 time 2568.5 unbinding_event at DNA_topoI 11 enzyme topoI with twist -40.39191 superhelical -0.01269 global twist -44.28150 global supercoiling -0.01280
frame 5230 time 2615.0 binding_event at DNA_topoI 42 enzyme topoI with twist -40.39191 superhelical -0.01144 global twist -40.39191 global supercoiling -0.01144
frame 5231 time 2615.5 unbinding_event at DNA_topoI 42 enzyme topoI with twist -32.61272 superhelical -0.00818 global twist -36.50231 global supercoiling -0.01055
frame 5248 time 2624.0 binding_event at DNA_gyrase 43 enzyme gyrase with twist -32.61272 superhelical -0.00924 global twist -32.61272 global supercoiling -0.00924
frame 5252 time 2626.0 unbinding_event at DNA_gyrase 43 enzyme gyrase with twist -46.07669 superhelical -0.01512 global twist -43.38390 global supercoiling -0.01254
frame 5289 time 2644.5 binding_event at gene tetA enzyme RNAP with twist -46.07669 superhelical -0.01305 global twist -46.07669 global supercoiling -0.01305
frame 5294 time 2647.0 binding_event at DNA_gyrase 36 enzyme gyrase with twist -40.47206 superhelical -0.02241 global twist -46.07669 global supercoiling -0.01312
frame 5302 time 2651.0 binding_event at DNA_gyrase 19 enzyme gyrase with twist 23.11850 superhelical 0.01480 global twist -67.61904 global supercoiling -0.01966
frame 5302 time 2651.0 unbinding_event at DNA_gyrase 36 enzyme gyrase with twist -97.02073 superhelical -0.04116 global twist -67.61904 global supercoiling -0.01966
frame 5304 time 2652.0 unbinding_event at DNA_gyrase 19 enzyme gyrase with twist 25.81129 superhelical 0.02289 global twist -75.69742 global supercoiling -0.02201
frame 5329 time 2664.5 unbinding_event at gene tetA enzyme RNAP with twist -78.39022 superhelical -0.07910 global twist -78.39022 global supercoiling -0.02232
frame 5426 time 2713.0 binding_event at DNA_gyrase 30 enzyme gyrase with twist -78.39022 superhelical -0.02220 global twist -78.39022 global supercoiling -0.02220
frame 5439 time 2719.5 unbinding_event at DNA_gyrase 30 enzyme gyrase with twist -116.08933 superhelical -0.09839 global twist -113.39653 global supercoiling -0.03279
frame 5475 time 2737.5 binding_event at DNA_topoI 28 enzyme topoI with twist -116.08933 superhelical -0.03288 global twist -116.08933 global supercoiling -0.03288
frame 5477 time 2738.5 unbinding_event at DNA_topoI 28 enzyme topoI with twist -104.42056 superhelical 0.02183 global twist -108.31015 global supercoiling -0.03131
frame 5506 time 2753.0 binding_event at gene tetA enzyme RNAP with twist -104.42056 superhelical -0.02958 global twist -104.42056 global supercoiling -0.02958
frame 5546 time 2773.0 unbinding_event at gene tetA enzyme RNAP with twist -104.42056 superhelical -0.08084 global twist -104.42056 global supercoiling -0.02974
frame 5596 time 2798.0 binding_event at DNA_topoI 9 enzyme topoI with twist -104.42056 superhelical -0.02958 global twist -104.42056 global supercoiling -0.02958
frame 5597 time 2798.5 binding_event at gene tetA enzyme RNAP with twist -68.43972 superhelical -0.02936 global twist -100.53096 global supercoiling -0.02907
frame 5599 time 2799.5 unbinding_event at DNA_topoI 9 enzyme topoI with twist -27.29259 superhelical -0.00191 global twist -92.75178 global supercoiling -0.02697
frame 5612 time 2806.0 binding_event at DNA_topoI 48 enzyme topoI with twist -104.65430 superhelical -0.05271 global twist -88.86219 global supercoiling -0.02531
frame 5615 time 2807.5 unbinding_event at DNA_topoI 48 enzyme topoI with twist -103.45750 superhelical -0.04964 global twist -77.19342 global supercoiling -0.02244
frame 5637 time 2818.5 unbinding_event at gene tetA enzyme RNAP with twist -73.30383 superhelical -0.07440 global twist -73.30383 global supercoiling -0.02088
frame 5662 time 2831.0 binding_event at gene tetA enzyme RNAP with twist -73.30383 superhelical -0.02076 global twist -73.30383 global supercoiling -0.02076
frame 5698 time 2849.0 binding_event at DNA_gyrase 13 enzyme gyrase with twist 91.77770 superhelical 0.07988 global twist -73.30383 global supercoiling -0.02088
frame 5702 time 2851.0 unbinding_event at gene tetA enzyme RNAP with twist -151.62242 superhelical -0.07464 global twist -84.07500 global supercoiling -0.02444
frame 5706 time 2853.0 unbinding_event at DNA_gyrase 13 enzyme gyrase with twist -97.53897 superhelical -0.05996 global twist -94.84618 global supercoiling -0.02742
frame 5723 time 2861.5 binding_event at DNA_topoI 29 enzyme topoI with twist -97.53897 superhelical -0.02763 global twist -97.53897 global supercoiling -0.02763
frame 5728 time 2864.0 unbinding_event at DNA_topoI 29 enzyme topoI with twist -74.20143 superhelical 0.03768 global twist -78.09102 global supercoiling -0.02258
frame 5755 time 2877.5 binding_event at DNA_gyrase 11 enzyme gyrase with twist -74.20143 superhelical -0.02102 global twist -74.20143 global supercoiling -0.02102
frame 5764 time 2882.0 unbinding_event at DNA_gyrase 11 enzyme gyrase with twist -101.12936 superhelical -0.02689 global twist -98.43657 global supercoiling -0.02846
frame 5922 time 2961.0 binding_event at DNA_gyrase 15 enzyme gyrase with twist -101.12936 superhelical -0.02864 global twist -101.12936 global supercoiling -0.02864
frame 5922 time 2961.0 unbinding_event at DNA_gyrase 15 enzyme gyrase with twist -103.82216 superhelical -0.02973 global twist -101.12936 global supercoiling -0.02864
frame 6027 time 3013.5 binding_event at gene Raspberry enzyme RNAP with twist -103.82216 superhelical -0.02941 global twist -103.82216 global supercoiling -0.02941
frame 6035 time 3017.5 binding_event at gene mKalama1 enzyme RNAP with twist -51.26394 superhelical -0.05658 global twist -103.82216 global supercoiling -0.02957
frame 6047 time 3023.5 binding_event at gene Raspberry enzyme RNAP with twist -100.00582 superhelical -0.14922 global twist -103.82216 global supercoiling -0.02973
frame 6054 time 3027.0 unbinding_event at gene Raspberry enzyme RNAP with twist -32.95931 superhelical -0.15361 global twist -103.82216 global supercoiling -0.02989
frame 6062 time 3031.0 unbinding_event at gene mKalama1 enzyme RNAP with twist -99.58598 superhelical 0.43576 global twist -103.82216 global supercoiling -0.02973
frame 6074 time 3037.0 unbinding_event at gene Raspberry enzyme RNAP with twist -103.82216 superhelical -0.11278 global twist -103.82216 global supercoiling -0.02957
frame 6246 time 3123.0 binding_event at DNA_gyrase 4 enzyme gyrase with twist -103.82216 superhelical -0.02941 global twist -103.82216 global supercoiling -0.02941
frame 6248 time 3124.0 unbinding_event at DNA_gyrase 4 enzyme gyrase with twist -111.90054 superhelical -0.03207 global twist -109.20774 global supercoiling -0.03157
frame 6255 time 3127.5 binding_event at DNA_topoI 21 enzyme topoI with twist -111.90054 superhelical -0.03169 global twist -111.90054 global supercoiling -0.03169
frame 6257 time 3128.5 unbinding_event at DNA_topoI 21 enzyme topoI with twist -100.23177 superhelical -0.03053 global twist -104.12136 global supercoiling -0.03010
frame 6298 time 3149.0 binding_event at gene tetA enzyme RNAP with twist -100.23177 superhelical -0.02839 global twist -100.23177 global supercoiling -0.02839
frame 6338 time 3169.0 unbinding_event at gene tetA enzyme RNAP with twist -100.23177 superhelical -0.08001 global twist -100.23177 global supercoiling -0.02854
frame 6394 time 3197.0 binding_event at DNA_topoI 40 enzyme topoI with twist -100.23177 superhelical -0.02839 global twist -100.23177 global supercoiling -0.02839
frame 6395 time 3197.5 unbinding_event at DNA_topoI 40 enzyme topoI with twist -92.45258 superhelical -0.02496 global twist -96.34217 global supercoiling -0.02785
frame 6423 time 3211.5 binding_event at gene mKalama1 enzyme RNAP with twist -92.45258 superhelical -0.02619 global twist -92.45258 global supercoiling -0.02619
frame 6447 time 3223.5 binding_event at DNA_topoI 24 enzyme topoI with twist -161.57466 superhelical -0.04904 global twist -92.45258 global supercoiling -0.02633
frame 6450 time 3225.0 unbinding_event at gene mKalama1 enzyme RNAP with twist -82.15349 superhelical 0.57649 global twist -80.78381 global supercoiling -0.02349
frame 6459 time 3229.5 unbinding_event at DNA_topoI 24 enzyme topoI with twist -41.88790 superhelical -0.01897 global twist -45.77749 global supercoiling -0.01324
frame 6485 time 3242.5 binding_event at DNA_gyrase 29 enzyme gyrase with twist -41.88790 superhelical -0.01186 global twist -41.88790 global supercoiling -0.01186
frame 6501 time 3250.5 unbinding_event at DNA_gyrase 29 enzyme gyrase with twist -87.66540 superhelical -0.14133 global twist -84.97260 global supercoiling -0.02457
frame 6502 time 3251.0 binding_event at gene Raspberry enzyme RNAP with twist -87.66540 superhelical -0.02483 global twist -87.66540 global supercoiling -0.02483
frame 6518 time 3259.0 binding_event at gene tetA enzyme RNAP with twist -11.18612 superhelical -0.00454 global twist -87.66540 global supercoiling -0.02497
frame 6521 time 3260.5 binding_event at DNA_topoI 29 enzyme topoI with twist -87.25045 superhelical -0.07907 global twist -87.66540 global supercoiling -0.02510
frame 6523 time 3261.5 unbinding_event at DNA_topoI 29 enzyme topoI with twist -86.35285 superhelical -0.05164 global twist -79.88621 global supercoiling -0.02336
frame 6529 time 3264.5 unbinding_event at gene Raspberry enzyme RNAP with twist -110.86027 superhelical -0.08529 global twist -75.99662 global supercoiling -0.02176
frame 6557 time 3278.5 binding_event at DNA_gyrase 12 enzyme gyrase with twist 131.80422 superhelical 0.12036 global twist -75.99662 global supercoiling -0.02164
frame 6558 time 3279.0 unbinding_event at gene tetA enzyme RNAP with twist -196.15703 superhelical -0.08767 global twist -78.68942 global supercoiling -0.02288
frame 6574 time 3287.0 unbinding_event at DNA_gyrase 12 enzyme gyrase with twist -124.46691 superhelical -0.08548 global twist -121.77412 global supercoiling -0.03521
frame 6583 time 3291.5 binding_event at DNA_topoI 7 enzyme topoI with twist -124.46691 superhelical -0.03525 global twist -124.46691 global supercoiling -0.03525
frame 6585 time 3292.5 unbinding_event at DNA_topoI 7 enzyme topoI with twist -112.79814 superhelical -0.03332 global twist -116.68773 global supercoiling -0.03374
frame 6606 time 3303.0 binding_event at DNA_gyrase 38 enzyme gyrase with twist -112.79814 superhelical -0.03195 global twist -112.79814 global supercoiling -0.03195
frame 6616 time 3308.0 unbinding_event at DNA_gyrase 38 enzyme gyrase with twist -142.41887 superhelical -0.05060 global twist -139.72607 global supercoiling -0.04040
frame 6618 time 3309.0 binding_event at DNA_topoI 8 enzyme topoI with twist -142.41887 superhelical -0.04034 global twist -142.41887 global supercoiling -0.04034
frame 6641 time 3320.5 unbinding_event at DNA_topoI 8 enzyme topoI with twist -49.06869 superhelical -0.02052 global twist -52.95828 global supercoiling -0.01531
frame 6659 time 3329.5 binding_event at DNA_gyrase 7 enzyme gyrase with twist -49.06869 superhelical -0.01390 global twist -49.06869 global supercoiling -0.01390
frame 6661 time 3330.5 unbinding_event at DNA_gyrase 7 enzyme gyrase with twist -57.14707 superhelical -0.01603 global twist -54.45427 global supercoiling -0.01574
frame 6763 time 3381.5 binding_event at gene tetA enzyme RNAP with twist -57.14707 superhelical -0.01619 global twist -57.14707 global supercoiling -0.01619
frame 6803 time 3401.5 unbinding_event at gene tetA enzyme RNAP with twist -57.14707 superhelical -0.07142 global twist -57.14707 global supercoiling -0.01627
frame 6813 time 3406.5 binding_event at DNA_topoI 16 enzyme topoI with twist -57.14707 superhelical -0.01619 global twist -57.14707 global supercoiling -0.01619
frame 6815 time 3407.5 unbinding_event at DNA_topoI 16 enzyme topoI with twist -45.47829 superhelical -0.01446 global twist -49.36788 global supercoiling -0.01427
frame 6905 time 3452.5 binding_event at DNA_gyrase 12 enzyme gyrase with twist -45.47829 superhelical -0.01288 global twist -45.47829 global supercoiling -0.01288
frame 6908 time 3454.0 unbinding_event at DNA_gyrase 12 enzyme gyrase with twist -56.24947 superhelical -0.01526 global twist -53.55667 global supercoiling -0.01548
frame 6967 time 3483.5 binding_event at DNA_gyrase 38 enzyme gyrase with twist -56.24947 superhelical -0.01593 global twist -56.24947 global supercoiling -0.01593
frame 6971 time 3485.5 unbinding_event at DNA_gyrase 38 enzyme gyrase with twist -69.71344 superhelical -0.02444 global twist -67.02064 global supercoiling -0.01938
frame 7001 time 3500.5 binding_event at gene mKalama1 enzyme RNAP with twist -69.71344 superhelical -0.01975 global twist -69.71344 global supercoiling -0.01975
frame 7025 time 3512.5 binding_event at DNA_gyrase 27 enzyme gyrase with twist 73.31494 superhelical 0.33845 global twist -69.71344 global supercoiling -0.01985
frame 7028 time 3514.0 unbinding_event at gene mKalama1 enzyme RNAP with twist -92.06447 superhelical 1.65405 global twist -77.79182 global supercoiling -0.02262
frame 7039 time 3519.5 unbinding_event at DNA_gyrase 27 enzyme gyrase with twist -110.10534 superhelical -0.09640 global twist -107.41255 global supercoiling -0.03106
frame 7050 time 3525.0 binding_event at DNA_gyrase 0 enzyme gyrase with twist -110.10534 superhelical -0.03119 global twist -110.10534 global supercoiling -0.03119
frame 7054 time 3527.0 unbinding_event at DNA_gyrase 0 enzyme gyrase with twist -123.56931 superhelical -0.03583 global twist -120.87652 global supercoiling -0.03495
frame 7085 time 3542.5 binding_event at DNA_gyrase 17 enzyme gyrase with twist -123.56931 superhelical -0.03500 global twist -123.56931 global supercoiling -0.03500
frame 7086 time 3543.0 unbinding_event at DNA_gyrase 17 enzyme gyrase with twist -128.95490 superhelical -0.03665 global twist -126.26210 global supercoiling -0.03651
frame 7111 time 3555.5 binding_event at gene Raspberry enzyme RNAP with twist -128.95490 superhelical -0.03653 global twist -128.95490 global supercoiling -0.03653
frame 7122 time 3561.0 binding_event at gene tetA enzyme RNAP with twist -61.46323 superhelical -0.02409 global twist -128.95490 global supercoiling -0.03672
frame 7138 time 3569.0 unbinding_event at gene Raspberry enzyme RNAP with twist -146.42122 superhelical -0.10160 global twist -128.95490 global supercoiling -0.03693
frame 7162 time 3581.0 unbinding_event at gene tetA enzyme RNAP with twist -128.95490 superhelical -0.09485 global twist -128.95490 global supercoiling -0.03672
frame 7276 time 3638.0 binding_event at DNA_topoI 44 enzyme topoI with twist -128.95490 superhelical -0.03653 global twist -128.95490 global supercoiling -0.03653
frame 7277 time 3638.5 unbinding_event at DNA_topoI 44 enzyme topoI with twist -121.17572 superhelical -0.03418 global twist -125.06531 global supercoiling -0.03616
frame 7285 time 3642.5 binding_event at DNA_topoI 39 enzyme topoI with twist -121.17572 superhelical -0.03432 global twist -121.17572 global supercoiling -0.03432
frame 7288 time 3644.0 unbinding_event at DNA_topoI 39 enzyme topoI with twist -105.61735 superhelical -0.02634 global twist -109.50694 global supercoiling -0.03166
frame 7297 time 3648.5 binding_event at gene tetA enzyme RNAP with twist -105.61735 superhelical -0.02992 global twist -105.61735 global supercoiling -0.02992
frame 7298 time 3649.0 binding_event at DNA_topoI 38 enzyme topoI with twist -55.21114 superhelical -0.03184 global twist -105.61735 global supercoiling -0.03008
frame 7301 time 3650.5 unbinding_event at DNA_topoI 38 enzyme topoI with twist -54.01435 superhelical -0.02377 global twist -93.94858 global supercoiling -0.02731
frame 7329 time 3664.5 binding_event at gene tetA enzyme RNAP with twist -150.95492 superhelical -0.06590 global twist -90.05899 global supercoiling -0.02565
frame 7336 time 3668.0 binding_event at DNA_topoI 35 enzyme topoI with twist -139.18403 superhelical -0.07557 global twist -90.05899 global supercoiling -0.02579
frame 7337 time 3668.5 unbinding_event at gene tetA enzyme RNAP with twist 56.30583 superhelical -0.06646 global twist -86.16940 global supercoiling -0.02519
frame 7337 time 3668.5 unbinding_event at DNA_topoI 35 enzyme topoI with twist -138.58564 superhelical -0.07223 global twist -86.16940 global supercoiling -0.02519
frame 7349 time 3674.5 binding_event at DNA_topoI 32 enzyme topoI with twist -178.07994 superhelical -0.08581 global twist -82.27981 global supercoiling -0.02343
frame 7358 time 3679.0 unbinding_event at DNA_topoI 32 enzyme topoI with twist -175.08795 superhelical -0.03934 global twist -47.27349 global supercoiling -0.01374
frame 7362 time 3681.0 binding_event at gene tetA enzyme RNAP with twist -185.85912 superhelical -0.08051 global twist -43.38390 global supercoiling -0.01236
frame 7369 time 3684.5 unbinding_event at gene tetA enzyme RNAP with twist 124.66071 superhelical -0.08118 global twist -43.38390 global supercoiling -0.01242
frame 7372 time 3686.0 binding_event at DNA_gyrase 16 enzyme gyrase with twist 131.84149 superhelical 0.08160 global twist -43.38390 global supercoiling -0.01236
frame 7375 time 3687.5 unbinding_event at DNA_gyrase 16 enzyme gyrase with twist 135.43189 superhelical 0.10323 global twist -51.46228 global supercoiling -0.01496
frame 7402 time 3701.0 unbinding_event at gene tetA enzyme RNAP with twist -54.15507 superhelical -0.11684 global twist -54.15507 global supercoiling -0.01542
frame 7437 time 3718.5 binding_event at DNA_gyrase 49 enzyme gyrase with twist -54.15507 superhelical -0.01534 global twist -54.15507 global supercoiling -0.01534
frame 7453 time 3726.5 binding_event at gene tetA enzyme RNAP with twist -50.43755 superhelical -0.02733 global twist -97.23977 global supercoiling -0.02811
frame 7453 time 3726.5 unbinding_event at DNA_gyrase 49 enzyme gyrase with twist -53.94477 superhelical -0.02985 global twist -97.23977 global supercoiling -0.02811
frame 7493 time 3746.5 unbinding_event at gene tetA enzyme RNAP with twist -99.93257 superhelical -0.08056 global twist -99.93257 global supercoiling -0.02846
frame 7528 time 3764.0 binding_event at DNA_gyrase 18 enzyme gyrase with twist -99.93257 superhelical -0.02831 global twist -99.93257 global supercoiling -0.02831
frame 7528 time 3764.0 unbinding_event at DNA_gyrase 18 enzyme gyrase with twist -102.62536 superhelical -0.02934 global twist -99.93257 global supercoiling -0.02831
frame 7535 time 3767.5 binding_event at gene tetA enzyme RNAP with twist -102.62536 superhelical -0.02907 global twist -102.62536 global supercoiling -0.02907
frame 7569 time 3784.5 binding_event at DNA_gyrase 25 enzyme gyrase with twist 69.60636 superhelical 0.05875 global twist -102.62536 global supercoiling -0.02923
frame 7570 time 3785.0 unbinding_event at DNA_gyrase 25 enzyme gyrase with twist 71.40156 superhelical 0.06626 global twist -105.31815 global supercoiling -0.03062
frame 7575 time 3787.5 unbinding_event at gene tetA enzyme RNAP with twist -108.01095 superhelical -0.08048 global twist -108.01095 global supercoiling -0.03076
frame 7664 time 3832.0 binding_event at DNA_topoI 14 enzyme topoI with twist -108.01095 superhelical -0.03059 global twist -108.01095 global supercoiling -0.03059
frame 7665 time 3832.5 unbinding_event at DNA_topoI 14 enzyme topoI with twist -100.23177 superhelical -0.02978 global twist -104.12136 global supercoiling -0.03010
frame 7685 time 3842.5 binding_event at gene tetA enzyme RNAP with twist -100.23177 superhelical -0.02839 global twist -100.23177 global supercoiling -0.02839
frame 7713 time 3856.5 binding_event at DNA_topoI 41 enzyme topoI with twist -149.51950 superhelical -0.06739 global twist -100.23177 global supercoiling -0.02854
frame 7713 time 3856.5 unbinding_event at DNA_topoI 41 enzyme topoI with twist -149.22030 superhelical -0.06777 global twist -100.23177 global supercoiling -0.02854
frame 7725 time 3862.5 unbinding_event at gene tetA enzyme RNAP with twist -96.34217 superhelical -0.07842 global twist -96.34217 global supercoiling -0.02744
frame 7744 time 3872.0 binding_event at DNA_topoI 1 enzyme topoI with twist -96.34217 superhelical -0.02729 global twist -96.34217 global supercoiling -0.02729
frame 7747 time 3873.5 binding_event at gene tetA enzyme RNAP with twist -43.10344 superhelical -0.02453 global twist -84.67340 global supercoiling -0.02448
frame 7747 time 3873.5 unbinding_event at DNA_topoI 1 enzyme topoI with twist -34.62432 superhelical 1.39284 global twist -84.67340 global supercoiling -0.02448
frame 7754 time 3877.0 binding_event at gene Raspberry enzyme RNAP with twist -67.70184 superhelical -0.03676 global twist -80.78381 global supercoiling -0.02301
frame 7781 time 3890.5 unbinding_event at gene Raspberry enzyme RNAP with twist -168.23280 superhelical -0.10185 global twist -80.78381 global supercoiling -0.02313
frame 7787 time 3893.5 unbinding_event at gene tetA enzyme RNAP with twist -80.78381 superhelical -0.07739 global twist -80.78381 global supercoiling -0.02301
frame 7790 time 3895.0 binding_event at gene tetA enzyme RNAP with twist -80.78381 superhelical -0.02288 global twist -80.78381 global supercoiling -0.02288
frame 7809 time 3904.5 binding_event at DNA_gyrase 33 enzyme gyrase with twist -107.70073 superhelical -0.05235 global twist -80.78381 global supercoiling -0.02301
frame 7810 time 3905.0 unbinding_event at DNA_gyrase 33 enzyme gyrase with twist -120.26711 superhelical -0.06004 global twist -83.47660 global supercoiling -0.02427
frame 7830 time 3915.0 unbinding_event at gene tetA enzyme RNAP with twist -86.16940 superhelical -0.07833 global twist -86.16940 global supercoiling -0.02454
frame 7866 time 3933.0 binding_event at gene tetA enzyme RNAP with twist -86.16940 superhelical -0.02441 global twist -86.16940 global supercoiling -0.02441
frame 7869 time 3934.5 binding_event at DNA_topoI 44 enzyme topoI with twist -52.88669 superhelical -0.02988 global twist -86.16940 global supercoiling -0.02454
frame 7870 time 3935.0 unbinding_event at DNA_topoI 44 enzyme topoI with twist -52.28829 superhelical -0.02804 global twist -82.27981 global supercoiling -0.02392
frame 7887 time 3943.5 binding_event at gene tetA enzyme RNAP with twist -109.73456 superhelical -0.05242 global twist -78.39022 global supercoiling -0.02232
frame 7891 time 3945.5 binding_event at gene tetA enzyme RNAP with twist -105.16327 superhelical -0.05882 global twist -78.39022 global supercoiling -0.02245
frame 7893 time 3946.5 binding_event at DNA_topoI 35 enzyme topoI with twist -109.21335 superhelical -0.06233 global twist -78.39022 global supercoiling -0.02257
frame 7902 time 3951.0 unbinding_event at DNA_topoI 35 enzyme topoI with twist -106.22135 superhelical -0.03301 global twist -43.38390 global supercoiling -0.01276
frame 7906 time 3953.0 unbinding_event at gene tetA enzyme RNAP with twist 84.21932 superhelical -0.05291 global twist -39.49431 global supercoiling -0.01137
frame 7927 time 3963.5 unbinding_event at gene tetA enzyme RNAP with twist 156.48684 superhelical -0.05945 global twist -39.49431 global supercoiling -0.01131
frame 7931 time 3965.5 unbinding_event at gene tetA enzyme RNAP with twist -39.49431 superhelical -0.08578 global twist -39.49431 global supercoiling -0.01125
frame 7980 time 3990.0 binding_event at gene tetA enzyme RNAP with twist -39.49431 superhelical -0.01119 global twist -39.49431 global supercoiling -0.01119
