TORCphysics log file 

General information: 
---------------------------------------------------------------------------------------
Circuit name: Pleu500_17
Size: 6000
Structure: circle
Number of sites: 110
Number of frames: 10000
Simulation time: 2500.0
Simulation timestep: 0.25
Seed: 6799118835307628776
 
Overall simulation information 
---------------------------------------------------------------------------------------
Initial twist: -211.83310
Final twist: -14.81037
Initial superhelical density: -0.06000
Final superhelical density: -0.00422
 
Overall rates 
---------------------------------------------------------------------------------------
site type            site name            #binding events      #unbinding events    binding rates        
 DNA_topoI            DNA_topoI_global                     47.0                 47.0                0.0188 
DNA_gyrase           DNA_gyrase_global                    51.0                 51.0                0.0204 
EXT                  EXT                                   0.0                  0.0                   0.0 
gene                 tetA                                 32.0                 31.0                0.0128 
gene                 CDS                                   0.0                  0.0                   0.0 
origin               ori                                   0.0                  0.0                   0.0 
lacOP                lac1                                  0.0                  0.0                   0.0 
gene                 mKalama1                              4.0                  4.0                0.0016 
lacOP                lac2                                  0.0                  0.0                   0.0 
gene                 Raspberry                             7.0                  7.0                0.0028 
 
Events
---------------------------------------------------------------------------------------
frame 17 time 4.25 binding_event at gene mKalama1 enzyme RNAP with twist -211.83310 superhelical -0.06000 global twist -211.83310 global supercoiling -0.06000
frame 30 time 7.5 binding_event at DNA_topoI 9 enzyme topoI with twist -184.44199 superhelical -0.06312 global twist -211.83310 global supercoiling -0.06033
frame 33 time 8.25 binding_event at DNA_topoI 46 enzyme topoI with twist -111.26940 superhelical -0.06407 global twist -205.99872 global supercoiling -0.05989
frame 34 time 8.5 unbinding_event at DNA_topoI 9 enzyme topoI with twist -121.79112 superhelical -0.06232 global twist -202.10913 global supercoiling -0.06001
frame 38 time 9.5 unbinding_event at DNA_topoI 46 enzyme topoI with twist -171.12762 superhelical -0.06413 global twist -192.38515 global supercoiling -0.05593
frame 76 time 19.0 binding_event at DNA_topoI 35 enzyme topoI with twist -204.33874 superhelical -0.06531 global twist -190.44035 global supercoiling -0.05423
frame 76 time 19.0 unbinding_event at DNA_topoI 35 enzyme topoI with twist -203.29155 superhelical -0.06507 global twist -190.44035 global supercoiling -0.05423
frame 108 time 27.0 binding_event at DNA_topoI 18 enzyme topoI with twist -231.11708 superhelical -0.07063 global twist -188.49556 global supercoiling -0.05368
frame 108 time 27.0 unbinding_event at DNA_topoI 18 enzyme topoI with twist -230.06988 superhelical -0.07207 global twist -188.49556 global supercoiling -0.05368
frame 126 time 31.5 unbinding_event at gene mKalama1 enzyme RNAP with twist -186.55076 superhelical 0.38804 global twist -186.55076 global supercoiling -0.05313
frame 173 time 43.25 binding_event at DNA_topoI 47 enzyme topoI with twist -186.55076 superhelical -0.05284 global twist -186.55076 global supercoiling -0.05284
frame 186 time 46.5 unbinding_event at DNA_topoI 47 enzyme topoI with twist -159.32363 superhelical -0.04467 global twist -161.26842 global supercoiling -0.04663
frame 223 time 55.75 binding_event at DNA_topoI 32 enzyme topoI with twist -159.32363 superhelical -0.04513 global twist -159.32363 global supercoiling -0.04513
frame 225 time 56.25 unbinding_event at DNA_topoI 32 enzyme topoI with twist -153.48924 superhelical -0.03863 global twist -155.43404 global supercoiling -0.04494
frame 268 time 67.0 binding_event at gene tetA enzyme RNAP with twist -153.48924 superhelical -0.04347 global twist -153.48924 global supercoiling -0.04347
frame 431 time 107.75 unbinding_event at gene tetA enzyme RNAP with twist -153.48924 superhelical -0.09062 global twist -153.48924 global supercoiling -0.04371
frame 564 time 141.0 binding_event at DNA_topoI 14 enzyme topoI with twist -153.48924 superhelical -0.04347 global twist -153.48924 global supercoiling -0.04347
frame 581 time 145.25 unbinding_event at DNA_topoI 14 enzyme topoI with twist -118.48292 superhelical -0.03787 global twist -120.42772 global supercoiling -0.03482
frame 635 time 158.75 binding_event at DNA_topoI 30 enzyme topoI with twist -118.48292 superhelical -0.03356 global twist -118.48292 global supercoiling -0.03356
frame 643 time 160.75 unbinding_event at DNA_topoI 30 enzyme topoI with twist -100.97976 superhelical 0.00090 global twist -102.92456 global supercoiling -0.02976
frame 892 time 223.0 binding_event at gene Raspberry enzyme RNAP with twist -100.97976 superhelical -0.02860 global twist -100.97976 global supercoiling -0.02860
frame 1000 time 250.0 unbinding_event at gene Raspberry enzyme RNAP with twist -100.97976 superhelical -0.09569 global twist -100.97976 global supercoiling -0.02876
frame 1002 time 250.5 binding_event at DNA_topoI 41 enzyme topoI with twist -100.97976 superhelical -0.02860 global twist -100.97976 global supercoiling -0.02860
frame 1036 time 259.0 unbinding_event at DNA_topoI 41 enzyme topoI with twist -32.91192 superhelical 0.00357 global twist -34.85672 global supercoiling -0.01008
frame 1410 time 352.5 binding_event at gene Raspberry enzyme RNAP with twist -32.91192 superhelical -0.00932 global twist -32.91192 global supercoiling -0.00932
frame 1490 time 372.5 binding_event at DNA_gyrase 24 enzyme gyrase with twist 46.04141 superhelical 0.01926 global twist -32.91192 global supercoiling -0.00937
frame 1515 time 378.75 unbinding_event at DNA_gyrase 24 enzyme gyrase with twist 34.37264 superhelical 0.02365 global twist -66.57184 global supercoiling -0.01935
frame 1518 time 379.5 unbinding_event at gene Raspberry enzyme RNAP with twist -67.91824 superhelical -0.08388 global twist -67.91824 global supercoiling -0.01934
frame 1656 time 414.0 binding_event at DNA_topoI 15 enzyme topoI with twist -67.91824 superhelical -0.01924 global twist -67.91824 global supercoiling -0.01924
frame 1668 time 417.0 unbinding_event at DNA_topoI 15 enzyme topoI with twist -42.63590 superhelical -0.01506 global twist -44.58070 global supercoiling -0.01289
frame 1867 time 466.75 binding_event at gene tetA enzyme RNAP with twist -42.63590 superhelical -0.01208 global twist -42.63590 global supercoiling -0.01208
frame 1976 time 494.0 binding_event at DNA_topoI 43 enzyme topoI with twist -118.67658 superhelical -0.05381 global twist -42.63590 global supercoiling -0.01214
frame 1977 time 494.25 binding_event at DNA_topoI 34 enzyme topoI with twist -64.79816 superhelical -0.05480 global twist -40.69110 global supercoiling -0.01183
frame 1977 time 494.25 unbinding_event at DNA_topoI 43 enzyme topoI with twist -84.32791 superhelical -0.05496 global twist -40.69110 global supercoiling -0.01183
frame 1980 time 495.0 unbinding_event at DNA_topoI 34 enzyme topoI with twist -111.49579 superhelical -0.05109 global twist -32.91192 global supercoiling -0.00957
frame 1997 time 499.25 binding_event at DNA_gyrase 18 enzyme gyrase with twist 94.89023 superhelical 0.07831 global twist -30.96713 global supercoiling -0.00882
frame 2005 time 501.25 unbinding_event at DNA_gyrase 18 enzyme gyrase with twist 90.85104 superhelical 0.09194 global twist -41.73830 global supercoiling -0.01213
frame 2030 time 507.5 unbinding_event at gene tetA enzyme RNAP with twist -43.08470 superhelical -0.06377 global twist -43.08470 global supercoiling -0.01227
frame 2062 time 515.5 binding_event at DNA_gyrase 19 enzyme gyrase with twist -43.08470 superhelical -0.01220 global twist -43.08470 global supercoiling -0.01220
frame 2088 time 522.0 unbinding_event at DNA_gyrase 19 enzyme gyrase with twist -79.43741 superhelical -0.01842 global twist -78.09102 global supercoiling -0.02258
frame 2184 time 546.0 binding_event at gene tetA enzyme RNAP with twist -79.43741 superhelical -0.02250 global twist -79.43741 global supercoiling -0.02250
frame 2262 time 565.5 binding_event at DNA_topoI 32 enzyme topoI with twist -108.83788 superhelical -0.05267 global twist -79.43741 global supercoiling -0.02262
frame 2265 time 566.25 unbinding_event at DNA_topoI 32 enzyme topoI with twist -104.64909 superhelical -0.04466 global twist -73.60303 global supercoiling -0.02140
frame 2300 time 575.0 binding_event at gene tetA enzyme RNAP with twist -135.16741 superhelical -0.06043 global twist -71.65823 global supercoiling -0.02041
frame 2311 time 577.75 binding_event at DNA_topoI 34 enzyme topoI with twist -114.47696 superhelical -0.06484 global twist -71.65823 global supercoiling -0.02052
frame 2311 time 577.75 unbinding_event at DNA_topoI 34 enzyme topoI with twist -113.42976 superhelical -0.06577 global twist -71.65823 global supercoiling -0.02052
frame 2347 time 586.75 unbinding_event at gene tetA enzyme RNAP with twist 76.02985 superhelical -0.06095 global twist -69.71344 global supercoiling -0.01996
frame 2354 time 588.5 binding_event at gene tetA enzyme RNAP with twist -151.12888 superhelical -0.07716 global twist -69.71344 global supercoiling -0.01985
frame 2370 time 592.5 binding_event at gene tetA enzyme RNAP with twist -148.09733 superhelical -0.08283 global twist -69.71344 global supercoiling -0.01996
frame 2431 time 607.75 binding_event at DNA_topoI 26 enzyme topoI with twist -198.44195 superhelical -0.09972 global twist -69.71344 global supercoiling -0.02007
frame 2440 time 610.0 unbinding_event at DNA_topoI 26 enzyme topoI with twist -187.96998 superhelical 0.15442 global twist -52.21028 global supercoiling -0.01535
frame 2463 time 615.75 unbinding_event at gene tetA enzyme RNAP with twist 162.75810 superhelical -0.07793 global twist -50.26548 global supercoiling -0.01447
frame 2517 time 629.25 unbinding_event at gene tetA enzyme RNAP with twist 206.81953 superhelical -0.08372 global twist -50.26548 global supercoiling -0.01439
frame 2533 time 633.25 unbinding_event at gene tetA enzyme RNAP with twist -50.26548 superhelical -0.11069 global twist -50.26548 global supercoiling -0.01431
frame 2636 time 659.0 binding_event at DNA_gyrase 20 enzyme gyrase with twist -50.26548 superhelical -0.01424 global twist -50.26548 global supercoiling -0.01424
frame 2647 time 661.75 unbinding_event at DNA_gyrase 20 enzyme gyrase with twist -66.42224 superhelical -0.01712 global twist -65.07585 global supercoiling -0.01881
frame 2670 time 667.5 binding_event at DNA_gyrase 31 enzyme gyrase with twist -66.42224 superhelical -0.01881 global twist -66.42224 global supercoiling -0.01881
frame 2671 time 667.75 unbinding_event at DNA_gyrase 31 enzyme gyrase with twist -69.11504 superhelical -0.02340 global twist -67.76864 global supercoiling -0.01959
frame 2861 time 715.25 binding_event at gene tetA enzyme RNAP with twist -69.11504 superhelical -0.01958 global twist -69.11504 global supercoiling -0.01958
frame 2881 time 720.25 binding_event at gene tetA enzyme RNAP with twist -51.73211 superhelical -0.02865 global twist -69.11504 global supercoiling -0.01968
frame 2966 time 741.5 binding_event at DNA_topoI 38 enzyme topoI with twist -125.98359 superhelical -0.06006 global twist -69.11504 global supercoiling -0.01979
frame 2969 time 742.25 unbinding_event at DNA_topoI 38 enzyme topoI with twist -121.79480 superhelical -0.05746 global twist -63.28065 global supercoiling -0.01850
frame 2979 time 744.75 binding_event at DNA_topoI 2 enzyme topoI with twist -129.87319 superhelical -0.06024 global twist -61.33586 global supercoiling -0.01756
frame 2983 time 745.75 binding_event at gene tetA enzyme RNAP with twist -110.06173 superhelical -0.06019 global twist -53.55667 global supercoiling -0.01566
frame 2992 time 748.0 unbinding_event at DNA_topoI 2 enzyme topoI with twist -1.85250 superhelical 0.26866 global twist -36.05352 global supercoiling -0.01060
frame 3024 time 756.0 unbinding_event at gene tetA enzyme RNAP with twist 109.82683 superhelical -0.02895 global twist -34.10872 global supercoiling -0.00982
frame 3044 time 761.0 unbinding_event at gene tetA enzyme RNAP with twist 125.92629 superhelical -0.00422 global twist -34.10872 global supercoiling -0.00977
frame 3062 time 765.5 binding_event at DNA_gyrase 7 enzyme gyrase with twist 141.18546 superhelical 0.09800 global twist -34.10872 global supercoiling -0.00971
frame 3071 time 767.75 unbinding_event at DNA_gyrase 7 enzyme gyrase with twist 136.69747 superhelical 0.23292 global twist -46.22629 global supercoiling -0.01344
frame 3086 time 771.5 binding_event at gene Raspberry enzyme RNAP with twist -196.83653 superhelical -0.09036 global twist -47.57269 global supercoiling -0.01355
frame 3142 time 785.5 binding_event at DNA_topoI 5 enzyme topoI with twist -127.34235 superhelical -0.09116 global twist -47.57269 global supercoiling -0.01362
frame 3146 time 786.5 unbinding_event at gene tetA enzyme RNAP with twist 174.23052 superhelical -0.08857 global twist -39.79351 global supercoiling -0.01163
frame 3162 time 790.5 binding_event at DNA_topoI 32 enzyme topoI with twist -137.71162 superhelical -0.12480 global twist -8.67678 global supercoiling -0.00252
frame 3164 time 791.0 unbinding_event at DNA_topoI 32 enzyme topoI with twist -134.57002 superhelical -0.12606 global twist -0.89760 global supercoiling -0.00027
frame 3169 time 792.25 unbinding_event at DNA_topoI 5 enzyme topoI with twist 151.77398 superhelical -0.05061 global twist 10.77117 global supercoiling 0.00313
frame 3171 time 792.75 binding_event at DNA_topoI 37 enzyme topoI with twist -139.95561 superhelical -0.12236 global twist 12.71597 global supercoiling 0.00362
frame 3174 time 793.5 binding_event at gene Raspberry enzyme RNAP with twist -41.60995 superhelical -0.12462 global twist 18.55036 global supercoiling 0.00539
frame 3174 time 793.5 unbinding_event at DNA_topoI 37 enzyme topoI with twist -99.97087 superhelical -0.12538 global twist 18.55036 global supercoiling 0.00539
frame 3179 time 794.75 binding_event at DNA_gyrase 44 enzyme gyrase with twist 159.85237 superhelical 0.06856 global twist 20.49515 global supercoiling 0.00587
frame 3186 time 796.5 unbinding_event at DNA_gyrase 44 enzyme gyrase with twist 156.26197 superhelical 0.29363 global twist 11.07037 global supercoiling 0.00324
frame 3194 time 798.5 unbinding_event at gene Raspberry enzyme RNAP with twist 127.64680 superhelical -0.09525 global twist 9.72398 global supercoiling 0.00278
frame 3195 time 798.75 binding_event at DNA_topoI 33 enzyme topoI with twist -117.92283 superhelical -0.13766 global twist 9.72398 global supercoiling 0.00277
frame 3198 time 799.5 binding_event at DNA_gyrase 43 enzyme gyrase with twist 130.33960 superhelical 0.04935 global twist 15.55836 global supercoiling 0.00452
frame 3199 time 799.75 unbinding_event at DNA_gyrase 43 enzyme gyrase with twist 129.44200 superhelical 0.05391 global twist 16.15676 global supercoiling 0.00480
frame 3205 time 801.25 unbinding_event at DNA_topoI 33 enzyme topoI with twist -106.40365 superhelical -0.12722 global twist 26.47914 global supercoiling 0.00770
frame 3232 time 808.0 binding_event at gene mKalama1 enzyme RNAP with twist -129.74120 superhelical -0.12687 global twist 28.42393 global supercoiling 0.00809
frame 3237 time 809.25 binding_event at DNA_gyrase 14 enzyme gyrase with twist 162.65312 superhelical 0.06595 global twist 28.42393 global supercoiling 0.00814
frame 3241 time 810.25 unbinding_event at DNA_gyrase 14 enzyme gyrase with twist 160.40913 superhelical 0.06958 global twist 23.03835 global supercoiling 0.00674
frame 3260 time 815.0 binding_event at gene mKalama1 enzyme RNAP with twist -96.29769 superhelical -0.15855 global twist 21.69195 global supercoiling 0.00621
frame 3282 time 820.5 unbinding_event at gene Raspberry enzyme RNAP with twist 77.06087 superhelical -0.17460 global twist 21.69195 global supercoiling 0.00625
frame 3312 time 828.0 binding_event at gene tetA enzyme RNAP with twist 51.03053 superhelical 0.01648 global twist 21.69195 global supercoiling 0.00621
frame 3341 time 835.25 unbinding_event at gene mKalama1 enzyme RNAP with twist -2.41065 superhelical 0.09771 global twist 21.69195 global supercoiling 0.00625
frame 3369 time 842.25 unbinding_event at gene mKalama1 enzyme RNAP with twist -60.12993 superhelical 0.14775 global twist 21.69195 global supercoiling 0.00621
frame 3475 time 868.75 unbinding_event at gene tetA enzyme RNAP with twist 21.69195 superhelical -0.06332 global twist 21.69195 global supercoiling 0.00618
frame 3530 time 882.5 binding_event at DNA_gyrase 14 enzyme gyrase with twist 21.69195 superhelical 0.00614 global twist 21.69195 global supercoiling 0.00614
frame 3535 time 883.75 binding_event at gene tetA enzyme RNAP with twist 13.50719 superhelical 0.00502 global twist 14.95997 global supercoiling 0.00433
frame 3536 time 884.0 unbinding_event at DNA_gyrase 14 enzyme gyrase with twist 5.38436 superhelical 0.00558 global twist 13.61357 global supercoiling 0.00396
frame 3698 time 924.5 unbinding_event at gene tetA enzyme RNAP with twist 12.26717 superhelical -0.05649 global twist 12.26717 global supercoiling 0.00349
frame 3862 time 965.5 binding_event at DNA_gyrase 11 enzyme gyrase with twist 12.26717 superhelical 0.00347 global twist 12.26717 global supercoiling 0.00347
frame 3866 time 966.5 unbinding_event at DNA_gyrase 11 enzyme gyrase with twist 5.53519 superhelical 0.00219 global twist 6.88158 global supercoiling 0.00199
frame 3922 time 980.5 binding_event at gene tetA enzyme RNAP with twist 5.53519 superhelical 0.00157 global twist 5.53519 global supercoiling 0.00157
frame 3991 time 997.75 binding_event at gene tetA enzyme RNAP with twist -59.22892 superhelical -0.02924 global twist 5.53519 global supercoiling 0.00158
frame 4049 time 1012.25 binding_event at DNA_topoI 49 enzyme topoI with twist -102.71478 superhelical -0.05197 global twist 5.53519 global supercoiling 0.00158
frame 4053 time 1013.25 unbinding_event at DNA_topoI 49 enzyme topoI with twist -97.47879 superhelical -0.05091 global twist 13.31437 global supercoiling 0.00389
frame 4057 time 1014.25 binding_event at gene mKalama1 enzyme RNAP with twist -100.17159 superhelical -0.04978 global twist 15.25916 global supercoiling 0.00437
frame 4085 time 1021.25 unbinding_event at gene tetA enzyme RNAP with twist 141.46109 superhelical -0.02952 global twist 15.25916 global supercoiling 0.00439
frame 4115 time 1028.75 binding_event at DNA_gyrase 13 enzyme gyrase with twist 167.49143 superhelical 0.13522 global twist 15.25916 global supercoiling 0.00437
frame 4120 time 1030.0 unbinding_event at DNA_gyrase 13 enzyme gyrase with twist 164.79864 superhelical 0.16092 global twist 8.52718 global supercoiling 0.00249
frame 4129 time 1032.25 binding_event at gene Raspberry enzyme RNAP with twist -196.88721 superhelical -0.09884 global twist 7.18078 global supercoiling 0.00206
frame 4154 time 1038.5 unbinding_event at gene tetA enzyme RNAP with twist 40.23171 superhelical -0.09979 global twist 7.18078 global supercoiling 0.00207
frame 4166 time 1041.5 unbinding_event at gene mKalama1 enzyme RNAP with twist -43.82210 superhelical 0.43044 global twist 7.18078 global supercoiling 0.00206
frame 4201 time 1050.25 binding_event at DNA_topoI 38 enzyme topoI with twist -74.34043 superhelical -0.06849 global twist 7.18078 global supercoiling 0.00204
frame 4201 time 1050.25 unbinding_event at DNA_topoI 38 enzyme topoI with twist -73.29323 superhelical -0.07216 global twist 7.18078 global supercoiling 0.00204
frame 4219 time 1054.75 binding_event at DNA_gyrase 44 enzyme gyrase with twist 97.67798 superhelical 0.04165 global twist 9.12558 global supercoiling 0.00260
frame 4221 time 1055.25 unbinding_event at DNA_gyrase 44 enzyme gyrase with twist 96.33158 superhelical 0.06558 global twist 6.43278 global supercoiling 0.00187
frame 4228 time 1057.0 binding_event at DNA_gyrase 17 enzyme gyrase with twist 101.71717 superhelical 0.04413 global twist 5.08639 global supercoiling 0.00145
frame 4237 time 1059.25 unbinding_event at gene Raspberry enzyme RNAP with twist -26.83296 superhelical -0.08438 global twist -7.03118 global supercoiling -0.00204
frame 4242 time 1060.5 unbinding_event at DNA_gyrase 17 enzyme gyrase with twist -15.10956 superhelical -0.01039 global twist -13.76317 global supercoiling -0.00398
frame 4313 time 1078.25 binding_event at DNA_topoI 49 enzyme topoI with twist -15.10956 superhelical -0.00428 global twist -15.10956 global supercoiling -0.00428
frame 4321 time 1080.25 unbinding_event at DNA_topoI 49 enzyme topoI with twist 2.39359 superhelical 0.00106 global twist 0.44880 global supercoiling 0.00013
frame 4600 time 1150.0 binding_event at DNA_gyrase 29 enzyme gyrase with twist 2.39359 superhelical 0.00068 global twist 2.39359 global supercoiling 0.00068
frame 4602 time 1150.5 unbinding_event at DNA_gyrase 29 enzyme gyrase with twist -1.64560 superhelical -0.01071 global twist -0.29920 global supercoiling -0.00009
frame 4713 time 1178.25 binding_event at DNA_gyrase 34 enzyme gyrase with twist -1.64560 superhelical -0.00047 global twist -1.64560 global supercoiling -0.00047
frame 4715 time 1178.75 unbinding_event at DNA_gyrase 34 enzyme gyrase with twist -5.68479 superhelical -0.00424 global twist -4.33839 global supercoiling -0.00125
frame 4732 time 1183.0 binding_event at DNA_gyrase 8 enzyme gyrase with twist -5.68479 superhelical -0.00161 global twist -5.68479 global supercoiling -0.00161
frame 4740 time 1185.0 unbinding_event at DNA_gyrase 8 enzyme gyrase with twist -17.80236 superhelical -0.00433 global twist -16.45596 global supercoiling -0.00476
frame 4788 time 1197.0 binding_event at DNA_gyrase 18 enzyme gyrase with twist -17.80236 superhelical -0.00504 global twist -17.80236 global supercoiling -0.00504
frame 4794 time 1198.5 unbinding_event at DNA_gyrase 18 enzyme gyrase with twist -27.22714 superhelical -0.00673 global twist -25.88074 global supercoiling -0.00748
frame 4798 time 1199.5 binding_event at DNA_gyrase 32 enzyme gyrase with twist -27.22714 superhelical -0.00771 global twist -27.22714 global supercoiling -0.00771
frame 4801 time 1200.25 unbinding_event at DNA_gyrase 32 enzyme gyrase with twist -32.61272 superhelical -0.01473 global twist -31.26633 global supercoiling -0.00904
frame 5014 time 1253.5 binding_event at DNA_topoI 16 enzyme topoI with twist -32.61272 superhelical -0.00924 global twist -32.61272 global supercoiling -0.00924
frame 5016 time 1254.0 unbinding_event at DNA_topoI 16 enzyme topoI with twist -26.77834 superhelical -0.00840 global twist -28.72313 global supercoiling -0.00830
frame 5059 time 1264.75 binding_event at gene tetA enzyme RNAP with twist -26.77834 superhelical -0.00758 global twist -26.77834 global supercoiling -0.00758
frame 5192 time 1298.0 binding_event at DNA_gyrase 12 enzyme gyrase with twist 105.69016 superhelical 0.08820 global twist -26.77834 global supercoiling -0.00763
frame 5200 time 1300.0 unbinding_event at DNA_gyrase 12 enzyme gyrase with twist 101.65097 superhelical 0.12718 global twist -37.54951 global supercoiling -0.01092
frame 5206 time 1301.5 binding_event at DNA_topoI 39 enzyme topoI with twist -145.03487 superhelical -0.06104 global twist -38.89591 global supercoiling -0.01108
frame 5210 time 1302.5 unbinding_event at DNA_topoI 39 enzyme topoI with twist -139.79888 superhelical -0.05751 global twist -31.11673 global supercoiling -0.00905
frame 5222 time 1305.5 unbinding_event at gene tetA enzyme RNAP with twist -29.17193 superhelical -0.06140 global twist -29.17193 global supercoiling -0.00831
frame 5308 time 1327.0 binding_event at DNA_gyrase 21 enzyme gyrase with twist -29.17193 superhelical -0.00826 global twist -29.17193 global supercoiling -0.00826
frame 5313 time 1328.25 unbinding_event at DNA_gyrase 21 enzyme gyrase with twist -37.25031 superhelical -0.00970 global twist -35.90392 global supercoiling -0.01038
frame 5423 time 1355.75 binding_event at DNA_gyrase 3 enzyme gyrase with twist -37.25031 superhelical -0.01055 global twist -37.25031 global supercoiling -0.01055
frame 5443 time 1360.75 unbinding_event at DNA_gyrase 3 enzyme gyrase with twist -65.52465 superhelical -0.01821 global twist -64.17825 global supercoiling -0.01856
frame 5640 time 1410.0 binding_event at DNA_gyrase 44 enzyme gyrase with twist -65.52465 superhelical -0.01856 global twist -65.52465 global supercoiling -0.01856
frame 5644 time 1411.0 unbinding_event at DNA_gyrase 44 enzyme gyrase with twist -72.25663 superhelical -0.02163 global twist -70.91023 global supercoiling -0.02050
frame 5696 time 1424.0 binding_event at DNA_gyrase 4 enzyme gyrase with twist -72.25663 superhelical -0.02047 global twist -72.25663 global supercoiling -0.02047
frame 5713 time 1428.25 unbinding_event at DNA_gyrase 4 enzyme gyrase with twist -96.49177 superhelical -0.02703 global twist -95.14538 global supercoiling -0.02751
frame 5718 time 1429.5 binding_event at gene Raspberry enzyme RNAP with twist -96.49177 superhelical -0.02733 global twist -96.49177 global supercoiling -0.02733
frame 5754 time 1438.5 binding_event at gene tetA enzyme RNAP with twist -43.22895 superhelical -0.01671 global twist -96.49177 global supercoiling -0.02748
frame 5805 time 1451.25 binding_event at gene tetA enzyme RNAP with twist -13.01300 superhelical -0.01683 global twist -96.49177 global supercoiling -0.02763
frame 5818 time 1454.5 binding_event at DNA_topoI 39 enzyme topoI with twist -110.70909 superhelical -0.09141 global twist -96.49177 global supercoiling -0.02778
frame 5820 time 1455.0 unbinding_event at DNA_topoI 39 enzyme topoI with twist -107.56750 superhelical -0.09391 global twist -92.60218 global supercoiling -0.02723
frame 5826 time 1456.5 unbinding_event at gene Raspberry enzyme RNAP with twist -122.34620 superhelical -0.09025 global twist -90.65739 global supercoiling -0.02610
frame 5917 time 1479.25 unbinding_event at gene tetA enzyme RNAP with twist 113.37022 superhelical -0.01726 global twist -90.65739 global supercoiling -0.02596
frame 5932 time 1483.0 binding_event at DNA_topoI 38 enzyme topoI with twist -216.59398 superhelical -0.09474 global twist -90.65739 global supercoiling -0.02582
frame 5940 time 1485.0 unbinding_event at DNA_topoI 38 enzyme topoI with twist -207.16921 superhelical -0.08718 global twist -75.09902 global supercoiling -0.02183
frame 5950 time 1487.5 binding_event at DNA_topoI 9 enzyme topoI with twist -215.24759 superhelical -0.09094 global twist -73.15423 global supercoiling -0.02083
frame 5953 time 1488.25 unbinding_event at DNA_topoI 9 enzyme topoI with twist -211.05880 superhelical -0.08925 global twist -67.31984 global supercoiling -0.01957
frame 5968 time 1492.0 unbinding_event at gene tetA enzyme RNAP with twist -65.37505 superhelical -0.09156 global twist -65.37505 global supercoiling -0.01862
frame 6396 time 1599.0 binding_event at DNA_gyrase 33 enzyme gyrase with twist -65.37505 superhelical -0.01852 global twist -65.37505 global supercoiling -0.01852
frame 6418 time 1604.5 unbinding_event at DNA_gyrase 33 enzyme gyrase with twist -96.34217 superhelical -0.05225 global twist -94.99578 global supercoiling -0.02747
frame 6468 time 1617.0 binding_event at DNA_topoI 39 enzyme topoI with twist -96.34217 superhelical -0.02729 global twist -96.34217 global supercoiling -0.02729
frame 6491 time 1622.75 unbinding_event at DNA_topoI 39 enzyme topoI with twist -49.66708 superhelical -0.00179 global twist -51.61188 global supercoiling -0.01492
frame 6581 time 1645.25 binding_event at DNA_topoI 21 enzyme topoI with twist -49.66708 superhelical -0.01407 global twist -49.66708 global supercoiling -0.01407
frame 6584 time 1646.0 binding_event at gene tetA enzyme RNAP with twist -42.93463 superhelical -0.01345 global twist -43.83270 global supercoiling -0.01267
frame 6587 time 1646.75 unbinding_event at DNA_topoI 21 enzyme topoI with twist -9.24734 superhelical -0.00850 global twist -37.99831 global supercoiling -0.01105
frame 6628 time 1657.0 binding_event at DNA_gyrase 14 enzyme gyrase with twist 26.65658 superhelical 0.01668 global twist -36.05352 global supercoiling -0.01027
frame 6632 time 1658.0 unbinding_event at DNA_gyrase 14 enzyme gyrase with twist 24.41258 superhelical 0.01953 global twist -41.43910 global supercoiling -0.01205
frame 6675 time 1668.75 binding_event at DNA_gyrase 9 enzyme gyrase with twist 62.11170 superhelical 0.04479 global twist -42.78550 global supercoiling -0.01218
frame 6679 time 1669.75 binding_event at gene tetA enzyme RNAP with twist -108.48759 superhelical -0.05063 global twist -48.17109 global supercoiling -0.01400
frame 6689 time 1672.25 unbinding_event at DNA_gyrase 9 enzyme gyrase with twist 55.37971 superhelical 0.10166 global twist -61.63506 global supercoiling -0.01802
frame 6739 time 1684.75 binding_event at DNA_topoI 46 enzyme topoI with twist -141.53867 superhelical -0.07129 global twist -62.98145 global supercoiling -0.01803
frame 6742 time 1685.5 unbinding_event at DNA_topoI 46 enzyme topoI with twist -137.34988 superhelical -0.07118 global twist -57.14707 global supercoiling -0.01671
frame 6744 time 1686.0 binding_event at DNA_gyrase 11 enzyme gyrase with twist 103.85000 superhelical 0.09641 global twist -55.20227 global supercoiling -0.01581
frame 6747 time 1686.75 unbinding_event at gene tetA enzyme RNAP with twist -17.68184 superhelical -0.05109 global twist -59.24146 global supercoiling -0.01732
frame 6750 time 1687.5 binding_event at DNA_topoI 3 enzyme topoI with twist -143.63306 superhelical -0.07059 global twist -63.28065 global supercoiling -0.01840
frame 6754 time 1688.5 unbinding_event at DNA_topoI 3 enzyme topoI with twist -138.39708 superhelical -0.07061 global twist -60.88706 global supercoiling -0.01808
frame 6757 time 1689.25 unbinding_event at DNA_gyrase 11 enzyme gyrase with twist 76.76202 superhelical -0.04009 global twist -62.98145 global supercoiling -0.01831
frame 6778 time 1694.5 binding_event at DNA_topoI 38 enzyme topoI with twist -159.04183 superhelical -0.07361 global twist -64.32785 global supercoiling -0.01832
frame 6780 time 1695.0 unbinding_event at DNA_topoI 38 enzyme topoI with twist -155.90024 superhelical -0.07260 global twist -60.43826 global supercoiling -0.01757
frame 6842 time 1710.5 unbinding_event at gene tetA enzyme RNAP with twist -58.49346 superhelical -0.08627 global twist -58.49346 global supercoiling -0.01666
frame 6862 time 1715.5 binding_event at DNA_gyrase 16 enzyme gyrase with twist -58.49346 superhelical -0.01657 global twist -58.49346 global supercoiling -0.01657
frame 6864 time 1716.0 unbinding_event at DNA_gyrase 16 enzyme gyrase with twist -62.53265 superhelical -0.01762 global twist -61.18626 global supercoiling -0.01769
frame 7182 time 1795.5 binding_event at DNA_gyrase 37 enzyme gyrase with twist -62.53265 superhelical -0.01771 global twist -62.53265 global supercoiling -0.01771
frame 7183 time 1795.75 unbinding_event at DNA_gyrase 37 enzyme gyrase with twist -65.22545 superhelical -0.01987 global twist -63.87905 global supercoiling -0.01847
frame 7200 time 1800.0 binding_event at DNA_topoI 7 enzyme topoI with twist -65.22545 superhelical -0.01847 global twist -65.22545 global supercoiling -0.01847
frame 7207 time 1801.75 unbinding_event at DNA_topoI 7 enzyme topoI with twist -49.66708 superhelical -0.01530 global twist -51.61188 global supercoiling -0.01492
frame 7212 time 1803.0 binding_event at DNA_topoI 47 enzyme topoI with twist -49.66708 superhelical -0.01407 global twist -49.66708 global supercoiling -0.01407
frame 7216 time 1804.0 unbinding_event at DNA_topoI 47 enzyme topoI with twist -39.94311 superhelical -0.01105 global twist -41.88790 global supercoiling -0.01211
frame 7252 time 1813.0 binding_event at gene tetA enzyme RNAP with twist -39.94311 superhelical -0.01131 global twist -39.94311 global supercoiling -0.01131
frame 7296 time 1824.0 binding_event at gene tetA enzyme RNAP with twist -59.01660 superhelical -0.03084 global twist -39.94311 global supercoiling -0.01138
frame 7376 time 1844.0 binding_event at DNA_topoI 31 enzyme topoI with twist -125.26949 superhelical -0.06036 global twist -39.94311 global supercoiling -0.01144
frame 7379 time 1844.75 unbinding_event at DNA_topoI 31 enzyme topoI with twist -121.08070 superhelical -0.05040 global twist -34.10872 global supercoiling -0.00997
frame 7409 time 1852.25 binding_event at DNA_topoI 47 enzyme topoI with twist -147.11104 superhelical -0.06617 global twist -32.16392 global supercoiling -0.00921
frame 7415 time 1853.75 unbinding_event at gene tetA enzyme RNAP with twist 121.23030 superhelical -0.03115 global twist -20.49515 global supercoiling -0.00599
frame 7417 time 1854.25 unbinding_event at DNA_topoI 47 enzyme topoI with twist -137.68626 superhelical -0.06242 global twist -16.60556 global supercoiling -0.00483
frame 7458 time 1864.5 binding_event at DNA_topoI 5 enzyme topoI with twist -173.59018 superhelical -0.07105 global twist -14.66077 global supercoiling -0.00418
frame 7459 time 1864.75 unbinding_event at gene tetA enzyme RNAP with twist 136.91412 superhelical -0.07080 global twist -12.71597 global supercoiling -0.00370
frame 7469 time 1867.25 unbinding_event at DNA_topoI 5 enzyme topoI with twist 8.67678 superhelical -0.06749 global twist 6.73198 global supercoiling 0.00195
frame 7548 time 1887.0 binding_event at DNA_gyrase 8 enzyme gyrase with twist 8.67678 superhelical 0.00246 global twist 8.67678 global supercoiling 0.00246
frame 7548 time 1887.0 unbinding_event at DNA_gyrase 8 enzyme gyrase with twist 7.33038 superhelical 0.00221 global twist 8.67678 global supercoiling 0.00246
frame 7558 time 1889.5 binding_event at gene tetA enzyme RNAP with twist 7.33038 superhelical 0.00208 global twist 7.33038 global supercoiling 0.00208
frame 7644 time 1911.0 binding_event at gene tetA enzyme RNAP with twist -73.61068 superhelical -0.03502 global twist 7.33038 global supercoiling 0.00209
frame 7660 time 1915.0 binding_event at DNA_gyrase 25 enzyme gyrase with twist 95.30263 superhelical 0.07126 global twist 7.33038 global supercoiling 0.00210
frame 7665 time 1916.25 unbinding_event at DNA_gyrase 25 enzyme gyrase with twist 92.60983 superhelical 0.07545 global twist 0.59840 global supercoiling 0.00017
frame 7693 time 1923.25 binding_event at DNA_gyrase 16 enzyme gyrase with twist 116.84498 superhelical 0.09825 global twist -0.74800 global supercoiling -0.00021
frame 7695 time 1923.75 unbinding_event at DNA_gyrase 16 enzyme gyrase with twist 115.49858 superhelical 0.10890 global twist -3.44079 global supercoiling -0.00101
frame 7721 time 1930.25 unbinding_event at gene tetA enzyme RNAP with twist 125.87337 superhelical -0.03534 global twist -4.78719 global supercoiling -0.00137
frame 7770 time 1942.5 binding_event at gene tetA enzyme RNAP with twist -173.74526 superhelical -0.07615 global twist -4.78719 global supercoiling -0.00136
frame 7807 time 1951.75 unbinding_event at gene tetA enzyme RNAP with twist 161.11243 superhelical -0.07679 global twist -4.78719 global supercoiling -0.00137
frame 7856 time 1964.0 binding_event at DNA_gyrase 7 enzyme gyrase with twist 204.19713 superhelical 0.14490 global twist -4.78719 global supercoiling -0.00136
frame 7858 time 1964.5 binding_event at gene Raspberry enzyme RNAP with twist -210.77952 superhelical -0.09984 global twist -7.47998 global supercoiling -0.00217
frame 7869 time 1967.25 unbinding_event at DNA_gyrase 7 enzyme gyrase with twist 197.91395 superhelical 3.69958 global twist -22.29035 global supercoiling -0.00652
frame 7933 time 1983.25 unbinding_event at gene tetA enzyme RNAP with twist 121.39222 superhelical -0.10075 global twist -23.63674 global supercoiling -0.00677
frame 7953 time 1988.25 binding_event at DNA_topoI 36 enzyme topoI with twist -162.08333 superhelical -0.13635 global twist -23.63674 global supercoiling -0.00673
frame 7954 time 1988.5 unbinding_event at DNA_topoI 36 enzyme topoI with twist -159.98893 superhelical -0.14226 global twist -21.69195 global supercoiling -0.00631
frame 7966 time 1991.5 unbinding_event at gene Raspberry enzyme RNAP with twist -19.74715 superhelical -0.13644 global twist -19.74715 global supercoiling -0.00562
frame 7987 time 1996.75 binding_event at DNA_gyrase 37 enzyme gyrase with twist -19.74715 superhelical -0.00559 global twist -19.74715 global supercoiling -0.00559
frame 7994 time 1998.5 unbinding_event at DNA_gyrase 37 enzyme gyrase with twist -30.51833 superhelical -0.01287 global twist -29.17193 global supercoiling -0.00843
frame 8136 time 2034.0 binding_event at gene tetA enzyme RNAP with twist -30.51833 superhelical -0.00864 global twist -30.51833 global supercoiling -0.00864
frame 8160 time 2040.0 binding_event at DNA_topoI 32 enzyme topoI with twist -36.45826 superhelical -0.01999 global twist -30.51833 global supercoiling -0.00869
frame 8165 time 2041.25 unbinding_event at DNA_topoI 32 enzyme topoI with twist -30.17508 superhelical -0.00595 global twist -20.79435 global supercoiling -0.00605
frame 8240 time 2060.0 binding_event at DNA_topoI 49 enzyme topoI with twist -96.59732 superhelical -0.04425 global twist -18.84956 global supercoiling -0.00537
frame 8248 time 2062.0 binding_event at DNA_gyrase 19 enzyme gyrase with twist 84.92855 superhelical 0.06571 global twist -3.29119 global supercoiling -0.00096
frame 8249 time 2062.25 unbinding_event at DNA_gyrase 19 enzyme gyrase with twist 84.03095 superhelical 0.07091 global twist -2.69279 global supercoiling -0.00080
frame 8264 time 2066.0 unbinding_event at DNA_topoI 49 enzyme topoI with twist -70.41738 superhelical -0.03069 global twist 25.13274 global supercoiling 0.00731
frame 8280 time 2070.0 binding_event at DNA_topoI 41 enzyme topoI with twist -83.88135 superhelical -0.03551 global twist 27.07754 global supercoiling 0.00771
frame 8283 time 2070.75 unbinding_event at DNA_topoI 41 enzyme topoI with twist -79.69256 superhelical -0.03287 global twist 32.91192 global supercoiling 0.00957
frame 8299 time 2074.75 unbinding_event at gene tetA enzyme RNAP with twist 34.85672 superhelical -0.03835 global twist 34.85672 global supercoiling 0.00993
frame 8394 time 2098.5 binding_event at DNA_gyrase 28 enzyme gyrase with twist 34.85672 superhelical 0.00987 global twist 34.85672 global supercoiling 0.00987
frame 8409 time 2102.25 unbinding_event at DNA_gyrase 28 enzyme gyrase with twist 13.31437 superhelical -0.09219 global twist 14.66077 global supercoiling 0.00424
frame 8522 time 2130.5 binding_event at gene tetA enzyme RNAP with twist 13.31437 superhelical 0.00377 global twist 13.31437 global supercoiling 0.00377
frame 8665 time 2166.25 binding_event at DNA_gyrase 11 enzyme gyrase with twist 135.16344 superhelical 0.11719 global twist 13.31437 global supercoiling 0.00379
frame 8669 time 2167.25 unbinding_event at DNA_gyrase 11 enzyme gyrase with twist 132.91944 superhelical 0.17704 global twist 7.92878 global supercoiling 0.00231
frame 8685 time 2171.25 unbinding_event at gene tetA enzyme RNAP with twist 6.58238 superhelical -0.05738 global twist 6.58238 global supercoiling 0.00187
frame 8919 time 2229.75 binding_event at DNA_gyrase 34 enzyme gyrase with twist 6.58238 superhelical 0.00186 global twist 6.58238 global supercoiling 0.00186
frame 8922 time 2230.5 unbinding_event at DNA_gyrase 34 enzyme gyrase with twist 1.19680 superhelical -0.00312 global twist 2.54319 global supercoiling 0.00074
frame 8939 time 2234.75 binding_event at DNA_gyrase 7 enzyme gyrase with twist 1.19680 superhelical 0.00034 global twist 1.19680 global supercoiling 0.00034
frame 8951 time 2237.75 unbinding_event at DNA_gyrase 7 enzyme gyrase with twist -16.30636 superhelical -0.00365 global twist -14.95997 global supercoiling -0.00433
frame 8953 time 2238.25 binding_event at gene tetA enzyme RNAP with twist -16.30636 superhelical -0.00462 global twist -16.30636 global supercoiling -0.00462
frame 8970 time 2242.5 binding_event at gene tetA enzyme RNAP with twist -23.22894 superhelical -0.01296 global twist -16.30636 global supercoiling -0.00464
frame 9028 time 2257.0 binding_event at DNA_gyrase 11 enzyme gyrase with twist 58.98326 superhelical 0.04044 global twist -16.30636 global supercoiling -0.00467
frame 9029 time 2257.25 unbinding_event at DNA_gyrase 11 enzyme gyrase with twist 58.08566 superhelical 0.04464 global twist -17.65276 global supercoiling -0.00516
frame 9048 time 2262.0 binding_event at DNA_gyrase 13 enzyme gyrase with twist 74.24242 superhelical 0.05424 global twist -18.99916 global supercoiling -0.00544
frame 9052 time 2263.0 binding_event at DNA_gyrase 46 enzyme gyrase with twist -96.08341 superhelical -0.04610 global twist -24.38474 global supercoiling -0.00713
frame 9055 time 2263.75 unbinding_event at DNA_gyrase 13 enzyme gyrase with twist 70.65203 superhelical 0.06639 global twist -32.46312 global supercoiling -0.00969
frame 9060 time 2265.0 unbinding_event at DNA_gyrase 46 enzyme gyrase with twist -116.27936 superhelical -0.05208 global twist -40.54151 global supercoiling -0.01185
frame 9069 time 2267.25 binding_event at DNA_gyrase 11 enzyme gyrase with twist 82.32080 superhelical 0.06459 global twist -41.88790 global supercoiling -0.01199
frame 9071 time 2267.75 binding_event at DNA_gyrase 17 enzyme gyrase with twist 65.98465 superhelical 0.06707 global twist -44.58070 global supercoiling -0.01303
frame 9071 time 2267.75 unbinding_event at DNA_gyrase 17 enzyme gyrase with twist 63.96505 superhelical 0.06860 global twist -44.58070 global supercoiling -0.01303
frame 9073 time 2268.25 unbinding_event at DNA_gyrase 11 enzyme gyrase with twist 78.73041 superhelical 0.08196 global twist -48.61989 global supercoiling -0.01421
frame 9098 time 2274.5 binding_event at DNA_topoI 1 enzyme topoI with twist -149.49048 superhelical -0.06526 global twist -49.96628 global supercoiling -0.01431
frame 9098 time 2274.5 unbinding_event at DNA_topoI 1 enzyme topoI with twist -148.44328 superhelical -0.06682 global twist -49.96628 global supercoiling -0.01431
frame 9116 time 2279.0 unbinding_event at gene tetA enzyme RNAP with twist 116.57856 superhelical -0.01310 global twist -48.02149 global supercoiling -0.01375
frame 9133 time 2283.25 unbinding_event at gene tetA enzyme RNAP with twist -48.02149 superhelical -0.07334 global twist -48.02149 global supercoiling -0.01368
frame 9233 time 2308.25 binding_event at gene tetA enzyme RNAP with twist -48.02149 superhelical -0.01360 global twist -48.02149 global supercoiling -0.01360
frame 9309 time 2327.25 binding_event at gene tetA enzyme RNAP with twist -91.68807 superhelical -0.04457 global twist -48.02149 global supercoiling -0.01368
frame 9356 time 2339.0 binding_event at DNA_topoI 34 enzyme topoI with twist -119.39244 superhelical -0.06195 global twist -48.02149 global supercoiling -0.01375
frame 9370 time 2342.5 unbinding_event at DNA_topoI 34 enzyme topoI with twist -103.68447 superhelical -0.03715 global twist -20.79435 global supercoiling -0.00608
frame 9396 time 2349.0 unbinding_event at gene tetA enzyme RNAP with twist 108.17246 superhelical -0.04499 global twist -18.84956 global supercoiling -0.00540
frame 9400 time 2350.0 binding_event at DNA_gyrase 9 enzyme gyrase with twist 110.86526 superhelical 0.07994 global twist -18.84956 global supercoiling -0.00537
frame 9402 time 2350.5 unbinding_event at DNA_gyrase 9 enzyme gyrase with twist 109.51886 superhelical 0.09469 global twist -21.54235 global supercoiling -0.00626
frame 9439 time 2359.75 binding_event at DNA_topoI 1 enzyme topoI with twist -164.72113 superhelical -0.07163 global twist -22.88875 global supercoiling -0.00652
frame 9439 time 2359.75 unbinding_event at DNA_topoI 1 enzyme topoI with twist -163.67393 superhelical -0.07338 global twist -22.88875 global supercoiling -0.00652
frame 9455 time 2363.75 binding_event at DNA_gyrase 11 enzyme gyrase with twist 156.19395 superhelical 0.13702 global twist -20.94395 global supercoiling -0.00596
frame 9459 time 2364.75 unbinding_event at DNA_gyrase 11 enzyme gyrase with twist 153.94996 superhelical 0.21733 global twist -26.32954 global supercoiling -0.00765
frame 9472 time 2368.0 unbinding_event at gene tetA enzyme RNAP with twist -27.67594 superhelical -0.07882 global twist -27.67594 global supercoiling -0.00788
frame 9488 time 2372.0 binding_event at DNA_gyrase 3 enzyme gyrase with twist -27.67594 superhelical -0.00784 global twist -27.67594 global supercoiling -0.00784
frame 9494 time 2373.5 unbinding_event at DNA_gyrase 3 enzyme gyrase with twist -37.10071 superhelical -0.01048 global twist -35.75432 global supercoiling -0.01034
frame 9568 time 2392.0 binding_event at gene tetA enzyme RNAP with twist -37.10071 superhelical -0.01051 global twist -37.10071 global supercoiling -0.01051
frame 9588 time 2397.0 binding_event at gene tetA enzyme RNAP with twist -36.08503 superhelical -0.01998 global twist -37.10071 global supercoiling -0.01057
frame 9647 time 2411.75 binding_event at DNA_gyrase 19 enzyme gyrase with twist 51.94259 superhelical 0.03606 global twist -37.10071 global supercoiling -0.01062
frame 9647 time 2411.75 unbinding_event at DNA_gyrase 19 enzyme gyrase with twist 51.49379 superhelical 0.03836 global twist -37.10071 global supercoiling -0.01062
frame 9731 time 2432.75 unbinding_event at gene tetA enzyme RNAP with twist 125.46602 superhelical -0.02020 global twist -38.44711 global supercoiling -0.01101
frame 9738 time 2434.5 binding_event at DNA_topoI 33 enzyme topoI with twist -169.29871 superhelical -0.07085 global twist -38.44711 global supercoiling -0.01095
frame 9751 time 2437.75 unbinding_event at gene tetA enzyme RNAP with twist 9.08740 superhelical -0.07011 global twist -13.16477 global supercoiling -0.00383
frame 9763 time 2440.75 unbinding_event at DNA_topoI 33 enzyme topoI with twist 12.11757 superhelical -0.01860 global twist 10.17278 global supercoiling 0.00294
frame 9796 time 2449.0 binding_event at DNA_gyrase 8 enzyme gyrase with twist 12.11757 superhelical 0.00343 global twist 12.11757 global supercoiling 0.00343
frame 9806 time 2451.5 unbinding_event at DNA_gyrase 8 enzyme gyrase with twist -2.69279 superhelical 0.00023 global twist -1.34640 global supercoiling -0.00039
frame 9868 time 2467.0 binding_event at gene tetA enzyme RNAP with twist -2.69279 superhelical -0.00076 global twist -2.69279 global supercoiling -0.00076
frame 9982 time 2495.5 binding_event at DNA_gyrase 25 enzyme gyrase with twist 100.94948 superhelical 0.07865 global twist -2.69279 global supercoiling -0.00077
frame 9990 time 2497.5 unbinding_event at DNA_gyrase 25 enzyme gyrase with twist 96.91029 superhelical 0.08486 global twist -13.46397 global supercoiling -0.00391
