TORCphysics log file 

General information: 
---------------------------------------------------------------------------------------
Circuit name: Pleu500_31
Size: 6000
Structure: circle
Number of sites: 110
Number of frames: 8000
Simulation time: 4000.0
Simulation timestep: 0.5
Seed: 336588032029142088
 
Overall simulation information 
---------------------------------------------------------------------------------------
Initial twist: -211.83310
Final twist: -45.77749
Initial superhelical density: -0.06000
Final superhelical density: -0.01297
 
Overall rates 
---------------------------------------------------------------------------------------
site type            site name            #binding events      #unbinding events    binding rates        
 DNA_topoI            DNA_topoI_global                     65.0                 65.0               0.01625 
DNA_gyrase           DNA_gyrase_global                    78.0                 78.0                0.0195 
EXT                  EXT                                   0.0                  0.0                   0.0 
gene                 tetA                                 55.0                 55.0               0.01375 
gene                 CDS                                   1.0                  1.0               0.00025 
origin               ori                                   0.0                  0.0                   0.0 
lacOP                lac1                                  0.0                  0.0                   0.0 
gene                 mKalama1                              7.0                  7.0               0.00175 
lacOP                lac2                                  0.0                  0.0                   0.0 
gene                 Raspberry                             9.0                  9.0               0.00225 
 
Events
---------------------------------------------------------------------------------------
frame 15 time 7.5 binding_event at gene mKalama1 enzyme RNAP with twist -211.83310 superhelical -0.06000 global twist -211.83310 global supercoiling -0.06000
frame 21 time 10.5 binding_event at DNA_topoI 36 enzyme topoI with twist -194.31557 superhelical -0.06539 global twist -211.83310 global supercoiling -0.06033
frame 26 time 13.0 unbinding_event at DNA_topoI 36 enzyme topoI with twist -192.52037 superhelical -0.07863 global twist -192.38515 global supercoiling -0.05593
frame 32 time 16.0 binding_event at gene tetA enzyme RNAP with twist -210.47233 superhelical -0.06641 global twist -188.49556 global supercoiling -0.05368
frame 34 time 17.0 binding_event at gene tetA enzyme RNAP with twist -104.88386 superhelical -0.07352 global twist -188.49556 global supercoiling -0.05398
frame 42 time 21.0 unbinding_event at gene mKalama1 enzyme RNAP with twist -106.79121 superhelical 0.42449 global twist -188.49556 global supercoiling -0.05427
frame 65 time 32.5 binding_event at DNA_topoI 29 enzyme topoI with twist -185.77983 superhelical -0.08174 global twist -188.49556 global supercoiling -0.05398
frame 69 time 34.5 unbinding_event at DNA_topoI 29 enzyme topoI with twist -184.28383 superhelical -0.02951 global twist -172.93720 global supercoiling -0.05056
frame 72 time 36.0 unbinding_event at gene tetA enzyme RNAP with twist 26.00740 superhelical -0.07452 global twist -169.04760 global supercoiling -0.04841
frame 74 time 37.0 unbinding_event at gene tetA enzyme RNAP with twist -169.04760 superhelical -0.08247 global twist -169.04760 global supercoiling -0.04814
frame 80 time 40.0 binding_event at gene tetA enzyme RNAP with twist -169.04760 superhelical -0.04788 global twist -169.04760 global supercoiling -0.04788
frame 120 time 60.0 unbinding_event at gene tetA enzyme RNAP with twist -169.04760 superhelical -0.09372 global twist -169.04760 global supercoiling -0.04814
frame 143 time 71.5 binding_event at DNA_topoI 31 enzyme topoI with twist -169.04760 superhelical -0.04788 global twist -169.04760 global supercoiling -0.04788
frame 156 time 78.0 unbinding_event at DNA_topoI 31 enzyme topoI with twist -114.59333 superhelical 0.03601 global twist -118.48292 global supercoiling -0.03426
frame 158 time 79.0 binding_event at gene tetA enzyme RNAP with twist -114.59333 superhelical -0.03246 global twist -114.59333 global supercoiling -0.03246
frame 162 time 81.0 binding_event at DNA_topoI 7 enzyme topoI with twist -44.22398 superhelical -0.02566 global twist -114.59333 global supercoiling -0.03263
frame 170 time 85.0 unbinding_event at DNA_topoI 7 enzyme topoI with twist 23.09586 superhelical 0.18093 global twist -83.47660 global supercoiling -0.02427
frame 196 time 98.0 binding_event at DNA_topoI 34 enzyme topoI with twist -192.44266 superhelical -0.08024 global twist -79.58701 global supercoiling -0.02267
frame 196 time 98.0 unbinding_event at DNA_topoI 34 enzyme topoI with twist -192.14347 superhelical -0.07909 global twist -79.58701 global supercoiling -0.02267
frame 198 time 99.0 unbinding_event at gene tetA enzyme RNAP with twist -75.69742 superhelical -0.08128 global twist -75.69742 global supercoiling -0.02156
frame 273 time 136.5 binding_event at DNA_topoI 44 enzyme topoI with twist -75.69742 superhelical -0.02144 global twist -75.69742 global supercoiling -0.02144
frame 276 time 138.0 unbinding_event at DNA_topoI 44 enzyme topoI with twist -60.13906 superhelical -0.01568 global twist -64.02865 global supercoiling -0.01851
frame 336 time 168.0 binding_event at DNA_topoI 2 enzyme topoI with twist -60.13906 superhelical -0.01703 global twist -60.13906 global supercoiling -0.01703
frame 339 time 169.5 unbinding_event at DNA_topoI 2 enzyme topoI with twist -44.58070 superhelical -0.01313 global twist -48.47029 global supercoiling -0.01401
frame 350 time 175.0 binding_event at DNA_topoI 40 enzyme topoI with twist -44.58070 superhelical -0.01263 global twist -44.58070 global supercoiling -0.01263
frame 355 time 177.5 unbinding_event at DNA_topoI 40 enzyme topoI with twist -21.24315 superhelical -0.00082 global twist -25.13274 global supercoiling -0.00727
frame 451 time 225.5 binding_event at DNA_gyrase 42 enzyme gyrase with twist -21.24315 superhelical -0.00602 global twist -21.24315 global supercoiling -0.00602
frame 451 time 225.5 unbinding_event at DNA_gyrase 42 enzyme gyrase with twist -23.93594 superhelical -0.00735 global twist -21.24315 global supercoiling -0.00602
frame 518 time 259.0 binding_event at DNA_topoI 18 enzyme topoI with twist -23.93594 superhelical -0.00678 global twist -23.93594 global supercoiling -0.00678
frame 519 time 259.5 unbinding_event at DNA_topoI 18 enzyme topoI with twist -16.15676 superhelical -0.00561 global twist -20.04635 global supercoiling -0.00580
frame 610 time 305.0 binding_event at gene tetA enzyme RNAP with twist -16.15676 superhelical -0.00458 global twist -16.15676 global supercoiling -0.00458
frame 641 time 320.5 binding_event at gene mKalama1 enzyme RNAP with twist -119.19880 superhelical -0.05245 global twist -16.15676 global supercoiling -0.00460
frame 650 time 325.0 unbinding_event at gene tetA enzyme RNAP with twist -17.81397 superhelical -0.07977 global twist -16.15676 global supercoiling -0.00463
frame 659 time 329.5 binding_event at DNA_gyrase 15 enzyme gyrase with twist -46.53710 superhelical -0.01460 global twist -16.15676 global supercoiling -0.00460
frame 661 time 330.5 unbinding_event at DNA_gyrase 15 enzyme gyrase with twist -65.38666 superhelical -0.02060 global twist -21.54235 global supercoiling -0.00626
frame 668 time 334.0 unbinding_event at gene mKalama1 enzyme RNAP with twist -24.23514 superhelical 0.45772 global twist -24.23514 global supercoiling -0.00690
frame 687 time 343.5 binding_event at DNA_topoI 37 enzyme topoI with twist -24.23514 superhelical -0.00686 global twist -24.23514 global supercoiling -0.00686
frame 689 time 344.5 unbinding_event at DNA_topoI 37 enzyme topoI with twist -12.56637 superhelical 0.00076 global twist -16.45596 global supercoiling -0.00476
frame 747 time 373.5 binding_event at DNA_gyrase 41 enzyme gyrase with twist -12.56637 superhelical -0.00356 global twist -12.56637 global supercoiling -0.00356
frame 747 time 373.5 unbinding_event at DNA_gyrase 41 enzyme gyrase with twist -15.25916 superhelical -0.00493 global twist -12.56637 global supercoiling -0.00356
frame 810 time 405.0 binding_event at DNA_gyrase 47 enzyme gyrase with twist -15.25916 superhelical -0.00432 global twist -15.25916 global supercoiling -0.00432
frame 834 time 417.0 unbinding_event at DNA_gyrase 47 enzyme gyrase with twist -82.57901 superhelical -0.02731 global twist -79.88621 global supercoiling -0.02310
frame 857 time 428.5 binding_event at DNA_gyrase 36 enzyme gyrase with twist -82.57901 superhelical -0.02339 global twist -82.57901 global supercoiling -0.02339
frame 857 time 428.5 unbinding_event at DNA_gyrase 36 enzyme gyrase with twist -85.27180 superhelical -0.02586 global twist -82.57901 global supercoiling -0.02339
frame 906 time 453.0 binding_event at gene mKalama1 enzyme RNAP with twist -85.27180 superhelical -0.02415 global twist -85.27180 global supercoiling -0.02415
frame 933 time 466.5 unbinding_event at gene mKalama1 enzyme RNAP with twist -85.27180 superhelical 0.58564 global twist -85.27180 global supercoiling -0.02428
frame 955 time 477.5 binding_event at DNA_gyrase 31 enzyme gyrase with twist -85.27180 superhelical -0.02415 global twist -85.27180 global supercoiling -0.02415
frame 957 time 478.5 unbinding_event at DNA_gyrase 31 enzyme gyrase with twist -93.35018 superhelical -0.03725 global twist -90.65739 global supercoiling -0.02621
frame 969 time 484.5 binding_event at DNA_gyrase 3 enzyme gyrase with twist -93.35018 superhelical -0.02644 global twist -93.35018 global supercoiling -0.02644
frame 974 time 487.0 unbinding_event at DNA_gyrase 3 enzyme gyrase with twist -109.50694 superhelical -0.03124 global twist -106.81415 global supercoiling -0.03088
frame 997 time 498.5 binding_event at DNA_topoI 12 enzyme topoI with twist -109.50694 superhelical -0.03102 global twist -109.50694 global supercoiling -0.03102
frame 1001 time 500.5 binding_event at DNA_gyrase 2 enzyme gyrase with twist -72.85430 superhelical -0.02861 global twist -93.94858 global supercoiling -0.02716
frame 1001 time 500.5 unbinding_event at DNA_gyrase 2 enzyme gyrase with twist -73.60230 superhelical -0.03017 global twist -93.94858 global supercoiling -0.02716
frame 1017 time 508.5 unbinding_event at DNA_topoI 12 enzyme topoI with twist -30.51833 superhelical -0.01668 global twist -34.40792 global supercoiling -0.00995
frame 1094 time 547.0 binding_event at DNA_gyrase 10 enzyme gyrase with twist -30.51833 superhelical -0.00864 global twist -30.51833 global supercoiling -0.00864
frame 1096 time 548.0 unbinding_event at DNA_gyrase 10 enzyme gyrase with twist -38.59671 superhelical -0.01050 global twist -35.90392 global supercoiling -0.01038
frame 1138 time 569.0 binding_event at gene tetA enzyme RNAP with twist -38.59671 superhelical -0.01093 global twist -38.59671 global supercoiling -0.01093
frame 1161 time 580.5 binding_event at DNA_gyrase 30 enzyme gyrase with twist -101.44325 superhelical -0.04765 global twist -38.59671 global supercoiling -0.01099
frame 1166 time 583.0 unbinding_event at DNA_gyrase 30 enzyme gyrase with twist -139.14236 superhelical -0.08176 global twist -52.06068 global supercoiling -0.01514
frame 1178 time 589.0 unbinding_event at gene tetA enzyme RNAP with twist -54.75347 superhelical -0.07431 global twist -54.75347 global supercoiling -0.01559
frame 1201 time 600.5 binding_event at gene tetA enzyme RNAP with twist -54.75347 superhelical -0.01551 global twist -54.75347 global supercoiling -0.01551
frame 1213 time 606.5 binding_event at DNA_topoI 26 enzyme topoI with twist -69.84560 superhelical -0.03616 global twist -54.75347 global supercoiling -0.01559
frame 1217 time 608.5 unbinding_event at DNA_topoI 26 enzyme topoI with twist -68.34960 superhelical 0.21784 global twist -39.19511 global supercoiling -0.01140
frame 1231 time 615.5 binding_event at DNA_gyrase 23 enzyme gyrase with twist 79.71918 superhelical 0.06344 global twist -35.30552 global supercoiling -0.01005
frame 1240 time 620.0 unbinding_event at DNA_gyrase 23 enzyme gyrase with twist 88.69515 superhelical 0.10637 global twist -59.54066 global supercoiling -0.01731
frame 1241 time 620.5 unbinding_event at gene tetA enzyme RNAP with twist -62.23345 superhelical -0.06301 global twist -62.23345 global supercoiling -0.01772
frame 1317 time 658.5 binding_event at DNA_gyrase 7 enzyme gyrase with twist -62.23345 superhelical -0.01763 global twist -62.23345 global supercoiling -0.01763
frame 1331 time 665.5 unbinding_event at DNA_gyrase 7 enzyme gyrase with twist -102.62536 superhelical -0.02722 global twist -99.93257 global supercoiling -0.02889
frame 1431 time 715.5 binding_event at DNA_gyrase 20 enzyme gyrase with twist -102.62536 superhelical -0.02907 global twist -102.62536 global supercoiling -0.02907
frame 1440 time 720.0 unbinding_event at DNA_gyrase 20 enzyme gyrase with twist -129.55330 superhelical -0.03398 global twist -126.86050 global supercoiling -0.03668
frame 1511 time 755.5 binding_event at DNA_topoI 21 enzyme topoI with twist -129.55330 superhelical -0.03669 global twist -129.55330 global supercoiling -0.03669
frame 1511 time 755.5 unbinding_event at DNA_topoI 21 enzyme topoI with twist -125.66371 superhelical -0.03685 global twist -129.55330 global supercoiling -0.03669
frame 1570 time 785.0 binding_event at gene tetA enzyme RNAP with twist -125.66371 superhelical -0.03559 global twist -125.66371 global supercoiling -0.03559
frame 1603 time 801.5 binding_event at DNA_gyrase 9 enzyme gyrase with twist 54.23767 superhelical 0.04509 global twist -125.66371 global supercoiling -0.03579
frame 1610 time 805.0 unbinding_event at DNA_gyrase 9 enzyme gyrase with twist -173.40858 superhelical -0.08371 global twist -144.51326 global supercoiling -0.04201
frame 1610 time 805.0 unbinding_event at gene tetA enzyme RNAP with twist -147.20606 superhelical -0.08371 global twist -144.51326 global supercoiling -0.04201
frame 1716 time 858.0 binding_event at DNA_topoI 25 enzyme topoI with twist -147.20606 superhelical -0.04169 global twist -147.20606 global supercoiling -0.04169
frame 1722 time 861.0 binding_event at DNA_topoI 49 enzyme topoI with twist -134.63171 superhelical -0.03868 global twist -123.86851 global supercoiling -0.03581
frame 1722 time 861.0 unbinding_event at DNA_topoI 25 enzyme topoI with twist -54.31097 superhelical -0.03733 global twist -123.86851 global supercoiling -0.03581
frame 1725 time 862.5 unbinding_event at DNA_topoI 49 enzyme topoI with twist -104.42056 superhelical -0.03468 global twist -108.31015 global supercoiling -0.03131
frame 1753 time 876.5 binding_event at DNA_topoI 8 enzyme topoI with twist -104.42056 superhelical -0.02958 global twist -104.42056 global supercoiling -0.02958
frame 1754 time 877.0 unbinding_event at DNA_topoI 8 enzyme topoI with twist -96.64137 superhelical -0.02847 global twist -100.53096 global supercoiling -0.02907
frame 1759 time 879.5 binding_event at DNA_topoI 41 enzyme topoI with twist -96.64137 superhelical -0.02737 global twist -96.64137 global supercoiling -0.02737
frame 1761 time 880.5 binding_event at gene tetA enzyme RNAP with twist -63.72593 superhelical -0.02633 global twist -88.86219 global supercoiling -0.02569
frame 1761 time 880.5 unbinding_event at DNA_topoI 41 enzyme topoI with twist -40.91150 superhelical -0.02232 global twist -88.86219 global supercoiling -0.02569
frame 1773 time 886.5 binding_event at gene tetA enzyme RNAP with twist -80.40581 superhelical -0.04163 global twist -84.97260 global supercoiling -0.02420
frame 1801 time 900.5 unbinding_event at gene tetA enzyme RNAP with twist 91.30265 superhelical -0.04204 global twist -84.97260 global supercoiling -0.02433
frame 1810 time 905.0 binding_event at DNA_gyrase 20 enzyme gyrase with twist 120.02578 superhelical 0.10613 global twist -84.97260 global supercoiling -0.02420
frame 1813 time 906.5 unbinding_event at gene tetA enzyme RNAP with twist -128.60369 superhelical -0.08945 global twist -93.05098 global supercoiling -0.02705
frame 1819 time 909.5 unbinding_event at DNA_gyrase 20 enzyme gyrase with twist -111.90054 superhelical -0.04379 global twist -109.20774 global supercoiling -0.03157
frame 1852 time 926.0 binding_event at DNA_topoI 11 enzyme topoI with twist -111.90054 superhelical -0.03169 global twist -111.90054 global supercoiling -0.03169
frame 1857 time 928.5 unbinding_event at DNA_topoI 11 enzyme topoI with twist -88.56299 superhelical -0.02764 global twist -92.45258 global supercoiling -0.02673
frame 1865 time 932.5 binding_event at gene tetA enzyme RNAP with twist -88.56299 superhelical -0.02508 global twist -88.56299 global supercoiling -0.02508
frame 1894 time 947.0 binding_event at DNA_topoI 47 enzyme topoI with twist -147.40675 superhelical -0.06590 global twist -88.56299 global supercoiling -0.02522
frame 1897 time 948.5 unbinding_event at DNA_topoI 47 enzyme topoI with twist -146.20995 superhelical -0.06279 global twist -76.89422 global supercoiling -0.02236
frame 1905 time 952.5 unbinding_event at gene tetA enzyme RNAP with twist -73.00463 superhelical -0.07134 global twist -73.00463 global supercoiling -0.02079
frame 1931 time 965.5 binding_event at gene tetA enzyme RNAP with twist -73.00463 superhelical -0.02068 global twist -73.00463 global supercoiling -0.02068
frame 1971 time 985.5 unbinding_event at gene tetA enzyme RNAP with twist -73.00463 superhelical -0.07458 global twist -73.00463 global supercoiling -0.02079
frame 2118 time 1059.0 binding_event at DNA_topoI 15 enzyme topoI with twist -73.00463 superhelical -0.02068 global twist -73.00463 global supercoiling -0.02068
frame 2119 time 1059.5 unbinding_event at DNA_topoI 15 enzyme topoI with twist -65.22545 superhelical -0.01970 global twist -69.11504 global supercoiling -0.01998
frame 2121 time 1060.5 binding_event at DNA_gyrase 49 enzyme gyrase with twist -65.22545 superhelical -0.01847 global twist -65.22545 global supercoiling -0.01847
frame 2122 time 1061.0 unbinding_event at DNA_gyrase 49 enzyme gyrase with twist -70.61103 superhelical -0.02053 global twist -67.91824 global supercoiling -0.01964
frame 2343 time 1171.5 binding_event at gene Raspberry enzyme RNAP with twist -70.61103 superhelical -0.02000 global twist -70.61103 global supercoiling -0.02000
frame 2370 time 1185.0 unbinding_event at gene Raspberry enzyme RNAP with twist -70.61103 superhelical -0.09159 global twist -70.61103 global supercoiling -0.02011
frame 2417 time 1208.5 binding_event at DNA_topoI 31 enzyme topoI with twist -70.61103 superhelical -0.02000 global twist -70.61103 global supercoiling -0.02000
frame 2422 time 1211.0 unbinding_event at DNA_topoI 31 enzyme topoI with twist -47.27349 superhelical 0.01597 global twist -51.16308 global supercoiling -0.01479
frame 2423 time 1211.5 binding_event at DNA_gyrase 22 enzyme gyrase with twist -47.27349 superhelical -0.01339 global twist -47.27349 global supercoiling -0.01339
frame 2426 time 1213.0 unbinding_event at DNA_gyrase 22 enzyme gyrase with twist -58.04466 superhelical -0.01532 global twist -55.35187 global supercoiling -0.01600
frame 2446 time 1223.0 binding_event at DNA_topoI 11 enzyme topoI with twist -58.04466 superhelical -0.01644 global twist -58.04466 global supercoiling -0.01644
frame 2452 time 1226.0 unbinding_event at DNA_topoI 11 enzyme topoI with twist -30.81753 superhelical -0.01128 global twist -34.70712 global supercoiling -0.01003
frame 2473 time 1236.5 binding_event at gene tetA enzyme RNAP with twist -30.81753 superhelical -0.00873 global twist -30.81753 global supercoiling -0.00873
frame 2513 time 1256.5 unbinding_event at gene tetA enzyme RNAP with twist -30.81753 superhelical -0.06617 global twist -30.81753 global supercoiling -0.00878
frame 2554 time 1277.0 binding_event at DNA_gyrase 28 enzyme gyrase with twist -30.81753 superhelical -0.00873 global twist -30.81753 global supercoiling -0.00873
frame 2566 time 1283.0 unbinding_event at DNA_gyrase 28 enzyme gyrase with twist -65.82385 superhelical -0.17510 global twist -63.13105 global supercoiling -0.01825
frame 2589 time 1294.5 binding_event at DNA_gyrase 23 enzyme gyrase with twist -65.82385 superhelical -0.01864 global twist -65.82385 global supercoiling -0.01864
frame 2589 time 1294.5 unbinding_event at DNA_gyrase 23 enzyme gyrase with twist -68.51664 superhelical -0.01943 global twist -65.82385 global supercoiling -0.01864
frame 2594 time 1297.0 binding_event at DNA_gyrase 20 enzyme gyrase with twist -68.51664 superhelical -0.01941 global twist -68.51664 global supercoiling -0.01941
frame 2601 time 1300.5 unbinding_event at DNA_gyrase 20 enzyme gyrase with twist -90.05899 superhelical -0.02326 global twist -87.36620 global supercoiling -0.02526
frame 2641 time 1320.5 binding_event at gene tetA enzyme RNAP with twist -90.05899 superhelical -0.02551 global twist -90.05899 global supercoiling -0.02551
frame 2674 time 1337.0 binding_event at DNA_gyrase 21 enzyme gyrase with twist 72.44049 superhelical 0.06023 global twist -90.05899 global supercoiling -0.02565
frame 2678 time 1339.0 unbinding_event at DNA_gyrase 21 enzyme gyrase with twist 76.92848 superhelical 0.08593 global twist -100.83016 global supercoiling -0.02931
frame 2681 time 1340.5 unbinding_event at gene tetA enzyme RNAP with twist -103.52296 superhelical -0.07798 global twist -103.52296 global supercoiling -0.02948
frame 2775 time 1387.5 binding_event at DNA_gyrase 40 enzyme gyrase with twist -103.52296 superhelical -0.02932 global twist -103.52296 global supercoiling -0.02932
frame 2782 time 1391.0 unbinding_event at DNA_gyrase 40 enzyme gyrase with twist -125.06531 superhelical -0.04107 global twist -122.37251 global supercoiling -0.03538
frame 2785 time 1392.5 binding_event at gene tetA enzyme RNAP with twist -125.06531 superhelical -0.03542 global twist -125.06531 global supercoiling -0.03542
frame 2807 time 1403.5 binding_event at DNA_topoI 45 enzyme topoI with twist -140.11460 superhelical -0.06637 global twist -125.06531 global supercoiling -0.03562
frame 2809 time 1404.5 unbinding_event at DNA_topoI 45 enzyme topoI with twist -139.21701 superhelical -0.06431 global twist -117.28613 global supercoiling -0.03410
frame 2817 time 1408.5 binding_event at gene tetA enzyme RNAP with twist -164.34975 superhelical -0.07175 global twist -113.39653 global supercoiling -0.03229
frame 2824 time 1412.0 binding_event at gene tetA enzyme RNAP with twist -149.30426 superhelical -0.08106 global twist -113.39653 global supercoiling -0.03247
frame 2825 time 1412.5 unbinding_event at gene tetA enzyme RNAP with twist 43.08851 superhelical -0.07235 global twist -113.39653 global supercoiling -0.03265
frame 2843 time 1421.5 binding_event at DNA_gyrase 29 enzyme gyrase with twist -208.79676 superhelical -0.10149 global twist -113.39653 global supercoiling -0.03247
frame 2847 time 1423.5 unbinding_event at DNA_gyrase 29 enzyme gyrase with twist -240.21269 superhelical -0.14317 global twist -124.16771 global supercoiling -0.03630
frame 2857 time 1428.5 unbinding_event at gene tetA enzyme RNAP with twist 149.25610 superhelical -0.08191 global twist -126.86050 global supercoiling -0.03633
frame 2864 time 1432.0 unbinding_event at gene tetA enzyme RNAP with twist -126.86050 superhelical -0.12285 global twist -126.86050 global supercoiling -0.03613
frame 2867 time 1433.5 binding_event at DNA_topoI 26 enzyme topoI with twist -126.86050 superhelical -0.03593 global twist -126.86050 global supercoiling -0.03593
frame 2867 time 1433.5 unbinding_event at DNA_topoI 26 enzyme topoI with twist -122.97091 superhelical 0.01490 global twist -126.86050 global supercoiling -0.03593
frame 3039 time 1519.5 binding_event at gene CDS enzyme RNAP with twist -122.97091 superhelical -0.03483 global twist -122.97091 global supercoiling -0.03483
frame 3042 time 1521.0 binding_event at gene tetA enzyme RNAP with twist -109.20239 superhelical -0.03812 global twist -122.97091 global supercoiling -0.03502
frame 3046 time 1523.0 unbinding_event at gene CDS enzyme RNAP with twist -39.15303 superhelical -0.03838 global twist -122.97091 global supercoiling -0.03521
frame 3052 time 1526.0 binding_event at DNA_topoI 28 enzyme topoI with twist -101.76984 superhelical -0.05368 global twist -122.97091 global supercoiling -0.03502
frame 3055 time 1527.5 unbinding_event at DNA_topoI 28 enzyme topoI with twist -100.57304 superhelical 0.01807 global twist -111.30214 global supercoiling -0.03236
frame 3059 time 1529.5 binding_event at DNA_gyrase 22 enzyme gyrase with twist 3.93167 superhelical 0.00264 global twist -107.41255 global supercoiling -0.03059
frame 3076 time 1538.0 unbinding_event at DNA_gyrase 22 enzyme gyrase with twist 20.08843 superhelical 0.04859 global twist -153.19004 global supercoiling -0.04454
frame 3082 time 1541.0 unbinding_event at gene tetA enzyme RNAP with twist -155.88284 superhelical -0.08054 global twist -155.88284 global supercoiling -0.04439
frame 3129 time 1564.5 binding_event at gene tetA enzyme RNAP with twist -155.88284 superhelical -0.04415 global twist -155.88284 global supercoiling -0.04415
frame 3137 time 1568.5 binding_event at DNA_topoI 47 enzyme topoI with twist -104.91127 superhelical -0.05641 global twist -155.88284 global supercoiling -0.04439
frame 3137 time 1568.5 unbinding_event at DNA_topoI 47 enzyme topoI with twist -104.61207 superhelical -0.05735 global twist -155.88284 global supercoiling -0.04439
frame 3147 time 1573.5 binding_event at DNA_topoI 7 enzyme topoI with twist -15.06765 superhelical -0.01024 global twist -151.99324 global supercoiling -0.04329
frame 3148 time 1574.0 unbinding_event at DNA_topoI 7 enzyme topoI with twist -0.10769 superhelical 0.10369 global twist -148.10365 global supercoiling -0.04306
frame 3169 time 1584.5 unbinding_event at gene tetA enzyme RNAP with twist -144.21406 superhelical -0.08951 global twist -144.21406 global supercoiling -0.04107
frame 3191 time 1595.5 binding_event at DNA_topoI 8 enzyme topoI with twist -144.21406 superhelical -0.04085 global twist -144.21406 global supercoiling -0.04085
frame 3192 time 1596.0 unbinding_event at DNA_topoI 8 enzyme topoI with twist -136.43488 superhelical -0.03997 global twist -140.32447 global supercoiling -0.04057
frame 3198 time 1599.0 binding_event at gene tetA enzyme RNAP with twist -136.43488 superhelical -0.03864 global twist -136.43488 global supercoiling -0.03864
frame 3199 time 1599.5 binding_event at gene tetA enzyme RNAP with twist -70.27329 superhelical -0.04052 global twist -136.43488 global supercoiling -0.03885
frame 3238 time 1619.0 unbinding_event at gene tetA enzyme RNAP with twist 77.40510 superhelical -0.04092 global twist -136.43488 global supercoiling -0.03907
frame 3239 time 1619.5 unbinding_event at gene tetA enzyme RNAP with twist -136.43488 superhelical -0.08867 global twist -136.43488 global supercoiling -0.03885
frame 3338 time 1669.0 binding_event at gene mKalama1 enzyme RNAP with twist -136.43488 superhelical -0.03864 global twist -136.43488 global supercoiling -0.03864
frame 3345 time 1672.5 binding_event at gene Raspberry enzyme RNAP with twist -136.41041 superhelical -0.04563 global twist -136.43488 global supercoiling -0.03885
frame 3365 time 1682.5 unbinding_event at gene mKalama1 enzyme RNAP with twist -85.59027 superhelical 0.52049 global twist -136.43488 global supercoiling -0.03907
frame 3372 time 1686.0 unbinding_event at gene Raspberry enzyme RNAP with twist -136.43488 superhelical -0.08753 global twist -136.43488 global supercoiling -0.03885
frame 3411 time 1705.5 binding_event at DNA_topoI 21 enzyme topoI with twist -136.43488 superhelical -0.03864 global twist -136.43488 global supercoiling -0.03864
frame 3412 time 1706.0 unbinding_event at DNA_topoI 21 enzyme topoI with twist -128.65570 superhelical -0.03823 global twist -132.54529 global supercoiling -0.03832
frame 3444 time 1722.0 binding_event at DNA_topoI 37 enzyme topoI with twist -128.65570 superhelical -0.03644 global twist -128.65570 global supercoiling -0.03644
frame 3453 time 1726.5 unbinding_event at DNA_topoI 37 enzyme topoI with twist -89.75979 superhelical -0.01132 global twist -93.64938 global supercoiling -0.02708
frame 3476 time 1738.0 binding_event at gene mKalama1 enzyme RNAP with twist -89.75979 superhelical -0.02542 global twist -89.75979 global supercoiling -0.02542
frame 3484 time 1742.0 binding_event at DNA_gyrase 33 enzyme gyrase with twist 12.17233 superhelical 0.02416 global twist -89.75979 global supercoiling -0.02556
frame 3485 time 1742.5 unbinding_event at DNA_gyrase 33 enzyme gyrase with twist 13.96753 superhelical 0.01871 global twist -92.45258 global supercoiling -0.02688
frame 3495 time 1747.5 binding_event at DNA_topoI 43 enzyme topoI with twist -141.42643 superhelical -0.04413 global twist -95.14538 global supercoiling -0.02710
frame 3498 time 1749.0 unbinding_event at DNA_topoI 43 enzyme topoI with twist -140.22963 superhelical -0.04874 global twist -83.47660 global supercoiling -0.02427
frame 3503 time 1751.5 unbinding_event at gene mKalama1 enzyme RNAP with twist -79.58701 superhelical 0.54273 global twist -79.58701 global supercoiling -0.02267
frame 3645 time 1822.5 binding_event at gene mKalama1 enzyme RNAP with twist -79.58701 superhelical -0.02254 global twist -79.58701 global supercoiling -0.02254
frame 3657 time 1828.5 binding_event at DNA_gyrase 31 enzyme gyrase with twist 28.40966 superhelical 0.06576 global twist -79.58701 global supercoiling -0.02267
frame 3662 time 1831.0 unbinding_event at DNA_gyrase 31 enzyme gyrase with twist 33.79524 superhelical 0.05368 global twist -93.05098 global supercoiling -0.02705
frame 3672 time 1836.0 unbinding_event at gene mKalama1 enzyme RNAP with twist -95.74378 superhelical 0.48131 global twist -95.74378 global supercoiling -0.02727
frame 3673 time 1836.5 binding_event at gene tetA enzyme RNAP with twist -95.74378 superhelical -0.02712 global twist -95.74378 global supercoiling -0.02712
frame 3713 time 1856.5 unbinding_event at gene tetA enzyme RNAP with twist -95.74378 superhelical -0.07911 global twist -95.74378 global supercoiling -0.02727
frame 3808 time 1904.0 binding_event at DNA_gyrase 9 enzyme gyrase with twist -95.74378 superhelical -0.02712 global twist -95.74378 global supercoiling -0.02712
frame 3810 time 1905.0 unbinding_event at DNA_gyrase 9 enzyme gyrase with twist -103.82216 superhelical -0.02941 global twist -101.12936 global supercoiling -0.02924
frame 3815 time 1907.5 binding_event at DNA_topoI 7 enzyme topoI with twist -103.82216 superhelical -0.02941 global twist -103.82216 global supercoiling -0.02941
frame 3816 time 1908.0 unbinding_event at DNA_topoI 7 enzyme topoI with twist -96.04298 superhelical -0.02824 global twist -99.93257 global supercoiling -0.02889
frame 3856 time 1928.0 binding_event at gene tetA enzyme RNAP with twist -96.04298 superhelical -0.02720 global twist -96.04298 global supercoiling -0.02720
frame 3896 time 1948.0 unbinding_event at gene tetA enzyme RNAP with twist -96.04298 superhelical -0.07917 global twist -96.04298 global supercoiling -0.02735
frame 3933 time 1966.5 binding_event at DNA_gyrase 22 enzyme gyrase with twist -96.04298 superhelical -0.02720 global twist -96.04298 global supercoiling -0.02720
frame 3938 time 1969.0 unbinding_event at DNA_gyrase 22 enzyme gyrase with twist -112.19974 superhelical -0.03024 global twist -109.50694 global supercoiling -0.03166
frame 3973 time 1986.5 binding_event at DNA_topoI 31 enzyme topoI with twist -112.19974 superhelical -0.03178 global twist -112.19974 global supercoiling -0.03178
frame 3974 time 1987.0 unbinding_event at DNA_topoI 31 enzyme topoI with twist -104.42056 superhelical -0.02031 global twist -108.31015 global supercoiling -0.03131
frame 4005 time 2002.5 binding_event at DNA_gyrase 11 enzyme gyrase with twist -104.42056 superhelical -0.02958 global twist -104.42056 global supercoiling -0.02958
frame 4005 time 2002.5 unbinding_event at DNA_gyrase 11 enzyme gyrase with twist -107.11335 superhelical -0.03073 global twist -104.42056 global supercoiling -0.02958
frame 4011 time 2005.5 binding_event at DNA_topoI 34 enzyme topoI with twist -107.11335 superhelical -0.03034 global twist -107.11335 global supercoiling -0.03034
frame 4011 time 2005.5 unbinding_event at DNA_topoI 34 enzyme topoI with twist -103.22376 superhelical -0.02734 global twist -107.11335 global supercoiling -0.03034
frame 4022 time 2011.0 binding_event at DNA_topoI 18 enzyme topoI with twist -103.22376 superhelical -0.02924 global twist -103.22376 global supercoiling -0.02924
frame 4034 time 2017.0 binding_event at DNA_gyrase 49 enzyme gyrase with twist -65.52775 superhelical -0.02201 global twist -56.54867 global supercoiling -0.01635
frame 4041 time 2020.5 unbinding_event at DNA_gyrase 49 enzyme gyrase with twist -71.51174 superhelical -0.02923 global twist -48.17109 global supercoiling -0.01422
frame 4045 time 2022.5 unbinding_event at DNA_topoI 18 enzyme topoI with twist -31.41593 superhelical -0.02140 global twist -35.30552 global supercoiling -0.01021
frame 4126 time 2063.0 binding_event at gene tetA enzyme RNAP with twist -31.41593 superhelical -0.00890 global twist -31.41593 global supercoiling -0.00890
frame 4164 time 2082.0 binding_event at DNA_topoI 36 enzyme topoI with twist -151.78950 superhelical -0.06329 global twist -31.41593 global supercoiling -0.00895
frame 4166 time 2083.0 unbinding_event at gene tetA enzyme RNAP with twist 18.76848 superhelical -0.06608 global twist -23.63674 global supercoiling -0.00687
frame 4175 time 2087.5 unbinding_event at DNA_topoI 36 enzyme topoI with twist 15.25916 superhelical -0.03091 global twist 11.36957 global supercoiling 0.00329
frame 4196 time 2098.0 binding_event at DNA_gyrase 48 enzyme gyrase with twist 15.25916 superhelical 0.00432 global twist 15.25916 global supercoiling 0.00432
frame 4197 time 2098.5 unbinding_event at DNA_gyrase 48 enzyme gyrase with twist 9.87358 superhelical 0.00266 global twist 12.56637 global supercoiling 0.00363
frame 4222 time 2111.0 binding_event at DNA_topoI 39 enzyme topoI with twist 9.87358 superhelical 0.00280 global twist 9.87358 global supercoiling 0.00280
frame 4223 time 2111.5 binding_event at gene Raspberry enzyme RNAP with twist 4.50031 superhelical 0.00503 global twist 13.76317 global supercoiling 0.00398
frame 4224 time 2112.0 unbinding_event at DNA_topoI 39 enzyme topoI with twist 24.80688 superhelical 0.14982 global twist 17.65276 global supercoiling 0.00513
frame 4234 time 2117.0 binding_event at DNA_gyrase 23 enzyme gyrase with twist 57.12040 superhelical 0.02239 global twist 21.54235 global supercoiling 0.00613
frame 4236 time 2118.0 unbinding_event at DNA_gyrase 23 enzyme gyrase with twist 59.81320 superhelical 0.02650 global twist 16.15676 global supercoiling 0.00470
frame 4245 time 2122.5 binding_event at DNA_topoI 37 enzyme topoI with twist -75.07236 superhelical -0.06487 global twist 13.46397 global supercoiling 0.00383
frame 4247 time 2123.5 unbinding_event at DNA_topoI 37 enzyme topoI with twist -74.17476 superhelical -0.06140 global twist 21.24315 global supercoiling 0.00618
frame 4250 time 2125.0 unbinding_event at gene Raspberry enzyme RNAP with twist 25.13274 superhelical -0.06715 global twist 25.13274 global supercoiling 0.00716
frame 4255 time 2127.5 binding_event at gene Raspberry enzyme RNAP with twist 25.13274 superhelical 0.00712 global twist 25.13274 global supercoiling 0.00712
frame 4273 time 2136.5 binding_event at DNA_gyrase 25 enzyme gyrase with twist 84.30323 superhelical 0.03475 global twist 25.13274 global supercoiling 0.00716
frame 4273 time 2136.5 unbinding_event at DNA_gyrase 25 enzyme gyrase with twist 85.20082 superhelical 0.03639 global twist 25.13274 global supercoiling 0.00716
frame 4282 time 2141.0 unbinding_event at gene Raspberry enzyme RNAP with twist 22.43995 superhelical -0.07516 global twist 22.43995 global supercoiling 0.00639
frame 4309 time 2154.5 binding_event at DNA_gyrase 33 enzyme gyrase with twist 22.43995 superhelical 0.00636 global twist 22.43995 global supercoiling 0.00636
frame 4311 time 2155.5 unbinding_event at DNA_gyrase 33 enzyme gyrase with twist 14.36157 superhelical -0.00221 global twist 17.05436 global supercoiling 0.00493
frame 4349 time 2174.5 binding_event at gene tetA enzyme RNAP with twist 14.36157 superhelical 0.00407 global twist 14.36157 global supercoiling 0.00407
frame 4351 time 2175.5 binding_event at DNA_gyrase 2 enzyme gyrase with twist 14.52310 superhelical 0.00826 global twist 14.36157 global supercoiling 0.00409
frame 4353 time 2176.5 unbinding_event at DNA_gyrase 2 enzyme gyrase with twist 17.21589 superhelical 2.01270 global twist 8.97598 global supercoiling 0.00261
frame 4389 time 2194.5 unbinding_event at gene tetA enzyme RNAP with twist 6.28319 superhelical -0.05717 global twist 6.28319 global supercoiling 0.00179
frame 4481 time 2240.5 binding_event at DNA_gyrase 39 enzyme gyrase with twist 6.28319 superhelical 0.00178 global twist 6.28319 global supercoiling 0.00178
frame 4481 time 2240.5 unbinding_event at DNA_gyrase 39 enzyme gyrase with twist 3.59039 superhelical 0.00031 global twist 6.28319 global supercoiling 0.00178
frame 4568 time 2284.0 binding_event at DNA_gyrase 19 enzyme gyrase with twist 3.59039 superhelical 0.00102 global twist 3.59039 global supercoiling 0.00102
frame 4571 time 2285.5 unbinding_event at DNA_gyrase 19 enzyme gyrase with twist -7.18078 superhelical -0.00073 global twist -4.48799 global supercoiling -0.00130
frame 4578 time 2289.0 binding_event at DNA_gyrase 14 enzyme gyrase with twist -7.18078 superhelical -0.00203 global twist -7.18078 global supercoiling -0.00203
frame 4578 time 2289.0 unbinding_event at DNA_gyrase 14 enzyme gyrase with twist -9.87358 superhelical -0.00258 global twist -7.18078 global supercoiling -0.00203
frame 4590 time 2295.0 binding_event at gene tetA enzyme RNAP with twist -9.87358 superhelical -0.00280 global twist -9.87358 global supercoiling -0.00280
frame 4606 time 2303.0 binding_event at DNA_topoI 46 enzyme topoI with twist -62.27200 superhelical -0.03108 global twist -9.87358 global supercoiling -0.00281
frame 4613 time 2306.5 unbinding_event at DNA_topoI 46 enzyme topoI with twist -59.87841 superhelical -0.02111 global twist 17.35356 global supercoiling 0.00505
frame 4624 time 2312.0 binding_event at gene mKalama1 enzyme RNAP with twist -95.78232 superhelical -0.04117 global twist 21.24315 global supercoiling 0.00605
frame 4630 time 2315.0 unbinding_event at gene tetA enzyme RNAP with twist 22.98709 superhelical -0.06235 global twist 21.24315 global supercoiling 0.00608
frame 4635 time 2317.5 binding_event at DNA_gyrase 13 enzyme gyrase with twist 8.62552 superhelical 0.00282 global twist 21.24315 global supercoiling 0.00605
frame 4641 time 2320.5 unbinding_event at DNA_gyrase 13 enzyme gyrase with twist -35.35678 superhelical -0.01246 global twist 5.08639 global supercoiling 0.00148
frame 4651 time 2325.5 unbinding_event at gene mKalama1 enzyme RNAP with twist 2.39359 superhelical 0.50862 global twist 2.39359 global supercoiling 0.00068
frame 4664 time 2332.0 binding_event at DNA_gyrase 7 enzyme gyrase with twist 2.39359 superhelical 0.00068 global twist 2.39359 global supercoiling 0.00068
frame 4667 time 2333.5 binding_event at DNA_gyrase 22 enzyme gyrase with twist -3.15961 superhelical -0.00249 global twist -5.68479 global supercoiling -0.00164
frame 4668 time 2334.0 unbinding_event at DNA_gyrase 7 enzyme gyrase with twist -13.25233 superhelical -0.00239 global twist -11.07037 global supercoiling -0.00327
frame 4669 time 2334.5 unbinding_event at DNA_gyrase 22 enzyme gyrase with twist -19.14876 superhelical -0.00447 global twist -16.45596 global supercoiling -0.00476
frame 4739 time 2369.5 binding_event at DNA_gyrase 37 enzyme gyrase with twist -19.14876 superhelical -0.00542 global twist -19.14876 global supercoiling -0.00542
frame 4741 time 2370.5 unbinding_event at DNA_gyrase 37 enzyme gyrase with twist -27.22714 superhelical -0.01091 global twist -24.53434 global supercoiling -0.00709
frame 4810 time 2405.0 binding_event at DNA_gyrase 45 enzyme gyrase with twist -27.22714 superhelical -0.00771 global twist -27.22714 global supercoiling -0.00771
frame 4810 time 2405.0 unbinding_event at DNA_gyrase 45 enzyme gyrase with twist -29.91993 superhelical -0.00889 global twist -27.22714 global supercoiling -0.00771
frame 4849 time 2424.5 binding_event at DNA_gyrase 26 enzyme gyrase with twist -29.91993 superhelical -0.00847 global twist -29.91993 global supercoiling -0.00847
frame 4852 time 2426.0 unbinding_event at DNA_gyrase 26 enzyme gyrase with twist -40.69110 superhelical -0.14909 global twist -37.99831 global supercoiling -0.01099
frame 4875 time 2437.5 binding_event at gene tetA enzyme RNAP with twist -40.69110 superhelical -0.01153 global twist -40.69110 global supercoiling -0.01153
frame 4905 time 2452.5 binding_event at gene tetA enzyme RNAP with twist -127.59963 superhelical -0.05659 global twist -40.69110 global supercoiling -0.01159
frame 4915 time 2457.5 unbinding_event at gene tetA enzyme RNAP with twist 96.75709 superhelical -0.05708 global twist -40.69110 global supercoiling -0.01165
frame 4945 time 2472.5 unbinding_event at gene tetA enzyme RNAP with twist -40.69110 superhelical -0.09997 global twist -40.69110 global supercoiling -0.01159
frame 4985 time 2492.5 binding_event at DNA_gyrase 27 enzyme gyrase with twist -40.69110 superhelical -0.01153 global twist -40.69110 global supercoiling -0.01153
frame 4985 time 2492.5 unbinding_event at DNA_gyrase 27 enzyme gyrase with twist -43.38390 superhelical -0.05194 global twist -40.69110 global supercoiling -0.01153
frame 4999 time 2499.5 binding_event at gene tetA enzyme RNAP with twist -43.38390 superhelical -0.01229 global twist -43.38390 global supercoiling -0.01229
frame 5018 time 2509.0 binding_event at gene tetA enzyme RNAP with twist -89.42143 superhelical -0.04347 global twist -43.38390 global supercoiling -0.01236
frame 5039 time 2519.5 unbinding_event at gene tetA enzyme RNAP with twist 110.90145 superhelical -0.04387 global twist -43.38390 global supercoiling -0.01242
frame 5058 time 2529.0 unbinding_event at gene tetA enzyme RNAP with twist -43.38390 superhelical -0.09073 global twist -43.38390 global supercoiling -0.01236
frame 5173 time 2586.5 binding_event at gene tetA enzyme RNAP with twist -43.38390 superhelical -0.01229 global twist -43.38390 global supercoiling -0.01229
frame 5187 time 2593.5 binding_event at DNA_topoI 38 enzyme topoI with twist -71.46947 superhelical -0.03632 global twist -43.38390 global supercoiling -0.01236
frame 5189 time 2594.5 unbinding_event at DNA_topoI 38 enzyme topoI with twist -70.57188 superhelical -0.03061 global twist -35.60472 global supercoiling -0.01035
frame 5209 time 2604.5 binding_event at gene tetA enzyme RNAP with twist -138.78932 superhelical -0.05875 global twist -31.71513 global supercoiling -0.00903
frame 5213 time 2606.5 unbinding_event at gene tetA enzyme RNAP with twist 87.88335 superhelical -0.05923 global twist -31.71513 global supercoiling -0.00908
frame 5229 time 2614.5 binding_event at DNA_gyrase 7 enzyme gyrase with twist 141.73922 superhelical 0.09869 global twist -31.71513 global supercoiling -0.00903
frame 5230 time 2615.0 unbinding_event at DNA_gyrase 7 enzyme gyrase with twist 143.53442 superhelical 0.24694 global twist -34.40792 global supercoiling -0.01000
frame 5237 time 2618.5 binding_event at DNA_gyrase 25 enzyme gyrase with twist 165.07677 superhelical 0.12771 global twist -37.10071 global supercoiling -0.01057
frame 5239 time 2619.5 unbinding_event at DNA_gyrase 25 enzyme gyrase with twist 167.76956 superhelical 0.14220 global twist -42.48630 global supercoiling -0.01235
frame 5249 time 2624.5 unbinding_event at gene tetA enzyme RNAP with twist -45.17909 superhelical -0.10148 global twist -45.17909 global supercoiling -0.01287
frame 5273 time 2636.5 binding_event at DNA_gyrase 27 enzyme gyrase with twist -45.17909 superhelical -0.01280 global twist -45.17909 global supercoiling -0.01280
frame 5274 time 2637.0 unbinding_event at DNA_gyrase 27 enzyme gyrase with twist -50.56468 superhelical -0.09342 global twist -47.87189 global supercoiling -0.01384
frame 5295 time 2647.5 binding_event at DNA_gyrase 17 enzyme gyrase with twist -50.56468 superhelical -0.01432 global twist -50.56468 global supercoiling -0.01432
frame 5296 time 2648.0 unbinding_event at DNA_gyrase 17 enzyme gyrase with twist -55.95027 superhelical -0.01555 global twist -53.25748 global supercoiling -0.01540
frame 5488 time 2744.0 binding_event at gene tetA enzyme RNAP with twist -55.95027 superhelical -0.01585 global twist -55.95027 global supercoiling -0.01585
frame 5521 time 2760.5 binding_event at DNA_topoI 32 enzyme topoI with twist -145.82876 superhelical -0.06317 global twist -55.95027 global supercoiling -0.01593
frame 5522 time 2761.0 unbinding_event at DNA_topoI 32 enzyme topoI with twist -145.23036 superhelical -0.05529 global twist -52.06068 global supercoiling -0.01514
frame 5528 time 2764.0 binding_event at gene tetA enzyme RNAP with twist -163.18232 superhelical -0.06703 global twist -48.17109 global supercoiling -0.01372
frame 5528 time 2764.0 unbinding_event at gene tetA enzyme RNAP with twist 71.37740 superhelical -0.06757 global twist -48.17109 global supercoiling -0.01372
frame 5542 time 2771.0 binding_event at DNA_gyrase 24 enzyme gyrase with twist 118.05250 superhelical 0.07647 global twist -48.17109 global supercoiling -0.01372
frame 5544 time 2772.0 unbinding_event at DNA_gyrase 24 enzyme gyrase with twist 120.74529 superhelical 0.08827 global twist -53.55667 global supercoiling -0.01557
frame 5554 time 2777.0 binding_event at DNA_topoI 33 enzyme topoI with twist -209.30828 superhelical -0.09588 global twist -56.24947 global supercoiling -0.01602
frame 5555 time 2777.5 unbinding_event at DNA_topoI 33 enzyme topoI with twist -208.70988 superhelical -0.09077 global twist -52.35988 global supercoiling -0.01522
frame 5568 time 2784.0 unbinding_event at gene tetA enzyme RNAP with twist -48.47029 superhelical -0.10414 global twist -48.47029 global supercoiling -0.01380
frame 5611 time 2805.5 binding_event at gene tetA enzyme RNAP with twist -48.47029 superhelical -0.01373 global twist -48.47029 global supercoiling -0.01373
frame 5641 time 2820.5 binding_event at DNA_topoI 7 enzyme topoI with twist -131.40172 superhelical -0.05828 global twist -48.47029 global supercoiling -0.01380
frame 5643 time 2821.5 unbinding_event at DNA_topoI 7 enzyme topoI with twist -130.50413 superhelical -0.05726 global twist -40.69110 global supercoiling -0.01183
frame 5651 time 2825.5 unbinding_event at gene tetA enzyme RNAP with twist -36.80151 superhelical -0.06493 global twist -36.80151 global supercoiling -0.01048
frame 5660 time 2830.0 binding_event at DNA_topoI 21 enzyme topoI with twist -36.80151 superhelical -0.01042 global twist -36.80151 global supercoiling -0.01042
frame 5662 time 2831.0 unbinding_event at DNA_topoI 21 enzyme topoI with twist -25.13274 superhelical -0.00881 global twist -29.02233 global supercoiling -0.00839
frame 5670 time 2835.0 binding_event at gene tetA enzyme RNAP with twist -25.13274 superhelical -0.00712 global twist -25.13274 global supercoiling -0.00712
frame 5698 time 2849.0 binding_event at DNA_gyrase 44 enzyme gyrase with twist -112.81466 superhelical -0.05084 global twist -25.13274 global supercoiling -0.00716
frame 5699 time 2849.5 binding_event at gene tetA enzyme RNAP with twist -51.84857 superhelical -0.05693 global twist -27.82553 global supercoiling -0.00809
frame 5699 time 2849.5 unbinding_event at DNA_gyrase 44 enzyme gyrase with twist -96.22056 superhelical -0.05469 global twist -27.82553 global supercoiling -0.00809
frame 5705 time 2852.5 binding_event at DNA_gyrase 19 enzyme gyrase with twist 112.81466 superhelical 0.09668 global twist -30.51833 global supercoiling -0.00874
frame 5709 time 2854.5 binding_event at DNA_topoI 3 enzyme topoI with twist -29.16047 superhelical -0.05815 global twist -41.28950 global supercoiling -0.01207
frame 5710 time 2855.0 unbinding_event at gene tetA enzyme RNAP with twist 88.73338 superhelical 0.00922 global twist -40.09271 global supercoiling -0.01197
frame 5711 time 2855.5 unbinding_event at DNA_topoI 3 enzyme topoI with twist -161.41850 superhelical -0.06747 global twist -38.89591 global supercoiling -0.01155
frame 5714 time 2857.0 unbinding_event at DNA_gyrase 19 enzyme gyrase with twist 126.41218 superhelical 0.09515 global twist -43.08470 global supercoiling -0.01253
frame 5715 time 2857.5 binding_event at DNA_gyrase 19 enzyme gyrase with twist 126.41218 superhelical 0.08383 global twist -45.77749 global supercoiling -0.01304
frame 5724 time 2862.0 unbinding_event at DNA_gyrase 19 enzyme gyrase with twist 135.38816 superhelical 0.13315 global twist -70.01264 global supercoiling -0.02035
frame 5739 time 2869.5 unbinding_event at gene tetA enzyme RNAP with twist -72.70543 superhelical -0.10682 global twist -72.70543 global supercoiling -0.02071
frame 5805 time 2902.5 binding_event at gene Raspberry enzyme RNAP with twist -72.70543 superhelical -0.02059 global twist -72.70543 global supercoiling -0.02059
frame 5819 time 2909.5 binding_event at DNA_topoI 40 enzyme topoI with twist -66.05054 superhelical -0.06516 global twist -72.70543 global supercoiling -0.02071
frame 5820 time 2910.0 unbinding_event at DNA_topoI 40 enzyme topoI with twist -65.45214 superhelical -0.06255 global twist -68.81584 global supercoiling -0.02001
frame 5832 time 2916.0 unbinding_event at gene Raspberry enzyme RNAP with twist -64.92625 superhelical -0.08580 global twist -64.92625 global supercoiling -0.01849
frame 5844 time 2922.0 binding_event at gene Raspberry enzyme RNAP with twist -64.92625 superhelical -0.01839 global twist -64.92625 global supercoiling -0.01839
frame 5859 time 2929.5 binding_event at DNA_topoI 31 enzyme topoI with twist -67.95200 superhelical -0.06587 global twist -64.92625 global supercoiling -0.01849
frame 5864 time 2932.0 unbinding_event at DNA_topoI 31 enzyme topoI with twist -66.15680 superhelical -0.03442 global twist -45.47829 global supercoiling -0.01322
frame 5871 time 2935.5 unbinding_event at gene Raspberry enzyme RNAP with twist -41.58870 superhelical -0.07216 global twist -41.58870 global supercoiling -0.01184
frame 5910 time 2955.0 binding_event at gene Raspberry enzyme RNAP with twist -41.58870 superhelical -0.01178 global twist -41.58870 global supercoiling -0.01178
frame 5937 time 2968.5 unbinding_event at gene Raspberry enzyme RNAP with twist -41.58870 superhelical -0.08661 global twist -41.58870 global supercoiling -0.01184
frame 6039 time 3019.5 binding_event at DNA_gyrase 10 enzyme gyrase with twist -41.58870 superhelical -0.01178 global twist -41.58870 global supercoiling -0.01178
frame 6040 time 3020.0 unbinding_event at DNA_gyrase 10 enzyme gyrase with twist -46.97429 superhelical -0.01314 global twist -44.28150 global supercoiling -0.01280
frame 6056 time 3028.0 binding_event at DNA_topoI 18 enzyme topoI with twist -46.97429 superhelical -0.01331 global twist -46.97429 global supercoiling -0.01331
frame 6061 time 3030.5 unbinding_event at DNA_topoI 18 enzyme topoI with twist -23.63674 superhelical -0.00966 global twist -27.52634 global supercoiling -0.00796
frame 6139 time 3069.5 binding_event at DNA_gyrase 21 enzyme gyrase with twist -23.63674 superhelical -0.00669 global twist -23.63674 global supercoiling -0.00669
frame 6141 time 3070.5 unbinding_event at DNA_gyrase 21 enzyme gyrase with twist -31.71513 superhelical -0.00810 global twist -29.02233 global supercoiling -0.00839
frame 6235 time 3117.5 binding_event at DNA_gyrase 49 enzyme gyrase with twist -31.71513 superhelical -0.00898 global twist -31.71513 global supercoiling -0.00898
frame 6235 time 3117.5 unbinding_event at DNA_gyrase 49 enzyme gyrase with twist -34.40792 superhelical -0.01000 global twist -31.71513 global supercoiling -0.00898
frame 6238 time 3119.0 binding_event at DNA_gyrase 28 enzyme gyrase with twist -34.40792 superhelical -0.00975 global twist -34.40792 global supercoiling -0.00975
frame 6240 time 3120.0 unbinding_event at DNA_gyrase 28 enzyme gyrase with twist -42.48630 superhelical -0.04830 global twist -39.79351 global supercoiling -0.01151
frame 6245 time 3122.5 binding_event at DNA_topoI 5 enzyme topoI with twist -42.48630 superhelical -0.01203 global twist -42.48630 global supercoiling -0.01203
frame 6247 time 3123.5 unbinding_event at DNA_topoI 5 enzyme topoI with twist -30.81753 superhelical -0.00943 global twist -34.70712 global supercoiling -0.01003
frame 6250 time 3125.0 binding_event at gene tetA enzyme RNAP with twist -30.81753 superhelical -0.00873 global twist -30.81753 global supercoiling -0.00873
frame 6252 time 3126.0 binding_event at gene tetA enzyme RNAP with twist -22.24293 superhelical -0.01269 global twist -30.81753 global supercoiling -0.00878
frame 6290 time 3145.0 unbinding_event at gene tetA enzyme RNAP with twist 131.23562 superhelical -0.01284 global twist -30.81753 global supercoiling -0.00882
frame 6292 time 3146.0 unbinding_event at gene tetA enzyme RNAP with twist -30.81753 superhelical -0.06901 global twist -30.81753 global supercoiling -0.00878
frame 6334 time 3167.0 binding_event at gene tetA enzyme RNAP with twist -30.81753 superhelical -0.00873 global twist -30.81753 global supercoiling -0.00873
frame 6351 time 3175.5 binding_event at gene tetA enzyme RNAP with twist -76.09880 superhelical -0.03765 global twist -30.81753 global supercoiling -0.00878
frame 6374 time 3187.0 unbinding_event at gene tetA enzyme RNAP with twist 120.57942 superhelical -0.03801 global twist -30.81753 global supercoiling -0.00882
frame 6384 time 3192.0 binding_event at DNA_topoI 6 enzyme topoI with twist -183.71047 superhelical -0.07958 global twist -30.81753 global supercoiling -0.00878
frame 6384 time 3192.0 unbinding_event at DNA_topoI 6 enzyme topoI with twist -183.41127 superhelical -0.08121 global twist -30.81753 global supercoiling -0.00878
frame 6391 time 3195.5 unbinding_event at gene tetA enzyme RNAP with twist -26.92794 superhelical -0.08504 global twist -26.92794 global supercoiling -0.00767
frame 6397 time 3198.5 binding_event at gene tetA enzyme RNAP with twist -26.92794 superhelical -0.00763 global twist -26.92794 global supercoiling -0.00763
frame 6415 time 3207.5 binding_event at DNA_gyrase 23 enzyme gyrase with twist 50.86021 superhelical 0.03455 global twist -26.92794 global supercoiling -0.00767
frame 6421 time 3210.5 unbinding_event at DNA_gyrase 23 enzyme gyrase with twist 57.14340 superhelical 0.05391 global twist -43.08470 global supercoiling -0.01253
frame 6430 time 3215.0 binding_event at DNA_gyrase 22 enzyme gyrase with twist 85.86653 superhelical 0.07139 global twist -45.77749 global supercoiling -0.01304
frame 6435 time 3217.5 unbinding_event at DNA_gyrase 22 enzyme gyrase with twist 91.25212 superhelical 0.10202 global twist -59.24146 global supercoiling -0.01722
frame 6437 time 3218.5 unbinding_event at gene tetA enzyme RNAP with twist -61.93426 superhelical -0.06540 global twist -61.93426 global supercoiling -0.01764
frame 6439 time 3219.5 binding_event at DNA_gyrase 26 enzyme gyrase with twist -61.93426 superhelical -0.01754 global twist -61.93426 global supercoiling -0.01754
frame 6451 time 3225.5 unbinding_event at DNA_gyrase 26 enzyme gyrase with twist -96.94057 superhelical -0.47455 global twist -94.24778 global supercoiling -0.02725
frame 6475 time 3237.5 binding_event at DNA_topoI 3 enzyme topoI with twist -96.94057 superhelical -0.02746 global twist -96.94057 global supercoiling -0.02746
frame 6486 time 3243.0 unbinding_event at DNA_topoI 3 enzyme topoI with twist -50.26548 superhelical -0.01575 global twist -54.15507 global supercoiling -0.01566
frame 6487 time 3243.5 binding_event at DNA_topoI 31 enzyme topoI with twist -50.26548 superhelical -0.01424 global twist -50.26548 global supercoiling -0.01424
frame 6487 time 3243.5 unbinding_event at DNA_topoI 31 enzyme topoI with twist -46.37589 superhelical -0.00847 global twist -50.26548 global supercoiling -0.01424
frame 6506 time 3253.0 binding_event at DNA_gyrase 39 enzyme gyrase with twist -46.37589 superhelical -0.01314 global twist -46.37589 global supercoiling -0.01314
frame 6509 time 3254.5 unbinding_event at DNA_gyrase 39 enzyme gyrase with twist -57.14707 superhelical -0.01942 global twist -54.45427 global supercoiling -0.01574
frame 6537 time 3268.5 binding_event at DNA_gyrase 18 enzyme gyrase with twist -57.14707 superhelical -0.01619 global twist -57.14707 global supercoiling -0.01619
frame 6537 time 3268.5 unbinding_event at DNA_gyrase 18 enzyme gyrase with twist -59.83986 superhelical -0.01697 global twist -57.14707 global supercoiling -0.01619
frame 6540 time 3270.0 binding_event at DNA_gyrase 35 enzyme gyrase with twist -59.83986 superhelical -0.01695 global twist -59.83986 global supercoiling -0.01695
frame 6544 time 3272.0 unbinding_event at DNA_gyrase 35 enzyme gyrase with twist -73.30383 superhelical -0.02837 global twist -70.61103 global supercoiling -0.02042
frame 6586 time 3293.0 binding_event at DNA_topoI 40 enzyme topoI with twist -73.30383 superhelical -0.02076 global twist -73.30383 global supercoiling -0.02076
frame 6586 time 3293.0 unbinding_event at DNA_topoI 40 enzyme topoI with twist -69.41424 superhelical -0.01918 global twist -73.30383 global supercoiling -0.02076
frame 6637 time 3318.5 binding_event at gene tetA enzyme RNAP with twist -69.41424 superhelical -0.01966 global twist -69.41424 global supercoiling -0.01966
frame 6671 time 3335.5 binding_event at gene tetA enzyme RNAP with twist -155.99970 superhelical -0.06705 global twist -69.41424 global supercoiling -0.01977
frame 6677 time 3338.5 binding_event at DNA_topoI 30 enzyme topoI with twist -137.57117 superhelical -0.07543 global twist -69.41424 global supercoiling -0.01988
frame 6677 time 3338.5 unbinding_event at gene tetA enzyme RNAP with twist 71.74733 superhelical -0.06761 global twist -69.41424 global supercoiling -0.01988
frame 6678 time 3339.0 unbinding_event at DNA_topoI 30 enzyme topoI with twist -136.97277 superhelical -0.06289 global twist -65.52465 global supercoiling -0.01905
frame 6709 time 3354.5 binding_event at gene tetA enzyme RNAP with twist -244.68452 superhelical -0.10202 global twist -61.63506 global supercoiling -0.01755
frame 6711 time 3355.5 unbinding_event at gene tetA enzyme RNAP with twist 125.63391 superhelical -0.10284 global twist -61.63506 global supercoiling -0.01765
frame 6738 time 3369.0 binding_event at DNA_topoI 30 enzyme topoI with twist -280.61915 superhelical -0.12545 global twist -61.63506 global supercoiling -0.01755
frame 6738 time 3369.0 unbinding_event at DNA_topoI 30 enzyme topoI with twist -280.31995 superhelical -0.12180 global twist -61.63506 global supercoiling -0.01755
frame 6749 time 3374.5 unbinding_event at gene tetA enzyme RNAP with twist -57.74546 superhelical -0.13042 global twist -57.74546 global supercoiling -0.01645
frame 6770 time 3385.0 binding_event at DNA_gyrase 29 enzyme gyrase with twist -57.74546 superhelical -0.01636 global twist -57.74546 global supercoiling -0.01636
frame 6773 time 3386.5 unbinding_event at DNA_gyrase 29 enzyme gyrase with twist -68.51664 superhelical -0.04710 global twist -65.82385 global supercoiling -0.01903
frame 6799 time 3399.5 binding_event at DNA_topoI 23 enzyme topoI with twist -68.51664 superhelical -0.01941 global twist -68.51664 global supercoiling -0.01941
frame 6803 time 3401.5 unbinding_event at DNA_topoI 23 enzyme topoI with twist -49.06869 superhelical -0.01690 global twist -52.95828 global supercoiling -0.01531
frame 6865 time 3432.5 binding_event at gene Raspberry enzyme RNAP with twist -49.06869 superhelical -0.01390 global twist -49.06869 global supercoiling -0.01390
frame 6892 time 3446.0 unbinding_event at gene Raspberry enzyme RNAP with twist -49.06869 superhelical -0.08789 global twist -49.06869 global supercoiling -0.01397
frame 6951 time 3475.5 binding_event at gene Raspberry enzyme RNAP with twist -49.06869 superhelical -0.01390 global twist -49.06869 global supercoiling -0.01390
frame 6960 time 3480.0 binding_event at DNA_gyrase 6 enzyme gyrase with twist -6.10187 superhelical -0.00236 global twist -49.06869 global supercoiling -0.01397
frame 6963 time 3481.5 unbinding_event at DNA_gyrase 6 enzyme gyrase with twist -2.51148 superhelical 0.00557 global twist -57.14707 global supercoiling -0.01661
frame 6974 time 3487.0 binding_event at DNA_gyrase 47 enzyme gyrase with twist 33.39244 superhelical 0.01429 global twist -59.83986 global supercoiling -0.01704
frame 6976 time 3488.0 unbinding_event at DNA_gyrase 47 enzyme gyrase with twist 36.08523 superhelical 0.04874 global twist -65.22545 global supercoiling -0.01896
frame 6978 time 3489.0 unbinding_event at gene Raspberry enzyme RNAP with twist -67.91824 superhelical -0.08789 global twist -67.91824 global supercoiling -0.01934
frame 7036 time 3518.0 binding_event at DNA_topoI 14 enzyme topoI with twist -67.91824 superhelical -0.01924 global twist -67.91824 global supercoiling -0.01924
frame 7036 time 3518.0 unbinding_event at DNA_topoI 14 enzyme topoI with twist -64.02865 superhelical -0.01891 global twist -67.91824 global supercoiling -0.01924
frame 7138 time 3569.0 binding_event at gene tetA enzyme RNAP with twist -64.02865 superhelical -0.01814 global twist -64.02865 global supercoiling -0.01814
frame 7178 time 3589.0 unbinding_event at gene tetA enzyme RNAP with twist -64.02865 superhelical -0.07279 global twist -64.02865 global supercoiling -0.01823
frame 7185 time 3592.5 binding_event at gene tetA enzyme RNAP with twist -64.02865 superhelical -0.01814 global twist -64.02865 global supercoiling -0.01814
frame 7218 time 3609.0 binding_event at DNA_topoI 42 enzyme topoI with twist -149.77709 superhelical -0.06488 global twist -64.02865 global supercoiling -0.01823
frame 7220 time 3610.0 unbinding_event at DNA_topoI 42 enzyme topoI with twist -148.87949 superhelical -0.06171 global twist -56.24947 global supercoiling -0.01635
frame 7225 time 3612.5 unbinding_event at gene tetA enzyme RNAP with twist -52.35988 superhelical -0.06803 global twist -52.35988 global supercoiling -0.01491
frame 7305 time 3652.5 binding_event at DNA_topoI 5 enzyme topoI with twist -52.35988 superhelical -0.01483 global twist -52.35988 global supercoiling -0.01483
frame 7306 time 3653.0 unbinding_event at DNA_topoI 5 enzyme topoI with twist -44.58070 superhelical -0.01324 global twist -48.47029 global supercoiling -0.01401
frame 7311 time 3655.5 binding_event at DNA_gyrase 8 enzyme gyrase with twist -44.58070 superhelical -0.01263 global twist -44.58070 global supercoiling -0.01263
frame 7317 time 3658.5 unbinding_event at DNA_gyrase 8 enzyme gyrase with twist -63.43025 superhelical -0.01706 global twist -60.73746 global supercoiling -0.01756
frame 7323 time 3661.5 binding_event at DNA_topoI 41 enzyme topoI with twist -63.43025 superhelical -0.01797 global twist -63.43025 global supercoiling -0.01797
frame 7326 time 3663.0 unbinding_event at DNA_topoI 41 enzyme topoI with twist -47.87189 superhelical -0.01085 global twist -51.76148 global supercoiling -0.01497
frame 7378 time 3689.0 binding_event at gene tetA enzyme RNAP with twist -47.87189 superhelical -0.01356 global twist -47.87189 global supercoiling -0.01356
frame 7408 time 3704.0 binding_event at DNA_topoI 31 enzyme topoI with twist -131.10926 superhelical -0.05815 global twist -47.87189 global supercoiling -0.01363
frame 7412 time 3706.0 binding_event at DNA_topoI 40 enzyme topoI with twist -118.42778 superhelical -0.06123 global twist -32.31352 global supercoiling -0.00939
frame 7418 time 3709.0 unbinding_event at gene tetA enzyme RNAP with twist 29.31771 superhelical -0.06609 global twist 14.36157 global supercoiling 0.00426
frame 7422 time 3711.0 unbinding_event at DNA_topoI 40 enzyme topoI with twist 43.34940 superhelical 0.01088 global twist 45.47829 global supercoiling 0.01343
frame 7426 time 3713.0 unbinding_event at DNA_topoI 31 enzyme topoI with twist 68.81584 superhelical 0.05514 global twist 64.92625 global supercoiling 0.01877
frame 7444 time 3722.0 binding_event at DNA_gyrase 16 enzyme gyrase with twist 68.81584 superhelical 0.01949 global twist 68.81584 global supercoiling 0.01949
frame 7447 time 3723.5 unbinding_event at DNA_gyrase 16 enzyme gyrase with twist 58.04466 superhelical 0.01800 global twist 60.73746 global supercoiling 0.01756
frame 7473 time 3736.5 binding_event at DNA_gyrase 20 enzyme gyrase with twist 58.04466 superhelical 0.01644 global twist 58.04466 global supercoiling 0.01644
frame 7477 time 3738.5 unbinding_event at DNA_gyrase 20 enzyme gyrase with twist 44.58070 superhelical 0.01463 global twist 47.27349 global supercoiling 0.01367
frame 7482 time 3741.0 binding_event at gene tetA enzyme RNAP with twist 44.58070 superhelical 0.01263 global twist 44.58070 global supercoiling 0.01263
frame 7488 time 3744.0 binding_event at gene tetA enzyme RNAP with twist 0.24658 superhelical 0.00014 global twist 44.58070 global supercoiling 0.01270
frame 7522 time 3761.0 unbinding_event at gene tetA enzyme RNAP with twist 170.00992 superhelical 0.00014 global twist 44.58070 global supercoiling 0.01277
frame 7528 time 3764.0 unbinding_event at gene tetA enzyme RNAP with twist 44.58070 superhelical -0.05993 global twist 44.58070 global supercoiling 0.01270
frame 7530 time 3765.0 binding_event at DNA_gyrase 21 enzyme gyrase with twist 44.58070 superhelical 0.01263 global twist 44.58070 global supercoiling 0.01263
frame 7532 time 3766.0 unbinding_event at DNA_gyrase 21 enzyme gyrase with twist 36.50231 superhelical 0.01162 global twist 39.19511 global supercoiling 0.01133
frame 7543 time 3771.5 binding_event at DNA_gyrase 18 enzyme gyrase with twist 36.50231 superhelical 0.01034 global twist 36.50231 global supercoiling 0.01034
frame 7553 time 3776.5 unbinding_event at DNA_gyrase 18 enzyme gyrase with twist 6.88158 superhelical 0.00558 global twist 9.57438 global supercoiling 0.00277
frame 7578 time 3789.0 binding_event at DNA_gyrase 46 enzyme gyrase with twist 6.88158 superhelical 0.00195 global twist 6.88158 global supercoiling 0.00195
frame 7585 time 3792.5 unbinding_event at DNA_gyrase 46 enzyme gyrase with twist -14.66077 superhelical -0.00572 global twist -11.96797 global supercoiling -0.00346
frame 7600 time 3800.0 binding_event at gene tetA enzyme RNAP with twist -14.66077 superhelical -0.00415 global twist -14.66077 global supercoiling -0.00415
frame 7640 time 3820.0 unbinding_event at gene tetA enzyme RNAP with twist -14.66077 superhelical -0.06295 global twist -14.66077 global supercoiling -0.00418
frame 7642 time 3821.0 binding_event at DNA_gyrase 34 enzyme gyrase with twist -14.66077 superhelical -0.00415 global twist -14.66077 global supercoiling -0.00415
frame 7643 time 3821.5 unbinding_event at DNA_gyrase 34 enzyme gyrase with twist -20.04635 superhelical -0.00926 global twist -17.35356 global supercoiling -0.00502
frame 7655 time 3827.5 binding_event at gene tetA enzyme RNAP with twist -20.04635 superhelical -0.00568 global twist -20.04635 global supercoiling -0.00568
frame 7689 time 3844.5 binding_event at DNA_topoI 37 enzyme topoI with twist -131.87102 superhelical -0.05668 global twist -20.04635 global supercoiling -0.00571
frame 7692 time 3846.0 unbinding_event at DNA_topoI 37 enzyme topoI with twist -130.67422 superhelical -0.04814 global twist -8.37758 global supercoiling -0.00244
frame 7695 time 3847.5 unbinding_event at gene tetA enzyme RNAP with twist -4.48799 superhelical -0.05768 global twist -4.48799 global supercoiling -0.00128
frame 7728 time 3864.0 binding_event at DNA_topoI 15 enzyme topoI with twist -4.48799 superhelical -0.00127 global twist -4.48799 global supercoiling -0.00127
frame 7732 time 3866.0 unbinding_event at DNA_topoI 15 enzyme topoI with twist 14.95997 superhelical 0.00222 global twist 11.07037 global supercoiling 0.00320
frame 7739 time 3869.5 binding_event at DNA_gyrase 1 enzyme gyrase with twist 14.95997 superhelical 0.00424 global twist 14.95997 global supercoiling 0.00424
frame 7741 time 3870.5 unbinding_event at DNA_gyrase 1 enzyme gyrase with twist 6.88158 superhelical 0.00203 global twist 9.57438 global supercoiling 0.00277
frame 7761 time 3880.5 binding_event at gene tetA enzyme RNAP with twist 6.88158 superhelical 0.00195 global twist 6.88158 global supercoiling 0.00195
frame 7790 time 3895.0 binding_event at DNA_gyrase 10 enzyme gyrase with twist 107.63955 superhelical 0.08445 global twist 6.88158 global supercoiling 0.00196
frame 7793 time 3896.5 unbinding_event at DNA_gyrase 10 enzyme gyrase with twist 111.22994 superhelical 0.29377 global twist -1.19680 global supercoiling -0.00035
frame 7797 time 3898.5 binding_event at DNA_topoI 48 enzyme topoI with twist -125.89071 superhelical -0.05329 global twist -3.88959 global supercoiling -0.00111
frame 7797 time 3898.5 unbinding_event at DNA_topoI 48 enzyme topoI with twist -125.59151 superhelical -0.05370 global twist -3.88959 global supercoiling -0.00111
frame 7801 time 3900.5 unbinding_event at gene tetA enzyme RNAP with twist -0.00000 superhelical -0.05707 global twist -0.00000 global supercoiling -0.00000
frame 7818 time 3909.0 binding_event at gene tetA enzyme RNAP with twist -0.00000 superhelical -0.00000 global twist -0.00000 global supercoiling -0.00000
frame 7843 time 3921.5 binding_event at DNA_gyrase 12 enzyme gyrase with twist 89.75979 superhelical 0.06667 global twist -0.00000 global supercoiling -0.00000
frame 7843 time 3921.5 unbinding_event at DNA_gyrase 12 enzyme gyrase with twist 90.65739 superhelical 0.08060 global twist -0.00000 global supercoiling -0.00000
frame 7858 time 3929.0 unbinding_event at gene tetA enzyme RNAP with twist -2.69279 superhelical -0.06003 global twist -2.69279 global supercoiling -0.00077
frame 7898 time 3949.0 binding_event at DNA_gyrase 46 enzyme gyrase with twist -2.69279 superhelical -0.00076 global twist -2.69279 global supercoiling -0.00076
frame 7910 time 3955.0 unbinding_event at DNA_gyrase 46 enzyme gyrase with twist -37.69911 superhelical -0.01330 global twist -35.00632 global supercoiling -0.01012
frame 7939 time 3969.5 binding_event at DNA_gyrase 48 enzyme gyrase with twist -37.69911 superhelical -0.01068 global twist -37.69911 global supercoiling -0.01068
frame 7941 time 3970.5 unbinding_event at DNA_gyrase 48 enzyme gyrase with twist -45.77749 superhelical -0.01352 global twist -43.08470 global supercoiling -0.01246
frame 7947 time 3973.5 binding_event at gene tetA enzyme RNAP with twist -45.77749 superhelical -0.01297 global twist -45.77749 global supercoiling -0.01297
frame 7987 time 3993.5 unbinding_event at gene tetA enzyme RNAP with twist -45.77749 superhelical -0.06915 global twist -45.77749 global supercoiling -0.01304
