TORCphysics log file 

General information: 
---------------------------------------------------------------------------------------
Circuit name: Pleu500_72
Size: 6000
Structure: circle
Number of sites: 110
Number of frames: 8000
Simulation time: 4000.0
Simulation timestep: 0.5
Seed: 3066485042975928966
 
Overall simulation information 
---------------------------------------------------------------------------------------
Initial twist: -211.83310
Final twist: 36.80151
Initial superhelical density: -0.06000
Final superhelical density: 0.01054
 
Overall rates 
---------------------------------------------------------------------------------------
site type            site name            #binding events      #unbinding events    binding rates        
 DNA_topoI            DNA_topoI_global                     53.0                 53.0               0.01325 
DNA_gyrase           DNA_gyrase_global                    61.0                 61.0               0.01525 
EXT                  EXT                                   0.0                  0.0                   0.0 
gene                 tetA                                 67.0                 65.0               0.01675 
gene                 CDS                                   0.0                  0.0                   0.0 
origin               ori                                   0.0                  0.0                   0.0 
lacOP                lac1                                  0.0                  0.0                   0.0 
gene                 mKalama1                             12.0                 12.0                 0.003 
lacOP                lac2                                  0.0                  0.0                   0.0 
gene                 Raspberry                            13.0                 13.0               0.00325 
 
Events
---------------------------------------------------------------------------------------
frame 12 time 6.0 binding_event at DNA_topoI 23 enzyme topoI with twist -211.83310 superhelical -0.06000 global twist -211.83310 global supercoiling -0.06000
frame 14 time 7.0 unbinding_event at DNA_topoI 23 enzyme topoI with twist -200.16433 superhelical -0.05950 global twist -204.05392 global supercoiling -0.05900
frame 39 time 19.5 binding_event at gene tetA enzyme RNAP with twist -200.16433 superhelical -0.05669 global twist -200.16433 global supercoiling -0.05669
frame 78 time 39.0 binding_event at DNA_topoI 42 enzyme topoI with twist -237.85610 superhelical -0.09844 global twist -200.16433 global supercoiling -0.05700
frame 79 time 39.5 unbinding_event at gene tetA enzyme RNAP with twist -83.59967 superhelical -0.10118 global twist -196.27474 global supercoiling -0.05706
frame 80 time 40.0 unbinding_event at DNA_topoI 42 enzyme topoI with twist -188.49556 superhelical -0.09620 global twist -192.38515 global supercoiling -0.05562
frame 129 time 64.5 binding_event at gene tetA enzyme RNAP with twist -188.49556 superhelical -0.05339 global twist -188.49556 global supercoiling -0.05339
frame 132 time 66.0 binding_event at DNA_topoI 39 enzyme topoI with twist -102.89886 superhelical -0.05813 global twist -188.49556 global supercoiling -0.05368
frame 137 time 68.5 unbinding_event at DNA_topoI 39 enzyme topoI with twist -101.10367 superhelical -0.04756 global twist -169.04760 global supercoiling -0.04915
frame 154 time 77.0 binding_event at gene tetA enzyme RNAP with twist -158.54993 superhelical -0.07323 global twist -165.15801 global supercoiling -0.04703
frame 169 time 84.5 unbinding_event at gene tetA enzyme RNAP with twist 19.09283 superhelical -0.07389 global twist -165.15801 global supercoiling -0.04729
frame 177 time 88.5 binding_event at DNA_topoI 4 enzyme topoI with twist -209.38358 superhelical -0.09834 global twist -165.15801 global supercoiling -0.04703
frame 177 time 88.5 unbinding_event at DNA_topoI 4 enzyme topoI with twist -209.08438 superhelical -0.10079 global twist -165.15801 global supercoiling -0.04703
frame 194 time 97.0 unbinding_event at gene tetA enzyme RNAP with twist -161.26842 superhelical -0.11015 global twist -161.26842 global supercoiling -0.04593
frame 227 time 113.5 binding_event at DNA_gyrase 48 enzyme gyrase with twist -161.26842 superhelical -0.04568 global twist -161.26842 global supercoiling -0.04568
frame 227 time 113.5 unbinding_event at DNA_gyrase 48 enzyme gyrase with twist -163.96122 superhelical -0.04750 global twist -161.26842 global supercoiling -0.04568
frame 228 time 114.0 binding_event at DNA_topoI 19 enzyme topoI with twist -163.96122 superhelical -0.04644 global twist -163.96122 global supercoiling -0.04644
frame 231 time 115.5 unbinding_event at DNA_topoI 19 enzyme topoI with twist -148.40285 superhelical -0.04485 global twist -152.29244 global supercoiling -0.04403
frame 243 time 121.5 binding_event at DNA_topoI 14 enzyme topoI with twist -148.40285 superhelical -0.04203 global twist -148.40285 global supercoiling -0.04203
frame 255 time 127.5 unbinding_event at DNA_topoI 14 enzyme topoI with twist -97.83817 superhelical -0.03351 global twist -101.72776 global supercoiling -0.02941
frame 298 time 149.0 binding_event at DNA_gyrase 19 enzyme gyrase with twist -97.83817 superhelical -0.02771 global twist -97.83817 global supercoiling -0.02771
frame 303 time 151.5 unbinding_event at DNA_gyrase 19 enzyme gyrase with twist -113.99493 superhelical -0.03094 global twist -111.30214 global supercoiling -0.03218
frame 410 time 205.0 binding_event at DNA_topoI 19 enzyme topoI with twist -113.99493 superhelical -0.03229 global twist -113.99493 global supercoiling -0.03229
frame 410 time 205.0 unbinding_event at DNA_topoI 19 enzyme topoI with twist -110.10534 superhelical -0.03232 global twist -113.99493 global supercoiling -0.03229
frame 445 time 222.5 binding_event at DNA_topoI 19 enzyme topoI with twist -110.10534 superhelical -0.03119 global twist -110.10534 global supercoiling -0.03119
frame 448 time 224.0 unbinding_event at DNA_topoI 19 enzyme topoI with twist -94.54698 superhelical -0.02928 global twist -98.43657 global supercoiling -0.02846
frame 477 time 238.5 binding_event at gene Raspberry enzyme RNAP with twist -94.54698 superhelical -0.02678 global twist -94.54698 global supercoiling -0.02678
frame 504 time 252.0 unbinding_event at gene Raspberry enzyme RNAP with twist -94.54698 superhelical -0.09570 global twist -94.54698 global supercoiling -0.02693
frame 619 time 309.5 binding_event at DNA_gyrase 0 enzyme gyrase with twist -94.54698 superhelical -0.02678 global twist -94.54698 global supercoiling -0.02678
frame 620 time 310.0 binding_event at DNA_gyrase 48 enzyme gyrase with twist -47.40942 superhelical -0.02813 global twist -97.23977 global supercoiling -0.02811
frame 621 time 310.5 unbinding_event at DNA_gyrase 48 enzyme gyrase with twist -55.48780 superhelical -0.03113 global twist -102.62536 global supercoiling -0.03030
frame 629 time 314.5 unbinding_event at DNA_gyrase 0 enzyme gyrase with twist -129.55330 superhelical -0.03932 global twist -126.86050 global supercoiling -0.03668
frame 658 time 329.0 binding_event at DNA_gyrase 31 enzyme gyrase with twist -129.55330 superhelical -0.03669 global twist -129.55330 global supercoiling -0.03669
frame 661 time 330.5 unbinding_event at DNA_gyrase 31 enzyme gyrase with twist -140.32447 superhelical -0.05425 global twist -137.63168 global supercoiling -0.03979
frame 702 time 351.0 binding_event at DNA_gyrase 3 enzyme gyrase with twist -140.32447 superhelical -0.03975 global twist -140.32447 global supercoiling -0.03975
frame 703 time 351.5 unbinding_event at DNA_gyrase 3 enzyme gyrase with twist -145.71006 superhelical -0.04199 global twist -143.01727 global supercoiling -0.04135
frame 721 time 360.5 binding_event at DNA_topoI 18 enzyme topoI with twist -145.71006 superhelical -0.04127 global twist -145.71006 global supercoiling -0.04127
frame 723 time 361.5 unbinding_event at DNA_topoI 18 enzyme topoI with twist -134.04129 superhelical -0.04017 global twist -137.93088 global supercoiling -0.03988
frame 801 time 400.5 binding_event at gene Raspberry enzyme RNAP with twist -134.04129 superhelical -0.03797 global twist -134.04129 global supercoiling -0.03797
frame 811 time 405.5 binding_event at gene tetA enzyme RNAP with twist -69.03570 superhelical -0.02687 global twist -134.04129 global supercoiling -0.03817
frame 825 time 412.5 binding_event at gene Raspberry enzyme RNAP with twist -115.27107 superhelical -0.09661 global twist -134.04129 global supercoiling -0.03838
frame 828 time 414.0 unbinding_event at gene Raspberry enzyme RNAP with twist -60.86308 superhelical -0.09818 global twist -134.04129 global supercoiling -0.03859
frame 848 time 424.0 binding_event at DNA_topoI 27 enzyme topoI with twist -157.42882 superhelical -0.13395 global twist -134.04129 global supercoiling -0.03838
frame 851 time 425.5 unbinding_event at gene tetA enzyme RNAP with twist 37.74910 superhelical -0.05132 global twist -122.37251 global supercoiling -0.03578
frame 852 time 426.0 binding_event at gene mKalama1 enzyme RNAP with twist -159.23029 superhelical -0.13946 global twist -118.48292 global supercoiling -0.03445
frame 852 time 426.0 unbinding_event at gene Raspberry enzyme RNAP with twist -48.17251 superhelical -0.14523 global twist -118.48292 global supercoiling -0.03445
frame 854 time 427.0 unbinding_event at DNA_topoI 27 enzyme topoI with twist -51.46085 superhelical 0.26358 global twist -110.70374 global supercoiling -0.03219
frame 864 time 432.0 binding_event at gene Raspberry enzyme RNAP with twist -87.66682 superhelical -0.02847 global twist -106.81415 global supercoiling -0.03042
frame 879 time 439.5 unbinding_event at gene mKalama1 enzyme RNAP with twist -85.50770 superhelical 0.26447 global twist -106.81415 global supercoiling -0.03059
frame 891 time 445.5 unbinding_event at gene Raspberry enzyme RNAP with twist -106.81415 superhelical -0.10165 global twist -106.81415 global supercoiling -0.03042
frame 900 time 450.0 binding_event at gene tetA enzyme RNAP with twist -106.81415 superhelical -0.03025 global twist -106.81415 global supercoiling -0.03025
frame 940 time 470.0 unbinding_event at gene tetA enzyme RNAP with twist -106.81415 superhelical -0.08132 global twist -106.81415 global supercoiling -0.03042
frame 960 time 480.0 binding_event at gene Raspberry enzyme RNAP with twist -106.81415 superhelical -0.03025 global twist -106.81415 global supercoiling -0.03025
frame 973 time 486.5 binding_event at gene tetA enzyme RNAP with twist -36.94867 superhelical -0.01469 global twist -106.81415 global supercoiling -0.03042
frame 982 time 491.0 binding_event at DNA_gyrase 24 enzyme gyrase with twist 5.74449 superhelical 0.00352 global twist -106.81415 global supercoiling -0.03059
frame 982 time 491.0 unbinding_event at DNA_gyrase 24 enzyme gyrase with twist 6.64209 superhelical 0.00522 global twist -106.81415 global supercoiling -0.03059
frame 987 time 493.5 unbinding_event at gene Raspberry enzyme RNAP with twist -134.10099 superhelical -0.09780 global twist -109.50694 global supercoiling -0.03136
frame 992 time 496.0 binding_event at DNA_topoI 47 enzyme topoI with twist -148.46256 superhelical -0.07216 global twist -109.50694 global supercoiling -0.03119
frame 997 time 498.5 unbinding_event at DNA_topoI 47 enzyme topoI with twist -146.66736 superhelical -0.06683 global twist -90.05899 global supercoiling -0.02618
frame 1013 time 506.5 unbinding_event at gene tetA enzyme RNAP with twist -86.16940 superhelical -0.08324 global twist -86.16940 global supercoiling -0.02454
frame 1062 time 531.0 binding_event at DNA_gyrase 30 enzyme gyrase with twist -86.16940 superhelical -0.02441 global twist -86.16940 global supercoiling -0.02441
frame 1066 time 533.0 binding_event at gene Raspberry enzyme RNAP with twist -85.35317 superhelical -0.02659 global twist -96.94057 global supercoiling -0.02803
frame 1067 time 533.5 unbinding_event at DNA_gyrase 30 enzyme gyrase with twist -35.96747 superhelical -0.05737 global twist -99.63337 global supercoiling -0.02897
frame 1075 time 537.5 binding_event at gene tetA enzyme RNAP with twist -41.22595 superhelical -0.01593 global twist -102.32616 global supercoiling -0.02914
frame 1087 time 543.5 binding_event at DNA_gyrase 5 enzyme gyrase with twist 14.26880 superhelical 0.00903 global twist -102.32616 global supercoiling -0.02930
frame 1088 time 544.0 unbinding_event at DNA_gyrase 5 enzyme gyrase with twist 16.06399 superhelical 0.09350 global twist -105.01895 global supercoiling -0.03070
frame 1093 time 546.5 unbinding_event at gene Raspberry enzyme RNAP with twist -141.72770 superhelical -0.10223 global twist -107.71175 global supercoiling -0.03084
frame 1106 time 553.0 binding_event at gene tetA enzyme RNAP with twist -184.81240 superhelical -0.08132 global twist -107.71175 global supercoiling -0.03067
frame 1115 time 557.5 unbinding_event at gene tetA enzyme RNAP with twist 68.93618 superhelical -0.08201 global twist -107.71175 global supercoiling -0.03084
frame 1126 time 563.0 binding_event at DNA_topoI 0 enzyme topoI with twist -212.55185 superhelical -0.10242 global twist -107.71175 global supercoiling -0.03067
frame 1131 time 565.5 unbinding_event at DNA_topoI 0 enzyme topoI with twist -210.75665 superhelical -0.09917 global twist -88.26379 global supercoiling -0.02566
frame 1133 time 566.5 binding_event at gene mKalama1 enzyme RNAP with twist -214.34704 superhelical -0.09739 global twist -84.37420 global supercoiling -0.02403
frame 1134 time 567.0 binding_event at DNA_gyrase 14 enzyme gyrase with twist 133.56323 superhelical 0.10333 global twist -84.37420 global supercoiling -0.02416
frame 1134 time 567.0 unbinding_event at DNA_gyrase 14 enzyme gyrase with twist 134.46083 superhelical 0.11910 global twist -84.37420 global supercoiling -0.02416
frame 1146 time 573.0 unbinding_event at gene tetA enzyme RNAP with twist -73.72208 superhelical -0.12335 global twist -87.06700 global supercoiling -0.02493
frame 1160 time 580.0 unbinding_event at gene mKalama1 enzyme RNAP with twist -87.06700 superhelical 0.25495 global twist -87.06700 global supercoiling -0.02480
frame 1192 time 596.0 binding_event at DNA_topoI 36 enzyme topoI with twist -87.06700 superhelical -0.02466 global twist -87.06700 global supercoiling -0.02466
frame 1193 time 596.5 binding_event at DNA_gyrase 20 enzyme gyrase with twist -68.01007 superhelical -0.02447 global twist -83.17741 global supercoiling -0.02405
frame 1196 time 598.0 unbinding_event at DNA_gyrase 20 enzyme gyrase with twist -71.00206 superhelical -0.02411 global twist -79.58701 global supercoiling -0.02350
frame 1198 time 599.0 binding_event at gene tetA enzyme RNAP with twist -69.05727 superhelical -0.02485 global twist -74.50063 global supercoiling -0.02154
frame 1198 time 599.0 unbinding_event at DNA_topoI 36 enzyme topoI with twist -29.28126 superhelical -0.00515 global twist -74.50063 global supercoiling -0.02154
frame 1238 time 619.0 unbinding_event at gene tetA enzyme RNAP with twist -70.61103 superhelical -0.07051 global twist -70.61103 global supercoiling -0.02011
frame 1242 time 621.0 binding_event at DNA_gyrase 8 enzyme gyrase with twist -70.61103 superhelical -0.02000 global twist -70.61103 global supercoiling -0.02000
frame 1246 time 623.0 unbinding_event at DNA_gyrase 8 enzyme gyrase with twist -84.07500 superhelical -0.02339 global twist -81.38221 global supercoiling -0.02353
frame 1255 time 627.5 binding_event at gene tetA enzyme RNAP with twist -84.07500 superhelical -0.02381 global twist -84.07500 global supercoiling -0.02381
frame 1273 time 636.5 binding_event at gene tetA enzyme RNAP with twist -105.71892 superhelical -0.05184 global twist -84.07500 global supercoiling -0.02394
frame 1281 time 640.5 binding_event at DNA_gyrase 7 enzyme gyrase with twist 50.36705 superhelical 0.03791 global twist -84.07500 global supercoiling -0.02407
frame 1283 time 641.5 binding_event at DNA_topoI 31 enzyme topoI with twist -125.71490 superhelical -0.06631 global twist -89.46059 global supercoiling -0.02615
frame 1288 time 644.0 binding_event at DNA_gyrase 9 enzyme gyrase with twist 24.34910 superhelical 0.02024 global twist -83.47660 global supercoiling -0.02493
frame 1292 time 646.0 unbinding_event at DNA_topoI 31 enzyme topoI with twist -122.72290 superhelical -0.00829 global twist -89.46059 global supercoiling -0.02730
frame 1294 time 647.0 unbinding_event at DNA_gyrase 7 enzyme gyrase with twist 8.76361 superhelical 0.23089 global twist -96.34217 global supercoiling -0.02877
frame 1294 time 647.0 unbinding_event at DNA_gyrase 9 enzyme gyrase with twist 5.65868 superhelical 0.23089 global twist -96.34217 global supercoiling -0.02877
frame 1295 time 647.5 unbinding_event at gene tetA enzyme RNAP with twist 31.76632 superhelical 0.01861 global twist -101.72776 global supercoiling -0.02913
frame 1313 time 656.5 unbinding_event at gene tetA enzyme RNAP with twist -101.72776 superhelical -0.08079 global twist -101.72776 global supercoiling -0.02897
frame 1316 time 658.0 binding_event at gene tetA enzyme RNAP with twist -101.72776 superhelical -0.02881 global twist -101.72776 global supercoiling -0.02881
frame 1346 time 673.0 binding_event at DNA_topoI 47 enzyme topoI with twist -157.43145 superhelical -0.06982 global twist -101.72776 global supercoiling -0.02897
frame 1350 time 675.0 unbinding_event at DNA_topoI 47 enzyme topoI with twist -155.93546 superhelical -0.06550 global twist -86.16940 global supercoiling -0.02505
frame 1356 time 678.0 unbinding_event at gene tetA enzyme RNAP with twist -82.27981 superhelical -0.07237 global twist -82.27981 global supercoiling -0.02343
frame 1370 time 685.0 binding_event at DNA_gyrase 3 enzyme gyrase with twist -82.27981 superhelical -0.02331 global twist -82.27981 global supercoiling -0.02331
frame 1370 time 685.0 unbinding_event at DNA_gyrase 3 enzyme gyrase with twist -84.97260 superhelical -0.02450 global twist -82.27981 global supercoiling -0.02331
frame 1380 time 690.0 binding_event at DNA_gyrase 35 enzyme gyrase with twist -84.97260 superhelical -0.02407 global twist -84.97260 global supercoiling -0.02407
frame 1383 time 691.5 unbinding_event at DNA_gyrase 35 enzyme gyrase with twist -95.74378 superhelical -0.03343 global twist -93.05098 global supercoiling -0.02690
frame 1384 time 692.0 binding_event at DNA_gyrase 4 enzyme gyrase with twist -95.74378 superhelical -0.02712 global twist -95.74378 global supercoiling -0.02712
frame 1390 time 695.0 unbinding_event at DNA_gyrase 4 enzyme gyrase with twist -114.59333 superhelical -0.03246 global twist -111.90054 global supercoiling -0.03235
frame 1414 time 707.0 binding_event at gene mKalama1 enzyme RNAP with twist -114.59333 superhelical -0.03246 global twist -114.59333 global supercoiling -0.03246
frame 1441 time 720.5 unbinding_event at gene mKalama1 enzyme RNAP with twist -114.59333 superhelical 0.54830 global twist -114.59333 global supercoiling -0.03263
frame 1511 time 755.5 binding_event at gene tetA enzyme RNAP with twist -114.59333 superhelical -0.03246 global twist -114.59333 global supercoiling -0.03246
frame 1537 time 768.5 binding_event at DNA_topoI 27 enzyme topoI with twist -149.35797 superhelical -0.06842 global twist -114.59333 global supercoiling -0.03263
frame 1538 time 769.0 unbinding_event at DNA_topoI 27 enzyme topoI with twist -148.75957 superhelical 0.04532 global twist -110.70374 global supercoiling -0.03219
frame 1549 time 774.5 binding_event at DNA_gyrase 15 enzyme gyrase with twist 77.84933 superhelical 0.06994 global twist -106.81415 global supercoiling -0.03042
frame 1551 time 775.5 unbinding_event at gene tetA enzyme RNAP with twist -162.93186 superhelical -0.07970 global twist -112.19974 global supercoiling -0.03262
frame 1554 time 777.0 binding_event at DNA_topoI 48 enzyme topoI with twist -165.62465 superhelical -0.05996 global twist -120.27812 global supercoiling -0.03478
frame 1554 time 777.0 unbinding_event at DNA_topoI 48 enzyme topoI with twist -163.08146 superhelical -0.06030 global twist -120.27812 global supercoiling -0.03478
frame 1555 time 777.5 unbinding_event at DNA_gyrase 15 enzyme gyrase with twist -121.77412 superhelical -0.05953 global twist -119.08132 global supercoiling -0.03443
frame 1568 time 784.0 binding_event at DNA_topoI 5 enzyme topoI with twist -121.77412 superhelical -0.03449 global twist -121.77412 global supercoiling -0.03449
frame 1571 time 785.5 unbinding_event at DNA_topoI 5 enzyme topoI with twist -106.21575 superhelical -0.03140 global twist -110.10534 global supercoiling -0.03183
frame 1578 time 789.0 binding_event at DNA_gyrase 10 enzyme gyrase with twist -106.21575 superhelical -0.03008 global twist -106.21575 global supercoiling -0.03008
frame 1579 time 789.5 binding_event at DNA_topoI 1 enzyme topoI with twist -75.14613 superhelical -0.03127 global twist -108.90855 global supercoiling -0.03149
frame 1580 time 790.0 unbinding_event at DNA_gyrase 10 enzyme gyrase with twist -53.77491 superhelical -0.03015 global twist -107.71175 global supercoiling -0.03180
frame 1583 time 791.5 unbinding_event at DNA_topoI 1 enzyme topoI with twist -94.84618 superhelical -0.02670 global twist -98.73577 global supercoiling -0.02855
frame 1605 time 802.5 binding_event at DNA_topoI 11 enzyme topoI with twist -94.84618 superhelical -0.02686 global twist -94.84618 global supercoiling -0.02686
frame 1610 time 805.0 unbinding_event at DNA_topoI 11 enzyme topoI with twist -71.50863 superhelical -0.02271 global twist -75.39822 global supercoiling -0.02180
frame 1641 time 820.5 binding_event at gene tetA enzyme RNAP with twist -71.50863 superhelical -0.02025 global twist -71.50863 global supercoiling -0.02025
frame 1669 time 834.5 binding_event at gene tetA enzyme RNAP with twist -135.48099 superhelical -0.06106 global twist -71.50863 global supercoiling -0.02036
frame 1681 time 840.5 unbinding_event at gene tetA enzyme RNAP with twist 80.86817 superhelical -0.06159 global twist -71.50863 global supercoiling -0.02048
frame 1709 time 854.5 unbinding_event at gene tetA enzyme RNAP with twist -71.50863 superhelical -0.10313 global twist -71.50863 global supercoiling -0.02036
frame 1816 time 908.0 binding_event at gene tetA enzyme RNAP with twist -71.50863 superhelical -0.02025 global twist -71.50863 global supercoiling -0.02025
frame 1821 time 910.5 binding_event at gene tetA enzyme RNAP with twist -52.90199 superhelical -0.02929 global twist -71.50863 global supercoiling -0.02036
frame 1856 time 928.0 unbinding_event at gene tetA enzyme RNAP with twist 108.55688 superhelical -0.02961 global twist -71.50863 global supercoiling -0.02048
frame 1859 time 929.5 binding_event at DNA_topoI 42 enzyme topoI with twist -187.24630 superhelical -0.07807 global twist -71.50863 global supercoiling -0.02036
frame 1861 time 930.5 unbinding_event at gene tetA enzyme RNAP with twist 23.71082 superhelical -0.08096 global twist -63.72945 global supercoiling -0.01853
frame 1869 time 934.5 unbinding_event at DNA_topoI 42 enzyme topoI with twist -28.72313 superhelical -0.06122 global twist -32.61272 global supercoiling -0.00943
frame 1894 time 947.0 binding_event at DNA_gyrase 30 enzyme gyrase with twist -28.72313 superhelical -0.00814 global twist -28.72313 global supercoiling -0.00814
frame 1898 time 949.0 unbinding_event at DNA_gyrase 30 enzyme gyrase with twist -42.18710 superhelical -0.03535 global twist -39.49431 global supercoiling -0.01142
frame 2010 time 1005.0 binding_event at gene mKalama1 enzyme RNAP with twist -42.18710 superhelical -0.01195 global twist -42.18710 global supercoiling -0.01195
frame 2037 time 1018.5 unbinding_event at gene mKalama1 enzyme RNAP with twist -42.18710 superhelical 0.64050 global twist -42.18710 global supercoiling -0.01201
frame 2049 time 1024.5 binding_event at gene tetA enzyme RNAP with twist -42.18710 superhelical -0.01195 global twist -42.18710 global supercoiling -0.01195
frame 2080 time 1040.0 binding_event at DNA_topoI 37 enzyme topoI with twist -131.92119 superhelical -0.05805 global twist -42.18710 global supercoiling -0.01201
frame 2088 time 1044.0 unbinding_event at DNA_topoI 37 enzyme topoI with twist -129.22840 superhelical -0.03665 global twist -11.07037 global supercoiling -0.00322
frame 2089 time 1044.5 unbinding_event at gene tetA enzyme RNAP with twist -7.18078 superhelical -0.05416 global twist -7.18078 global supercoiling -0.00204
frame 2158 time 1079.0 binding_event at DNA_gyrase 9 enzyme gyrase with twist -7.18078 superhelical -0.00203 global twist -7.18078 global supercoiling -0.00203
frame 2159 time 1079.5 binding_event at gene tetA enzyme RNAP with twist -6.18659 superhelical -0.00265 global twist -9.87358 global supercoiling -0.00285
frame 2166 time 1083.0 unbinding_event at DNA_gyrase 9 enzyme gyrase with twist 1.89912 superhelical 0.03616 global twist -28.72313 global supercoiling -0.00835
frame 2199 time 1099.5 unbinding_event at gene tetA enzyme RNAP with twist -31.41593 superhelical -0.06190 global twist -31.41593 global supercoiling -0.00895
frame 2250 time 1125.0 binding_event at gene tetA enzyme RNAP with twist -31.41593 superhelical -0.00890 global twist -31.41593 global supercoiling -0.00890
frame 2253 time 1126.5 binding_event at gene tetA enzyme RNAP with twist -26.12579 superhelical -0.01476 global twist -31.41593 global supercoiling -0.00895
frame 2290 time 1145.0 unbinding_event at gene tetA enzyme RNAP with twist 130.62687 superhelical -0.01492 global twist -31.41593 global supercoiling -0.00900
frame 2293 time 1146.5 unbinding_event at gene tetA enzyme RNAP with twist -31.41593 superhelical -0.07047 global twist -31.41593 global supercoiling -0.00895
frame 2318 time 1159.0 binding_event at gene mKalama1 enzyme RNAP with twist -31.41593 superhelical -0.00890 global twist -31.41593 global supercoiling -0.00890
frame 2345 time 1172.5 unbinding_event at gene mKalama1 enzyme RNAP with twist -31.41593 superhelical 0.65421 global twist -31.41593 global supercoiling -0.00895
frame 2348 time 1174.0 binding_event at gene tetA enzyme RNAP with twist -31.41593 superhelical -0.00890 global twist -31.41593 global supercoiling -0.00890
frame 2378 time 1189.0 binding_event at DNA_topoI 44 enzyme topoI with twist -123.06636 superhelical -0.05458 global twist -31.41593 global supercoiling -0.00895
frame 2385 time 1192.5 unbinding_event at DNA_topoI 44 enzyme topoI with twist -120.67277 superhelical -0.04397 global twist -4.18879 global supercoiling -0.00122
frame 2388 time 1194.0 unbinding_event at gene tetA enzyme RNAP with twist -0.29920 superhelical -0.05360 global twist -0.29920 global supercoiling -0.00009
frame 2410 time 1205.0 binding_event at DNA_gyrase 31 enzyme gyrase with twist -0.29920 superhelical -0.00008 global twist -0.29920 global supercoiling -0.00008
frame 2413 time 1206.5 binding_event at gene Raspberry enzyme RNAP with twist -4.31064 superhelical -0.00137 global twist -8.37758 global supercoiling -0.00242
frame 2414 time 1207.0 unbinding_event at DNA_gyrase 31 enzyme gyrase with twist -17.14443 superhelical -0.02108 global twist -11.07037 global supercoiling -0.00322
frame 2424 time 1212.0 binding_event at gene tetA enzyme RNAP with twist 35.69479 superhelical 0.01399 global twist -13.76317 global supercoiling -0.00392
frame 2427 time 1213.5 binding_event at gene tetA enzyme RNAP with twist 10.39130 superhelical 0.01410 global twist -13.76317 global supercoiling -0.00394
frame 2440 time 1220.0 unbinding_event at gene Raspberry enzyme RNAP with twist -100.60556 superhelical -0.08735 global twist -13.76317 global supercoiling -0.00396
frame 2451 time 1225.5 binding_event at DNA_gyrase 25 enzyme gyrase with twist 122.24406 superhelical 0.09328 global twist -13.76317 global supercoiling -0.00394
frame 2459 time 1229.5 unbinding_event at DNA_gyrase 25 enzyme gyrase with twist 130.32244 superhelical 0.12778 global twist -35.30552 global supercoiling -0.01032
frame 2463 time 1231.5 binding_event at DNA_topoI 42 enzyme topoI with twist -179.59417 superhelical -0.07602 global twist -37.99831 global supercoiling -0.01088
frame 2464 time 1232.0 binding_event at gene mKalama1 enzyme RNAP with twist -85.13117 superhelical -0.07665 global twist -34.10872 global supercoiling -0.00997
frame 2464 time 1232.0 unbinding_event at gene tetA enzyme RNAP with twist 148.77665 superhelical 0.01447 global twist -34.10872 global supercoiling -0.00997
frame 2465 time 1232.5 unbinding_event at DNA_topoI 42 enzyme topoI with twist -135.37740 superhelical -0.07902 global twist -30.21913 global supercoiling -0.00883
frame 2467 time 1233.5 unbinding_event at gene tetA enzyme RNAP with twist 9.80885 superhelical -0.08062 global twist -26.32954 global supercoiling -0.00754
frame 2491 time 1245.5 unbinding_event at gene mKalama1 enzyme RNAP with twist -26.32954 superhelical 0.34549 global twist -26.32954 global supercoiling -0.00750
frame 2514 time 1257.0 binding_event at DNA_gyrase 23 enzyme gyrase with twist -26.32954 superhelical -0.00746 global twist -26.32954 global supercoiling -0.00746
frame 2514 time 1257.0 unbinding_event at DNA_gyrase 23 enzyme gyrase with twist -29.02233 superhelical -0.00802 global twist -26.32954 global supercoiling -0.00746
frame 2531 time 1265.5 binding_event at DNA_gyrase 0 enzyme gyrase with twist -29.02233 superhelical -0.00822 global twist -29.02233 global supercoiling -0.00822
frame 2536 time 1268.0 unbinding_event at DNA_gyrase 0 enzyme gyrase with twist -45.17909 superhelical -0.01319 global twist -42.48630 global supercoiling -0.01228
frame 2636 time 1318.0 binding_event at DNA_topoI 34 enzyme topoI with twist -45.17909 superhelical -0.01280 global twist -45.17909 global supercoiling -0.01280
frame 2637 time 1318.5 unbinding_event at DNA_topoI 34 enzyme topoI with twist -37.39991 superhelical -0.00581 global twist -41.28950 global supercoiling -0.01194
frame 2673 time 1336.5 binding_event at DNA_gyrase 28 enzyme gyrase with twist -37.39991 superhelical -0.01059 global twist -37.39991 global supercoiling -0.01059
frame 2673 time 1336.5 unbinding_event at DNA_gyrase 28 enzyme gyrase with twist -40.09271 superhelical -0.02360 global twist -37.39991 global supercoiling -0.01059
frame 2727 time 1363.5 binding_event at gene mKalama1 enzyme RNAP with twist -40.09271 superhelical -0.01136 global twist -40.09271 global supercoiling -0.01136
frame 2747 time 1373.5 binding_event at DNA_gyrase 45 enzyme gyrase with twist -104.50785 superhelical -0.03243 global twist -40.09271 global supercoiling -0.01142
frame 2747 time 1373.5 unbinding_event at DNA_gyrase 45 enzyme gyrase with twist -110.79103 superhelical -0.03735 global twist -40.09271 global supercoiling -0.01142
frame 2754 time 1377.0 unbinding_event at gene mKalama1 enzyme RNAP with twist -42.78550 superhelical 0.64316 global twist -42.78550 global supercoiling -0.01218
frame 2807 time 1403.5 binding_event at DNA_gyrase 10 enzyme gyrase with twist -42.78550 superhelical -0.01212 global twist -42.78550 global supercoiling -0.01212
frame 2811 time 1405.5 unbinding_event at DNA_gyrase 10 enzyme gyrase with twist -56.24947 superhelical -0.01517 global twist -53.55667 global supercoiling -0.01548
frame 3007 time 1503.5 binding_event at gene tetA enzyme RNAP with twist -56.24947 superhelical -0.01593 global twist -56.24947 global supercoiling -0.01593
frame 3047 time 1523.5 unbinding_event at gene tetA enzyme RNAP with twist -56.24947 superhelical -0.07124 global twist -56.24947 global supercoiling -0.01602
frame 3099 time 1549.5 binding_event at DNA_gyrase 22 enzyme gyrase with twist -56.24947 superhelical -0.01593 global twist -56.24947 global supercoiling -0.01593
frame 3115 time 1557.5 unbinding_event at DNA_gyrase 22 enzyme gyrase with twist -102.02696 superhelical -0.02327 global twist -99.33417 global supercoiling -0.02872
frame 3125 time 1562.5 binding_event at gene tetA enzyme RNAP with twist -102.02696 superhelical -0.02890 global twist -102.02696 global supercoiling -0.02890
frame 3126 time 1563.0 binding_event at DNA_topoI 10 enzyme topoI with twist -48.57063 superhelical -0.02733 global twist -102.02696 global supercoiling -0.02906
frame 3127 time 1563.5 unbinding_event at DNA_topoI 10 enzyme topoI with twist -33.61067 superhelical -0.01211 global twist -98.13737 global supercoiling -0.02853
frame 3165 time 1582.5 unbinding_event at gene tetA enzyme RNAP with twist -94.24778 superhelical -0.08036 global twist -94.24778 global supercoiling -0.02684
frame 3178 time 1589.0 binding_event at DNA_gyrase 19 enzyme gyrase with twist -94.24778 superhelical -0.02669 global twist -94.24778 global supercoiling -0.02669
frame 3186 time 1593.0 unbinding_event at DNA_gyrase 19 enzyme gyrase with twist -118.48292 superhelical -0.03122 global twist -115.79013 global supercoiling -0.03348
frame 3242 time 1621.0 binding_event at gene Raspberry enzyme RNAP with twist -118.48292 superhelical -0.03356 global twist -118.48292 global supercoiling -0.03356
frame 3257 time 1628.5 binding_event at gene tetA enzyme RNAP with twist -38.90325 superhelical -0.01569 global twist -118.48292 global supercoiling -0.03374
frame 3266 time 1633.0 binding_event at gene mKalama1 enzyme RNAP with twist -111.89320 superhelical -0.09378 global twist -118.48292 global supercoiling -0.03393
frame 3269 time 1634.5 unbinding_event at gene Raspberry enzyme RNAP with twist -89.43021 superhelical -0.11774 global twist -118.48292 global supercoiling -0.03411
frame 3272 time 1636.0 binding_event at DNA_topoI 40 enzyme topoI with twist -103.79178 superhelical -0.07276 global twist -118.48292 global supercoiling -0.03393
frame 3272 time 1636.0 unbinding_event at DNA_topoI 40 enzyme topoI with twist -107.08297 superhelical -0.07725 global twist -118.48292 global supercoiling -0.03393
frame 3293 time 1646.5 unbinding_event at gene mKalama1 enzyme RNAP with twist -219.05510 superhelical 0.26810 global twist -114.59333 global supercoiling -0.03281
frame 3297 time 1648.5 unbinding_event at gene tetA enzyme RNAP with twist -114.59333 superhelical -0.09519 global twist -114.59333 global supercoiling -0.03263
frame 3449 time 1724.5 binding_event at DNA_topoI 22 enzyme topoI with twist -114.59333 superhelical -0.03246 global twist -114.59333 global supercoiling -0.03246
frame 3450 time 1725.0 unbinding_event at DNA_topoI 22 enzyme topoI with twist -106.81415 superhelical -0.03194 global twist -110.70374 global supercoiling -0.03201
frame 3528 time 1764.0 binding_event at DNA_gyrase 36 enzyme gyrase with twist -106.81415 superhelical -0.03025 global twist -106.81415 global supercoiling -0.03025
frame 3555 time 1777.5 unbinding_event at DNA_gyrase 36 enzyme gyrase with twist -182.21237 superhelical -0.08634 global twist -179.51958 global supercoiling -0.05190
frame 3586 time 1793.0 binding_event at DNA_topoI 48 enzyme topoI with twist -182.21237 superhelical -0.05161 global twist -182.21237 global supercoiling -0.05161
frame 3587 time 1793.5 unbinding_event at DNA_topoI 48 enzyme topoI with twist -174.43319 superhelical -0.05016 global twist -178.32278 global supercoiling -0.05156
frame 3635 time 1817.5 binding_event at DNA_topoI 14 enzyme topoI with twist -174.43319 superhelical -0.04941 global twist -174.43319 global supercoiling -0.04941
frame 3636 time 1818.0 unbinding_event at DNA_topoI 14 enzyme topoI with twist -166.65401 superhelical -0.04899 global twist -170.54360 global supercoiling -0.04931
frame 3781 time 1890.5 binding_event at DNA_topoI 4 enzyme topoI with twist -166.65401 superhelical -0.04720 global twist -166.65401 global supercoiling -0.04720
frame 3781 time 1890.5 unbinding_event at DNA_topoI 4 enzyme topoI with twist -162.76442 superhelical -0.04720 global twist -166.65401 global supercoiling -0.04720
frame 3827 time 1913.5 binding_event at gene tetA enzyme RNAP with twist -162.76442 superhelical -0.04610 global twist -162.76442 global supercoiling -0.04610
frame 3843 time 1921.5 binding_event at gene tetA enzyme RNAP with twist -136.99779 superhelical -0.06838 global twist -162.76442 global supercoiling -0.04635
frame 3867 time 1933.5 unbinding_event at gene tetA enzyme RNAP with twist 45.48441 superhelical -0.06904 global twist -162.76442 global supercoiling -0.04661
frame 3880 time 1940.0 binding_event at DNA_topoI 38 enzyme topoI with twist -251.33353 superhelical -0.10558 global twist -162.76442 global supercoiling -0.04635
frame 3883 time 1941.5 unbinding_event at gene tetA enzyme RNAP with twist -65.34425 superhelical -0.10807 global twist -151.09565 global supercoiling -0.04393
frame 3883 time 1941.5 unbinding_event at DNA_topoI 38 enzyme topoI with twist -147.20606 superhelical -0.09942 global twist -151.09565 global supercoiling -0.04393
frame 3887 time 1943.5 binding_event at gene tetA enzyme RNAP with twist -147.20606 superhelical -0.04169 global twist -147.20606 global supercoiling -0.04169
frame 3927 time 1963.5 unbinding_event at gene tetA enzyme RNAP with twist -147.20606 superhelical -0.08937 global twist -147.20606 global supercoiling -0.04192
frame 3930 time 1965.0 binding_event at DNA_topoI 10 enzyme topoI with twist -147.20606 superhelical -0.04169 global twist -147.20606 global supercoiling -0.04169
frame 3946 time 1973.0 unbinding_event at DNA_topoI 10 enzyme topoI with twist -81.08301 superhelical -0.02880 global twist -84.97260 global supercoiling -0.02457
frame 4026 time 2013.0 binding_event at DNA_gyrase 43 enzyme gyrase with twist -81.08301 superhelical -0.02297 global twist -81.08301 global supercoiling -0.02297
frame 4031 time 2015.5 unbinding_event at DNA_gyrase 43 enzyme gyrase with twist -97.23977 superhelical -0.03027 global twist -94.54698 global supercoiling -0.02734
frame 4083 time 2041.5 binding_event at gene tetA enzyme RNAP with twist -97.23977 superhelical -0.02754 global twist -97.23977 global supercoiling -0.02754
frame 4118 time 2059.0 binding_event at DNA_gyrase 24 enzyme gyrase with twist 75.95012 superhelical 0.06509 global twist -97.23977 global supercoiling -0.02769
frame 4119 time 2059.5 binding_event at gene tetA enzyme RNAP with twist -176.78029 superhelical -0.07483 global twist -99.93257 global supercoiling -0.02905
frame 4120 time 2060.0 binding_event at gene tetA enzyme RNAP with twist -133.06073 superhelical -0.07673 global twist -102.62536 global supercoiling -0.03000
frame 4123 time 2061.5 unbinding_event at gene tetA enzyme RNAP with twist 38.61791 superhelical -0.07544 global twist -110.70374 global supercoiling -0.03255
frame 4131 time 2065.5 unbinding_event at DNA_gyrase 24 enzyme gyrase with twist 41.20655 superhelical 0.03929 global twist -132.24609 global supercoiling -0.03866
frame 4159 time 2079.5 unbinding_event at gene tetA enzyme RNAP with twist 141.64479 superhelical -0.07748 global twist -134.93888 global supercoiling -0.03864
frame 4160 time 2080.0 unbinding_event at gene tetA enzyme RNAP with twist -134.93888 superhelical -0.11425 global twist -134.93888 global supercoiling -0.03843
frame 4173 time 2086.5 binding_event at gene tetA enzyme RNAP with twist -134.93888 superhelical -0.03822 global twist -134.93888 global supercoiling -0.03822
frame 4182 time 2091.0 binding_event at gene tetA enzyme RNAP with twist -98.26525 superhelical -0.05233 global twist -134.93888 global supercoiling -0.03843
frame 4213 time 2106.5 unbinding_event at gene tetA enzyme RNAP with twist 70.68923 superhelical -0.05287 global twist -134.93888 global supercoiling -0.03864
frame 4214 time 2107.0 binding_event at DNA_topoI 41 enzyme topoI with twist -205.62812 superhelical -0.08977 global twist -134.93888 global supercoiling -0.03843
frame 4215 time 2107.5 unbinding_event at DNA_topoI 41 enzyme topoI with twist -205.02972 superhelical -0.08893 global twist -131.04929 global supercoiling -0.03810
frame 4222 time 2111.0 unbinding_event at gene tetA enzyme RNAP with twist -127.15970 superhelical -0.09386 global twist -127.15970 global supercoiling -0.03621
frame 4260 time 2130.0 binding_event at DNA_topoI 3 enzyme topoI with twist -127.15970 superhelical -0.03602 global twist -127.15970 global supercoiling -0.03602
frame 4266 time 2133.0 unbinding_event at DNA_topoI 3 enzyme topoI with twist -99.93257 superhelical -0.02960 global twist -103.82216 global supercoiling -0.03002
frame 4270 time 2135.0 binding_event at DNA_topoI 23 enzyme topoI with twist -99.93257 superhelical -0.02831 global twist -99.93257 global supercoiling -0.02831
frame 4274 time 2137.0 unbinding_event at DNA_topoI 23 enzyme topoI with twist -80.48461 superhelical -0.02598 global twist -84.37420 global supercoiling -0.02439
frame 4275 time 2137.5 binding_event at gene Raspberry enzyme RNAP with twist -80.48461 superhelical -0.02280 global twist -80.48461 global supercoiling -0.02280
frame 4302 time 2151.0 unbinding_event at gene Raspberry enzyme RNAP with twist -80.48461 superhelical -0.09328 global twist -80.48461 global supercoiling -0.02292
frame 4338 time 2169.0 binding_event at gene tetA enzyme RNAP with twist -80.48461 superhelical -0.02280 global twist -80.48461 global supercoiling -0.02280
frame 4376 time 2188.0 binding_event at DNA_topoI 27 enzyme topoI with twist -175.77194 superhelical -0.07329 global twist -80.48461 global supercoiling -0.02292
frame 4378 time 2189.0 binding_event at DNA_topoI 32 enzyme topoI with twist -176.53144 superhelical -0.07580 global twist -72.70543 global supercoiling -0.02114
frame 4378 time 2189.0 unbinding_event at gene tetA enzyme RNAP with twist -49.65430 superhelical -0.07833 global twist -72.70543 global supercoiling -0.02114
frame 4380 time 2190.0 unbinding_event at DNA_topoI 27 enzyme topoI with twist -3.60318 superhelical 0.21463 global twist -57.14707 global supercoiling -0.01687
frame 4381 time 2190.5 unbinding_event at DNA_topoI 32 enzyme topoI with twist -45.47829 superhelical -0.00422 global twist -49.36788 global supercoiling -0.01427
frame 4388 time 2194.0 binding_event at DNA_gyrase 34 enzyme gyrase with twist -45.47829 superhelical -0.01288 global twist -45.47829 global supercoiling -0.01288
frame 4388 time 2194.0 unbinding_event at DNA_gyrase 34 enzyme gyrase with twist -48.17109 superhelical -0.01566 global twist -45.47829 global supercoiling -0.01288
frame 4477 time 2238.5 binding_event at DNA_gyrase 14 enzyme gyrase with twist -48.17109 superhelical -0.01364 global twist -48.17109 global supercoiling -0.01364
frame 4478 time 2239.0 unbinding_event at DNA_gyrase 14 enzyme gyrase with twist -53.55667 superhelical -0.01493 global twist -50.86388 global supercoiling -0.01471
frame 4525 time 2262.5 binding_event at gene tetA enzyme RNAP with twist -53.55667 superhelical -0.01517 global twist -53.55667 global supercoiling -0.01517
frame 4565 time 2282.5 unbinding_event at gene tetA enzyme RNAP with twist -53.55667 superhelical -0.07070 global twist -53.55667 global supercoiling -0.01525
frame 4673 time 2336.5 binding_event at gene mKalama1 enzyme RNAP with twist -53.55667 superhelical -0.01517 global twist -53.55667 global supercoiling -0.01517
frame 4700 time 2350.0 unbinding_event at gene mKalama1 enzyme RNAP with twist -53.55667 superhelical 0.62602 global twist -53.55667 global supercoiling -0.01525
frame 4735 time 2367.5 binding_event at gene tetA enzyme RNAP with twist -53.55667 superhelical -0.01517 global twist -53.55667 global supercoiling -0.01517
frame 4742 time 2371.0 binding_event at DNA_topoI 39 enzyme topoI with twist -51.30870 superhelical -0.02786 global twist -53.55667 global supercoiling -0.01525
frame 4756 time 2378.0 unbinding_event at DNA_topoI 39 enzyme topoI with twist -46.82071 superhelical 0.00360 global twist 0.89760 global supercoiling 0.00026
frame 4775 time 2387.5 unbinding_event at gene tetA enzyme RNAP with twist 4.78719 superhelical -0.04691 global twist 4.78719 global supercoiling 0.00136
frame 4788 time 2394.0 binding_event at gene Raspberry enzyme RNAP with twist 4.78719 superhelical 0.00136 global twist 4.78719 global supercoiling 0.00136
frame 4804 time 2402.0 binding_event at DNA_topoI 37 enzyme topoI with twist -56.40692 superhelical -0.05374 global twist 4.78719 global supercoiling 0.00136
frame 4805 time 2402.5 unbinding_event at DNA_topoI 37 enzyme topoI with twist -55.80852 superhelical -0.05251 global twist 8.67678 global supercoiling 0.00252
frame 4815 time 2407.5 unbinding_event at gene Raspberry enzyme RNAP with twist 12.56637 superhelical -0.07250 global twist 12.56637 global supercoiling 0.00358
frame 4829 time 2414.5 binding_event at DNA_gyrase 44 enzyme gyrase with twist 12.56637 superhelical 0.00356 global twist 12.56637 global supercoiling 0.00356
frame 4831 time 2415.5 unbinding_event at DNA_gyrase 44 enzyme gyrase with twist 4.48799 superhelical 0.00041 global twist 7.18078 global supercoiling 0.00208
frame 4951 time 2475.5 binding_event at DNA_gyrase 28 enzyme gyrase with twist 4.48799 superhelical 0.00127 global twist 4.48799 global supercoiling 0.00127
frame 4960 time 2480.0 unbinding_event at DNA_gyrase 28 enzyme gyrase with twist -22.43995 superhelical -0.12654 global twist -19.74715 global supercoiling -0.00571
frame 4982 time 2491.0 binding_event at gene tetA enzyme RNAP with twist -22.43995 superhelical -0.00636 global twist -22.43995 global supercoiling -0.00636
frame 5014 time 2507.0 binding_event at gene Raspberry enzyme RNAP with twist -125.86011 superhelical -0.05494 global twist -22.43995 global supercoiling -0.00639
frame 5022 time 2511.0 unbinding_event at gene tetA enzyme RNAP with twist 52.11430 superhelical -0.05541 global twist -22.43995 global supercoiling -0.00643
frame 5034 time 2517.0 binding_event at DNA_gyrase 2 enzyme gyrase with twist 91.60861 superhelical 0.03833 global twist -22.43995 global supercoiling -0.00639
frame 5041 time 2520.5 unbinding_event at gene Raspberry enzyme RNAP with twist -97.62564 superhelical -0.11286 global twist -41.28950 global supercoiling -0.01200
frame 5042 time 2521.0 unbinding_event at DNA_gyrase 2 enzyme gyrase with twist -46.67509 superhelical -0.05412 global twist -43.98230 global supercoiling -0.01272
frame 5046 time 2523.0 binding_event at DNA_topoI 4 enzyme topoI with twist -46.67509 superhelical -0.01322 global twist -46.67509 global supercoiling -0.01322
frame 5056 time 2528.0 unbinding_event at DNA_topoI 4 enzyme topoI with twist -3.88959 superhelical -0.00265 global twist -7.77918 global supercoiling -0.00225
frame 5070 time 2535.0 binding_event at gene tetA enzyme RNAP with twist -3.88959 superhelical -0.00110 global twist -3.88959 global supercoiling -0.00110
frame 5110 time 2555.0 unbinding_event at gene tetA enzyme RNAP with twist -3.88959 superhelical -0.06080 global twist -3.88959 global supercoiling -0.00111
frame 5135 time 2567.5 binding_event at DNA_topoI 16 enzyme topoI with twist -3.88959 superhelical -0.00110 global twist -3.88959 global supercoiling -0.00110
frame 5139 time 2569.5 binding_event at DNA_gyrase 6 enzyme gyrase with twist 4.59214 superhelical 0.00162 global twist 11.66877 global supercoiling 0.00337
frame 5139 time 2569.5 unbinding_event at DNA_gyrase 6 enzyme gyrase with twist 3.84414 superhelical 0.00103 global twist 11.66877 global supercoiling 0.00337
frame 5150 time 2575.0 unbinding_event at DNA_topoI 16 enzyme topoI with twist 55.65107 superhelical 0.00890 global twist 51.76148 global supercoiling 0.01497
frame 5190 time 2595.0 binding_event at gene mKalama1 enzyme RNAP with twist 55.65107 superhelical 0.01576 global twist 55.65107 global supercoiling 0.01576
frame 5203 time 2601.5 binding_event at gene mKalama1 enzyme RNAP with twist -1.28552 superhelical -0.00042 global twist 55.65107 global supercoiling 0.01585
frame 5217 time 2608.5 unbinding_event at gene mKalama1 enzyme RNAP with twist 110.70299 superhelical 0.76508 global twist 55.65107 global supercoiling 0.01594
frame 5230 time 2615.0 unbinding_event at gene mKalama1 enzyme RNAP with twist 55.65107 superhelical 1.08677 global twist 55.65107 global supercoiling 0.01585
frame 5234 time 2617.0 binding_event at gene tetA enzyme RNAP with twist 55.65107 superhelical 0.01576 global twist 55.65107 global supercoiling 0.01576
frame 5264 time 2632.0 binding_event at DNA_gyrase 25 enzyme gyrase with twist 136.16322 superhelical 0.10836 global twist 55.65107 global supercoiling 0.01585
frame 5264 time 2632.0 unbinding_event at DNA_gyrase 25 enzyme gyrase with twist 137.06081 superhelical 0.11445 global twist 55.65107 global supercoiling 0.01585
frame 5274 time 2637.0 unbinding_event at gene tetA enzyme RNAP with twist 52.95828 superhelical -0.04894 global twist 52.95828 global supercoiling 0.01508
frame 5320 time 2660.0 binding_event at gene tetA enzyme RNAP with twist 52.95828 superhelical 0.01500 global twist 52.95828 global supercoiling 0.01500
frame 5360 time 2680.0 unbinding_event at gene tetA enzyme RNAP with twist 52.95828 superhelical -0.04947 global twist 52.95828 global supercoiling 0.01508
frame 5368 time 2684.0 binding_event at gene tetA enzyme RNAP with twist 52.95828 superhelical 0.01500 global twist 52.95828 global supercoiling 0.01500
frame 5370 time 2685.0 binding_event at gene tetA enzyme RNAP with twist 18.70271 superhelical 0.01067 global twist 52.95828 global supercoiling 0.01508
frame 5371 time 2685.5 binding_event at gene tetA enzyme RNAP with twist 14.93149 superhelical 0.00861 global twist 52.95828 global supercoiling 0.01516
frame 5376 time 2688.0 binding_event at DNA_gyrase 22 enzyme gyrase with twist 55.79792 superhelical 0.03378 global twist 52.95828 global supercoiling 0.01525
frame 5377 time 2688.5 unbinding_event at DNA_gyrase 22 enzyme gyrase with twist 57.59311 superhelical 0.03958 global twist 50.26548 global supercoiling 0.01478
frame 5394 time 2697.0 binding_event at gene tetA enzyme RNAP with twist -67.65792 superhelical -0.03178 global twist 47.57269 global supercoiling 0.01370
frame 5405 time 2702.5 binding_event at gene tetA enzyme RNAP with twist -94.52633 superhelical -0.04940 global twist 47.57269 global supercoiling 0.01377
frame 5408 time 2704.0 binding_event at gene tetA enzyme RNAP with twist -96.40021 superhelical -0.05446 global twist 47.57269 global supercoiling 0.01385
frame 5408 time 2704.0 unbinding_event at gene tetA enzyme RNAP with twist 169.07608 superhelical 0.01079 global twist 47.57269 global supercoiling 0.01385
frame 5410 time 2705.0 unbinding_event at gene tetA enzyme RNAP with twist 176.26727 superhelical 0.00869 global twist 47.57269 global supercoiling 0.01385
frame 5411 time 2705.5 unbinding_event at gene tetA enzyme RNAP with twist 167.23176 superhelical -0.03207 global twist 47.57269 global supercoiling 0.01377
frame 5434 time 2717.0 unbinding_event at gene tetA enzyme RNAP with twist 240.91347 superhelical -0.04989 global twist 47.57269 global supercoiling 0.01370
frame 5445 time 2722.5 unbinding_event at gene tetA enzyme RNAP with twist 278.49691 superhelical -0.05506 global twist 47.57269 global supercoiling 0.01362
frame 5448 time 2724.0 unbinding_event at gene tetA enzyme RNAP with twist 47.57269 superhelical -0.09856 global twist 47.57269 global supercoiling 0.01355
frame 5450 time 2725.0 binding_event at gene tetA enzyme RNAP with twist 47.57269 superhelical 0.01347 global twist 47.57269 global supercoiling 0.01347
frame 5475 time 2737.5 binding_event at DNA_gyrase 24 enzyme gyrase with twist 114.08121 superhelical 0.08473 global twist 47.57269 global supercoiling 0.01355
frame 5477 time 2738.5 unbinding_event at DNA_gyrase 24 enzyme gyrase with twist 116.77400 superhelical 0.09937 global twist 42.18710 global supercoiling 0.01227
frame 5490 time 2745.0 unbinding_event at gene tetA enzyme RNAP with twist 39.49431 superhelical -0.05055 global twist 39.49431 global supercoiling 0.01125
frame 5498 time 2749.0 binding_event at gene tetA enzyme RNAP with twist 39.49431 superhelical 0.01119 global twist 39.49431 global supercoiling 0.01119
frame 5538 time 2769.0 unbinding_event at gene tetA enzyme RNAP with twist 39.49431 superhelical -0.05216 global twist 39.49431 global supercoiling 0.01125
frame 5584 time 2792.0 binding_event at DNA_gyrase 42 enzyme gyrase with twist 39.49431 superhelical 0.01119 global twist 39.49431 global supercoiling 0.01119
frame 5585 time 2792.5 unbinding_event at DNA_gyrase 42 enzyme gyrase with twist 34.10872 superhelical 0.00899 global twist 36.80151 global supercoiling 0.01064
frame 5638 time 2819.0 binding_event at gene tetA enzyme RNAP with twist 34.10872 superhelical 0.00966 global twist 34.10872 global supercoiling 0.00966
frame 5678 time 2839.0 unbinding_event at gene tetA enzyme RNAP with twist 34.10872 superhelical -0.05323 global twist 34.10872 global supercoiling 0.00971
frame 5690 time 2845.0 binding_event at DNA_gyrase 16 enzyme gyrase with twist 34.10872 superhelical 0.00966 global twist 34.10872 global supercoiling 0.00966
frame 5695 time 2847.5 unbinding_event at DNA_gyrase 16 enzyme gyrase with twist 17.95196 superhelical 0.00701 global twist 20.64475 global supercoiling 0.00597
frame 5747 time 2873.5 binding_event at gene Raspberry enzyme RNAP with twist 17.95196 superhelical 0.00508 global twist 17.95196 global supercoiling 0.00508
frame 5753 time 2876.5 binding_event at DNA_gyrase 13 enzyme gyrase with twist 35.59676 superhelical 0.01348 global twist 17.95196 global supercoiling 0.00511
frame 5757 time 2878.5 unbinding_event at DNA_gyrase 13 enzyme gyrase with twist 40.08475 superhelical 0.02145 global twist 7.18078 global supercoiling 0.00209
frame 5774 time 2887.0 unbinding_event at gene Raspberry enzyme RNAP with twist 4.48799 superhelical -0.07639 global twist 4.48799 global supercoiling 0.00128
frame 5815 time 2907.5 binding_event at gene tetA enzyme RNAP with twist 4.48799 superhelical 0.00127 global twist 4.48799 global supercoiling 0.00127
frame 5842 time 2921.0 binding_event at DNA_gyrase 8 enzyme gyrase with twist 99.23505 superhelical 0.07572 global twist 4.48799 global supercoiling 0.00128
frame 5849 time 2924.5 unbinding_event at DNA_gyrase 8 enzyme gyrase with twist -43.55592 superhelical -0.05067 global twist -14.36157 global supercoiling -0.00418
frame 5855 time 2927.5 unbinding_event at gene tetA enzyme RNAP with twist -17.05436 superhelical -0.02655 global twist -17.05436 global supercoiling -0.00486
frame 5998 time 2999.0 binding_event at gene mKalama1 enzyme RNAP with twist -17.05436 superhelical -0.00483 global twist -17.05436 global supercoiling -0.00483
frame 6009 time 3004.5 binding_event at DNA_topoI 3 enzyme topoI with twist -53.40402 superhelical -0.01744 global twist -17.05436 global supercoiling -0.00486
frame 6011 time 3005.5 unbinding_event at DNA_topoI 3 enzyme topoI with twist -52.50642 superhelical -0.02054 global twist -9.27518 global supercoiling -0.00270
frame 6025 time 3012.5 unbinding_event at gene mKalama1 enzyme RNAP with twist -5.38559 superhelical 0.67250 global twist -5.38559 global supercoiling -0.00153
frame 6077 time 3038.5 binding_event at gene tetA enzyme RNAP with twist -5.38559 superhelical -0.00153 global twist -5.38559 global supercoiling -0.00153
frame 6108 time 3054.0 binding_event at DNA_gyrase 14 enzyme gyrase with twist 108.54877 superhelical 0.08763 global twist -5.38559 global supercoiling -0.00153
frame 6109 time 3054.5 unbinding_event at DNA_gyrase 14 enzyme gyrase with twist 110.34397 superhelical 0.11461 global twist -8.07838 global supercoiling -0.00235
frame 6112 time 3056.0 binding_event at gene Raspberry enzyme RNAP with twist -128.29593 superhelical -0.05472 global twist -10.77117 global supercoiling -0.00307
frame 6117 time 3058.5 unbinding_event at gene tetA enzyme RNAP with twist 52.83217 superhelical -0.05517 global twist -10.77117 global supercoiling -0.00308
frame 6130 time 3065.0 binding_event at DNA_gyrase 3 enzyme gyrase with twist 95.91686 superhelical 0.03954 global twist -10.77117 global supercoiling -0.00307
frame 6135 time 3067.5 unbinding_event at DNA_gyrase 3 enzyme gyrase with twist 101.30245 superhelical 0.06669 global twist -24.23514 global supercoiling -0.00705
frame 6139 time 3069.5 unbinding_event at gene Raspberry enzyme RNAP with twist -26.92794 superhelical -0.11272 global twist -26.92794 global supercoiling -0.00767
frame 6213 time 3106.5 binding_event at DNA_gyrase 25 enzyme gyrase with twist -26.92794 superhelical -0.00763 global twist -26.92794 global supercoiling -0.00763
frame 6218 time 3109.0 unbinding_event at DNA_gyrase 25 enzyme gyrase with twist -43.08470 superhelical -0.01001 global twist -40.39191 global supercoiling -0.01168
frame 6402 time 3201.0 binding_event at DNA_topoI 4 enzyme topoI with twist -43.08470 superhelical -0.01220 global twist -43.08470 global supercoiling -0.01220
frame 6403 time 3201.5 unbinding_event at DNA_topoI 4 enzyme topoI with twist -35.30552 superhelical -0.01048 global twist -39.19511 global supercoiling -0.01133
frame 6416 time 3208.0 binding_event at gene tetA enzyme RNAP with twist -35.30552 superhelical -0.01000 global twist -35.30552 global supercoiling -0.01000
frame 6438 time 3219.0 binding_event at DNA_topoI 28 enzyme topoI with twist -96.24428 superhelical -0.04559 global twist -35.30552 global supercoiling -0.01005
frame 6441 time 3220.5 unbinding_event at DNA_topoI 28 enzyme topoI with twist -95.04748 superhelical 0.02667 global twist -23.63674 global supercoiling -0.00687
frame 6456 time 3228.0 unbinding_event at gene tetA enzyme RNAP with twist -19.74715 superhelical -0.06072 global twist -19.74715 global supercoiling -0.00562
frame 6536 time 3268.0 binding_event at DNA_gyrase 42 enzyme gyrase with twist -19.74715 superhelical -0.00559 global twist -19.74715 global supercoiling -0.00559
frame 6537 time 3268.5 unbinding_event at DNA_gyrase 42 enzyme gyrase with twist -25.13274 superhelical -0.00813 global twist -22.43995 global supercoiling -0.00649
frame 6608 time 3304.0 binding_event at DNA_gyrase 14 enzyme gyrase with twist -25.13274 superhelical -0.00712 global twist -25.13274 global supercoiling -0.00712
frame 6608 time 3304.0 unbinding_event at DNA_gyrase 14 enzyme gyrase with twist -27.82553 superhelical -0.00777 global twist -25.13274 global supercoiling -0.00712
frame 6752 time 3376.0 binding_event at gene tetA enzyme RNAP with twist -27.82553 superhelical -0.00788 global twist -27.82553 global supercoiling -0.00788
frame 6792 time 3396.0 unbinding_event at gene tetA enzyme RNAP with twist -27.82553 superhelical -0.06558 global twist -27.82553 global supercoiling -0.00792
frame 6896 time 3448.0 binding_event at DNA_gyrase 35 enzyme gyrase with twist -27.82553 superhelical -0.00788 global twist -27.82553 global supercoiling -0.00788
frame 6897 time 3448.5 unbinding_event at DNA_gyrase 35 enzyme gyrase with twist -33.21112 superhelical -0.01247 global twist -30.51833 global supercoiling -0.00882
frame 6957 time 3478.5 binding_event at gene tetA enzyme RNAP with twist -33.21112 superhelical -0.00941 global twist -33.21112 global supercoiling -0.00941
frame 6966 time 3483.0 binding_event at gene tetA enzyme RNAP with twist -48.54555 superhelical -0.02585 global twist -33.21112 global supercoiling -0.00946
frame 6983 time 3491.5 binding_event at DNA_gyrase 21 enzyme gyrase with twist 76.37108 superhelical 0.05749 global twist -33.21112 global supercoiling -0.00951
frame 6986 time 3493.0 unbinding_event at DNA_gyrase 21 enzyme gyrase with twist 79.96147 superhelical 0.07529 global twist -41.28950 global supercoiling -0.01207
frame 6987 time 3493.5 binding_event at DNA_gyrase 15 enzyme gyrase with twist 79.96147 superhelical 0.06363 global twist -43.98230 global supercoiling -0.01259
frame 6988 time 3494.0 unbinding_event at DNA_gyrase 15 enzyme gyrase with twist 81.75667 superhelical 0.08276 global twist -46.67509 global supercoiling -0.01365
frame 6997 time 3498.5 unbinding_event at gene tetA enzyme RNAP with twist 110.35035 superhelical -0.02612 global twist -49.36788 global supercoiling -0.01414
frame 7006 time 3503.0 unbinding_event at gene tetA enzyme RNAP with twist -49.36788 superhelical -0.07831 global twist -49.36788 global supercoiling -0.01406
frame 7009 time 3504.5 binding_event at DNA_gyrase 45 enzyme gyrase with twist -49.36788 superhelical -0.01398 global twist -49.36788 global supercoiling -0.01398
frame 7016 time 3508.0 unbinding_event at DNA_gyrase 45 enzyme gyrase with twist -70.91023 superhelical -0.02240 global twist -68.21744 global supercoiling -0.01972
frame 7062 time 3531.0 binding_event at DNA_gyrase 11 enzyme gyrase with twist -70.91023 superhelical -0.02008 global twist -70.91023 global supercoiling -0.02008
frame 7062 time 3531.0 unbinding_event at DNA_gyrase 11 enzyme gyrase with twist -73.60303 superhelical -0.02105 global twist -70.91023 global supercoiling -0.02008
frame 7200 time 3600.0 binding_event at gene tetA enzyme RNAP with twist -73.60303 superhelical -0.02085 global twist -73.60303 global supercoiling -0.02085
frame 7240 time 3620.0 unbinding_event at gene tetA enzyme RNAP with twist -73.60303 superhelical -0.07470 global twist -73.60303 global supercoiling -0.02096
frame 7287 time 3643.5 binding_event at DNA_gyrase 6 enzyme gyrase with twist -73.60303 superhelical -0.02085 global twist -73.60303 global supercoiling -0.02085
frame 7294 time 3647.0 unbinding_event at DNA_gyrase 6 enzyme gyrase with twist -95.14538 superhelical -0.02637 global twist -92.45258 global supercoiling -0.02673
frame 7298 time 3649.0 binding_event at DNA_topoI 46 enzyme topoI with twist -95.14538 superhelical -0.02695 global twist -95.14538 global supercoiling -0.02695
frame 7299 time 3649.5 unbinding_event at DNA_topoI 46 enzyme topoI with twist -87.36620 superhelical -0.02473 global twist -91.25579 global supercoiling -0.02638
frame 7303 time 3651.5 binding_event at DNA_gyrase 42 enzyme gyrase with twist -87.36620 superhelical -0.02475 global twist -87.36620 global supercoiling -0.02475
frame 7306 time 3653.0 unbinding_event at DNA_gyrase 42 enzyme gyrase with twist -98.13737 superhelical -0.03011 global twist -95.44458 global supercoiling -0.02760
frame 7328 time 3664.0 binding_event at DNA_gyrase 47 enzyme gyrase with twist -98.13737 superhelical -0.02780 global twist -98.13737 global supercoiling -0.02780
frame 7328 time 3664.0 unbinding_event at DNA_gyrase 47 enzyme gyrase with twist -100.83016 superhelical -0.02929 global twist -98.13737 global supercoiling -0.02780
frame 7444 time 3722.0 binding_event at DNA_gyrase 34 enzyme gyrase with twist -100.83016 superhelical -0.02856 global twist -100.83016 global supercoiling -0.02856
frame 7448 time 3724.0 unbinding_event at DNA_gyrase 34 enzyme gyrase with twist -114.29413 superhelical -0.04171 global twist -111.60134 global supercoiling -0.03227
frame 7477 time 3738.5 binding_event at gene tetA enzyme RNAP with twist -114.29413 superhelical -0.03237 global twist -114.29413 global supercoiling -0.03237
frame 7506 time 3753.0 binding_event at DNA_topoI 44 enzyme topoI with twist -159.98291 superhelical -0.07152 global twist -114.29413 global supercoiling -0.03255
frame 7511 time 3755.5 unbinding_event at DNA_topoI 44 enzyme topoI with twist -158.18771 superhelical -0.06459 global twist -94.84618 global supercoiling -0.02757
frame 7517 time 3758.5 unbinding_event at gene tetA enzyme RNAP with twist -90.95659 superhelical -0.07329 global twist -90.95659 global supercoiling -0.02590
frame 7534 time 3767.0 binding_event at gene tetA enzyme RNAP with twist -90.95659 superhelical -0.02576 global twist -90.95659 global supercoiling -0.02576
frame 7549 time 3774.5 binding_event at DNA_topoI 48 enzyme topoI with twist -98.31114 superhelical -0.04951 global twist -90.95659 global supercoiling -0.02590
frame 7549 time 3774.5 unbinding_event at DNA_topoI 48 enzyme topoI with twist -98.01194 superhelical -0.05011 global twist -90.95659 global supercoiling -0.02590
frame 7553 time 3776.5 binding_event at gene tetA enzyme RNAP with twist -108.78311 superhelical -0.05288 global twist -87.06700 global supercoiling -0.02480
frame 7562 time 3781.0 binding_event at DNA_topoI 40 enzyme topoI with twist -123.91363 superhelical -0.06599 global twist -87.06700 global supercoiling -0.02493
frame 7568 time 3784.0 unbinding_event at DNA_topoI 40 enzyme topoI with twist -121.81924 superhelical -0.05454 global twist -63.72945 global supercoiling -0.01863
frame 7574 time 3787.0 unbinding_event at gene tetA enzyme RNAP with twist 83.52173 superhelical -0.05337 global twist -59.83986 global supercoiling -0.01714
frame 7593 time 3796.5 unbinding_event at gene tetA enzyme RNAP with twist -59.83986 superhelical -0.08628 global twist -59.83986 global supercoiling -0.01704
frame 7651 time 3825.5 binding_event at gene tetA enzyme RNAP with twist -59.83986 superhelical -0.01695 global twist -59.83986 global supercoiling -0.01695
frame 7691 time 3845.5 unbinding_event at gene tetA enzyme RNAP with twist -59.83986 superhelical -0.07196 global twist -59.83986 global supercoiling -0.01704
frame 7769 time 3884.5 binding_event at gene tetA enzyme RNAP with twist -59.83986 superhelical -0.01695 global twist -59.83986 global supercoiling -0.01695
frame 7802 time 3901.0 binding_event at DNA_gyrase 22 enzyme gyrase with twist 87.88995 superhelical 0.07307 global twist -59.83986 global supercoiling -0.01704
frame 7807 time 3903.5 unbinding_event at DNA_gyrase 22 enzyme gyrase with twist 93.27553 superhelical 0.10404 global twist -73.30383 global supercoiling -0.02131
frame 7809 time 3904.5 unbinding_event at gene tetA enzyme RNAP with twist -75.99662 superhelical -0.07196 global twist -75.99662 global supercoiling -0.02164
frame 7812 time 3906.0 binding_event at gene tetA enzyme RNAP with twist -75.99662 superhelical -0.02153 global twist -75.99662 global supercoiling -0.02153
frame 7834 time 3917.0 binding_event at DNA_topoI 47 enzyme topoI with twist -116.13216 superhelical -0.05501 global twist -75.99662 global supercoiling -0.02164
frame 7840 time 3920.0 unbinding_event at DNA_topoI 47 enzyme topoI with twist -114.03776 superhelical -0.04768 global twist -52.65908 global supercoiling -0.01531
frame 7846 time 3923.0 binding_event at gene tetA enzyme RNAP with twist -131.98972 superhelical -0.05673 global twist -48.76949 global supercoiling -0.01389
frame 7849 time 3924.5 binding_event at DNA_topoI 5 enzyme topoI with twist -33.81894 superhelical -0.05720 global twist -48.76949 global supercoiling -0.01397
frame 7852 time 3926.0 unbinding_event at gene tetA enzyme RNAP with twist 84.54943 superhelical -0.07078 global twist -37.10071 global supercoiling -0.01085
frame 7856 time 3928.0 binding_event at DNA_topoI 39 enzyme topoI with twist -134.07469 superhelical -0.07072 global twist -21.54235 global supercoiling -0.00626
frame 7859 time 3929.5 unbinding_event at DNA_topoI 39 enzyme topoI with twist -132.87790 superhelical -0.06482 global twist 1.79520 global supercoiling 0.00053
frame 7863 time 3931.5 unbinding_event at DNA_topoI 5 enzyme topoI with twist 172.37220 superhelical 4.62554 global twist 21.24315 global supercoiling 0.00618
frame 7886 time 3943.0 unbinding_event at gene tetA enzyme RNAP with twist 25.13274 superhelical -0.09372 global twist 25.13274 global supercoiling 0.00716
frame 7971 time 3985.5 binding_event at gene tetA enzyme RNAP with twist 25.13274 superhelical 0.00712 global twist 25.13274 global supercoiling 0.00712
frame 7997 time 3998.5 binding_event at DNA_topoI 39 enzyme topoI with twist -81.06649 superhelical -0.03714 global twist 25.13274 global supercoiling 0.00716
frame 7999 time 3999.5 unbinding_event at DNA_topoI 39 enzyme topoI with twist -80.16889 superhelical -0.03188 global twist 32.91192 global supercoiling 0.00957
frame 8000 time 4000.0 binding_event at gene tetA enzyme RNAP with twist -80.16889 superhelical -0.03584 global twist 36.80151 global supercoiling 0.01048
