TORCphysics log file 

General information: 
---------------------------------------------------------------------------------------
Circuit name: Pleu500_60
Size: 6000
Structure: circle
Number of sites: 110
Number of frames: 10000
Simulation time: 2500.0
Simulation timestep: 0.25
Seed: 1898264132853354223
 
Overall simulation information 
---------------------------------------------------------------------------------------
Initial twist: -211.83310
Final twist: 91.47895
Initial superhelical density: -0.06000
Final superhelical density: 0.02591
 
Overall rates 
---------------------------------------------------------------------------------------
site type            site name            #binding events      #unbinding events    binding rates        
 DNA_topoI            DNA_topoI_global                     53.0                 53.0                0.0212 
DNA_gyrase           DNA_gyrase_global                    81.0                 81.0                0.0324 
EXT                  EXT                                   0.0                  0.0                   0.0 
gene                 tetA                                 60.0                 60.0                 0.024 
gene                 CDS                                   0.0                  0.0                   0.0 
origin               ori                                   0.0                  0.0                   0.0 
lacOP                lac1                                  0.0                  0.0                   0.0 
gene                 mKalama1                              8.0                  8.0                0.0032 
lacOP                lac2                                  0.0                  0.0                   0.0 
gene                 Raspberry                             6.0                  6.0                0.0024 
 
Events
---------------------------------------------------------------------------------------
frame 2 time 0.5 binding_event at DNA_topoI 13 enzyme topoI with twist -211.83310 superhelical -0.06000 global twist -211.83310 global supercoiling -0.06000
frame 5 time 1.25 binding_event at DNA_topoI 29 enzyme topoI with twist -157.46026 superhelical -0.06013 global twist -205.99872 global supercoiling -0.05956
frame 14 time 3.5 unbinding_event at DNA_topoI 29 enzyme topoI with twist -128.28833 superhelical -0.00693 global twist -170.99240 global supercoiling -0.05049
frame 19 time 4.75 unbinding_event at DNA_topoI 13 enzyme topoI with twist -157.37883 superhelical -0.04713 global twist -159.32363 global supercoiling -0.04606
frame 124 time 31.0 binding_event at gene tetA enzyme RNAP with twist -157.37883 superhelical -0.04458 global twist -157.37883 global supercoiling -0.04458
frame 133 time 33.25 binding_event at DNA_topoI 23 enzyme topoI with twist -72.38114 superhelical -0.04125 global twist -157.37883 global supercoiling -0.04482
frame 134 time 33.5 unbinding_event at DNA_topoI 23 enzyme topoI with twist -66.69636 superhelical -0.04085 global twist -155.43404 global supercoiling -0.04519
frame 150 time 37.5 binding_event at DNA_topoI 20 enzyme topoI with twist -53.23239 superhelical -0.03171 global twist -153.48924 global supercoiling -0.04371
frame 154 time 38.5 unbinding_event at DNA_topoI 20 enzyme topoI with twist -39.02042 superhelical -0.02623 global twist -145.71006 global supercoiling -0.04236
frame 163 time 40.75 binding_event at DNA_topoI 49 enzyme topoI with twist -111.92562 superhelical -0.05918 global twist -143.76526 global supercoiling -0.04094
frame 167 time 41.75 binding_event at DNA_topoI 31 enzyme topoI with twist -95.35444 superhelical -0.05911 global twist -135.98608 global supercoiling -0.03954
frame 167 time 41.75 unbinding_event at DNA_topoI 49 enzyme topoI with twist -85.87641 superhelical -0.06027 global twist -135.98608 global supercoiling -0.03954
frame 171 time 42.75 unbinding_event at DNA_topoI 31 enzyme topoI with twist -100.55605 superhelical -0.04670 global twist -126.26210 global supercoiling -0.03671
frame 196 time 49.0 binding_event at DNA_gyrase 12 enzyme gyrase with twist -2.21891 superhelical -0.00151 global twist -124.31731 global supercoiling -0.03540
frame 197 time 49.25 unbinding_event at DNA_gyrase 12 enzyme gyrase with twist -3.11651 superhelical -0.00068 global twist -125.66371 global supercoiling -0.03653
frame 287 time 71.75 unbinding_event at gene tetA enzyme RNAP with twist -127.01010 superhelical -0.08347 global twist -127.01010 global supercoiling -0.03617
frame 401 time 100.25 binding_event at DNA_gyrase 2 enzyme gyrase with twist -127.01010 superhelical -0.03597 global twist -127.01010 global supercoiling -0.03597
frame 412 time 103.0 unbinding_event at DNA_gyrase 2 enzyme gyrase with twist -143.16687 superhelical -0.04114 global twist -141.82047 global supercoiling -0.04100
frame 460 time 115.0 binding_event at gene tetA enzyme RNAP with twist -143.16687 superhelical -0.04055 global twist -143.16687 global supercoiling -0.04055
frame 472 time 118.0 binding_event at DNA_topoI 18 enzyme topoI with twist -62.42252 superhelical -0.03585 global twist -143.16687 global supercoiling -0.04077
frame 473 time 118.25 unbinding_event at DNA_topoI 18 enzyme topoI with twist -56.73773 superhelical -0.03450 global twist -141.22207 global supercoiling -0.04106
frame 476 time 119.0 binding_event at DNA_topoI 14 enzyme topoI with twist -54.94254 superhelical -0.03188 global twist -139.27727 global supercoiling -0.03966
frame 489 time 122.25 unbinding_event at DNA_topoI 14 enzyme topoI with twist -15.14903 superhelical -0.00390 global twist -113.99493 global supercoiling -0.03314
frame 552 time 138.0 binding_event at gene tetA enzyme RNAP with twist -152.55218 superhelical -0.07165 global twist -112.05014 global supercoiling -0.03191
frame 585 time 146.25 binding_event at DNA_gyrase 12 enzyme gyrase with twist 70.12277 superhelical 0.05682 global twist -112.05014 global supercoiling -0.03209
frame 590 time 147.5 binding_event at DNA_topoI 8 enzyme topoI with twist -28.46833 superhelical -0.07230 global twist -118.78212 global supercoiling -0.03473
frame 590 time 147.5 unbinding_event at DNA_topoI 8 enzyme topoI with twist -26.52354 superhelical -0.06947 global twist -118.78212 global supercoiling -0.03473
frame 597 time 149.25 unbinding_event at DNA_gyrase 12 enzyme gyrase with twist 64.28838 superhelical 0.09384 global twist -126.26210 global supercoiling -0.03691
frame 623 time 155.75 unbinding_event at gene tetA enzyme RNAP with twist 61.10240 superhelical -0.06736 global twist -127.60850 global supercoiling -0.03654
frame 627 time 156.75 binding_event at DNA_gyrase 6 enzyme gyrase with twist 63.79519 superhelical 0.04374 global twist -127.60850 global supercoiling -0.03634
frame 639 time 159.75 unbinding_event at DNA_gyrase 6 enzyme gyrase with twist 57.96080 superhelical 0.34401 global twist -143.76526 global supercoiling -0.04180
frame 673 time 168.25 binding_event at gene mKalama1 enzyme RNAP with twist -232.69319 superhelical -0.10300 global twist -145.11166 global supercoiling -0.04133
frame 709 time 177.25 binding_event at DNA_topoI 1 enzyme topoI with twist -230.06392 superhelical -0.12009 global twist -145.11166 global supercoiling -0.04155
frame 715 time 178.75 unbinding_event at gene tetA enzyme RNAP with twist 52.82605 superhelical -0.11764 global twist -133.44289 global supercoiling -0.03901
frame 718 time 179.5 unbinding_event at DNA_topoI 1 enzyme topoI with twist -99.69689 superhelical -0.11987 global twist -127.60850 global supercoiling -0.03710
frame 782 time 195.5 unbinding_event at gene mKalama1 enzyme RNAP with twist -125.66371 superhelical 0.20469 global twist -125.66371 global supercoiling -0.03579
frame 971 time 242.75 binding_event at gene tetA enzyme RNAP with twist -125.66371 superhelical -0.03559 global twist -125.66371 global supercoiling -0.03559
frame 1053 time 263.25 binding_event at DNA_gyrase 12 enzyme gyrase with twist 9.35778 superhelical 0.00656 global twist -125.66371 global supercoiling -0.03579
frame 1075 time 268.75 binding_event at gene tetA enzyme RNAP with twist -154.76864 superhelical -0.07090 global twist -155.28444 global supercoiling -0.04515
frame 1076 time 269.0 unbinding_event at DNA_gyrase 12 enzyme gyrase with twist -1.41340 superhelical 0.02516 global twist -156.63083 global supercoiling -0.04579
frame 1134 time 283.5 unbinding_event at gene tetA enzyme RNAP with twist 18.63209 superhelical -0.07153 global twist -157.97723 global supercoiling -0.04524
frame 1208 time 302.0 binding_event at DNA_topoI 40 enzyme topoI with twist -242.13397 superhelical -0.10468 global twist -157.97723 global supercoiling -0.04499
frame 1211 time 302.75 unbinding_event at DNA_topoI 40 enzyme topoI with twist -237.94518 superhelical -0.10401 global twist -152.14284 global supercoiling -0.04423
frame 1230 time 307.5 binding_event at gene mKalama1 enzyme RNAP with twist -254.10194 superhelical -0.10536 global twist -150.19805 global supercoiling -0.04277
frame 1238 time 309.5 unbinding_event at gene tetA enzyme RNAP with twist -89.51607 superhelical -0.11035 global twist -150.19805 global supercoiling -0.04301
frame 1243 time 310.75 binding_event at DNA_topoI 30 enzyme topoI with twist -57.09159 superhelical -0.09691 global twist -150.19805 global supercoiling -0.04277
frame 1247 time 311.75 unbinding_event at DNA_topoI 30 enzyme topoI with twist -42.87962 superhelical -0.09083 global twist -142.41887 global supercoiling -0.04141
frame 1255 time 313.75 binding_event at gene tetA enzyme RNAP with twist -103.87764 superhelical -0.03490 global twist -140.47407 global supercoiling -0.04001
frame 1257 time 314.25 binding_event at DNA_topoI 23 enzyme topoI with twist -61.26924 superhelical -0.03430 global twist -140.47407 global supercoiling -0.04022
frame 1309 time 327.25 unbinding_event at DNA_topoI 23 enzyme topoI with twist 89.37761 superhelical 0.03116 global twist -39.34471 global supercoiling -0.01150
frame 1339 time 334.75 unbinding_event at gene mKalama1 enzyme RNAP with twist -153.70546 superhelical 0.25814 global twist -37.39991 global supercoiling -0.01071
frame 1348 time 337.0 binding_event at DNA_gyrase 11 enzyme gyrase with twist 123.48633 superhelical 0.08962 global twist -37.39991 global supercoiling -0.01065
frame 1354 time 338.5 unbinding_event at DNA_gyrase 11 enzyme gyrase with twist 120.34474 superhelical 0.11017 global twist -45.47829 global supercoiling -0.01322
frame 1360 time 340.0 binding_event at DNA_topoI 48 enzyme topoI with twist -171.65742 superhelical -0.07847 global twist -46.82469 global supercoiling -0.01334
frame 1362 time 340.5 unbinding_event at DNA_topoI 48 enzyme topoI with twist -168.51582 superhelical -0.07924 global twist -42.93510 global supercoiling -0.01248
frame 1392 time 348.0 binding_event at gene tetA enzyme RNAP with twist -194.54616 superhelical -0.08346 global twist -40.99030 global supercoiling -0.01167
frame 1400 time 350.0 binding_event at DNA_topoI 34 enzyme topoI with twist -151.59864 superhelical -0.08652 global twist -40.99030 global supercoiling -0.01174
frame 1404 time 351.0 unbinding_event at DNA_topoI 34 enzyme topoI with twist -146.36265 superhelical -0.08115 global twist -33.21112 global supercoiling -0.00971
frame 1416 time 354.0 binding_event at DNA_topoI 45 enzyme topoI with twist -156.23623 superhelical -0.08566 global twist -31.26633 global supercoiling -0.00895
frame 1418 time 354.5 unbinding_event at gene tetA enzyme RNAP with twist 127.66270 superhelical -0.08415 global twist -27.37674 global supercoiling -0.00800
frame 1421 time 355.25 unbinding_event at DNA_topoI 45 enzyme topoI with twist -149.95304 superhelical -0.08477 global twist -21.54235 global supercoiling -0.00626
frame 1481 time 370.25 binding_event at DNA_topoI 31 enzyme topoI with twist -202.91132 superhelical -0.09591 global twist -19.59755 global supercoiling -0.00558
frame 1486 time 371.5 binding_event at DNA_topoI 41 enzyme topoI with twist -170.69412 superhelical -0.09779 global twist -9.87358 global supercoiling -0.00287
frame 1486 time 371.5 unbinding_event at DNA_topoI 31 enzyme topoI with twist -89.97380 superhelical -0.08109 global twist -9.87358 global supercoiling -0.00287
frame 1487 time 371.75 unbinding_event at DNA_topoI 41 enzyme topoI with twist -193.63614 superhelical -0.08568 global twist -5.98399 global supercoiling -0.00174
frame 1527 time 381.75 binding_event at DNA_topoI 49 enzyme topoI with twist -228.64246 superhelical -0.09846 global twist -4.03919 global supercoiling -0.00115
frame 1529 time 382.25 unbinding_event at DNA_topoI 49 enzyme topoI with twist -225.50087 superhelical -0.09980 global twist -0.14960 global supercoiling -0.00004
frame 1542 time 385.5 binding_event at gene tetA enzyme RNAP with twist -236.27204 superhelical -0.09888 global twist 1.79520 global supercoiling 0.00051
frame 1555 time 388.75 unbinding_event at gene tetA enzyme RNAP with twist 185.43660 superhelical -0.09968 global twist 1.79520 global supercoiling 0.00051
frame 1559 time 389.75 binding_event at DNA_gyrase 9 enzyme gyrase with twist 188.12940 superhelical 0.10945 global twist 1.79520 global supercoiling 0.00051
frame 1564 time 391.0 unbinding_event at DNA_gyrase 9 enzyme gyrase with twist 185.43660 superhelical 0.12319 global twist -4.93679 global supercoiling -0.00144
frame 1573 time 393.25 binding_event at gene Raspberry enzyme RNAP with twist -198.90057 superhelical -0.10720 global twist -6.28319 global supercoiling -0.00179
frame 1587 time 396.75 binding_event at DNA_topoI 41 enzyme topoI with twist -116.31972 superhelical -0.10832 global twist -6.28319 global supercoiling -0.00180
frame 1588 time 397.0 binding_event at DNA_topoI 34 enzyme topoI with twist -96.04481 superhelical -0.11576 global twist -4.33839 global supercoiling -0.00127
frame 1589 time 397.25 unbinding_event at DNA_topoI 34 enzyme topoI with twist -93.95042 superhelical -0.12310 global twist -0.44880 global supercoiling -0.00013
frame 1603 time 400.75 binding_event at gene Raspberry enzyme RNAP with twist -105.61919 superhelical -0.11775 global twist 28.72313 global supercoiling 0.00840
frame 1613 time 403.25 unbinding_event at DNA_topoI 41 enzyme topoI with twist -63.81025 superhelical 0.38079 global twist 48.17109 global supercoiling 0.01416
frame 1658 time 414.5 binding_event at DNA_gyrase 24 enzyme gyrase with twist 268.91321 superhelical 0.21098 global twist 50.11588 global supercoiling 0.01443
frame 1675 time 418.75 unbinding_event at DNA_gyrase 24 enzyme gyrase with twist 260.83483 superhelical 0.24420 global twist 27.22714 global supercoiling 0.00800
frame 1681 time 420.25 unbinding_event at gene Raspberry enzyme RNAP with twist -77.70561 superhelical -0.12032 global twist 25.88074 global supercoiling 0.00745
frame 1686 time 421.5 binding_event at gene tetA enzyme RNAP with twist -77.70561 superhelical -0.06430 global twist 25.88074 global supercoiling 0.00741
frame 1688 time 422.0 binding_event at DNA_topoI 30 enzyme topoI with twist -168.01965 superhelical -0.14689 global twist 25.88074 global supercoiling 0.00745
frame 1700 time 425.0 unbinding_event at DNA_topoI 30 enzyme topoI with twist -154.40608 superhelical -0.10595 global twist 49.21828 global supercoiling 0.01447
frame 1705 time 426.25 unbinding_event at gene tetA enzyme RNAP with twist 246.78893 superhelical -0.06534 global twist 51.16308 global supercoiling 0.01473
frame 1711 time 427.75 unbinding_event at gene Raspberry enzyme RNAP with twist -201.01144 superhelical -0.13126 global twist 51.16308 global supercoiling 0.01465
frame 1740 time 435.0 binding_event at gene tetA enzyme RNAP with twist -226.14418 superhelical -0.11546 global twist 51.16308 global supercoiling 0.01457
frame 1754 time 438.5 binding_event at DNA_gyrase 10 enzyme gyrase with twist 289.87363 superhelical 0.19454 global twist 51.16308 global supercoiling 0.01465
frame 1766 time 441.5 unbinding_event at DNA_gyrase 10 enzyme gyrase with twist 284.03925 superhelical 0.25317 global twist 35.00632 global supercoiling 0.01023
frame 1767 time 441.75 binding_event at DNA_topoI 37 enzyme topoI with twist -224.35286 superhelical -0.12210 global twist 33.65992 global supercoiling 0.00964
frame 1768 time 442.0 unbinding_event at DNA_topoI 37 enzyme topoI with twist -222.25846 superhelical -0.12448 global twist 35.60472 global supercoiling 0.01041
frame 1842 time 460.5 binding_event at DNA_topoI 43 enzyme topoI with twist -287.78311 superhelical -0.13238 global twist 37.54951 global supercoiling 0.01075
frame 1846 time 461.5 binding_event at DNA_topoI 9 enzyme topoI with twist -26.02647 superhelical -0.11660 global twist 45.32869 global supercoiling 0.01325
frame 1846 time 461.5 unbinding_event at DNA_topoI 43 enzyme topoI with twist -282.54712 superhelical -0.13279 global twist 45.32869 global supercoiling 0.01325
frame 1849 time 462.25 unbinding_event at gene tetA enzyme RNAP with twist 353.48976 superhelical -0.10292 global twist 53.10788 global supercoiling 0.01553
frame 1858 time 464.5 unbinding_event at DNA_topoI 9 enzyme topoI with twist 365.87413 superhelical 0.05866 global twist 70.61103 global supercoiling 0.02053
frame 1903 time 475.75 unbinding_event at gene tetA enzyme RNAP with twist 72.55583 superhelical -0.13608 global twist 72.55583 global supercoiling 0.02066
frame 2048 time 512.0 binding_event at gene tetA enzyme RNAP with twist 72.55583 superhelical 0.02055 global twist 72.55583 global supercoiling 0.02055
frame 2181 time 545.25 binding_event at DNA_gyrase 10 enzyme gyrase with twist 156.47450 superhelical 0.13058 global twist 72.55583 global supercoiling 0.02066
frame 2181 time 545.25 unbinding_event at DNA_gyrase 10 enzyme gyrase with twist 156.02570 superhelical 0.15167 global twist 72.55583 global supercoiling 0.02066
frame 2192 time 548.0 binding_event at gene tetA enzyme RNAP with twist -93.79225 superhelical -0.03970 global twist 71.20943 global supercoiling 0.02028
frame 2197 time 549.25 binding_event at DNA_topoI 40 enzyme topoI with twist -73.17956 superhelical -0.04209 global twist 71.20943 global supercoiling 0.02039
frame 2199 time 549.75 unbinding_event at DNA_topoI 40 enzyme topoI with twist -70.03796 superhelical -0.04089 global twist 75.09902 global supercoiling 0.02196
frame 2204 time 551.0 binding_event at DNA_topoI 30 enzyme topoI with twist -73.62835 superhelical -0.04160 global twist 77.04382 global supercoiling 0.02206
frame 2211 time 552.75 unbinding_event at gene tetA enzyme RNAP with twist 157.85296 superhelical -0.04003 global twist 90.65739 global supercoiling 0.02650
frame 2221 time 555.25 unbinding_event at DNA_topoI 30 enzyme topoI with twist -54.77880 superhelical 0.02696 global twist 110.10534 global supercoiling 0.03201
frame 2262 time 565.5 binding_event at DNA_topoI 28 enzyme topoI with twist -90.68271 superhelical -0.04466 global twist 112.05014 global supercoiling 0.03191
frame 2265 time 566.25 unbinding_event at DNA_topoI 28 enzyme topoI with twist -86.49392 superhelical -0.00937 global twist 117.88452 global supercoiling 0.03427
frame 2274 time 568.5 binding_event at DNA_topoI 28 enzyme topoI with twist -93.67471 superhelical -0.04494 global twist 119.82932 global supercoiling 0.03413
frame 2284 time 571.0 unbinding_event at DNA_topoI 28 enzyme topoI with twist -82.15553 superhelical 0.05501 global twist 139.27727 global supercoiling 0.04049
frame 2296 time 574.0 binding_event at DNA_gyrase 45 enzyme gyrase with twist -92.02911 superhelical -0.04216 global twist 141.22207 global supercoiling 0.04022
frame 2305 time 576.25 unbinding_event at DNA_gyrase 45 enzyme gyrase with twist -114.46906 superhelical -0.04867 global twist 129.10450 global supercoiling 0.03753
frame 2311 time 577.75 binding_event at DNA_gyrase 18 enzyme gyrase with twist 246.71515 superhelical 0.19563 global twist 127.75810 global supercoiling 0.03638
frame 2313 time 578.25 unbinding_event at DNA_gyrase 18 enzyme gyrase with twist 245.36875 superhelical 0.21243 global twist 125.06531 global supercoiling 0.03636
frame 2340 time 585.0 binding_event at DNA_gyrase 12 enzyme gyrase with twist 268.70630 superhelical 0.23759 global twist 123.71891 global supercoiling 0.03523
frame 2354 time 588.5 unbinding_event at DNA_gyrase 12 enzyme gyrase with twist 261.97431 superhelical 0.50962 global twist 104.86935 global supercoiling 0.03049
frame 2355 time 588.75 unbinding_event at gene tetA enzyme RNAP with twist 103.52296 superhelical -0.06498 global twist 103.52296 global supercoiling 0.02948
frame 2405 time 601.25 binding_event at gene mKalama1 enzyme RNAP with twist 103.52296 superhelical 0.02932 global twist 103.52296 global supercoiling 0.02932
frame 2495 time 623.75 binding_event at gene tetA enzyme RNAP with twist 3.65056 superhelical 0.00112 global twist 103.52296 global supercoiling 0.02948
frame 2514 time 628.5 unbinding_event at gene mKalama1 enzyme RNAP with twist 83.55375 superhelical 0.76615 global twist 103.52296 global supercoiling 0.02964
frame 2650 time 662.5 binding_event at DNA_gyrase 26 enzyme gyrase with twist -37.62197 superhelical -0.01560 global twist 103.52296 global supercoiling 0.02948
frame 2651 time 662.75 unbinding_event at DNA_gyrase 26 enzyme gyrase with twist -42.10996 superhelical -0.05072 global twist 102.17656 global supercoiling 0.02971
frame 2658 time 664.5 binding_event at gene tetA enzyme RNAP with twist -47.49555 superhelical -0.01940 global twist 100.83016 global supercoiling 0.02872
frame 2658 time 664.5 unbinding_event at gene tetA enzyme RNAP with twist 135.29120 superhelical -0.01956 global twist 100.83016 global supercoiling 0.02872
frame 2705 time 676.25 binding_event at DNA_topoI 36 enzyme topoI with twist -75.75054 superhelical -0.03931 global twist 100.83016 global supercoiling 0.02872
frame 2709 time 677.25 unbinding_event at DNA_topoI 36 enzyme topoI with twist -70.51456 superhelical -0.03368 global twist 108.60935 global supercoiling 0.03158
frame 2727 time 681.75 binding_event at DNA_gyrase 8 enzyme gyrase with twist 196.32786 superhelical 0.13216 global twist 110.55414 global supercoiling 0.03148
frame 2735 time 683.75 binding_event at DNA_gyrase 18 enzyme gyrase with twist 161.15030 superhelical 0.13438 global twist 99.78297 global supercoiling 0.02901
frame 2736 time 684.0 unbinding_event at DNA_gyrase 18 enzyme gyrase with twist 157.11111 superhelical 0.13878 global twist 97.09017 global supercoiling 0.02883
frame 2737 time 684.25 unbinding_event at DNA_gyrase 8 enzyme gyrase with twist 188.69828 superhelical 0.19533 global twist 94.39738 global supercoiling 0.02744
frame 2821 time 705.25 unbinding_event at gene tetA enzyme RNAP with twist 93.05098 superhelical -0.06975 global twist 93.05098 global supercoiling 0.02650
frame 2873 time 718.25 binding_event at DNA_gyrase 1 enzyme gyrase with twist 93.05098 superhelical 0.02636 global twist 93.05098 global supercoiling 0.02636
frame 2885 time 721.25 unbinding_event at DNA_gyrase 1 enzyme gyrase with twist 75.54782 superhelical 0.02192 global twist 76.89422 global supercoiling 0.02223
frame 2941 time 735.25 binding_event at DNA_gyrase 46 enzyme gyrase with twist 75.54782 superhelical 0.02140 global twist 75.54782 global supercoiling 0.02140
frame 2952 time 738.0 unbinding_event at DNA_gyrase 46 enzyme gyrase with twist 59.39106 superhelical 0.01606 global twist 60.73746 global supercoiling 0.01756
frame 3031 time 757.75 binding_event at DNA_gyrase 48 enzyme gyrase with twist 59.39106 superhelical 0.01682 global twist 59.39106 global supercoiling 0.01682
frame 3043 time 760.75 unbinding_event at DNA_gyrase 48 enzyme gyrase with twist 41.88790 superhelical 0.01149 global twist 43.23430 global supercoiling 0.01250
frame 3058 time 764.5 binding_event at DNA_gyrase 43 enzyme gyrase with twist 41.88790 superhelical 0.01186 global twist 41.88790 global supercoiling 0.01186
frame 3068 time 767.0 unbinding_event at DNA_gyrase 43 enzyme gyrase with twist 27.07754 superhelical 0.00585 global twist 28.42393 global supercoiling 0.00822
frame 3119 time 779.75 binding_event at gene tetA enzyme RNAP with twist 27.07754 superhelical 0.00767 global twist 27.07754 global supercoiling 0.00767
frame 3245 time 811.25 binding_event at DNA_topoI 31 enzyme topoI with twist -99.86312 superhelical -0.04377 global twist 27.07754 global supercoiling 0.00771
frame 3273 time 818.25 unbinding_event at DNA_topoI 31 enzyme topoI with twist -69.49439 superhelical 0.04273 global twist 81.53181 global supercoiling 0.02370
frame 3282 time 820.5 unbinding_event at gene tetA enzyme RNAP with twist 83.47660 superhelical -0.03163 global twist 83.47660 global supercoiling 0.02377
frame 3371 time 842.75 binding_event at gene mKalama1 enzyme RNAP with twist 83.47660 superhelical 0.02364 global twist 83.47660 global supercoiling 0.02364
frame 3379 time 844.75 binding_event at gene tetA enzyme RNAP with twist 60.90358 superhelical 0.02100 global twist 83.47660 global supercoiling 0.02377
frame 3419 time 854.75 binding_event at DNA_gyrase 18 enzyme gyrase with twist 73.85795 superhelical 0.04571 global twist 83.47660 global supercoiling 0.02390
frame 3420 time 855.0 binding_event at gene tetA enzyme RNAP with twist -50.65349 superhelical -0.03485 global twist 82.13021 global supercoiling 0.02401
frame 3420 time 855.0 unbinding_event at DNA_gyrase 18 enzyme gyrase with twist 72.96036 superhelical 0.04867 global twist 82.13021 global supercoiling 0.02401
frame 3480 time 870.0 unbinding_event at gene mKalama1 enzyme RNAP with twist -40.21054 superhelical 0.74211 global twist 80.78381 global supercoiling 0.02326
frame 3490 time 872.5 binding_event at DNA_gyrase 18 enzyme gyrase with twist 134.89461 superhelical 0.10400 global twist 80.78381 global supercoiling 0.02313
frame 3493 time 873.25 unbinding_event at DNA_gyrase 18 enzyme gyrase with twist 133.09941 superhelical 0.11406 global twist 76.74462 global supercoiling 0.02244
frame 3494 time 873.5 binding_event at gene tetA enzyme RNAP with twist 133.09941 superhelical 0.06498 global twist 75.39822 global supercoiling 0.02159
frame 3496 time 874.0 binding_event at DNA_gyrase 12 enzyme gyrase with twist 134.89461 superhelical 0.10621 global twist 260.37695 global supercoiling 0.07497
frame 3498 time 874.5 unbinding_event at DNA_gyrase 12 enzyme gyrase with twist 133.54821 superhelical 0.12059 global twist 257.68416 global supercoiling 0.07576
frame 3542 time 885.5 unbinding_event at gene tetA enzyme RNAP with twist 167.22065 superhelical -0.03531 global twist 256.33776 global supercoiling 0.07381
frame 3583 time 895.75 unbinding_event at gene tetA enzyme RNAP with twist 224.55032 superhelical 0.06559 global twist 256.33776 global supercoiling 0.07340
frame 3589 time 897.25 binding_event at gene tetA enzyme RNAP with twist 27.29945 superhelical 0.01274 global twist 256.33776 global supercoiling 0.07300
frame 3657 time 914.25 unbinding_event at gene tetA enzyme RNAP with twist 296.20781 superhelical 0.01286 global twist 256.33776 global supercoiling 0.07340
frame 3668 time 917.0 binding_event at DNA_topoI 33 enzyme topoI with twist -48.84603 superhelical -0.02359 global twist 256.33776 global supercoiling 0.07300
frame 3668 time 917.0 unbinding_event at DNA_topoI 33 enzyme topoI with twist -47.79883 superhelical -0.02234 global twist 256.33776 global supercoiling 0.07300
frame 3717 time 929.25 binding_event at gene tetA enzyme RNAP with twist -90.88353 superhelical -0.03968 global twist 258.28256 global supercoiling 0.07356
frame 3752 time 938.0 unbinding_event at gene tetA enzyme RNAP with twist 359.26151 superhelical -0.04001 global twist 258.28256 global supercoiling 0.07396
frame 3818 time 954.5 binding_event at DNA_gyrase 11 enzyme gyrase with twist 417.60537 superhelical 0.31120 global twist 258.28256 global supercoiling 0.07356
frame 3819 time 954.75 unbinding_event at DNA_gyrase 11 enzyme gyrase with twist 416.70778 superhelical 0.34106 global twist 256.93616 global supercoiling 0.07470
frame 3824 time 956.0 binding_event at DNA_topoI 4 enzyme topoI with twist -164.70840 superhelical -0.07499 global twist 255.58976 global supercoiling 0.07279
frame 3851 time 962.75 unbinding_event at DNA_topoI 4 enzyme topoI with twist -135.38687 superhelical -0.06372 global twist 308.09924 global supercoiling 0.08957
frame 3877 time 969.25 binding_event at DNA_topoI 29 enzyme topoI with twist -157.82682 superhelical -0.06483 global twist 310.04404 global supercoiling 0.08830
frame 3880 time 970.0 unbinding_event at gene tetA enzyme RNAP with twist 325.76664 superhelical -0.06613 global twist 315.87842 global supercoiling 0.09184
frame 3896 time 974.0 unbinding_event at DNA_topoI 29 enzyme topoI with twist 348.93995 superhelical 0.04299 global twist 346.99515 global supercoiling 0.10032
frame 3910 time 977.5 binding_event at DNA_gyrase 29 enzyme gyrase with twist 348.93995 superhelical 0.09883 global twist 348.93995 global supercoiling 0.09883
frame 3915 time 978.75 binding_event at DNA_gyrase 18 enzyme gyrase with twist 327.70437 superhelical 0.09986 global twist 342.20796 global supercoiling 0.09894
frame 3917 time 979.25 unbinding_event at DNA_gyrase 18 enzyme gyrase with twist 321.64558 superhelical 0.10061 global twist 336.82237 global supercoiling 0.09945
frame 3917 time 979.25 unbinding_event at DNA_gyrase 29 enzyme gyrase with twist 334.12958 superhelical 0.07048 global twist 336.82237 global supercoiling 0.09945
frame 3939 time 984.75 binding_event at DNA_gyrase 7 enzyme gyrase with twist 334.12958 superhelical 0.09464 global twist 334.12958 global supercoiling 0.09464
frame 3941 time 985.25 unbinding_event at DNA_gyrase 7 enzyme gyrase with twist 330.09039 superhelical 0.09568 global twist 331.43679 global supercoiling 0.09583
frame 3942 time 985.5 binding_event at DNA_gyrase 28 enzyme gyrase with twist 330.09039 superhelical 0.09350 global twist 330.09039 global supercoiling 0.09350
frame 3947 time 986.75 binding_event at DNA_gyrase 11 enzyme gyrase with twist 316.67320 superhelical 0.09443 global twist 323.35841 global supercoiling 0.09349
frame 3948 time 987.0 binding_event at DNA_gyrase 14 enzyme gyrase with twist 94.25947 superhelical 0.09581 global twist 320.66561 global supercoiling 0.09468
frame 3957 time 989.25 unbinding_event at DNA_gyrase 11 enzyme gyrase with twist 208.31021 superhelical 0.09005 global twist 284.31290 global supercoiling 0.08576
frame 3959 time 989.75 binding_event at DNA_gyrase 8 enzyme gyrase with twist 206.96382 superhelical 0.08235 global twist 277.58091 global supercoiling 0.08196
frame 3959 time 989.75 unbinding_event at DNA_gyrase 28 enzyme gyrase with twist 173.11519 superhelical -0.01962 global twist 277.58091 global supercoiling 0.08196
frame 3962 time 990.5 binding_event at DNA_gyrase 28 enzyme gyrase with twist 171.76879 superhelical 0.07602 global twist 268.15614 global supercoiling 0.07917
frame 3963 time 990.75 unbinding_event at DNA_gyrase 8 enzyme gyrase with twist 184.51091 superhelical 0.07722 global twist 264.11694 global supercoiling 0.07967
frame 3965 time 991.25 unbinding_event at DNA_gyrase 14 enzyme gyrase with twist 249.11600 superhelical 0.07234 global twist 257.38496 global supercoiling 0.07599
frame 3965 time 991.25 unbinding_event at DNA_gyrase 28 enzyme gyrase with twist 254.69217 superhelical 0.05295 global twist 257.38496 global supercoiling 0.07599
frame 3978 time 994.5 binding_event at DNA_gyrase 32 enzyme gyrase with twist 254.69217 superhelical 0.07214 global twist 254.69217 global supercoiling 0.07214
frame 3983 time 995.75 unbinding_event at DNA_gyrase 32 enzyme gyrase with twist 246.61379 superhelical 0.06335 global twist 247.96018 global supercoiling 0.07169
frame 4011 time 1002.75 binding_event at DNA_gyrase 6 enzyme gyrase with twist 246.61379 superhelical 0.06985 global twist 246.61379 global supercoiling 0.06985
frame 4014 time 1003.5 unbinding_event at DNA_gyrase 6 enzyme gyrase with twist 241.22820 superhelical 0.07003 global twist 242.57459 global supercoiling 0.07013
frame 4024 time 1006.0 binding_event at DNA_gyrase 17 enzyme gyrase with twist 241.22820 superhelical 0.06833 global twist 241.22820 global supercoiling 0.06833
frame 4031 time 1007.75 unbinding_event at DNA_gyrase 17 enzyme gyrase with twist 230.45702 superhelical 0.06789 global twist 231.80342 global supercoiling 0.06702
frame 4047 time 1011.75 binding_event at DNA_gyrase 48 enzyme gyrase with twist 230.45702 superhelical 0.06528 global twist 230.45702 global supercoiling 0.06528
frame 4060 time 1015.0 binding_event at DNA_gyrase 10 enzyme gyrase with twist 118.99657 superhelical 0.06207 global twist 212.95386 global supercoiling 0.06157
frame 4062 time 1015.5 unbinding_event at DNA_gyrase 48 enzyme gyrase with twist 138.83089 superhelical 0.05964 global twist 207.56828 global supercoiling 0.06128
frame 4065 time 1016.25 unbinding_event at DNA_gyrase 10 enzyme gyrase with twist 200.83629 superhelical 0.05693 global twist 202.18269 global supercoiling 0.05846
frame 4067 time 1016.75 binding_event at DNA_gyrase 9 enzyme gyrase with twist 200.83629 superhelical 0.05689 global twist 200.83629 global supercoiling 0.05689
frame 4071 time 1017.75 unbinding_event at DNA_gyrase 9 enzyme gyrase with twist 194.10431 superhelical 0.05662 global twist 195.45071 global supercoiling 0.05651
frame 4094 time 1023.5 binding_event at DNA_gyrase 35 enzyme gyrase with twist 194.10431 superhelical 0.05498 global twist 194.10431 global supercoiling 0.05498
frame 4095 time 1023.75 unbinding_event at DNA_gyrase 35 enzyme gyrase with twist 191.41151 superhelical 0.05391 global twist 192.75791 global supercoiling 0.05573
frame 4183 time 1045.75 binding_event at DNA_gyrase 40 enzyme gyrase with twist 191.41151 superhelical 0.05422 global twist 191.41151 global supercoiling 0.05422
frame 4185 time 1046.25 unbinding_event at DNA_gyrase 40 enzyme gyrase with twist 187.37232 superhelical 0.05325 global twist 188.71872 global supercoiling 0.05456
frame 4272 time 1068.0 binding_event at DNA_gyrase 47 enzyme gyrase with twist 187.37232 superhelical 0.05307 global twist 187.37232 global supercoiling 0.05307
frame 4276 time 1069.0 binding_event at gene tetA enzyme RNAP with twist 105.06250 superhelical 0.05282 global twist 181.98674 global supercoiling 0.05262
frame 4282 time 1070.5 unbinding_event at DNA_gyrase 47 enzyme gyrase with twist 70.53530 superhelical 0.04913 global twist 173.90836 global supercoiling 0.05056
frame 4310 time 1077.5 binding_event at DNA_gyrase 12 enzyme gyrase with twist 126.26180 superhelical 0.07687 global twist 172.56196 global supercoiling 0.04914
frame 4323 time 1080.75 unbinding_event at DNA_gyrase 12 enzyme gyrase with twist 119.97861 superhelical 0.09413 global twist 155.05880 global supercoiling 0.04508
frame 4356 time 1089.0 binding_event at DNA_gyrase 18 enzyme gyrase with twist 148.70175 superhelical 0.10354 global twist 153.71240 global supercoiling 0.04378
frame 4378 time 1094.5 unbinding_event at DNA_gyrase 18 enzyme gyrase with twist 138.37937 superhelical 0.13003 global twist 124.09167 global supercoiling 0.03608
frame 4439 time 1109.75 unbinding_event at gene tetA enzyme RNAP with twist 122.74528 superhelical -0.02870 global twist 122.74528 global supercoiling 0.03496
frame 4451 time 1112.75 binding_event at DNA_gyrase 22 enzyme gyrase with twist 122.74528 superhelical 0.03477 global twist 122.74528 global supercoiling 0.03477
frame 4453 time 1113.25 unbinding_event at DNA_gyrase 22 enzyme gyrase with twist 118.70608 superhelical 0.03487 global twist 120.05248 global supercoiling 0.03471
frame 4461 time 1115.25 binding_event at gene tetA enzyme RNAP with twist 118.70608 superhelical 0.03362 global twist 118.70608 global supercoiling 0.03362
frame 4498 time 1124.5 binding_event at DNA_gyrase 36 enzyme gyrase with twist 24.80678 superhelical 0.01318 global twist 118.70608 global supercoiling 0.03381
frame 4499 time 1124.75 unbinding_event at DNA_gyrase 36 enzyme gyrase with twist 20.31879 superhelical 0.01172 global twist 117.35969 global supercoiling 0.03412
frame 4624 time 1156.0 unbinding_event at gene tetA enzyme RNAP with twist 116.01329 superhelical -0.03747 global twist 116.01329 global supercoiling 0.03304
frame 4679 time 1169.75 binding_event at DNA_gyrase 28 enzyme gyrase with twist 116.01329 superhelical 0.03286 global twist 116.01329 global supercoiling 0.03286
frame 4682 time 1170.5 unbinding_event at DNA_gyrase 28 enzyme gyrase with twist 110.62770 superhelical 0.00797 global twist 111.97410 global supercoiling 0.03237
frame 4743 time 1185.75 binding_event at DNA_gyrase 26 enzyme gyrase with twist 110.62770 superhelical 0.03133 global twist 110.62770 global supercoiling 0.03133
frame 4744 time 1186.0 binding_event at DNA_gyrase 10 enzyme gyrase with twist 108.75610 superhelical 0.03110 global twist 109.28131 global supercoiling 0.03160
frame 4745 time 1186.25 unbinding_event at DNA_gyrase 10 enzyme gyrase with twist 104.71691 superhelical 0.03062 global twist 106.58851 global supercoiling 0.03147
frame 4748 time 1187.0 unbinding_event at DNA_gyrase 26 enzyme gyrase with twist 99.85653 superhelical -0.07418 global twist 101.20293 global supercoiling 0.02926
frame 4995 time 1248.75 binding_event at gene tetA enzyme RNAP with twist 99.85653 superhelical 0.02828 global twist 99.85653 global supercoiling 0.02828
frame 5002 time 1250.5 binding_event at DNA_gyrase 41 enzyme gyrase with twist 42.52195 superhelical 0.02433 global twist 99.85653 global supercoiling 0.02844
frame 5009 time 1252.25 unbinding_event at DNA_gyrase 41 enzyme gyrase with twist 24.56999 superhelical 0.02019 global twist 90.43175 global supercoiling 0.02629
frame 5015 time 1253.75 binding_event at gene tetA enzyme RNAP with twist 20.08200 superhelical 0.01112 global twist 89.08535 global supercoiling 0.02537
frame 5018 time 1254.5 binding_event at DNA_gyrase 8 enzyme gyrase with twist 71.69615 superhelical 0.04237 global twist 89.08535 global supercoiling 0.02551
frame 5021 time 1255.25 unbinding_event at DNA_gyrase 8 enzyme gyrase with twist 69.90095 superhelical 0.04845 global twist 85.04616 global supercoiling 0.02486
frame 5055 time 1263.75 binding_event at gene tetA enzyme RNAP with twist -16.61551 superhelical -0.00876 global twist 83.69977 global supercoiling 0.02397
frame 5101 time 1275.25 binding_event at DNA_gyrase 15 enzyme gyrase with twist 140.81119 superhelical 0.10672 global twist 83.69977 global supercoiling 0.02410
frame 5102 time 1275.5 unbinding_event at DNA_gyrase 15 enzyme gyrase with twist 139.91359 superhelical 0.11556 global twist 82.35337 global supercoiling 0.02421
frame 5158 time 1289.5 unbinding_event at gene tetA enzyme RNAP with twist 190.97267 superhelical 0.01124 global twist 81.00697 global supercoiling 0.02332
frame 5163 time 1290.75 binding_event at DNA_gyrase 18 enzyme gyrase with twist 194.56306 superhelical 0.17203 global twist 81.00697 global supercoiling 0.02320
frame 5170 time 1292.5 unbinding_event at DNA_gyrase 18 enzyme gyrase with twist 190.97267 superhelical 0.19917 global twist 71.58219 global supercoiling 0.02093
frame 5178 time 1294.5 unbinding_event at gene tetA enzyme RNAP with twist 196.73350 superhelical -0.00885 global twist 70.23580 global supercoiling 0.02011
frame 5218 time 1304.5 unbinding_event at gene tetA enzyme RNAP with twist 70.23580 superhelical -0.06623 global twist 70.23580 global supercoiling 0.02000
frame 5243 time 1310.75 binding_event at DNA_gyrase 35 enzyme gyrase with twist 70.23580 superhelical 0.01989 global twist 70.23580 global supercoiling 0.01989
frame 5245 time 1311.25 unbinding_event at DNA_gyrase 35 enzyme gyrase with twist 66.19661 superhelical 0.01698 global twist 67.54300 global supercoiling 0.01953
frame 5284 time 1321.0 binding_event at DNA_gyrase 13 enzyme gyrase with twist 66.19661 superhelical 0.01875 global twist 66.19661 global supercoiling 0.01875
frame 5284 time 1321.0 unbinding_event at DNA_gyrase 13 enzyme gyrase with twist 64.85021 superhelical 0.01888 global twist 66.19661 global supercoiling 0.01875
frame 5316 time 1329.0 binding_event at gene tetA enzyme RNAP with twist 64.85021 superhelical 0.01837 global twist 64.85021 global supercoiling 0.01837
frame 5322 time 1330.5 binding_event at gene tetA enzyme RNAP with twist 26.31012 superhelical 0.01509 global twist 64.85021 global supercoiling 0.01847
frame 5334 time 1333.5 binding_event at DNA_gyrase 14 enzyme gyrase with twist 49.31127 superhelical 0.02876 global twist 64.85021 global supercoiling 0.01857
frame 5336 time 1334.0 unbinding_event at DNA_gyrase 14 enzyme gyrase with twist 47.96487 superhelical 0.03127 global twist 62.15742 global supercoiling 0.01817
frame 5479 time 1369.75 unbinding_event at gene tetA enzyme RNAP with twist 176.44009 superhelical 0.01526 global twist 60.81102 global supercoiling 0.01741
frame 5485 time 1371.25 unbinding_event at gene tetA enzyme RNAP with twist 60.81102 superhelical -0.04935 global twist 60.81102 global supercoiling 0.01732
frame 5518 time 1379.5 binding_event at gene tetA enzyme RNAP with twist 60.81102 superhelical 0.01722 global twist 60.81102 global supercoiling 0.01722
frame 5681 time 1420.25 unbinding_event at gene tetA enzyme RNAP with twist 60.81102 superhelical -0.04791 global twist 60.81102 global supercoiling 0.01732
frame 5728 time 1432.0 binding_event at DNA_gyrase 37 enzyme gyrase with twist 60.81102 superhelical 0.01722 global twist 60.81102 global supercoiling 0.01722
frame 5729 time 1432.25 unbinding_event at DNA_gyrase 37 enzyme gyrase with twist 58.11823 superhelical 0.01579 global twist 59.46462 global supercoiling 0.01719
frame 5862 time 1465.5 binding_event at gene tetA enzyme RNAP with twist 58.11823 superhelical 0.01646 global twist 58.11823 global supercoiling 0.01646
frame 5923 time 1480.75 binding_event at gene tetA enzyme RNAP with twist -26.34804 superhelical -0.01324 global twist 58.11823 global supercoiling 0.01655
frame 5945 time 1486.25 binding_event at gene tetA enzyme RNAP with twist -42.69119 superhelical -0.02352 global twist 58.11823 global supercoiling 0.01664
frame 5946 time 1486.5 binding_event at gene tetA enzyme RNAP with twist -41.69677 superhelical -0.02423 global twist 58.11823 global supercoiling 0.01673
frame 5993 time 1498.25 binding_event at DNA_topoI 31 enzyme topoI with twist -82.63310 superhelical -0.04298 global twist 58.11823 global supercoiling 0.01683
frame 6012 time 1503.0 unbinding_event at DNA_topoI 31 enzyme topoI with twist -61.68915 superhelical 0.01599 global twist 95.06934 global supercoiling 0.02811
frame 6025 time 1506.25 unbinding_event at gene tetA enzyme RNAP with twist 173.51485 superhelical -0.01337 global twist 97.01414 global supercoiling 0.02809
frame 6086 time 1521.5 unbinding_event at gene tetA enzyme RNAP with twist 226.37631 superhelical -0.02377 global twist 97.01414 global supercoiling 0.02793
frame 6108 time 1527.0 unbinding_event at gene tetA enzyme RNAP with twist 244.87268 superhelical -0.12295 global twist 97.01414 global supercoiling 0.02778
frame 6110 time 1527.5 unbinding_event at gene tetA enzyme RNAP with twist 97.01414 superhelical -0.06103 global twist 97.01414 global supercoiling 0.02763
frame 6126 time 1531.5 binding_event at DNA_gyrase 29 enzyme gyrase with twist 97.01414 superhelical 0.02748 global twist 97.01414 global supercoiling 0.02748
frame 6138 time 1534.5 binding_event at gene tetA enzyme RNAP with twist 83.96756 superhelical 0.02559 global twist 80.85737 global supercoiling 0.02338
frame 6139 time 1534.75 unbinding_event at DNA_gyrase 29 enzyme gyrase with twist 30.16567 superhelical -0.02516 global twist 79.51098 global supercoiling 0.02312
frame 6141 time 1535.25 binding_event at DNA_gyrase 49 enzyme gyrase with twist 29.26807 superhelical 0.01692 global twist 78.16458 global supercoiling 0.02226
frame 6149 time 1537.25 binding_event at DNA_gyrase 37 enzyme gyrase with twist 23.09545 superhelical 0.01432 global twist 67.39340 global supercoiling 0.01959
frame 6156 time 1539.0 unbinding_event at DNA_gyrase 49 enzyme gyrase with twist -23.28226 superhelical 0.00135 global twist 48.54385 global supercoiling 0.01441
frame 6168 time 1542.0 binding_event at DNA_gyrase 8 enzyme gyrase with twist 73.13165 superhelical 0.04404 global twist 31.04069 global supercoiling 0.00902
frame 6173 time 1543.25 unbinding_event at DNA_gyrase 37 enzyme gyrase with twist -55.55493 superhelical -0.00741 global twist 17.57672 global supercoiling 0.00522
frame 6178 time 1544.5 unbinding_event at DNA_gyrase 8 enzyme gyrase with twist 68.19487 superhelical 0.05997 global twist 9.49834 global supercoiling 0.00276
frame 6202 time 1550.5 binding_event at DNA_gyrase 5 enzyme gyrase with twist 88.83962 superhelical 0.05891 global twist 8.15194 global supercoiling 0.00232
frame 6204 time 1551.0 unbinding_event at DNA_gyrase 5 enzyme gyrase with twist 87.49322 superhelical 0.24829 global twist 5.45915 global supercoiling 0.00159
frame 6280 time 1570.0 binding_event at DNA_gyrase 17 enzyme gyrase with twist 154.81306 superhelical 0.13370 global twist 4.11275 global supercoiling 0.00117
frame 6284 time 1571.0 unbinding_event at DNA_gyrase 17 enzyme gyrase with twist 152.56907 superhelical 0.15100 global twist -1.27283 global supercoiling -0.00037
frame 6296 time 1574.0 binding_event at DNA_topoI 4 enzyme topoI with twist -165.06188 superhelical -0.06806 global twist -2.61923 global supercoiling -0.00075
frame 6301 time 1575.25 unbinding_event at DNA_topoI 4 enzyme topoI with twist -158.77869 superhelical -0.06718 global twist 7.10475 global supercoiling 0.00207
frame 6301 time 1575.25 unbinding_event at gene tetA enzyme RNAP with twist 9.04954 superhelical -0.06718 global twist 7.10475 global supercoiling 0.00207
frame 6487 time 1621.75 binding_event at gene tetA enzyme RNAP with twist 9.04954 superhelical 0.00256 global twist 9.04954 global supercoiling 0.00256
frame 6512 time 1628.0 binding_event at gene tetA enzyme RNAP with twist -18.01696 superhelical -0.00985 global twist 9.04954 global supercoiling 0.00258
frame 6567 time 1641.75 binding_event at DNA_topoI 41 enzyme topoI with twist -66.45823 superhelical -0.03385 global twist 9.04954 global supercoiling 0.00259
frame 6580 time 1645.0 binding_event at DNA_gyrase 31 enzyme gyrase with twist -23.86302 superhelical -0.02297 global twist 34.33188 global supercoiling 0.01004
frame 6589 time 1647.25 binding_event at DNA_gyrase 10 enzyme gyrase with twist 96.18154 superhelical 0.07192 global twist 39.71747 global supercoiling 0.01186
frame 6589 time 1647.25 unbinding_event at DNA_gyrase 31 enzyme gyrase with twist -27.60301 superhelical -0.04567 global twist 39.71747 global supercoiling 0.01186
frame 6598 time 1649.5 binding_event at DNA_topoI 47 enzyme topoI with twist -27.63524 superhelical -0.02787 global twist 43.75666 global supercoiling 0.01307
frame 6600 time 1650.0 unbinding_event at DNA_gyrase 10 enzyme gyrase with twist 90.79595 superhelical 0.11944 global twist 48.84305 global supercoiling 0.01491
frame 6609 time 1652.25 unbinding_event at DNA_topoI 47 enzyme topoI with twist -3.40010 superhelical 0.03495 global twist 82.50297 global supercoiling 0.02464
frame 6636 time 1659.0 unbinding_event at DNA_topoI 41 enzyme topoI with twist 16.71918 superhelical 0.01742 global twist 136.95724 global supercoiling 0.04004
frame 6650 time 1662.5 unbinding_event at gene tetA enzyme RNAP with twist 134.74923 superhelical -0.00996 global twist 138.90204 global supercoiling 0.03977
frame 6659 time 1664.75 binding_event at DNA_gyrase 4 enzyme gyrase with twist -3.02797 superhelical -0.00127 global twist 138.90204 global supercoiling 0.03956
frame 6671 time 1667.75 binding_event at DNA_gyrase 11 enzyme gyrase with twist 152.70119 superhelical 0.14118 global twist 122.74528 global supercoiling 0.03569
frame 6671 time 1667.75 unbinding_event at DNA_gyrase 4 enzyme gyrase with twist -32.19991 superhelical -0.00575 global twist 122.74528 global supercoiling 0.03569
frame 6671 time 1667.75 unbinding_event at DNA_gyrase 11 enzyme gyrase with twist 152.25239 superhelical 0.19314 global twist 122.74528 global supercoiling 0.03569
frame 6675 time 1668.75 unbinding_event at gene tetA enzyme RNAP with twist 120.05248 superhelical -0.01459 global twist 120.05248 global supercoiling 0.03419
frame 6691 time 1672.75 binding_event at gene tetA enzyme RNAP with twist 120.05248 superhelical 0.03400 global twist 120.05248 global supercoiling 0.03400
frame 6709 time 1677.25 binding_event at DNA_gyrase 11 enzyme gyrase with twist 77.53329 superhelical 0.04522 global twist 120.05248 global supercoiling 0.03419
frame 6720 time 1680.0 unbinding_event at DNA_gyrase 11 enzyme gyrase with twist 72.14770 superhelical 0.05585 global twist 105.24212 global supercoiling 0.03060
frame 6760 time 1690.0 binding_event at DNA_gyrase 14 enzyme gyrase with twist 107.15402 superhelical 0.07213 global twist 103.89572 global supercoiling 0.02959
frame 6767 time 1691.75 unbinding_event at DNA_gyrase 14 enzyme gyrase with twist 103.56363 superhelical 0.08321 global twist 94.47094 global supercoiling 0.02747
frame 6854 time 1713.5 unbinding_event at gene tetA enzyme RNAP with twist 93.12454 superhelical -0.03610 global twist 93.12454 global supercoiling 0.02652
frame 6892 time 1723.0 binding_event at gene tetA enzyme RNAP with twist 93.12454 superhelical 0.02638 global twist 93.12454 global supercoiling 0.02638
frame 6912 time 1728.0 binding_event at DNA_gyrase 36 enzyme gyrase with twist 27.56290 superhelical 0.01526 global twist 93.12454 global supercoiling 0.02652
frame 6930 time 1732.5 unbinding_event at DNA_gyrase 36 enzyme gyrase with twist -15.07300 superhelical -0.00292 global twist 68.88940 global supercoiling 0.02003
frame 7007 time 1751.75 binding_event at DNA_topoI 6 enzyme topoI with twist -83.29044 superhelical -0.03731 global twist 67.54300 global supercoiling 0.01924
frame 7007 time 1751.75 unbinding_event at DNA_topoI 6 enzyme topoI with twist -82.24324 superhelical -0.03809 global twist 67.54300 global supercoiling 0.01924
frame 7055 time 1763.75 unbinding_event at gene tetA enzyme RNAP with twist 69.48780 superhelical -0.05111 global twist 69.48780 global supercoiling 0.01979
frame 7063 time 1765.75 binding_event at gene tetA enzyme RNAP with twist 69.48780 superhelical 0.01968 global twist 69.48780 global supercoiling 0.01968
frame 7134 time 1783.5 binding_event at gene tetA enzyme RNAP with twist -29.76711 superhelical -0.01463 global twist 69.48780 global supercoiling 0.01979
frame 7166 time 1791.5 binding_event at gene tetA enzyme RNAP with twist -54.06737 superhelical -0.02907 global twist 69.48780 global supercoiling 0.01990
frame 7226 time 1806.5 unbinding_event at gene tetA enzyme RNAP with twist 178.30865 superhelical -0.01477 global twist 69.48780 global supercoiling 0.02001
frame 7241 time 1810.25 binding_event at gene tetA enzyme RNAP with twist -117.73116 superhelical -0.05735 global twist 69.48780 global supercoiling 0.01990
frame 7297 time 1824.25 unbinding_event at gene tetA enzyme RNAP with twist 238.38204 superhelical -0.02937 global twist 69.48780 global supercoiling 0.02001
frame 7323 time 1830.75 binding_event at DNA_topoI 9 enzyme topoI with twist -18.37763 superhelical -0.05789 global twist 69.48780 global supercoiling 0.01990
frame 7325 time 1831.25 unbinding_event at DNA_topoI 9 enzyme topoI with twist -12.54325 superhelical -0.05336 global twist 73.37739 global supercoiling 0.02145
frame 7329 time 1832.25 unbinding_event at gene tetA enzyme RNAP with twist 254.56193 superhelical -0.03951 global twist 75.32219 global supercoiling 0.02157
frame 7337 time 1834.25 binding_event at DNA_topoI 44 enzyme topoI with twist -185.52293 superhelical -0.08641 global twist 75.32219 global supercoiling 0.02145
frame 7340 time 1835.0 unbinding_event at DNA_topoI 44 enzyme topoI with twist -181.33414 superhelical -0.08630 global twist 81.15657 global supercoiling 0.02359
frame 7404 time 1851.0 unbinding_event at gene tetA enzyme RNAP with twist 83.10137 superhelical -0.09737 global twist 83.10137 global supercoiling 0.02367
frame 7405 time 1851.25 binding_event at gene tetA enzyme RNAP with twist 83.10137 superhelical 0.02354 global twist 83.10137 global supercoiling 0.02354
frame 7510 time 1877.5 binding_event at gene tetA enzyme RNAP with twist -53.63177 superhelical -0.02452 global twist 83.10137 global supercoiling 0.02367
frame 7525 time 1881.25 binding_event at DNA_topoI 3 enzyme topoI with twist -11.18223 superhelical -0.02473 global twist 83.10137 global supercoiling 0.02380
frame 7527 time 1881.75 unbinding_event at DNA_topoI 3 enzyme topoI with twist -5.34784 superhelical 0.03239 global twist 86.99096 global supercoiling 0.02543
frame 7562 time 1890.5 binding_event at DNA_topoI 3 enzyme topoI with twist -89.12464 superhelical -0.04571 global twist 88.93575 global supercoiling 0.02547
frame 7562 time 1890.5 unbinding_event at DNA_topoI 3 enzyme topoI with twist -88.07744 superhelical -0.04583 global twist 88.93575 global supercoiling 0.02547
frame 7568 time 1892.0 unbinding_event at gene tetA enzyme RNAP with twist 184.34358 superhelical -0.01183 global twist 90.88055 global supercoiling 0.02602
frame 7584 time 1896.0 binding_event at DNA_gyrase 8 enzyme gyrase with twist 197.80754 superhelical 0.13520 global twist 90.88055 global supercoiling 0.02588
frame 7599 time 1899.75 unbinding_event at DNA_gyrase 8 enzyme gyrase with twist 190.62676 superhelical 0.25691 global twist 70.68460 global supercoiling 0.02055
frame 7630 time 1907.5 binding_event at DNA_topoI 27 enzyme topoI with twist -148.21650 superhelical -0.06573 global twist 69.33820 global supercoiling 0.01975
frame 7642 time 1910.5 unbinding_event at DNA_topoI 27 enzyme topoI with twist -134.60293 superhelical 0.30934 global twist 92.67575 global supercoiling 0.02694
frame 7673 time 1918.25 unbinding_event at gene tetA enzyme RNAP with twist 94.62054 superhelical -0.06624 global twist 94.62054 global supercoiling 0.02695
frame 7772 time 1943.0 binding_event at DNA_gyrase 13 enzyme gyrase with twist 94.62054 superhelical 0.02680 global twist 94.62054 global supercoiling 0.02680
frame 7778 time 1944.5 unbinding_event at DNA_gyrase 13 enzyme gyrase with twist 85.19576 superhelical 0.02556 global twist 86.54216 global supercoiling 0.02502
frame 7852 time 1963.0 binding_event at gene tetA enzyme RNAP with twist 85.19576 superhelical 0.02413 global twist 85.19576 global supercoiling 0.02413
frame 7911 time 1977.75 binding_event at gene tetA enzyme RNAP with twist -11.31863 superhelical -0.00571 global twist 85.19576 global supercoiling 0.02426
frame 7971 time 1992.75 binding_event at gene tetA enzyme RNAP with twist -63.75730 superhelical -0.03211 global twist 85.19576 global supercoiling 0.02440
frame 8008 time 2002.0 binding_event at gene mKalama1 enzyme RNAP with twist -88.85809 superhelical -0.04721 global twist 85.19576 global supercoiling 0.02453
frame 8015 time 2003.75 unbinding_event at gene tetA enzyme RNAP with twist 189.34497 superhelical -0.00577 global twist 85.19576 global supercoiling 0.02467
frame 8025 time 2006.25 binding_event at gene tetA enzyme RNAP with twist -88.49656 superhelical -0.06468 global twist 85.19576 global supercoiling 0.02453
frame 8074 time 2018.5 unbinding_event at gene tetA enzyme RNAP with twist 234.19291 superhelical -0.03242 global twist 85.19576 global supercoiling 0.02467
frame 8078 time 2019.5 binding_event at gene tetA enzyme RNAP with twist -169.00045 superhelical -0.10552 global twist 85.19576 global supercoiling 0.02453
frame 8117 time 2029.25 unbinding_event at gene mKalama1 enzyme RNAP with twist -149.59459 superhelical 0.44123 global twist 85.19576 global supercoiling 0.02467
frame 8118 time 2029.5 binding_event at gene tetA enzyme RNAP with twist -149.59459 superhelical -0.07891 global twist 85.19576 global supercoiling 0.02453
frame 8134 time 2033.5 unbinding_event at gene tetA enzyme RNAP with twist 273.40731 superhelical -0.06560 global twist 85.19576 global supercoiling 0.02467
frame 8188 time 2047.0 unbinding_event at gene tetA enzyme RNAP with twist 298.51981 superhelical -0.10680 global twist 85.19576 global supercoiling 0.02453
frame 8226 time 2056.5 binding_event at DNA_topoI 44 enzyme topoI with twist -233.75094 superhelical -0.10621 global twist 85.19576 global supercoiling 0.02440
frame 8235 time 2058.75 unbinding_event at DNA_topoI 44 enzyme topoI with twist -223.27896 superhelical -0.10204 global twist 102.69892 global supercoiling 0.03003
frame 8241 time 2060.25 unbinding_event at gene tetA enzyme RNAP with twist 333.30827 superhelical -0.07972 global twist 104.64372 global supercoiling 0.02996
frame 8275 time 2068.75 binding_event at gene tetA enzyme RNAP with twist -258.28528 superhelical -0.10669 global twist 104.64372 global supercoiling 0.02980
frame 8281 time 2070.25 unbinding_event at gene tetA enzyme RNAP with twist 295.49453 superhelical -0.10754 global twist 104.64372 global supercoiling 0.02996
frame 8303 time 2075.75 binding_event at gene Raspberry enzyme RNAP with twist -209.70037 superhelical -0.11385 global twist 104.64372 global supercoiling 0.02980
frame 8321 time 2080.25 binding_event at gene tetA enzyme RNAP with twist -121.99247 superhelical -0.11505 global twist 104.64372 global supercoiling 0.02996
frame 8358 time 2089.5 binding_event at gene mKalama1 enzyme RNAP with twist -137.07579 superhelical -0.13583 global twist 104.64372 global supercoiling 0.03013
frame 8363 time 2090.75 binding_event at gene tetA enzyme RNAP with twist -100.04785 superhelical -0.11716 global twist 104.64372 global supercoiling 0.03030
frame 8399 time 2099.75 binding_event at gene Raspberry enzyme RNAP with twist -121.03481 superhelical -0.17033 global twist 104.64372 global supercoiling 0.03047
frame 8411 time 2102.75 unbinding_event at gene Raspberry enzyme RNAP with twist -151.81713 superhelical -0.17505 global twist 104.64372 global supercoiling 0.03064
frame 8438 time 2109.5 unbinding_event at gene tetA enzyme RNAP with twist 414.47278 superhelical -0.11716 global twist 104.64372 global supercoiling 0.03047
frame 8460 time 2115.0 binding_event at DNA_topoI 30 enzyme topoI with twist -158.47603 superhelical -0.19156 global twist 104.64372 global supercoiling 0.03030
frame 8461 time 2115.25 unbinding_event at DNA_topoI 30 enzyme topoI with twist -158.17683 superhelical -0.16835 global twist 106.58851 global supercoiling 0.03152
frame 8467 time 2116.75 binding_event at gene mKalama1 enzyme RNAP with twist -167.15281 superhelical -0.18779 global twist 108.53331 global supercoiling 0.03142
frame 8467 time 2116.75 unbinding_event at gene mKalama1 enzyme RNAP with twist -81.11677 superhelical 0.05912 global twist 108.53331 global supercoiling 0.03142
frame 8484 time 2121.0 unbinding_event at gene tetA enzyme RNAP with twist 435.46584 superhelical -0.11985 global twist 108.53331 global supercoiling 0.03142
frame 8507 time 2126.75 unbinding_event at gene Raspberry enzyme RNAP with twist -302.36443 superhelical -0.19578 global twist 108.53331 global supercoiling 0.03125
frame 8526 time 2131.5 unbinding_event at gene tetA enzyme RNAP with twist 136.69180 superhelical -0.16374 global twist 108.53331 global supercoiling 0.03108
frame 8534 time 2133.5 binding_event at DNA_gyrase 38 enzyme gyrase with twist 130.40862 superhelical 0.04121 global twist 108.53331 global supercoiling 0.03091
frame 8540 time 2135.0 unbinding_event at DNA_gyrase 38 enzyme gyrase with twist 114.70066 superhelical 0.01696 global twist 100.45493 global supercoiling 0.02921
frame 8576 time 2144.0 unbinding_event at gene mKalama1 enzyme RNAP with twist 99.10853 superhelical 0.10873 global twist 99.10853 global supercoiling 0.02822
frame 8597 time 2149.25 binding_event at gene tetA enzyme RNAP with twist 99.10853 superhelical 0.02807 global twist 99.10853 global supercoiling 0.02807
frame 8760 time 2190.0 unbinding_event at gene tetA enzyme RNAP with twist 99.10853 superhelical -0.04028 global twist 99.10853 global supercoiling 0.02822
frame 8795 time 2198.75 binding_event at DNA_gyrase 25 enzyme gyrase with twist 99.10853 superhelical 0.02807 global twist 99.10853 global supercoiling 0.02807
frame 8806 time 2201.5 unbinding_event at DNA_gyrase 25 enzyme gyrase with twist 82.95177 superhelical 0.02598 global twist 84.29816 global supercoiling 0.02437
frame 8849 time 2212.25 binding_event at DNA_gyrase 15 enzyme gyrase with twist 82.95177 superhelical 0.02350 global twist 82.95177 global supercoiling 0.02350
frame 8855 time 2213.75 unbinding_event at DNA_gyrase 15 enzyme gyrase with twist 73.52699 superhelical 0.02228 global twist 74.87339 global supercoiling 0.02165
frame 8867 time 2216.75 binding_event at gene tetA enzyme RNAP with twist 73.52699 superhelical 0.02083 global twist 73.52699 global supercoiling 0.02083
frame 8912 time 2228.0 binding_event at DNA_topoI 30 enzyme topoI with twist -4.45540 superhelical -0.00232 global twist 73.52699 global supercoiling 0.02094
frame 8918 time 2229.5 unbinding_event at DNA_topoI 30 enzyme topoI with twist 2.87498 superhelical 0.02493 global twist 85.19576 global supercoiling 0.02477
frame 8935 time 2233.75 binding_event at DNA_gyrase 42 enzyme gyrase with twist -11.48658 superhelical -0.00568 global twist 87.14056 global supercoiling 0.02482
frame 8935 time 2233.75 unbinding_event at DNA_gyrase 42 enzyme gyrase with twist -13.73058 superhelical -0.00650 global twist 87.14056 global supercoiling 0.02482
frame 8995 time 2248.75 binding_event at gene tetA enzyme RNAP with twist -66.68886 superhelical -0.02911 global twist 85.79416 global supercoiling 0.02443
frame 9030 time 2257.5 unbinding_event at gene tetA enzyme RNAP with twist 168.49326 superhelical -0.02936 global twist 85.79416 global supercoiling 0.02457
frame 9079 time 2269.75 binding_event at gene tetA enzyme RNAP with twist -125.78380 superhelical -0.06009 global twist 85.79416 global supercoiling 0.02443
frame 9109 time 2277.25 binding_event at DNA_topoI 29 enzyme topoI with twist -131.00986 superhelical -0.07078 global twist 85.79416 global supercoiling 0.02457
frame 9111 time 2277.75 unbinding_event at DNA_topoI 29 enzyme topoI with twist -127.86826 superhelical -0.05717 global twist 89.68375 global supercoiling 0.02622
frame 9137 time 2284.25 binding_event at DNA_topoI 41 enzyme topoI with twist -150.30821 superhelical -0.07605 global twist 91.62855 global supercoiling 0.02624
frame 9140 time 2285.0 unbinding_event at DNA_topoI 41 enzyme topoI with twist -146.11942 superhelical -0.07517 global twist 97.46293 global supercoiling 0.02849
frame 9158 time 2289.5 binding_event at DNA_topoI 26 enzyme topoI with twist -161.37858 superhelical -0.07793 global twist 99.40773 global supercoiling 0.02847
frame 9158 time 2289.5 unbinding_event at gene tetA enzyme RNAP with twist 261.68391 superhelical -0.06065 global twist 99.40773 global supercoiling 0.02847
frame 9162 time 2290.5 unbinding_event at DNA_topoI 26 enzyme topoI with twist -156.14260 superhelical 0.04920 global twist 107.18691 global supercoiling 0.03116
frame 9224 time 2306.0 binding_event at DNA_gyrase 16 enzyme gyrase with twist 320.02778 superhelical 0.27964 global twist 109.13171 global supercoiling 0.03108
frame 9225 time 2306.25 unbinding_event at DNA_gyrase 16 enzyme gyrase with twist 319.13018 superhelical 0.30548 global twist 107.78531 global supercoiling 0.03134
frame 9233 time 2308.25 binding_event at DNA_topoI 9 enzyme topoI with twist -218.97445 superhelical -0.09096 global twist 106.43891 global supercoiling 0.03031
frame 9242 time 2310.5 unbinding_event at DNA_topoI 9 enzyme topoI with twist -208.50247 superhelical -0.08959 global twist 123.94207 global supercoiling 0.03603
frame 9242 time 2310.5 unbinding_event at gene tetA enzyme RNAP with twist 125.88687 superhelical -0.08959 global twist 123.94207 global supercoiling 0.03603
frame 9374 time 2343.5 binding_event at DNA_gyrase 32 enzyme gyrase with twist 125.88687 superhelical 0.03566 global twist 125.88687 global supercoiling 0.03566
frame 9382 time 2345.5 binding_event at gene tetA enzyme RNAP with twist 106.21377 superhelical 0.03464 global twist 115.11569 global supercoiling 0.03328
frame 9402 time 2350.5 unbinding_event at DNA_gyrase 32 enzyme gyrase with twist 5.41495 superhelical -0.01334 global twist 88.18776 global supercoiling 0.02564
frame 9426 time 2356.5 binding_event at DNA_gyrase 20 enzyme gyrase with twist 102.07116 superhelical 0.06389 global twist 86.84136 global supercoiling 0.02473
frame 9434 time 2358.5 unbinding_event at DNA_gyrase 20 enzyme gyrase with twist 98.03197 superhelical 0.07100 global twist 76.07018 global supercoiling 0.02212
frame 9436 time 2359.0 binding_event at DNA_gyrase 37 enzyme gyrase with twist -24.20578 superhelical -0.01236 global twist 74.72379 global supercoiling 0.02128
frame 9437 time 2359.25 unbinding_event at DNA_gyrase 37 enzyme gyrase with twist -28.69377 superhelical -0.01462 global twist 73.37739 global supercoiling 0.02133
frame 9459 time 2364.75 binding_event at gene Raspberry enzyme RNAP with twist -47.54332 superhelical -0.02306 global twist 72.03099 global supercoiling 0.02051
frame 9509 time 2377.25 binding_event at gene tetA enzyme RNAP with twist -29.79902 superhelical -0.02328 global twist 72.03099 global supercoiling 0.02063
frame 9545 time 2386.25 unbinding_event at gene tetA enzyme RNAP with twist 184.64992 superhelical -0.02363 global twist 72.03099 global supercoiling 0.02074
frame 9567 time 2391.75 unbinding_event at gene Raspberry enzyme RNAP with twist -132.36608 superhelical -0.09235 global twist 72.03099 global supercoiling 0.02063
frame 9576 time 2394.0 binding_event at DNA_gyrase 9 enzyme gyrase with twist 211.57785 superhelical 0.14157 global twist 72.03099 global supercoiling 0.02051
frame 9584 time 2396.0 binding_event at DNA_topoI 39 enzyme topoI with twist -146.72764 superhelical -0.07148 global twist 61.25982 global supercoiling 0.01781
frame 9585 time 2396.25 unbinding_event at DNA_topoI 39 enzyme topoI with twist -144.63325 superhelical -0.07190 global twist 61.85822 global supercoiling 0.01837
frame 9587 time 2396.75 unbinding_event at DNA_gyrase 9 enzyme gyrase with twist 206.19227 superhelical 0.19304 global twist 61.11022 global supercoiling 0.01777
frame 9639 time 2409.75 binding_event at gene tetA enzyme RNAP with twist -192.20594 superhelical -0.08358 global twist 59.76382 global supercoiling 0.01702
frame 9672 time 2418.0 unbinding_event at gene tetA enzyme RNAP with twist 234.92834 superhelical -0.08428 global twist 59.76382 global supercoiling 0.01711
frame 9732 time 2433.0 binding_event at gene Raspberry enzyme RNAP with twist -228.12279 superhelical -0.10692 global twist 59.76382 global supercoiling 0.01702
frame 9757 time 2439.25 binding_event at gene mKalama1 enzyme RNAP with twist -104.68940 superhelical -0.11971 global twist 59.76382 global supercoiling 0.01711
frame 9758 time 2439.5 binding_event at DNA_topoI 45 enzyme topoI with twist -145.87334 superhelical -0.10789 global twist 59.76382 global supercoiling 0.01721
frame 9772 time 2443.0 binding_event at DNA_gyrase 14 enzyme gyrase with twist 323.79053 superhelical 0.27021 global twist 86.99096 global supercoiling 0.02558
frame 9783 time 2445.75 unbinding_event at DNA_topoI 45 enzyme topoI with twist -95.30866 superhelical -0.00042 global twist 93.57334 global supercoiling 0.02810
frame 9785 time 2446.25 unbinding_event at DNA_gyrase 14 enzyme gyrase with twist 317.50735 superhelical 0.35923 global twist 92.82535 global supercoiling 0.02729
frame 9802 time 2450.5 unbinding_event at gene tetA enzyme RNAP with twist 237.45785 superhelical -0.07049 global twist 91.47895 global supercoiling 0.02634
frame 9813 time 2453.25 binding_event at gene tetA enzyme RNAP with twist 246.43383 superhelical 0.10330 global twist 91.47895 global supercoiling 0.02619
frame 9840 time 2460.0 unbinding_event at gene Raspberry enzyme RNAP with twist -116.76372 superhelical -0.18322 global twist 91.47895 global supercoiling 0.02634
frame 9866 time 2466.5 unbinding_event at gene mKalama1 enzyme RNAP with twist -143.94329 superhelical 0.12677 global twist 91.47895 global supercoiling 0.02619
frame 9976 time 2494.0 unbinding_event at gene tetA enzyme RNAP with twist 91.47895 superhelical -0.09896 global twist 91.47895 global supercoiling 0.02605
