TORCphysics log file 

General information: 
---------------------------------------------------------------------------------------
Circuit name: Pleu500_22
Size: 6000
Structure: circle
Number of sites: 110
Number of frames: 10000
Simulation time: 2500.0
Simulation timestep: 0.25
Seed: 7861845091397588164
 
Overall simulation information 
---------------------------------------------------------------------------------------
Initial twist: -211.83310
Final twist: 28.72313
Initial superhelical density: -0.06000
Final superhelical density: 0.00818
 
Overall rates 
---------------------------------------------------------------------------------------
site type            site name            #binding events      #unbinding events    binding rates        
 DNA_topoI            DNA_topoI_global                     60.0                 60.0                 0.024 
DNA_gyrase           DNA_gyrase_global                    57.0                 57.0                0.0228 
EXT                  EXT                                   0.0                  0.0                   0.0 
gene                 tetA                                 46.0                 45.0                0.0184 
gene                 CDS                                   0.0                  0.0                   0.0 
origin               ori                                   0.0                  0.0                   0.0 
lacOP                lac1                                  0.0                  0.0                   0.0 
gene                 mKalama1                              8.0                  8.0                0.0032 
lacOP                lac2                                  0.0                  0.0                   0.0 
gene                 Raspberry                             5.0                  5.0                 0.002 
 
Events
---------------------------------------------------------------------------------------
frame 10 time 2.5 binding_event at DNA_topoI 36 enzyme topoI with twist -211.83310 superhelical -0.06000 global twist -211.83310 global supercoiling -0.06000
frame 11 time 2.75 binding_event at DNA_topoI 0 enzyme topoI with twist -169.22707 superhelical -0.06090 global twist -209.88831 global supercoiling -0.06068
frame 15 time 3.75 unbinding_event at DNA_topoI 0 enzyme topoI with twist -154.64111 superhelical -0.05209 global twist -194.32995 global supercoiling -0.05738
frame 22 time 5.5 unbinding_event at DNA_topoI 36 enzyme topoI with twist -176.82679 superhelical -0.04265 global twist -178.77158 global supercoiling -0.05169
frame 37 time 9.25 binding_event at DNA_topoI 12 enzyme topoI with twist -176.82679 superhelical -0.05008 global twist -176.82679 global supercoiling -0.05008
frame 41 time 10.25 unbinding_event at DNA_topoI 12 enzyme topoI with twist -167.10281 superhelical -0.04922 global twist -169.04760 global supercoiling -0.04888
frame 53 time 13.25 binding_event at DNA_topoI 15 enzyme topoI with twist -167.10281 superhelical -0.04733 global twist -167.10281 global supercoiling -0.04733
frame 53 time 13.25 unbinding_event at DNA_topoI 15 enzyme topoI with twist -165.15801 superhelical -0.04796 global twist -167.10281 global supercoiling -0.04733
frame 59 time 14.75 binding_event at gene tetA enzyme RNAP with twist -165.15801 superhelical -0.04678 global twist -165.15801 global supercoiling -0.04678
frame 89 time 22.25 binding_event at DNA_gyrase 24 enzyme gyrase with twist -57.50868 superhelical -0.03463 global twist -165.15801 global supercoiling -0.04703
frame 96 time 24.0 unbinding_event at DNA_gyrase 24 enzyme gyrase with twist -61.09907 superhelical -0.03587 global twist -174.58279 global supercoiling -0.05076
frame 222 time 55.5 unbinding_event at gene tetA enzyme RNAP with twist -175.92919 superhelical -0.09295 global twist -175.92919 global supercoiling -0.05010
frame 410 time 102.5 binding_event at gene tetA enzyme RNAP with twist -175.92919 superhelical -0.04983 global twist -175.92919 global supercoiling -0.04983
frame 479 time 119.75 binding_event at DNA_topoI 4 enzyme topoI with twist -147.92010 superhelical -0.07302 global twist -175.92919 global supercoiling -0.05010
frame 485 time 121.25 binding_event at DNA_topoI 37 enzyme topoI with twist -140.72946 superhelical -0.07135 global twist -164.26042 global supercoiling -0.04776
frame 488 time 122.0 unbinding_event at DNA_topoI 4 enzyme topoI with twist -77.90481 superhelical -0.06728 global twist -152.59164 global supercoiling -0.04531
frame 488 time 122.0 unbinding_event at DNA_topoI 37 enzyme topoI with twist -129.66894 superhelical -0.06887 global twist -152.59164 global supercoiling -0.04531
frame 552 time 138.0 binding_event at DNA_gyrase 14 enzyme gyrase with twist 37.51555 superhelical 0.03240 global twist -148.70205 global supercoiling -0.04235
frame 553 time 138.25 unbinding_event at DNA_gyrase 14 enzyme gyrase with twist 36.61796 superhelical 0.03700 global twist -150.04845 global supercoiling -0.04362
frame 573 time 143.25 unbinding_event at gene tetA enzyme RNAP with twist -151.39485 superhelical -0.08399 global twist -151.39485 global supercoiling -0.04312
frame 584 time 146.0 binding_event at DNA_topoI 19 enzyme topoI with twist -151.39485 superhelical -0.04288 global twist -151.39485 global supercoiling -0.04288
frame 587 time 146.75 unbinding_event at DNA_topoI 19 enzyme topoI with twist -143.61566 superhelical -0.04250 global twist -145.56046 global supercoiling -0.04208
frame 599 time 149.75 binding_event at DNA_topoI 20 enzyme topoI with twist -143.61566 superhelical -0.04068 global twist -143.61566 global supercoiling -0.04068
frame 608 time 152.0 unbinding_event at DNA_topoI 20 enzyme topoI with twist -124.16771 superhelical -0.03841 global twist -126.11251 global supercoiling -0.03646
frame 646 time 161.5 binding_event at DNA_topoI 45 enzyme topoI with twist -124.16771 superhelical -0.03517 global twist -124.16771 global supercoiling -0.03517
frame 657 time 164.25 unbinding_event at DNA_topoI 45 enzyme topoI with twist -100.83016 superhelical -0.02710 global twist -102.77496 global supercoiling -0.02971
frame 721 time 180.25 binding_event at DNA_topoI 1 enzyme topoI with twist -100.83016 superhelical -0.02856 global twist -100.83016 global supercoiling -0.02856
frame 730 time 182.5 unbinding_event at DNA_topoI 1 enzyme topoI with twist -81.38221 superhelical -0.02362 global twist -83.32701 global supercoiling -0.02409
frame 817 time 204.25 binding_event at DNA_gyrase 40 enzyme gyrase with twist -81.38221 superhelical -0.02305 global twist -81.38221 global supercoiling -0.02305
frame 822 time 205.5 unbinding_event at DNA_gyrase 40 enzyme gyrase with twist -89.46059 superhelical -0.02771 global twist -88.11419 global supercoiling -0.02548
frame 862 time 215.5 binding_event at gene mKalama1 enzyme RNAP with twist -89.46059 superhelical -0.02534 global twist -89.46059 global supercoiling -0.02534
frame 896 time 224.0 binding_event at DNA_topoI 6 enzyme topoI with twist -103.48329 superhelical -0.03431 global twist -89.46059 global supercoiling -0.02548
frame 899 time 224.75 unbinding_event at DNA_topoI 6 enzyme topoI with twist -99.29450 superhelical -0.03457 global twist -83.62620 global supercoiling -0.02431
frame 947 time 236.75 binding_event at DNA_topoI 43 enzyme topoI with twist -141.48160 superhelical -0.04359 global twist -81.68141 global supercoiling -0.02326
frame 971 time 242.75 unbinding_event at gene mKalama1 enzyme RNAP with twist 44.10794 superhelical 0.53476 global twist -35.00632 global supercoiling -0.01018
frame 977 time 244.25 unbinding_event at DNA_topoI 43 enzyme topoI with twist -21.39275 superhelical 0.04224 global twist -23.33755 global supercoiling -0.00675
frame 1011 time 252.75 binding_event at DNA_gyrase 20 enzyme gyrase with twist -21.39275 superhelical -0.00606 global twist -21.39275 global supercoiling -0.00606
frame 1013 time 253.25 unbinding_event at DNA_gyrase 20 enzyme gyrase with twist -25.43194 superhelical -0.00683 global twist -24.08554 global supercoiling -0.00696
frame 1098 time 274.5 binding_event at DNA_gyrase 46 enzyme gyrase with twist -25.43194 superhelical -0.00720 global twist -25.43194 global supercoiling -0.00720
frame 1099 time 274.75 binding_event at gene tetA enzyme RNAP with twist -15.82676 superhelical -0.00768 global twist -26.77834 global supercoiling -0.00774
frame 1101 time 275.25 unbinding_event at DNA_gyrase 46 enzyme gyrase with twist -19.59464 superhelical -0.00928 global twist -29.47113 global supercoiling -0.00857
frame 1150 time 287.5 binding_event at gene tetA enzyme RNAP with twist -62.67934 superhelical -0.03222 global twist -30.81753 global supercoiling -0.00878
frame 1262 time 315.5 unbinding_event at gene tetA enzyme RNAP with twist 126.46449 superhelical -0.03254 global twist -30.81753 global supercoiling -0.00882
frame 1271 time 317.75 binding_event at DNA_topoI 3 enzyme topoI with twist -164.46281 superhelical -0.07280 global twist -30.81753 global supercoiling -0.00878
frame 1272 time 318.0 unbinding_event at DNA_topoI 3 enzyme topoI with twist -162.36841 superhelical -0.07416 global twist -28.87273 global supercoiling -0.00839
frame 1313 time 328.25 unbinding_event at gene tetA enzyme RNAP with twist -26.92794 superhelical -0.08122 global twist -26.92794 global supercoiling -0.00767
frame 1315 time 328.75 binding_event at gene tetA enzyme RNAP with twist -26.92794 superhelical -0.00763 global twist -26.92794 global supercoiling -0.00763
frame 1478 time 369.5 unbinding_event at gene tetA enzyme RNAP with twist -26.92794 superhelical -0.06540 global twist -26.92794 global supercoiling -0.00767
frame 1533 time 383.25 binding_event at gene tetA enzyme RNAP with twist -26.92794 superhelical -0.00763 global twist -26.92794 global supercoiling -0.00763
frame 1582 time 395.5 binding_event at DNA_gyrase 10 enzyme gyrase with twist 30.21546 superhelical 0.01918 global twist -26.92794 global supercoiling -0.00767
frame 1598 time 399.5 unbinding_event at DNA_gyrase 10 enzyme gyrase with twist 22.58588 superhelical 0.03449 global twist -48.47029 global supercoiling -0.01409
frame 1696 time 424.0 unbinding_event at gene tetA enzyme RNAP with twist -49.81668 superhelical -0.06540 global twist -49.81668 global supercoiling -0.01419
frame 1714 time 428.5 binding_event at gene tetA enzyme RNAP with twist -49.81668 superhelical -0.01411 global twist -49.81668 global supercoiling -0.01411
frame 1831 time 457.75 binding_event at DNA_topoI 38 enzyme topoI with twist -129.36699 superhelical -0.05772 global twist -49.81668 global supercoiling -0.01419
frame 1839 time 459.75 unbinding_event at DNA_topoI 38 enzyme topoI with twist -119.94221 superhelical -0.04900 global twist -34.25832 global supercoiling -0.00996
frame 1849 time 462.25 binding_event at DNA_topoI 0 enzyme topoI with twist -128.02059 superhelical -0.05513 global twist -32.31352 global supercoiling -0.00920
frame 1851 time 462.75 unbinding_event at DNA_topoI 0 enzyme topoI with twist -124.87900 superhelical -0.05516 global twist -28.42393 global supercoiling -0.00826
frame 1877 time 469.25 unbinding_event at gene tetA enzyme RNAP with twist -26.47914 superhelical -0.06044 global twist -26.47914 global supercoiling -0.00754
frame 1911 time 477.75 binding_event at DNA_gyrase 34 enzyme gyrase with twist -26.47914 superhelical -0.00750 global twist -26.47914 global supercoiling -0.00750
frame 1913 time 478.25 unbinding_event at DNA_gyrase 34 enzyme gyrase with twist -30.51833 superhelical -0.01142 global twist -29.17193 global supercoiling -0.00843
frame 1983 time 495.75 binding_event at gene tetA enzyme RNAP with twist -30.51833 superhelical -0.00864 global twist -30.51833 global supercoiling -0.00864
frame 2015 time 503.75 binding_event at gene tetA enzyme RNAP with twist -43.63904 superhelical -0.02346 global twist -30.51833 global supercoiling -0.00869
frame 2036 time 509.0 binding_event at gene tetA enzyme RNAP with twist -59.53772 superhelical -0.03289 global twist -30.51833 global supercoiling -0.00874
frame 2146 time 536.5 unbinding_event at gene tetA enzyme RNAP with twist 128.65275 superhelical -0.02371 global twist -30.51833 global supercoiling -0.00879
frame 2174 time 543.5 binding_event at gene tetA enzyme RNAP with twist -180.91016 superhelical -0.07746 global twist -30.51833 global supercoiling -0.00874
frame 2178 time 544.5 unbinding_event at gene tetA enzyme RNAP with twist 154.87982 superhelical -0.03324 global twist -30.51833 global supercoiling -0.00879
frame 2199 time 549.75 unbinding_event at gene tetA enzyme RNAP with twist 126.85443 superhelical -0.07810 global twist -30.51833 global supercoiling -0.00874
frame 2265 time 566.25 binding_event at DNA_topoI 29 enzyme topoI with twist -215.71663 superhelical -0.10153 global twist -30.51833 global supercoiling -0.00869
frame 2272 time 568.0 unbinding_event at DNA_topoI 29 enzyme topoI with twist -207.33905 superhelical -0.06116 global twist -16.90476 global supercoiling -0.00491
frame 2308 time 577.0 binding_event at gene mKalama1 enzyme RNAP with twist -238.75497 superhelical -0.10302 global twist -14.95997 global supercoiling -0.00426
frame 2337 time 584.25 unbinding_event at gene tetA enzyme RNAP with twist 25.36877 superhelical -0.11736 global twist -14.95997 global supercoiling -0.00428
frame 2340 time 585.0 binding_event at DNA_topoI 26 enzyme topoI with twist -38.53354 superhelical -0.07648 global twist -14.95997 global supercoiling -0.00426
frame 2340 time 585.0 unbinding_event at DNA_topoI 26 enzyme topoI with twist -35.69115 superhelical -0.05037 global twist -14.95997 global supercoiling -0.00426
frame 2406 time 601.5 binding_event at DNA_gyrase 41 enzyme gyrase with twist -35.66789 superhelical -0.01080 global twist -13.01517 global supercoiling -0.00371
frame 2417 time 604.25 unbinding_event at gene mKalama1 enzyme RNAP with twist 5.61279 superhelical 0.21734 global twist -27.82553 global supercoiling -0.00809
frame 2418 time 604.5 binding_event at DNA_gyrase 26 enzyme gyrase with twist 5.61279 superhelical 0.00540 global twist -29.17193 global supercoiling -0.00843
frame 2423 time 605.75 unbinding_event at DNA_gyrase 41 enzyme gyrase with twist -41.49548 superhelical -0.00266 global twist -42.63590 global supercoiling -0.01259
frame 2449 time 612.25 unbinding_event at DNA_gyrase 26 enzyme gyrase with twist -80.33501 superhelical -0.55712 global twist -78.98862 global supercoiling -0.02284
frame 2622 time 655.5 binding_event at gene tetA enzyme RNAP with twist -80.33501 superhelical -0.02275 global twist -80.33501 global supercoiling -0.02275
frame 2700 time 675.0 binding_event at DNA_gyrase 7 enzyme gyrase with twist 28.94157 superhelical 0.02003 global twist -80.33501 global supercoiling -0.02288
frame 2715 time 678.75 unbinding_event at DNA_gyrase 7 enzyme gyrase with twist 21.76078 superhelical 0.18831 global twist -100.53096 global supercoiling -0.02923
frame 2734 time 683.5 binding_event at DNA_topoI 35 enzyme topoI with twist -139.79491 superhelical -0.06300 global twist -101.87736 global supercoiling -0.02901
frame 2736 time 684.0 unbinding_event at DNA_topoI 35 enzyme topoI with twist -136.65331 superhelical -0.06031 global twist -97.98777 global supercoiling -0.02849
frame 2785 time 696.25 unbinding_event at gene tetA enzyme RNAP with twist -96.04298 superhelical -0.07366 global twist -96.04298 global supercoiling -0.02735
frame 2793 time 698.25 binding_event at gene tetA enzyme RNAP with twist -96.04298 superhelical -0.02720 global twist -96.04298 global supercoiling -0.02720
frame 2801 time 700.25 binding_event at gene tetA enzyme RNAP with twist -54.12203 superhelical -0.03089 global twist -96.04298 global supercoiling -0.02735
frame 2897 time 724.25 binding_event at gene tetA enzyme RNAP with twist -139.76815 superhelical -0.06510 global twist -96.04298 global supercoiling -0.02750
frame 2929 time 732.25 binding_event at gene mKalama1 enzyme RNAP with twist -141.44953 superhelical -0.07606 global twist -96.04298 global supercoiling -0.02765
frame 2954 time 738.5 binding_event at DNA_gyrase 22 enzyme gyrase with twist 95.41154 superhelical 0.08895 global twist -96.04298 global supercoiling -0.02781
frame 2956 time 739.0 unbinding_event at gene tetA enzyme RNAP with twist 77.07814 superhelical -0.03123 global twist -98.73577 global supercoiling -0.02919
frame 2964 time 741.0 unbinding_event at gene tetA enzyme RNAP with twist 51.83158 superhelical -0.06568 global twist -109.50694 global supercoiling -0.03220
frame 2983 time 745.75 unbinding_event at DNA_gyrase 22 enzyme gyrase with twist 54.38253 superhelical 0.04925 global twist -135.08848 global supercoiling -0.03949
frame 3038 time 759.5 unbinding_event at gene mKalama1 enzyme RNAP with twist -240.18530 superhelical 0.31849 global twist -136.43488 global supercoiling -0.03907
frame 3060 time 765.0 unbinding_event at gene tetA enzyme RNAP with twist -136.43488 superhelical -0.10600 global twist -136.43488 global supercoiling -0.03885
frame 3105 time 776.25 binding_event at DNA_topoI 49 enzyme topoI with twist -136.43488 superhelical -0.03864 global twist -136.43488 global supercoiling -0.03864
frame 3109 time 777.25 unbinding_event at DNA_topoI 49 enzyme topoI with twist -126.71090 superhelical -0.03643 global twist -128.65570 global supercoiling -0.03720
frame 3149 time 787.25 binding_event at DNA_topoI 43 enzyme topoI with twist -126.71090 superhelical -0.03589 global twist -126.71090 global supercoiling -0.03589
frame 3154 time 788.5 unbinding_event at DNA_topoI 43 enzyme topoI with twist -115.04213 superhelical -0.03170 global twist -116.98693 global supercoiling -0.03382
frame 3215 time 803.75 binding_event at DNA_gyrase 24 enzyme gyrase with twist -115.04213 superhelical -0.03258 global twist -115.04213 global supercoiling -0.03258
frame 3224 time 806.0 unbinding_event at DNA_gyrase 24 enzyme gyrase with twist -128.50610 superhelical -0.03524 global twist -127.15970 global supercoiling -0.03676
frame 3239 time 809.75 binding_event at gene tetA enzyme RNAP with twist -128.50610 superhelical -0.03640 global twist -128.50610 global supercoiling -0.03640
frame 3251 time 812.75 binding_event at gene Raspberry enzyme RNAP with twist -73.57886 superhelical -0.04157 global twist -128.50610 global supercoiling -0.03660
frame 3292 time 823.0 binding_event at DNA_gyrase 11 enzyme gyrase with twist -18.12573 superhelical -0.01164 global twist -128.50610 global supercoiling -0.03680
frame 3292 time 823.0 unbinding_event at DNA_gyrase 11 enzyme gyrase with twist -18.57453 superhelical -0.01186 global twist -128.50610 global supercoiling -0.03680
frame 3310 time 827.5 binding_event at gene tetA enzyme RNAP with twist -41.54213 superhelical -0.04202 global twist -129.85250 global supercoiling -0.03718
frame 3359 time 839.75 unbinding_event at gene Raspberry enzyme RNAP with twist -158.58256 superhelical -0.10377 global twist -129.85250 global supercoiling -0.03739
frame 3402 time 850.5 unbinding_event at gene tetA enzyme RNAP with twist 67.32678 superhelical -0.04285 global twist -129.85250 global supercoiling -0.03718
frame 3473 time 868.25 unbinding_event at gene tetA enzyme RNAP with twist -129.85250 superhelical -0.10640 global twist -129.85250 global supercoiling -0.03698
frame 3581 time 895.25 binding_event at DNA_topoI 22 enzyme topoI with twist -129.85250 superhelical -0.03678 global twist -129.85250 global supercoiling -0.03678
frame 3603 time 900.75 unbinding_event at DNA_topoI 22 enzyme topoI with twist -85.12220 superhelical -0.03069 global twist -87.06700 global supercoiling -0.02517
frame 3693 time 923.25 binding_event at DNA_gyrase 12 enzyme gyrase with twist -85.12220 superhelical -0.02411 global twist -85.12220 global supercoiling -0.02411
frame 3700 time 925.0 binding_event at DNA_topoI 14 enzyme topoI with twist -27.15637 superhelical -0.02978 global twist -94.54698 global supercoiling -0.02734
frame 3700 time 925.0 unbinding_event at DNA_topoI 14 enzyme topoI with twist -25.88478 superhelical -0.02816 global twist -94.54698 global supercoiling -0.02734
frame 3711 time 927.75 unbinding_event at DNA_gyrase 12 enzyme gyrase with twist -108.75895 superhelical -0.02963 global twist -107.41255 global supercoiling -0.03106
frame 3831 time 957.75 binding_event at DNA_topoI 47 enzyme topoI with twist -108.75895 superhelical -0.03081 global twist -108.75895 global supercoiling -0.03081
frame 3831 time 957.75 unbinding_event at DNA_topoI 47 enzyme topoI with twist -106.81415 superhelical -0.03078 global twist -108.75895 global supercoiling -0.03081
frame 3852 time 963.0 binding_event at DNA_topoI 44 enzyme topoI with twist -106.81415 superhelical -0.03025 global twist -106.81415 global supercoiling -0.03025
frame 3867 time 966.75 unbinding_event at DNA_topoI 44 enzyme topoI with twist -75.69742 superhelical -0.01848 global twist -77.64222 global supercoiling -0.02245
frame 4021 time 1005.25 binding_event at DNA_topoI 25 enzyme topoI with twist -75.69742 superhelical -0.02144 global twist -75.69742 global supercoiling -0.02144
frame 4023 time 1005.75 unbinding_event at DNA_topoI 25 enzyme topoI with twist -69.86304 superhelical -0.02078 global twist -71.80783 global supercoiling -0.02076
frame 4222 time 1055.5 binding_event at DNA_topoI 47 enzyme topoI with twist -69.86304 superhelical -0.01979 global twist -69.86304 global supercoiling -0.01979
frame 4222 time 1055.5 unbinding_event at DNA_topoI 47 enzyme topoI with twist -67.91824 superhelical -0.01954 global twist -69.86304 global supercoiling -0.01979
frame 4344 time 1086.0 binding_event at DNA_gyrase 48 enzyme gyrase with twist -67.91824 superhelical -0.01924 global twist -67.91824 global supercoiling -0.01924
frame 4352 time 1088.0 unbinding_event at DNA_gyrase 48 enzyme gyrase with twist -80.03581 superhelical -0.02357 global twist -78.68942 global supercoiling -0.02275
frame 4455 time 1113.75 binding_event at DNA_topoI 11 enzyme topoI with twist -80.03581 superhelical -0.02267 global twist -80.03581 global supercoiling -0.02267
frame 4455 time 1113.75 unbinding_event at DNA_topoI 11 enzyme topoI with twist -78.09102 superhelical -0.02275 global twist -80.03581 global supercoiling -0.02267
frame 4522 time 1130.5 binding_event at DNA_gyrase 12 enzyme gyrase with twist -78.09102 superhelical -0.02212 global twist -78.09102 global supercoiling -0.02212
frame 4527 time 1131.75 unbinding_event at DNA_gyrase 12 enzyme gyrase with twist -86.16940 superhelical -0.02416 global twist -84.82300 global supercoiling -0.02452
frame 4571 time 1142.75 binding_event at gene tetA enzyme RNAP with twist -86.16940 superhelical -0.02441 global twist -86.16940 global supercoiling -0.02441
frame 4654 time 1163.5 binding_event at DNA_topoI 41 enzyme topoI with twist -116.61614 superhelical -0.05583 global twist -86.16940 global supercoiling -0.02454
frame 4656 time 1164.0 binding_event at gene tetA enzyme RNAP with twist -56.40257 superhelical -0.05714 global twist -82.27981 global supercoiling -0.02392
frame 4657 time 1164.25 unbinding_event at DNA_topoI 41 enzyme topoI with twist -91.31344 superhelical -0.05408 global twist -80.33501 global supercoiling -0.02349
frame 4673 time 1168.25 binding_event at gene tetA enzyme RNAP with twist -104.77740 superhelical -0.05845 global twist -78.39022 global supercoiling -0.02245
frame 4734 time 1183.5 unbinding_event at gene tetA enzyme RNAP with twist 82.03826 superhelical -0.05827 global twist -78.39022 global supercoiling -0.02257
frame 4755 time 1188.75 binding_event at DNA_gyrase 23 enzyme gyrase with twist 99.99022 superhelical 0.07402 global twist -78.39022 global supercoiling -0.02245
frame 4768 time 1192.0 unbinding_event at DNA_gyrase 23 enzyme gyrase with twist 93.70703 superhelical 0.08553 global twist -95.89338 global supercoiling -0.02804
frame 4770 time 1192.5 binding_event at DNA_gyrase 14 enzyme gyrase with twist 94.60463 superhelical 0.07370 global twist -97.23977 global supercoiling -0.02784
frame 4775 time 1193.75 unbinding_event at DNA_gyrase 14 enzyme gyrase with twist 91.91183 superhelical 0.08635 global twist -103.97176 global supercoiling -0.03040
frame 4819 time 1204.75 unbinding_event at gene tetA enzyme RNAP with twist 128.02965 superhelical -0.05908 global twist -105.31815 global supercoiling -0.03016
frame 4836 time 1209.0 unbinding_event at gene tetA enzyme RNAP with twist -105.31815 superhelical -0.10138 global twist -105.31815 global supercoiling -0.02999
frame 4878 time 1219.5 binding_event at DNA_topoI 15 enzyme topoI with twist -105.31815 superhelical -0.02983 global twist -105.31815 global supercoiling -0.02983
frame 4880 time 1220.0 unbinding_event at DNA_topoI 15 enzyme topoI with twist -99.48377 superhelical -0.02939 global twist -101.42856 global supercoiling -0.02933
frame 4933 time 1233.25 binding_event at gene tetA enzyme RNAP with twist -99.48377 superhelical -0.02818 global twist -99.48377 global supercoiling -0.02818
frame 4956 time 1239.0 binding_event at DNA_gyrase 12 enzyme gyrase with twist -30.21607 superhelical -0.01786 global twist -99.48377 global supercoiling -0.02833
frame 4961 time 1240.25 unbinding_event at DNA_gyrase 12 enzyme gyrase with twist -32.90886 superhelical -0.01741 global twist -106.21575 global supercoiling -0.03088
frame 5049 time 1262.25 binding_event at gene tetA enzyme RNAP with twist -152.74430 superhelical -0.06829 global twist -107.56215 global supercoiling -0.03063
frame 5066 time 1266.5 binding_event at gene tetA enzyme RNAP with twist -133.46495 superhelical -0.07446 global twist -107.56215 global supercoiling -0.03080
frame 5081 time 1270.25 binding_event at gene mKalama1 enzyme RNAP with twist -142.62796 superhelical -0.07997 global twist -107.56215 global supercoiling -0.03097
frame 5096 time 1274.0 unbinding_event at gene tetA enzyme RNAP with twist 53.72834 superhelical -0.06888 global twist -107.56215 global supercoiling -0.03114
frame 5119 time 1279.75 binding_event at DNA_gyrase 6 enzyme gyrase with twist 73.47549 superhelical 0.04961 global twist -107.56215 global supercoiling -0.03097
frame 5121 time 1280.25 unbinding_event at DNA_gyrase 6 enzyme gyrase with twist 72.12910 superhelical 0.07811 global twist -110.25494 global supercoiling -0.03242
frame 5134 time 1283.5 binding_event at DNA_topoI 45 enzyme topoI with twist -185.43369 superhelical -0.11643 global twist -111.60134 global supercoiling -0.03213
frame 5140 time 1285.0 unbinding_event at DNA_topoI 45 enzyme topoI with twist -184.38649 superhelical -0.11724 global twist -99.93257 global supercoiling -0.02938
frame 5157 time 1289.25 binding_event at DNA_gyrase 30 enzyme gyrase with twist 15.87779 superhelical 0.05182 global twist -97.98777 global supercoiling -0.02821
frame 5161 time 1290.25 unbinding_event at DNA_gyrase 30 enzyme gyrase with twist 13.63380 superhelical 0.04678 global twist -103.37336 global supercoiling -0.03039
frame 5162 time 1290.5 binding_event at DNA_topoI 38 enzyme topoI with twist -222.08560 superhelical -0.12044 global twist -104.71976 global supercoiling -0.03015
frame 5172 time 1293.0 unbinding_event at DNA_topoI 38 enzyme topoI with twist -220.44001 superhelical -0.11301 global twist -85.27180 global supercoiling -0.02507
frame 5185 time 1296.25 binding_event at gene tetA enzyme RNAP with twist -241.98236 superhelical -0.11802 global twist -83.32701 global supercoiling -0.02399
frame 5190 time 1297.5 unbinding_event at gene mKalama1 enzyme RNAP with twist -151.74728 superhelical 0.25791 global twist -83.32701 global supercoiling -0.02413
frame 5212 time 1303.0 unbinding_event at gene tetA enzyme RNAP with twist 149.50954 superhelical -0.07526 global twist -83.32701 global supercoiling -0.02399
frame 5229 time 1307.25 unbinding_event at gene tetA enzyme RNAP with twist 103.42659 superhelical -0.11913 global twist -83.32701 global supercoiling -0.02386
frame 5236 time 1309.0 binding_event at DNA_topoI 0 enzyme topoI with twist -192.13918 superhelical -0.09878 global twist -83.32701 global supercoiling -0.02373
frame 5240 time 1310.0 unbinding_event at DNA_topoI 0 enzyme topoI with twist -186.90320 superhelical -0.09968 global twist -75.54782 global supercoiling -0.02196
frame 5270 time 1317.5 binding_event at gene Raspberry enzyme RNAP with twist -212.93353 superhelical -0.10151 global twist -73.60303 global supercoiling -0.02096
frame 5298 time 1324.5 binding_event at DNA_topoI 26 enzyme topoI with twist -103.23187 superhelical -0.11625 global twist -73.60303 global supercoiling -0.02108
frame 5299 time 1324.75 binding_event at gene Raspberry enzyme RNAP with twist -98.72889 superhelical -0.11493 global twist -71.65823 global supercoiling -0.02095
frame 5305 time 1326.25 unbinding_event at DNA_topoI 26 enzyme topoI with twist -81.80533 superhelical 0.08750 global twist -59.98946 global supercoiling -0.01764
frame 5348 time 1337.0 unbinding_event at gene tetA enzyme RNAP with twist 75.40633 superhelical -0.10244 global twist -58.04466 global supercoiling -0.01671
frame 5378 time 1344.5 unbinding_event at gene Raspberry enzyme RNAP with twist 89.28532 superhelical -0.11756 global twist -58.04466 global supercoiling -0.01662
frame 5407 time 1351.75 unbinding_event at gene Raspberry enzyme RNAP with twist -58.04466 superhelical -0.13852 global twist -58.04466 global supercoiling -0.01653
frame 5446 time 1361.5 binding_event at gene tetA enzyme RNAP with twist -58.04466 superhelical -0.01644 global twist -58.04466 global supercoiling -0.01644
frame 5569 time 1392.25 binding_event at DNA_gyrase 10 enzyme gyrase with twist 80.72936 superhelical 0.06494 global twist -58.04466 global supercoiling -0.01653
frame 5590 time 1397.5 unbinding_event at DNA_gyrase 10 enzyme gyrase with twist 70.85578 superhelical 0.75740 global twist -86.31900 global supercoiling -0.02510
frame 5609 time 1402.25 unbinding_event at gene tetA enzyme RNAP with twist -87.66540 superhelical -0.07160 global twist -87.66540 global supercoiling -0.02497
frame 5639 time 1409.75 binding_event at gene tetA enzyme RNAP with twist -87.66540 superhelical -0.02483 global twist -87.66540 global supercoiling -0.02483
frame 5675 time 1418.75 binding_event at DNA_topoI 44 enzyme topoI with twist -75.16021 superhelical -0.04003 global twist -87.66540 global supercoiling -0.02497
frame 5676 time 1419.0 unbinding_event at DNA_topoI 44 enzyme topoI with twist -73.06582 superhelical -0.04007 global twist -85.72060 global supercoiling -0.02492
frame 5728 time 1432.0 binding_event at DNA_topoI 1 enzyme topoI with twist -118.84331 superhelical -0.05617 global twist -83.77580 global supercoiling -0.02386
frame 5734 time 1433.5 binding_event at DNA_topoI 29 enzyme topoI with twist -96.32458 superhelical -0.05483 global twist -72.10703 global supercoiling -0.02096
frame 5734 time 1433.5 unbinding_event at DNA_topoI 29 enzyme topoI with twist -93.40739 superhelical -0.05167 global twist -72.10703 global supercoiling -0.02096
frame 5739 time 1434.75 unbinding_event at DNA_topoI 1 enzyme topoI with twist -104.33214 superhelical -0.05040 global twist -60.43826 global supercoiling -0.01757
frame 5770 time 1442.5 binding_event at gene tetA enzyme RNAP with twist -131.26008 superhelical -0.05697 global twist -58.49346 global supercoiling -0.01666
frame 5802 time 1450.5 unbinding_event at gene tetA enzyme RNAP with twist 69.71412 superhelical -0.05744 global twist -58.49346 global supercoiling -0.01675
frame 5819 time 1454.75 binding_event at DNA_gyrase 10 enzyme gyrase with twist 84.07569 superhelical 0.05337 global twist -58.49346 global supercoiling -0.01666
frame 5826 time 1456.5 unbinding_event at DNA_gyrase 10 enzyme gyrase with twist 80.48530 superhelical 0.06515 global twist -67.91824 global supercoiling -0.01975
frame 5828 time 1457.0 binding_event at gene tetA enzyme RNAP with twist -150.64753 superhelical -0.07622 global twist -69.26464 global supercoiling -0.01973
frame 5834 time 1458.5 binding_event at gene tetA enzyme RNAP with twist -137.47276 superhelical -0.07887 global twist -69.26464 global supercoiling -0.01983
frame 5846 time 1461.5 binding_event at DNA_gyrase 20 enzyme gyrase with twist 97.53966 superhelical 0.06708 global twist -69.26464 global supercoiling -0.01994
frame 5857 time 1464.25 unbinding_event at DNA_gyrase 20 enzyme gyrase with twist 92.15407 superhelical 0.07712 global twist -84.07500 global supercoiling -0.02472
frame 5887 time 1471.75 binding_event at DNA_gyrase 24 enzyme gyrase with twist 118.18441 superhelical 0.09305 global twist -85.42140 global supercoiling -0.02460
frame 5899 time 1474.75 unbinding_event at DNA_gyrase 24 enzyme gyrase with twist 112.35002 superhelical 0.10659 global twist -101.57816 global supercoiling -0.02986
frame 5920 time 1480.0 binding_event at gene Raspberry enzyme RNAP with twist -214.04585 superhelical -0.10182 global twist -102.92456 global supercoiling -0.02963
frame 5927 time 1481.75 binding_event at DNA_gyrase 16 enzyme gyrase with twist 136.58517 superhelical 0.12524 global twist -102.92456 global supercoiling -0.02980
frame 5933 time 1483.25 unbinding_event at gene tetA enzyme RNAP with twist 35.83941 superhelical -0.07696 global twist -111.00294 global supercoiling -0.03282
frame 5935 time 1483.75 unbinding_event at DNA_gyrase 16 enzyme gyrase with twist 113.98561 superhelical 0.05911 global twist -113.69573 global supercoiling -0.03343
frame 5991 time 1497.75 unbinding_event at gene tetA enzyme RNAP with twist 163.63077 superhelical -0.07974 global twist -115.04213 global supercoiling -0.03312
frame 5992 time 1498.0 binding_event at gene mKalama1 enzyme RNAP with twist -142.96500 superhelical -0.13170 global twist -115.04213 global supercoiling -0.03294
frame 5997 time 1499.25 unbinding_event at gene tetA enzyme RNAP with twist 33.30846 superhelical -0.10276 global twist -115.04213 global supercoiling -0.03312
frame 6028 time 1507.0 unbinding_event at gene Raspberry enzyme RNAP with twist -61.44734 superhelical -0.16323 global twist -115.04213 global supercoiling -0.03294
frame 6072 time 1518.0 binding_event at gene tetA enzyme RNAP with twist -100.04405 superhelical -0.03104 global twist -115.04213 global supercoiling -0.03276
frame 6101 time 1525.25 unbinding_event at gene mKalama1 enzyme RNAP with twist -85.91251 superhelical 0.07757 global twist -115.04213 global supercoiling -0.03294
frame 6121 time 1530.25 binding_event at DNA_topoI 38 enzyme topoI with twist -102.96687 superhelical -0.05318 global twist -115.04213 global supercoiling -0.03276
frame 6125 time 1531.25 unbinding_event at DNA_topoI 38 enzyme topoI with twist -97.73088 superhelical -0.04933 global twist -107.26295 global supercoiling -0.03118
frame 6213 time 1553.25 binding_event at DNA_gyrase 23 enzyme gyrase with twist 70.50375 superhelical 0.06065 global twist -105.31815 global supercoiling -0.02999
frame 6214 time 1553.5 binding_event at DNA_topoI 6 enzyme topoI with twist -176.71950 superhelical -0.07509 global twist -106.66455 global supercoiling -0.03101
frame 6219 time 1554.75 unbinding_event at DNA_topoI 6 enzyme topoI with twist -170.43631 superhelical -0.07469 global twist -103.67256 global supercoiling -0.03078
frame 6222 time 1555.5 binding_event at DNA_topoI 42 enzyme topoI with twist -172.23151 superhelical -0.07208 global twist -105.76695 global supercoiling -0.03075
frame 6228 time 1557.0 unbinding_event at DNA_topoI 42 enzyme topoI with twist -164.90113 superhelical -0.06819 global twist -102.17656 global supercoiling -0.03034
frame 6229 time 1557.25 unbinding_event at DNA_gyrase 23 enzyme gyrase with twist 62.87417 superhelical 0.07445 global twist -101.57816 global supercoiling -0.02953
frame 6235 time 1558.75 unbinding_event at gene tetA enzyme RNAP with twist -102.92456 superhelical -0.06981 global twist -102.92456 global supercoiling -0.02931
frame 6322 time 1580.5 binding_event at DNA_gyrase 35 enzyme gyrase with twist -102.92456 superhelical -0.02915 global twist -102.92456 global supercoiling -0.02915
frame 6324 time 1581.0 unbinding_event at DNA_gyrase 35 enzyme gyrase with twist -106.96375 superhelical -0.03308 global twist -105.61735 global supercoiling -0.03054
frame 6354 time 1588.5 binding_event at DNA_topoI 22 enzyme topoI with twist -106.96375 superhelical -0.03030 global twist -106.96375 global supercoiling -0.03030
frame 6354 time 1588.5 unbinding_event at DNA_topoI 22 enzyme topoI with twist -105.01895 superhelical -0.03063 global twist -106.96375 global supercoiling -0.03030
frame 6384 time 1596.0 binding_event at DNA_topoI 42 enzyme topoI with twist -105.01895 superhelical -0.02975 global twist -105.01895 global supercoiling -0.02975
frame 6385 time 1596.25 unbinding_event at DNA_topoI 42 enzyme topoI with twist -101.12936 superhelical -0.02861 global twist -103.07416 global supercoiling -0.02980
frame 6405 time 1601.25 binding_event at DNA_gyrase 18 enzyme gyrase with twist -101.12936 superhelical -0.02864 global twist -101.12936 global supercoiling -0.02864
frame 6412 time 1603.0 unbinding_event at DNA_gyrase 18 enzyme gyrase with twist -111.90054 superhelical -0.03105 global twist -110.55414 global supercoiling -0.03196
frame 6414 time 1603.5 binding_event at gene tetA enzyme RNAP with twist -111.90054 superhelical -0.03169 global twist -111.90054 global supercoiling -0.03169
frame 6457 time 1614.25 binding_event at DNA_topoI 27 enzyme topoI with twist -93.28838 superhelical -0.04886 global twist -111.90054 global supercoiling -0.03187
frame 6462 time 1615.5 unbinding_event at DNA_topoI 27 enzyme topoI with twist -87.00520 superhelical 0.12333 global twist -102.17656 global supercoiling -0.02971
frame 6577 time 1644.25 unbinding_event at gene tetA enzyme RNAP with twist -100.23177 superhelical -0.07757 global twist -100.23177 global supercoiling -0.02854
frame 6591 time 1647.75 binding_event at DNA_topoI 26 enzyme topoI with twist -100.23177 superhelical -0.02839 global twist -100.23177 global supercoiling -0.02839
frame 6591 time 1647.75 unbinding_event at DNA_topoI 26 enzyme topoI with twist -98.28697 superhelical -0.00296 global twist -100.23177 global supercoiling -0.02839
frame 6657 time 1664.25 binding_event at gene tetA enzyme RNAP with twist -98.28697 superhelical -0.02784 global twist -98.28697 global supercoiling -0.02784
frame 6683 time 1670.75 binding_event at gene tetA enzyme RNAP with twist -71.37555 superhelical -0.03894 global twist -98.28697 global supercoiling -0.02799
frame 6692 time 1673.0 binding_event at DNA_gyrase 42 enzyme gyrase with twist -75.61553 superhelical -0.04305 global twist -98.28697 global supercoiling -0.02814
frame 6699 time 1674.75 unbinding_event at DNA_gyrase 42 enzyme gyrase with twist -93.56748 superhelical -0.04973 global twist -107.71175 global supercoiling -0.03149
frame 6765 time 1691.25 binding_event at gene tetA enzyme RNAP with twist -151.91135 superhelical -0.07289 global twist -109.05814 global supercoiling -0.03123
frame 6820 time 1705.0 unbinding_event at gene tetA enzyme RNAP with twist 93.11869 superhelical -0.03935 global twist -109.05814 global supercoiling -0.03140
frame 6825 time 1706.25 binding_event at DNA_topoI 30 enzyme topoI with twist -180.10384 superhelical -0.09071 global twist -109.05814 global supercoiling -0.03123
frame 6826 time 1706.5 unbinding_event at DNA_topoI 30 enzyme topoI with twist -178.00945 superhelical -0.08630 global twist -107.11335 global supercoiling -0.03132
frame 6846 time 1711.5 unbinding_event at gene tetA enzyme RNAP with twist 90.79285 superhelical -0.07356 global twist -105.16855 global supercoiling -0.03011
frame 6888 time 1722.0 binding_event at DNA_topoI 32 enzyme topoI with twist -232.76292 superhelical -0.10262 global twist -105.16855 global supercoiling -0.02995
frame 6889 time 1722.25 unbinding_event at DNA_topoI 32 enzyme topoI with twist -230.66853 superhelical -0.10102 global twist -103.22376 global supercoiling -0.03001
frame 6905 time 1726.25 binding_event at DNA_topoI 29 enzyme topoI with twist -244.13249 superhelical -0.10413 global twist -101.27896 global supercoiling -0.02884
frame 6905 time 1726.25 unbinding_event at DNA_topoI 29 enzyme topoI with twist -243.08530 superhelical -0.10193 global twist -101.27896 global supercoiling -0.02884
frame 6928 time 1732.0 unbinding_event at gene tetA enzyme RNAP with twist -99.33417 superhelical -0.10755 global twist -99.33417 global supercoiling -0.02829
frame 6939 time 1734.75 binding_event at DNA_topoI 8 enzyme topoI with twist -99.33417 superhelical -0.02814 global twist -99.33417 global supercoiling -0.02814
frame 6959 time 1739.75 unbinding_event at DNA_topoI 8 enzyme topoI with twist -58.49346 superhelical -0.01968 global twist -60.43826 global supercoiling -0.01747
frame 7171 time 1792.75 binding_event at DNA_gyrase 25 enzyme gyrase with twist -58.49346 superhelical -0.01657 global twist -58.49346 global supercoiling -0.01657
frame 7176 time 1794.0 unbinding_event at DNA_gyrase 25 enzyme gyrase with twist -66.57184 superhelical -0.01786 global twist -65.22545 global supercoiling -0.01886
frame 7190 time 1797.5 binding_event at DNA_topoI 1 enzyme topoI with twist -66.57184 superhelical -0.01886 global twist -66.57184 global supercoiling -0.01886
frame 7233 time 1808.25 unbinding_event at DNA_topoI 1 enzyme topoI with twist 18.99916 superhelical 0.00511 global twist 17.05436 global supercoiling 0.00493
frame 7242 time 1810.5 binding_event at DNA_gyrase 27 enzyme gyrase with twist 18.99916 superhelical 0.00538 global twist 18.99916 global supercoiling 0.00538
frame 7250 time 1812.5 unbinding_event at DNA_gyrase 27 enzyme gyrase with twist 6.88158 superhelical -0.17531 global twist 8.22798 global supercoiling 0.00238
frame 7399 time 1849.75 binding_event at gene tetA enzyme RNAP with twist 6.88158 superhelical 0.00195 global twist 6.88158 global supercoiling 0.00195
frame 7416 time 1854.0 binding_event at DNA_gyrase 20 enzyme gyrase with twist 18.77736 superhelical 0.01092 global twist 6.88158 global supercoiling 0.00196
frame 7416 time 1854.0 unbinding_event at DNA_gyrase 20 enzyme gyrase with twist 18.32856 superhelical 0.01161 global twist 6.88158 global supercoiling 0.00196
frame 7562 time 1890.5 unbinding_event at gene tetA enzyme RNAP with twist 5.53519 superhelical -0.05866 global twist 5.53519 global supercoiling 0.00158
frame 7604 time 1901.0 binding_event at DNA_gyrase 10 enzyme gyrase with twist 5.53519 superhelical 0.00157 global twist 5.53519 global supercoiling 0.00157
frame 7609 time 1902.25 unbinding_event at DNA_gyrase 10 enzyme gyrase with twist -2.54319 superhelical -0.00008 global twist -1.19680 global supercoiling -0.00035
frame 7723 time 1930.75 binding_event at gene tetA enzyme RNAP with twist -2.54319 superhelical -0.00072 global twist -2.54319 global supercoiling -0.00072
frame 7810 time 1952.5 binding_event at DNA_gyrase 23 enzyme gyrase with twist 76.79082 superhelical 0.05467 global twist -2.54319 global supercoiling -0.00072
frame 7811 time 1952.75 binding_event at DNA_gyrase 19 enzyme gyrase with twist 69.98252 superhelical 0.05801 global twist -3.88959 global supercoiling -0.00113
frame 7814 time 1953.5 unbinding_event at DNA_gyrase 23 enzyme gyrase with twist 11.56894 superhelical 0.03668 global twist -11.96797 global supercoiling -0.00355
frame 7820 time 1955.0 binding_event at DNA_topoI 26 enzyme topoI with twist -88.30999 superhelical -0.04104 global twist -21.39275 global supercoiling -0.00622
frame 7821 time 1955.25 unbinding_event at DNA_gyrase 19 enzyme gyrase with twist 66.01964 superhelical 0.06802 global twist -20.79435 global supercoiling -0.00617
frame 7828 time 1957.0 unbinding_event at DNA_topoI 26 enzyme topoI with twist -78.88521 superhelical 0.18756 global twist -8.52718 global supercoiling -0.00248
frame 7864 time 1966.0 binding_event at DNA_gyrase 34 enzyme gyrase with twist -110.30114 superhelical -0.04696 global twist -6.58238 global supercoiling -0.00187
frame 7868 time 1967.0 unbinding_event at DNA_gyrase 34 enzyme gyrase with twist -121.52111 superhelical -0.05471 global twist -11.96797 global supercoiling -0.00348
frame 7882 time 1970.5 binding_event at DNA_gyrase 42 enzyme gyrase with twist -133.18988 superhelical -0.05482 global twist -13.31437 global supercoiling -0.00379
frame 7886 time 1971.5 unbinding_event at gene tetA enzyme RNAP with twist 46.05290 superhelical -0.06167 global twist -18.69996 global supercoiling -0.00544
frame 7892 time 1973.0 binding_event at DNA_topoI 31 enzyme topoI with twist -69.46525 superhelical -0.06255 global twist -26.77834 global supercoiling -0.00774
frame 7892 time 1973.0 unbinding_event at DNA_topoI 31 enzyme topoI with twist -68.19365 superhelical -0.06384 global twist -26.77834 global supercoiling -0.00774
frame 7894 time 1973.5 binding_event at gene tetA enzyme RNAP with twist 41.34051 superhelical 0.01761 global twist -27.52634 global supercoiling -0.00796
frame 7943 time 1985.75 unbinding_event at DNA_gyrase 42 enzyme gyrase with twist -171.59183 superhelical -0.09231 global twist -93.49978 global supercoiling -0.02718
frame 7990 time 1997.5 binding_event at DNA_topoI 34 enzyme topoI with twist -212.88134 superhelical -0.09915 global twist -94.84618 global supercoiling -0.02701
frame 7993 time 1998.25 unbinding_event at DNA_topoI 34 enzyme topoI with twist -208.69255 superhelical -0.09533 global twist -89.01179 global supercoiling -0.02588
frame 8018 time 2004.5 binding_event at DNA_topoI 33 enzyme topoI with twist -230.23490 superhelical -0.10130 global twist -87.06700 global supercoiling -0.02480
frame 8023 time 2005.75 unbinding_event at DNA_topoI 33 enzyme topoI with twist -223.95171 superhelical -0.09204 global twist -77.34302 global supercoiling -0.02249
frame 8038 time 2009.5 binding_event at DNA_topoI 41 enzyme topoI with twist -236.51808 superhelical -0.10011 global twist -75.39822 global supercoiling -0.02147
frame 8045 time 2011.25 unbinding_event at DNA_topoI 41 enzyme topoI with twist -228.14050 superhelical -0.09576 global twist -61.78466 global supercoiling -0.01796
frame 8057 time 2014.25 unbinding_event at gene tetA enzyme RNAP with twist -59.83986 superhelical -0.09743 global twist -59.83986 global supercoiling -0.01704
frame 8121 time 2030.25 binding_event at DNA_topoI 16 enzyme topoI with twist -59.83986 superhelical -0.01695 global twist -59.83986 global supercoiling -0.01695
frame 8128 time 2032.0 unbinding_event at DNA_topoI 16 enzyme topoI with twist -44.28150 superhelical -0.01456 global twist -46.22629 global supercoiling -0.01337
frame 8283 time 2070.75 binding_event at DNA_gyrase 35 enzyme gyrase with twist -44.28150 superhelical -0.01254 global twist -44.28150 global supercoiling -0.01254
frame 8285 time 2071.25 unbinding_event at DNA_gyrase 35 enzyme gyrase with twist -48.32069 superhelical -0.01612 global twist -46.97429 global supercoiling -0.01358
frame 8294 time 2073.5 binding_event at DNA_gyrase 30 enzyme gyrase with twist -48.32069 superhelical -0.01369 global twist -48.32069 global supercoiling -0.01369
frame 8302 time 2075.5 unbinding_event at DNA_gyrase 30 enzyme gyrase with twist -60.43826 superhelical -0.03831 global twist -59.09186 global supercoiling -0.01708
frame 8341 time 2085.25 binding_event at DNA_gyrase 22 enzyme gyrase with twist -60.43826 superhelical -0.01712 global twist -60.43826 global supercoiling -0.01712
frame 8342 time 2085.5 unbinding_event at DNA_gyrase 22 enzyme gyrase with twist -63.13105 superhelical -0.01789 global twist -61.78466 global supercoiling -0.01786
frame 8414 time 2103.5 binding_event at DNA_gyrase 48 enzyme gyrase with twist -63.13105 superhelical -0.01788 global twist -63.13105 global supercoiling -0.01788
frame 8414 time 2103.5 unbinding_event at DNA_gyrase 48 enzyme gyrase with twist -64.47745 superhelical -0.01869 global twist -63.13105 global supercoiling -0.01788
frame 8425 time 2106.25 binding_event at DNA_topoI 34 enzyme topoI with twist -64.47745 superhelical -0.01826 global twist -64.47745 global supercoiling -0.01826
frame 8452 time 2113.0 binding_event at gene tetA enzyme RNAP with twist -28.22759 superhelical -0.00966 global twist -11.96797 global supercoiling -0.00346
frame 8452 time 2113.0 unbinding_event at DNA_topoI 34 enzyme topoI with twist 6.53239 superhelical 0.03214 global twist -11.96797 global supercoiling -0.00346
frame 8454 time 2113.5 binding_event at DNA_gyrase 18 enzyme gyrase with twist -15.65797 superhelical -0.00877 global twist -10.02318 global supercoiling -0.00285
frame 8467 time 2116.75 unbinding_event at DNA_gyrase 18 enzyme gyrase with twist -21.94116 superhelical -0.00694 global twist -27.52634 global supercoiling -0.00800
frame 8489 time 2122.25 binding_event at gene tetA enzyme RNAP with twist -25.78113 superhelical -0.01370 global twist -28.87273 global supercoiling -0.00822
frame 8611 time 2152.75 binding_event at DNA_gyrase 20 enzyme gyrase with twist 106.41534 superhelical 0.09839 global twist -28.87273 global supercoiling -0.00827
frame 8614 time 2153.5 unbinding_event at DNA_gyrase 20 enzyme gyrase with twist 104.62015 superhelical 0.10965 global twist -32.91192 global supercoiling -0.00962
frame 8615 time 2153.75 unbinding_event at gene tetA enzyme RNAP with twist 103.48490 superhelical -0.01384 global twist -34.25832 global supercoiling -0.00981
frame 8647 time 2161.75 binding_event at gene tetA enzyme RNAP with twist -165.56875 superhelical -0.06827 global twist -34.25832 global supercoiling -0.00976
frame 8652 time 2163.0 unbinding_event at gene tetA enzyme RNAP with twist 89.22008 superhelical -0.06881 global twist -34.25832 global supercoiling -0.00981
frame 8668 time 2167.0 binding_event at DNA_gyrase 13 enzyme gyrase with twist 102.68404 superhelical 0.06037 global twist -34.25832 global supercoiling -0.00976
frame 8676 time 2169.0 unbinding_event at DNA_gyrase 13 enzyme gyrase with twist 98.64485 superhelical 0.06913 global twist -45.02949 global supercoiling -0.01309
frame 8740 time 2185.0 binding_event at DNA_gyrase 14 enzyme gyrase with twist 155.19352 superhelical 0.11264 global twist -46.37589 global supercoiling -0.01321
frame 8747 time 2186.75 unbinding_event at DNA_gyrase 14 enzyme gyrase with twist 151.60313 superhelical 0.13091 global twist -55.80067 global supercoiling -0.01622
frame 8797 time 2199.25 binding_event at gene mKalama1 enzyme RNAP with twist -252.73249 superhelical -0.10577 global twist -57.14707 global supercoiling -0.01627
frame 8799 time 2199.75 binding_event at gene tetA enzyme RNAP with twist -187.28563 superhelical -0.10759 global twist -57.14707 global supercoiling -0.01636
frame 8803 time 2200.75 binding_event at gene mKalama1 enzyme RNAP with twist -122.33834 superhelical -0.11178 global twist -57.14707 global supercoiling -0.01645
frame 8810 time 2202.5 binding_event at DNA_topoI 38 enzyme topoI with twist -134.01968 superhelical -0.11856 global twist -57.14707 global supercoiling -0.01655
frame 8810 time 2202.5 unbinding_event at gene tetA enzyme RNAP with twist 136.02372 superhelical -0.10879 global twist -57.14707 global supercoiling -0.01655
frame 8827 time 2206.75 unbinding_event at DNA_topoI 38 enzyme topoI with twist -131.32688 superhelical -0.08358 global twist -24.08554 global supercoiling -0.00708
frame 8847 time 2211.75 binding_event at DNA_topoI 28 enzyme topoI with twist -24.15736 superhelical -0.05710 global twist -22.14075 global supercoiling -0.00637
frame 8858 time 2214.5 binding_event at gene mKalama1 enzyme RNAP with twist -185.18276 superhelical -0.11861 global twist -0.74800 global supercoiling -0.00022
frame 8860 time 2215.0 unbinding_event at DNA_topoI 28 enzyme topoI with twist 15.63615 superhelical 0.06049 global twist 3.14159 global supercoiling 0.00093
frame 8889 time 2222.25 binding_event at gene tetA enzyme RNAP with twist -213.49117 superhelical -0.13405 global twist 5.08639 global supercoiling 0.00147
frame 8906 time 2226.5 unbinding_event at gene mKalama1 enzyme RNAP with twist 56.04062 superhelical 0.37016 global twist 5.08639 global supercoiling 0.00148
frame 8912 time 2228.0 unbinding_event at gene mKalama1 enzyme RNAP with twist 34.08355 superhelical 0.39942 global twist 5.08639 global supercoiling 0.00147
frame 8934 time 2233.5 binding_event at DNA_gyrase 22 enzyme gyrase with twist 246.42826 superhelical 0.20720 global twist 5.08639 global supercoiling 0.00146
frame 8935 time 2233.75 unbinding_event at DNA_gyrase 22 enzyme gyrase with twist 245.53066 superhelical 0.22317 global twist 3.73999 global supercoiling 0.00110
frame 8962 time 2240.5 unbinding_event at gene tetA enzyme RNAP with twist 217.56013 superhelical -0.13568 global twist 2.39359 global supercoiling 0.00069
frame 8967 time 2241.75 unbinding_event at gene mKalama1 enzyme RNAP with twist -219.65453 superhelical 0.54264 global twist 2.39359 global supercoiling 0.00069
frame 9017 time 2254.25 binding_event at DNA_topoI 27 enzyme topoI with twist -263.63683 superhelical -0.11509 global twist 2.39359 global supercoiling 0.00068
frame 9026 time 2256.5 unbinding_event at DNA_topoI 27 enzyme topoI with twist -253.16485 superhelical 0.17136 global twist 19.89675 global supercoiling 0.00578
frame 9052 time 2263.0 unbinding_event at gene tetA enzyme RNAP with twist 21.84155 superhelical -0.11276 global twist 21.84155 global supercoiling 0.00622
frame 9085 time 2271.25 binding_event at gene tetA enzyme RNAP with twist 21.84155 superhelical 0.00619 global twist 21.84155 global supercoiling 0.00619
frame 9092 time 2273.0 binding_event at DNA_gyrase 28 enzyme gyrase with twist 4.39193 superhelical 0.00251 global twist 21.84155 global supercoiling 0.00622
frame 9093 time 2273.25 unbinding_event at DNA_gyrase 28 enzyme gyrase with twist -0.09606 superhelical -0.01016 global twist 20.49515 global supercoiling 0.00596
frame 9097 time 2274.25 binding_event at gene tetA enzyme RNAP with twist -2.78886 superhelical -0.00158 global twist 19.14876 global supercoiling 0.00545
frame 9138 time 2284.5 binding_event at DNA_topoI 37 enzyme topoI with twist -39.53509 superhelical -0.02081 global twist 19.14876 global supercoiling 0.00548
frame 9151 time 2287.75 binding_event at DNA_gyrase 29 enzyme gyrase with twist -3.61020 superhelical -0.00480 global twist 44.43110 global supercoiling 0.01299
frame 9153 time 2288.25 binding_event at gene tetA enzyme RNAP with twist -22.16172 superhelical -0.01937 global twist 45.62789 global supercoiling 0.01363
frame 9161 time 2290.25 unbinding_event at DNA_topoI 37 enzyme topoI with twist -16.29304 superhelical 0.00124 global twist 50.41508 global supercoiling 0.01514
frame 9167 time 2291.75 unbinding_event at DNA_gyrase 29 enzyme gyrase with twist -38.10288 superhelical -0.06992 global twist 44.28150 global supercoiling 0.01302
frame 9184 time 2296.0 binding_event at DNA_gyrase 10 enzyme gyrase with twist 100.02863 superhelical 0.07405 global twist 42.93510 global supercoiling 0.01236
frame 9185 time 2296.25 unbinding_event at DNA_gyrase 10 enzyme gyrase with twist 99.13103 superhelical 0.08357 global twist 41.58870 global supercoiling 0.01223
frame 9186 time 2296.5 binding_event at DNA_topoI 42 enzyme topoI with twist -54.25964 superhelical -0.02910 global twist 40.24231 global supercoiling 0.01159
frame 9195 time 2298.75 unbinding_event at DNA_topoI 42 enzyme topoI with twist -43.78767 superhelical -0.02151 global twist 57.74546 global supercoiling 0.01698
frame 9199 time 2299.75 binding_event at DNA_gyrase 42 enzyme gyrase with twist -46.48046 superhelical -0.02418 global twist 59.69026 global supercoiling 0.01719
frame 9200 time 2300.0 unbinding_event at DNA_gyrase 42 enzyme gyrase with twist -50.96845 superhelical -0.02633 global twist 58.34386 global supercoiling 0.01715
frame 9217 time 2304.25 binding_event at DNA_gyrase 19 enzyme gyrase with twist 126.95657 superhelical 0.10555 global twist 56.99747 global supercoiling 0.01641
frame 9218 time 2304.5 unbinding_event at DNA_gyrase 19 enzyme gyrase with twist 126.05897 superhelical 0.11430 global twist 55.65107 global supercoiling 0.01636
frame 9228 time 2307.0 binding_event at DNA_gyrase 17 enzyme gyrase with twist 134.13735 superhelical 0.11630 global twist 54.30467 global supercoiling 0.01564
frame 9229 time 2307.25 unbinding_event at DNA_gyrase 17 enzyme gyrase with twist 133.23975 superhelical 0.12702 global twist 52.95828 global supercoiling 0.01557
frame 9230 time 2307.5 binding_event at DNA_gyrase 20 enzyme gyrase with twist 133.23975 superhelical 0.11642 global twist 51.61188 global supercoiling 0.01486
frame 9232 time 2308.0 unbinding_event at DNA_gyrase 20 enzyme gyrase with twist 131.89335 superhelical 0.12747 global twist 48.91909 global supercoiling 0.01438
frame 9248 time 2312.0 unbinding_event at gene tetA enzyme RNAP with twist 146.19964 superhelical -0.00159 global twist 47.57269 global supercoiling 0.01370
frame 9260 time 2315.0 unbinding_event at gene tetA enzyme RNAP with twist 152.39701 superhelical -0.01970 global twist 47.57269 global supercoiling 0.01362
frame 9316 time 2329.0 unbinding_event at gene tetA enzyme RNAP with twist 47.57269 superhelical -0.06324 global twist 47.57269 global supercoiling 0.01355
frame 9671 time 2417.75 binding_event at gene Raspberry enzyme RNAP with twist 47.57269 superhelical 0.01347 global twist 47.57269 global supercoiling 0.01347
frame 9690 time 2422.5 binding_event at DNA_gyrase 34 enzyme gyrase with twist -6.72587 superhelical -0.00793 global twist 47.57269 global supercoiling 0.01355
frame 9700 time 2425.0 unbinding_event at DNA_gyrase 34 enzyme gyrase with twist -31.40981 superhelical -0.02248 global twist 34.10872 global supercoiling 0.00992
frame 9779 time 2444.75 unbinding_event at gene Raspberry enzyme RNAP with twist 32.76232 superhelical -0.08175 global twist 32.76232 global supercoiling 0.00933
frame 9843 time 2460.75 binding_event at DNA_gyrase 13 enzyme gyrase with twist 32.76232 superhelical 0.00928 global twist 32.76232 global supercoiling 0.00928
frame 9844 time 2461.0 unbinding_event at DNA_gyrase 13 enzyme gyrase with twist 30.06953 superhelical 0.00896 global twist 31.41593 global supercoiling 0.00908
frame 9871 time 2467.75 binding_event at DNA_gyrase 0 enzyme gyrase with twist 30.06953 superhelical 0.00852 global twist 30.06953 global supercoiling 0.00852
frame 9871 time 2467.75 unbinding_event at DNA_gyrase 0 enzyme gyrase with twist 28.72313 superhelical 0.00829 global twist 30.06953 global supercoiling 0.00852
frame 9977 time 2494.25 binding_event at gene tetA enzyme RNAP with twist 28.72313 superhelical 0.00814 global twist 28.72313 global supercoiling 0.00814
