TORCphysics log file 

General information: 
---------------------------------------------------------------------------------------
Circuit name: Pleu500_90
Size: 6000
Structure: circle
Number of sites: 110
Number of frames: 10000
Simulation time: 2500.0
Simulation timestep: 0.25
Seed: 7385811102543718241
 
Overall simulation information 
---------------------------------------------------------------------------------------
Initial twist: -211.83310
Final twist: 5.98399
Initial superhelical density: -0.06000
Final superhelical density: 0.00170
 
Overall rates 
---------------------------------------------------------------------------------------
site type            site name            #binding events      #unbinding events    binding rates        
 DNA_topoI            DNA_topoI_global                     59.0                 59.0                0.0236 
DNA_gyrase           DNA_gyrase_global                    55.0                 55.0                 0.022 
EXT                  EXT                                   0.0                  0.0                   0.0 
gene                 tetA                                 58.0                 57.0                0.0232 
gene                 CDS                                   0.0                  0.0                   0.0 
origin               ori                                   0.0                  0.0                   0.0 
lacOP                lac1                                  0.0                  0.0                   0.0 
gene                 mKalama1                             11.0                 11.0                0.0044 
lacOP                lac2                                  0.0                  0.0                   0.0 
gene                 Raspberry                            17.0                 17.0                0.0068 
 
Events
---------------------------------------------------------------------------------------
frame 32 time 8.0 binding_event at DNA_topoI 37 enzyme topoI with twist -211.83310 superhelical -0.06000 global twist -211.83310 global supercoiling -0.06000
frame 32 time 8.0 unbinding_event at DNA_topoI 37 enzyme topoI with twist -209.88831 superhelical -0.05995 global twist -211.83310 global supercoiling -0.06000
frame 80 time 20.0 binding_event at gene tetA enzyme RNAP with twist -209.88831 superhelical -0.05945 global twist -209.88831 global supercoiling -0.05945
frame 112 time 28.0 binding_event at DNA_topoI 49 enzyme topoI with twist -131.30658 superhelical -0.07060 global twist -209.88831 global supercoiling -0.05977
frame 116 time 29.0 unbinding_event at DNA_topoI 49 enzyme topoI with twist -126.07059 superhelical -0.07042 global twist -202.10913 global supercoiling -0.05876
frame 154 time 38.5 binding_event at gene tetA enzyme RNAP with twist -159.28172 superhelical -0.07776 global twist -200.16433 global supercoiling -0.05700
frame 164 time 41.0 binding_event at DNA_gyrase 13 enzyme gyrase with twist -31.90664 superhelical -0.02250 global twist -200.16433 global supercoiling -0.05732
frame 188 time 47.0 unbinding_event at DNA_gyrase 13 enzyme gyrase with twist -43.12661 superhelical -0.01621 global twist -232.47786 global supercoiling -0.06797
frame 243 time 60.75 unbinding_event at gene tetA enzyme RNAP with twist -18.32503 superhelical -0.07850 global twist -233.82425 global supercoiling -0.06696
frame 303 time 75.75 binding_event at gene Raspberry enzyme RNAP with twist -268.45750 superhelical -0.11256 global twist -233.82425 global supercoiling -0.06659
frame 311 time 77.75 binding_event at DNA_topoI 44 enzyme topoI with twist -181.94811 superhelical -0.11348 global twist -233.82425 global supercoiling -0.06696
frame 314 time 78.5 binding_event at gene tetA enzyme RNAP with twist -129.82994 superhelical -0.11715 global twist -227.98987 global supercoiling -0.06666
frame 317 time 79.25 unbinding_event at gene tetA enzyme RNAP with twist -35.22222 superhelical -0.11921 global twist -222.15548 global supercoiling -0.06531
frame 343 time 85.75 unbinding_event at DNA_topoI 44 enzyme topoI with twist -34.45043 superhelical 0.03400 global twist -171.59080 global supercoiling -0.05017
frame 383 time 95.75 binding_event at gene Raspberry enzyme RNAP with twist -158.31722 superhelical -0.14118 global twist -169.64600 global supercoiling -0.04858
frame 411 time 102.75 unbinding_event at gene Raspberry enzyme RNAP with twist -83.26920 superhelical -0.14363 global twist -169.64600 global supercoiling -0.04885
frame 420 time 105.0 binding_event at gene Raspberry enzyme RNAP with twist -142.70957 superhelical -0.15371 global twist -169.64600 global supercoiling -0.04858
frame 435 time 108.75 binding_event at DNA_topoI 35 enzyme topoI with twist -133.11648 superhelical -0.16044 global twist -169.64600 global supercoiling -0.04885
frame 438 time 109.5 unbinding_event at DNA_topoI 35 enzyme topoI with twist -128.92769 superhelical -0.16925 global twist -163.81162 global supercoiling -0.04816
frame 470 time 117.5 binding_event at gene mKalama1 enzyme RNAP with twist -156.75322 superhelical -0.15886 global twist -161.86682 global supercoiling -0.04661
frame 477 time 119.25 unbinding_event at gene tetA enzyme RNAP with twist 25.12424 superhelical -0.06692 global twist -161.86682 global supercoiling -0.04686
frame 491 time 122.75 unbinding_event at gene Raspberry enzyme RNAP with twist 14.63355 superhelical -0.15695 global twist -161.86682 global supercoiling -0.04661
frame 528 time 132.0 unbinding_event at gene Raspberry enzyme RNAP with twist -109.93519 superhelical -0.18568 global twist -161.86682 global supercoiling -0.04635
frame 579 time 144.75 unbinding_event at gene mKalama1 enzyme RNAP with twist -161.86682 superhelical -0.04002 global twist -161.86682 global supercoiling -0.04610
frame 591 time 147.75 binding_event at DNA_topoI 6 enzyme topoI with twist -161.86682 superhelical -0.04585 global twist -161.86682 global supercoiling -0.04585
frame 592 time 148.0 unbinding_event at DNA_topoI 6 enzyme topoI with twist -157.97723 superhelical -0.04588 global twist -159.92203 global supercoiling -0.04624
frame 689 time 172.25 binding_event at DNA_topoI 2 enzyme topoI with twist -157.97723 superhelical -0.04475 global twist -157.97723 global supercoiling -0.04475
frame 692 time 173.0 unbinding_event at DNA_topoI 2 enzyme topoI with twist -150.19805 superhelical -0.04355 global twist -152.14284 global supercoiling -0.04399
frame 1125 time 281.25 binding_event at gene tetA enzyme RNAP with twist -150.19805 superhelical -0.04254 global twist -150.19805 global supercoiling -0.04254
frame 1219 time 304.75 binding_event at DNA_gyrase 17 enzyme gyrase with twist 7.58583 superhelical 0.00552 global twist -150.19805 global supercoiling -0.04277
frame 1229 time 307.25 unbinding_event at DNA_gyrase 17 enzyme gyrase with twist 2.64905 superhelical 0.00977 global twist -163.66202 global supercoiling -0.04758
frame 1273 time 318.25 binding_event at gene tetA enzyme RNAP with twist -206.25417 superhelical -0.08665 global twist -165.00841 global supercoiling -0.04699
frame 1288 time 322.0 unbinding_event at gene tetA enzyme RNAP with twist -0.73885 superhelical -0.08735 global twist -165.00841 global supercoiling -0.04725
frame 1309 time 327.25 binding_event at DNA_topoI 0 enzyme topoI with twist -182.22152 superhelical -0.09704 global twist -165.00841 global supercoiling -0.04699
frame 1309 time 327.25 unbinding_event at DNA_topoI 0 enzyme topoI with twist -181.17432 superhelical -0.10032 global twist -165.00841 global supercoiling -0.04699
frame 1316 time 329.0 binding_event at gene tetA enzyme RNAP with twist -186.55991 superhelical -0.09772 global twist -163.06362 global supercoiling -0.04644
frame 1344 time 336.0 binding_event at gene tetA enzyme RNAP with twist -194.53398 superhelical -0.10562 global twist -163.06362 global supercoiling -0.04669
frame 1402 time 350.5 binding_event at DNA_topoI 32 enzyme topoI with twist -235.22662 superhelical -0.11901 global twist -163.06362 global supercoiling -0.04695
frame 1413 time 353.25 unbinding_event at DNA_topoI 32 enzyme topoI with twist -222.66025 superhelical -0.09377 global twist -141.67087 global supercoiling -0.04165
frame 1436 time 359.0 binding_event at gene tetA enzyme RNAP with twist -242.40741 superhelical -0.11385 global twist -139.72607 global supercoiling -0.04023
frame 1436 time 359.0 unbinding_event at gene tetA enzyme RNAP with twist 114.94697 superhelical -0.09871 global twist -139.72607 global supercoiling -0.04023
frame 1445 time 361.25 binding_event at gene Raspberry enzyme RNAP with twist -205.24924 superhelical -0.11684 global twist -139.72607 global supercoiling -0.04023
frame 1455 time 363.75 binding_event at gene mKalama1 enzyme RNAP with twist -99.03540 superhelical -0.12268 global twist -139.72607 global supercoiling -0.04045
frame 1479 time 369.75 unbinding_event at gene tetA enzyme RNAP with twist 142.17564 superhelical -0.10673 global twist -139.72607 global supercoiling -0.04068
frame 1489 time 372.25 binding_event at DNA_gyrase 12 enzyme gyrase with twist 150.25402 superhelical 0.13129 global twist -139.72607 global supercoiling -0.04045
frame 1507 time 376.75 unbinding_event at gene tetA enzyme RNAP with twist -18.46629 superhelical -0.11489 global twist -163.96122 global supercoiling -0.04848
frame 1508 time 377.0 unbinding_event at DNA_gyrase 12 enzyme gyrase with twist 96.04149 superhelical -0.03771 global twist -165.30761 global supercoiling -0.04860
frame 1551 time 387.75 binding_event at gene Raspberry enzyme RNAP with twist -190.01026 superhelical -0.18957 global twist -166.65401 global supercoiling -0.04798
frame 1553 time 388.25 unbinding_event at gene Raspberry enzyme RNAP with twist -203.42952 superhelical -0.19326 global twist -166.65401 global supercoiling -0.04825
frame 1564 time 391.0 unbinding_event at gene mKalama1 enzyme RNAP with twist -109.53147 superhelical 0.11296 global twist -166.65401 global supercoiling -0.04798
frame 1577 time 394.25 binding_event at DNA_gyrase 11 enzyme gyrase with twist 157.07815 superhelical 0.13513 global twist -166.65401 global supercoiling -0.04772
frame 1596 time 399.0 unbinding_event at DNA_gyrase 11 enzyme gyrase with twist 148.10217 superhelical 1.16525 global twist -192.23555 global supercoiling -0.05620
frame 1599 time 399.75 binding_event at DNA_gyrase 12 enzyme gyrase with twist 149.89737 superhelical 0.14093 global twist -193.58195 global supercoiling -0.05543
frame 1599 time 399.75 unbinding_event at gene tetA enzyme RNAP with twist -191.13194 superhelical -0.14022 global twist -193.58195 global supercoiling -0.05543
frame 1607 time 401.75 unbinding_event at DNA_gyrase 12 enzyme gyrase with twist -57.57134 superhelical -0.12543 global twist -204.35312 global supercoiling -0.05941
frame 1621 time 405.25 binding_event at gene mKalama1 enzyme RNAP with twist -159.79695 superhelical -0.14844 global twist -205.69952 global supercoiling -0.05858
frame 1655 time 413.75 binding_event at gene tetA enzyme RNAP with twist -15.38424 superhelical -0.00674 global twist -205.69952 global supercoiling -0.05890
frame 1659 time 414.75 unbinding_event at gene Raspberry enzyme RNAP with twist -135.14094 superhelical -0.17364 global twist -205.69952 global supercoiling -0.05923
frame 1687 time 421.75 binding_event at DNA_topoI 33 enzyme topoI with twist -183.61122 superhelical -0.12328 global twist -205.69952 global supercoiling -0.05890
frame 1691 time 422.75 unbinding_event at DNA_topoI 33 enzyme topoI with twist -182.86323 superhelical -0.10134 global twist -197.92034 global supercoiling -0.05786
frame 1699 time 424.75 binding_event at gene Raspberry enzyme RNAP with twist -195.42960 superhelical -0.12236 global twist -195.97554 global supercoiling -0.05612
frame 1730 time 432.5 unbinding_event at gene mKalama1 enzyme RNAP with twist -111.77251 superhelical 0.00576 global twist -195.97554 global supercoiling -0.05643
frame 1757 time 439.25 binding_event at gene mKalama1 enzyme RNAP with twist -135.11006 superhelical -0.13212 global twist -195.97554 global supercoiling -0.05612
frame 1759 time 439.75 binding_event at gene tetA enzyme RNAP with twist -140.21721 superhelical -0.12385 global twist -195.97554 global supercoiling -0.05643
frame 1764 time 441.0 binding_event at gene Raspberry enzyme RNAP with twist -60.50345 superhelical -0.14444 global twist -195.97554 global supercoiling -0.05674
frame 1768 time 442.0 binding_event at DNA_topoI 7 enzyme topoI with twist -56.38843 superhelical -0.12598 global twist -195.97554 global supercoiling -0.05706
frame 1770 time 442.5 binding_event at gene Raspberry enzyme RNAP with twist -30.01816 superhelical -0.16583 global twist -192.08595 global supercoiling -0.05712
frame 1782 time 445.5 binding_event at gene mKalama1 enzyme RNAP with twist -50.11786 superhelical -0.19144 global twist -168.74841 global supercoiling -0.05047
frame 1782 time 445.5 unbinding_event at DNA_topoI 7 enzyme topoI with twist -27.21650 superhelical -0.06900 global twist -168.74841 global supercoiling -0.05047
frame 1807 time 451.75 unbinding_event at gene Raspberry enzyme RNAP with twist -125.08526 superhelical -0.15136 global twist -166.80361 global supercoiling -0.04911
frame 1818 time 454.5 unbinding_event at gene tetA enzyme RNAP with twist 107.78630 superhelical -0.06081 global twist -166.80361 global supercoiling -0.04883
frame 1844 time 461.0 binding_event at DNA_gyrase 17 enzyme gyrase with twist 130.22625 superhelical 0.09212 global twist -166.80361 global supercoiling -0.04856
frame 1853 time 463.25 unbinding_event at DNA_gyrase 17 enzyme gyrase with twist 125.73826 superhelical 0.10591 global twist -178.92118 global supercoiling -0.05320
frame 1866 time 466.5 unbinding_event at gene mKalama1 enzyme RNAP with twist -7.65626 superhelical 0.07519 global twist -180.26758 global supercoiling -0.05248
frame 1870 time 467.5 binding_event at DNA_gyrase 25 enzyme gyrase with twist 140.09983 superhelical 0.10802 global twist -180.26758 global supercoiling -0.05219
frame 1872 time 468.0 unbinding_event at gene Raspberry enzyme RNAP with twist -126.52790 superhelical -0.18545 global twist -182.96037 global supercoiling -0.05410
frame 1874 time 468.5 unbinding_event at DNA_gyrase 25 enzyme gyrase with twist 137.85583 superhelical 0.11340 global twist -185.65317 global supercoiling -0.05458
frame 1878 time 469.5 unbinding_event at gene Raspberry enzyme RNAP with twist -331.56070 superhelical -0.20096 global twist -186.99956 global supercoiling -0.05384
frame 1891 time 472.75 unbinding_event at gene mKalama1 enzyme RNAP with twist -340.11456 superhelical 0.09613 global twist -186.99956 global supercoiling -0.05355
frame 1922 time 480.5 unbinding_event at gene tetA enzyme RNAP with twist -186.99956 superhelical -0.15004 global twist -186.99956 global supercoiling -0.05325
frame 1958 time 489.5 binding_event at DNA_gyrase 42 enzyme gyrase with twist -186.99956 superhelical -0.05297 global twist -186.99956 global supercoiling -0.05297
frame 1962 time 490.5 unbinding_event at DNA_gyrase 42 enzyme gyrase with twist -193.73155 superhelical -0.05710 global twist -192.38515 global supercoiling -0.05562
frame 2063 time 515.75 binding_event at DNA_topoI 43 enzyme topoI with twist -193.73155 superhelical -0.05487 global twist -193.73155 global supercoiling -0.05487
frame 2066 time 516.5 unbinding_event at DNA_topoI 43 enzyme topoI with twist -185.95237 superhelical -0.05272 global twist -187.89716 global supercoiling -0.05433
frame 2156 time 539.0 binding_event at gene tetA enzyme RNAP with twist -185.95237 superhelical -0.05267 global twist -185.95237 global supercoiling -0.05267
frame 2250 time 562.5 binding_event at DNA_topoI 5 enzyme topoI with twist -175.25890 superhelical -0.08197 global twist -185.95237 global supercoiling -0.05296
frame 2255 time 563.75 unbinding_event at DNA_topoI 5 enzyme topoI with twist -168.97571 superhelical -0.08196 global twist -176.22839 global supercoiling -0.05124
frame 2260 time 565.0 binding_event at gene tetA enzyme RNAP with twist -172.56610 superhelical -0.07905 global twist -174.28359 global supercoiling -0.04963
frame 2269 time 567.25 binding_event at DNA_gyrase 14 enzyme gyrase with twist 6.36089 superhelical 0.00494 global twist -174.28359 global supercoiling -0.04991
frame 2269 time 567.25 unbinding_event at DNA_gyrase 14 enzyme gyrase with twist 5.91209 superhelical 0.00579 global twist -174.28359 global supercoiling -0.04991
frame 2319 time 579.75 unbinding_event at gene tetA enzyme RNAP with twist 15.09524 superhelical -0.07975 global twist -175.62999 global supercoiling -0.05029
frame 2365 time 591.25 binding_event at DNA_topoI 33 enzyme topoI with twist -231.11713 superhelical -0.10566 global twist -175.62999 global supercoiling -0.05002
frame 2371 time 592.75 unbinding_event at DNA_topoI 33 enzyme topoI with twist -223.78675 superhelical -0.09458 global twist -163.96122 global supercoiling -0.04767
frame 2395 time 598.75 binding_event at DNA_gyrase 22 enzyme gyrase with twist 82.41508 superhelical 0.06930 global twist -162.01642 global supercoiling -0.04614
frame 2403 time 600.75 unbinding_event at DNA_gyrase 22 enzyme gyrase with twist 78.37589 superhelical 0.07941 global twist -172.78760 global supercoiling -0.05023
frame 2423 time 605.75 unbinding_event at gene tetA enzyme RNAP with twist -174.13399 superhelical -0.11029 global twist -174.13399 global supercoiling -0.04959
frame 2443 time 610.75 binding_event at DNA_topoI 36 enzyme topoI with twist -174.13399 superhelical -0.04932 global twist -174.13399 global supercoiling -0.04932
frame 2446 time 611.5 unbinding_event at DNA_topoI 36 enzyme topoI with twist -166.35481 superhelical -0.04462 global twist -168.29961 global supercoiling -0.04866
frame 2506 time 626.5 binding_event at DNA_topoI 8 enzyme topoI with twist -166.35481 superhelical -0.04712 global twist -166.35481 global supercoiling -0.04712
frame 2515 time 628.75 unbinding_event at DNA_topoI 8 enzyme topoI with twist -146.90686 superhelical -0.04379 global twist -148.85165 global supercoiling -0.04304
frame 2539 time 634.75 binding_event at gene tetA enzyme RNAP with twist -146.90686 superhelical -0.04161 global twist -146.90686 global supercoiling -0.04161
frame 2582 time 645.5 binding_event at DNA_topoI 38 enzyme topoI with twist -110.39781 superhelical -0.05782 global twist -146.90686 global supercoiling -0.04184
frame 2594 time 648.5 unbinding_event at DNA_topoI 38 enzyme topoI with twist -96.78424 superhelical -0.04473 global twist -123.56931 global supercoiling -0.03593
frame 2609 time 652.25 binding_event at DNA_topoI 48 enzyme topoI with twist -109.35061 superhelical -0.05386 global twist -121.62452 global supercoiling -0.03464
frame 2619 time 654.75 unbinding_event at DNA_topoI 48 enzyme topoI with twist -97.83144 superhelical -0.04889 global twist -102.17656 global supercoiling -0.02971
frame 2625 time 656.25 binding_event at DNA_topoI 48 enzyme topoI with twist -102.31943 superhelical -0.04867 global twist -100.23177 global supercoiling -0.02854
frame 2642 time 660.5 unbinding_event at DNA_topoI 48 enzyme topoI with twist -83.46987 superhelical -0.03904 global twist -67.17024 global supercoiling -0.01953
frame 2702 time 675.5 unbinding_event at gene tetA enzyme RNAP with twist -65.22545 superhelical -0.05600 global twist -65.22545 global supercoiling -0.01858
frame 2784 time 696.0 binding_event at gene tetA enzyme RNAP with twist -65.22545 superhelical -0.01847 global twist -65.22545 global supercoiling -0.01847
frame 2816 time 704.0 binding_event at DNA_gyrase 4 enzyme gyrase with twist -4.62321 superhelical -0.00280 global twist -65.22545 global supercoiling -0.01858
frame 2821 time 705.25 unbinding_event at DNA_gyrase 4 enzyme gyrase with twist -7.31600 superhelical 0.01616 global twist -71.95743 global supercoiling -0.02092
frame 2833 time 708.25 binding_event at gene tetA enzyme RNAP with twist -75.86140 superhelical -0.03918 global twist -73.30383 global supercoiling -0.02088
frame 2878 time 719.5 binding_event at DNA_topoI 37 enzyme topoI with twist -108.30840 superhelical -0.05646 global twist -73.30383 global supercoiling -0.02099
frame 2879 time 719.75 binding_event at DNA_topoI 30 enzyme topoI with twist -43.11620 superhelical -0.05737 global twist -71.35903 global supercoiling -0.02086
frame 2879 time 719.75 unbinding_event at DNA_topoI 37 enzyme topoI with twist -89.45258 superhelical -0.05891 global twist -71.35903 global supercoiling -0.02086
frame 2896 time 724.0 unbinding_event at DNA_topoI 30 enzyme topoI with twist -86.46685 superhelical 0.00689 global twist -36.35271 global supercoiling -0.01063
frame 2944 time 736.0 binding_event at gene tetA enzyme RNAP with twist -128.65396 superhelical -0.05810 global twist -34.40792 global supercoiling -0.00985
frame 2947 time 736.75 unbinding_event at gene tetA enzyme RNAP with twist 97.83643 superhelical -0.03957 global twist -34.40792 global supercoiling -0.00991
frame 2996 time 749.0 unbinding_event at gene tetA enzyme RNAP with twist 113.74526 superhelical -0.05861 global twist -34.40792 global supercoiling -0.00985
frame 3008 time 752.0 binding_event at DNA_topoI 3 enzyme topoI with twist -158.02676 superhelical -0.07888 global twist -34.40792 global supercoiling -0.00980
frame 3009 time 752.25 binding_event at gene mKalama1 enzyme RNAP with twist -154.50870 superhelical -0.08130 global twist -32.46312 global supercoiling -0.00944
frame 3017 time 754.25 unbinding_event at DNA_topoI 3 enzyme topoI with twist -102.45937 superhelical -0.07899 global twist -16.90476 global supercoiling -0.00494
frame 3037 time 759.25 binding_event at DNA_topoI 27 enzyme topoI with twist -28.04106 superhelical -0.05374 global twist -14.95997 global supercoiling -0.00428
frame 3046 time 761.5 unbinding_event at DNA_topoI 27 enzyme topoI with twist 0.38288 superhelical 0.22786 global twist 2.54319 global supercoiling 0.00074
frame 3107 time 776.75 unbinding_event at gene tetA enzyme RNAP with twist -50.64836 superhelical -0.11840 global twist 4.48799 global supercoiling 0.00129
frame 3118 time 779.5 unbinding_event at gene mKalama1 enzyme RNAP with twist 4.48799 superhelical 0.42272 global twist 4.48799 global supercoiling 0.00128
frame 3136 time 784.0 binding_event at gene tetA enzyme RNAP with twist 4.48799 superhelical 0.00127 global twist 4.48799 global supercoiling 0.00127
frame 3167 time 791.75 binding_event at DNA_topoI 48 enzyme topoI with twist -25.63202 superhelical -0.01382 global twist 4.48799 global supercoiling 0.00128
frame 3177 time 794.25 unbinding_event at DNA_topoI 48 enzyme topoI with twist -14.11285 superhelical -0.00743 global twist 23.93594 global supercoiling 0.00696
frame 3215 time 803.75 binding_event at gene tetA enzyme RNAP with twist -47.32397 superhelical -0.02285 global twist 25.88074 global supercoiling 0.00737
frame 3280 time 820.0 binding_event at DNA_topoI 3 enzyme topoI with twist -97.93119 superhelical -0.04877 global twist 25.88074 global supercoiling 0.00741
frame 3280 time 820.0 unbinding_event at DNA_topoI 3 enzyme topoI with twist -96.88399 superhelical -0.05007 global twist 25.88074 global supercoiling 0.00741
frame 3290 time 822.5 binding_event at gene tetA enzyme RNAP with twist -104.96237 superhelical -0.05113 global twist 27.82553 global supercoiling 0.00797
frame 3299 time 824.75 unbinding_event at gene tetA enzyme RNAP with twist 141.76388 superhelical -0.02307 global twist 27.82553 global supercoiling 0.00801
frame 3378 time 844.5 unbinding_event at gene tetA enzyme RNAP with twist 196.28967 superhelical -0.05161 global twist 27.82553 global supercoiling 0.00797
frame 3419 time 854.75 binding_event at DNA_gyrase 15 enzyme gyrase with twist 232.19359 superhelical 0.19091 global twist 27.82553 global supercoiling 0.00792
frame 3427 time 856.75 binding_event at DNA_gyrase 10 enzyme gyrase with twist 92.66939 superhelical 0.22493 global twist 17.05436 global supercoiling 0.00496
frame 3430 time 857.5 unbinding_event at DNA_gyrase 10 enzyme gyrase with twist 88.18140 superhelical 0.43774 global twist 8.97598 global supercoiling 0.00267
frame 3434 time 858.5 unbinding_event at DNA_gyrase 15 enzyme gyrase with twist 219.62722 superhelical 0.23685 global twist 2.24399 global supercoiling 0.00065
frame 3449 time 862.25 binding_event at DNA_topoI 33 enzyme topoI with twist -231.29599 superhelical -0.09519 global twist 0.89760 global supercoiling 0.00026
frame 3453 time 863.25 unbinding_event at gene tetA enzyme RNAP with twist 51.30855 superhelical -0.09675 global twist 8.67678 global supercoiling 0.00252
frame 3453 time 863.25 unbinding_event at DNA_topoI 33 enzyme topoI with twist 10.62158 superhelical -0.08762 global twist 8.67678 global supercoiling 0.00252
frame 3463 time 865.75 binding_event at gene Raspberry enzyme RNAP with twist 10.62158 superhelical 0.00301 global twist 10.62158 global supercoiling 0.00301
frame 3486 time 871.5 binding_event at DNA_gyrase 31 enzyme gyrase with twist -18.33870 superhelical -0.02119 global twist 10.62158 global supercoiling 0.00302
frame 3486 time 871.5 unbinding_event at DNA_gyrase 31 enzyme gyrase with twist -20.58270 superhelical -0.02520 global twist 10.62158 global supercoiling 0.00302
frame 3491 time 872.75 binding_event at gene tetA enzyme RNAP with twist 33.44827 superhelical 0.01275 global twist 9.27518 global supercoiling 0.00264
frame 3494 time 873.5 binding_event at DNA_gyrase 16 enzyme gyrase with twist 25.74996 superhelical 0.01445 global twist 9.27518 global supercoiling 0.00266
frame 3496 time 874.0 unbinding_event at DNA_gyrase 16 enzyme gyrase with twist 24.40357 superhelical 0.01588 global twist 6.58238 global supercoiling 0.00192
frame 3507 time 876.75 binding_event at gene tetA enzyme RNAP with twist 10.39110 superhelical 0.01284 global twist 5.23599 global supercoiling 0.00150
frame 3528 time 882.0 binding_event at DNA_gyrase 10 enzyme gyrase with twist 52.22910 superhelical 0.03206 global twist 5.23599 global supercoiling 0.00151
frame 3531 time 882.75 unbinding_event at DNA_gyrase 10 enzyme gyrase with twist 50.43391 superhelical 0.03664 global twist 1.19680 global supercoiling 0.00035
frame 3571 time 892.75 unbinding_event at gene Raspberry enzyme RNAP with twist -87.18016 superhelical -0.07741 global twist -0.14960 global supercoiling -0.00004
frame 3653 time 913.25 binding_event at gene tetA enzyme RNAP with twist -159.88559 superhelical -0.06742 global twist -0.14960 global supercoiling -0.00004
frame 3654 time 913.5 unbinding_event at gene tetA enzyme RNAP with twist 161.53119 superhelical 0.01316 global twist -0.14960 global supercoiling -0.00004
frame 3670 time 917.5 unbinding_event at gene tetA enzyme RNAP with twist 132.65735 superhelical -0.06797 global twist -0.14960 global supercoiling -0.00004
frame 3713 time 928.25 binding_event at gene tetA enzyme RNAP with twist -170.50606 superhelical -0.08588 global twist -0.14960 global supercoiling -0.00004
frame 3736 time 934.0 binding_event at gene tetA enzyme RNAP with twist -169.46136 superhelical -0.09314 global twist -0.14960 global supercoiling -0.00004
frame 3747 time 936.75 binding_event at DNA_gyrase 8 enzyme gyrase with twist 200.87479 superhelical 0.14627 global twist -0.14960 global supercoiling -0.00004
frame 3747 time 936.75 unbinding_event at DNA_gyrase 8 enzyme gyrase with twist 200.42599 superhelical 0.16371 global twist -0.14960 global supercoiling -0.00004
frame 3750 time 937.5 binding_event at gene Raspberry enzyme RNAP with twist -174.11371 superhelical -0.09787 global twist -1.49600 global supercoiling -0.00043
frame 3800 time 950.0 binding_event at DNA_topoI 28 enzyme topoI with twist -120.30352 superhelical -0.12192 global twist -1.49600 global supercoiling -0.00043
frame 3801 time 950.25 binding_event at gene tetA enzyme RNAP with twist -98.69009 superhelical -0.09893 global twist 0.44880 global supercoiling 0.00013
frame 3816 time 954.0 unbinding_event at gene tetA enzyme RNAP with twist 240.67079 superhelical -0.08671 global twist 29.62073 global supercoiling 0.00881
frame 3827 time 956.75 unbinding_event at DNA_topoI 28 enzyme topoI with twist -90.98199 superhelical 0.12704 global twist 51.01348 global supercoiling 0.01508
frame 3852 time 963.0 binding_event at DNA_gyrase 24 enzyme gyrase with twist 272.08672 superhelical 0.23228 global twist 52.95828 global supercoiling 0.01533
frame 3853 time 963.25 unbinding_event at DNA_gyrase 24 enzyme gyrase with twist 271.18912 superhelical 0.25002 global twist 51.61188 global supercoiling 0.01526
frame 3858 time 964.5 unbinding_event at gene Raspberry enzyme RNAP with twist -190.00322 superhelical -0.09493 global twist 50.26548 global supercoiling 0.01455
frame 3867 time 966.75 binding_event at DNA_gyrase 44 enzyme gyrase with twist -197.18400 superhelical -0.09798 global twist 50.26548 global supercoiling 0.01447
frame 3867 time 966.75 unbinding_event at DNA_gyrase 44 enzyme gyrase with twist -199.42800 superhelical -0.10215 global twist 50.26548 global supercoiling 0.01447
frame 3876 time 969.0 unbinding_event at gene tetA enzyme RNAP with twist 283.91986 superhelical -0.09413 global twist 48.91909 global supercoiling 0.01409
frame 3899 time 974.75 unbinding_event at gene tetA enzyme RNAP with twist 277.07021 superhelical -0.10087 global twist 48.91909 global supercoiling 0.01401
frame 3963 time 990.75 binding_event at DNA_gyrase 25 enzyme gyrase with twist 333.61888 superhelical 0.31234 global twist 48.91909 global supercoiling 0.01393
frame 3964 time 991.0 unbinding_event at gene tetA enzyme RNAP with twist 40.65831 superhelical -0.11683 global twist 47.57269 global supercoiling 0.01383
frame 3985 time 996.25 binding_event at DNA_gyrase 40 enzyme gyrase with twist 27.19434 superhelical 0.00781 global twist 19.29835 global supercoiling 0.00558
frame 3989 time 997.25 unbinding_event at DNA_gyrase 25 enzyme gyrase with twist 1.48513 superhelical 0.00522 global twist 8.52718 global supercoiling 0.00252
frame 3992 time 998.0 unbinding_event at DNA_gyrase 40 enzyme gyrase with twist 1.79520 superhelical 0.00241 global twist 3.14159 global supercoiling 0.00091
frame 4052 time 1013.0 binding_event at gene tetA enzyme RNAP with twist 1.79520 superhelical 0.00051 global twist 1.79520 global supercoiling 0.00051
frame 4078 time 1019.5 binding_event at gene tetA enzyme RNAP with twist -22.46014 superhelical -0.01225 global twist 1.79520 global supercoiling 0.00051
frame 4083 time 1020.75 binding_event at gene mKalama1 enzyme RNAP with twist -25.74028 superhelical -0.01480 global twist 1.79520 global supercoiling 0.00051
frame 4172 time 1043.0 binding_event at gene tetA enzyme RNAP with twist -175.82035 superhelical -0.09398 global twist 1.79520 global supercoiling 0.00052
frame 4192 time 1048.0 unbinding_event at gene mKalama1 enzyme RNAP with twist -86.23817 superhelical 0.57900 global twist 1.79520 global supercoiling 0.00052
frame 4212 time 1053.0 binding_event at DNA_topoI 2 enzyme topoI with twist -103.29253 superhelical -0.05449 global twist 1.79520 global supercoiling 0.00052
frame 4214 time 1053.5 unbinding_event at DNA_topoI 2 enzyme topoI with twist -100.15094 superhelical -0.05474 global twist 5.68479 global supercoiling 0.00167
frame 4215 time 1053.75 unbinding_event at gene tetA enzyme RNAP with twist 146.91599 superhelical -0.01238 global twist 7.62958 global supercoiling 0.00220
frame 4236 time 1059.0 binding_event at DNA_topoI 4 enzyme topoI with twist -119.00050 superhelical -0.05940 global twist 7.62958 global supercoiling 0.00218
frame 4241 time 1060.25 unbinding_event at gene tetA enzyme RNAP with twist 132.01567 superhelical -0.09495 global twist 17.35356 global supercoiling 0.00507
frame 4242 time 1060.5 unbinding_event at DNA_topoI 4 enzyme topoI with twist -111.67011 superhelical -0.05566 global twist 19.29835 global supercoiling 0.00561
frame 4280 time 1070.0 binding_event at DNA_gyrase 19 enzyme gyrase with twist 166.12439 superhelical 0.12676 global twist 21.24315 global supercoiling 0.00605
frame 4280 time 1070.0 unbinding_event at DNA_gyrase 19 enzyme gyrase with twist 165.67559 superhelical 0.13512 global twist 21.24315 global supercoiling 0.00605
frame 4316 time 1079.0 binding_event at DNA_topoI 26 enzyme topoI with twist -177.19476 superhelical -0.07500 global twist 19.89675 global supercoiling 0.00567
frame 4320 time 1080.0 unbinding_event at DNA_topoI 26 enzyme topoI with twist -171.95877 superhelical 0.05210 global twist 27.67594 global supercoiling 0.00805
frame 4329 time 1082.25 binding_event at DNA_gyrase 17 enzyme gyrase with twist 208.76029 superhelical 0.19142 global twist 29.62073 global supercoiling 0.00844
frame 4335 time 1083.75 unbinding_event at gene tetA enzyme RNAP with twist -88.39240 superhelical -0.07561 global twist 21.54235 global supercoiling 0.00626
frame 4362 time 1090.5 binding_event at DNA_gyrase 24 enzyme gyrase with twist 91.08519 superhelical 0.16473 global twist -14.81037 global supercoiling -0.00428
frame 4365 time 1091.25 unbinding_event at DNA_gyrase 17 enzyme gyrase with twist -32.40511 superhelical -0.03737 global twist -22.88875 global supercoiling -0.00676
frame 4379 time 1094.75 unbinding_event at DNA_gyrase 24 enzyme gyrase with twist -44.43110 superhelical -0.01227 global twist -43.08470 global supercoiling -0.01246
frame 4403 time 1100.75 binding_event at DNA_topoI 18 enzyme topoI with twist -44.43110 superhelical -0.01258 global twist -44.43110 global supercoiling -0.01258
frame 4405 time 1101.25 unbinding_event at DNA_topoI 18 enzyme topoI with twist -38.59671 superhelical -0.01187 global twist -40.54151 global supercoiling -0.01172
frame 4658 time 1164.5 binding_event at DNA_gyrase 22 enzyme gyrase with twist -38.59671 superhelical -0.01093 global twist -38.59671 global supercoiling -0.01093
frame 4668 time 1167.0 binding_event at DNA_topoI 25 enzyme topoI with twist -8.89554 superhelical -0.04588 global twist -52.06068 global supercoiling -0.01505
frame 4669 time 1167.25 unbinding_event at DNA_gyrase 22 enzyme gyrase with twist -51.64839 superhelical -0.01363 global twist -51.46228 global supercoiling -0.01519
frame 4672 time 1168.0 unbinding_event at DNA_topoI 25 enzyme topoI with twist -45.02949 superhelical -0.01400 global twist -46.97429 global supercoiling -0.01358
frame 4677 time 1169.25 binding_event at gene tetA enzyme RNAP with twist -45.02949 superhelical -0.01275 global twist -45.02949 global supercoiling -0.01275
frame 4775 time 1193.75 binding_event at DNA_gyrase 14 enzyme gyrase with twist 64.94338 superhelical 0.04792 global twist -45.02949 global supercoiling -0.01282
frame 4793 time 1198.25 unbinding_event at DNA_gyrase 14 enzyme gyrase with twist 56.41620 superhelical 0.07055 global twist -69.26464 global supercoiling -0.02014
frame 4840 time 1210.0 unbinding_event at gene tetA enzyme RNAP with twist -70.61103 superhelical -0.06900 global twist -70.61103 global supercoiling -0.02011
frame 5098 time 1274.5 binding_event at DNA_gyrase 10 enzyme gyrase with twist -70.61103 superhelical -0.02000 global twist -70.61103 global supercoiling -0.02000
frame 5100 time 1275.0 unbinding_event at DNA_gyrase 10 enzyme gyrase with twist -74.65023 superhelical -0.02126 global twist -73.30383 global supercoiling -0.02119
frame 5111 time 1277.75 binding_event at gene tetA enzyme RNAP with twist -74.65023 superhelical -0.02114 global twist -74.65023 global supercoiling -0.02114
frame 5245 time 1311.25 binding_event at DNA_gyrase 11 enzyme gyrase with twist 82.11338 superhelical 0.06878 global twist -74.65023 global supercoiling -0.02126
frame 5266 time 1316.5 unbinding_event at DNA_gyrase 11 enzyme gyrase with twist 72.23980 superhelical 0.38115 global twist -102.92456 global supercoiling -0.02992
frame 5274 time 1318.5 unbinding_event at gene tetA enzyme RNAP with twist -104.27096 superhelical -0.07491 global twist -104.27096 global supercoiling -0.02969
frame 5290 time 1322.5 binding_event at gene tetA enzyme RNAP with twist -104.27096 superhelical -0.02953 global twist -104.27096 global supercoiling -0.02953
frame 5296 time 1324.0 binding_event at DNA_gyrase 49 enzyme gyrase with twist -56.34828 superhelical -0.03233 global twist -104.27096 global supercoiling -0.02969
frame 5297 time 1324.25 unbinding_event at DNA_gyrase 49 enzyme gyrase with twist -60.83627 superhelical -0.03455 global twist -105.61735 global supercoiling -0.03071
frame 5350 time 1337.5 binding_event at DNA_topoI 28 enzyme topoI with twist -107.51136 superhelical -0.05415 global twist -106.96375 global supercoiling -0.03046
frame 5358 time 1339.5 unbinding_event at DNA_topoI 28 enzyme topoI with twist -98.08659 superhelical 0.02692 global twist -91.40539 global supercoiling -0.02657
frame 5410 time 1352.5 binding_event at DNA_topoI 2 enzyme topoI with twist -143.86408 superhelical -0.06380 global twist -89.46059 global supercoiling -0.02548
frame 5422 time 1355.5 unbinding_event at DNA_topoI 2 enzyme topoI with twist -130.25051 superhelical -0.05899 global twist -66.12305 global supercoiling -0.01922
frame 5425 time 1356.25 binding_event at DNA_topoI 43 enzyme topoI with twist -132.04571 superhelical -0.05687 global twist -64.17825 global supercoiling -0.01828
frame 5431 time 1357.75 unbinding_event at DNA_topoI 43 enzyme topoI with twist -124.71532 superhelical -0.05292 global twist -52.50948 global supercoiling -0.01527
frame 5453 time 1363.25 unbinding_event at gene tetA enzyme RNAP with twist -50.56468 superhelical -0.05891 global twist -50.56468 global supercoiling -0.01440
frame 5465 time 1366.25 binding_event at DNA_gyrase 21 enzyme gyrase with twist -50.56468 superhelical -0.01432 global twist -50.56468 global supercoiling -0.01432
frame 5466 time 1366.5 unbinding_event at DNA_gyrase 21 enzyme gyrase with twist -53.25748 superhelical -0.01504 global twist -51.91108 global supercoiling -0.01501
frame 5533 time 1383.25 binding_event at gene tetA enzyme RNAP with twist -53.25748 superhelical -0.01508 global twist -53.25748 global supercoiling -0.01508
frame 5639 time 1409.75 binding_event at DNA_topoI 28 enzyme topoI with twist -121.17510 superhelical -0.05528 global twist -53.25748 global supercoiling -0.01517
frame 5639 time 1409.75 unbinding_event at DNA_topoI 28 enzyme topoI with twist -120.12791 superhelical -0.04792 global twist -53.25748 global supercoiling -0.01517
frame 5665 time 1416.25 binding_event at DNA_gyrase 9 enzyme gyrase with twist 91.25517 superhelical 0.07587 global twist -51.31268 global supercoiling -0.01461
frame 5674 time 1418.5 binding_event at DNA_gyrase 17 enzyme gyrase with twist 84.90669 superhelical 0.07531 global twist -63.43025 global supercoiling -0.01844
frame 5675 time 1418.75 unbinding_event at DNA_gyrase 9 enzyme gyrase with twist 35.11147 superhelical -0.13939 global twist -66.12305 global supercoiling -0.01963
frame 5678 time 1419.5 unbinding_event at DNA_gyrase 17 enzyme gyrase with twist 76.89361 superhelical 0.06601 global twist -71.50863 global supercoiling -0.02079
frame 5702 time 1425.5 unbinding_event at gene tetA enzyme RNAP with twist -72.85503 superhelical -0.06985 global twist -72.85503 global supercoiling -0.02075
frame 5721 time 1430.25 binding_event at DNA_topoI 15 enzyme topoI with twist -72.85503 superhelical -0.02064 global twist -72.85503 global supercoiling -0.02064
frame 5730 time 1432.5 unbinding_event at DNA_topoI 15 enzyme topoI with twist -53.40708 superhelical -0.01754 global twist -55.35187 global supercoiling -0.01600
frame 5898 time 1474.5 binding_event at DNA_gyrase 3 enzyme gyrase with twist -53.40708 superhelical -0.01513 global twist -53.40708 global supercoiling -0.01513
frame 5905 time 1476.25 unbinding_event at DNA_gyrase 3 enzyme gyrase with twist -64.17825 superhelical -0.01827 global twist -62.83185 global supercoiling -0.01817
frame 6031 time 1507.75 binding_event at DNA_topoI 17 enzyme topoI with twist -64.17825 superhelical -0.01818 global twist -64.17825 global supercoiling -0.01818
frame 6049 time 1512.25 unbinding_event at DNA_topoI 17 enzyme topoI with twist -27.22714 superhelical -0.01220 global twist -29.17193 global supercoiling -0.00843
frame 6070 time 1517.5 binding_event at gene tetA enzyme RNAP with twist -27.22714 superhelical -0.00771 global twist -27.22714 global supercoiling -0.00771
frame 6075 time 1518.75 binding_event at gene tetA enzyme RNAP with twist -17.79532 superhelical -0.01024 global twist -27.22714 global supercoiling -0.00775
frame 6120 time 1530.0 binding_event at gene tetA enzyme RNAP with twist -58.15317 superhelical -0.03032 global twist -27.22714 global supercoiling -0.00780
frame 6193 time 1548.25 binding_event at DNA_gyrase 24 enzyme gyrase with twist 96.48474 superhelical 0.07761 global twist -27.22714 global supercoiling -0.00784
frame 6197 time 1549.25 binding_event at DNA_topoI 1 enzyme topoI with twist -121.67003 superhelical -0.05901 global twist -32.61272 global supercoiling -0.00959
frame 6197 time 1549.25 unbinding_event at DNA_topoI 1 enzyme topoI with twist -120.62284 superhelical -0.06059 global twist -32.61272 global supercoiling -0.00959
frame 6203 time 1550.75 binding_event at gene tetA enzyme RNAP with twist -125.11083 superhelical -0.05990 global twist -38.74631 global supercoiling -0.01139
frame 6221 time 1555.25 unbinding_event at DNA_gyrase 24 enzyme gyrase with twist 83.46957 superhelical 0.09975 global twist -62.98145 global supercoiling -0.01862
frame 6233 time 1558.25 unbinding_event at gene tetA enzyme RNAP with twist 94.20668 superhelical -0.01035 global twist -64.32785 global supercoiling -0.01862
frame 6238 time 1559.5 unbinding_event at gene tetA enzyme RNAP with twist 93.09650 superhelical -0.03062 global twist -64.32785 global supercoiling -0.01852
frame 6282 time 1570.5 binding_event at DNA_topoI 41 enzyme topoI with twist -174.65979 superhelical -0.08435 global twist -64.32785 global supercoiling -0.01842
frame 6283 time 1570.75 unbinding_event at gene tetA enzyme RNAP with twist 112.12714 superhelical -0.06045 global twist -62.38305 global supercoiling -0.01824
frame 6288 time 1572.0 unbinding_event at DNA_topoI 41 enzyme topoI with twist -167.32941 superhelical -0.08082 global twist -52.65908 global supercoiling -0.01531
frame 6347 time 1586.75 binding_event at gene tetA enzyme RNAP with twist -219.39009 superhelical -0.09286 global twist -50.71428 global supercoiling -0.01444
frame 6366 time 1591.5 unbinding_event at gene tetA enzyme RNAP with twist 127.91459 superhelical -0.09362 global twist -50.71428 global supercoiling -0.01452
frame 6380 time 1595.0 binding_event at gene tetA enzyme RNAP with twist -190.29764 superhelical -0.10207 global twist -50.71428 global supercoiling -0.01444
frame 6382 time 1595.5 binding_event at DNA_gyrase 23 enzyme gyrase with twist 141.37855 superhelical 0.08631 global twist -50.71428 global supercoiling -0.01452
frame 6389 time 1597.25 unbinding_event at DNA_gyrase 23 enzyme gyrase with twist 137.78816 superhelical 0.09384 global twist -60.13906 global supercoiling -0.01758
frame 6454 time 1613.5 binding_event at DNA_topoI 46 enzyme topoI with twist -243.42034 superhelical -0.11884 global twist -61.48546 global supercoiling -0.01761
frame 6458 time 1614.5 unbinding_event at DNA_topoI 46 enzyme topoI with twist -238.18435 superhelical -0.11968 global twist -53.70627 global supercoiling -0.01570
frame 6492 time 1623.0 binding_event at gene tetA enzyme RNAP with twist -267.80508 superhelical -0.12069 global twist -51.76148 global supercoiling -0.01482
frame 6494 time 1623.5 binding_event at gene tetA enzyme RNAP with twist -210.73562 superhelical -0.12215 global twist -51.76148 global supercoiling -0.01490
frame 6501 time 1625.25 binding_event at gene Raspberry enzyme RNAP with twist -215.77703 superhelical -0.12347 global twist -51.76148 global supercoiling -0.01499
frame 6510 time 1627.5 unbinding_event at gene tetA enzyme RNAP with twist 233.09797 superhelical -0.10313 global twist -51.76148 global supercoiling -0.01507
frame 6543 time 1635.75 unbinding_event at gene tetA enzyme RNAP with twist 203.85403 superhelical -0.12175 global twist -51.76148 global supercoiling -0.01499
frame 6585 time 1646.25 binding_event at DNA_topoI 26 enzyme topoI with twist -170.56871 superhelical -0.14971 global twist -51.76148 global supercoiling -0.01490
frame 6586 time 1646.5 unbinding_event at DNA_topoI 26 enzyme topoI with twist -168.47431 superhelical -0.09830 global twist -49.81668 global supercoiling -0.01465
frame 6591 time 1647.75 binding_event at DNA_topoI 2 enzyme topoI with twist -120.60655 superhelical -0.12484 global twist -47.87189 global supercoiling -0.01378
frame 6594 time 1648.5 unbinding_event at DNA_topoI 2 enzyme topoI with twist -112.82737 superhelical -0.12677 global twist -42.03750 global supercoiling -0.01236
frame 6609 time 1652.25 unbinding_event at gene Raspberry enzyme RNAP with twist -301.94643 superhelical -0.15111 global twist -40.09271 global supercoiling -0.01154
frame 6622 time 1655.5 binding_event at gene mKalama1 enzyme RNAP with twist -312.71760 superhelical -0.13652 global twist -40.09271 global supercoiling -0.01148
frame 6629 time 1657.25 binding_event at gene Raspberry enzyme RNAP with twist -236.14792 superhelical -0.13999 global twist -40.09271 global supercoiling -0.01154
frame 6643 time 1660.75 binding_event at gene mKalama1 enzyme RNAP with twist -43.13828 superhelical -0.17063 global twist -40.09271 global supercoiling -0.01161
frame 6655 time 1663.75 unbinding_event at gene tetA enzyme RNAP with twist 303.14323 superhelical -0.12207 global twist -40.09271 global supercoiling -0.01167
frame 6657 time 1664.25 unbinding_event at gene tetA enzyme RNAP with twist 86.79604 superhelical -0.14160 global twist -40.09271 global supercoiling -0.01161
frame 6680 time 1670.0 binding_event at gene Raspberry enzyme RNAP with twist -95.69662 superhelical -0.19503 global twist -40.09271 global supercoiling -0.01154
frame 6719 time 1679.75 binding_event at DNA_topoI 39 enzyme topoI with twist -123.14369 superhelical -0.20126 global twist -40.09271 global supercoiling -0.01161
frame 6720 time 1680.0 unbinding_event at DNA_topoI 39 enzyme topoI with twist -122.84449 superhelical -0.20203 global twist -38.14791 global supercoiling -0.01128
frame 6731 time 1682.75 unbinding_event at gene mKalama1 enzyme RNAP with twist -4.26418 superhelical 0.06242 global twist -36.20312 global supercoiling -0.01048
frame 6737 time 1684.25 unbinding_event at gene Raspberry enzyme RNAP with twist 116.03830 superhelical -0.20295 global twist -36.20312 global supercoiling -0.01042
frame 6746 time 1686.5 binding_event at gene mKalama1 enzyme RNAP with twist -167.72439 superhelical -0.19635 global twist -36.20312 global supercoiling -0.01037
frame 6752 time 1688.0 unbinding_event at gene mKalama1 enzyme RNAP with twist -74.41492 superhelical 0.09484 global twist -36.20312 global supercoiling -0.01042
frame 6759 time 1689.75 binding_event at gene tetA enzyme RNAP with twist 134.88786 superhelical 0.05633 global twist -36.20312 global supercoiling -0.01037
frame 6788 time 1697.0 unbinding_event at gene Raspberry enzyme RNAP with twist -122.97287 superhelical -0.20043 global twist -36.20312 global supercoiling -0.01042
frame 6813 time 1703.25 binding_event at DNA_topoI 44 enzyme topoI with twist -166.05757 superhelical -0.10427 global twist -36.20312 global supercoiling -0.01037
frame 6821 time 1705.25 binding_event at gene tetA enzyme RNAP with twist -68.46430 superhelical -0.10243 global twist -20.64475 global supercoiling -0.00604
frame 6822 time 1705.5 unbinding_event at DNA_topoI 44 enzyme topoI with twist -137.23895 superhelical -0.10314 global twist -18.69996 global supercoiling -0.00550
frame 6855 time 1713.75 unbinding_event at gene mKalama1 enzyme RNAP with twist -178.44275 superhelical 0.11729 global twist -16.75516 global supercoiling -0.00482
frame 6872 time 1718.0 binding_event at gene Raspberry enzyme RNAP with twist -192.80432 superhelical -0.09912 global twist -16.75516 global supercoiling -0.00480
frame 6887 time 1721.75 binding_event at gene Raspberry enzyme RNAP with twist -89.78297 superhelical -0.10821 global twist -16.75516 global supercoiling -0.00482
frame 6893 time 1723.25 binding_event at gene mKalama1 enzyme RNAP with twist -89.83262 superhelical -0.11381 global twist -16.75516 global supercoiling -0.00485
frame 6922 time 1730.5 unbinding_event at gene tetA enzyme RNAP with twist 221.82665 superhelical -0.10545 global twist -16.75516 global supercoiling -0.00488
frame 6970 time 1742.5 binding_event at DNA_gyrase 27 enzyme gyrase with twist -6.40858 superhelical -0.02123 global twist -16.75516 global supercoiling -0.00485
frame 6973 time 1743.25 unbinding_event at DNA_gyrase 27 enzyme gyrase with twist -8.20377 superhelical -0.10821 global twist -20.79435 global supercoiling -0.00615
frame 6974 time 1743.5 binding_event at gene Raspberry enzyme RNAP with twist -159.71986 superhelical -0.18797 global twist -22.14075 global supercoiling -0.00641
frame 6980 time 1745.0 unbinding_event at gene Raspberry enzyme RNAP with twist -121.82126 superhelical -0.11077 global twist -22.14075 global supercoiling -0.00645
frame 6984 time 1746.0 unbinding_event at gene tetA enzyme RNAP with twist 155.65646 superhelical -0.09897 global twist -22.14075 global supercoiling -0.00641
frame 6995 time 1748.75 unbinding_event at gene Raspberry enzyme RNAP with twist 94.12790 superhelical -0.19230 global twist -22.14075 global supercoiling -0.00637
frame 7002 time 1750.5 unbinding_event at gene mKalama1 enzyme RNAP with twist -122.55183 superhelical 0.11592 global twist -22.14075 global supercoiling -0.00634
frame 7082 time 1770.5 unbinding_event at gene Raspberry enzyme RNAP with twist -22.14075 superhelical -0.15530 global twist -22.14075 global supercoiling -0.00631
frame 7220 time 1805.0 binding_event at gene tetA enzyme RNAP with twist -22.14075 superhelical -0.00627 global twist -22.14075 global supercoiling -0.00627
frame 7304 time 1826.0 binding_event at DNA_topoI 27 enzyme topoI with twist -86.21957 superhelical -0.04119 global twist -22.14075 global supercoiling -0.00631
frame 7313 time 1828.25 unbinding_event at DNA_topoI 27 enzyme topoI with twist -75.74760 superhelical 0.24752 global twist -4.63759 global supercoiling -0.00135
frame 7336 time 1834.0 binding_event at DNA_gyrase 17 enzyme gyrase with twist 92.80196 superhelical 0.07281 global twist -2.69279 global supercoiling -0.00077
frame 7336 time 1834.0 unbinding_event at DNA_gyrase 17 enzyme gyrase with twist 92.35316 superhelical 0.07804 global twist -2.69279 global supercoiling -0.00077
frame 7352 time 1838.0 binding_event at DNA_gyrase 14 enzyme gyrase with twist 105.81713 superhelical 0.08798 global twist -4.03919 global supercoiling -0.00115
frame 7368 time 1842.0 unbinding_event at DNA_gyrase 14 enzyme gyrase with twist 98.18754 superhelical 0.13182 global twist -25.58154 global supercoiling -0.00744
frame 7383 time 1845.75 unbinding_event at gene tetA enzyme RNAP with twist -26.92794 superhelical -0.05651 global twist -26.92794 global supercoiling -0.00767
frame 7457 time 1864.25 binding_event at gene tetA enzyme RNAP with twist -26.92794 superhelical -0.00763 global twist -26.92794 global supercoiling -0.00763
frame 7493 time 1873.25 binding_event at DNA_gyrase 11 enzyme gyrase with twist 18.54669 superhelical 0.01135 global twist -26.92794 global supercoiling -0.00767
frame 7512 time 1878.0 unbinding_event at DNA_gyrase 11 enzyme gyrase with twist 9.57071 superhelical 0.02325 global twist -52.50948 global supercoiling -0.01527
frame 7545 time 1886.25 binding_event at gene Raspberry enzyme RNAP with twist -92.14971 superhelical -0.04365 global twist -53.85587 global supercoiling -0.01534
frame 7581 time 1895.25 binding_event at DNA_topoI 8 enzyme topoI with twist -58.56884 superhelical -0.04405 global twist -53.85587 global supercoiling -0.01542
frame 7583 time 1895.75 unbinding_event at DNA_topoI 8 enzyme topoI with twist -52.73445 superhelical -0.03873 global twist -49.96628 global supercoiling -0.01461
frame 7593 time 1898.25 binding_event at DNA_gyrase 27 enzyme gyrase with twist -76.66557 superhelical -0.07841 global twist -48.02149 global supercoiling -0.01375
frame 7597 time 1899.25 binding_event at DNA_topoI 49 enzyme topoI with twist -52.73445 superhelical -0.03966 global twist -53.40708 global supercoiling -0.01561
frame 7597 time 1899.25 unbinding_event at DNA_topoI 49 enzyme topoI with twist -50.78966 superhelical -0.03909 global twist -53.40708 global supercoiling -0.01561
frame 7606 time 1901.5 unbinding_event at DNA_gyrase 27 enzyme gyrase with twist -108.08150 superhelical -0.36587 global twist -63.57985 global supercoiling -0.01859
frame 7620 time 1905.0 unbinding_event at gene tetA enzyme RNAP with twist 55.72162 superhelical -0.03820 global twist -64.92625 global supercoiling -0.01859
frame 7653 time 1913.25 unbinding_event at gene Raspberry enzyme RNAP with twist -64.92625 superhelical -0.12007 global twist -64.92625 global supercoiling -0.01849
frame 7695 time 1923.75 binding_event at DNA_gyrase 18 enzyme gyrase with twist -64.92625 superhelical -0.01839 global twist -64.92625 global supercoiling -0.01839
frame 7699 time 1924.75 unbinding_event at DNA_gyrase 18 enzyme gyrase with twist -71.65823 superhelical -0.01990 global twist -70.31184 global supercoiling -0.02033
frame 7725 time 1931.25 binding_event at gene tetA enzyme RNAP with twist -71.65823 superhelical -0.02030 global twist -71.65823 global supercoiling -0.02030
frame 7821 time 1955.25 binding_event at DNA_topoI 31 enzyme topoI with twist -121.19254 superhelical -0.05645 global twist -71.65823 global supercoiling -0.02041
frame 7837 time 1959.25 binding_event at DNA_topoI 46 enzyme topoI with twist -101.26472 superhelical -0.05545 global twist -40.54151 global supercoiling -0.01179
frame 7837 time 1959.25 unbinding_event at DNA_topoI 31 enzyme topoI with twist -58.27891 superhelical -0.00686 global twist -40.54151 global supercoiling -0.01179
frame 7853 time 1963.25 unbinding_event at DNA_topoI 46 enzyme topoI with twist -84.69023 superhelical -0.03056 global twist -7.47998 global supercoiling -0.00217
frame 7888 time 1972.0 unbinding_event at gene tetA enzyme RNAP with twist -5.53519 superhelical -0.04735 global twist -5.53519 global supercoiling -0.00158
frame 7906 time 1976.5 binding_event at gene tetA enzyme RNAP with twist -5.53519 superhelical -0.00157 global twist -5.53519 global supercoiling -0.00157
frame 8069 time 2017.25 unbinding_event at gene tetA enzyme RNAP with twist -5.53519 superhelical -0.06113 global twist -5.53519 global supercoiling -0.00158
frame 8183 time 2045.75 binding_event at DNA_gyrase 2 enzyme gyrase with twist -5.53519 superhelical -0.00157 global twist -5.53519 global supercoiling -0.00157
frame 8185 time 2046.25 unbinding_event at DNA_gyrase 2 enzyme gyrase with twist -9.57438 superhelical -0.00270 global twist -8.22798 global supercoiling -0.00238
frame 8192 time 2048.0 binding_event at gene tetA enzyme RNAP with twist -9.57438 superhelical -0.00271 global twist -9.57438 global supercoiling -0.00271
frame 8266 time 2066.5 binding_event at gene tetA enzyme RNAP with twist -71.10175 superhelical -0.03471 global twist -9.57438 global supercoiling -0.00273
frame 8330 time 2082.5 binding_event at DNA_gyrase 31 enzyme gyrase with twist -117.58186 superhelical -0.05869 global twist -9.57438 global supercoiling -0.00274
frame 8333 time 2083.25 unbinding_event at DNA_gyrase 31 enzyme gyrase with twist -126.55784 superhelical -0.06927 global twist -13.61357 global supercoiling -0.00398
frame 8350 time 2087.5 binding_event at DNA_topoI 2 enzyme topoI with twist -140.91941 superhelical -0.06732 global twist -14.95997 global supercoiling -0.00428
frame 8353 time 2088.25 unbinding_event at DNA_topoI 2 enzyme topoI with twist -136.73062 superhelical -0.06759 global twist -9.12558 global supercoiling -0.00267
frame 8355 time 2088.75 unbinding_event at gene tetA enzyme RNAP with twist 131.34503 superhelical -0.03504 global twist -7.18078 global supercoiling -0.00206
frame 8359 time 2089.75 binding_event at DNA_topoI 6 enzyme topoI with twist -141.21861 superhelical -0.06619 global twist -7.18078 global supercoiling -0.00204
frame 8367 time 2091.75 unbinding_event at DNA_topoI 6 enzyme topoI with twist -131.79383 superhelical -0.06094 global twist 8.37758 global supercoiling 0.00244
frame 8408 time 2102.0 binding_event at DNA_gyrase 15 enzyme gyrase with twist 178.02012 superhelical 0.15374 global twist 10.32238 global supercoiling 0.00294
frame 8410 time 2102.5 unbinding_event at DNA_gyrase 15 enzyme gyrase with twist 176.67372 superhelical 0.17157 global twist 7.62958 global supercoiling 0.00222
frame 8423 time 2105.75 binding_event at gene tetA enzyme RNAP with twist -181.16171 superhelical -0.07483 global twist 6.28319 global supercoiling 0.00179
frame 8429 time 2107.25 unbinding_event at gene tetA enzyme RNAP with twist 142.02241 superhelical -0.07543 global twist 6.28319 global supercoiling 0.00180
frame 8462 time 2115.5 binding_event at DNA_topoI 38 enzyme topoI with twist -164.46235 superhelical -0.08696 global twist 6.28319 global supercoiling 0.00179
frame 8467 time 2116.75 unbinding_event at DNA_topoI 38 enzyme topoI with twist -158.17917 superhelical -0.08331 global twist 16.00716 global supercoiling 0.00465
frame 8540 time 2135.0 binding_event at DNA_topoI 1 enzyme topoI with twist -222.80622 superhelical -0.09941 global twist 17.95196 global supercoiling 0.00511
frame 8541 time 2135.25 unbinding_event at DNA_topoI 1 enzyme topoI with twist -220.71182 superhelical -0.10159 global twist 19.89675 global supercoiling 0.00578
frame 8545 time 2136.25 binding_event at DNA_topoI 4 enzyme topoI with twist -223.40461 superhelical -0.09869 global twist 21.84155 global supercoiling 0.00622
frame 8554 time 2138.5 binding_event at gene tetA enzyme RNAP with twist -192.26988 superhelical -0.09748 global twist 39.34471 global supercoiling 0.01144
frame 8557 time 2139.25 unbinding_event at DNA_topoI 4 enzyme topoI with twist -37.25763 superhelical -0.07236 global twist 45.17909 global supercoiling 0.01321
frame 8586 time 2146.5 unbinding_event at gene tetA enzyme RNAP with twist 245.68764 superhelical -0.06550 global twist 47.12389 global supercoiling 0.01349
frame 8717 time 2179.25 unbinding_event at gene tetA enzyme RNAP with twist 47.12389 superhelical -0.12892 global twist 47.12389 global supercoiling 0.01342
frame 8766 time 2191.5 binding_event at gene tetA enzyme RNAP with twist 47.12389 superhelical 0.01335 global twist 47.12389 global supercoiling 0.01335
frame 8774 time 2193.5 binding_event at gene tetA enzyme RNAP with twist 15.85114 superhelical 0.00905 global twist 47.12389 global supercoiling 0.01342
frame 8788 time 2197.0 binding_event at DNA_gyrase 38 enzyme gyrase with twist 3.13151 superhelical 0.00176 global twist 47.12389 global supercoiling 0.01349
frame 8790 time 2197.5 unbinding_event at DNA_gyrase 38 enzyme gyrase with twist -3.60047 superhelical -0.00062 global twist 44.43110 global supercoiling 0.01299
frame 8814 time 2203.5 binding_event at DNA_gyrase 18 enzyme gyrase with twist 67.17667 superhelical 0.04252 global twist 43.08470 global supercoiling 0.01234
frame 8825 time 2206.25 unbinding_event at DNA_gyrase 18 enzyme gyrase with twist 61.79108 superhelical 0.04978 global twist 28.27433 global supercoiling 0.00827
frame 8828 time 2207.0 binding_event at gene tetA enzyme RNAP with twist -36.81160 superhelical -0.01880 global twist 26.92794 global supercoiling 0.00771
frame 8832 time 2208.0 binding_event at gene tetA enzyme RNAP with twist -36.16542 superhelical -0.02085 global twist 26.92794 global supercoiling 0.00775
frame 8857 time 2214.25 binding_event at gene tetA enzyme RNAP with twist -58.58016 superhelical -0.03204 global twist 26.92794 global supercoiling 0.00780
frame 8889 time 2222.25 binding_event at DNA_topoI 1 enzyme topoI with twist -84.29049 superhelical -0.04532 global twist 26.92794 global supercoiling 0.00784
frame 8894 time 2223.5 unbinding_event at DNA_topoI 1 enzyme topoI with twist -78.00730 superhelical -0.04382 global twist 36.65191 global supercoiling 0.01090
frame 8898 time 2224.5 binding_event at DNA_gyrase 23 enzyme gyrase with twist 126.41813 superhelical 0.10510 global twist 38.59671 global supercoiling 0.01124
frame 8901 time 2225.25 binding_event at DNA_gyrase 48 enzyme gyrase with twist -83.39289 superhelical -0.04358 global twist 34.55752 global supercoiling 0.01028
frame 8910 time 2227.5 unbinding_event at DNA_gyrase 23 enzyme gyrase with twist 120.58374 superhelical 0.12171 global twist 10.32238 global supercoiling 0.00314
frame 8913 time 2228.25 unbinding_event at DNA_gyrase 48 enzyme gyrase with twist -112.56482 superhelical -0.05095 global twist 4.93679 global supercoiling 0.00147
frame 8925 time 2231.25 binding_event at DNA_gyrase 15 enzyme gyrase with twist 133.15011 superhelical 0.12310 global twist 3.59039 global supercoiling 0.00105
frame 8927 time 2231.75 unbinding_event at DNA_gyrase 15 enzyme gyrase with twist 131.80372 superhelical 0.14003 global twist 0.89760 global supercoiling 0.00027
frame 8929 time 2232.25 unbinding_event at gene tetA enzyme RNAP with twist 133.75217 superhelical 0.00915 global twist -0.44880 global supercoiling -0.00013
frame 8934 time 2233.5 binding_event at DNA_gyrase 16 enzyme gyrase with twist 137.34256 superhelical 0.12751 global twist -0.44880 global supercoiling -0.00013
frame 8935 time 2233.75 unbinding_event at DNA_gyrase 16 enzyme gyrase with twist 136.44496 superhelical 0.14112 global twist -1.79520 global supercoiling -0.00053
frame 8937 time 2234.25 unbinding_event at gene tetA enzyme RNAP with twist 134.00359 superhelical -0.01898 global twist -3.14159 global supercoiling -0.00091
frame 8938 time 2234.5 binding_event at DNA_topoI 28 enzyme topoI with twist -134.10717 superhelical -0.06448 global twist -3.14159 global supercoiling -0.00090
frame 8954 time 2238.5 unbinding_event at DNA_topoI 28 enzyme topoI with twist -116.30482 superhelical 0.09017 global twist 27.97513 global supercoiling 0.00822
frame 8987 time 2246.75 binding_event at DNA_topoI 33 enzyme topoI with twist -145.02795 superhelical -0.06307 global twist 29.91993 global supercoiling 0.00861
frame 8987 time 2246.75 unbinding_event at DNA_topoI 33 enzyme topoI with twist -143.98075 superhelical -0.06300 global twist 29.91993 global supercoiling 0.00861
frame 8991 time 2247.75 unbinding_event at gene tetA enzyme RNAP with twist 182.44867 superhelical -0.02106 global twist 31.86473 global supercoiling 0.00917
frame 8995 time 2248.75 unbinding_event at gene tetA enzyme RNAP with twist 183.02626 superhelical -0.03238 global twist 31.86473 global supercoiling 0.00912
frame 9020 time 2255.0 unbinding_event at gene tetA enzyme RNAP with twist 31.86473 superhelical -0.07079 global twist 31.86473 global supercoiling 0.00907
frame 9150 time 2287.5 binding_event at DNA_gyrase 8 enzyme gyrase with twist 31.86473 superhelical 0.00903 global twist 31.86473 global supercoiling 0.00903
frame 9150 time 2287.5 unbinding_event at DNA_gyrase 8 enzyme gyrase with twist 30.51833 superhelical 0.00891 global twist 31.86473 global supercoiling 0.00903
frame 9287 time 2321.75 binding_event at DNA_gyrase 11 enzyme gyrase with twist 30.51833 superhelical 0.00864 global twist 30.51833 global supercoiling 0.00864
frame 9287 time 2321.75 unbinding_event at DNA_gyrase 11 enzyme gyrase with twist 29.17193 superhelical 0.00855 global twist 30.51833 global supercoiling 0.00864
frame 9368 time 2342.0 binding_event at gene tetA enzyme RNAP with twist 29.17193 superhelical 0.00826 global twist 29.17193 global supercoiling 0.00826
frame 9458 time 2364.5 binding_event at DNA_gyrase 13 enzyme gyrase with twist 95.69789 superhelical 0.06878 global twist 29.17193 global supercoiling 0.00831
frame 9458 time 2364.5 unbinding_event at DNA_gyrase 13 enzyme gyrase with twist 95.24909 superhelical 0.07369 global twist 29.17193 global supercoiling 0.00831
frame 9491 time 2372.75 binding_event at DNA_topoI 49 enzyme topoI with twist -96.14669 superhelical -0.04239 global twist 27.82553 global supercoiling 0.00792
frame 9497 time 2374.25 unbinding_event at DNA_topoI 49 enzyme topoI with twist -88.81630 superhelical -0.03956 global twist 39.49431 global supercoiling 0.01148
frame 9531 time 2382.75 unbinding_event at gene tetA enzyme RNAP with twist 41.43910 superhelical -0.04866 global twist 41.43910 global supercoiling 0.01180
frame 9719 time 2429.75 binding_event at DNA_gyrase 11 enzyme gyrase with twist 41.43910 superhelical 0.01174 global twist 41.43910 global supercoiling 0.01174
frame 9728 time 2432.0 unbinding_event at DNA_gyrase 11 enzyme gyrase with twist 27.97513 superhelical 0.00926 global twist 29.32153 global supercoiling 0.00848
frame 9735 time 2433.75 binding_event at DNA_gyrase 49 enzyme gyrase with twist 27.97513 superhelical 0.00792 global twist 27.97513 global supercoiling 0.00792
frame 9759 time 2439.75 unbinding_event at DNA_gyrase 49 enzyme gyrase with twist -5.68479 superhelical -0.00234 global twist -4.33839 global supercoiling -0.00125
frame 9786 time 2446.5 binding_event at gene tetA enzyme RNAP with twist -5.68479 superhelical -0.00161 global twist -5.68479 global supercoiling -0.00161
frame 9866 time 2466.5 binding_event at gene tetA enzyme RNAP with twist -74.58629 superhelical -0.03594 global twist -5.68479 global supercoiling -0.00162
frame 9930 time 2482.5 binding_event at DNA_topoI 35 enzyme topoI with twist -119.70280 superhelical -0.05975 global twist -5.68479 global supercoiling -0.00163
frame 9935 time 2483.75 unbinding_event at DNA_topoI 35 enzyme topoI with twist -113.41962 superhelical -0.05237 global twist 4.03919 global supercoiling 0.00118
frame 9949 time 2487.25 unbinding_event at gene tetA enzyme RNAP with twist 131.96998 superhelical -0.03628 global twist 5.98399 global supercoiling 0.00171
