TORCphysics log file 

General information: 
---------------------------------------------------------------------------------------
Circuit name: Pleu500_5
Size: 6000
Structure: circle
Number of sites: 110
Number of frames: 8000
Simulation time: 4000.0
Simulation timestep: 0.5
Seed: 4366298996219325031
 
Overall simulation information 
---------------------------------------------------------------------------------------
Initial twist: -211.83310
Final twist: -49.96628
Initial superhelical density: -0.06000
Final superhelical density: -0.01415
 
Overall rates 
---------------------------------------------------------------------------------------
site type            site name            #binding events      #unbinding events    binding rates        
 DNA_topoI            DNA_topoI_global                     50.0                 50.0                0.0125 
DNA_gyrase           DNA_gyrase_global                    53.0                 53.0               0.01325 
EXT                  EXT                                   0.0                  0.0                   0.0 
gene                 tetA                                 51.0                 51.0               0.01275 
gene                 CDS                                   0.0                  0.0                   0.0 
origin               ori                                   0.0                  0.0                   0.0 
lacOP                lac1                                  0.0                  0.0                   0.0 
gene                 mKalama1                              8.0                  8.0                 0.002 
lacOP                lac2                                  0.0                  0.0                   0.0 
gene                 Raspberry                            12.0                 12.0                 0.003 
 
Events
---------------------------------------------------------------------------------------
frame 1 time 0.5 binding_event at gene tetA enzyme RNAP with twist -211.83310 superhelical -0.06000 global twist -211.83310 global supercoiling -0.06000
frame 41 time 20.5 unbinding_event at gene tetA enzyme RNAP with twist -211.83310 superhelical -0.10225 global twist -211.83310 global supercoiling -0.06033
frame 66 time 33.0 binding_event at DNA_topoI 28 enzyme topoI with twist -211.83310 superhelical -0.06000 global twist -211.83310 global supercoiling -0.06000
frame 69 time 34.5 unbinding_event at DNA_topoI 28 enzyme topoI with twist -196.27474 superhelical 0.01262 global twist -200.16433 global supercoiling -0.05787
frame 76 time 38.0 binding_event at DNA_topoI 40 enzyme topoI with twist -196.27474 superhelical -0.05559 global twist -196.27474 global supercoiling -0.05559
frame 76 time 38.0 unbinding_event at DNA_topoI 40 enzyme topoI with twist -192.38515 superhelical -0.05474 global twist -196.27474 global supercoiling -0.05559
frame 91 time 45.5 binding_event at gene tetA enzyme RNAP with twist -192.38515 superhelical -0.05449 global twist -192.38515 global supercoiling -0.05449
frame 126 time 63.0 binding_event at gene Raspberry enzyme RNAP with twist -219.69244 superhelical -0.09370 global twist -192.38515 global supercoiling -0.05479
frame 131 time 65.5 unbinding_event at gene tetA enzyme RNAP with twist -98.81805 superhelical -0.09448 global twist -192.38515 global supercoiling -0.05509
frame 153 time 76.5 unbinding_event at gene Raspberry enzyme RNAP with twist -192.38515 superhelical -0.13641 global twist -192.38515 global supercoiling -0.05479
frame 157 time 78.5 binding_event at DNA_topoI 1 enzyme topoI with twist -192.38515 superhelical -0.05449 global twist -192.38515 global supercoiling -0.05449
frame 157 time 78.5 unbinding_event at DNA_topoI 1 enzyme topoI with twist -188.49556 superhelical -0.05452 global twist -192.38515 global supercoiling -0.05449
frame 250 time 125.0 binding_event at DNA_topoI 11 enzyme topoI with twist -188.49556 superhelical -0.05339 global twist -188.49556 global supercoiling -0.05339
frame 250 time 125.0 unbinding_event at DNA_topoI 11 enzyme topoI with twist -184.60597 superhelical -0.05371 global twist -188.49556 global supercoiling -0.05339
frame 252 time 126.0 binding_event at DNA_gyrase 30 enzyme gyrase with twist -184.60597 superhelical -0.05229 global twist -184.60597 global supercoiling -0.05229
frame 260 time 130.0 unbinding_event at DNA_gyrase 30 enzyme gyrase with twist -208.84111 superhelical -0.10205 global twist -206.14832 global supercoiling -0.05960
frame 278 time 139.0 binding_event at DNA_topoI 7 enzyme topoI with twist -208.84111 superhelical -0.05915 global twist -208.84111 global supercoiling -0.05915
frame 285 time 142.5 binding_event at gene tetA enzyme RNAP with twist -118.48385 superhelical -0.05416 global twist -181.61398 global supercoiling -0.05251
frame 287 time 143.5 unbinding_event at DNA_topoI 7 enzyme topoI with twist -65.40700 superhelical -0.02035 global twist -173.83479 global supercoiling -0.05054
frame 318 time 159.0 binding_event at DNA_topoI 48 enzyme topoI with twist -212.24995 superhelical -0.09194 global twist -169.94520 global supercoiling -0.04840
frame 320 time 160.0 unbinding_event at DNA_topoI 48 enzyme topoI with twist -211.35235 superhelical -0.09110 global twist -162.16602 global supercoiling -0.04715
frame 322 time 161.0 binding_event at DNA_gyrase 12 enzyme gyrase with twist 56.66631 superhelical 0.05010 global twist -158.27643 global supercoiling -0.04507
frame 325 time 162.5 unbinding_event at gene tetA enzyme RNAP with twist -212.45267 superhelical -0.09351 global twist -166.35481 global supercoiling -0.04836
frame 325 time 162.5 unbinding_event at DNA_gyrase 12 enzyme gyrase with twist -169.04760 superhelical -0.09351 global twist -166.35481 global supercoiling -0.04836
frame 339 time 169.5 binding_event at DNA_topoI 15 enzyme topoI with twist -169.04760 superhelical -0.04788 global twist -169.04760 global supercoiling -0.04788
frame 342 time 171.0 unbinding_event at DNA_topoI 15 enzyme topoI with twist -153.48924 superhelical -0.04606 global twist -157.37883 global supercoiling -0.04550
frame 398 time 199.0 binding_event at DNA_topoI 31 enzyme topoI with twist -153.48924 superhelical -0.04347 global twist -153.48924 global supercoiling -0.04347
frame 414 time 207.0 unbinding_event at DNA_topoI 31 enzyme topoI with twist -87.36620 superhelical 0.05870 global twist -91.25579 global supercoiling -0.02638
frame 454 time 227.0 binding_event at DNA_topoI 6 enzyme topoI with twist -87.36620 superhelical -0.02475 global twist -87.36620 global supercoiling -0.02475
frame 456 time 228.0 unbinding_event at DNA_topoI 6 enzyme topoI with twist -75.69742 superhelical -0.02250 global twist -79.58701 global supercoiling -0.02301
frame 508 time 254.0 binding_event at gene tetA enzyme RNAP with twist -75.69742 superhelical -0.02144 global twist -75.69742 global supercoiling -0.02144
frame 512 time 256.0 binding_event at gene tetA enzyme RNAP with twist -51.35888 superhelical -0.02872 global twist -75.69742 global supercoiling -0.02156
frame 515 time 257.5 binding_event at gene Raspberry enzyme RNAP with twist -60.60110 superhelical -0.03424 global twist -75.69742 global supercoiling -0.02168
frame 528 time 264.0 binding_event at DNA_topoI 1 enzyme topoI with twist -34.21497 superhelical -0.03461 global twist -75.69742 global supercoiling -0.02180
frame 530 time 265.0 unbinding_event at DNA_topoI 1 enzyme topoI with twist -22.54620 superhelical -0.01611 global twist -67.91824 global supercoiling -0.01997
frame 542 time 271.0 unbinding_event at gene Raspberry enzyme RNAP with twist -149.46329 superhelical -0.10033 global twist -64.02865 global supercoiling -0.01844
frame 543 time 271.5 binding_event at gene Raspberry enzyme RNAP with twist -149.46329 superhelical -0.06576 global twist -64.02865 global supercoiling -0.01833
frame 548 time 274.0 unbinding_event at gene tetA enzyme RNAP with twist 106.97699 superhelical -0.02903 global twist -64.02865 global supercoiling -0.01844
frame 552 time 276.0 unbinding_event at gene tetA enzyme RNAP with twist 22.43720 superhelical -0.06632 global twist -64.02865 global supercoiling -0.01833
frame 563 time 281.5 binding_event at gene mKalama1 enzyme RNAP with twist -122.36976 superhelical -0.10912 global twist -64.02865 global supercoiling -0.01823
frame 568 time 284.0 binding_event at gene Raspberry enzyme RNAP with twist -86.39307 superhelical -0.13620 global twist -64.02865 global supercoiling -0.01833
frame 570 time 285.0 unbinding_event at gene Raspberry enzyme RNAP with twist 26.72356 superhelical -0.14044 global twist -64.02865 global supercoiling -0.01844
frame 590 time 295.0 unbinding_event at gene mKalama1 enzyme RNAP with twist -162.56004 superhelical 0.19784 global twist -64.02865 global supercoiling -0.01833
frame 595 time 297.5 unbinding_event at gene Raspberry enzyme RNAP with twist -64.02865 superhelical -0.14270 global twist -64.02865 global supercoiling -0.01823
frame 599 time 299.5 binding_event at gene tetA enzyme RNAP with twist -64.02865 superhelical -0.01814 global twist -64.02865 global supercoiling -0.01814
frame 608 time 304.0 binding_event at gene tetA enzyme RNAP with twist -63.60769 superhelical -0.03387 global twist -64.02865 global supercoiling -0.01823
frame 615 time 307.5 binding_event at DNA_gyrase 15 enzyme gyrase with twist 24.71178 superhelical 0.01639 global twist -64.02865 global supercoiling -0.01833
frame 619 time 309.5 unbinding_event at DNA_gyrase 15 enzyme gyrase with twist 29.19977 superhelical 0.03685 global twist -74.79983 global supercoiling -0.02187
frame 639 time 319.5 unbinding_event at gene tetA enzyme RNAP with twist 96.13361 superhelical -0.03422 global twist -77.49262 global supercoiling -0.02219
frame 648 time 324.0 unbinding_event at gene tetA enzyme RNAP with twist -77.49262 superhelical -0.08398 global twist -77.49262 global supercoiling -0.02207
frame 698 time 349.0 binding_event at gene tetA enzyme RNAP with twist -77.49262 superhelical -0.02195 global twist -77.49262 global supercoiling -0.02195
frame 708 time 354.0 binding_event at DNA_gyrase 7 enzyme gyrase with twist -3.71399 superhelical -0.00230 global twist -77.49262 global supercoiling -0.02207
frame 709 time 354.5 unbinding_event at DNA_gyrase 7 enzyme gyrase with twist -1.91879 superhelical 0.01617 global twist -80.18541 global supercoiling -0.02331
frame 736 time 368.0 binding_event at DNA_gyrase 19 enzyme gyrase with twist 91.43139 superhelical 0.08215 global twist -82.87821 global supercoiling -0.02360
frame 738 time 369.0 unbinding_event at gene tetA enzyme RNAP with twist -122.85939 superhelical -0.07547 global twist -88.26379 global supercoiling -0.02566
frame 740 time 370.0 unbinding_event at DNA_gyrase 19 enzyme gyrase with twist -96.34217 superhelical -0.04117 global twist -93.64938 global supercoiling -0.02708
frame 754 time 377.0 binding_event at DNA_gyrase 20 enzyme gyrase with twist -96.34217 superhelical -0.02729 global twist -96.34217 global supercoiling -0.02729
frame 762 time 381.0 unbinding_event at DNA_gyrase 20 enzyme gyrase with twist -120.57732 superhelical -0.03174 global twist -117.88452 global supercoiling -0.03408
frame 801 time 400.5 binding_event at gene tetA enzyme RNAP with twist -120.57732 superhelical -0.03415 global twist -120.57732 global supercoiling -0.03415
frame 841 time 420.5 unbinding_event at gene tetA enzyme RNAP with twist -120.57732 superhelical -0.08406 global twist -120.57732 global supercoiling -0.03434
frame 983 time 491.5 binding_event at DNA_topoI 29 enzyme topoI with twist -120.57732 superhelical -0.03415 global twist -120.57732 global supercoiling -0.03415
frame 986 time 493.0 unbinding_event at DNA_topoI 29 enzyme topoI with twist -105.01895 superhelical 0.00906 global twist -108.90855 global supercoiling -0.03149
frame 988 time 494.0 binding_event at DNA_gyrase 17 enzyme gyrase with twist -105.01895 superhelical -0.02975 global twist -105.01895 global supercoiling -0.02975
frame 988 time 494.0 unbinding_event at DNA_gyrase 17 enzyme gyrase with twist -107.71175 superhelical -0.03083 global twist -105.01895 global supercoiling -0.02975
frame 1007 time 503.5 binding_event at DNA_gyrase 32 enzyme gyrase with twist -107.71175 superhelical -0.03051 global twist -107.71175 global supercoiling -0.03051
frame 1007 time 503.5 unbinding_event at DNA_gyrase 32 enzyme gyrase with twist -110.40454 superhelical -0.03457 global twist -107.71175 global supercoiling -0.03051
frame 1192 time 596.0 binding_event at DNA_topoI 24 enzyme topoI with twist -110.40454 superhelical -0.03127 global twist -110.40454 global supercoiling -0.03127
frame 1193 time 596.5 unbinding_event at DNA_topoI 24 enzyme topoI with twist -102.62536 superhelical -0.03078 global twist -106.51495 global supercoiling -0.03080
frame 1206 time 603.0 binding_event at DNA_topoI 17 enzyme topoI with twist -102.62536 superhelical -0.02907 global twist -102.62536 global supercoiling -0.02907
frame 1214 time 607.0 unbinding_event at DNA_topoI 17 enzyme topoI with twist -67.61904 superhelical -0.02365 global twist -71.50863 global supercoiling -0.02067
frame 1338 time 669.0 binding_event at gene tetA enzyme RNAP with twist -67.61904 superhelical -0.01915 global twist -67.61904 global supercoiling -0.01915
frame 1373 time 686.5 binding_event at DNA_topoI 32 enzyme topoI with twist -158.71269 superhelical -0.06770 global twist -67.61904 global supercoiling -0.01926
frame 1375 time 687.5 unbinding_event at DNA_topoI 32 enzyme topoI with twist -157.81509 superhelical -0.05497 global twist -59.83986 global supercoiling -0.01740
frame 1378 time 689.0 unbinding_event at gene tetA enzyme RNAP with twist -55.95027 superhelical -0.06875 global twist -55.95027 global supercoiling -0.01593
frame 1394 time 697.0 binding_event at DNA_gyrase 46 enzyme gyrase with twist -55.95027 superhelical -0.01585 global twist -55.95027 global supercoiling -0.01585
frame 1395 time 697.5 unbinding_event at DNA_gyrase 46 enzyme gyrase with twist -61.33586 superhelical -0.01810 global twist -58.64306 global supercoiling -0.01696
frame 1709 time 854.5 binding_event at DNA_topoI 44 enzyme topoI with twist -61.33586 superhelical -0.01737 global twist -61.33586 global supercoiling -0.01737
frame 1715 time 857.5 unbinding_event at DNA_topoI 44 enzyme topoI with twist -34.10872 superhelical -0.00688 global twist -37.99831 global supercoiling -0.01099
frame 1735 time 867.5 binding_event at DNA_gyrase 8 enzyme gyrase with twist -34.10872 superhelical -0.00966 global twist -34.10872 global supercoiling -0.00966
frame 1735 time 867.5 unbinding_event at DNA_gyrase 8 enzyme gyrase with twist -36.80151 superhelical -0.01046 global twist -34.10872 global supercoiling -0.00966
frame 1739 time 869.5 binding_event at gene tetA enzyme RNAP with twist -36.80151 superhelical -0.01042 global twist -36.80151 global supercoiling -0.01042
frame 1745 time 872.5 binding_event at gene tetA enzyme RNAP with twist -39.52918 superhelical -0.02167 global twist -36.80151 global supercoiling -0.01048
frame 1779 time 889.5 binding_event at DNA_topoI 45 enzyme topoI with twist -159.66274 superhelical -0.06863 global twist -36.80151 global supercoiling -0.01054
frame 1779 time 889.5 unbinding_event at gene tetA enzyme RNAP with twist 126.45161 superhelical -0.02190 global twist -36.80151 global supercoiling -0.01054
frame 1783 time 891.5 unbinding_event at DNA_topoI 45 enzyme topoI with twist -158.16674 superhelical -0.06348 global twist -21.24315 global supercoiling -0.00618
frame 1785 time 892.5 unbinding_event at gene tetA enzyme RNAP with twist -17.35356 superhelical -0.06743 global twist -17.35356 global supercoiling -0.00494
frame 1881 time 940.5 binding_event at DNA_gyrase 34 enzyme gyrase with twist -17.35356 superhelical -0.00492 global twist -17.35356 global supercoiling -0.00492
frame 1895 time 947.5 unbinding_event at DNA_gyrase 34 enzyme gyrase with twist -57.74546 superhelical -0.04268 global twist -55.05267 global supercoiling -0.01592
frame 1920 time 960.0 binding_event at gene tetA enzyme RNAP with twist -57.74546 superhelical -0.01636 global twist -57.74546 global supercoiling -0.01636
frame 1960 time 980.0 binding_event at DNA_topoI 3 enzyme topoI with twist -171.83891 superhelical -0.07059 global twist -57.74546 global supercoiling -0.01645
frame 1960 time 980.0 unbinding_event at DNA_topoI 3 enzyme topoI with twist -171.53971 superhelical -0.07171 global twist -57.74546 global supercoiling -0.01645
frame 1960 time 980.0 unbinding_event at gene tetA enzyme RNAP with twist -53.85587 superhelical -0.07171 global twist -57.74546 global supercoiling -0.01645
frame 1961 time 980.5 binding_event at DNA_topoI 8 enzyme topoI with twist -53.85587 superhelical -0.01525 global twist -53.85587 global supercoiling -0.01525
frame 1975 time 987.5 unbinding_event at DNA_topoI 8 enzyme topoI with twist 4.48799 superhelical -0.00266 global twist 0.59840 global supercoiling 0.00017
frame 2138 time 1069.0 binding_event at DNA_gyrase 44 enzyme gyrase with twist 4.48799 superhelical 0.00127 global twist 4.48799 global supercoiling 0.00127
frame 2139 time 1069.5 unbinding_event at DNA_gyrase 44 enzyme gyrase with twist -0.89760 superhelical -0.00085 global twist 1.79520 global supercoiling 0.00052
frame 2142 time 1071.0 binding_event at gene tetA enzyme RNAP with twist -0.89760 superhelical -0.00025 global twist -0.89760 global supercoiling -0.00025
frame 2167 time 1083.5 binding_event at gene tetA enzyme RNAP with twist -90.19849 superhelical -0.04166 global twist -0.89760 global supercoiling -0.00026
frame 2182 time 1091.0 unbinding_event at gene tetA enzyme RNAP with twist 128.68734 superhelical -0.04203 global twist -0.89760 global supercoiling -0.00026
frame 2206 time 1103.0 binding_event at gene tetA enzyme RNAP with twist -212.16394 superhelical -0.08780 global twist -0.89760 global supercoiling -0.00026
frame 2207 time 1103.5 unbinding_event at gene tetA enzyme RNAP with twist 158.17689 superhelical -0.08851 global twist -0.89760 global supercoiling -0.00026
frame 2246 time 1123.0 binding_event at gene tetA enzyme RNAP with twist -295.50937 superhelical -0.12139 global twist -0.89760 global supercoiling -0.00026
frame 2246 time 1123.0 unbinding_event at gene tetA enzyme RNAP with twist 212.68310 superhelical -0.12236 global twist -0.89760 global supercoiling -0.00026
frame 2251 time 1125.5 binding_event at DNA_topoI 28 enzyme topoI with twist -227.94227 superhelical -0.12622 global twist -0.89760 global supercoiling -0.00026
frame 2260 time 1130.0 unbinding_event at DNA_topoI 28 enzyme topoI with twist -224.95027 superhelical 0.05322 global twist 34.10872 global supercoiling 0.00992
frame 2266 time 1133.0 binding_event at gene tetA enzyme RNAP with twist -242.90223 superhelical -0.11705 global twist 37.99831 global supercoiling 0.01082
frame 2277 time 1138.5 binding_event at DNA_topoI 28 enzyme topoI with twist -242.24273 superhelical -0.12658 global twist 37.99831 global supercoiling 0.01088
frame 2277 time 1138.5 unbinding_event at DNA_topoI 28 enzyme topoI with twist -241.94354 superhelical -0.11305 global twist 37.99831 global supercoiling 0.01088
frame 2286 time 1143.0 unbinding_event at gene tetA enzyme RNAP with twist 316.14496 superhelical -0.11814 global twist 41.88790 global supercoiling 0.01199
frame 2300 time 1150.0 binding_event at DNA_topoI 1 enzyme topoI with twist -320.93215 superhelical -0.13794 global twist 41.88790 global supercoiling 0.01193
frame 2306 time 1153.0 unbinding_event at DNA_topoI 1 enzyme topoI with twist -318.83776 superhelical -0.13459 global twist 65.22545 global supercoiling 0.01896
frame 2306 time 1153.0 unbinding_event at gene tetA enzyme RNAP with twist 69.11504 superhelical -0.13459 global twist 65.22545 global supercoiling 0.01896
frame 2313 time 1156.5 binding_event at DNA_gyrase 11 enzyme gyrase with twist 69.11504 superhelical 0.01958 global twist 69.11504 global supercoiling 0.01958
frame 2315 time 1157.5 unbinding_event at DNA_gyrase 11 enzyme gyrase with twist 61.03666 superhelical 0.01835 global twist 63.72945 global supercoiling 0.01843
frame 2380 time 1190.0 binding_event at DNA_gyrase 48 enzyme gyrase with twist 61.03666 superhelical 0.01729 global twist 61.03666 global supercoiling 0.01729
frame 2380 time 1190.0 unbinding_event at DNA_gyrase 48 enzyme gyrase with twist 58.34386 superhelical 0.01677 global twist 61.03666 global supercoiling 0.01729
frame 2390 time 1195.0 binding_event at gene tetA enzyme RNAP with twist 58.34386 superhelical 0.01653 global twist 58.34386 global supercoiling 0.01653
frame 2391 time 1195.5 binding_event at DNA_gyrase 45 enzyme gyrase with twist 24.92532 superhelical 0.01437 global twist 58.34386 global supercoiling 0.01662
frame 2400 time 1200.0 unbinding_event at DNA_gyrase 45 enzyme gyrase with twist -37.90653 superhelical 0.00484 global twist 34.10872 global supercoiling 0.00992
frame 2430 time 1215.0 unbinding_event at gene tetA enzyme RNAP with twist 31.41593 superhelical -0.05938 global twist 31.41593 global supercoiling 0.00895
frame 2435 time 1217.5 binding_event at gene tetA enzyme RNAP with twist 31.41593 superhelical 0.00890 global twist 31.41593 global supercoiling 0.00890
frame 2441 time 1220.5 binding_event at gene mKalama1 enzyme RNAP with twist -6.18774 superhelical -0.00339 global twist 31.41593 global supercoiling 0.00895
frame 2445 time 1222.5 binding_event at gene tetA enzyme RNAP with twist -32.69100 superhelical -0.02513 global twist 31.41593 global supercoiling 0.00900
frame 2468 time 1234.0 unbinding_event at gene mKalama1 enzyme RNAP with twist -102.62851 superhelical 0.67889 global twist 31.41593 global supercoiling 0.00905
frame 2475 time 1237.5 unbinding_event at gene tetA enzyme RNAP with twist 159.17718 superhelical -0.02550 global twist 31.41593 global supercoiling 0.00900
frame 2485 time 1242.5 unbinding_event at gene tetA enzyme RNAP with twist 31.41593 superhelical -0.06674 global twist 31.41593 global supercoiling 0.00895
frame 2494 time 1247.0 binding_event at gene mKalama1 enzyme RNAP with twist 31.41593 superhelical 0.00890 global twist 31.41593 global supercoiling 0.00890
frame 2521 time 1260.5 unbinding_event at gene mKalama1 enzyme RNAP with twist 31.41593 superhelical 0.73422 global twist 31.41593 global supercoiling 0.00895
frame 2552 time 1276.0 binding_event at DNA_gyrase 31 enzyme gyrase with twist 31.41593 superhelical 0.00890 global twist 31.41593 global supercoiling 0.00890
frame 2557 time 1278.5 unbinding_event at DNA_gyrase 31 enzyme gyrase with twist 15.25916 superhelical -0.01610 global twist 17.95196 global supercoiling 0.00519
frame 2563 time 1281.5 binding_event at gene tetA enzyme RNAP with twist 15.25916 superhelical 0.00432 global twist 15.25916 global supercoiling 0.00432
frame 2603 time 1301.5 unbinding_event at gene tetA enzyme RNAP with twist 15.25916 superhelical -0.05699 global twist 15.25916 global supercoiling 0.00435
frame 2657 time 1328.5 binding_event at DNA_gyrase 21 enzyme gyrase with twist 15.25916 superhelical 0.00432 global twist 15.25916 global supercoiling 0.00432
frame 2661 time 1330.5 unbinding_event at DNA_gyrase 21 enzyme gyrase with twist 1.79520 superhelical 0.00230 global twist 4.48799 global supercoiling 0.00130
frame 2761 time 1380.5 binding_event at gene tetA enzyme RNAP with twist 1.79520 superhelical 0.00051 global twist 1.79520 global supercoiling 0.00051
frame 2763 time 1381.5 binding_event at DNA_gyrase 44 enzyme gyrase with twist -6.30338 superhelical -0.00360 global twist 1.79520 global supercoiling 0.00051
frame 2767 time 1383.5 unbinding_event at DNA_gyrase 44 enzyme gyrase with twist -37.71930 superhelical -0.00912 global twist -8.97598 global supercoiling -0.00261
frame 2801 time 1400.5 unbinding_event at gene tetA enzyme RNAP with twist -11.66877 superhelical -0.06516 global twist -11.66877 global supercoiling -0.00332
frame 2802 time 1401.0 binding_event at DNA_gyrase 27 enzyme gyrase with twist -11.66877 superhelical -0.00331 global twist -11.66877 global supercoiling -0.00331
frame 2802 time 1401.0 unbinding_event at DNA_gyrase 27 enzyme gyrase with twist -14.36157 superhelical -0.04355 global twist -11.66877 global supercoiling -0.00331
frame 2835 time 1417.5 binding_event at DNA_gyrase 15 enzyme gyrase with twist -14.36157 superhelical -0.00407 global twist -14.36157 global supercoiling -0.00407
frame 2835 time 1417.5 unbinding_event at DNA_gyrase 15 enzyme gyrase with twist -17.05436 superhelical -0.00464 global twist -14.36157 global supercoiling -0.00407
frame 2851 time 1425.5 binding_event at DNA_gyrase 2 enzyme gyrase with twist -17.05436 superhelical -0.00483 global twist -17.05436 global supercoiling -0.00483
frame 2852 time 1426.0 unbinding_event at DNA_gyrase 2 enzyme gyrase with twist -22.43995 superhelical -0.00640 global twist -19.74715 global supercoiling -0.00571
frame 2922 time 1461.0 binding_event at gene tetA enzyme RNAP with twist -22.43995 superhelical -0.00636 global twist -22.43995 global supercoiling -0.00636
frame 2954 time 1477.0 binding_event at DNA_topoI 26 enzyme topoI with twist -125.86011 superhelical -0.05494 global twist -22.43995 global supercoiling -0.00639
frame 2954 time 1477.0 unbinding_event at DNA_topoI 26 enzyme topoI with twist -125.56091 superhelical -0.00405 global twist -22.43995 global supercoiling -0.00639
frame 2961 time 1480.5 binding_event at DNA_gyrase 22 enzyme gyrase with twist 128.55291 superhelical 0.11739 global twist -18.55036 global supercoiling -0.00528
frame 2962 time 1481.0 unbinding_event at gene tetA enzyme RNAP with twist -45.60054 superhelical -0.06292 global twist -21.24315 global supercoiling -0.00618
frame 2962 time 1481.0 unbinding_event at DNA_gyrase 22 enzyme gyrase with twist -23.93594 superhelical -0.06292 global twist -21.24315 global supercoiling -0.00618
frame 2969 time 1484.5 binding_event at DNA_topoI 24 enzyme topoI with twist -23.93594 superhelical -0.00678 global twist -23.93594 global supercoiling -0.00678
frame 2971 time 1485.5 unbinding_event at DNA_topoI 24 enzyme topoI with twist -12.26717 superhelical -0.00521 global twist -16.15676 global supercoiling -0.00467
frame 3072 time 1536.0 binding_event at DNA_topoI 30 enzyme topoI with twist -12.26717 superhelical -0.00347 global twist -12.26717 global supercoiling -0.00347
frame 3072 time 1536.0 unbinding_event at DNA_topoI 30 enzyme topoI with twist -8.37758 superhelical 0.00427 global twist -12.26717 global supercoiling -0.00347
frame 3187 time 1593.5 binding_event at DNA_gyrase 22 enzyme gyrase with twist -8.37758 superhelical -0.00237 global twist -8.37758 global supercoiling -0.00237
frame 3192 time 1596.0 unbinding_event at DNA_gyrase 22 enzyme gyrase with twist -24.53434 superhelical -0.00490 global twist -21.84155 global supercoiling -0.00631
frame 3254 time 1627.0 binding_event at gene tetA enzyme RNAP with twist -24.53434 superhelical -0.00695 global twist -24.53434 global supercoiling -0.00695
frame 3256 time 1628.0 binding_event at gene tetA enzyme RNAP with twist -19.17201 superhelical -0.01094 global twist -24.53434 global supercoiling -0.00699
frame 3291 time 1645.5 binding_event at DNA_topoI 7 enzyme topoI with twist -144.65035 superhelical -0.06170 global twist -24.53434 global supercoiling -0.00703
frame 3294 time 1647.0 unbinding_event at gene tetA enzyme RNAP with twist 134.47757 superhelical -0.01106 global twist -12.86557 global supercoiling -0.00376
frame 3296 time 1648.0 unbinding_event at gene tetA enzyme RNAP with twist 126.37658 superhelical -0.07931 global twist -5.08639 global supercoiling -0.00148
frame 3297 time 1648.5 unbinding_event at DNA_topoI 7 enzyme topoI with twist 2.69279 superhelical -0.05742 global twist -1.19680 global supercoiling -0.00035
frame 3299 time 1649.5 binding_event at DNA_gyrase 4 enzyme gyrase with twist 2.69279 superhelical 0.00076 global twist 2.69279 global supercoiling 0.00076
frame 3302 time 1651.0 unbinding_event at DNA_gyrase 4 enzyme gyrase with twist -8.07838 superhelical -0.00195 global twist -5.38559 global supercoiling -0.00156
frame 3325 time 1662.5 binding_event at gene mKalama1 enzyme RNAP with twist -8.07838 superhelical -0.00229 global twist -8.07838 global supercoiling -0.00229
frame 3352 time 1676.0 unbinding_event at gene mKalama1 enzyme RNAP with twist -8.07838 superhelical 0.68393 global twist -8.07838 global supercoiling -0.00230
frame 3366 time 1683.0 binding_event at DNA_gyrase 35 enzyme gyrase with twist -8.07838 superhelical -0.00229 global twist -8.07838 global supercoiling -0.00229
frame 3373 time 1686.5 unbinding_event at DNA_gyrase 35 enzyme gyrase with twist -29.62073 superhelical -0.02005 global twist -26.92794 global supercoiling -0.00779
frame 3390 time 1695.0 binding_event at DNA_gyrase 8 enzyme gyrase with twist -29.62073 superhelical -0.00839 global twist -29.62073 global supercoiling -0.00839
frame 3394 time 1697.0 unbinding_event at DNA_gyrase 8 enzyme gyrase with twist -43.08470 superhelical -0.01154 global twist -40.39191 global supercoiling -0.01168
frame 3470 time 1735.0 binding_event at DNA_gyrase 15 enzyme gyrase with twist -43.08470 superhelical -0.01220 global twist -43.08470 global supercoiling -0.01220
frame 3477 time 1738.5 unbinding_event at DNA_gyrase 15 enzyme gyrase with twist -64.62705 superhelical -0.01636 global twist -61.93426 global supercoiling -0.01791
frame 3487 time 1743.5 binding_event at DNA_gyrase 22 enzyme gyrase with twist -64.62705 superhelical -0.01831 global twist -64.62705 global supercoiling -0.01831
frame 3490 time 1745.0 unbinding_event at DNA_gyrase 22 enzyme gyrase with twist -75.39822 superhelical -0.02033 global twist -72.70543 global supercoiling -0.02102
frame 3510 time 1755.0 binding_event at DNA_gyrase 3 enzyme gyrase with twist -75.39822 superhelical -0.02136 global twist -75.39822 global supercoiling -0.02136
frame 3531 time 1765.5 unbinding_event at DNA_gyrase 3 enzyme gyrase with twist -134.63969 superhelical -0.03738 global twist -131.94689 global supercoiling -0.03815
frame 3557 time 1778.5 binding_event at DNA_gyrase 4 enzyme gyrase with twist -134.63969 superhelical -0.03814 global twist -134.63969 global supercoiling -0.03814
frame 3559 time 1779.5 unbinding_event at DNA_gyrase 4 enzyme gyrase with twist -142.71807 superhelical -0.04098 global twist -140.02527 global supercoiling -0.04048
frame 3574 time 1787.0 binding_event at DNA_topoI 30 enzyme topoI with twist -142.71807 superhelical -0.04042 global twist -142.71807 global supercoiling -0.04042
frame 3578 time 1789.0 unbinding_event at DNA_topoI 30 enzyme topoI with twist -123.27011 superhelical -0.00220 global twist -127.15970 global supercoiling -0.03676
frame 3579 time 1789.5 binding_event at gene Raspberry enzyme RNAP with twist -123.27011 superhelical -0.03492 global twist -123.27011 global supercoiling -0.03492
frame 3585 time 1792.5 binding_event at gene tetA enzyme RNAP with twist -74.96462 superhelical -0.02838 global twist -123.27011 global supercoiling -0.03511
frame 3606 time 1803.0 unbinding_event at gene Raspberry enzyme RNAP with twist -150.93653 superhelical -0.10063 global twist -123.27011 global supercoiling -0.03530
frame 3625 time 1812.5 unbinding_event at gene tetA enzyme RNAP with twist -123.27011 superhelical -0.08937 global twist -123.27011 global supercoiling -0.03511
frame 3639 time 1819.5 binding_event at DNA_topoI 33 enzyme topoI with twist -123.27011 superhelical -0.03492 global twist -123.27011 global supercoiling -0.03492
frame 3639 time 1819.5 unbinding_event at DNA_topoI 33 enzyme topoI with twist -119.38052 superhelical -0.03145 global twist -123.27011 global supercoiling -0.03492
frame 3662 time 1831.0 binding_event at gene tetA enzyme RNAP with twist -119.38052 superhelical -0.03381 global twist -119.38052 global supercoiling -0.03381
frame 3702 time 1851.0 unbinding_event at gene tetA enzyme RNAP with twist -119.38052 superhelical -0.08382 global twist -119.38052 global supercoiling -0.03400
frame 3774 time 1887.0 binding_event at gene Raspberry enzyme RNAP with twist -119.38052 superhelical -0.03381 global twist -119.38052 global supercoiling -0.03381
frame 3793 time 1896.5 binding_event at DNA_topoI 3 enzyme topoI with twist -25.24441 superhelical -0.01048 global twist -119.38052 global supercoiling -0.03400
frame 3801 time 1900.5 unbinding_event at gene Raspberry enzyme RNAP with twist -85.03914 superhelical -0.09996 global twist -88.26379 global supercoiling -0.02566
frame 3805 time 1902.5 unbinding_event at DNA_topoI 3 enzyme topoI with twist -68.81584 superhelical -0.04065 global twist -72.70543 global supercoiling -0.02102
frame 3827 time 1913.5 binding_event at gene tetA enzyme RNAP with twist -68.81584 superhelical -0.01949 global twist -68.81584 global supercoiling -0.01949
frame 3865 time 1932.5 binding_event at DNA_topoI 26 enzyme topoI with twist -170.06880 superhelical -0.07091 global twist -68.81584 global supercoiling -0.01960
frame 3865 time 1932.5 unbinding_event at DNA_topoI 26 enzyme topoI with twist -169.76960 superhelical -0.01999 global twist -68.81584 global supercoiling -0.01960
frame 3867 time 1933.5 unbinding_event at gene tetA enzyme RNAP with twist -64.92625 superhelical -0.07216 global twist -64.92625 global supercoiling -0.01849
frame 3878 time 1939.0 binding_event at gene tetA enzyme RNAP with twist -64.92625 superhelical -0.01839 global twist -64.92625 global supercoiling -0.01839
frame 3918 time 1959.0 unbinding_event at gene tetA enzyme RNAP with twist -64.92625 superhelical -0.07297 global twist -64.92625 global supercoiling -0.01849
frame 4064 time 2032.0 binding_event at DNA_topoI 5 enzyme topoI with twist -64.92625 superhelical -0.01839 global twist -64.92625 global supercoiling -0.01839
frame 4068 time 2034.0 unbinding_event at DNA_topoI 5 enzyme topoI with twist -45.47829 superhelical -0.01401 global twist -49.36788 global supercoiling -0.01427
frame 4075 time 2037.5 binding_event at DNA_gyrase 2 enzyme gyrase with twist -45.47829 superhelical -0.01288 global twist -45.47829 global supercoiling -0.01288
frame 4081 time 2040.5 unbinding_event at DNA_gyrase 2 enzyme gyrase with twist -64.32785 superhelical -0.01830 global twist -61.63506 global supercoiling -0.01782
frame 4115 time 2057.5 binding_event at gene tetA enzyme RNAP with twist -64.32785 superhelical -0.01822 global twist -64.32785 global supercoiling -0.01822
frame 4138 time 2069.0 binding_event at DNA_gyrase 9 enzyme gyrase with twist 49.69156 superhelical 0.03595 global twist -64.32785 global supercoiling -0.01832
frame 4151 time 2075.5 unbinding_event at DNA_gyrase 9 enzyme gyrase with twist -143.07889 superhelical -0.06854 global twist -99.33417 global supercoiling -0.02888
frame 4155 time 2077.5 unbinding_event at gene tetA enzyme RNAP with twist -102.02696 superhelical -0.06420 global twist -102.02696 global supercoiling -0.02906
frame 4181 time 2090.5 binding_event at gene tetA enzyme RNAP with twist -102.02696 superhelical -0.02890 global twist -102.02696 global supercoiling -0.02890
frame 4221 time 2110.5 unbinding_event at gene tetA enzyme RNAP with twist -102.02696 superhelical -0.08036 global twist -102.02696 global supercoiling -0.02906
frame 4386 time 2193.0 binding_event at gene tetA enzyme RNAP with twist -102.02696 superhelical -0.02890 global twist -102.02696 global supercoiling -0.02890
frame 4400 time 2200.0 binding_event at DNA_topoI 29 enzyme topoI with twist -100.13142 superhelical -0.05089 global twist -102.02696 global supercoiling -0.02906
frame 4406 time 2203.0 unbinding_event at DNA_topoI 29 enzyme topoI with twist -98.03703 superhelical 0.02404 global twist -78.68942 global supercoiling -0.02288
frame 4409 time 2204.5 binding_event at DNA_topoI 39 enzyme topoI with twist -105.21781 superhelical -0.04942 global twist -74.79983 global supercoiling -0.02130
frame 4410 time 2205.0 unbinding_event at DNA_topoI 39 enzyme topoI with twist -104.61941 superhelical -0.04680 global twist -70.91023 global supercoiling -0.02062
frame 4426 time 2213.0 unbinding_event at gene tetA enzyme RNAP with twist -67.02064 superhelical -0.06609 global twist -67.02064 global supercoiling -0.01909
frame 4430 time 2215.0 binding_event at gene tetA enzyme RNAP with twist -67.02064 superhelical -0.01898 global twist -67.02064 global supercoiling -0.01898
frame 4466 time 2233.0 binding_event at gene tetA enzyme RNAP with twist -162.01061 superhelical -0.06858 global twist -67.02064 global supercoiling -0.01909
frame 4470 time 2235.0 unbinding_event at gene tetA enzyme RNAP with twist 69.58464 superhelical -0.06914 global twist -67.02064 global supercoiling -0.01919
frame 4506 time 2253.0 unbinding_event at gene tetA enzyme RNAP with twist -67.02064 superhelical -0.10842 global twist -67.02064 global supercoiling -0.01909
frame 4534 time 2267.0 binding_event at DNA_topoI 24 enzyme topoI with twist -67.02064 superhelical -0.01898 global twist -67.02064 global supercoiling -0.01898
frame 4541 time 2270.5 unbinding_event at DNA_topoI 24 enzyme topoI with twist -35.90392 superhelical -0.01481 global twist -39.79351 global supercoiling -0.01151
frame 4753 time 2376.5 binding_event at gene Raspberry enzyme RNAP with twist -35.90392 superhelical -0.01017 global twist -35.90392 global supercoiling -0.01017
frame 4761 time 2380.5 binding_event at gene mKalama1 enzyme RNAP with twist -36.51822 superhelical -0.04031 global twist -35.90392 global supercoiling -0.01022
frame 4766 time 2383.0 binding_event at gene mKalama1 enzyme RNAP with twist -45.76039 superhelical -0.10924 global twist -35.90392 global supercoiling -0.01028
frame 4780 time 2390.0 unbinding_event at gene Raspberry enzyme RNAP with twist -72.96657 superhelical -0.16756 global twist -35.90392 global supercoiling -0.01034
frame 4785 time 2392.5 binding_event at gene tetA enzyme RNAP with twist -87.32814 superhelical -0.02725 global twist -35.90392 global supercoiling -0.01028
frame 4788 time 2394.0 unbinding_event at gene mKalama1 enzyme RNAP with twist 65.78579 superhelical 0.51010 global twist -35.90392 global supercoiling -0.01034
frame 4792 time 2396.0 binding_event at gene tetA enzyme RNAP with twist -88.38543 superhelical -0.05383 global twist -35.90392 global supercoiling -0.01028
frame 4793 time 2396.5 unbinding_event at gene mKalama1 enzyme RNAP with twist -13.20814 superhelical 0.57825 global twist -35.90392 global supercoiling -0.01034
frame 4819 time 2409.5 binding_event at DNA_topoI 44 enzyme topoI with twist -102.96793 superhelical -0.04678 global twist -35.90392 global supercoiling -0.01028
frame 4824 time 2412.0 unbinding_event at DNA_topoI 44 enzyme topoI with twist -101.17273 superhelical -0.03906 global twist -16.45596 global supercoiling -0.00481
frame 4825 time 2412.5 unbinding_event at gene tetA enzyme RNAP with twist 92.19675 superhelical -0.05446 global twist -12.56637 global supercoiling -0.00360
frame 4832 time 2416.0 unbinding_event at gene tetA enzyme RNAP with twist -12.56637 superhelical -0.05297 global twist -12.56637 global supercoiling -0.00358
frame 4848 time 2424.0 binding_event at DNA_gyrase 8 enzyme gyrase with twist -12.56637 superhelical -0.00356 global twist -12.56637 global supercoiling -0.00356
frame 4855 time 2427.5 unbinding_event at DNA_gyrase 8 enzyme gyrase with twist -34.10872 superhelical -0.00840 global twist -31.41593 global supercoiling -0.00908
frame 4957 time 2478.5 binding_event at DNA_gyrase 42 enzyme gyrase with twist -34.10872 superhelical -0.00966 global twist -34.10872 global supercoiling -0.00966
frame 4958 time 2479.0 unbinding_event at DNA_gyrase 42 enzyme gyrase with twist -39.49431 superhelical -0.01229 global twist -36.80151 global supercoiling -0.01064
frame 5015 time 2507.5 binding_event at DNA_topoI 9 enzyme topoI with twist -39.49431 superhelical -0.01119 global twist -39.49431 global supercoiling -0.01119
frame 5024 time 2512.0 binding_event at gene tetA enzyme RNAP with twist -9.11792 superhelical -0.00391 global twist -4.48799 global supercoiling -0.00130
frame 5027 time 2513.5 unbinding_event at DNA_topoI 9 enzyme topoI with twist 32.19959 superhelical 0.03775 global twist 7.18078 global supercoiling 0.00209
frame 5064 time 2532.0 unbinding_event at gene tetA enzyme RNAP with twist 11.07037 superhelical -0.06279 global twist 11.07037 global supercoiling 0.00315
frame 5068 time 2534.0 binding_event at DNA_gyrase 34 enzyme gyrase with twist 11.07037 superhelical 0.00314 global twist 11.07037 global supercoiling 0.00314
frame 5071 time 2535.5 unbinding_event at DNA_gyrase 34 enzyme gyrase with twist 0.29920 superhelical -0.00684 global twist 2.99199 global supercoiling 0.00087
frame 5078 time 2539.0 binding_event at DNA_gyrase 0 enzyme gyrase with twist 0.29920 superhelical 0.00008 global twist 0.29920 global supercoiling 0.00008
frame 5080 time 2540.0 unbinding_event at DNA_gyrase 0 enzyme gyrase with twist -7.77918 superhelical -0.00231 global twist -5.08639 global supercoiling -0.00147
frame 5209 time 2604.5 binding_event at DNA_gyrase 41 enzyme gyrase with twist -7.77918 superhelical -0.00220 global twist -7.77918 global supercoiling -0.00220
frame 5218 time 2609.0 unbinding_event at DNA_gyrase 41 enzyme gyrase with twist -34.70712 superhelical -0.01521 global twist -32.01433 global supercoiling -0.00926
frame 5267 time 2633.5 binding_event at DNA_topoI 24 enzyme topoI with twist -34.70712 superhelical -0.00983 global twist -34.70712 global supercoiling -0.00983
frame 5275 time 2637.5 unbinding_event at DNA_topoI 24 enzyme topoI with twist 0.29920 superhelical -0.00490 global twist -3.59039 global supercoiling -0.00104
frame 5381 time 2690.5 binding_event at DNA_gyrase 8 enzyme gyrase with twist 0.29920 superhelical 0.00008 global twist 0.29920 global supercoiling 0.00008
frame 5388 time 2694.0 unbinding_event at DNA_gyrase 8 enzyme gyrase with twist -21.24315 superhelical -0.00468 global twist -18.55036 global supercoiling -0.00536
frame 5423 time 2711.5 binding_event at gene mKalama1 enzyme RNAP with twist -21.24315 superhelical -0.00602 global twist -21.24315 global supercoiling -0.00602
frame 5450 time 2725.0 unbinding_event at gene mKalama1 enzyme RNAP with twist -21.24315 superhelical 0.66717 global twist -21.24315 global supercoiling -0.00605
frame 5478 time 2739.0 binding_event at DNA_topoI 17 enzyme topoI with twist -21.24315 superhelical -0.00602 global twist -21.24315 global supercoiling -0.00602
frame 5479 time 2739.5 unbinding_event at DNA_topoI 17 enzyme topoI with twist -13.46397 superhelical -0.00480 global twist -17.35356 global supercoiling -0.00502
frame 5517 time 2758.5 binding_event at DNA_gyrase 36 enzyme gyrase with twist -13.46397 superhelical -0.00381 global twist -13.46397 global supercoiling -0.00381
frame 5525 time 2762.5 unbinding_event at DNA_gyrase 36 enzyme gyrase with twist -37.69911 superhelical -0.02172 global twist -35.00632 global supercoiling -0.01012
frame 5542 time 2771.0 binding_event at DNA_gyrase 25 enzyme gyrase with twist -37.69911 superhelical -0.01068 global twist -37.69911 global supercoiling -0.01068
frame 5552 time 2776.0 unbinding_event at DNA_gyrase 25 enzyme gyrase with twist -67.31984 superhelical -0.01502 global twist -64.62705 global supercoiling -0.01869
frame 5566 time 2783.0 binding_event at gene tetA enzyme RNAP with twist -67.31984 superhelical -0.01907 global twist -67.31984 global supercoiling -0.01907
frame 5579 time 2789.5 binding_event at DNA_gyrase 11 enzyme gyrase with twist 12.25799 superhelical 0.00785 global twist -67.31984 global supercoiling -0.01917
frame 5579 time 2789.5 unbinding_event at DNA_gyrase 11 enzyme gyrase with twist 13.15559 superhelical 0.01312 global twist -67.31984 global supercoiling -0.01917
frame 5603 time 2801.5 binding_event at gene tetA enzyme RNAP with twist -165.74723 superhelical -0.06963 global twist -70.01264 global supercoiling -0.01994
frame 5606 time 2803.0 unbinding_event at gene tetA enzyme RNAP with twist 64.81600 superhelical -0.07019 global twist -70.01264 global supercoiling -0.02005
frame 5612 time 2806.0 binding_event at DNA_topoI 42 enzyme topoI with twist -152.78060 superhelical -0.08136 global twist -70.01264 global supercoiling -0.01994
frame 5615 time 2807.5 binding_event at DNA_gyrase 6 enzyme gyrase with twist 93.53914 superhelical 0.05921 global twist -58.34386 global supercoiling -0.01696
frame 5615 time 2807.5 unbinding_event at DNA_topoI 42 enzyme topoI with twist -151.58380 superhelical -0.07759 global twist -58.34386 global supercoiling -0.01696
frame 5621 time 2810.5 unbinding_event at DNA_gyrase 6 enzyme gyrase with twist 99.82232 superhelical 0.65713 global twist -70.61103 global supercoiling -0.02053
frame 5641 time 2820.5 binding_event at DNA_topoI 27 enzyme topoI with twist -241.34359 superhelical -0.10063 global twist -73.30383 global supercoiling -0.02088
frame 5643 time 2821.5 unbinding_event at gene tetA enzyme RNAP with twist -63.99330 superhelical -0.10346 global twist -65.52465 global supercoiling -0.01905
frame 5649 time 2824.5 unbinding_event at DNA_topoI 27 enzyme topoI with twist -38.29751 superhelical 0.41859 global twist -42.18710 global supercoiling -0.01220
frame 5693 time 2846.5 binding_event at DNA_topoI 36 enzyme topoI with twist -38.29751 superhelical -0.01085 global twist -38.29751 global supercoiling -0.01085
frame 5709 time 2854.5 unbinding_event at DNA_topoI 36 enzyme topoI with twist 27.82553 superhelical 0.03756 global twist 23.93594 global supercoiling 0.00692
frame 5752 time 2876.0 binding_event at gene tetA enzyme RNAP with twist 27.82553 superhelical 0.00788 global twist 27.82553 global supercoiling 0.00788
frame 5774 time 2887.0 binding_event at DNA_topoI 44 enzyme topoI with twist -65.38881 superhelical -0.03097 global twist 27.82553 global supercoiling 0.00792
frame 5776 time 2888.0 unbinding_event at DNA_topoI 44 enzyme topoI with twist -64.49122 superhelical -0.02741 global twist 35.60472 global supercoiling 0.01035
frame 5792 time 2896.0 unbinding_event at gene tetA enzyme RNAP with twist 39.49431 superhelical -0.04972 global twist 39.49431 global supercoiling 0.01125
frame 5920 time 2960.0 binding_event at DNA_gyrase 0 enzyme gyrase with twist 39.49431 superhelical 0.01119 global twist 39.49431 global supercoiling 0.01119
frame 5930 time 2965.0 unbinding_event at DNA_gyrase 0 enzyme gyrase with twist 9.87358 superhelical 0.00263 global twist 12.56637 global supercoiling 0.00363
frame 5965 time 2982.5 binding_event at DNA_gyrase 43 enzyme gyrase with twist 9.87358 superhelical 0.00280 global twist 9.87358 global supercoiling 0.00280
frame 5976 time 2988.0 unbinding_event at DNA_gyrase 43 enzyme gyrase with twist -22.43995 superhelical -0.01081 global twist -19.74715 global supercoiling -0.00571
frame 6082 time 3041.0 binding_event at gene Raspberry enzyme RNAP with twist -22.43995 superhelical -0.00636 global twist -22.43995 global supercoiling -0.00636
frame 6109 time 3054.5 unbinding_event at gene Raspberry enzyme RNAP with twist -22.43995 superhelical -0.08332 global twist -22.43995 global supercoiling -0.00639
frame 6179 time 3089.5 binding_event at DNA_gyrase 44 enzyme gyrase with twist -22.43995 superhelical -0.00636 global twist -22.43995 global supercoiling -0.00636
frame 6194 time 3097.0 unbinding_event at DNA_gyrase 44 enzyme gyrase with twist -65.52465 superhelical -0.02366 global twist -62.83185 global supercoiling -0.01817
frame 6202 time 3101.0 binding_event at DNA_gyrase 23 enzyme gyrase with twist -65.52465 superhelical -0.01856 global twist -65.52465 global supercoiling -0.01856
frame 6205 time 3102.5 unbinding_event at DNA_gyrase 23 enzyme gyrase with twist -76.29582 superhelical -0.02056 global twist -73.60303 global supercoiling -0.02128
frame 6344 time 3172.0 binding_event at DNA_gyrase 1 enzyme gyrase with twist -76.29582 superhelical -0.02161 global twist -76.29582 global supercoiling -0.02161
frame 6344 time 3172.0 unbinding_event at DNA_gyrase 1 enzyme gyrase with twist -78.98862 superhelical -0.02283 global twist -76.29582 global supercoiling -0.02161
frame 6380 time 3190.0 binding_event at DNA_gyrase 42 enzyme gyrase with twist -78.98862 superhelical -0.02237 global twist -78.98862 global supercoiling -0.02237
frame 6384 time 3192.0 unbinding_event at DNA_gyrase 42 enzyme gyrase with twist -92.45258 superhelical -0.02890 global twist -89.75979 global supercoiling -0.02595
frame 6441 time 3220.5 binding_event at DNA_topoI 44 enzyme topoI with twist -92.45258 superhelical -0.02619 global twist -92.45258 global supercoiling -0.02619
frame 6448 time 3224.0 unbinding_event at DNA_topoI 44 enzyme topoI with twist -61.33586 superhelical -0.01433 global twist -65.22545 global supercoiling -0.01886
frame 6473 time 3236.5 binding_event at DNA_topoI 24 enzyme topoI with twist -61.33586 superhelical -0.01737 global twist -61.33586 global supercoiling -0.01737
frame 6480 time 3240.0 unbinding_event at DNA_topoI 24 enzyme topoI with twist -30.21913 superhelical -0.01317 global twist -34.10872 global supercoiling -0.00986
frame 6608 time 3304.0 binding_event at gene tetA enzyme RNAP with twist -30.21913 superhelical -0.00856 global twist -30.21913 global supercoiling -0.00856
frame 6635 time 3317.5 binding_event at DNA_topoI 0 enzyme topoI with twist -111.71025 superhelical -0.05076 global twist -30.21913 global supercoiling -0.00861
frame 6635 time 3317.5 unbinding_event at DNA_topoI 0 enzyme topoI with twist -111.41105 superhelical -0.05131 global twist -30.21913 global supercoiling -0.00861
frame 6648 time 3324.0 unbinding_event at gene tetA enzyme RNAP with twist -26.32954 superhelical -0.06447 global twist -26.32954 global supercoiling -0.00750
frame 6709 time 3354.5 binding_event at gene tetA enzyme RNAP with twist -26.32954 superhelical -0.00746 global twist -26.32954 global supercoiling -0.00746
frame 6749 time 3374.5 unbinding_event at gene tetA enzyme RNAP with twist -26.32954 superhelical -0.06528 global twist -26.32954 global supercoiling -0.00750
frame 6796 time 3398.0 binding_event at gene tetA enzyme RNAP with twist -26.32954 superhelical -0.00746 global twist -26.32954 global supercoiling -0.00746
frame 6799 time 3399.5 binding_event at DNA_gyrase 3 enzyme gyrase with twist -2.68973 superhelical -0.00154 global twist -26.32954 global supercoiling -0.00750
frame 6799 time 3399.5 unbinding_event at DNA_gyrase 3 enzyme gyrase with twist -1.79214 superhelical 0.02212 global twist -26.32954 global supercoiling -0.00750
frame 6836 time 3418.0 unbinding_event at gene tetA enzyme RNAP with twist -29.02233 superhelical -0.06528 global twist -29.02233 global supercoiling -0.00827
frame 6920 time 3460.0 binding_event at gene Raspberry enzyme RNAP with twist -29.02233 superhelical -0.00822 global twist -29.02233 global supercoiling -0.00822
frame 6929 time 3464.5 binding_event at DNA_gyrase 21 enzyme gyrase with twist 9.59222 superhelical 0.00371 global twist -29.02233 global supercoiling -0.00827
frame 6930 time 3465.0 binding_event at gene tetA enzyme RNAP with twist 10.82315 superhelical 0.00485 global twist -31.71513 global supercoiling -0.00922
frame 6932 time 3466.0 binding_event at gene Raspberry enzyme RNAP with twist -49.38573 superhelical -0.05051 global twist -37.10071 global supercoiling -0.01085
frame 6938 time 3469.0 unbinding_event at DNA_gyrase 21 enzyme gyrase with twist 14.87463 superhelical 0.02108 global twist -53.25748 global supercoiling -0.01566
frame 6947 time 3473.5 unbinding_event at gene Raspberry enzyme RNAP with twist -6.41787 superhelical -0.05152 global twist -55.95027 global supercoiling -0.01611
frame 6959 time 3479.5 unbinding_event at gene Raspberry enzyme RNAP with twist -146.22313 superhelical -0.11052 global twist -55.95027 global supercoiling -0.01602
frame 6970 time 3485.0 unbinding_event at gene tetA enzyme RNAP with twist -55.95027 superhelical -0.07573 global twist -55.95027 global supercoiling -0.01593
frame 7003 time 3501.5 binding_event at gene tetA enzyme RNAP with twist -55.95027 superhelical -0.01585 global twist -55.95027 global supercoiling -0.01585
frame 7019 time 3509.5 binding_event at DNA_topoI 33 enzyme topoI with twist -84.79210 superhelical -0.04232 global twist -55.95027 global supercoiling -0.01593
frame 7019 time 3509.5 unbinding_event at DNA_topoI 33 enzyme topoI with twist -84.49290 superhelical -0.03971 global twist -55.95027 global supercoiling -0.01593
frame 7039 time 3519.5 binding_event at DNA_topoI 29 enzyme topoI with twist -152.71034 superhelical -0.06464 global twist -52.06068 global supercoiling -0.01483
frame 7039 time 3519.5 unbinding_event at DNA_topoI 29 enzyme topoI with twist -152.41114 superhelical -0.05569 global twist -52.06068 global supercoiling -0.01483
frame 7043 time 3521.5 unbinding_event at gene tetA enzyme RNAP with twist -48.17109 superhelical -0.06801 global twist -48.17109 global supercoiling -0.01372
frame 7102 time 3551.0 binding_event at DNA_topoI 34 enzyme topoI with twist -48.17109 superhelical -0.01364 global twist -48.17109 global supercoiling -0.01364
frame 7102 time 3551.0 unbinding_event at DNA_topoI 34 enzyme topoI with twist -44.28150 superhelical -0.01030 global twist -48.17109 global supercoiling -0.01364
frame 7133 time 3566.5 binding_event at gene tetA enzyme RNAP with twist -44.28150 superhelical -0.01254 global twist -44.28150 global supercoiling -0.01254
frame 7141 time 3570.5 binding_event at gene tetA enzyme RNAP with twist -50.36583 superhelical -0.02708 global twist -44.28150 global supercoiling -0.01261
frame 7173 time 3586.5 unbinding_event at gene tetA enzyme RNAP with twist 121.16150 superhelical -0.02736 global twist -44.28150 global supercoiling -0.01268
frame 7181 time 3590.5 unbinding_event at gene tetA enzyme RNAP with twist -44.28150 superhelical -0.07918 global twist -44.28150 global supercoiling -0.01261
frame 7231 time 3615.5 binding_event at DNA_topoI 25 enzyme topoI with twist -44.28150 superhelical -0.01254 global twist -44.28150 global supercoiling -0.01254
frame 7234 time 3617.0 unbinding_event at DNA_topoI 25 enzyme topoI with twist -28.72313 superhelical -0.01041 global twist -32.61272 global supercoiling -0.00943
frame 7414 time 3707.0 binding_event at gene Raspberry enzyme RNAP with twist -28.72313 superhelical -0.00814 global twist -28.72313 global supercoiling -0.00814
frame 7427 time 3713.5 binding_event at gene tetA enzyme RNAP with twist 24.18803 superhelical 0.00961 global twist -28.72313 global supercoiling -0.00818
frame 7441 time 3720.5 unbinding_event at gene Raspberry enzyme RNAP with twist -99.97213 superhelical -0.08440 global twist -28.72313 global supercoiling -0.00822
frame 7467 time 3733.5 unbinding_event at gene tetA enzyme RNAP with twist -28.72313 superhelical -0.07884 global twist -28.72313 global supercoiling -0.00818
frame 7646 time 3823.0 binding_event at DNA_gyrase 24 enzyme gyrase with twist -28.72313 superhelical -0.00814 global twist -28.72313 global supercoiling -0.00814
frame 7651 time 3825.5 unbinding_event at DNA_gyrase 24 enzyme gyrase with twist -44.87990 superhelical -0.01067 global twist -42.18710 global supercoiling -0.01220
frame 7662 time 3831.0 binding_event at gene Raspberry enzyme RNAP with twist -44.87990 superhelical -0.01271 global twist -44.87990 global supercoiling -0.01271
frame 7689 time 3844.5 unbinding_event at gene Raspberry enzyme RNAP with twist -44.87990 superhelical -0.08717 global twist -44.87990 global supercoiling -0.01278
frame 7751 time 3875.5 binding_event at gene mKalama1 enzyme RNAP with twist -44.87990 superhelical -0.01271 global twist -44.87990 global supercoiling -0.01271
frame 7754 time 3877.0 binding_event at gene tetA enzyme RNAP with twist -47.37567 superhelical -0.01624 global twist -44.87990 global supercoiling -0.01278
frame 7778 time 3889.0 unbinding_event at gene mKalama1 enzyme RNAP with twist -105.29885 superhelical 0.63707 global twist -44.87990 global supercoiling -0.01285
frame 7794 time 3897.0 unbinding_event at gene tetA enzyme RNAP with twist -44.87990 superhelical -0.06637 global twist -44.87990 global supercoiling -0.01278
frame 7822 time 3911.0 binding_event at DNA_topoI 36 enzyme topoI with twist -44.87990 superhelical -0.01271 global twist -44.87990 global supercoiling -0.01271
frame 7827 time 3913.5 unbinding_event at DNA_topoI 36 enzyme topoI with twist -21.54235 superhelical 0.00419 global twist -25.43194 global supercoiling -0.00735
frame 7865 time 3932.5 binding_event at gene tetA enzyme RNAP with twist -21.54235 superhelical -0.00610 global twist -21.54235 global supercoiling -0.00610
frame 7899 time 3949.5 binding_event at DNA_gyrase 13 enzyme gyrase with twist 111.05984 superhelical 0.09373 global twist -21.54235 global supercoiling -0.00613
frame 7899 time 3949.5 unbinding_event at DNA_gyrase 13 enzyme gyrase with twist 111.95744 superhelical 0.11561 global twist -21.54235 global supercoiling -0.00613
frame 7905 time 3952.5 unbinding_event at gene tetA enzyme RNAP with twist -24.23514 superhelical -0.06432 global twist -24.23514 global supercoiling -0.00690
frame 7945 time 3972.5 binding_event at DNA_gyrase 30 enzyme gyrase with twist -24.23514 superhelical -0.00686 global twist -24.23514 global supercoiling -0.00686
frame 7955 time 3977.5 unbinding_event at DNA_gyrase 30 enzyme gyrase with twist -53.85587 superhelical -0.06650 global twist -51.16308 global supercoiling -0.01479
frame 7959 time 3979.5 binding_event at DNA_topoI 14 enzyme topoI with twist -53.85587 superhelical -0.01525 global twist -53.85587 global supercoiling -0.01525
frame 7959 time 3979.5 unbinding_event at DNA_topoI 14 enzyme topoI with twist -49.96628 superhelical -0.01485 global twist -53.85587 global supercoiling -0.01525
