TORCphysics log file 

General information: 
---------------------------------------------------------------------------------------
Circuit name: Pleu500_91
Size: 6000
Structure: circle
Number of sites: 110
Number of frames: 8000
Simulation time: 4000.0
Simulation timestep: 0.5
Seed: 3552589293412493561
 
Overall simulation information 
---------------------------------------------------------------------------------------
Initial twist: -211.83310
Final twist: -53.25748
Initial superhelical density: -0.06000
Final superhelical density: -0.01517
 
Overall rates 
---------------------------------------------------------------------------------------
site type            site name            #binding events      #unbinding events    binding rates        
 DNA_topoI            DNA_topoI_global                     55.0                 55.0               0.01375 
DNA_gyrase           DNA_gyrase_global                    65.0                 65.0               0.01625 
EXT                  EXT                                   0.0                  0.0                   0.0 
gene                 tetA                                 67.0                 66.0               0.01675 
gene                 CDS                                   1.0                  1.0               0.00025 
origin               ori                                   0.0                  0.0                   0.0 
lacOP                lac1                                  0.0                  0.0                   0.0 
gene                 mKalama1                              9.0                  9.0               0.00225 
lacOP                lac2                                  0.0                  0.0                   0.0 
gene                 Raspberry                             7.0                  7.0               0.00175 
 
Events
---------------------------------------------------------------------------------------
frame 51 time 25.5 binding_event at DNA_topoI 49 enzyme topoI with twist -211.83310 superhelical -0.06000 global twist -211.83310 global supercoiling -0.06000
frame 53 time 26.5 unbinding_event at DNA_topoI 49 enzyme topoI with twist -200.16433 superhelical -0.05763 global twist -204.05392 global supercoiling -0.05900
frame 60 time 30.0 binding_event at DNA_topoI 26 enzyme topoI with twist -200.16433 superhelical -0.05669 global twist -200.16433 global supercoiling -0.05669
frame 62 time 31.0 unbinding_event at DNA_topoI 26 enzyme topoI with twist -188.49556 superhelical 0.09573 global twist -192.38515 global supercoiling -0.05562
frame 66 time 33.0 binding_event at DNA_topoI 26 enzyme topoI with twist -188.49556 superhelical -0.05339 global twist -188.49556 global supercoiling -0.05339
frame 67 time 33.5 unbinding_event at DNA_topoI 26 enzyme topoI with twist -180.71638 superhelical 0.04824 global twist -184.60597 global supercoiling -0.05337
frame 93 time 46.5 binding_event at DNA_gyrase 11 enzyme gyrase with twist -180.71638 superhelical -0.05119 global twist -180.71638 global supercoiling -0.05119
frame 95 time 47.5 binding_event at gene tetA enzyme RNAP with twist -132.00818 superhelical -0.05334 global twist -186.10196 global supercoiling -0.05381
frame 97 time 48.5 unbinding_event at DNA_gyrase 11 enzyme gyrase with twist -91.15784 superhelical -0.04816 global twist -191.48755 global supercoiling -0.05567
frame 104 time 52.0 binding_event at DNA_topoI 0 enzyme topoI with twist -124.56486 superhelical -0.06634 global twist -194.18035 global supercoiling -0.05530
frame 108 time 54.0 unbinding_event at DNA_topoI 0 enzyme topoI with twist -123.06886 superhelical -0.06320 global twist -178.62198 global supercoiling -0.05193
frame 111 time 55.5 binding_event at gene tetA enzyme RNAP with twist -130.24964 superhelical -0.06501 global twist -174.73239 global supercoiling -0.04976
frame 117 time 58.5 binding_event at DNA_topoI 46 enzyme topoI with twist -134.19494 superhelical -0.07358 global twist -174.73239 global supercoiling -0.05003
frame 119 time 59.5 unbinding_event at DNA_topoI 46 enzyme topoI with twist -133.29734 superhelical -0.07242 global twist -166.95321 global supercoiling -0.04881
frame 133 time 66.5 binding_event at DNA_topoI 6 enzyme topoI with twist -17.59706 superhelical -0.06564 global twist -163.06362 global supercoiling -0.04669
frame 133 time 66.5 unbinding_event at DNA_topoI 6 enzyme topoI with twist -13.70747 superhelical 0.13654 global twist -163.06362 global supercoiling -0.04669
frame 135 time 67.5 unbinding_event at gene tetA enzyme RNAP with twist 31.56958 superhelical -0.05113 global twist -159.17403 global supercoiling -0.04558
frame 139 time 69.5 binding_event at gene tetA enzyme RNAP with twist -201.51478 superhelical -0.09082 global twist -159.17403 global supercoiling -0.04533
frame 140 time 70.0 binding_event at DNA_gyrase 23 enzyme gyrase with twist 45.93114 superhelical 0.03604 global twist -159.17403 global supercoiling -0.04558
frame 143 time 71.5 binding_event at DNA_gyrase 9 enzyme gyrase with twist 48.00146 superhelical 0.04675 global twist -167.25241 global supercoiling -0.04890
frame 143 time 71.5 unbinding_event at DNA_gyrase 23 enzyme gyrase with twist 43.50201 superhelical 0.04738 global twist -167.25241 global supercoiling -0.04890
frame 146 time 73.0 unbinding_event at DNA_gyrase 9 enzyme gyrase with twist -6.17736 superhelical -0.09295 global twist -178.02358 global supercoiling -0.05205
frame 151 time 75.5 unbinding_event at gene tetA enzyme RNAP with twist 23.17971 superhelical -0.01278 global twist -180.71638 global supercoiling -0.05175
frame 161 time 80.5 binding_event at DNA_gyrase 6 enzyme gyrase with twist 55.49323 superhelical 0.03963 global twist -180.71638 global supercoiling -0.05147
frame 176 time 88.0 unbinding_event at DNA_gyrase 6 enzyme gyrase with twist -280.48818 superhelical -0.12288 global twist -221.10828 global supercoiling -0.06428
frame 177 time 88.5 binding_event at DNA_topoI 8 enzyme topoI with twist -280.48818 superhelical -0.11695 global twist -223.80108 global supercoiling -0.06374
frame 178 time 89.0 unbinding_event at DNA_topoI 8 enzyme topoI with twist -279.88978 superhelical -0.11884 global twist -219.91149 global supercoiling -0.06394
frame 179 time 89.5 unbinding_event at gene tetA enzyme RNAP with twist -216.02189 superhelical -0.11560 global twist -216.02189 global supercoiling -0.06152
frame 203 time 101.5 binding_event at gene tetA enzyme RNAP with twist -216.02189 superhelical -0.06119 global twist -216.02189 global supercoiling -0.06119
frame 217 time 108.5 binding_event at DNA_topoI 37 enzyme topoI with twist -155.84674 superhelical -0.07921 global twist -216.02189 global supercoiling -0.06152
frame 217 time 108.5 unbinding_event at DNA_topoI 37 enzyme topoI with twist -155.54754 superhelical -0.07962 global twist -216.02189 global supercoiling -0.06152
frame 243 time 121.5 unbinding_event at gene tetA enzyme RNAP with twist -212.13230 superhelical -0.10150 global twist -212.13230 global supercoiling -0.06041
frame 250 time 125.0 binding_event at gene tetA enzyme RNAP with twist -212.13230 superhelical -0.06008 global twist -212.13230 global supercoiling -0.06008
frame 281 time 140.5 binding_event at gene tetA enzyme RNAP with twist -214.98235 superhelical -0.09459 global twist -212.13230 global supercoiling -0.06041
frame 290 time 145.0 unbinding_event at gene tetA enzyme RNAP with twist -12.50843 superhelical -0.09540 global twist -212.13230 global supercoiling -0.06074
frame 321 time 160.5 unbinding_event at gene tetA enzyme RNAP with twist -212.13230 superhelical -0.12679 global twist -212.13230 global supercoiling -0.06041
frame 400 time 200.0 binding_event at DNA_topoI 5 enzyme topoI with twist -212.13230 superhelical -0.06008 global twist -212.13230 global supercoiling -0.06008
frame 401 time 200.5 unbinding_event at DNA_topoI 5 enzyme topoI with twist -204.35312 superhelical -0.05943 global twist -208.24271 global supercoiling -0.06021
frame 403 time 201.5 binding_event at gene tetA enzyme RNAP with twist -204.35312 superhelical -0.05788 global twist -204.35312 global supercoiling -0.05788
frame 443 time 221.5 unbinding_event at gene tetA enzyme RNAP with twist -204.35312 superhelical -0.10076 global twist -204.35312 global supercoiling -0.05820
frame 465 time 232.5 binding_event at gene Raspberry enzyme RNAP with twist -204.35312 superhelical -0.05788 global twist -204.35312 global supercoiling -0.05788
frame 492 time 246.0 unbinding_event at gene Raspberry enzyme RNAP with twist -204.35312 superhelical -0.11454 global twist -204.35312 global supercoiling -0.05820
frame 500 time 250.0 binding_event at DNA_topoI 40 enzyme topoI with twist -204.35312 superhelical -0.05788 global twist -204.35312 global supercoiling -0.05788
frame 508 time 254.0 unbinding_event at DNA_topoI 40 enzyme topoI with twist -169.34680 superhelical -0.04098 global twist -173.23639 global supercoiling -0.05009
frame 524 time 262.0 binding_event at DNA_topoI 32 enzyme topoI with twist -169.34680 superhelical -0.04797 global twist -169.34680 global supercoiling -0.04797
frame 544 time 272.0 unbinding_event at DNA_topoI 32 enzyme topoI with twist -87.66540 superhelical 0.05508 global twist -91.55499 global supercoiling -0.02647
frame 629 time 314.5 binding_event at DNA_topoI 26 enzyme topoI with twist -87.66540 superhelical -0.02483 global twist -87.66540 global supercoiling -0.02483
frame 631 time 315.5 unbinding_event at DNA_topoI 26 enzyme topoI with twist -75.99662 superhelical 0.12755 global twist -79.88621 global supercoiling -0.02310
frame 687 time 343.5 binding_event at DNA_topoI 34 enzyme topoI with twist -75.99662 superhelical -0.02153 global twist -75.99662 global supercoiling -0.02153
frame 690 time 345.0 unbinding_event at DNA_topoI 34 enzyme topoI with twist -60.43826 superhelical -0.00746 global twist -64.32785 global supercoiling -0.01860
frame 876 time 438.0 binding_event at DNA_gyrase 24 enzyme gyrase with twist -60.43826 superhelical -0.01712 global twist -60.43826 global supercoiling -0.01712
frame 881 time 440.5 unbinding_event at DNA_gyrase 24 enzyme gyrase with twist -76.59502 superhelical -0.01984 global twist -73.90223 global supercoiling -0.02137
frame 920 time 460.0 binding_event at DNA_topoI 31 enzyme topoI with twist -76.59502 superhelical -0.02169 global twist -76.59502 global supercoiling -0.02169
frame 924 time 462.0 unbinding_event at DNA_topoI 31 enzyme topoI with twist -57.14707 superhelical 0.00817 global twist -61.03666 global supercoiling -0.01765
frame 941 time 470.5 binding_event at gene tetA enzyme RNAP with twist -57.14707 superhelical -0.01619 global twist -57.14707 global supercoiling -0.01619
frame 972 time 486.0 binding_event at DNA_topoI 7 enzyme topoI with twist -139.23291 superhelical -0.06126 global twist -57.14707 global supercoiling -0.01627
frame 976 time 488.0 unbinding_event at DNA_topoI 7 enzyme topoI with twist -137.73692 superhelical -0.05882 global twist -41.58870 global supercoiling -0.01209
frame 981 time 490.5 unbinding_event at gene tetA enzyme RNAP with twist -37.69911 superhelical -0.06349 global twist -37.69911 global supercoiling -0.01074
frame 992 time 496.0 binding_event at gene tetA enzyme RNAP with twist -37.69911 superhelical -0.01068 global twist -37.69911 global supercoiling -0.01068
frame 994 time 497.0 binding_event at gene tetA enzyme RNAP with twist -25.60632 superhelical -0.01461 global twist -37.69911 global supercoiling -0.01074
frame 1011 time 505.5 binding_event at DNA_topoI 29 enzyme topoI with twist -86.39540 superhelical -0.04274 global twist -37.69911 global supercoiling -0.01080
frame 1021 time 510.5 unbinding_event at DNA_topoI 29 enzyme topoI with twist -83.10421 superhelical 0.07646 global twist 1.19680 global supercoiling 0.00035
frame 1032 time 516.0 unbinding_event at gene tetA enzyme RNAP with twist 127.68491 superhelical -0.01478 global twist 5.08639 global supercoiling 0.00146
frame 1034 time 517.0 unbinding_event at gene tetA enzyme RNAP with twist 5.08639 superhelical -0.05292 global twist 5.08639 global supercoiling 0.00145
frame 1112 time 556.0 binding_event at DNA_gyrase 2 enzyme gyrase with twist 5.08639 superhelical 0.00144 global twist 5.08639 global supercoiling 0.00144
frame 1129 time 564.5 unbinding_event at DNA_gyrase 2 enzyme gyrase with twist -43.38390 superhelical -0.01178 global twist -40.69110 global supercoiling -0.01176
frame 1160 time 580.0 binding_event at DNA_gyrase 9 enzyme gyrase with twist -43.38390 superhelical -0.01229 global twist -43.38390 global supercoiling -0.01229
frame 1161 time 580.5 binding_event at DNA_gyrase 34 enzyme gyrase with twist -30.58925 superhelical -0.01312 global twist -46.07669 global supercoiling -0.01332
frame 1162 time 581.0 unbinding_event at DNA_gyrase 9 enzyme gyrase with twist -46.89661 superhelical -0.01666 global twist -51.46228 global supercoiling -0.01519
frame 1162 time 581.0 unbinding_event at DNA_gyrase 34 enzyme gyrase with twist -56.84787 superhelical -0.01856 global twist -51.46228 global supercoiling -0.01519
frame 1321 time 660.5 binding_event at gene tetA enzyme RNAP with twist -56.84787 superhelical -0.01610 global twist -56.84787 global supercoiling -0.01610
frame 1326 time 663.0 binding_event at DNA_gyrase 18 enzyme gyrase with twist -11.11137 superhelical -0.00652 global twist -56.84787 global supercoiling -0.01619
frame 1346 time 673.0 unbinding_event at DNA_gyrase 18 enzyme gyrase with twist 7.73819 superhelical 0.05066 global twist -110.70374 global supercoiling -0.03219
frame 1361 time 680.5 unbinding_event at gene tetA enzyme RNAP with twist -113.39653 superhelical -0.07136 global twist -113.39653 global supercoiling -0.03229
frame 1410 time 705.0 binding_event at DNA_topoI 45 enzyme topoI with twist -113.39653 superhelical -0.03212 global twist -113.39653 global supercoiling -0.03212
frame 1412 time 706.0 unbinding_event at DNA_topoI 45 enzyme topoI with twist -101.72776 superhelical -0.02839 global twist -105.61735 global supercoiling -0.03054
frame 1430 time 715.0 binding_event at DNA_topoI 0 enzyme topoI with twist -101.72776 superhelical -0.02881 global twist -101.72776 global supercoiling -0.02881
frame 1432 time 716.0 unbinding_event at DNA_topoI 0 enzyme topoI with twist -90.05899 superhelical -0.02595 global twist -93.94858 global supercoiling -0.02716
frame 1435 time 717.5 binding_event at DNA_topoI 4 enzyme topoI with twist -90.05899 superhelical -0.02551 global twist -90.05899 global supercoiling -0.02551
frame 1438 time 719.0 unbinding_event at DNA_topoI 4 enzyme topoI with twist -74.50063 superhelical -0.02209 global twist -78.39022 global supercoiling -0.02266
frame 1461 time 730.5 binding_event at gene tetA enzyme RNAP with twist -74.50063 superhelical -0.02110 global twist -74.50063 global supercoiling -0.02110
frame 1486 time 743.0 binding_event at gene tetA enzyme RNAP with twist -126.17216 superhelical -0.05828 global twist -74.50063 global supercoiling -0.02122
frame 1491 time 745.5 binding_event at DNA_gyrase 0 enzyme gyrase with twist -118.86154 superhelical -0.06582 global twist -74.50063 global supercoiling -0.02133
frame 1493 time 746.5 binding_event at DNA_topoI 30 enzyme topoI with twist -118.19110 superhelical -0.07014 global twist -79.88621 global supercoiling -0.02336
frame 1493 time 746.5 unbinding_event at DNA_gyrase 0 enzyme gyrase with twist -117.52910 superhelical -0.07282 global twist -79.88621 global supercoiling -0.02336
frame 1494 time 747.0 binding_event at DNA_topoI 1 enzyme topoI with twist -117.52910 superhelical -0.07636 global twist -78.68942 global supercoiling -0.02301
frame 1495 time 747.5 unbinding_event at DNA_topoI 30 enzyme topoI with twist -119.66027 superhelical -0.04982 global twist -70.91023 global supercoiling -0.02118
frame 1499 time 749.5 unbinding_event at DNA_topoI 1 enzyme topoI with twist -124.24713 superhelical -0.06368 global twist -51.46228 global supercoiling -0.01505
frame 1501 time 750.5 unbinding_event at gene tetA enzyme RNAP with twist 83.85522 superhelical -0.05880 global twist -47.57269 global supercoiling -0.01362
frame 1510 time 755.0 binding_event at DNA_topoI 34 enzyme topoI with twist -160.15104 superhelical -0.07459 global twist -47.57269 global supercoiling -0.01355
frame 1516 time 758.0 unbinding_event at DNA_topoI 34 enzyme topoI with twist -158.05665 superhelical -0.05178 global twist -24.23514 global supercoiling -0.00705
frame 1517 time 758.5 binding_event at DNA_gyrase 11 enzyme gyrase with twist 137.71110 superhelical 0.11118 global twist -20.34555 global supercoiling -0.00579
frame 1518 time 759.0 unbinding_event at DNA_gyrase 11 enzyme gyrase with twist 139.50629 superhelical 0.17729 global twist -23.03835 global supercoiling -0.00670
frame 1525 time 762.5 binding_event at DNA_topoI 44 enzyme topoI with twist -186.77978 superhelical -0.07730 global twist -25.73114 global supercoiling -0.00733
frame 1526 time 763.0 unbinding_event at gene tetA enzyme RNAP with twist 78.07944 superhelical -0.08005 global twist -21.84155 global supercoiling -0.00635
frame 1529 time 764.5 binding_event at gene tetA enzyme RNAP with twist 81.96903 superhelical 0.03718 global twist -10.17278 global supercoiling -0.00294
frame 1531 time 765.5 unbinding_event at DNA_topoI 44 enzyme topoI with twist -76.61009 superhelical -0.06881 global twist -2.39359 global supercoiling -0.00070
frame 1566 time 783.0 binding_event at DNA_gyrase 11 enzyme gyrase with twist 200.17940 superhelical 0.17700 global twist 1.49600 global supercoiling 0.00043
frame 1568 time 784.0 unbinding_event at DNA_gyrase 11 enzyme gyrase with twist 202.87219 superhelical 0.97399 global twist -3.88959 global supercoiling -0.00113
frame 1569 time 784.5 unbinding_event at gene tetA enzyme RNAP with twist -6.58238 superhelical -0.08688 global twist -6.58238 global supercoiling -0.00187
frame 1635 time 817.5 binding_event at DNA_gyrase 42 enzyme gyrase with twist -6.58238 superhelical -0.00186 global twist -6.58238 global supercoiling -0.00186
frame 1640 time 820.0 unbinding_event at DNA_gyrase 42 enzyme gyrase with twist -22.73915 superhelical -0.00918 global twist -20.04635 global supercoiling -0.00580
frame 1679 time 839.5 binding_event at gene tetA enzyme RNAP with twist -22.73915 superhelical -0.00644 global twist -22.73915 global supercoiling -0.00644
frame 1692 time 846.0 binding_event at gene tetA enzyme RNAP with twist -57.78891 superhelical -0.02964 global twist -22.73915 global supercoiling -0.00648
frame 1699 time 849.5 binding_event at DNA_topoI 28 enzyme topoI with twist -76.50862 superhelical -0.04154 global twist -22.73915 global supercoiling -0.00651
frame 1710 time 855.0 unbinding_event at DNA_topoI 28 enzyme topoI with twist -72.91823 superhelical 0.17837 global twist 20.04635 global supercoiling 0.00586
frame 1719 time 859.5 unbinding_event at gene tetA enzyme RNAP with twist 129.16770 superhelical -0.02994 global twist 23.93594 global supercoiling 0.00685
frame 1722 time 861.0 binding_event at gene tetA enzyme RNAP with twist -112.41254 superhelical -0.04986 global twist 23.93594 global supercoiling 0.00682
frame 1731 time 865.5 binding_event at DNA_topoI 26 enzyme topoI with twist -118.60880 superhelical -0.06316 global twist 23.93594 global supercoiling 0.00685
frame 1732 time 866.0 unbinding_event at gene tetA enzyme RNAP with twist 149.72553 superhelical -0.05028 global twist 27.82553 global supercoiling 0.00814
frame 1733 time 866.5 unbinding_event at DNA_topoI 26 enzyme topoI with twist -117.71120 superhelical 0.08934 global twist 31.71513 global supercoiling 0.00922
frame 1743 time 871.5 binding_event at DNA_gyrase 6 enzyme gyrase with twist 185.62944 superhelical 0.13089 global twist 35.60472 global supercoiling 0.01014
frame 1746 time 873.0 unbinding_event at DNA_gyrase 6 enzyme gyrase with twist 12.66976 superhelical -0.07557 global twist 27.52634 global supercoiling 0.00800
frame 1749 time 874.5 binding_event at DNA_gyrase 45 enzyme gyrase with twist 5.48897 superhelical 0.00249 global twist 24.83354 global supercoiling 0.00707
frame 1762 time 881.0 unbinding_event at gene tetA enzyme RNAP with twist 2.56533 superhelical -0.06359 global twist -10.17278 global supercoiling -0.00296
frame 1762 time 881.0 unbinding_event at DNA_gyrase 45 enzyme gyrase with twist -12.86557 superhelical -0.01164 global twist -10.17278 global supercoiling -0.00296
frame 1778 time 889.0 binding_event at gene tetA enzyme RNAP with twist -12.86557 superhelical -0.00364 global twist -12.86557 global supercoiling -0.00364
frame 1818 time 909.0 unbinding_event at gene tetA enzyme RNAP with twist -12.86557 superhelical -0.06259 global twist -12.86557 global supercoiling -0.00366
frame 1853 time 926.5 binding_event at gene tetA enzyme RNAP with twist -12.86557 superhelical -0.00364 global twist -12.86557 global supercoiling -0.00364
frame 1878 time 939.0 binding_event at DNA_topoI 41 enzyme topoI with twist -96.04787 superhelical -0.04436 global twist -12.86557 global supercoiling -0.00366
frame 1881 time 940.5 unbinding_event at DNA_topoI 41 enzyme topoI with twist -94.85107 superhelical -0.03840 global twist -1.19680 global supercoiling -0.00035
frame 1891 time 945.5 binding_event at DNA_topoI 45 enzyme topoI with twist -127.16460 superhelical -0.05302 global twist 2.69279 global supercoiling 0.00077
frame 1893 time 946.5 unbinding_event at gene tetA enzyme RNAP with twist 81.00577 superhelical -0.05655 global twist 10.47198 global supercoiling 0.00304
frame 1897 time 948.5 binding_event at gene mKalama1 enzyme RNAP with twist -60.80981 superhelical -0.04586 global twist 26.03034 global supercoiling 0.00753
frame 1901 time 950.5 binding_event at gene tetA enzyme RNAP with twist 94.61934 superhelical 0.04437 global twist 41.58870 global supercoiling 0.01209
frame 1901 time 950.5 unbinding_event at DNA_topoI 45 enzyme topoI with twist -26.30508 superhelical -0.05194 global twist 41.58870 global supercoiling 0.01209
frame 1924 time 962.0 unbinding_event at gene mKalama1 enzyme RNAP with twist -121.05860 superhelical 0.48618 global twist 45.47829 global supercoiling 0.01302
frame 1938 time 969.0 binding_event at DNA_topoI 45 enzyme topoI with twist -167.73369 superhelical -0.07046 global twist 45.47829 global supercoiling 0.01295
frame 1940 time 970.0 unbinding_event at DNA_topoI 45 enzyme topoI with twist -166.83610 superhelical -0.06826 global twist 53.25748 global supercoiling 0.01548
frame 1941 time 970.5 unbinding_event at gene tetA enzyme RNAP with twist 57.14707 superhelical -0.06950 global twist 57.14707 global supercoiling 0.01627
frame 1962 time 981.0 binding_event at gene tetA enzyme RNAP with twist 57.14707 superhelical 0.01619 global twist 57.14707 global supercoiling 0.01619
frame 2002 time 1001.0 unbinding_event at gene tetA enzyme RNAP with twist 57.14707 superhelical -0.04864 global twist 57.14707 global supercoiling 0.01627
frame 2093 time 1046.5 binding_event at DNA_gyrase 46 enzyme gyrase with twist 57.14707 superhelical 0.01619 global twist 57.14707 global supercoiling 0.01619
frame 2093 time 1046.5 unbinding_event at DNA_gyrase 46 enzyme gyrase with twist 54.45427 superhelical 0.01556 global twist 57.14707 global supercoiling 0.01619
frame 2112 time 1056.0 binding_event at DNA_gyrase 23 enzyme gyrase with twist 54.45427 superhelical 0.01542 global twist 54.45427 global supercoiling 0.01542
frame 2116 time 1058.0 unbinding_event at DNA_gyrase 23 enzyme gyrase with twist 40.99030 superhelical 0.01373 global twist 43.68310 global supercoiling 0.01263
frame 2229 time 1114.5 binding_event at DNA_gyrase 29 enzyme gyrase with twist 40.99030 superhelical 0.01161 global twist 40.99030 global supercoiling 0.01161
frame 2230 time 1115.0 unbinding_event at DNA_gyrase 29 enzyme gyrase with twist 35.60472 superhelical -0.00335 global twist 38.29751 global supercoiling 0.01107
frame 2308 time 1154.0 binding_event at DNA_gyrase 12 enzyme gyrase with twist 35.60472 superhelical 0.01008 global twist 35.60472 global supercoiling 0.01008
frame 2317 time 1158.5 binding_event at gene Raspberry enzyme RNAP with twist 14.09933 superhelical 0.00554 global twist 11.36957 global supercoiling 0.00329
frame 2319 time 1159.5 unbinding_event at DNA_gyrase 12 enzyme gyrase with twist 9.80987 superhelical 0.00969 global twist 5.98399 global supercoiling 0.00174
frame 2337 time 1168.5 binding_event at DNA_gyrase 45 enzyme gyrase with twist 70.84653 superhelical 0.02964 global twist 3.29119 global supercoiling 0.00094
frame 2344 time 1172.0 unbinding_event at gene Raspberry enzyme RNAP with twist -72.65733 superhelical -0.07611 global twist -15.55836 global supercoiling -0.00452
frame 2349 time 1174.5 binding_event at DNA_gyrase 25 enzyme gyrase with twist 49.02058 superhelical 0.02299 global twist -29.02233 global supercoiling -0.00839
frame 2349 time 1174.5 unbinding_event at DNA_gyrase 25 enzyme gyrase with twist 44.98139 superhelical 0.02201 global twist -29.02233 global supercoiling -0.00839
frame 2355 time 1177.5 binding_event at DNA_topoI 32 enzyme topoI with twist -86.12129 superhelical -0.06495 global twist -47.87189 global supercoiling -0.01384
frame 2356 time 1178.0 unbinding_event at DNA_topoI 32 enzyme topoI with twist -81.03491 superhelical -0.05876 global twist -46.67509 global supercoiling -0.01378
frame 2361 time 1180.5 unbinding_event at DNA_gyrase 45 enzyme gyrase with twist -58.94226 superhelical -0.06619 global twist -56.24947 global supercoiling -0.01626
frame 2396 time 1198.0 binding_event at DNA_gyrase 13 enzyme gyrase with twist -58.94226 superhelical -0.01669 global twist -58.94226 global supercoiling -0.01669
frame 2405 time 1202.5 unbinding_event at DNA_gyrase 13 enzyme gyrase with twist -85.87020 superhelical -0.02218 global twist -83.17741 global supercoiling -0.02405
frame 2449 time 1224.5 binding_event at gene tetA enzyme RNAP with twist -85.87020 superhelical -0.02432 global twist -85.87020 global supercoiling -0.02432
frame 2489 time 1244.5 unbinding_event at gene tetA enzyme RNAP with twist -85.87020 superhelical -0.07714 global twist -85.87020 global supercoiling -0.02445
frame 2546 time 1273.0 binding_event at gene mKalama1 enzyme RNAP with twist -85.87020 superhelical -0.02432 global twist -85.87020 global supercoiling -0.02432
frame 2573 time 1286.5 unbinding_event at gene mKalama1 enzyme RNAP with twist -85.87020 superhelical 0.58488 global twist -85.87020 global supercoiling -0.02445
frame 2587 time 1293.5 binding_event at DNA_topoI 2 enzyme topoI with twist -85.87020 superhelical -0.02432 global twist -85.87020 global supercoiling -0.02432
frame 2595 time 1297.5 unbinding_event at DNA_topoI 2 enzyme topoI with twist -50.86388 superhelical -0.01526 global twist -54.75347 global supercoiling -0.01583
frame 2663 time 1331.5 binding_event at DNA_gyrase 24 enzyme gyrase with twist -50.86388 superhelical -0.01441 global twist -50.86388 global supercoiling -0.01441
frame 2671 time 1335.5 unbinding_event at DNA_gyrase 24 enzyme gyrase with twist -75.09902 superhelical -0.01826 global twist -72.40623 global supercoiling -0.02093
frame 2764 time 1382.0 binding_event at DNA_topoI 32 enzyme topoI with twist -75.09902 superhelical -0.02127 global twist -75.09902 global supercoiling -0.02127
frame 2765 time 1382.5 binding_event at gene mKalama1 enzyme RNAP with twist -64.63088 superhelical -0.02108 global twist -71.20943 global supercoiling -0.02059
frame 2776 time 1388.0 binding_event at DNA_topoI 9 enzyme topoI with twist -100.24124 superhelical -0.03274 global twist -28.42393 global supercoiling -0.00826
frame 2783 time 1391.5 unbinding_event at DNA_topoI 32 enzyme topoI with twist 19.09735 superhelical -1.12808 global twist 26.03034 global supercoiling 0.00773
frame 2787 time 1393.5 unbinding_event at DNA_topoI 9 enzyme topoI with twist -1.94863 superhelical 0.00602 global twist 45.47829 global supercoiling 0.01322
frame 2792 time 1396.0 unbinding_event at gene mKalama1 enzyme RNAP with twist 49.36788 superhelical 0.47833 global twist 49.36788 global supercoiling 0.01406
frame 2833 time 1416.5 binding_event at gene tetA enzyme RNAP with twist 49.36788 superhelical 0.01398 global twist 49.36788 global supercoiling 0.01398
frame 2873 time 1436.5 unbinding_event at gene tetA enzyme RNAP with twist 49.36788 superhelical -0.05019 global twist 49.36788 global supercoiling 0.01406
frame 2971 time 1485.5 binding_event at gene tetA enzyme RNAP with twist 49.36788 superhelical 0.01398 global twist 49.36788 global supercoiling 0.01398
frame 2989 time 1494.5 binding_event at DNA_gyrase 27 enzyme gyrase with twist -40.49837 superhelical -0.01986 global twist 49.36788 global supercoiling 0.01406
frame 3000 time 1500.0 unbinding_event at DNA_gyrase 27 enzyme gyrase with twist -115.89659 superhelical -0.50273 global twist 19.74715 global supercoiling 0.00574
frame 3011 time 1505.5 unbinding_event at gene tetA enzyme RNAP with twist 17.05436 superhelical -0.06337 global twist 17.05436 global supercoiling 0.00486
frame 3070 time 1535.0 binding_event at gene tetA enzyme RNAP with twist 17.05436 superhelical 0.00483 global twist 17.05436 global supercoiling 0.00483
frame 3110 time 1555.0 unbinding_event at gene tetA enzyme RNAP with twist 17.05436 superhelical -0.05663 global twist 17.05436 global supercoiling 0.00486
frame 3137 time 1568.5 binding_event at DNA_gyrase 48 enzyme gyrase with twist 17.05436 superhelical 0.00483 global twist 17.05436 global supercoiling 0.00483
frame 3137 time 1568.5 unbinding_event at DNA_gyrase 48 enzyme gyrase with twist 14.36157 superhelical 0.00406 global twist 17.05436 global supercoiling 0.00483
frame 3218 time 1609.0 binding_event at DNA_gyrase 13 enzyme gyrase with twist 14.36157 superhelical 0.00407 global twist 14.36157 global supercoiling 0.00407
frame 3221 time 1610.5 unbinding_event at DNA_gyrase 13 enzyme gyrase with twist 3.59039 superhelical 0.00210 global twist 6.28319 global supercoiling 0.00182
frame 3259 time 1629.5 binding_event at gene mKalama1 enzyme RNAP with twist 3.59039 superhelical 0.00102 global twist 3.59039 global supercoiling 0.00102
frame 3279 time 1639.5 binding_event at gene tetA enzyme RNAP with twist -68.87947 superhelical -0.02137 global twist 3.59039 global supercoiling 0.00102
frame 3286 time 1643.0 unbinding_event at gene mKalama1 enzyme RNAP with twist 13.46241 superhelical 0.69879 global twist 3.59039 global supercoiling 0.00103
frame 3297 time 1648.5 binding_event at DNA_topoI 44 enzyme topoI with twist -22.44151 superhelical -0.01100 global twist 3.59039 global supercoiling 0.00102
frame 3299 time 1649.5 unbinding_event at DNA_topoI 44 enzyme topoI with twist -21.54391 superhelical -0.00675 global twist 11.36957 global supercoiling 0.00331
frame 3319 time 1659.5 binding_event at gene tetA enzyme RNAP with twist -89.76135 superhelical -0.03687 global twist 15.25916 global supercoiling 0.00435
frame 3319 time 1659.5 unbinding_event at gene tetA enzyme RNAP with twist 82.63438 superhelical -0.03717 global twist 15.25916 global supercoiling 0.00435
frame 3334 time 1667.0 binding_event at gene tetA enzyme RNAP with twist -117.64070 superhelical -0.05925 global twist 15.25916 global supercoiling 0.00435
frame 3359 time 1679.5 unbinding_event at gene tetA enzyme RNAP with twist 211.28540 superhelical -0.05983 global twist 15.25916 global supercoiling 0.00437
frame 3364 time 1682.0 binding_event at gene tetA enzyme RNAP with twist -210.38781 superhelical -0.09331 global twist 15.25916 global supercoiling 0.00435
frame 3374 time 1687.0 unbinding_event at gene tetA enzyme RNAP with twist 216.26103 superhelical -0.09411 global twist 15.25916 global supercoiling 0.00437
frame 3377 time 1688.5 binding_event at gene tetA enzyme RNAP with twist -208.18265 superhelical -0.10678 global twist 15.25916 global supercoiling 0.00435
frame 3383 time 1691.5 binding_event at DNA_gyrase 11 enzyme gyrase with twist 244.98416 superhelical 0.16848 global twist 15.25916 global supercoiling 0.00437
frame 3396 time 1698.0 unbinding_event at DNA_gyrase 11 enzyme gyrase with twist 257.55053 superhelical 0.69323 global twist -19.74715 global supercoiling -0.00577
frame 3404 time 1702.0 unbinding_event at gene tetA enzyme RNAP with twist 263.17094 superhelical -0.10784 global twist -22.43995 global supercoiling -0.00643
frame 3417 time 1708.5 unbinding_event at gene tetA enzyme RNAP with twist -22.43995 superhelical -0.13550 global twist -22.43995 global supercoiling -0.00639
frame 3468 time 1734.0 binding_event at gene tetA enzyme RNAP with twist -22.43995 superhelical -0.00636 global twist -22.43995 global supercoiling -0.00636
frame 3485 time 1742.5 binding_event at DNA_gyrase 11 enzyme gyrase with twist 49.56429 superhelical 0.03326 global twist -22.43995 global supercoiling -0.00639
frame 3490 time 1745.0 unbinding_event at DNA_gyrase 11 enzyme gyrase with twist 54.94988 superhelical 0.08768 global twist -35.90392 global supercoiling -0.01044
frame 3508 time 1754.0 unbinding_event at gene tetA enzyme RNAP with twist -38.59671 superhelical -0.06450 global twist -38.59671 global supercoiling -0.01099
frame 3529 time 1764.5 binding_event at gene Raspberry enzyme RNAP with twist -38.59671 superhelical -0.01093 global twist -38.59671 global supercoiling -0.01093
frame 3556 time 1778.0 unbinding_event at gene Raspberry enzyme RNAP with twist -38.59671 superhelical -0.08609 global twist -38.59671 global supercoiling -0.01099
frame 3561 time 1780.5 binding_event at DNA_gyrase 39 enzyme gyrase with twist -38.59671 superhelical -0.01093 global twist -38.59671 global supercoiling -0.01093
frame 3563 time 1781.5 binding_event at gene tetA enzyme RNAP with twist -31.29977 superhelical -0.01221 global twist -43.98230 global supercoiling -0.01272
frame 3564 time 1782.0 unbinding_event at DNA_gyrase 39 enzyme gyrase with twist -34.46511 superhelical -0.01718 global twist -46.67509 global supercoiling -0.01357
frame 3594 time 1797.0 binding_event at DNA_gyrase 24 enzyme gyrase with twist 89.21858 superhelical 0.07203 global twist -49.36788 global supercoiling -0.01406
frame 3595 time 1797.5 unbinding_event at DNA_gyrase 24 enzyme gyrase with twist 91.01377 superhelical 0.08315 global twist -52.06068 global supercoiling -0.01514
frame 3603 time 1801.5 unbinding_event at gene tetA enzyme RNAP with twist -54.75347 superhelical -0.07116 global twist -54.75347 global supercoiling -0.01559
frame 3607 time 1803.5 binding_event at gene tetA enzyme RNAP with twist -54.75347 superhelical -0.01551 global twist -54.75347 global supercoiling -0.01551
frame 3631 time 1815.5 binding_event at DNA_topoI 5 enzyme topoI with twist -112.93030 superhelical -0.05260 global twist -54.75347 global supercoiling -0.01559
frame 3634 time 1817.0 unbinding_event at DNA_topoI 5 enzyme topoI with twist -111.73350 superhelical -0.05061 global twist -43.08470 global supercoiling -0.01253
frame 3647 time 1823.5 unbinding_event at gene tetA enzyme RNAP with twist -39.19511 superhelical -0.06460 global twist -39.19511 global supercoiling -0.01116
frame 3658 time 1829.0 binding_event at DNA_gyrase 16 enzyme gyrase with twist -39.19511 superhelical -0.01110 global twist -39.19511 global supercoiling -0.01110
frame 3665 time 1832.5 unbinding_event at DNA_gyrase 16 enzyme gyrase with twist -60.73746 superhelical -0.01513 global twist -58.04466 global supercoiling -0.01678
frame 3850 time 1925.0 binding_event at gene Raspberry enzyme RNAP with twist -60.73746 superhelical -0.01720 global twist -60.73746 global supercoiling -0.01720
frame 3862 time 1931.0 binding_event at DNA_gyrase 13 enzyme gyrase with twist -4.46606 superhelical -0.00176 global twist -60.73746 global supercoiling -0.01730
frame 3863 time 1931.5 unbinding_event at DNA_gyrase 13 enzyme gyrase with twist -2.67087 superhelical 0.00097 global twist -63.43025 global supercoiling -0.01844
frame 3877 time 1938.5 unbinding_event at gene Raspberry enzyme RNAP with twist -66.12305 superhelical -0.08989 global twist -66.12305 global supercoiling -0.01883
frame 3947 time 1973.5 binding_event at DNA_gyrase 7 enzyme gyrase with twist -66.12305 superhelical -0.01873 global twist -66.12305 global supercoiling -0.01873
frame 3949 time 1974.5 unbinding_event at DNA_gyrase 7 enzyme gyrase with twist -74.20143 superhelical -0.02096 global twist -71.50863 global supercoiling -0.02067
frame 4029 time 2014.5 binding_event at DNA_topoI 19 enzyme topoI with twist -74.20143 superhelical -0.02102 global twist -74.20143 global supercoiling -0.02102
frame 4033 time 2016.5 unbinding_event at DNA_topoI 19 enzyme topoI with twist -54.75347 superhelical -0.01826 global twist -58.64306 global supercoiling -0.01696
frame 4094 time 2047.0 binding_event at gene Raspberry enzyme RNAP with twist -54.75347 superhelical -0.01551 global twist -54.75347 global supercoiling -0.01551
frame 4118 time 2059.0 binding_event at DNA_topoI 39 enzyme topoI with twist -98.05691 superhelical -0.08218 global twist -54.75347 global supercoiling -0.01559
frame 4121 time 2060.5 unbinding_event at gene Raspberry enzyme RNAP with twist 31.30380 superhelical -0.08846 global twist -43.08470 global supercoiling -0.01253
frame 4122 time 2061.0 unbinding_event at DNA_topoI 39 enzyme topoI with twist -35.30552 superhelical -0.07658 global twist -39.19511 global supercoiling -0.01133
frame 4188 time 2094.0 binding_event at gene tetA enzyme RNAP with twist -35.30552 superhelical -0.01000 global twist -35.30552 global supercoiling -0.01000
frame 4210 time 2105.0 binding_event at DNA_gyrase 37 enzyme gyrase with twist -96.24428 superhelical -0.04559 global twist -35.30552 global supercoiling -0.01005
frame 4215 time 2107.5 unbinding_event at DNA_gyrase 37 enzyme gyrase with twist -133.94339 superhelical -0.05794 global twist -48.76949 global supercoiling -0.01418
frame 4228 time 2114.0 unbinding_event at gene tetA enzyme RNAP with twist -51.46228 superhelical -0.07365 global twist -51.46228 global supercoiling -0.01466
frame 4230 time 2115.0 binding_event at gene tetA enzyme RNAP with twist -51.46228 superhelical -0.01458 global twist -51.46228 global supercoiling -0.01458
frame 4245 time 2122.5 binding_event at DNA_gyrase 18 enzyme gyrase with twist 27.54592 superhelical 0.01805 global twist -51.46228 global supercoiling -0.01466
frame 4249 time 2124.5 unbinding_event at DNA_gyrase 18 enzyme gyrase with twist 32.03390 superhelical 0.03357 global twist -62.23345 global supercoiling -0.01809
frame 4270 time 2135.0 unbinding_event at gene tetA enzyme RNAP with twist -64.92625 superhelical -0.07029 global twist -64.92625 global supercoiling -0.01849
frame 4315 time 2157.5 binding_event at DNA_gyrase 31 enzyme gyrase with twist -64.92625 superhelical -0.01839 global twist -64.92625 global supercoiling -0.01839
frame 4320 time 2160.0 unbinding_event at DNA_gyrase 31 enzyme gyrase with twist -81.08301 superhelical -0.04396 global twist -78.39022 global supercoiling -0.02266
frame 4372 time 2186.0 binding_event at gene tetA enzyme RNAP with twist -81.08301 superhelical -0.02297 global twist -81.08301 global supercoiling -0.02297
frame 4405 time 2202.5 binding_event at DNA_topoI 27 enzyme topoI with twist -158.11245 superhelical -0.06849 global twist -81.08301 global supercoiling -0.02309
frame 4412 time 2206.0 unbinding_event at gene tetA enzyme RNAP with twist -63.15592 superhelical -0.07197 global twist -53.85587 global supercoiling -0.01566
frame 4418 time 2209.0 unbinding_event at DNA_topoI 27 enzyme topoI with twist -26.62874 superhelical 0.74181 global twist -30.51833 global supercoiling -0.00882
frame 4436 time 2218.0 binding_event at DNA_gyrase 30 enzyme gyrase with twist -26.62874 superhelical -0.00754 global twist -26.62874 global supercoiling -0.00754
frame 4440 time 2220.0 unbinding_event at DNA_gyrase 30 enzyme gyrase with twist -40.09271 superhelical -0.03474 global twist -37.39991 global supercoiling -0.01081
frame 4469 time 2234.5 binding_event at DNA_gyrase 41 enzyme gyrase with twist -40.09271 superhelical -0.01136 global twist -40.09271 global supercoiling -0.01136
frame 4469 time 2234.5 unbinding_event at DNA_gyrase 41 enzyme gyrase with twist -42.78550 superhelical -0.01289 global twist -40.09271 global supercoiling -0.01136
frame 4482 time 2241.0 binding_event at DNA_topoI 18 enzyme topoI with twist -42.78550 superhelical -0.01212 global twist -42.78550 global supercoiling -0.01212
frame 4490 time 2245.0 unbinding_event at DNA_topoI 18 enzyme topoI with twist -7.77918 superhelical -0.00649 global twist -11.66877 global supercoiling -0.00337
frame 4544 time 2272.0 binding_event at DNA_gyrase 19 enzyme gyrase with twist -7.77918 superhelical -0.00220 global twist -7.77918 global supercoiling -0.00220
frame 4554 time 2277.0 unbinding_event at DNA_gyrase 19 enzyme gyrase with twist -37.39991 superhelical -0.00711 global twist -34.70712 global supercoiling -0.01003
frame 4591 time 2295.5 binding_event at gene tetA enzyme RNAP with twist -37.39991 superhelical -0.01059 global twist -37.39991 global supercoiling -0.01059
frame 4604 time 2302.0 binding_event at gene tetA enzyme RNAP with twist -64.95439 superhelical -0.03332 global twist -37.39991 global supercoiling -0.01065
frame 4610 time 2305.0 binding_event at gene tetA enzyme RNAP with twist -79.28854 superhelical -0.04347 global twist -37.39991 global supercoiling -0.01071
frame 4631 time 2315.5 unbinding_event at gene tetA enzyme RNAP with twist 120.87724 superhelical -0.03365 global twist -37.39991 global supercoiling -0.01077
frame 4644 time 2322.0 unbinding_event at gene tetA enzyme RNAP with twist 163.66151 superhelical -0.04393 global twist -37.39991 global supercoiling -0.01071
frame 4650 time 2325.0 unbinding_event at gene tetA enzyme RNAP with twist -37.39991 superhelical -0.09078 global twist -37.39991 global supercoiling -0.01065
frame 4667 time 2333.5 binding_event at gene Raspberry enzyme RNAP with twist -37.39991 superhelical -0.01059 global twist -37.39991 global supercoiling -0.01059
frame 4676 time 2338.0 binding_event at DNA_topoI 38 enzyme topoI with twist -40.43341 superhelical -0.04376 global twist -37.39991 global supercoiling -0.01065
frame 4676 time 2338.0 unbinding_event at DNA_topoI 38 enzyme topoI with twist -40.13421 superhelical -0.04509 global twist -37.39991 global supercoiling -0.01065
frame 4681 time 2340.5 binding_event at DNA_gyrase 3 enzyme gyrase with twist 20.98546 superhelical 0.00840 global twist -33.51032 global supercoiling -0.00954
frame 4683 time 2341.5 binding_event at gene tetA enzyme RNAP with twist 11.99389 superhelical 0.01442 global twist -38.89591 global supercoiling -0.01131
frame 4685 time 2342.5 binding_event at gene tetA enzyme RNAP with twist 9.55625 superhelical 0.01476 global twist -44.28150 global supercoiling -0.01295
frame 4688 time 2344.0 unbinding_event at DNA_gyrase 3 enzyme gyrase with twist 18.60999 superhelical 0.27681 global twist -52.35988 global supercoiling -0.01539
frame 4694 time 2347.0 unbinding_event at gene Raspberry enzyme RNAP with twist -95.45984 superhelical -0.08281 global twist -55.05267 global supercoiling -0.01585
frame 4697 time 2348.5 binding_event at DNA_topoI 34 enzyme topoI with twist -102.64063 superhelical -0.05314 global twist -55.05267 global supercoiling -0.01576
frame 4703 time 2351.5 binding_event at DNA_topoI 26 enzyme topoI with twist -17.92132 superhelical -0.03342 global twist -31.71513 global supercoiling -0.00927
frame 4703 time 2351.5 unbinding_event at DNA_topoI 26 enzyme topoI with twist -12.08693 superhelical 0.01765 global twist -31.71513 global supercoiling -0.00927
frame 4704 time 2352.0 unbinding_event at DNA_topoI 34 enzyme topoI with twist -96.35744 superhelical -0.01892 global twist -23.93594 global supercoiling -0.00700
frame 4723 time 2361.5 unbinding_event at gene tetA enzyme RNAP with twist 144.52853 superhelical 0.01521 global twist -20.04635 global supercoiling -0.00574
frame 4725 time 2362.5 unbinding_event at gene tetA enzyme RNAP with twist -20.04635 superhelical -0.07004 global twist -20.04635 global supercoiling -0.00571
frame 4749 time 2374.5 binding_event at DNA_gyrase 38 enzyme gyrase with twist -20.04635 superhelical -0.00568 global twist -20.04635 global supercoiling -0.00568
frame 4749 time 2374.5 unbinding_event at DNA_gyrase 38 enzyme gyrase with twist -22.73915 superhelical -0.00743 global twist -20.04635 global supercoiling -0.00568
frame 4771 time 2385.5 binding_event at gene tetA enzyme RNAP with twist -22.73915 superhelical -0.00644 global twist -22.73915 global supercoiling -0.00644
frame 4780 time 2390.0 binding_event at DNA_topoI 47 enzyme topoI with twist -43.42734 superhelical -0.02313 global twist -22.73915 global supercoiling -0.00648
frame 4780 time 2390.0 unbinding_event at DNA_topoI 47 enzyme topoI with twist -43.12814 superhelical -0.02272 global twist -22.73915 global supercoiling -0.00648
frame 4795 time 2397.5 binding_event at gene tetA enzyme RNAP with twist -93.39362 superhelical -0.04350 global twist -18.84956 global supercoiling -0.00537
frame 4811 time 2405.5 unbinding_event at gene tetA enzyme RNAP with twist 117.51132 superhelical -0.04389 global twist -18.84956 global supercoiling -0.00540
frame 4813 time 2406.5 binding_event at gene tetA enzyme RNAP with twist -139.95127 superhelical -0.06863 global twist -18.84956 global supercoiling -0.00537
frame 4835 time 2417.5 unbinding_event at gene tetA enzyme RNAP with twist 182.62170 superhelical -0.06928 global twist -18.84956 global supercoiling -0.00540
frame 4853 time 2426.5 unbinding_event at gene tetA enzyme RNAP with twist -18.84956 superhelical -0.10851 global twist -18.84956 global supercoiling -0.00537
frame 4902 time 2451.0 binding_event at gene tetA enzyme RNAP with twist -18.84956 superhelical -0.00534 global twist -18.84956 global supercoiling -0.00534
frame 4942 time 2471.0 unbinding_event at gene tetA enzyme RNAP with twist -18.84956 superhelical -0.06379 global twist -18.84956 global supercoiling -0.00537
frame 4965 time 2482.5 binding_event at DNA_gyrase 9 enzyme gyrase with twist -18.84956 superhelical -0.00534 global twist -18.84956 global supercoiling -0.00534
frame 4970 time 2485.0 unbinding_event at DNA_gyrase 9 enzyme gyrase with twist -35.00632 superhelical -0.00891 global twist -32.31352 global supercoiling -0.00934
frame 4975 time 2487.5 binding_event at gene tetA enzyme RNAP with twist -35.00632 superhelical -0.00992 global twist -35.00632 global supercoiling -0.00992
frame 5012 time 2506.0 binding_event at DNA_topoI 49 enzyme topoI with twist -149.95392 superhelical -0.06299 global twist -35.00632 global supercoiling -0.00997
frame 5015 time 2507.5 unbinding_event at gene tetA enzyme RNAP with twist 77.56181 superhelical -0.06745 global twist -23.33755 global supercoiling -0.00678
frame 5016 time 2508.0 unbinding_event at DNA_topoI 49 enzyme topoI with twist -15.55836 superhelical -0.05893 global twist -19.44795 global supercoiling -0.00562
frame 5019 time 2509.5 binding_event at gene tetA enzyme RNAP with twist -15.55836 superhelical -0.00441 global twist -15.55836 global supercoiling -0.00441
frame 5059 time 2529.5 unbinding_event at gene tetA enzyme RNAP with twist -15.55836 superhelical -0.06313 global twist -15.55836 global supercoiling -0.00443
frame 5079 time 2539.5 binding_event at DNA_gyrase 41 enzyme gyrase with twist -15.55836 superhelical -0.00441 global twist -15.55836 global supercoiling -0.00441
frame 5087 time 2543.5 unbinding_event at DNA_gyrase 41 enzyme gyrase with twist -39.79351 superhelical -0.01616 global twist -37.10071 global supercoiling -0.01073
frame 5204 time 2602.0 binding_event at gene mKalama1 enzyme RNAP with twist -39.79351 superhelical -0.01127 global twist -39.79351 global supercoiling -0.01127
frame 5231 time 2615.5 unbinding_event at gene mKalama1 enzyme RNAP with twist -39.79351 superhelical 0.64355 global twist -39.79351 global supercoiling -0.01133
frame 5395 time 2697.5 binding_event at gene mKalama1 enzyme RNAP with twist -39.79351 superhelical -0.01127 global twist -39.79351 global supercoiling -0.01127
frame 5414 time 2707.0 binding_event at DNA_topoI 7 enzyme topoI with twist -100.67343 superhelical -0.03141 global twist -39.79351 global supercoiling -0.01133
frame 5415 time 2707.5 unbinding_event at DNA_topoI 7 enzyme topoI with twist -100.07503 superhelical -0.03326 global twist -35.90392 global supercoiling -0.01044
frame 5422 time 2711.0 unbinding_event at gene mKalama1 enzyme RNAP with twist -32.01433 superhelical 0.64355 global twist -32.01433 global supercoiling -0.00912
frame 5542 time 2771.0 binding_event at gene tetA enzyme RNAP with twist -32.01433 superhelical -0.00907 global twist -32.01433 global supercoiling -0.00907
frame 5568 time 2784.0 binding_event at DNA_topoI 6 enzyme topoI with twist -108.99726 superhelical -0.04993 global twist -32.01433 global supercoiling -0.00912
frame 5573 time 2786.5 unbinding_event at DNA_topoI 6 enzyme topoI with twist -107.20207 superhelical -0.04588 global twist -12.56637 global supercoiling -0.00365
frame 5582 time 2791.0 unbinding_event at gene tetA enzyme RNAP with twist -8.67678 superhelical -0.05689 global twist -8.67678 global supercoiling -0.00247
frame 5596 time 2798.0 binding_event at gene Raspberry enzyme RNAP with twist -8.67678 superhelical -0.00246 global twist -8.67678 global supercoiling -0.00246
frame 5623 time 2811.5 unbinding_event at gene Raspberry enzyme RNAP with twist -8.67678 superhelical -0.08096 global twist -8.67678 global supercoiling -0.00247
frame 5681 time 2840.5 binding_event at gene tetA enzyme RNAP with twist -8.67678 superhelical -0.00246 global twist -8.67678 global supercoiling -0.00246
frame 5689 time 2844.5 binding_event at DNA_gyrase 20 enzyme gyrase with twist 24.28715 superhelical 0.01471 global twist -8.67678 global supercoiling -0.00247
frame 5693 time 2846.5 binding_event at gene tetA enzyme RNAP with twist -47.32550 superhelical -0.02450 global twist -19.44795 global supercoiling -0.00565
frame 5694 time 2847.0 unbinding_event at DNA_gyrase 20 enzyme gyrase with twist 29.67274 superhelical 0.02870 global twist -22.14075 global supercoiling -0.00647
frame 5699 time 2849.5 binding_event at DNA_gyrase 7 enzyme gyrase with twist 44.03431 superhelical 0.02991 global twist -24.83354 global supercoiling -0.00711
frame 5699 time 2849.5 unbinding_event at DNA_gyrase 7 enzyme gyrase with twist 44.93190 superhelical 0.05668 global twist -24.83354 global supercoiling -0.00711
frame 5721 time 2860.5 unbinding_event at gene tetA enzyme RNAP with twist 119.06358 superhelical -0.02475 global twist -27.52634 global supercoiling -0.00788
frame 5724 time 2862.0 binding_event at DNA_topoI 44 enzyme topoI with twist -153.77070 superhelical -0.06766 global twist -27.52634 global supercoiling -0.00784
frame 5726 time 2863.0 unbinding_event at DNA_topoI 44 enzyme topoI with twist -152.87310 superhelical -0.06522 global twist -19.74715 global supercoiling -0.00574
frame 5731 time 2865.5 binding_event at DNA_gyrase 24 enzyme gyrase with twist 151.37711 superhelical 0.13601 global twist -15.85756 global supercoiling -0.00452
frame 5733 time 2866.5 unbinding_event at gene tetA enzyme RNAP with twist -27.20461 superhelical -0.07259 global twist -21.24315 global supercoiling -0.00618
frame 5733 time 2866.5 unbinding_event at DNA_gyrase 24 enzyme gyrase with twist -23.93594 superhelical -0.07259 global twist -21.24315 global supercoiling -0.00618
frame 5915 time 2957.5 binding_event at DNA_gyrase 17 enzyme gyrase with twist -23.93594 superhelical -0.00678 global twist -23.93594 global supercoiling -0.00678
frame 5918 time 2959.0 unbinding_event at DNA_gyrase 17 enzyme gyrase with twist -34.70712 superhelical -0.00877 global twist -32.01433 global supercoiling -0.00926
frame 5937 time 2968.5 binding_event at DNA_topoI 2 enzyme topoI with twist -34.70712 superhelical -0.00983 global twist -34.70712 global supercoiling -0.00983
frame 5937 time 2968.5 unbinding_event at DNA_topoI 2 enzyme topoI with twist -30.81753 superhelical -0.00897 global twist -34.70712 global supercoiling -0.00983
frame 5984 time 2992.0 binding_event at gene mKalama1 enzyme RNAP with twist -30.81753 superhelical -0.00873 global twist -30.81753 global supercoiling -0.00873
frame 6011 time 3005.5 unbinding_event at gene mKalama1 enzyme RNAP with twist -30.81753 superhelical 0.65497 global twist -30.81753 global supercoiling -0.00878
frame 6132 time 3066.0 binding_event at gene tetA enzyme RNAP with twist -30.81753 superhelical -0.00873 global twist -30.81753 global supercoiling -0.00873
frame 6137 time 3068.5 binding_event at gene tetA enzyme RNAP with twist -33.01410 superhelical -0.01828 global twist -30.81753 global supercoiling -0.00878
frame 6172 time 3086.0 unbinding_event at gene tetA enzyme RNAP with twist 130.14603 superhelical -0.01848 global twist -30.81753 global supercoiling -0.00882
frame 6177 time 3088.5 unbinding_event at gene tetA enzyme RNAP with twist -30.81753 superhelical -0.07296 global twist -30.81753 global supercoiling -0.00878
frame 6270 time 3135.0 binding_event at DNA_gyrase 41 enzyme gyrase with twist -30.81753 superhelical -0.00873 global twist -30.81753 global supercoiling -0.00873
frame 6270 time 3135.0 unbinding_event at DNA_gyrase 41 enzyme gyrase with twist -33.51032 superhelical -0.01021 global twist -30.81753 global supercoiling -0.00873
frame 6293 time 3146.5 binding_event at gene tetA enzyme RNAP with twist -33.51032 superhelical -0.00949 global twist -33.51032 global supercoiling -0.00949
frame 6333 time 3166.5 unbinding_event at gene tetA enzyme RNAP with twist -33.51032 superhelical -0.06671 global twist -33.51032 global supercoiling -0.00954
frame 6483 time 3241.5 binding_event at DNA_gyrase 34 enzyme gyrase with twist -33.51032 superhelical -0.00949 global twist -33.51032 global supercoiling -0.00949
frame 6489 time 3244.5 unbinding_event at DNA_gyrase 34 enzyme gyrase with twist -52.35988 superhelical -0.02727 global twist -49.66708 global supercoiling -0.01436
frame 6551 time 3275.5 binding_event at DNA_topoI 6 enzyme topoI with twist -52.35988 superhelical -0.01483 global twist -52.35988 global supercoiling -0.01483
frame 6557 time 3278.5 unbinding_event at DNA_topoI 6 enzyme topoI with twist -25.13274 superhelical -0.00870 global twist -29.02233 global supercoiling -0.00839
frame 6619 time 3309.5 binding_event at DNA_gyrase 44 enzyme gyrase with twist -25.13274 superhelical -0.00712 global twist -25.13274 global supercoiling -0.00712
frame 6619 time 3309.5 unbinding_event at DNA_gyrase 44 enzyme gyrase with twist -27.82553 superhelical -0.00834 global twist -25.13274 global supercoiling -0.00712
frame 6665 time 3332.5 binding_event at gene tetA enzyme RNAP with twist -27.82553 superhelical -0.00788 global twist -27.82553 global supercoiling -0.00788
frame 6698 time 3349.0 binding_event at DNA_topoI 33 enzyme topoI with twist -132.08272 superhelical -0.05721 global twist -27.82553 global supercoiling -0.00792
frame 6704 time 3352.0 binding_event at DNA_gyrase 23 enzyme gyrase with twist 125.79954 superhelical 0.11488 global twist -4.48799 global supercoiling -0.00130
frame 6704 time 3352.0 unbinding_event at DNA_topoI 33 enzyme topoI with twist -129.98833 superhelical -0.02973 global twist -4.48799 global supercoiling -0.00130
frame 6705 time 3352.5 unbinding_event at gene tetA enzyme RNAP with twist -18.29886 superhelical -0.05447 global twist -3.29119 global supercoiling -0.00096
frame 6705 time 3352.5 unbinding_event at DNA_gyrase 23 enzyme gyrase with twist -5.98399 superhelical -0.05447 global twist -3.29119 global supercoiling -0.00096
frame 6755 time 3377.5 binding_event at gene tetA enzyme RNAP with twist -5.98399 superhelical -0.00169 global twist -5.98399 global supercoiling -0.00169
frame 6772 time 3386.0 binding_event at gene tetA enzyme RNAP with twist -63.96135 superhelical -0.03164 global twist -5.98399 global supercoiling -0.00170
frame 6795 time 3397.5 unbinding_event at gene tetA enzyme RNAP with twist 135.00942 superhelical -0.03194 global twist -5.98399 global supercoiling -0.00171
frame 6812 time 3406.0 unbinding_event at gene tetA enzyme RNAP with twist -5.98399 superhelical -0.08239 global twist -5.98399 global supercoiling -0.00170
frame 6856 time 3428.0 binding_event at gene tetA enzyme RNAP with twist -5.98399 superhelical -0.00169 global twist -5.98399 global supercoiling -0.00169
frame 6877 time 3438.5 binding_event at gene tetA enzyme RNAP with twist -78.32291 superhelical -0.03742 global twist -5.98399 global supercoiling -0.00170
frame 6882 time 3441.0 binding_event at gene tetA enzyme RNAP with twist -82.76157 superhelical -0.04583 global twist -5.98399 global supercoiling -0.00171
frame 6883 time 3441.5 binding_event at DNA_gyrase 22 enzyme gyrase with twist 93.88128 superhelical 0.07164 global twist -5.98399 global supercoiling -0.00172
frame 6883 time 3441.5 unbinding_event at DNA_gyrase 22 enzyme gyrase with twist 94.77887 superhelical 0.07930 global twist -5.98399 global supercoiling -0.00172
frame 6896 time 3448.0 unbinding_event at gene tetA enzyme RNAP with twist 127.94066 superhelical -0.03776 global twist -8.67678 global supercoiling -0.00250
frame 6902 time 3451.0 binding_event at DNA_topoI 49 enzyme topoI with twist -151.29885 superhelical -0.07291 global twist -8.67678 global supercoiling -0.00248
frame 6904 time 3452.0 unbinding_event at DNA_topoI 49 enzyme topoI with twist -150.40125 superhelical -0.07190 global twist -0.89760 global supercoiling -0.00026
frame 6917 time 3458.5 unbinding_event at gene tetA enzyme RNAP with twist 200.06834 superhelical -0.04632 global twist 2.99199 global supercoiling 0.00086
frame 6922 time 3461.0 unbinding_event at gene tetA enzyme RNAP with twist 2.99199 superhelical -0.08769 global twist 2.99199 global supercoiling 0.00085
frame 6951 time 3475.5 binding_event at DNA_gyrase 25 enzyme gyrase with twist 2.99199 superhelical 0.00085 global twist 2.99199 global supercoiling 0.00085
frame 6953 time 3476.5 binding_event at DNA_gyrase 1 enzyme gyrase with twist 0.28079 superhelical 0.00008 global twist -2.39359 global supercoiling -0.00069
frame 6953 time 3476.5 unbinding_event at DNA_gyrase 25 enzyme gyrase with twist -6.57752 superhelical -0.00155 global twist -2.39359 global supercoiling -0.00069
frame 6958 time 3479.0 unbinding_event at DNA_gyrase 1 enzyme gyrase with twist -21.24315 superhelical -0.00452 global twist -18.55036 global supercoiling -0.00536
frame 7020 time 3510.0 binding_event at DNA_gyrase 43 enzyme gyrase with twist -21.24315 superhelical -0.00602 global twist -21.24315 global supercoiling -0.00602
frame 7023 time 3511.5 unbinding_event at DNA_gyrase 43 enzyme gyrase with twist -32.01433 superhelical -0.01070 global twist -29.32153 global supercoiling -0.00848
frame 7099 time 3549.5 binding_event at DNA_gyrase 42 enzyme gyrase with twist -32.01433 superhelical -0.00907 global twist -32.01433 global supercoiling -0.00907
frame 7101 time 3550.5 unbinding_event at DNA_gyrase 42 enzyme gyrase with twist -40.09271 superhelical -0.01289 global twist -37.39991 global supercoiling -0.01081
frame 7138 time 3569.0 binding_event at DNA_gyrase 42 enzyme gyrase with twist -40.09271 superhelical -0.01136 global twist -40.09271 global supercoiling -0.01136
frame 7148 time 3574.0 unbinding_event at DNA_gyrase 42 enzyme gyrase with twist -69.71344 superhelical -0.02493 global twist -67.02064 global supercoiling -0.01938
frame 7165 time 3582.5 binding_event at gene tetA enzyme RNAP with twist -69.71344 superhelical -0.01975 global twist -69.71344 global supercoiling -0.01975
frame 7181 time 3590.5 binding_event at DNA_topoI 38 enzyme topoI with twist -91.51889 superhelical -0.04568 global twist -69.71344 global supercoiling -0.01985
frame 7181 time 3590.5 unbinding_event at DNA_topoI 38 enzyme topoI with twist -91.21969 superhelical -0.04502 global twist -69.71344 global supercoiling -0.01985
frame 7205 time 3602.5 unbinding_event at gene tetA enzyme RNAP with twist -65.82385 superhelical -0.07234 global twist -65.82385 global supercoiling -0.01875
frame 7230 time 3615.0 binding_event at gene tetA enzyme RNAP with twist -65.82385 superhelical -0.01864 global twist -65.82385 global supercoiling -0.01864
frame 7262 time 3631.0 binding_event at DNA_gyrase 16 enzyme gyrase with twist 81.24026 superhelical 0.06655 global twist -65.82385 global supercoiling -0.01875
frame 7262 time 3631.0 unbinding_event at DNA_gyrase 16 enzyme gyrase with twist 82.13786 superhelical 0.07765 global twist -65.82385 global supercoiling -0.01875
frame 7270 time 3635.0 unbinding_event at gene tetA enzyme RNAP with twist -68.51664 superhelical -0.07315 global twist -68.51664 global supercoiling -0.01951
frame 7282 time 3641.0 binding_event at gene CDS enzyme RNAP with twist -68.51664 superhelical -0.01941 global twist -68.51664 global supercoiling -0.01941
frame 7289 time 3644.5 unbinding_event at gene CDS enzyme RNAP with twist -68.51664 superhelical -0.02829 global twist -68.51664 global supercoiling -0.01951
frame 7355 time 3677.5 binding_event at DNA_gyrase 27 enzyme gyrase with twist -68.51664 superhelical -0.01941 global twist -68.51664 global supercoiling -0.01941
frame 7355 time 3677.5 unbinding_event at DNA_gyrase 27 enzyme gyrase with twist -71.20943 superhelical -0.05999 global twist -68.51664 global supercoiling -0.01941
frame 7363 time 3681.5 binding_event at gene mKalama1 enzyme RNAP with twist -71.20943 superhelical -0.02017 global twist -71.20943 global supercoiling -0.02017
frame 7390 time 3695.0 unbinding_event at gene mKalama1 enzyme RNAP with twist -71.20943 superhelical 0.60354 global twist -71.20943 global supercoiling -0.02028
frame 7424 time 3712.0 binding_event at DNA_topoI 11 enzyme topoI with twist -71.20943 superhelical -0.02017 global twist -71.20943 global supercoiling -0.02017
frame 7426 time 3713.0 unbinding_event at DNA_topoI 11 enzyme topoI with twist -59.54066 superhelical -0.01823 global twist -63.43025 global supercoiling -0.01834
frame 7503 time 3751.5 binding_event at DNA_topoI 10 enzyme topoI with twist -59.54066 superhelical -0.01686 global twist -59.54066 global supercoiling -0.01686
frame 7511 time 3755.5 unbinding_event at DNA_topoI 10 enzyme topoI with twist -24.53434 superhelical -0.00993 global twist -28.42393 global supercoiling -0.00822
frame 7531 time 3765.5 binding_event at gene tetA enzyme RNAP with twist -24.53434 superhelical -0.00695 global twist -24.53434 global supercoiling -0.00695
frame 7538 time 3769.0 binding_event at DNA_gyrase 13 enzyme gyrase with twist 12.58962 superhelical 0.00754 global twist -24.53434 global supercoiling -0.00699
frame 7543 time 3771.5 unbinding_event at DNA_gyrase 13 enzyme gyrase with twist 17.97521 superhelical 0.02990 global twist -37.99831 global supercoiling -0.01105
frame 7571 time 3785.5 unbinding_event at gene tetA enzyme RNAP with twist -40.69110 superhelical -0.06492 global twist -40.69110 global supercoiling -0.01159
frame 7576 time 3788.0 binding_event at DNA_gyrase 5 enzyme gyrase with twist -40.69110 superhelical -0.01153 global twist -40.69110 global supercoiling -0.01153
frame 7596 time 3798.0 unbinding_event at DNA_gyrase 5 enzyme gyrase with twist -97.23977 superhelical -0.02560 global twist -94.54698 global supercoiling -0.02734
frame 7626 time 3813.0 binding_event at DNA_topoI 24 enzyme topoI with twist -97.23977 superhelical -0.02754 global twist -97.23977 global supercoiling -0.02754
frame 7635 time 3817.5 unbinding_event at DNA_topoI 24 enzyme topoI with twist -58.34386 superhelical -0.02241 global twist -62.23345 global supercoiling -0.01799
frame 7637 time 3818.5 binding_event at DNA_gyrase 13 enzyme gyrase with twist -58.34386 superhelical -0.01653 global twist -58.34386 global supercoiling -0.01653
frame 7643 time 3821.5 unbinding_event at DNA_gyrase 13 enzyme gyrase with twist -77.19342 superhelical -0.02047 global twist -74.50063 global supercoiling -0.02154
frame 7735 time 3867.5 binding_event at gene tetA enzyme RNAP with twist -77.19342 superhelical -0.02186 global twist -77.19342 global supercoiling -0.02186
frame 7740 time 3870.0 binding_event at DNA_topoI 33 enzyme topoI with twist -55.68044 superhelical -0.03083 global twist -77.19342 global supercoiling -0.02198
frame 7750 time 3875.0 unbinding_event at DNA_topoI 33 enzyme topoI with twist -52.38925 superhelical 0.01396 global twist -38.29751 global supercoiling -0.01113
frame 7763 time 3881.5 binding_event at DNA_gyrase 25 enzyme gyrase with twist 61.06603 superhelical 0.04724 global twist -34.40792 global supercoiling -0.00980
frame 7763 time 3881.5 unbinding_event at DNA_gyrase 25 enzyme gyrase with twist 61.96362 superhelical 0.05086 global twist -34.40792 global supercoiling -0.00980
frame 7775 time 3887.5 unbinding_event at gene tetA enzyme RNAP with twist -37.10071 superhelical -0.05797 global twist -37.10071 global supercoiling -0.01057
frame 7781 time 3890.5 binding_event at DNA_gyrase 48 enzyme gyrase with twist -37.10071 superhelical -0.01051 global twist -37.10071 global supercoiling -0.01051
frame 7783 time 3891.5 unbinding_event at DNA_gyrase 48 enzyme gyrase with twist -45.17909 superhelical -0.01335 global twist -42.48630 global supercoiling -0.01228
frame 7799 time 3899.5 binding_event at gene tetA enzyme RNAP with twist -45.17909 superhelical -0.01280 global twist -45.17909 global supercoiling -0.01280
frame 7836 time 3918.0 binding_event at gene tetA enzyme RNAP with twist -154.92589 superhelical -0.06508 global twist -45.17909 global supercoiling -0.01287
frame 7839 time 3919.5 unbinding_event at gene tetA enzyme RNAP with twist 81.78446 superhelical -0.06561 global twist -45.17909 global supercoiling -0.01294
frame 7876 time 3938.0 unbinding_event at gene tetA enzyme RNAP with twist -45.17909 superhelical -0.10595 global twist -45.17909 global supercoiling -0.01287
frame 7881 time 3940.5 binding_event at DNA_gyrase 8 enzyme gyrase with twist -45.17909 superhelical -0.01280 global twist -45.17909 global supercoiling -0.01280
frame 7883 time 3941.5 unbinding_event at DNA_gyrase 8 enzyme gyrase with twist -53.25748 superhelical -0.01485 global twist -50.56468 global supercoiling -0.01462
frame 7957 time 3978.5 binding_event at gene tetA enzyme RNAP with twist -53.25748 superhelical -0.01508 global twist -53.25748 global supercoiling -0.01508
frame 7963 time 3981.5 binding_event at gene tetA enzyme RNAP with twist -47.57208 superhelical -0.02608 global twist -53.25748 global supercoiling -0.01517
frame 7971 time 3985.5 binding_event at gene mKalama1 enzyme RNAP with twist -73.96077 superhelical -0.03977 global twist -53.25748 global supercoiling -0.01525
frame 7997 time 3998.5 unbinding_event at gene tetA enzyme RNAP with twist 117.64387 superhelical -0.02636 global twist -53.25748 global supercoiling -0.01533
frame 7998 time 3999.0 unbinding_event at gene mKalama1 enzyme RNAP with twist -174.49174 superhelical 0.51456 global twist -53.25748 global supercoiling -0.01525
