TORCphysics log file 

General information: 
---------------------------------------------------------------------------------------
Circuit name: Pleu500_79
Size: 6000
Structure: circle
Number of sites: 110
Number of frames: 8000
Simulation time: 4000.0
Simulation timestep: 0.5
Seed: 6187102796272734638
 
Overall simulation information 
---------------------------------------------------------------------------------------
Initial twist: -211.83310
Final twist: -19.74715
Initial superhelical density: -0.06000
Final superhelical density: -0.00559
 
Overall rates 
---------------------------------------------------------------------------------------
site type            site name            #binding events      #unbinding events    binding rates        
 DNA_topoI            DNA_topoI_global                     52.0                 52.0                 0.013 
DNA_gyrase           DNA_gyrase_global                    69.0                 69.0               0.01725 
EXT                  EXT                                   0.0                  0.0                   0.0 
gene                 tetA                                 63.0                 63.0               0.01575 
gene                 CDS                                   2.0                  2.0                0.0005 
origin               ori                                   0.0                  0.0                   0.0 
lacOP                lac1                                  0.0                  0.0                   0.0 
gene                 mKalama1                              5.0                  5.0               0.00125 
lacOP                lac2                                  0.0                  0.0                   0.0 
gene                 Raspberry                             9.0                  9.0               0.00225 
 
Events
---------------------------------------------------------------------------------------
frame 54 time 27.0 binding_event at DNA_topoI 47 enzyme topoI with twist -211.83310 superhelical -0.06000 global twist -211.83310 global supercoiling -0.06000
frame 54 time 27.0 unbinding_event at DNA_topoI 47 enzyme topoI with twist -207.94351 superhelical -0.05992 global twist -211.83310 global supercoiling -0.06000
frame 73 time 36.5 binding_event at gene tetA enzyme RNAP with twist -207.94351 superhelical -0.05890 global twist -207.94351 global supercoiling -0.05890
frame 105 time 52.5 binding_event at DNA_topoI 45 enzyme topoI with twist -216.52546 superhelical -0.09452 global twist -207.94351 global supercoiling -0.05922
frame 105 time 52.5 unbinding_event at DNA_topoI 45 enzyme topoI with twist -216.22626 superhelical -0.09612 global twist -207.94351 global supercoiling -0.05922
frame 113 time 56.5 unbinding_event at gene tetA enzyme RNAP with twist -204.05392 superhelical -0.09989 global twist -204.05392 global supercoiling -0.05811
frame 129 time 64.5 binding_event at gene tetA enzyme RNAP with twist -204.05392 superhelical -0.05780 global twist -204.05392 global supercoiling -0.05780
frame 164 time 82.0 binding_event at DNA_topoI 36 enzyme topoI with twist -225.39558 superhelical -0.09614 global twist -204.05392 global supercoiling -0.05811
frame 169 time 84.5 unbinding_event at gene tetA enzyme RNAP with twist -124.96825 superhelical -0.09870 global twist -184.60597 global supercoiling -0.05367
frame 169 time 84.5 unbinding_event at DNA_topoI 36 enzyme topoI with twist -180.71638 superhelical -0.08201 global twist -184.60597 global supercoiling -0.05367
frame 174 time 87.0 binding_event at gene tetA enzyme RNAP with twist -180.71638 superhelical -0.05119 global twist -180.71638 global supercoiling -0.05119
frame 192 time 96.0 binding_event at DNA_topoI 3 enzyme topoI with twist -152.95264 superhelical -0.07500 global twist -180.71638 global supercoiling -0.05147
frame 197 time 98.5 unbinding_event at DNA_topoI 3 enzyme topoI with twist -151.15744 superhelical -0.07160 global twist -161.26842 global supercoiling -0.04689
frame 214 time 107.0 unbinding_event at gene tetA enzyme RNAP with twist -157.37883 superhelical -0.08653 global twist -157.37883 global supercoiling -0.04482
frame 270 time 135.0 binding_event at DNA_topoI 41 enzyme topoI with twist -157.37883 superhelical -0.04458 global twist -157.37883 global supercoiling -0.04458
frame 272 time 136.0 unbinding_event at DNA_topoI 41 enzyme topoI with twist -145.71006 superhelical -0.03989 global twist -149.59965 global supercoiling -0.04325
frame 358 time 179.0 binding_event at gene tetA enzyme RNAP with twist -145.71006 superhelical -0.04127 global twist -145.71006 global supercoiling -0.04127
frame 366 time 183.0 binding_event at DNA_topoI 44 enzyme topoI with twist -99.93930 superhelical -0.05374 global twist -145.71006 global supercoiling -0.04150
frame 367 time 183.5 binding_event at DNA_topoI 39 enzyme topoI with twist -68.15988 superhelical -0.05434 global twist -141.82047 global supercoiling -0.04123
frame 367 time 183.5 unbinding_event at DNA_topoI 44 enzyme topoI with twist -45.79328 superhelical -0.04410 global twist -141.82047 global supercoiling -0.04123
frame 376 time 188.0 binding_event at DNA_topoI 28 enzyme topoI with twist -34.09966 superhelical -0.03809 global twist -102.92456 global supercoiling -0.02992
frame 379 time 189.5 unbinding_event at DNA_topoI 39 enzyme topoI with twist -79.72015 superhelical -0.01975 global twist -79.58701 global supercoiling -0.02363
frame 380 time 190.0 unbinding_event at DNA_topoI 28 enzyme topoI with twist -76.00335 superhelical 0.05092 global twist -71.80783 global supercoiling -0.02088
frame 395 time 197.5 binding_event at DNA_gyrase 16 enzyme gyrase with twist 58.35059 superhelical 0.05159 global twist -67.91824 global supercoiling -0.01934
frame 395 time 197.5 unbinding_event at DNA_gyrase 16 enzyme gyrase with twist 59.24819 superhelical 0.06285 global twist -67.91824 global supercoiling -0.01934
frame 398 time 199.0 unbinding_event at gene tetA enzyme RNAP with twist -70.61103 superhelical -0.05735 global twist -70.61103 global supercoiling -0.02011
frame 420 time 210.0 binding_event at DNA_topoI 16 enzyme topoI with twist -70.61103 superhelical -0.02000 global twist -70.61103 global supercoiling -0.02000
frame 427 time 213.5 unbinding_event at DNA_topoI 16 enzyme topoI with twist -39.49431 superhelical -0.01493 global twist -43.38390 global supercoiling -0.01254
frame 549 time 274.5 binding_event at DNA_gyrase 6 enzyme gyrase with twist -39.49431 superhelical -0.01119 global twist -39.49431 global supercoiling -0.01119
frame 557 time 278.5 unbinding_event at DNA_gyrase 6 enzyme gyrase with twist -63.72945 superhelical -0.01715 global twist -61.03666 global supercoiling -0.01765
frame 600 time 300.0 binding_event at DNA_topoI 23 enzyme topoI with twist -63.72945 superhelical -0.01805 global twist -63.72945 global supercoiling -0.01805
frame 606 time 303.0 unbinding_event at DNA_topoI 23 enzyme topoI with twist -36.50231 superhelical -0.01435 global twist -40.39191 global supercoiling -0.01168
frame 607 time 303.5 binding_event at DNA_gyrase 45 enzyme gyrase with twist -36.50231 superhelical -0.01034 global twist -36.50231 global supercoiling -0.01034
frame 610 time 305.0 unbinding_event at DNA_gyrase 45 enzyme gyrase with twist -47.27349 superhelical -0.01462 global twist -44.58070 global supercoiling -0.01289
frame 611 time 305.5 binding_event at gene tetA enzyme RNAP with twist -47.27349 superhelical -0.01339 global twist -47.27349 global supercoiling -0.01339
frame 638 time 319.0 binding_event at DNA_topoI 45 enzyme topoI with twist -120.04561 superhelical -0.05454 global twist -47.27349 global supercoiling -0.01346
frame 645 time 322.5 unbinding_event at DNA_topoI 45 enzyme topoI with twist -117.65202 superhelical -0.04465 global twist -20.04635 global supercoiling -0.00583
frame 651 time 325.5 unbinding_event at gene tetA enzyme RNAP with twist -16.15676 superhelical -0.05676 global twist -16.15676 global supercoiling -0.00460
frame 654 time 327.0 binding_event at gene tetA enzyme RNAP with twist -16.15676 superhelical -0.00458 global twist -16.15676 global supercoiling -0.00458
frame 662 time 331.0 binding_event at gene tetA enzyme RNAP with twist -36.61979 superhelical -0.01969 global twist -16.15676 global supercoiling -0.00460
frame 676 time 338.0 binding_event at gene tetA enzyme RNAP with twist -84.40903 superhelical -0.04290 global twist -16.15676 global supercoiling -0.00463
frame 684 time 342.0 binding_event at gene mKalama1 enzyme RNAP with twist -103.07360 superhelical -0.05542 global twist -16.15676 global supercoiling -0.00465
frame 694 time 347.0 unbinding_event at gene tetA enzyme RNAP with twist 136.46971 superhelical -0.01989 global twist -16.15676 global supercoiling -0.00468
frame 701 time 350.5 binding_event at gene tetA enzyme RNAP with twist -188.89020 superhelical -0.10473 global twist -16.15676 global supercoiling -0.00465
frame 702 time 351.0 unbinding_event at gene tetA enzyme RNAP with twist 155.13427 superhelical -0.04332 global twist -16.15676 global supercoiling -0.00468
frame 711 time 355.5 unbinding_event at gene mKalama1 enzyme RNAP with twist -158.12396 superhelical 0.44384 global twist -16.15676 global supercoiling -0.00465
frame 716 time 358.0 unbinding_event at gene tetA enzyme RNAP with twist 159.91915 superhelical -0.10585 global twist -16.15676 global supercoiling -0.00463
frame 721 time 360.5 binding_event at DNA_topoI 44 enzyme topoI with twist -190.43748 superhelical -0.09177 global twist -16.15676 global supercoiling -0.00460
frame 722 time 361.0 unbinding_event at DNA_topoI 44 enzyme topoI with twist -189.83908 superhelical -0.09195 global twist -12.26717 global supercoiling -0.00357
frame 730 time 365.0 binding_event at DNA_topoI 46 enzyme topoI with twist -214.97182 superhelical -0.09611 global twist -8.37758 global supercoiling -0.00239
frame 730 time 365.0 unbinding_event at DNA_topoI 46 enzyme topoI with twist -214.67262 superhelical -0.09790 global twist -8.37758 global supercoiling -0.00239
frame 737 time 368.5 binding_event at gene mKalama1 enzyme RNAP with twist -236.21497 superhelical -0.09999 global twist -4.48799 global supercoiling -0.00128
frame 741 time 370.5 unbinding_event at gene tetA enzyme RNAP with twist 42.82680 superhelical -0.11030 global twist -4.48799 global supercoiling -0.00129
frame 764 time 382.0 unbinding_event at gene mKalama1 enzyme RNAP with twist -4.48799 superhelical 0.24352 global twist -4.48799 global supercoiling -0.00128
frame 919 time 459.5 binding_event at gene tetA enzyme RNAP with twist -4.48799 superhelical -0.00127 global twist -4.48799 global supercoiling -0.00127
frame 959 time 479.5 unbinding_event at gene tetA enzyme RNAP with twist -4.48799 superhelical -0.06092 global twist -4.48799 global supercoiling -0.00128
frame 1017 time 508.5 binding_event at gene tetA enzyme RNAP with twist -4.48799 superhelical -0.00127 global twist -4.48799 global supercoiling -0.00127
frame 1046 time 523.0 binding_event at gene tetA enzyme RNAP with twist -106.31487 superhelical -0.04753 global twist -4.48799 global supercoiling -0.00128
frame 1047 time 523.5 binding_event at DNA_gyrase 31 enzyme gyrase with twist -85.86537 superhelical -0.04951 global twist -4.48799 global supercoiling -0.00129
frame 1047 time 523.5 unbinding_event at DNA_gyrase 31 enzyme gyrase with twist -92.14855 superhelical -0.05585 global twist -4.48799 global supercoiling -0.00129
frame 1057 time 528.5 unbinding_event at gene tetA enzyme RNAP with twist 120.87168 superhelical -0.04794 global twist -7.18078 global supercoiling -0.00206
frame 1061 time 530.5 binding_event at DNA_gyrase 25 enzyme gyrase with twist 131.64286 superhelical 0.08627 global twist -7.18078 global supercoiling -0.00204
frame 1063 time 531.5 unbinding_event at DNA_gyrase 25 enzyme gyrase with twist 134.33565 superhelical 0.09599 global twist -12.56637 global supercoiling -0.00365
frame 1064 time 532.0 binding_event at DNA_topoI 39 enzyme topoI with twist -149.59482 superhelical -0.07335 global twist -15.25916 global supercoiling -0.00435
frame 1066 time 533.0 unbinding_event at DNA_topoI 39 enzyme topoI with twist -148.69722 superhelical -0.06951 global twist -7.47998 global supercoiling -0.00217
frame 1067 time 533.5 binding_event at DNA_gyrase 18 enzyme gyrase with twist 145.10683 superhelical 0.10232 global twist -3.59039 global supercoiling -0.00102
frame 1073 time 536.5 unbinding_event at DNA_gyrase 18 enzyme gyrase with twist 151.39001 superhelical 0.14732 global twist -19.74715 global supercoiling -0.00574
frame 1086 time 543.0 unbinding_event at gene tetA enzyme RNAP with twist -22.43995 superhelical -0.08992 global twist -22.43995 global supercoiling -0.00639
frame 1128 time 564.0 binding_event at DNA_gyrase 33 enzyme gyrase with twist -22.43995 superhelical -0.00636 global twist -22.43995 global supercoiling -0.00636
frame 1143 time 571.5 unbinding_event at DNA_gyrase 33 enzyme gyrase with twist -65.52465 superhelical -0.05288 global twist -62.83185 global supercoiling -0.01817
frame 1151 time 575.5 binding_event at gene tetA enzyme RNAP with twist -65.52465 superhelical -0.01856 global twist -65.52465 global supercoiling -0.01856
frame 1165 time 582.5 binding_event at gene tetA enzyme RNAP with twist -82.29082 superhelical -0.04182 global twist -65.52465 global supercoiling -0.01866
frame 1191 time 595.5 unbinding_event at gene tetA enzyme RNAP with twist 103.90059 superhelical -0.04224 global twist -65.52465 global supercoiling -0.01876
frame 1205 time 602.5 unbinding_event at gene tetA enzyme RNAP with twist -65.52465 superhelical -0.08959 global twist -65.52465 global supercoiling -0.01866
frame 1206 time 603.0 binding_event at DNA_topoI 17 enzyme topoI with twist -65.52465 superhelical -0.01856 global twist -65.52465 global supercoiling -0.01856
frame 1218 time 609.0 unbinding_event at DNA_topoI 17 enzyme topoI with twist -14.95997 superhelical -0.01024 global twist -18.84956 global supercoiling -0.00545
frame 1239 time 619.5 binding_event at DNA_gyrase 5 enzyme gyrase with twist -14.95997 superhelical -0.00424 global twist -14.95997 global supercoiling -0.00424
frame 1241 time 620.5 unbinding_event at DNA_gyrase 5 enzyme gyrase with twist -23.03835 superhelical -0.00630 global twist -20.34555 global supercoiling -0.00588
frame 1425 time 712.5 binding_event at gene Raspberry enzyme RNAP with twist -23.03835 superhelical -0.00653 global twist -23.03835 global supercoiling -0.00653
frame 1435 time 717.5 binding_event at gene tetA enzyme RNAP with twist 17.86742 superhelical 0.00695 global twist -23.03835 global supercoiling -0.00656
frame 1452 time 726.0 unbinding_event at gene Raspberry enzyme RNAP with twist -100.24218 superhelical -0.08342 global twist -23.03835 global supercoiling -0.00660
frame 1464 time 732.0 binding_event at DNA_gyrase 18 enzyme gyrase with twist 116.69814 superhelical 0.09156 global twist -23.03835 global supercoiling -0.00656
frame 1468 time 734.0 unbinding_event at DNA_gyrase 18 enzyme gyrase with twist 121.18613 superhelical 0.12856 global twist -33.80952 global supercoiling -0.00983
frame 1475 time 737.5 unbinding_event at gene tetA enzyme RNAP with twist -36.50231 superhelical -0.07455 global twist -36.50231 global supercoiling -0.01040
frame 1480 time 740.0 binding_event at gene tetA enzyme RNAP with twist -36.50231 superhelical -0.01034 global twist -36.50231 global supercoiling -0.01034
frame 1520 time 760.0 unbinding_event at gene tetA enzyme RNAP with twist -36.50231 superhelical -0.06730 global twist -36.50231 global supercoiling -0.01040
frame 1521 time 760.5 binding_event at DNA_topoI 32 enzyme topoI with twist -36.50231 superhelical -0.01034 global twist -36.50231 global supercoiling -0.01034
frame 1522 time 761.0 unbinding_event at DNA_topoI 32 enzyme topoI with twist -28.72313 superhelical -0.00065 global twist -32.61272 global supercoiling -0.00943
frame 1539 time 769.5 binding_event at gene tetA enzyme RNAP with twist -28.72313 superhelical -0.00814 global twist -28.72313 global supercoiling -0.00814
frame 1554 time 777.0 binding_event at gene Raspberry enzyme RNAP with twist -67.89438 superhelical -0.03420 global twist -28.72313 global supercoiling -0.00818
frame 1575 time 787.5 binding_event at gene Raspberry enzyme RNAP with twist -101.72124 superhelical -0.08928 global twist -28.72313 global supercoiling -0.00822
frame 1579 time 789.5 unbinding_event at gene tetA enzyme RNAP with twist 90.95007 superhelical -0.03453 global twist -28.72313 global supercoiling -0.00827
frame 1581 time 790.5 unbinding_event at gene Raspberry enzyme RNAP with twist 65.63656 superhelical -0.09081 global twist -28.72313 global supercoiling -0.00822
frame 1585 time 792.5 binding_event at gene tetA enzyme RNAP with twist 76.40774 superhelical 0.02974 global twist -28.72313 global supercoiling -0.00818
frame 1591 time 795.5 binding_event at DNA_topoI 29 enzyme topoI with twist -126.67322 superhelical -0.12069 global twist -28.72313 global supercoiling -0.00822
frame 1592 time 796.0 binding_event at DNA_topoI 36 enzyme topoI with twist -105.37189 superhelical -0.12872 global twist -24.83354 global supercoiling -0.00726
frame 1600 time 800.0 unbinding_event at DNA_topoI 36 enzyme topoI with twist -85.17594 superhelical -0.05985 global twist 37.39991 global supercoiling 0.01117
frame 1602 time 801.0 unbinding_event at DNA_topoI 29 enzyme topoI with twist -88.07651 superhelical 0.00221 global twist 49.06869 global supercoiling 0.01435
frame 1602 time 801.0 unbinding_event at gene Raspberry enzyme RNAP with twist -65.45179 superhelical 0.00221 global twist 49.06869 global supercoiling 0.01435
frame 1625 time 812.5 unbinding_event at gene tetA enzyme RNAP with twist 52.95828 superhelical -0.06037 global twist 52.95828 global supercoiling 0.01508
frame 1688 time 844.0 binding_event at gene tetA enzyme RNAP with twist 52.95828 superhelical 0.01500 global twist 52.95828 global supercoiling 0.01500
frame 1692 time 846.0 binding_event at gene tetA enzyme RNAP with twist 11.52193 superhelical 0.00644 global twist 52.95828 global supercoiling 0.01508
frame 1709 time 854.5 binding_event at DNA_gyrase 19 enzyme gyrase with twist 102.47301 superhelical 0.07226 global twist 52.95828 global supercoiling 0.01516
frame 1716 time 858.0 unbinding_event at DNA_gyrase 19 enzyme gyrase with twist 109.65379 superhelical 0.11251 global twist 34.10872 global supercoiling 0.00997
frame 1728 time 864.0 unbinding_event at gene tetA enzyme RNAP with twist 153.08150 superhelical 0.00651 global twist 31.41593 global supercoiling 0.00900
frame 1732 time 866.0 unbinding_event at gene tetA enzyme RNAP with twist 31.41593 superhelical -0.05547 global twist 31.41593 global supercoiling 0.00895
frame 1738 time 869.0 binding_event at gene tetA enzyme RNAP with twist 31.41593 superhelical 0.00890 global twist 31.41593 global supercoiling 0.00890
frame 1778 time 889.0 unbinding_event at gene tetA enzyme RNAP with twist 31.41593 superhelical -0.05377 global twist 31.41593 global supercoiling 0.00895
frame 1868 time 934.0 binding_event at DNA_gyrase 7 enzyme gyrase with twist 31.41593 superhelical 0.00890 global twist 31.41593 global supercoiling 0.00890
frame 1868 time 934.0 unbinding_event at DNA_gyrase 7 enzyme gyrase with twist 28.72313 superhelical 0.00847 global twist 31.41593 global supercoiling 0.00890
frame 1889 time 944.5 binding_event at gene tetA enzyme RNAP with twist 28.72313 superhelical 0.00814 global twist 28.72313 global supercoiling 0.00814
frame 1916 time 958.0 binding_event at DNA_gyrase 33 enzyme gyrase with twist -82.90207 superhelical -0.03767 global twist 28.72313 global supercoiling 0.00818
frame 1929 time 964.5 unbinding_event at gene tetA enzyme RNAP with twist 27.95452 superhelical -0.06990 global twist -6.28319 global supercoiling -0.00183
frame 1932 time 966.0 unbinding_event at DNA_gyrase 33 enzyme gyrase with twist -17.05436 superhelical -0.08823 global twist -14.36157 global supercoiling -0.00415
frame 1936 time 968.0 binding_event at DNA_gyrase 6 enzyme gyrase with twist -17.05436 superhelical -0.00483 global twist -17.05436 global supercoiling -0.00483
frame 1944 time 972.0 unbinding_event at DNA_gyrase 6 enzyme gyrase with twist -41.28950 superhelical -0.01066 global twist -38.59671 global supercoiling -0.01116
frame 1984 time 992.0 binding_event at DNA_gyrase 27 enzyme gyrase with twist -41.28950 superhelical -0.01169 global twist -41.28950 global supercoiling -0.01169
frame 1988 time 994.0 unbinding_event at DNA_gyrase 27 enzyme gyrase with twist -54.75347 superhelical -0.21283 global twist -52.06068 global supercoiling -0.01505
frame 2127 time 1063.5 binding_event at gene mKalama1 enzyme RNAP with twist -54.75347 superhelical -0.01551 global twist -54.75347 global supercoiling -0.01551
frame 2154 time 1077.0 unbinding_event at gene mKalama1 enzyme RNAP with twist -54.75347 superhelical 0.62450 global twist -54.75347 global supercoiling -0.01559
frame 2155 time 1077.5 binding_event at gene tetA enzyme RNAP with twist -54.75347 superhelical -0.01551 global twist -54.75347 global supercoiling -0.01551
frame 2172 time 1086.0 binding_event at DNA_gyrase 20 enzyme gyrase with twist 33.04408 superhelical 0.02218 global twist -54.75347 global supercoiling -0.01559
frame 2175 time 1087.5 unbinding_event at DNA_gyrase 20 enzyme gyrase with twist 36.63448 superhelical 0.03386 global twist -62.83185 global supercoiling -0.01827
frame 2195 time 1097.5 binding_event at DNA_topoI 36 enzyme topoI with twist -170.37656 superhelical -0.06999 global twist -65.52465 global supercoiling -0.01866
frame 2195 time 1097.5 unbinding_event at gene tetA enzyme RNAP with twist -14.55559 superhelical -0.07232 global twist -65.52465 global supercoiling -0.01866
frame 2205 time 1102.5 unbinding_event at DNA_topoI 36 enzyme topoI with twist -22.73915 superhelical -0.04065 global twist -26.62874 global supercoiling -0.00770
frame 2209 time 1104.5 binding_event at gene tetA enzyme RNAP with twist -22.73915 superhelical -0.00644 global twist -22.73915 global supercoiling -0.00644
frame 2210 time 1105.0 binding_event at DNA_gyrase 15 enzyme gyrase with twist -8.03494 superhelical -0.00452 global twist -22.73915 global supercoiling -0.00648
frame 2217 time 1108.5 unbinding_event at DNA_gyrase 15 enzyme gyrase with twist -0.85416 superhelical 0.01525 global twist -41.58870 global supercoiling -0.01209
frame 2234 time 1117.0 binding_event at gene tetA enzyme RNAP with twist -100.87361 superhelical -0.04659 global twist -44.28150 global supercoiling -0.01261
frame 2249 time 1124.5 unbinding_event at gene tetA enzyme RNAP with twist 93.84115 superhelical -0.04701 global twist -44.28150 global supercoiling -0.01268
frame 2274 time 1137.0 unbinding_event at gene tetA enzyme RNAP with twist -44.28150 superhelical -0.09293 global twist -44.28150 global supercoiling -0.01261
frame 2339 time 1169.5 binding_event at DNA_gyrase 18 enzyme gyrase with twist -44.28150 superhelical -0.01254 global twist -44.28150 global supercoiling -0.01254
frame 2345 time 1172.5 unbinding_event at DNA_gyrase 18 enzyme gyrase with twist -63.13105 superhelical -0.01597 global twist -60.43826 global supercoiling -0.01747
frame 2385 time 1192.5 binding_event at DNA_gyrase 16 enzyme gyrase with twist -63.13105 superhelical -0.01788 global twist -63.13105 global supercoiling -0.01788
frame 2386 time 1193.0 unbinding_event at DNA_gyrase 16 enzyme gyrase with twist -68.51664 superhelical -0.01920 global twist -65.82385 global supercoiling -0.01903
frame 2406 time 1203.0 binding_event at DNA_topoI 0 enzyme topoI with twist -68.51664 superhelical -0.01941 global twist -68.51664 global supercoiling -0.01941
frame 2409 time 1204.5 unbinding_event at DNA_topoI 0 enzyme topoI with twist -52.95828 superhelical -0.01519 global twist -56.84787 global supercoiling -0.01644
frame 2484 time 1242.0 binding_event at DNA_gyrase 24 enzyme gyrase with twist -52.95828 superhelical -0.01500 global twist -52.95828 global supercoiling -0.01500
frame 2487 time 1243.5 binding_event at DNA_topoI 22 enzyme topoI with twist -56.22783 superhelical -0.01650 global twist -61.03666 global supercoiling -0.01765
frame 2491 time 1245.5 unbinding_event at DNA_topoI 22 enzyme topoI with twist -43.51186 superhelical -0.01387 global twist -56.24947 global supercoiling -0.01661
frame 2492 time 1246.0 unbinding_event at DNA_gyrase 24 enzyme gyrase with twist -57.74546 superhelical -0.01316 global twist -55.05267 global supercoiling -0.01592
frame 2541 time 1270.5 binding_event at gene tetA enzyme RNAP with twist -57.74546 superhelical -0.01636 global twist -57.74546 global supercoiling -0.01636
frame 2551 time 1275.5 binding_event at DNA_gyrase 17 enzyme gyrase with twist 6.38169 superhelical 0.00395 global twist -57.74546 global supercoiling -0.01645
frame 2554 time 1277.0 unbinding_event at DNA_gyrase 17 enzyme gyrase with twist 9.97209 superhelical 0.01422 global twist -65.82385 global supercoiling -0.01914
frame 2573 time 1286.5 binding_event at gene tetA enzyme RNAP with twist -143.11577 superhelical -0.06248 global twist -68.51664 global supercoiling -0.01951
frame 2581 time 1290.5 unbinding_event at gene tetA enzyme RNAP with twist 71.92545 superhelical -0.06300 global twist -68.51664 global supercoiling -0.01962
frame 2593 time 1296.5 binding_event at DNA_gyrase 7 enzyme gyrase with twist 111.41976 superhelical 0.07758 global twist -68.51664 global supercoiling -0.01951
frame 2594 time 1297.0 binding_event at DNA_gyrase 17 enzyme gyrase with twist 102.44991 superhelical 0.08061 global twist -71.20943 global supercoiling -0.02070
frame 2596 time 1298.0 unbinding_event at DNA_gyrase 17 enzyme gyrase with twist 90.33233 superhelical 0.07293 global twist -81.98061 global supercoiling -0.02434
frame 2607 time 1303.5 unbinding_event at DNA_gyrase 7 enzyme gyrase with twist -169.04148 superhelical -0.09866 global twist -114.29413 global supercoiling -0.03323
frame 2613 time 1306.5 unbinding_event at gene tetA enzyme RNAP with twist -116.98693 superhelical -0.07772 global twist -116.98693 global supercoiling -0.03332
frame 2618 time 1309.0 binding_event at DNA_gyrase 44 enzyme gyrase with twist -116.98693 superhelical -0.03314 global twist -116.98693 global supercoiling -0.03314
frame 2624 time 1312.0 unbinding_event at DNA_gyrase 44 enzyme gyrase with twist -135.83648 superhelical -0.04134 global twist -133.14369 global supercoiling -0.03849
frame 2637 time 1318.5 binding_event at DNA_gyrase 17 enzyme gyrase with twist -135.83648 superhelical -0.03847 global twist -135.83648 global supercoiling -0.03847
frame 2647 time 1323.5 binding_event at DNA_topoI 19 enzyme topoI with twist -35.17900 superhelical -0.06362 global twist -162.76442 global supercoiling -0.04706
frame 2648 time 1324.0 binding_event at DNA_topoI 25 enzyme topoI with twist -27.98361 superhelical -0.06837 global twist -161.56762 global supercoiling -0.04770
frame 2650 time 1325.0 unbinding_event at DNA_topoI 19 enzyme topoI with twist -17.58786 superhelical -0.03979 global twist -151.39485 global supercoiling -0.04567
frame 2650 time 1325.0 unbinding_event at DNA_topoI 25 enzyme topoI with twist -13.33746 superhelical -0.03979 global twist -151.39485 global supercoiling -0.04567
frame 2656 time 1328.0 unbinding_event at DNA_gyrase 17 enzyme gyrase with twist -162.46522 superhelical -0.04854 global twist -159.77243 global supercoiling -0.04619
frame 2701 time 1350.5 binding_event at DNA_gyrase 48 enzyme gyrase with twist -162.46522 superhelical -0.04602 global twist -162.46522 global supercoiling -0.04602
frame 2701 time 1350.5 unbinding_event at DNA_gyrase 48 enzyme gyrase with twist -165.15801 superhelical -0.04785 global twist -162.46522 global supercoiling -0.04602
frame 2725 time 1362.5 binding_event at DNA_topoI 15 enzyme topoI with twist -165.15801 superhelical -0.04678 global twist -165.15801 global supercoiling -0.04678
frame 2725 time 1362.5 unbinding_event at DNA_topoI 15 enzyme topoI with twist -161.26842 superhelical -0.04705 global twist -165.15801 global supercoiling -0.04678
frame 2773 time 1386.5 binding_event at gene tetA enzyme RNAP with twist -161.26842 superhelical -0.04568 global twist -161.26842 global supercoiling -0.04568
frame 2786 time 1393.0 binding_event at DNA_topoI 16 enzyme topoI with twist -35.77298 superhelical -0.02290 global twist -161.26842 global supercoiling -0.04593
frame 2791 time 1395.5 unbinding_event at DNA_topoI 16 enzyme topoI with twist 9.10692 superhelical 0.01642 global twist -141.82047 global supercoiling -0.04123
frame 2808 time 1404.0 binding_event at DNA_topoI 4 enzyme topoI with twist -204.48406 superhelical -0.08722 global twist -137.93088 global supercoiling -0.03928
frame 2812 time 1406.0 unbinding_event at DNA_topoI 4 enzyme topoI with twist -202.98806 superhelical -0.08504 global twist -122.37251 global supercoiling -0.03558
frame 2813 time 1406.5 unbinding_event at gene tetA enzyme RNAP with twist -118.48292 superhelical -0.08424 global twist -118.48292 global supercoiling -0.03374
frame 2830 time 1415.0 binding_event at gene tetA enzyme RNAP with twist -118.48292 superhelical -0.03356 global twist -118.48292 global supercoiling -0.03356
frame 2843 time 1421.5 binding_event at DNA_topoI 41 enzyme topoI with twist -104.58392 superhelical -0.05364 global twist -118.48292 global supercoiling -0.03374
frame 2849 time 1424.5 unbinding_event at DNA_topoI 41 enzyme topoI with twist -102.48953 superhelical -0.04259 global twist -95.14538 global supercoiling -0.02766
frame 2870 time 1435.0 unbinding_event at gene tetA enzyme RNAP with twist -91.25579 superhelical -0.07254 global twist -91.25579 global supercoiling -0.02599
frame 2971 time 1485.5 binding_event at DNA_gyrase 16 enzyme gyrase with twist -91.25579 superhelical -0.02585 global twist -91.25579 global supercoiling -0.02585
frame 2975 time 1487.5 unbinding_event at DNA_gyrase 16 enzyme gyrase with twist -104.71976 superhelical -0.02876 global twist -102.02696 global supercoiling -0.02950
frame 2979 time 1489.5 binding_event at gene tetA enzyme RNAP with twist -104.71976 superhelical -0.02966 global twist -104.71976 global supercoiling -0.02966
frame 3008 time 1504.0 binding_event at DNA_gyrase 12 enzyme gyrase with twist 50.58365 superhelical 0.03969 global twist -104.71976 global supercoiling -0.02982
frame 3008 time 1504.0 unbinding_event at DNA_gyrase 12 enzyme gyrase with twist 51.48125 superhelical 0.05305 global twist -104.71976 global supercoiling -0.02982
frame 3019 time 1509.5 unbinding_event at gene tetA enzyme RNAP with twist -107.41255 superhelical -0.08090 global twist -107.41255 global supercoiling -0.03059
frame 3026 time 1513.0 binding_event at gene Raspberry enzyme RNAP with twist -107.41255 superhelical -0.03042 global twist -107.41255 global supercoiling -0.03042
frame 3053 time 1526.5 unbinding_event at gene Raspberry enzyme RNAP with twist -107.41255 superhelical -0.09791 global twist -107.41255 global supercoiling -0.03059
frame 3089 time 1544.5 binding_event at gene tetA enzyme RNAP with twist -107.41255 superhelical -0.03042 global twist -107.41255 global supercoiling -0.03042
frame 3111 time 1555.5 binding_event at gene tetA enzyme RNAP with twist -131.48677 superhelical -0.06228 global twist -107.41255 global supercoiling -0.03059
frame 3129 time 1564.5 unbinding_event at gene tetA enzyme RNAP with twist 68.67219 superhelical -0.06285 global twist -107.41255 global supercoiling -0.03076
frame 3135 time 1567.5 binding_event at gene tetA enzyme RNAP with twist -194.03669 superhelical -0.09037 global twist -107.41255 global supercoiling -0.03059
frame 3150 time 1575.0 binding_event at gene tetA enzyme RNAP with twist -210.35116 superhelical -0.10594 global twist -107.41255 global supercoiling -0.03076
frame 3151 time 1575.5 unbinding_event at gene tetA enzyme RNAP with twist 110.11939 superhelical -0.09119 global twist -107.41255 global supercoiling -0.03093
frame 3160 time 1580.0 binding_event at DNA_gyrase 16 enzyme gyrase with twist 138.84253 superhelical 0.10312 global twist -107.41255 global supercoiling -0.03076
frame 3160 time 1580.0 unbinding_event at DNA_gyrase 16 enzyme gyrase with twist 139.74013 superhelical 0.11558 global twist -107.41255 global supercoiling -0.03076
frame 3166 time 1583.0 binding_event at DNA_topoI 27 enzyme topoI with twist -241.03943 superhelical -0.12031 global twist -110.10534 global supercoiling -0.03153
frame 3172 time 1586.0 unbinding_event at DNA_topoI 27 enzyme topoI with twist -238.94503 superhelical 0.28146 global twist -86.76780 global supercoiling -0.02537
frame 3175 time 1587.5 unbinding_event at gene tetA enzyme RNAP with twist 166.83800 superhelical -0.10698 global twist -82.87821 global supercoiling -0.02373
frame 3176 time 1588.0 binding_event at DNA_topoI 28 enzyme topoI with twist -249.71621 superhelical -0.11439 global twist -82.87821 global supercoiling -0.02360
frame 3185 time 1592.5 unbinding_event at DNA_topoI 28 enzyme topoI with twist -246.72421 superhelical 0.06637 global twist -47.87189 global supercoiling -0.01392
frame 3190 time 1595.0 unbinding_event at gene tetA enzyme RNAP with twist -43.98230 superhelical -0.10793 global twist -43.98230 global supercoiling -0.01253
frame 3206 time 1603.0 binding_event at gene tetA enzyme RNAP with twist -43.98230 superhelical -0.01246 global twist -43.98230 global supercoiling -0.01246
frame 3246 time 1623.0 unbinding_event at gene tetA enzyme RNAP with twist -43.98230 superhelical -0.06880 global twist -43.98230 global supercoiling -0.01253
frame 3282 time 1641.0 binding_event at DNA_gyrase 22 enzyme gyrase with twist -43.98230 superhelical -0.01246 global twist -43.98230 global supercoiling -0.01246
frame 3284 time 1642.0 unbinding_event at DNA_gyrase 22 enzyme gyrase with twist -52.06068 superhelical -0.01395 global twist -49.36788 global supercoiling -0.01427
frame 3313 time 1656.5 binding_event at gene tetA enzyme RNAP with twist -52.06068 superhelical -0.01475 global twist -52.06068 global supercoiling -0.01475
frame 3353 time 1676.5 unbinding_event at gene tetA enzyme RNAP with twist -52.06068 superhelical -0.07041 global twist -52.06068 global supercoiling -0.01483
frame 3396 time 1698.0 binding_event at gene tetA enzyme RNAP with twist -52.06068 superhelical -0.01475 global twist -52.06068 global supercoiling -0.01475
frame 3436 time 1718.0 unbinding_event at gene tetA enzyme RNAP with twist -52.06068 superhelical -0.07041 global twist -52.06068 global supercoiling -0.01483
frame 3449 time 1724.5 binding_event at gene tetA enzyme RNAP with twist -52.06068 superhelical -0.01475 global twist -52.06068 global supercoiling -0.01475
frame 3489 time 1744.5 unbinding_event at gene tetA enzyme RNAP with twist -52.06068 superhelical -0.07041 global twist -52.06068 global supercoiling -0.01483
frame 3524 time 1762.0 binding_event at DNA_gyrase 18 enzyme gyrase with twist -52.06068 superhelical -0.01475 global twist -52.06068 global supercoiling -0.01475
frame 3525 time 1762.5 binding_event at gene mKalama1 enzyme RNAP with twist -46.16542 superhelical -0.01550 global twist -54.75347 global supercoiling -0.01583
frame 3525 time 1762.5 unbinding_event at DNA_gyrase 18 enzyme gyrase with twist -50.93330 superhelical -0.01760 global twist -54.75347 global supercoiling -0.01583
frame 3552 time 1776.0 unbinding_event at gene mKalama1 enzyme RNAP with twist -57.44627 superhelical 0.62445 global twist -57.44627 global supercoiling -0.01636
frame 3553 time 1776.5 binding_event at DNA_gyrase 19 enzyme gyrase with twist -57.44627 superhelical -0.01627 global twist -57.44627 global supercoiling -0.01627
frame 3554 time 1777.0 unbinding_event at DNA_gyrase 19 enzyme gyrase with twist -62.83185 superhelical -0.01749 global twist -60.13906 global supercoiling -0.01739
frame 3562 time 1781.0 binding_event at DNA_gyrase 7 enzyme gyrase with twist -62.83185 superhelical -0.01780 global twist -62.83185 global supercoiling -0.01780
frame 3571 time 1785.5 unbinding_event at DNA_gyrase 7 enzyme gyrase with twist -89.75979 superhelical -0.02432 global twist -87.06700 global supercoiling -0.02517
frame 3616 time 1808.0 binding_event at gene tetA enzyme RNAP with twist -89.75979 superhelical -0.02542 global twist -89.75979 global supercoiling -0.02542
frame 3656 time 1828.0 unbinding_event at gene tetA enzyme RNAP with twist -89.75979 superhelical -0.07792 global twist -89.75979 global supercoiling -0.02556
frame 3668 time 1834.0 binding_event at DNA_gyrase 41 enzyme gyrase with twist -89.75979 superhelical -0.02542 global twist -89.75979 global supercoiling -0.02542
frame 3668 time 1834.0 unbinding_event at DNA_gyrase 41 enzyme gyrase with twist -92.45258 superhelical -0.02725 global twist -89.75979 global supercoiling -0.02542
frame 3683 time 1841.5 binding_event at DNA_topoI 47 enzyme topoI with twist -92.45258 superhelical -0.02619 global twist -92.45258 global supercoiling -0.02619
frame 3686 time 1843.0 unbinding_event at DNA_topoI 47 enzyme topoI with twist -76.89422 superhelical -0.02144 global twist -80.78381 global supercoiling -0.02336
frame 3744 time 1872.0 binding_event at DNA_topoI 2 enzyme topoI with twist -76.89422 superhelical -0.02178 global twist -76.89422 global supercoiling -0.02178
frame 3746 time 1873.0 unbinding_event at DNA_topoI 2 enzyme topoI with twist -65.22545 superhelical -0.01904 global twist -69.11504 global supercoiling -0.01998
frame 3762 time 1881.0 binding_event at DNA_topoI 25 enzyme topoI with twist -65.22545 superhelical -0.01847 global twist -65.22545 global supercoiling -0.01847
frame 3766 time 1883.0 unbinding_event at DNA_topoI 25 enzyme topoI with twist -45.77749 superhelical -0.01583 global twist -49.66708 global supercoiling -0.01436
frame 3823 time 1911.5 binding_event at gene tetA enzyme RNAP with twist -45.77749 superhelical -0.01297 global twist -45.77749 global supercoiling -0.01297
frame 3863 time 1931.5 unbinding_event at gene tetA enzyme RNAP with twist -45.77749 superhelical -0.06915 global twist -45.77749 global supercoiling -0.01304
frame 3893 time 1946.5 binding_event at DNA_gyrase 22 enzyme gyrase with twist -45.77749 superhelical -0.01297 global twist -45.77749 global supercoiling -0.01297
frame 3896 time 1948.0 unbinding_event at DNA_gyrase 22 enzyme gyrase with twist -56.54867 superhelical -0.01488 global twist -53.85587 global supercoiling -0.01557
frame 3976 time 1988.0 binding_event at DNA_topoI 13 enzyme topoI with twist -56.54867 superhelical -0.01602 global twist -56.54867 global supercoiling -0.01602
frame 3979 time 1989.5 unbinding_event at DNA_topoI 13 enzyme topoI with twist -40.99030 superhelical -0.01338 global twist -44.87990 global supercoiling -0.01298
frame 4092 time 2046.0 binding_event at DNA_gyrase 37 enzyme gyrase with twist -40.99030 superhelical -0.01161 global twist -40.99030 global supercoiling -0.01161
frame 4102 time 2051.0 unbinding_event at DNA_gyrase 37 enzyme gyrase with twist -70.61103 superhelical -0.03156 global twist -67.91824 global supercoiling -0.01964
frame 4115 time 2057.5 binding_event at DNA_topoI 46 enzyme topoI with twist -70.61103 superhelical -0.02000 global twist -70.61103 global supercoiling -0.02000
frame 4121 time 2060.5 unbinding_event at DNA_topoI 46 enzyme topoI with twist -43.38390 superhelical -0.01068 global twist -47.27349 global supercoiling -0.01367
frame 4212 time 2106.0 binding_event at DNA_topoI 21 enzyme topoI with twist -43.38390 superhelical -0.01229 global twist -43.38390 global supercoiling -0.01229
frame 4217 time 2108.5 unbinding_event at DNA_topoI 21 enzyme topoI with twist -20.04635 superhelical -0.00889 global twist -23.93594 global supercoiling -0.00692
frame 4225 time 2112.5 binding_event at gene tetA enzyme RNAP with twist -20.04635 superhelical -0.00568 global twist -20.04635 global supercoiling -0.00568
frame 4237 time 2118.5 binding_event at DNA_gyrase 14 enzyme gyrase with twist 32.83605 superhelical 0.02079 global twist -20.04635 global supercoiling -0.00571
frame 4237 time 2118.5 unbinding_event at DNA_gyrase 14 enzyme gyrase with twist 33.73365 superhelical 0.02543 global twist -20.04635 global supercoiling -0.00571
frame 4265 time 2132.5 unbinding_event at gene tetA enzyme RNAP with twist -22.73915 superhelical -0.06402 global twist -22.73915 global supercoiling -0.00648
frame 4281 time 2140.5 binding_event at DNA_gyrase 9 enzyme gyrase with twist -22.73915 superhelical -0.00644 global twist -22.73915 global supercoiling -0.00644
frame 4284 time 2142.0 unbinding_event at DNA_gyrase 9 enzyme gyrase with twist -33.51032 superhelical -0.00888 global twist -30.81753 global supercoiling -0.00891
frame 4292 time 2146.0 binding_event at gene Raspberry enzyme RNAP with twist -33.51032 superhelical -0.00949 global twist -33.51032 global supercoiling -0.00949
frame 4315 time 2157.5 binding_event at DNA_topoI 34 enzyme topoI with twist -89.85442 superhelical -0.07646 global twist -33.51032 global supercoiling -0.00954
frame 4319 time 2159.5 binding_event at gene tetA enzyme RNAP with twist 70.70567 superhelical 0.03123 global twist -17.95196 global supercoiling -0.00522
frame 4319 time 2159.5 unbinding_event at DNA_topoI 34 enzyme topoI with twist -88.35843 superhelical -0.06329 global twist -17.95196 global supercoiling -0.00522
frame 4319 time 2159.5 unbinding_event at gene Raspberry enzyme RNAP with twist -74.18714 superhelical -0.06329 global twist -17.95196 global supercoiling -0.00522
frame 4359 time 2179.5 unbinding_event at gene tetA enzyme RNAP with twist -14.06237 superhelical -0.08882 global twist -14.06237 global supercoiling -0.00400
frame 4452 time 2226.0 binding_event at gene Raspberry enzyme RNAP with twist -14.06237 superhelical -0.00398 global twist -14.06237 global supercoiling -0.00398
frame 4473 time 2236.5 binding_event at gene tetA enzyme RNAP with twist 64.38893 superhelical 0.02714 global twist -14.06237 global supercoiling -0.00400
frame 4479 time 2239.5 unbinding_event at gene Raspberry enzyme RNAP with twist -88.32197 superhelical -0.08188 global twist -14.06237 global supercoiling -0.00403
frame 4513 time 2256.5 unbinding_event at gene tetA enzyme RNAP with twist -14.06237 superhelical -0.08580 global twist -14.06237 global supercoiling -0.00400
frame 4523 time 2261.5 binding_event at DNA_gyrase 15 enzyme gyrase with twist -14.06237 superhelical -0.00398 global twist -14.06237 global supercoiling -0.00398
frame 4529 time 2264.5 unbinding_event at DNA_gyrase 15 enzyme gyrase with twist -32.91192 superhelical -0.00748 global twist -30.21913 global supercoiling -0.00874
frame 4563 time 2281.5 binding_event at DNA_topoI 43 enzyme topoI with twist -32.91192 superhelical -0.00932 global twist -32.91192 global supercoiling -0.00932
frame 4566 time 2283.0 unbinding_event at DNA_topoI 43 enzyme topoI with twist -17.35356 superhelical -0.00294 global twist -21.24315 global supercoiling -0.00614
frame 4587 time 2293.5 binding_event at DNA_gyrase 6 enzyme gyrase with twist -17.35356 superhelical -0.00492 global twist -17.35356 global supercoiling -0.00492
frame 4590 time 2295.0 unbinding_event at DNA_gyrase 6 enzyme gyrase with twist -28.12473 superhelical -0.00756 global twist -25.43194 global supercoiling -0.00735
frame 4693 time 2346.5 binding_event at DNA_topoI 29 enzyme topoI with twist -28.12473 superhelical -0.00797 global twist -28.12473 global supercoiling -0.00797
frame 4696 time 2348.0 unbinding_event at DNA_topoI 29 enzyme topoI with twist -12.56637 superhelical 0.03579 global twist -16.45596 global supercoiling -0.00476
frame 4809 time 2404.5 binding_event at DNA_gyrase 17 enzyme gyrase with twist -12.56637 superhelical -0.00356 global twist -12.56637 global supercoiling -0.00356
frame 4809 time 2404.5 unbinding_event at DNA_gyrase 17 enzyme gyrase with twist -15.25916 superhelical -0.00410 global twist -12.56637 global supercoiling -0.00356
frame 4814 time 2407.0 binding_event at DNA_topoI 48 enzyme topoI with twist -15.25916 superhelical -0.00432 global twist -15.25916 global supercoiling -0.00432
frame 4816 time 2408.0 unbinding_event at DNA_topoI 48 enzyme topoI with twist -3.59039 superhelical -0.00063 global twist -7.47998 global supercoiling -0.00216
frame 4931 time 2465.5 binding_event at gene tetA enzyme RNAP with twist -3.59039 superhelical -0.00102 global twist -3.59039 global supercoiling -0.00102
frame 4971 time 2485.5 unbinding_event at gene tetA enzyme RNAP with twist -3.59039 superhelical -0.06074 global twist -3.59039 global supercoiling -0.00102
frame 5018 time 2509.0 binding_event at DNA_gyrase 46 enzyme gyrase with twist -3.59039 superhelical -0.00102 global twist -3.59039 global supercoiling -0.00102
frame 5023 time 2511.5 unbinding_event at DNA_gyrase 46 enzyme gyrase with twist -19.74715 superhelical -0.00682 global twist -17.05436 global supercoiling -0.00493
frame 5030 time 2515.0 binding_event at DNA_gyrase 25 enzyme gyrase with twist -19.74715 superhelical -0.00559 global twist -19.74715 global supercoiling -0.00559
frame 5035 time 2517.5 unbinding_event at DNA_gyrase 25 enzyme gyrase with twist -35.90392 superhelical -0.00796 global twist -33.21112 global supercoiling -0.00960
frame 5234 time 2617.0 binding_event at DNA_gyrase 23 enzyme gyrase with twist -35.90392 superhelical -0.01017 global twist -35.90392 global supercoiling -0.01017
frame 5234 time 2617.0 unbinding_event at DNA_gyrase 23 enzyme gyrase with twist -38.59671 superhelical -0.01078 global twist -35.90392 global supercoiling -0.01017
frame 5257 time 2628.5 binding_event at DNA_gyrase 32 enzyme gyrase with twist -38.59671 superhelical -0.01093 global twist -38.59671 global supercoiling -0.01093
frame 5263 time 2631.5 unbinding_event at DNA_gyrase 32 enzyme gyrase with twist -57.44627 superhelical -0.03517 global twist -54.75347 global supercoiling -0.01583
frame 5312 time 2656.0 binding_event at DNA_gyrase 49 enzyme gyrase with twist -57.44627 superhelical -0.01627 global twist -57.44627 global supercoiling -0.01627
frame 5314 time 2657.0 unbinding_event at DNA_gyrase 49 enzyme gyrase with twist -65.52465 superhelical -0.01911 global twist -62.83185 global supercoiling -0.01817
frame 5373 time 2686.5 binding_event at DNA_topoI 2 enzyme topoI with twist -65.52465 superhelical -0.01856 global twist -65.52465 global supercoiling -0.01856
frame 5373 time 2686.5 unbinding_event at DNA_topoI 2 enzyme topoI with twist -61.63506 superhelical -0.01788 global twist -65.52465 global supercoiling -0.01856
frame 5387 time 2693.5 binding_event at gene tetA enzyme RNAP with twist -61.63506 superhelical -0.01746 global twist -61.63506 global supercoiling -0.01746
frame 5405 time 2702.5 binding_event at DNA_topoI 41 enzyme topoI with twist -94.75134 superhelical -0.04646 global twist -61.63506 global supercoiling -0.01755
frame 5405 time 2702.5 unbinding_event at DNA_topoI 41 enzyme topoI with twist -94.45214 superhelical -0.04629 global twist -61.63506 global supercoiling -0.01755
frame 5418 time 2709.0 binding_event at DNA_topoI 7 enzyme topoI with twist -137.53684 superhelical -0.06052 global twist -57.74546 global supercoiling -0.01645
frame 5418 time 2709.0 unbinding_event at DNA_topoI 7 enzyme topoI with twist -137.23764 superhelical -0.06160 global twist -57.74546 global supercoiling -0.01645
frame 5427 time 2713.5 unbinding_event at gene tetA enzyme RNAP with twist -53.85587 superhelical -0.06914 global twist -53.85587 global supercoiling -0.01534
frame 5459 time 2729.5 binding_event at DNA_gyrase 21 enzyme gyrase with twist -53.85587 superhelical -0.01525 global twist -53.85587 global supercoiling -0.01525
frame 5462 time 2731.0 binding_event at gene tetA enzyme RNAP with twist -53.75804 superhelical -0.01684 global twist -61.93426 global supercoiling -0.01791
frame 5465 time 2732.5 unbinding_event at DNA_gyrase 21 enzyme gyrase with twist -29.27560 superhelical -0.01134 global twist -70.01264 global supercoiling -0.02035
frame 5501 time 2750.5 binding_event at DNA_topoI 1 enzyme topoI with twist -169.09353 superhelical -0.06998 global twist -72.70543 global supercoiling -0.02071
frame 5502 time 2751.0 unbinding_event at gene tetA enzyme RNAP with twist 57.89642 superhelical -0.07325 global twist -68.81584 global supercoiling -0.02001
frame 5504 time 2752.0 unbinding_event at DNA_topoI 1 enzyme topoI with twist -57.14707 superhelical -0.06769 global twist -61.03666 global supercoiling -0.01765
frame 5567 time 2783.5 binding_event at gene tetA enzyme RNAP with twist -57.14707 superhelical -0.01619 global twist -57.14707 global supercoiling -0.01619
frame 5595 time 2797.5 binding_event at DNA_topoI 37 enzyme topoI with twist -128.46174 superhelical -0.05790 global twist -57.14707 global supercoiling -0.01627
frame 5598 time 2799.0 unbinding_event at DNA_topoI 37 enzyme topoI with twist -127.26494 superhelical -0.04948 global twist -45.47829 global supercoiling -0.01322
frame 5607 time 2803.5 unbinding_event at gene tetA enzyme RNAP with twist -41.58870 superhelical -0.06507 global twist -41.58870 global supercoiling -0.01184
frame 5754 time 2877.0 binding_event at DNA_gyrase 36 enzyme gyrase with twist -41.58870 superhelical -0.01178 global twist -41.58870 global supercoiling -0.01178
frame 5755 time 2877.5 unbinding_event at DNA_gyrase 36 enzyme gyrase with twist -46.97429 superhelical -0.01599 global twist -44.28150 global supercoiling -0.01280
frame 5838 time 2919.0 binding_event at DNA_gyrase 33 enzyme gyrase with twist -46.97429 superhelical -0.01331 global twist -46.97429 global supercoiling -0.01331
frame 5843 time 2921.5 binding_event at gene tetA enzyme RNAP with twist -47.39969 superhelical -0.01583 global twist -60.43826 global supercoiling -0.01747
frame 5850 time 2925.0 unbinding_event at DNA_gyrase 33 enzyme gyrase with twist -82.10377 superhelical -0.05127 global twist -79.28781 global supercoiling -0.02305
frame 5883 time 2941.5 unbinding_event at gene tetA enzyme RNAP with twist -81.98061 superhelical -0.08180 global twist -81.98061 global supercoiling -0.02335
frame 5885 time 2942.5 binding_event at DNA_gyrase 9 enzyme gyrase with twist -81.98061 superhelical -0.02322 global twist -81.98061 global supercoiling -0.02322
frame 5887 time 2943.5 unbinding_event at DNA_gyrase 9 enzyme gyrase with twist -90.05899 superhelical -0.02543 global twist -87.36620 global supercoiling -0.02526
frame 5911 time 2955.5 binding_event at DNA_gyrase 17 enzyme gyrase with twist -90.05899 superhelical -0.02551 global twist -90.05899 global supercoiling -0.02551
frame 5914 time 2957.0 unbinding_event at DNA_gyrase 17 enzyme gyrase with twist -100.83016 superhelical -0.02789 global twist -98.13737 global supercoiling -0.02837
frame 5950 time 2975.0 binding_event at DNA_topoI 9 enzyme topoI with twist -100.83016 superhelical -0.02856 global twist -100.83016 global supercoiling -0.02856
frame 5954 time 2977.0 binding_event at gene tetA enzyme RNAP with twist -60.18523 superhelical -0.02582 global twist -85.27180 global supercoiling -0.02465
frame 5957 time 2978.5 unbinding_event at DNA_topoI 9 enzyme topoI with twist -10.68022 superhelical 0.01264 global twist -73.60303 global supercoiling -0.02140
frame 5974 time 2987.0 binding_event at DNA_gyrase 6 enzyme gyrase with twist 46.76604 superhelical 0.03256 global twist -69.71344 global supercoiling -0.01985
frame 5977 time 2988.5 unbinding_event at DNA_gyrase 6 enzyme gyrase with twist -91.54540 superhelical -0.06078 global twist -77.79182 global supercoiling -0.02262
frame 5993 time 2996.5 binding_event at DNA_gyrase 18 enzyme gyrase with twist 64.91666 superhelical 0.05928 global twist -80.48461 global supercoiling -0.02292
frame 5994 time 2997.0 unbinding_event at gene tetA enzyme RNAP with twist -113.69963 superhelical -0.06222 global twist -83.17741 global supercoiling -0.02418
frame 5994 time 2997.0 unbinding_event at DNA_gyrase 18 enzyme gyrase with twist -85.87020 superhelical -0.06222 global twist -83.17741 global supercoiling -0.02418
frame 6048 time 3024.0 binding_event at gene tetA enzyme RNAP with twist -85.87020 superhelical -0.02432 global twist -85.87020 global supercoiling -0.02432
frame 6082 time 3041.0 binding_event at DNA_gyrase 19 enzyme gyrase with twist 78.17239 superhelical 0.06598 global twist -85.87020 global supercoiling -0.02445
frame 6083 time 3041.5 unbinding_event at DNA_gyrase 19 enzyme gyrase with twist 79.96759 superhelical 0.08073 global twist -88.56299 global supercoiling -0.02575
frame 6088 time 3044.0 unbinding_event at gene tetA enzyme RNAP with twist -91.25579 superhelical -0.07714 global twist -91.25579 global supercoiling -0.02599
frame 6099 time 3049.5 binding_event at gene tetA enzyme RNAP with twist -91.25579 superhelical -0.02585 global twist -91.25579 global supercoiling -0.02585
frame 6108 time 3054.0 binding_event at DNA_topoI 14 enzyme topoI with twist -14.34076 superhelical -0.00878 global twist -91.25579 global supercoiling -0.02599
frame 6116 time 3058.0 unbinding_event at DNA_topoI 14 enzyme topoI with twist 52.97908 superhelical 0.06731 global twist -60.13906 global supercoiling -0.01748
frame 6134 time 3067.0 binding_event at DNA_topoI 41 enzyme topoI with twist -170.26521 superhelical -0.07262 global twist -56.24947 global supercoiling -0.01602
frame 6135 time 3067.5 unbinding_event at DNA_topoI 41 enzyme topoI with twist -169.66681 superhelical -0.07117 global twist -52.35988 global supercoiling -0.01522
frame 6139 time 3069.5 unbinding_event at gene tetA enzyme RNAP with twist -48.47029 superhelical -0.07505 global twist -48.47029 global supercoiling -0.01380
frame 6160 time 3080.0 binding_event at DNA_gyrase 23 enzyme gyrase with twist -48.47029 superhelical -0.01373 global twist -48.47029 global supercoiling -0.01373
frame 6165 time 3082.5 unbinding_event at DNA_gyrase 23 enzyme gyrase with twist -64.62705 superhelical -0.01643 global twist -61.93426 global supercoiling -0.01791
frame 6184 time 3092.0 binding_event at gene tetA enzyme RNAP with twist -64.62705 superhelical -0.01831 global twist -64.62705 global supercoiling -0.01831
frame 6185 time 3092.5 binding_event at DNA_topoI 31 enzyme topoI with twist -35.17703 superhelical -0.02028 global twist -64.62705 global supercoiling -0.01840
frame 6188 time 3094.0 unbinding_event at DNA_topoI 31 enzyme topoI with twist -33.98023 superhelical 0.00309 global twist -52.95828 global supercoiling -0.01540
frame 6212 time 3106.0 binding_event at DNA_gyrase 44 enzyme gyrase with twist -116.55924 superhelical -0.05253 global twist -49.06869 global supercoiling -0.01397
frame 6212 time 3106.0 unbinding_event at DNA_gyrase 44 enzyme gyrase with twist -122.84242 superhelical -0.05536 global twist -49.06869 global supercoiling -0.01397
frame 6224 time 3112.0 unbinding_event at gene tetA enzyme RNAP with twist -51.76148 superhelical -0.06766 global twist -51.76148 global supercoiling -0.01474
frame 6294 time 3147.0 binding_event at DNA_gyrase 10 enzyme gyrase with twist -51.76148 superhelical -0.01466 global twist -51.76148 global supercoiling -0.01466
frame 6294 time 3147.0 unbinding_event at DNA_gyrase 10 enzyme gyrase with twist -54.45427 superhelical -0.01553 global twist -51.76148 global supercoiling -0.01466
frame 6330 time 3165.0 binding_event at gene tetA enzyme RNAP with twist -54.45427 superhelical -0.01542 global twist -54.45427 global supercoiling -0.01542
frame 6370 time 3185.0 unbinding_event at gene tetA enzyme RNAP with twist -54.45427 superhelical -0.07088 global twist -54.45427 global supercoiling -0.01551
frame 6437 time 3218.5 binding_event at gene tetA enzyme RNAP with twist -54.45427 superhelical -0.01542 global twist -54.45427 global supercoiling -0.01542
frame 6477 time 3238.5 unbinding_event at gene tetA enzyme RNAP with twist -54.45427 superhelical -0.07088 global twist -54.45427 global supercoiling -0.01551
frame 6481 time 3240.5 binding_event at gene tetA enzyme RNAP with twist -54.45427 superhelical -0.01542 global twist -54.45427 global supercoiling -0.01542
frame 6488 time 3244.0 binding_event at gene tetA enzyme RNAP with twist -51.74741 superhelical -0.02810 global twist -54.45427 global supercoiling -0.01551
frame 6515 time 3257.5 binding_event at gene tetA enzyme RNAP with twist -145.66400 superhelical -0.06618 global twist -54.45427 global supercoiling -0.01559
frame 6521 time 3260.5 unbinding_event at gene tetA enzyme RNAP with twist 116.34247 superhelical -0.02839 global twist -54.45427 global supercoiling -0.01568
frame 6528 time 3264.0 unbinding_event at gene tetA enzyme RNAP with twist 110.39277 superhelical -0.06676 global twist -54.45427 global supercoiling -0.01559
frame 6555 time 3277.5 unbinding_event at gene tetA enzyme RNAP with twist -54.45427 superhelical -0.10675 global twist -54.45427 global supercoiling -0.01551
frame 6579 time 3289.5 binding_event at gene tetA enzyme RNAP with twist -54.45427 superhelical -0.01542 global twist -54.45427 global supercoiling -0.01542
frame 6619 time 3309.5 unbinding_event at gene tetA enzyme RNAP with twist -54.45427 superhelical -0.07088 global twist -54.45427 global supercoiling -0.01551
frame 6622 time 3311.0 binding_event at DNA_topoI 9 enzyme topoI with twist -54.45427 superhelical -0.01542 global twist -54.45427 global supercoiling -0.01542
frame 6627 time 3313.5 unbinding_event at DNA_topoI 9 enzyme topoI with twist -31.11673 superhelical -0.01074 global twist -35.00632 global supercoiling -0.01012
frame 6633 time 3316.5 binding_event at DNA_gyrase 8 enzyme gyrase with twist -31.11673 superhelical -0.00881 global twist -31.11673 global supercoiling -0.00881
frame 6639 time 3319.5 unbinding_event at DNA_gyrase 8 enzyme gyrase with twist -49.96628 superhelical -0.01317 global twist -47.27349 global supercoiling -0.01367
frame 6645 time 3322.5 binding_event at gene CDS enzyme RNAP with twist -49.96628 superhelical -0.01415 global twist -49.96628 global supercoiling -0.01415
frame 6652 time 3326.0 unbinding_event at gene CDS enzyme RNAP with twist -49.96628 superhelical -0.02326 global twist -49.96628 global supercoiling -0.01423
frame 6820 time 3410.0 binding_event at gene mKalama1 enzyme RNAP with twist -49.96628 superhelical -0.01415 global twist -49.96628 global supercoiling -0.01415
frame 6823 time 3411.5 binding_event at gene Raspberry enzyme RNAP with twist -51.52418 superhelical -0.01766 global twist -49.96628 global supercoiling -0.01423
frame 6847 time 3423.5 unbinding_event at gene mKalama1 enzyme RNAP with twist -90.86107 superhelical 0.63059 global twist -49.96628 global supercoiling -0.01431
frame 6850 time 3425.0 unbinding_event at gene Raspberry enzyme RNAP with twist -49.96628 superhelical -0.08034 global twist -49.96628 global supercoiling -0.01423
frame 6931 time 3465.5 binding_event at DNA_topoI 33 enzyme topoI with twist -49.96628 superhelical -0.01415 global twist -49.96628 global supercoiling -0.01415
frame 6932 time 3466.0 unbinding_event at DNA_topoI 33 enzyme topoI with twist -42.18710 superhelical -0.00607 global twist -46.07669 global supercoiling -0.01332
frame 6983 time 3491.5 binding_event at DNA_topoI 44 enzyme topoI with twist -42.18710 superhelical -0.01195 global twist -42.18710 global supercoiling -0.01195
frame 6991 time 3495.5 binding_event at DNA_gyrase 31 enzyme gyrase with twist 0.26007 superhelical 0.00021 global twist -11.07037 global supercoiling -0.00320
frame 6991 time 3495.5 unbinding_event at DNA_gyrase 31 enzyme gyrase with twist -0.48793 superhelical -0.00398 global twist -11.07037 global supercoiling -0.00320
frame 6995 time 3497.5 binding_event at DNA_gyrase 27 enzyme gyrase with twist 5.34645 superhelical 0.00426 global twist 1.79520 global supercoiling 0.00052
frame 6996 time 3498.0 unbinding_event at DNA_gyrase 27 enzyme gyrase with twist 3.85046 superhelical -0.07584 global twist 2.99199 global supercoiling 0.00088
frame 6999 time 3499.5 unbinding_event at DNA_topoI 44 enzyme topoI with twist 15.85756 superhelical 0.00772 global twist 11.96797 global supercoiling 0.00346
frame 7011 time 3505.5 binding_event at gene CDS enzyme RNAP with twist 15.85756 superhelical 0.00449 global twist 15.85756 global supercoiling 0.00449
frame 7018 time 3509.0 unbinding_event at gene CDS enzyme RNAP with twist 15.85756 superhelical -0.00543 global twist 15.85756 global supercoiling 0.00452
frame 7036 time 3518.0 binding_event at gene tetA enzyme RNAP with twist 15.85756 superhelical 0.00449 global twist 15.85756 global supercoiling 0.00449
frame 7046 time 3523.0 binding_event at gene Raspberry enzyme RNAP with twist -28.15349 superhelical -0.01485 global twist 15.85756 global supercoiling 0.00452
frame 7073 time 3536.5 unbinding_event at gene Raspberry enzyme RNAP with twist -128.68446 superhelical -0.08851 global twist 15.85756 global supercoiling 0.00454
frame 7076 time 3538.0 unbinding_event at gene tetA enzyme RNAP with twist 15.85756 superhelical -0.05687 global twist 15.85756 global supercoiling 0.00452
frame 7087 time 3543.5 binding_event at DNA_gyrase 15 enzyme gyrase with twist 15.85756 superhelical 0.00449 global twist 15.85756 global supercoiling 0.00449
frame 7089 time 3544.5 unbinding_event at DNA_gyrase 15 enzyme gyrase with twist 7.77918 superhelical 0.00312 global twist 10.47198 global supercoiling 0.00303
frame 7125 time 3562.5 binding_event at DNA_gyrase 28 enzyme gyrase with twist 7.77918 superhelical 0.00220 global twist 7.77918 global supercoiling 0.00220
frame 7128 time 3564.0 unbinding_event at DNA_gyrase 28 enzyme gyrase with twist -2.99199 superhelical -0.04889 global twist -0.29920 global supercoiling -0.00009
frame 7171 time 3585.5 binding_event at gene tetA enzyme RNAP with twist -2.99199 superhelical -0.00085 global twist -2.99199 global supercoiling -0.00085
frame 7211 time 3605.5 unbinding_event at gene tetA enzyme RNAP with twist -2.99199 superhelical -0.06063 global twist -2.99199 global supercoiling -0.00085
frame 7280 time 3640.0 binding_event at DNA_gyrase 11 enzyme gyrase with twist -2.99199 superhelical -0.00085 global twist -2.99199 global supercoiling -0.00085
frame 7281 time 3640.5 unbinding_event at DNA_gyrase 11 enzyme gyrase with twist -8.37758 superhelical -0.00195 global twist -5.68479 global supercoiling -0.00164
frame 7405 time 3702.5 binding_event at DNA_gyrase 49 enzyme gyrase with twist -8.37758 superhelical -0.00237 global twist -8.37758 global supercoiling -0.00237
frame 7406 time 3703.0 unbinding_event at DNA_gyrase 49 enzyme gyrase with twist -13.76317 superhelical -0.00409 global twist -11.07037 global supercoiling -0.00320
frame 7454 time 3727.0 binding_event at gene tetA enzyme RNAP with twist -13.76317 superhelical -0.00390 global twist -13.76317 global supercoiling -0.00390
frame 7477 time 3738.5 binding_event at DNA_topoI 29 enzyme topoI with twist -89.30579 superhelical -0.04195 global twist -13.76317 global supercoiling -0.00392
frame 7489 time 3744.5 unbinding_event at DNA_topoI 29 enzyme topoI with twist -85.41620 superhelical 0.09933 global twist 32.91192 global supercoiling 0.00957
frame 7494 time 3747.0 unbinding_event at gene tetA enzyme RNAP with twist 36.80151 superhelical -0.04215 global twist 36.80151 global supercoiling 0.01048
frame 7520 time 3760.0 binding_event at DNA_gyrase 35 enzyme gyrase with twist 36.80151 superhelical 0.01042 global twist 36.80151 global supercoiling 0.01042
frame 7520 time 3760.0 unbinding_event at DNA_gyrase 35 enzyme gyrase with twist 34.10872 superhelical 0.00843 global twist 36.80151 global supercoiling 0.01042
frame 7592 time 3796.0 binding_event at DNA_gyrase 30 enzyme gyrase with twist 34.10872 superhelical 0.00966 global twist 34.10872 global supercoiling 0.00966
frame 7593 time 3796.5 unbinding_event at DNA_gyrase 30 enzyme gyrase with twist 28.72313 superhelical -0.00096 global twist 31.41593 global supercoiling 0.00908
frame 7660 time 3830.0 binding_event at gene tetA enzyme RNAP with twist 28.72313 superhelical 0.00814 global twist 28.72313 global supercoiling 0.00814
frame 7700 time 3850.0 unbinding_event at gene tetA enzyme RNAP with twist 28.72313 superhelical -0.05430 global twist 28.72313 global supercoiling 0.00818
frame 7752 time 3876.0 binding_event at DNA_gyrase 20 enzyme gyrase with twist 28.72313 superhelical 0.00814 global twist 28.72313 global supercoiling 0.00814
frame 7757 time 3878.5 binding_event at DNA_gyrase 45 enzyme gyrase with twist 19.18841 superhelical 0.00615 global twist 15.25916 global supercoiling 0.00441
frame 7757 time 3878.5 unbinding_event at DNA_gyrase 45 enzyme gyrase with twist 15.14922 superhelical 0.00528 global twist 15.25916 global supercoiling 0.00441
frame 7761 time 3880.5 unbinding_event at DNA_gyrase 20 enzyme gyrase with twist -0.89760 superhelical 0.00313 global twist 1.79520 global supercoiling 0.00052
frame 7790 time 3895.0 binding_event at gene tetA enzyme RNAP with twist -0.89760 superhelical -0.00025 global twist -0.89760 global supercoiling -0.00025
frame 7830 time 3915.0 unbinding_event at gene tetA enzyme RNAP with twist -0.89760 superhelical -0.06021 global twist -0.89760 global supercoiling -0.00026
frame 7871 time 3935.5 binding_event at gene Raspberry enzyme RNAP with twist -0.89760 superhelical -0.00025 global twist -0.89760 global supercoiling -0.00025
frame 7881 time 3940.5 binding_event at DNA_gyrase 44 enzyme gyrase with twist 35.20120 superhelical 0.01370 global twist -0.89760 global supercoiling -0.00026
frame 7882 time 3941.0 unbinding_event at DNA_gyrase 44 enzyme gyrase with twist 36.99639 superhelical 0.03350 global twist -3.59039 global supercoiling -0.00104
frame 7898 time 3949.0 unbinding_event at gene Raspberry enzyme RNAP with twist -6.28319 superhelical -0.07962 global twist -6.28319 global supercoiling -0.00179
frame 7924 time 3962.0 binding_event at DNA_gyrase 0 enzyme gyrase with twist -6.28319 superhelical -0.00178 global twist -6.28319 global supercoiling -0.00178
frame 7928 time 3964.0 unbinding_event at DNA_gyrase 0 enzyme gyrase with twist -19.74715 superhelical -0.00581 global twist -17.05436 global supercoiling -0.00493
