TORCphysics log file 

General information: 
---------------------------------------------------------------------------------------
Circuit name: Pleu500_87
Size: 6000
Structure: circle
Number of sites: 110
Number of frames: 8000
Simulation time: 4000.0
Simulation timestep: 0.5
Seed: 1575557198280103943
 
Overall simulation information 
---------------------------------------------------------------------------------------
Initial twist: -211.83310
Final twist: -68.21744
Initial superhelical density: -0.06000
Final superhelical density: -0.01943
 
Overall rates 
---------------------------------------------------------------------------------------
site type            site name            #binding events      #unbinding events    binding rates        
 DNA_topoI            DNA_topoI_global                     48.0                 48.0                 0.012 
DNA_gyrase           DNA_gyrase_global                    71.0                 71.0               0.01775 
EXT                  EXT                                   0.0                  0.0                   0.0 
gene                 tetA                                 55.0                 54.0               0.01375 
gene                 CDS                                   0.0                  0.0                   0.0 
origin               ori                                   0.0                  0.0                   0.0 
lacOP                lac1                                  0.0                  0.0                   0.0 
gene                 mKalama1                              8.0                  8.0                 0.002 
lacOP                lac2                                  0.0                  0.0                   0.0 
gene                 Raspberry                             4.0                  4.0                 0.001 
 
Events
---------------------------------------------------------------------------------------
frame 163 time 81.5 binding_event at gene tetA enzyme RNAP with twist -211.83310 superhelical -0.06000 global twist -211.83310 global supercoiling -0.06000
frame 183 time 91.5 binding_event at DNA_topoI 7 enzyme topoI with twist -36.49130 superhelical -0.02541 global twist -211.83310 global supercoiling -0.06033
frame 185 time 92.5 binding_event at gene tetA enzyme RNAP with twist -182.52259 superhelical -0.08646 global twist -204.05392 global supercoiling -0.05932
frame 188 time 94.0 unbinding_event at DNA_topoI 7 enzyme topoI with twist 8.38859 superhelical 2.13865 global twist -192.38515 global supercoiling -0.05625
frame 203 time 101.5 unbinding_event at gene tetA enzyme RNAP with twist 29.45723 superhelical -0.08725 global twist -188.49556 global supercoiling -0.05398
frame 225 time 112.5 unbinding_event at gene tetA enzyme RNAP with twist -188.49556 superhelical -0.12109 global twist -188.49556 global supercoiling -0.05368
frame 240 time 120.0 binding_event at DNA_topoI 13 enzyme topoI with twist -188.49556 superhelical -0.05339 global twist -188.49556 global supercoiling -0.05339
frame 242 time 121.0 unbinding_event at DNA_topoI 13 enzyme topoI with twist -176.82679 superhelical -0.05227 global twist -180.71638 global supercoiling -0.05225
frame 307 time 153.5 binding_event at DNA_topoI 26 enzyme topoI with twist -176.82679 superhelical -0.05008 global twist -176.82679 global supercoiling -0.05008
frame 308 time 154.0 unbinding_event at DNA_topoI 26 enzyme topoI with twist -169.04760 superhelical 0.05155 global twist -172.93720 global supercoiling -0.05000
frame 361 time 180.5 binding_event at DNA_topoI 2 enzyme topoI with twist -169.04760 superhelical -0.04788 global twist -169.04760 global supercoiling -0.04788
frame 363 time 181.5 unbinding_event at DNA_topoI 2 enzyme topoI with twist -157.37883 superhelical -0.04568 global twist -161.26842 global supercoiling -0.04663
frame 371 time 185.5 binding_event at DNA_topoI 29 enzyme topoI with twist -157.37883 superhelical -0.04458 global twist -157.37883 global supercoiling -0.04458
frame 371 time 185.5 unbinding_event at DNA_topoI 29 enzyme topoI with twist -153.48924 superhelical -0.03452 global twist -157.37883 global supercoiling -0.04458
frame 430 time 215.0 binding_event at DNA_gyrase 42 enzyme gyrase with twist -153.48924 superhelical -0.04347 global twist -153.48924 global supercoiling -0.04347
frame 433 time 216.5 unbinding_event at DNA_gyrase 42 enzyme gyrase with twist -164.26042 superhelical -0.04923 global twist -161.56762 global supercoiling -0.04671
frame 459 time 229.5 binding_event at DNA_topoI 4 enzyme topoI with twist -164.26042 superhelical -0.04653 global twist -164.26042 global supercoiling -0.04653
frame 467 time 233.5 unbinding_event at DNA_topoI 4 enzyme topoI with twist -129.25410 superhelical -0.03862 global twist -133.14369 global supercoiling -0.03849
frame 519 time 259.5 binding_event at DNA_topoI 11 enzyme topoI with twist -129.25410 superhelical -0.03661 global twist -129.25410 global supercoiling -0.03661
frame 525 time 262.5 unbinding_event at DNA_topoI 11 enzyme topoI with twist -102.02696 superhelical -0.03187 global twist -105.91655 global supercoiling -0.03062
frame 658 time 329.0 binding_event at gene tetA enzyme RNAP with twist -102.02696 superhelical -0.02890 global twist -102.02696 global supercoiling -0.02890
frame 698 time 349.0 binding_event at DNA_topoI 45 enzyme topoI with twist -193.48160 superhelical -0.07948 global twist -102.02696 global supercoiling -0.02906
frame 698 time 349.0 unbinding_event at gene tetA enzyme RNAP with twist 8.51845 superhelical -0.08206 global twist -102.02696 global supercoiling -0.02906
frame 701 time 350.5 unbinding_event at DNA_topoI 45 enzyme topoI with twist -86.46860 superhelical -0.07603 global twist -90.35819 global supercoiling -0.02612
frame 766 time 383.0 binding_event at gene tetA enzyme RNAP with twist -86.46860 superhelical -0.02449 global twist -86.46860 global supercoiling -0.02449
frame 777 time 388.5 binding_event at gene tetA enzyme RNAP with twist -81.75606 superhelical -0.04272 global twist -86.46860 global supercoiling -0.02463
frame 806 time 403.0 unbinding_event at gene tetA enzyme RNAP with twist 95.30391 superhelical -0.04315 global twist -86.46860 global supercoiling -0.02476
frame 814 time 407.0 binding_event at DNA_topoI 27 enzyme topoI with twist -206.90525 superhelical -0.08692 global twist -86.46860 global supercoiling -0.02463
frame 814 time 407.0 unbinding_event at DNA_topoI 27 enzyme topoI with twist -206.60605 superhelical -0.03159 global twist -86.46860 global supercoiling -0.02463
frame 817 time 408.5 unbinding_event at gene tetA enzyme RNAP with twist -82.57901 superhelical -0.08864 global twist -82.57901 global supercoiling -0.02352
frame 830 time 415.0 binding_event at DNA_topoI 6 enzyme topoI with twist -82.57901 superhelical -0.02339 global twist -82.57901 global supercoiling -0.02339
frame 842 time 421.0 unbinding_event at DNA_topoI 6 enzyme topoI with twist -32.01433 superhelical -0.01193 global twist -35.90392 global supercoiling -0.01038
frame 893 time 446.5 binding_event at gene tetA enzyme RNAP with twist -32.01433 superhelical -0.00907 global twist -32.01433 global supercoiling -0.00907
frame 920 time 460.0 binding_event at DNA_gyrase 17 enzyme gyrase with twist 80.57333 superhelical 0.06148 global twist -32.01433 global supercoiling -0.00912
frame 920 time 460.0 unbinding_event at DNA_gyrase 17 enzyme gyrase with twist 81.47093 superhelical 0.07016 global twist -32.01433 global supercoiling -0.00912
frame 930 time 465.0 binding_event at gene Raspberry enzyme RNAP with twist -148.49157 superhelical -0.06238 global twist -34.70712 global supercoiling -0.00988
frame 933 time 466.5 unbinding_event at gene tetA enzyme RNAP with twist 27.59623 superhelical -0.06289 global twist -34.70712 global supercoiling -0.00994
frame 945 time 472.5 binding_event at DNA_topoI 34 enzyme topoI with twist -101.79765 superhelical -0.09868 global twist -34.70712 global supercoiling -0.00988
frame 945 time 472.5 unbinding_event at DNA_topoI 34 enzyme topoI with twist -101.49845 superhelical -0.10243 global twist -34.70712 global supercoiling -0.00988
frame 955 time 477.5 binding_event at DNA_gyrase 46 enzyme gyrase with twist 102.99445 superhelical 0.04478 global twist -30.81753 global supercoiling -0.00878
frame 957 time 478.5 binding_event at DNA_topoI 38 enzyme topoI with twist -140.99276 superhelical -0.11306 global twist -36.20312 global supercoiling -0.01053
frame 957 time 478.5 unbinding_event at gene Raspberry enzyme RNAP with twist -29.38135 superhelical -0.11859 global twist -36.20312 global supercoiling -0.01053
frame 958 time 479.0 unbinding_event at DNA_topoI 38 enzyme topoI with twist -123.67444 superhelical -0.11524 global twist -35.00632 global supercoiling -0.01034
frame 962 time 481.0 binding_event at DNA_gyrase 9 enzyme gyrase with twist 85.82573 superhelical 0.04165 global twist -41.88790 global supercoiling -0.01211
frame 962 time 481.0 unbinding_event at DNA_gyrase 46 enzyme gyrase with twist -94.57200 superhelical -0.09233 global twist -41.88790 global supercoiling -0.01211
frame 963 time 481.5 unbinding_event at DNA_gyrase 9 enzyme gyrase with twist -49.96628 superhelical -0.04114 global twist -47.27349 global supercoiling -0.01367
frame 975 time 487.5 binding_event at DNA_gyrase 38 enzyme gyrase with twist -49.96628 superhelical -0.01415 global twist -49.96628 global supercoiling -0.01415
frame 975 time 487.5 unbinding_event at DNA_gyrase 38 enzyme gyrase with twist -52.65908 superhelical -0.01608 global twist -49.96628 global supercoiling -0.01415
frame 1054 time 527.0 binding_event at DNA_gyrase 18 enzyme gyrase with twist -52.65908 superhelical -0.01492 global twist -52.65908 global supercoiling -0.01492
frame 1057 time 528.5 unbinding_event at DNA_gyrase 18 enzyme gyrase with twist -63.43025 superhelical -0.01703 global twist -60.73746 global supercoiling -0.01756
frame 1108 time 554.0 binding_event at gene tetA enzyme RNAP with twist -63.43025 superhelical -0.01797 global twist -63.43025 global supercoiling -0.01797
frame 1132 time 566.0 binding_event at DNA_topoI 45 enzyme topoI with twist -117.17110 superhelical -0.05457 global twist -63.43025 global supercoiling -0.01806
frame 1132 time 566.0 unbinding_event at DNA_topoI 45 enzyme topoI with twist -116.87190 superhelical -0.05499 global twist -63.43025 global supercoiling -0.01806
frame 1148 time 574.0 binding_event at gene tetA enzyme RNAP with twist -170.72777 superhelical -0.07013 global twist -59.54066 global supercoiling -0.01696
frame 1148 time 574.0 unbinding_event at gene tetA enzyme RNAP with twist 65.36966 superhelical -0.07069 global twist -59.54066 global supercoiling -0.01696
frame 1154 time 577.0 binding_event at DNA_topoI 44 enzyme topoI with twist -142.86228 superhelical -0.07833 global twist -59.54066 global supercoiling -0.01696
frame 1161 time 580.5 binding_event at DNA_topoI 38 enzyme topoI with twist -88.65397 superhelical -0.07068 global twist -32.31352 global supercoiling -0.00939
frame 1167 time 583.5 unbinding_event at DNA_topoI 44 enzyme topoI with twist -63.32518 superhelical 0.00086 global twist 14.36157 global supercoiling 0.00426
frame 1169 time 584.5 binding_event at DNA_topoI 0 enzyme topoI with twist -64.97077 superhelical -0.05423 global twist 26.03034 global supercoiling 0.00757
frame 1171 time 585.5 unbinding_event at DNA_topoI 0 enzyme topoI with twist -58.23879 superhelical -0.04292 global twist 41.58870 global supercoiling 0.01235
frame 1185 time 592.5 unbinding_event at DNA_topoI 38 enzyme topoI with twist -94.39200 superhelical -0.01593 global twist 99.93257 global supercoiling 0.02905
frame 1188 time 594.0 unbinding_event at gene tetA enzyme RNAP with twist 103.82216 superhelical -0.04288 global twist 103.82216 global supercoiling 0.02957
frame 1206 time 603.0 binding_event at gene tetA enzyme RNAP with twist 103.82216 superhelical 0.02941 global twist 103.82216 global supercoiling 0.02941
frame 1238 time 619.0 binding_event at gene tetA enzyme RNAP with twist -64.14919 superhelical -0.02800 global twist 103.82216 global supercoiling 0.02957
frame 1246 time 623.0 unbinding_event at gene tetA enzyme RNAP with twist 184.60245 superhelical -0.02824 global twist 103.82216 global supercoiling 0.02973
frame 1278 time 639.0 unbinding_event at gene tetA enzyme RNAP with twist 103.82216 superhelical -0.07979 global twist 103.82216 global supercoiling 0.02957
frame 1289 time 644.5 binding_event at DNA_gyrase 30 enzyme gyrase with twist 103.82216 superhelical 0.02941 global twist 103.82216 global supercoiling 0.02941
frame 1295 time 647.5 unbinding_event at DNA_gyrase 30 enzyme gyrase with twist 84.97260 superhelical -0.00784 global twist 87.66540 global supercoiling 0.02535
frame 1380 time 690.0 binding_event at DNA_gyrase 4 enzyme gyrase with twist 84.97260 superhelical 0.02407 global twist 84.97260 global supercoiling 0.02407
frame 1382 time 691.0 unbinding_event at DNA_gyrase 4 enzyme gyrase with twist 76.89422 superhelical 0.02252 global twist 79.58701 global supercoiling 0.02301
frame 1420 time 710.0 binding_event at DNA_gyrase 49 enzyme gyrase with twist 76.89422 superhelical 0.02178 global twist 76.89422 global supercoiling 0.02178
frame 1420 time 710.0 unbinding_event at DNA_gyrase 49 enzyme gyrase with twist 74.20143 superhelical 0.02140 global twist 76.89422 global supercoiling 0.02178
frame 1438 time 719.0 binding_event at DNA_gyrase 11 enzyme gyrase with twist 74.20143 superhelical 0.02102 global twist 74.20143 global supercoiling 0.02102
frame 1440 time 720.0 unbinding_event at DNA_gyrase 11 enzyme gyrase with twist 66.12305 superhelical 0.01982 global twist 68.81584 global supercoiling 0.01990
frame 1466 time 733.0 binding_event at DNA_topoI 45 enzyme topoI with twist 66.12305 superhelical 0.01873 global twist 66.12305 global supercoiling 0.01873
frame 1468 time 734.0 unbinding_event at DNA_topoI 45 enzyme topoI with twist 77.79182 superhelical 0.02352 global twist 73.90223 global supercoiling 0.02137
frame 1492 time 746.0 binding_event at gene mKalama1 enzyme RNAP with twist 77.79182 superhelical 0.02203 global twist 77.79182 global supercoiling 0.02203
frame 1506 time 753.0 binding_event at DNA_gyrase 41 enzyme gyrase with twist 13.18231 superhelical 0.00423 global twist 77.79182 global supercoiling 0.02215
frame 1517 time 758.5 unbinding_event at DNA_gyrase 41 enzyme gyrase with twist -62.21591 superhelical -0.06739 global twist 48.17109 global supercoiling 0.01400
frame 1519 time 759.5 unbinding_event at gene mKalama1 enzyme RNAP with twist 45.47829 superhelical 0.79327 global twist 45.47829 global supercoiling 0.01295
frame 1573 time 786.5 binding_event at DNA_gyrase 47 enzyme gyrase with twist 45.47829 superhelical 0.01288 global twist 45.47829 global supercoiling 0.01288
frame 1576 time 788.0 unbinding_event at DNA_gyrase 47 enzyme gyrase with twist 34.70712 superhelical 0.00948 global twist 37.39991 global supercoiling 0.01081
frame 1578 time 789.0 binding_event at gene tetA enzyme RNAP with twist 34.70712 superhelical 0.00983 global twist 34.70712 global supercoiling 0.00983
frame 1618 time 809.0 unbinding_event at gene tetA enzyme RNAP with twist 34.70712 superhelical -0.05311 global twist 34.70712 global supercoiling 0.00988
frame 1675 time 837.5 binding_event at DNA_gyrase 0 enzyme gyrase with twist 34.70712 superhelical 0.00983 global twist 34.70712 global supercoiling 0.00983
frame 1676 time 838.0 unbinding_event at DNA_gyrase 0 enzyme gyrase with twist 29.32153 superhelical 0.00844 global twist 32.01433 global supercoiling 0.00926
frame 1734 time 867.0 binding_event at DNA_gyrase 7 enzyme gyrase with twist 29.32153 superhelical 0.00831 global twist 29.32153 global supercoiling 0.00831
frame 1745 time 872.5 unbinding_event at DNA_gyrase 7 enzyme gyrase with twist -2.99199 superhelical 0.00109 global twist -0.29920 global supercoiling -0.00009
frame 1819 time 909.5 binding_event at DNA_gyrase 15 enzyme gyrase with twist -2.99199 superhelical -0.00085 global twist -2.99199 global supercoiling -0.00085
frame 1819 time 909.5 unbinding_event at DNA_gyrase 15 enzyme gyrase with twist -5.68479 superhelical -0.00135 global twist -2.99199 global supercoiling -0.00085
frame 1874 time 937.0 binding_event at gene mKalama1 enzyme RNAP with twist -5.68479 superhelical -0.00161 global twist -5.68479 global supercoiling -0.00161
frame 1901 time 950.5 unbinding_event at gene mKalama1 enzyme RNAP with twist -5.68479 superhelical 0.68698 global twist -5.68479 global supercoiling -0.00162
frame 1921 time 960.5 binding_event at DNA_gyrase 32 enzyme gyrase with twist -5.68479 superhelical -0.00161 global twist -5.68479 global supercoiling -0.00161
frame 1921 time 960.5 unbinding_event at DNA_gyrase 32 enzyme gyrase with twist -8.37758 superhelical -0.00507 global twist -5.68479 global supercoiling -0.00161
frame 1977 time 988.5 binding_event at gene tetA enzyme RNAP with twist -8.37758 superhelical -0.00237 global twist -8.37758 global supercoiling -0.00237
frame 1997 time 998.5 binding_event at DNA_topoI 44 enzyme topoI with twist -75.90240 superhelical -0.03658 global twist -8.37758 global supercoiling -0.00239
frame 1999 time 999.5 unbinding_event at DNA_topoI 44 enzyme topoI with twist -75.00480 superhelical -0.03323 global twist -0.59840 global supercoiling -0.00017
frame 2016 time 1008.0 binding_event at DNA_topoI 38 enzyme topoI with twist -132.45106 superhelical -0.05481 global twist 3.29119 global supercoiling 0.00094
frame 2017 time 1008.5 unbinding_event at gene tetA enzyme RNAP with twist 53.69754 superhelical -0.05730 global twist 7.18078 global supercoiling 0.00209
frame 2020 time 1010.0 unbinding_event at DNA_topoI 38 enzyme topoI with twist 22.73915 superhelical -0.04468 global twist 18.84956 global supercoiling 0.00545
frame 2058 time 1029.0 binding_event at gene tetA enzyme RNAP with twist 22.73915 superhelical 0.00644 global twist 22.73915 global supercoiling 0.00644
frame 2059 time 1029.5 binding_event at DNA_gyrase 27 enzyme gyrase with twist 7.52342 superhelical 0.00434 global twist 22.73915 global supercoiling 0.00648
frame 2063 time 1031.5 unbinding_event at DNA_gyrase 27 enzyme gyrase with twist -23.89250 superhelical -0.19637 global twist 11.96797 global supercoiling 0.00348
frame 2098 time 1049.0 unbinding_event at gene tetA enzyme RNAP with twist 9.27518 superhelical -0.06099 global twist 9.27518 global supercoiling 0.00264
frame 2129 time 1064.5 binding_event at DNA_topoI 41 enzyme topoI with twist 9.27518 superhelical 0.00263 global twist 9.27518 global supercoiling 0.00263
frame 2136 time 1068.0 unbinding_event at DNA_topoI 41 enzyme topoI with twist 40.39191 superhelical 0.01766 global twist 36.50231 global supercoiling 0.01055
frame 2250 time 1125.0 binding_event at DNA_gyrase 8 enzyme gyrase with twist 40.39191 superhelical 0.01144 global twist 40.39191 global supercoiling 0.01144
frame 2258 time 1129.0 unbinding_event at DNA_gyrase 8 enzyme gyrase with twist 16.15676 superhelical 0.00632 global twist 18.84956 global supercoiling 0.00545
frame 2275 time 1137.5 binding_event at gene mKalama1 enzyme RNAP with twist 16.15676 superhelical 0.00458 global twist 16.15676 global supercoiling 0.00458
frame 2302 time 1151.0 unbinding_event at gene mKalama1 enzyme RNAP with twist 16.15676 superhelical 0.71479 global twist 16.15676 global supercoiling 0.00460
frame 2374 time 1187.0 binding_event at DNA_gyrase 31 enzyme gyrase with twist 16.15676 superhelical 0.00458 global twist 16.15676 global supercoiling 0.00458
frame 2378 time 1189.0 unbinding_event at DNA_gyrase 31 enzyme gyrase with twist 2.69279 superhelical -0.01632 global twist 5.38559 global supercoiling 0.00156
frame 2420 time 1210.0 binding_event at gene mKalama1 enzyme RNAP with twist 2.69279 superhelical 0.00076 global twist 2.69279 global supercoiling 0.00076
frame 2424 time 1212.0 binding_event at DNA_gyrase 10 enzyme gyrase with twist -12.16530 superhelical -0.00414 global twist 2.69279 global supercoiling 0.00077
frame 2427 time 1213.5 unbinding_event at DNA_gyrase 10 enzyme gyrase with twist -37.29804 superhelical -0.01459 global twist -5.38559 global supercoiling -0.00157
frame 2447 time 1223.5 unbinding_event at gene mKalama1 enzyme RNAP with twist -8.07838 superhelical 0.69764 global twist -8.07838 global supercoiling -0.00230
frame 2529 time 1264.5 binding_event at gene tetA enzyme RNAP with twist -8.07838 superhelical -0.00229 global twist -8.07838 global supercoiling -0.00229
frame 2569 time 1284.5 binding_event at DNA_topoI 6 enzyme topoI with twist -147.56399 superhelical -0.06062 global twist -8.07838 global supercoiling -0.00230
frame 2569 time 1284.5 unbinding_event at gene tetA enzyme RNAP with twist 126.03113 superhelical -0.06444 global twist -8.07838 global supercoiling -0.00230
frame 2575 time 1287.5 unbinding_event at DNA_topoI 6 enzyme topoI with twist 19.14876 superhelical -0.05603 global twist 15.25916 global supercoiling 0.00441
frame 2577 time 1288.5 binding_event at DNA_gyrase 31 enzyme gyrase with twist 19.14876 superhelical 0.00542 global twist 19.14876 global supercoiling 0.00542
frame 2580 time 1290.0 unbinding_event at DNA_gyrase 31 enzyme gyrase with twist 8.37758 superhelical -0.01125 global twist 11.07037 global supercoiling 0.00320
frame 2617 time 1308.5 binding_event at DNA_topoI 44 enzyme topoI with twist 8.37758 superhelical 0.00237 global twist 8.37758 global supercoiling 0.00237
frame 2619 time 1309.5 binding_event at DNA_gyrase 30 enzyme gyrase with twist 6.92755 superhelical 0.00552 global twist 16.15676 global supercoiling 0.00467
frame 2619 time 1309.5 unbinding_event at DNA_gyrase 30 enzyme gyrase with twist 6.17955 superhelical 0.00045 global twist 16.15676 global supercoiling 0.00467
frame 2621 time 1310.5 unbinding_event at DNA_topoI 44 enzyme topoI with twist 25.13274 superhelical 0.00803 global twist 21.24315 global supercoiling 0.00614
frame 2834 time 1417.0 binding_event at DNA_gyrase 31 enzyme gyrase with twist 25.13274 superhelical 0.00712 global twist 25.13274 global supercoiling 0.00712
frame 2837 time 1418.5 unbinding_event at DNA_gyrase 31 enzyme gyrase with twist 14.36157 superhelical -0.00952 global twist 17.05436 global supercoiling 0.00493
frame 2867 time 1433.5 binding_event at DNA_gyrase 14 enzyme gyrase with twist 14.36157 superhelical 0.00407 global twist 14.36157 global supercoiling 0.00407
frame 2871 time 1435.5 unbinding_event at DNA_gyrase 14 enzyme gyrase with twist 0.89760 superhelical 0.00165 global twist 3.59039 global supercoiling 0.00104
frame 2931 time 1465.5 binding_event at gene tetA enzyme RNAP with twist 0.89760 superhelical 0.00025 global twist 0.89760 global supercoiling 0.00025
frame 2966 time 1483.0 binding_event at gene tetA enzyme RNAP with twist -125.22500 superhelical -0.05341 global twist 0.89760 global supercoiling 0.00026
frame 2967 time 1483.5 binding_event at DNA_topoI 30 enzyme topoI with twist -96.01070 superhelical -0.05536 global twist 0.89760 global supercoiling 0.00026
frame 2967 time 1483.5 unbinding_event at DNA_topoI 30 enzyme topoI with twist -95.71150 superhelical -0.04994 global twist 0.89760 global supercoiling 0.00026
frame 2971 time 1485.5 unbinding_event at gene tetA enzyme RNAP with twist 114.86025 superhelical -0.05385 global twist 4.78719 global supercoiling 0.00137
frame 3006 time 1503.0 unbinding_event at gene tetA enzyme RNAP with twist 4.78719 superhelical -0.09613 global twist 4.78719 global supercoiling 0.00136
frame 3020 time 1510.0 binding_event at DNA_gyrase 19 enzyme gyrase with twist 4.78719 superhelical 0.00136 global twist 4.78719 global supercoiling 0.00136
frame 3020 time 1510.0 unbinding_event at DNA_gyrase 19 enzyme gyrase with twist 2.09440 superhelical 0.00094 global twist 4.78719 global supercoiling 0.00136
frame 3119 time 1559.5 binding_event at DNA_gyrase 16 enzyme gyrase with twist 2.09440 superhelical 0.00059 global twist 2.09440 global supercoiling 0.00059
frame 3120 time 1560.0 unbinding_event at DNA_gyrase 16 enzyme gyrase with twist -3.29119 superhelical -0.00034 global twist -0.59840 global supercoiling -0.00017
frame 3143 time 1571.5 binding_event at DNA_gyrase 30 enzyme gyrase with twist -3.29119 superhelical -0.00093 global twist -3.29119 global supercoiling -0.00093
frame 3144 time 1572.0 unbinding_event at DNA_gyrase 30 enzyme gyrase with twist -8.67678 superhelical -0.01177 global twist -5.98399 global supercoiling -0.00173
frame 3211 time 1605.5 binding_event at gene tetA enzyme RNAP with twist -8.67678 superhelical -0.00246 global twist -8.67678 global supercoiling -0.00246
frame 3244 time 1622.0 binding_event at gene tetA enzyme RNAP with twist -122.72372 superhelical -0.05316 global twist -8.67678 global supercoiling -0.00247
frame 3247 time 1623.5 binding_event at DNA_topoI 31 enzyme topoI with twist -102.76585 superhelical -0.05806 global twist -8.67678 global supercoiling -0.00248
frame 3251 time 1625.5 unbinding_event at gene tetA enzyme RNAP with twist 112.04103 superhelical -0.05360 global twist 6.88158 global supercoiling 0.00201
frame 3255 time 1627.5 unbinding_event at DNA_topoI 31 enzyme topoI with twist -100.07306 superhelical -0.00594 global twist 22.43995 global supercoiling 0.00652
frame 3284 time 1642.0 unbinding_event at gene tetA enzyme RNAP with twist 26.32954 superhelical -0.08327 global twist 26.32954 global supercoiling 0.00750
frame 3296 time 1648.0 binding_event at DNA_gyrase 12 enzyme gyrase with twist 26.32954 superhelical 0.00746 global twist 26.32954 global supercoiling 0.00746
frame 3299 time 1649.5 unbinding_event at DNA_gyrase 12 enzyme gyrase with twist 15.55836 superhelical 0.00550 global twist 18.25116 global supercoiling 0.00528
frame 3308 time 1654.0 binding_event at gene tetA enzyme RNAP with twist 15.55836 superhelical 0.00441 global twist 15.55836 global supercoiling 0.00441
frame 3345 time 1672.5 binding_event at DNA_topoI 46 enzyme topoI with twist -125.24030 superhelical -0.05261 global twist 15.55836 global supercoiling 0.00443
frame 3345 time 1672.5 unbinding_event at DNA_topoI 46 enzyme topoI with twist -124.94110 superhelical -0.05286 global twist 15.55836 global supercoiling 0.00443
frame 3348 time 1674.0 unbinding_event at gene tetA enzyme RNAP with twist 19.44795 superhelical -0.05534 global twist 19.44795 global supercoiling 0.00554
frame 3400 time 1700.0 binding_event at DNA_gyrase 16 enzyme gyrase with twist 19.44795 superhelical 0.00551 global twist 19.44795 global supercoiling 0.00551
frame 3406 time 1703.0 unbinding_event at DNA_gyrase 16 enzyme gyrase with twist 0.59840 superhelical 0.00230 global twist 3.29119 global supercoiling 0.00095
frame 3439 time 1719.5 binding_event at DNA_gyrase 46 enzyme gyrase with twist 0.59840 superhelical 0.00017 global twist 0.59840 global supercoiling 0.00017
frame 3442 time 1721.0 binding_event at DNA_gyrase 30 enzyme gyrase with twist -3.79735 superhelical -0.00272 global twist -7.47998 global supercoiling -0.00216
frame 3443 time 1721.5 unbinding_event at DNA_gyrase 46 enzyme gyrase with twist -14.84550 superhelical -0.00786 global twist -12.86557 global supercoiling -0.00380
frame 3444 time 1722.0 unbinding_event at DNA_gyrase 30 enzyme gyrase with twist -20.94395 superhelical -0.01909 global twist -18.25116 global supercoiling -0.00528
frame 3465 time 1732.5 binding_event at gene tetA enzyme RNAP with twist -20.94395 superhelical -0.00593 global twist -20.94395 global supercoiling -0.00593
frame 3505 time 1752.5 unbinding_event at gene tetA enzyme RNAP with twist -20.94395 superhelical -0.06420 global twist -20.94395 global supercoiling -0.00596
frame 3554 time 1777.0 binding_event at DNA_gyrase 37 enzyme gyrase with twist -20.94395 superhelical -0.00593 global twist -20.94395 global supercoiling -0.00593
frame 3557 time 1778.5 unbinding_event at DNA_gyrase 37 enzyme gyrase with twist -31.71513 superhelical -0.01322 global twist -29.02233 global supercoiling -0.00839
frame 3670 time 1835.0 binding_event at DNA_topoI 16 enzyme topoI with twist -31.71513 superhelical -0.00898 global twist -31.71513 global supercoiling -0.00898
frame 3674 time 1837.0 unbinding_event at DNA_topoI 16 enzyme topoI with twist -12.26717 superhelical -0.00574 global twist -16.15676 global supercoiling -0.00467
frame 3698 time 1849.0 binding_event at DNA_gyrase 7 enzyme gyrase with twist -12.26717 superhelical -0.00347 global twist -12.26717 global supercoiling -0.00347
frame 3703 time 1851.5 unbinding_event at DNA_gyrase 7 enzyme gyrase with twist -28.42393 superhelical -0.00724 global twist -25.73114 global supercoiling -0.00744
frame 3868 time 1934.0 binding_event at DNA_gyrase 4 enzyme gyrase with twist -28.42393 superhelical -0.00805 global twist -28.42393 global supercoiling -0.00805
frame 3869 time 1934.5 unbinding_event at DNA_gyrase 4 enzyme gyrase with twist -33.80952 superhelical -0.00958 global twist -31.11673 global supercoiling -0.00900
frame 3908 time 1954.0 binding_event at gene mKalama1 enzyme RNAP with twist -33.80952 superhelical -0.00958 global twist -33.80952 global supercoiling -0.00958
frame 3923 time 1961.5 binding_event at gene tetA enzyme RNAP with twist -81.43126 superhelical -0.02599 global twist -33.80952 global supercoiling -0.00963
frame 3935 time 1967.5 unbinding_event at gene mKalama1 enzyme RNAP with twist -33.54115 superhelical 0.65117 global twist -33.80952 global supercoiling -0.00968
frame 3944 time 1972.0 binding_event at DNA_topoI 36 enzyme topoI with twist -62.26428 superhelical -0.02975 global twist -33.80952 global supercoiling -0.00963
frame 3953 time 1976.5 binding_event at DNA_gyrase 19 enzyme gyrase with twist 60.76829 superhelical 0.04836 global twist 1.19680 global supercoiling 0.00035
frame 3957 time 1978.5 unbinding_event at DNA_gyrase 19 enzyme gyrase with twist 65.25627 superhelical 0.07436 global twist 5.98399 global supercoiling 0.00178
frame 3960 time 1980.0 unbinding_event at DNA_topoI 36 enzyme topoI with twist -57.17789 superhelical 0.01783 global twist 14.95997 global supercoiling 0.00435
frame 3963 time 1981.5 unbinding_event at gene tetA enzyme RNAP with twist 18.84956 superhelical -0.02771 global twist 18.84956 global supercoiling 0.00537
frame 3985 time 1992.5 binding_event at DNA_gyrase 38 enzyme gyrase with twist 18.84956 superhelical 0.00534 global twist 18.84956 global supercoiling 0.00534
frame 3985 time 1992.5 unbinding_event at DNA_gyrase 38 enzyme gyrase with twist 16.15676 superhelical 0.00381 global twist 18.84956 global supercoiling 0.00534
frame 4038 time 2019.0 binding_event at DNA_gyrase 14 enzyme gyrase with twist 16.15676 superhelical 0.00458 global twist 16.15676 global supercoiling 0.00458
frame 4038 time 2019.0 unbinding_event at DNA_gyrase 14 enzyme gyrase with twist 13.46397 superhelical 0.00417 global twist 16.15676 global supercoiling 0.00458
frame 4042 time 2021.0 binding_event at DNA_gyrase 42 enzyme gyrase with twist 13.46397 superhelical 0.00381 global twist 13.46397 global supercoiling 0.00381
frame 4045 time 2022.5 unbinding_event at DNA_gyrase 42 enzyme gyrase with twist 2.69279 superhelical -0.00096 global twist 5.38559 global supercoiling 0.00156
frame 4047 time 2023.5 binding_event at DNA_gyrase 31 enzyme gyrase with twist 2.69279 superhelical 0.00076 global twist 2.69279 global supercoiling 0.00076
frame 4055 time 2027.5 unbinding_event at DNA_gyrase 31 enzyme gyrase with twist -21.54235 superhelical -0.03700 global twist -18.84956 global supercoiling -0.00545
frame 4070 time 2035.0 binding_event at DNA_gyrase 8 enzyme gyrase with twist -21.54235 superhelical -0.00610 global twist -21.54235 global supercoiling -0.00610
frame 4071 time 2035.5 unbinding_event at DNA_gyrase 8 enzyme gyrase with twist -26.92794 superhelical -0.00742 global twist -24.23514 global supercoiling -0.00701
frame 4151 time 2075.5 binding_event at DNA_gyrase 11 enzyme gyrase with twist -26.92794 superhelical -0.00763 global twist -26.92794 global supercoiling -0.00763
frame 4156 time 2078.0 unbinding_event at DNA_gyrase 11 enzyme gyrase with twist -43.08470 superhelical -0.01105 global twist -40.39191 global supercoiling -0.01168
frame 4192 time 2096.0 binding_event at DNA_gyrase 48 enzyme gyrase with twist -43.08470 superhelical -0.01220 global twist -43.08470 global supercoiling -0.01220
frame 4192 time 2096.0 unbinding_event at DNA_gyrase 48 enzyme gyrase with twist -45.77749 superhelical -0.01333 global twist -43.08470 global supercoiling -0.01220
frame 4248 time 2124.0 binding_event at gene mKalama1 enzyme RNAP with twist -45.77749 superhelical -0.01297 global twist -45.77749 global supercoiling -0.01297
frame 4266 time 2133.0 binding_event at DNA_gyrase 31 enzyme gyrase with twist 56.18614 superhelical 0.17324 global twist -45.77749 global supercoiling -0.01304
frame 4267 time 2133.5 unbinding_event at DNA_gyrase 31 enzyme gyrase with twist -99.73903 superhelical -8.39292 global twist -48.47029 global supercoiling -0.01409
frame 4271 time 2135.5 binding_event at DNA_gyrase 25 enzyme gyrase with twist -110.51021 superhelical -0.03372 global twist -51.16308 global supercoiling -0.01457
frame 4275 time 2137.5 unbinding_event at gene mKalama1 enzyme RNAP with twist -57.16213 superhelical 0.53379 global twist -61.93426 global supercoiling -0.01801
frame 4283 time 2141.5 unbinding_event at DNA_gyrase 25 enzyme gyrase with twist -86.16940 superhelical -0.01952 global twist -83.47660 global supercoiling -0.02413
frame 4330 time 2165.0 binding_event at gene tetA enzyme RNAP with twist -86.16940 superhelical -0.02441 global twist -86.16940 global supercoiling -0.02441
frame 4360 time 2180.0 binding_event at DNA_topoI 28 enzyme topoI with twist -149.82726 superhelical -0.06645 global twist -86.16940 global supercoiling -0.02454
frame 4364 time 2182.0 unbinding_event at DNA_topoI 28 enzyme topoI with twist -148.33127 superhelical 0.02369 global twist -70.61103 global supercoiling -0.02053
frame 4370 time 2185.0 unbinding_event at gene tetA enzyme RNAP with twist -66.72144 superhelical -0.06927 global twist -66.72144 global supercoiling -0.01900
frame 4522 time 2261.0 binding_event at DNA_gyrase 44 enzyme gyrase with twist -66.72144 superhelical -0.01890 global twist -66.72144 global supercoiling -0.01890
frame 4523 time 2261.5 unbinding_event at DNA_gyrase 44 enzyme gyrase with twist -72.10703 superhelical -0.02144 global twist -69.41424 global supercoiling -0.02007
frame 4546 time 2273.0 binding_event at gene tetA enzyme RNAP with twist -72.10703 superhelical -0.02042 global twist -72.10703 global supercoiling -0.02042
frame 4586 time 2293.0 unbinding_event at gene tetA enzyme RNAP with twist -72.10703 superhelical -0.07440 global twist -72.10703 global supercoiling -0.02054
frame 4634 time 2317.0 binding_event at gene tetA enzyme RNAP with twist -72.10703 superhelical -0.02042 global twist -72.10703 global supercoiling -0.02042
frame 4656 time 2328.0 binding_event at DNA_gyrase 22 enzyme gyrase with twist 42.12408 superhelical 0.03008 global twist -72.10703 global supercoiling -0.02054
frame 4656 time 2328.0 unbinding_event at DNA_gyrase 22 enzyme gyrase with twist 43.02168 superhelical 0.03423 global twist -72.10703 global supercoiling -0.02054
frame 4674 time 2337.0 unbinding_event at gene tetA enzyme RNAP with twist -74.79983 superhelical -0.07440 global twist -74.79983 global supercoiling -0.02130
frame 4738 time 2369.0 binding_event at DNA_gyrase 15 enzyme gyrase with twist -74.79983 superhelical -0.02119 global twist -74.79983 global supercoiling -0.02119
frame 4743 time 2371.5 binding_event at gene tetA enzyme RNAP with twist -66.46832 superhelical -0.02406 global twist -88.26379 global supercoiling -0.02552
frame 4744 time 2372.0 unbinding_event at DNA_gyrase 15 enzyme gyrase with twist -44.88240 superhelical -0.02058 global twist -90.95659 global supercoiling -0.02644
frame 4758 time 2379.0 binding_event at DNA_topoI 48 enzyme topoI with twist -95.44207 superhelical -0.04807 global twist -93.64938 global supercoiling -0.02667
frame 4758 time 2379.0 unbinding_event at DNA_topoI 48 enzyme topoI with twist -95.14287 superhelical -0.04861 global twist -93.64938 global supercoiling -0.02667
frame 4783 time 2391.5 unbinding_event at gene tetA enzyme RNAP with twist -89.75979 superhelical -0.07540 global twist -89.75979 global supercoiling -0.02556
frame 4866 time 2433.0 binding_event at DNA_topoI 23 enzyme topoI with twist -89.75979 superhelical -0.02542 global twist -89.75979 global supercoiling -0.02542
frame 4874 time 2437.0 unbinding_event at DNA_topoI 23 enzyme topoI with twist -54.75347 superhelical -0.02071 global twist -58.64306 global supercoiling -0.01696
frame 4914 time 2457.0 binding_event at gene tetA enzyme RNAP with twist -54.75347 superhelical -0.01551 global twist -54.75347 global supercoiling -0.01551
frame 4935 time 2467.5 binding_event at DNA_gyrase 14 enzyme gyrase with twist 47.40565 superhelical 0.03343 global twist -54.75347 global supercoiling -0.01559
frame 4936 time 2468.0 unbinding_event at DNA_gyrase 14 enzyme gyrase with twist 49.20085 superhelical 0.04582 global twist -57.44627 global supercoiling -0.01670
frame 4954 time 2477.0 unbinding_event at gene tetA enzyme RNAP with twist -60.13906 superhelical -0.07094 global twist -60.13906 global supercoiling -0.01713
frame 5068 time 2534.0 binding_event at DNA_gyrase 32 enzyme gyrase with twist -60.13906 superhelical -0.01703 global twist -60.13906 global supercoiling -0.01703
frame 5070 time 2535.0 unbinding_event at DNA_gyrase 32 enzyme gyrase with twist -68.21744 superhelical -0.02768 global twist -65.52465 global supercoiling -0.01894
frame 5155 time 2577.5 binding_event at gene tetA enzyme RNAP with twist -68.21744 superhelical -0.01932 global twist -68.21744 global supercoiling -0.01932
frame 5195 time 2597.5 binding_event at DNA_gyrase 11 enzyme gyrase with twist 108.73967 superhelical 0.10095 global twist -68.21744 global supercoiling -0.01943
frame 5195 time 2597.5 unbinding_event at gene tetA enzyme RNAP with twist -175.97337 superhelical -0.07363 global twist -68.21744 global supercoiling -0.01943
frame 5203 time 2601.5 unbinding_event at DNA_gyrase 11 enzyme gyrase with twist -92.45258 superhelical -0.07545 global twist -89.75979 global supercoiling -0.02595
frame 5223 time 2611.5 binding_event at DNA_gyrase 13 enzyme gyrase with twist -92.45258 superhelical -0.02619 global twist -92.45258 global supercoiling -0.02619
frame 5227 time 2613.5 unbinding_event at DNA_gyrase 13 enzyme gyrase with twist -105.91655 superhelical -0.02930 global twist -103.22376 global supercoiling -0.02984
frame 5268 time 2634.0 binding_event at DNA_gyrase 3 enzyme gyrase with twist -105.91655 superhelical -0.03000 global twist -105.91655 global supercoiling -0.03000
frame 5272 time 2636.0 unbinding_event at DNA_gyrase 3 enzyme gyrase with twist -119.38052 superhelical -0.03417 global twist -116.68773 global supercoiling -0.03374
frame 5286 time 2643.0 binding_event at DNA_gyrase 18 enzyme gyrase with twist -119.38052 superhelical -0.03381 global twist -119.38052 global supercoiling -0.03381
frame 5300 time 2650.0 binding_event at DNA_topoI 16 enzyme topoI with twist -121.62421 superhelical -0.04085 global twist -157.07963 global supercoiling -0.04542
frame 5302 time 2651.0 unbinding_event at DNA_gyrase 18 enzyme gyrase with twist -40.70496 superhelical -0.01686 global twist -154.68604 global supercoiling -0.04567
frame 5316 time 2658.0 unbinding_event at DNA_topoI 16 enzyme topoI with twist -99.03497 superhelical -0.03019 global twist -102.92456 global supercoiling -0.02976
frame 5341 time 2670.5 binding_event at DNA_gyrase 16 enzyme gyrase with twist -99.03497 superhelical -0.02805 global twist -99.03497 global supercoiling -0.02805
frame 5350 time 2675.0 unbinding_event at DNA_gyrase 16 enzyme gyrase with twist -125.96291 superhelical -0.03338 global twist -123.27011 global supercoiling -0.03564
frame 5351 time 2675.5 binding_event at gene mKalama1 enzyme RNAP with twist -125.96291 superhelical -0.03568 global twist -125.96291 global supercoiling -0.03568
frame 5378 time 2689.0 unbinding_event at gene mKalama1 enzyme RNAP with twist -125.96291 superhelical 0.53383 global twist -125.96291 global supercoiling -0.03587
frame 5384 time 2692.0 binding_event at gene tetA enzyme RNAP with twist -125.96291 superhelical -0.03568 global twist -125.96291 global supercoiling -0.03568
frame 5387 time 2693.5 binding_event at gene tetA enzyme RNAP with twist -72.33587 superhelical -0.04087 global twist -125.96291 global supercoiling -0.03587
frame 5398 time 2699.0 binding_event at gene tetA enzyme RNAP with twist -110.39631 superhelical -0.05769 global twist -125.96291 global supercoiling -0.03607
frame 5407 time 2703.5 binding_event at DNA_topoI 30 enzyme topoI with twist -132.31878 superhelical -0.07047 global twist -125.96291 global supercoiling -0.03627
frame 5411 time 2705.5 unbinding_event at DNA_topoI 30 enzyme topoI with twist -130.82278 superhelical -0.03421 global twist -110.40454 global supercoiling -0.03246
frame 5424 time 2712.0 unbinding_event at gene tetA enzyme RNAP with twist 81.37398 superhelical -0.04131 global twist -106.51495 global supercoiling -0.03067
frame 5427 time 2713.5 unbinding_event at gene tetA enzyme RNAP with twist 81.75409 superhelical -0.05827 global twist -106.51495 global supercoiling -0.03050
frame 5433 time 2716.5 binding_event at gene tetA enzyme RNAP with twist -206.22100 superhelical -0.08796 global twist -106.51495 global supercoiling -0.03033
frame 5438 time 2719.0 unbinding_event at gene tetA enzyme RNAP with twist 67.22550 superhelical -0.08868 global twist -106.51495 global supercoiling -0.03050
frame 5455 time 2727.5 binding_event at gene Raspberry enzyme RNAP with twist -231.18672 superhelical -0.10951 global twist -106.51495 global supercoiling -0.03033
frame 5473 time 2736.5 unbinding_event at gene tetA enzyme RNAP with twist 45.95074 superhelical -0.11051 global twist -106.51495 global supercoiling -0.03050
frame 5482 time 2741.0 unbinding_event at gene Raspberry enzyme RNAP with twist -106.51495 superhelical -0.14607 global twist -106.51495 global supercoiling -0.03033
frame 5582 time 2791.0 binding_event at gene Raspberry enzyme RNAP with twist -106.51495 superhelical -0.03017 global twist -106.51495 global supercoiling -0.03017
frame 5609 time 2804.5 unbinding_event at gene Raspberry enzyme RNAP with twist -106.51495 superhelical -0.09775 global twist -106.51495 global supercoiling -0.03033
frame 5641 time 2820.5 binding_event at DNA_topoI 24 enzyme topoI with twist -106.51495 superhelical -0.03017 global twist -106.51495 global supercoiling -0.03017
frame 5642 time 2821.0 unbinding_event at DNA_topoI 24 enzyme topoI with twist -98.73577 superhelical -0.02965 global twist -102.62536 global supercoiling -0.02967
frame 5672 time 2836.0 binding_event at gene tetA enzyme RNAP with twist -98.73577 superhelical -0.02797 global twist -98.73577 global supercoiling -0.02797
frame 5690 time 2845.0 binding_event at gene tetA enzyme RNAP with twist -112.88441 superhelical -0.05535 global twist -98.73577 global supercoiling -0.02812
frame 5712 time 2856.0 unbinding_event at gene tetA enzyme RNAP with twist 79.74149 superhelical -0.05588 global twist -98.73577 global supercoiling -0.02827
frame 5730 time 2865.0 unbinding_event at gene tetA enzyme RNAP with twist -98.73577 superhelical -0.09914 global twist -98.73577 global supercoiling -0.02812
frame 5736 time 2868.0 binding_event at gene tetA enzyme RNAP with twist -98.73577 superhelical -0.02797 global twist -98.73577 global supercoiling -0.02797
frame 5755 time 2877.5 binding_event at gene tetA enzyme RNAP with twist -116.47480 superhelical -0.05662 global twist -98.73577 global supercoiling -0.02812
frame 5764 time 2882.0 binding_event at gene tetA enzyme RNAP with twist -130.39037 superhelical -0.06944 global twist -98.73577 global supercoiling -0.02827
frame 5776 time 2888.0 unbinding_event at gene tetA enzyme RNAP with twist 78.32969 superhelical -0.05715 global twist -98.73577 global supercoiling -0.02843
frame 5795 time 2897.5 unbinding_event at gene tetA enzyme RNAP with twist 136.55585 superhelical -0.07015 global twist -98.73577 global supercoiling -0.02827
frame 5804 time 2902.0 unbinding_event at gene tetA enzyme RNAP with twist -98.73577 superhelical -0.10913 global twist -98.73577 global supercoiling -0.02812
frame 5851 time 2925.5 binding_event at DNA_topoI 22 enzyme topoI with twist -98.73577 superhelical -0.02797 global twist -98.73577 global supercoiling -0.02797
frame 5855 time 2927.5 binding_event at gene tetA enzyme RNAP with twist -85.42192 superhelical -0.02616 global twist -83.17741 global supercoiling -0.02405
frame 5856 time 2928.0 unbinding_event at DNA_topoI 22 enzyme topoI with twist -23.04966 superhelical -0.01954 global twist -79.28781 global supercoiling -0.02305
frame 5895 time 2947.5 unbinding_event at gene tetA enzyme RNAP with twist -75.39822 superhelical -0.07845 global twist -75.39822 global supercoiling -0.02147
frame 5965 time 2982.5 binding_event at DNA_topoI 19 enzyme topoI with twist -75.39822 superhelical -0.02136 global twist -75.39822 global supercoiling -0.02136
frame 5966 time 2983.0 unbinding_event at DNA_topoI 19 enzyme topoI with twist -67.61904 superhelical -0.02052 global twist -71.50863 global supercoiling -0.02067
frame 6019 time 3009.5 binding_event at gene Raspberry enzyme RNAP with twist -67.61904 superhelical -0.01915 global twist -67.61904 global supercoiling -0.01915
frame 6035 time 3017.5 binding_event at gene tetA enzyme RNAP with twist 4.50798 superhelical 0.00183 global twist -67.61904 global supercoiling -0.01926
frame 6045 time 3022.5 binding_event at DNA_topoI 26 enzyme topoI with twist -108.03093 superhelical -0.08789 global twist -67.61904 global supercoiling -0.01936
frame 6046 time 3023.0 unbinding_event at gene Raspberry enzyme RNAP with twist -106.77417 superhelical -0.08767 global twist -63.72945 global supercoiling -0.01863
frame 6061 time 3030.5 unbinding_event at DNA_topoI 26 enzyme topoI with twist -101.74963 superhelical 0.77573 global twist -5.38559 global supercoiling -0.00157
frame 6064 time 3032.0 binding_event at gene tetA enzyme RNAP with twist -108.93042 superhelical -0.04870 global twist -1.49600 global supercoiling -0.00043
frame 6072 time 3036.0 binding_event at DNA_topoI 0 enzyme topoI with twist -113.02223 superhelical -0.06077 global twist -1.49600 global supercoiling -0.00043
frame 6075 time 3037.5 unbinding_event at gene tetA enzyme RNAP with twist 125.88780 superhelical -0.04912 global twist 10.17278 global supercoiling 0.00297
frame 6078 time 3039.0 unbinding_event at DNA_topoI 0 enzyme topoI with twist -110.92783 superhelical -0.05513 global twist 21.84155 global supercoiling 0.00635
frame 6093 time 3046.5 binding_event at DNA_gyrase 11 enzyme gyrase with twist 186.92445 superhelical 0.14665 global twist 25.73114 global supercoiling 0.00733
frame 6093 time 3046.5 unbinding_event at DNA_gyrase 11 enzyme gyrase with twist 187.82205 superhelical 0.18045 global twist 25.73114 global supercoiling 0.00733
frame 6104 time 3052.0 unbinding_event at gene tetA enzyme RNAP with twist 23.03835 superhelical -0.08330 global twist 23.03835 global supercoiling 0.00656
frame 6181 time 3090.5 binding_event at gene tetA enzyme RNAP with twist 23.03835 superhelical 0.00653 global twist 23.03835 global supercoiling 0.00653
frame 6195 time 3097.5 binding_event at gene tetA enzyme RNAP with twist -39.00543 superhelical -0.01982 global twist 23.03835 global supercoiling 0.00656
frame 6221 time 3110.5 unbinding_event at gene tetA enzyme RNAP with twist 154.33628 superhelical -0.02002 global twist 23.03835 global supercoiling 0.00660
frame 6232 time 3116.0 binding_event at DNA_gyrase 46 enzyme gyrase with twist -167.20185 superhelical -0.07024 global twist 23.03835 global supercoiling 0.00656
frame 6235 time 3117.5 unbinding_event at gene tetA enzyme RNAP with twist 118.89266 superhelical -0.08723 global twist 14.95997 global supercoiling 0.00435
frame 6236 time 3118.0 binding_event at DNA_gyrase 20 enzyme gyrase with twist 118.89266 superhelical 0.05769 global twist 12.26717 global supercoiling 0.00355
frame 6240 time 3120.0 unbinding_event at DNA_gyrase 20 enzyme gyrase with twist 98.69670 superhelical 0.05162 global twist -9.27518 global supercoiling -0.00274
frame 6241 time 3120.5 binding_event at DNA_topoI 37 enzyme topoI with twist -113.35747 superhelical -0.08109 global twist -14.66077 global supercoiling -0.00424
frame 6242 time 3121.0 unbinding_event at DNA_gyrase 46 enzyme gyrase with twist 48.09278 superhelical -0.08340 global twist -13.46397 global supercoiling -0.00398
frame 6245 time 3122.5 unbinding_event at DNA_topoI 37 enzyme topoI with twist -0.59840 superhelical -0.07255 global twist -4.48799 global supercoiling -0.00130
frame 6261 time 3130.5 binding_event at gene tetA enzyme RNAP with twist -0.59840 superhelical -0.00017 global twist -0.59840 global supercoiling -0.00017
frame 6269 time 3134.5 binding_event at gene tetA enzyme RNAP with twist -29.01560 superhelical -0.01560 global twist -0.59840 global supercoiling -0.00017
frame 6301 time 3150.5 unbinding_event at gene tetA enzyme RNAP with twist 144.93808 superhelical -0.01576 global twist -0.59840 global supercoiling -0.00017
frame 6309 time 3154.5 unbinding_event at gene tetA enzyme RNAP with twist -0.59840 superhelical -0.07106 global twist -0.59840 global supercoiling -0.00017
frame 6358 time 3179.0 binding_event at DNA_gyrase 46 enzyme gyrase with twist -0.59840 superhelical -0.00017 global twist -0.59840 global supercoiling -0.00017
frame 6364 time 3182.0 unbinding_event at DNA_gyrase 46 enzyme gyrase with twist -19.44795 superhelical -0.00692 global twist -16.75516 global supercoiling -0.00484
frame 6389 time 3194.5 binding_event at DNA_gyrase 41 enzyme gyrase with twist -19.44795 superhelical -0.00551 global twist -19.44795 global supercoiling -0.00551
frame 6396 time 3198.0 unbinding_event at DNA_gyrase 41 enzyme gyrase with twist -40.99030 superhelical -0.01599 global twist -38.29751 global supercoiling -0.01107
frame 6412 time 3206.0 binding_event at DNA_topoI 27 enzyme topoI with twist -40.99030 superhelical -0.01161 global twist -40.99030 global supercoiling -0.01161
frame 6415 time 3207.5 unbinding_event at DNA_topoI 27 enzyme topoI with twist -25.43194 superhelical 0.22029 global twist -29.32153 global supercoiling -0.00848
frame 6468 time 3234.0 binding_event at DNA_gyrase 15 enzyme gyrase with twist -25.43194 superhelical -0.00720 global twist -25.43194 global supercoiling -0.00720
frame 6473 time 3236.5 unbinding_event at DNA_gyrase 15 enzyme gyrase with twist -41.58870 superhelical -0.01028 global twist -38.89591 global supercoiling -0.01125
frame 6480 time 3240.0 binding_event at gene tetA enzyme RNAP with twist -41.58870 superhelical -0.01178 global twist -41.58870 global supercoiling -0.01178
frame 6504 time 3252.0 binding_event at DNA_gyrase 42 enzyme gyrase with twist -106.49598 superhelical -0.04960 global twist -41.58870 global supercoiling -0.01184
frame 6510 time 3255.0 unbinding_event at DNA_gyrase 42 enzyme gyrase with twist -150.47828 superhelical -0.05980 global twist -57.74546 global supercoiling -0.01679
frame 6520 time 3260.0 unbinding_event at gene tetA enzyme RNAP with twist -60.43826 superhelical -0.07600 global twist -60.43826 global supercoiling -0.01721
frame 6524 time 3262.0 binding_event at gene tetA enzyme RNAP with twist -60.43826 superhelical -0.01712 global twist -60.43826 global supercoiling -0.01712
frame 6530 time 3265.0 binding_event at gene mKalama1 enzyme RNAP with twist -51.08170 superhelical -0.02801 global twist -60.43826 global supercoiling -0.01721
frame 6551 time 3275.5 binding_event at DNA_gyrase 17 enzyme gyrase with twist 66.04167 superhelical 0.05039 global twist -60.43826 global supercoiling -0.01731
frame 6557 time 3278.5 unbinding_event at gene mKalama1 enzyme RNAP with twist -151.61267 superhelical 0.56767 global twist -76.59502 global supercoiling -0.02239
frame 6564 time 3282.0 unbinding_event at gene tetA enzyme RNAP with twist -108.76728 superhelical -0.07208 global twist -95.44458 global supercoiling -0.02775
frame 6564 time 3282.0 unbinding_event at DNA_gyrase 17 enzyme gyrase with twist -98.13737 superhelical -0.07208 global twist -95.44458 global supercoiling -0.02775
frame 6604 time 3302.0 binding_event at gene tetA enzyme RNAP with twist -98.13737 superhelical -0.02780 global twist -98.13737 global supercoiling -0.02780
frame 6631 time 3315.5 binding_event at DNA_gyrase 16 enzyme gyrase with twist 46.76809 superhelical 0.03569 global twist -98.13737 global supercoiling -0.02795
frame 6635 time 3317.5 binding_event at DNA_topoI 45 enzyme topoI with twist -159.26703 superhelical -0.07008 global twist -108.90855 global supercoiling -0.03166
frame 6635 time 3317.5 unbinding_event at DNA_gyrase 16 enzyme gyrase with twist 51.25608 superhelical 0.06563 global twist -108.90855 global supercoiling -0.03166
frame 6644 time 3322.0 unbinding_event at gene tetA enzyme RNAP with twist 3.80522 superhelical -0.07565 global twist -76.59502 global supercoiling -0.02227
frame 6647 time 3323.5 binding_event at DNA_topoI 26 enzyme topoI with twist -72.62106 superhelical -0.05476 global twist -64.92625 global supercoiling -0.01877
frame 6653 time 3326.5 unbinding_event at DNA_topoI 45 enzyme topoI with twist -21.99573 superhelical -0.03350 global twist -18.25116 global supercoiling -0.00539
frame 6654 time 3327.0 unbinding_event at DNA_topoI 26 enzyme topoI with twist -6.58238 superhelical 0.35168 global twist -10.47198 global supercoiling -0.00303
frame 6712 time 3356.0 binding_event at gene tetA enzyme RNAP with twist -6.58238 superhelical -0.00186 global twist -6.58238 global supercoiling -0.00186
frame 6752 time 3376.0 unbinding_event at gene tetA enzyme RNAP with twist -6.58238 superhelical -0.06134 global twist -6.58238 global supercoiling -0.00187
frame 6810 time 3405.0 binding_event at DNA_gyrase 44 enzyme gyrase with twist -6.58238 superhelical -0.00186 global twist -6.58238 global supercoiling -0.00186
frame 6825 time 3412.5 unbinding_event at DNA_gyrase 44 enzyme gyrase with twist -49.66708 superhelical -0.01908 global twist -46.97429 global supercoiling -0.01358
frame 6847 time 3423.5 binding_event at gene tetA enzyme RNAP with twist -49.66708 superhelical -0.01407 global twist -49.66708 global supercoiling -0.01407
frame 6887 time 3443.5 unbinding_event at gene tetA enzyme RNAP with twist -49.66708 superhelical -0.06993 global twist -49.66708 global supercoiling -0.01414
frame 7031 time 3515.5 binding_event at gene tetA enzyme RNAP with twist -49.66708 superhelical -0.01407 global twist -49.66708 global supercoiling -0.01407
frame 7052 time 3526.0 binding_event at DNA_gyrase 15 enzyme gyrase with twist 50.00605 superhelical 0.03526 global twist -49.66708 global supercoiling -0.01414
frame 7056 time 3528.0 unbinding_event at DNA_gyrase 15 enzyme gyrase with twist 54.49404 superhelical 0.06312 global twist -60.43826 global supercoiling -0.01757
frame 7071 time 3535.5 unbinding_event at gene tetA enzyme RNAP with twist -63.13105 superhelical -0.06993 global twist -63.13105 global supercoiling -0.01798
frame 7089 time 3544.5 binding_event at DNA_topoI 27 enzyme topoI with twist -63.13105 superhelical -0.01788 global twist -63.13105 global supercoiling -0.01788
frame 7089 time 3544.5 unbinding_event at DNA_topoI 27 enzyme topoI with twist -59.24146 superhelical 0.03978 global twist -63.13105 global supercoiling -0.01788
frame 7093 time 3546.5 binding_event at DNA_topoI 20 enzyme topoI with twist -59.24146 superhelical -0.01678 global twist -59.24146 global supercoiling -0.01678
frame 7097 time 3548.5 unbinding_event at DNA_topoI 20 enzyme topoI with twist -39.79351 superhelical -0.01401 global twist -43.68310 global supercoiling -0.01263
frame 7132 time 3566.0 binding_event at gene tetA enzyme RNAP with twist -39.79351 superhelical -0.01127 global twist -39.79351 global supercoiling -0.01127
frame 7157 time 3578.5 binding_event at gene tetA enzyme RNAP with twist -109.20897 superhelical -0.05044 global twist -39.79351 global supercoiling -0.01133
frame 7168 time 3584.0 binding_event at DNA_topoI 0 enzyme topoI with twist -126.83712 superhelical -0.06628 global twist -39.79351 global supercoiling -0.01139
frame 7168 time 3584.0 unbinding_event at DNA_topoI 0 enzyme topoI with twist -126.53792 superhelical -0.06771 global twist -39.79351 global supercoiling -0.01139
frame 7172 time 3586.0 unbinding_event at gene tetA enzyme RNAP with twist 104.99557 superhelical -0.05089 global twist -35.90392 global supercoiling -0.01028
frame 7197 time 3598.5 unbinding_event at gene tetA enzyme RNAP with twist -35.90392 superhelical -0.09406 global twist -35.90392 global supercoiling -0.01022
frame 7198 time 3599.0 binding_event at DNA_topoI 48 enzyme topoI with twist -35.90392 superhelical -0.01017 global twist -35.90392 global supercoiling -0.01017
frame 7202 time 3601.0 unbinding_event at DNA_topoI 48 enzyme topoI with twist -16.45596 superhelical -0.00407 global twist -20.34555 global supercoiling -0.00588
frame 7221 time 3610.5 binding_event at gene tetA enzyme RNAP with twist -16.45596 superhelical -0.00466 global twist -16.45596 global supercoiling -0.00466
frame 7258 time 3629.0 binding_event at DNA_gyrase 23 enzyme gyrase with twist 124.43142 superhelical 0.11002 global twist -16.45596 global supercoiling -0.00469
frame 7260 time 3630.0 binding_event at DNA_gyrase 41 enzyme gyrase with twist -148.06817 superhelical -0.06128 global twist -21.84155 global supercoiling -0.00635
frame 7261 time 3630.5 unbinding_event at gene tetA enzyme RNAP with twist 26.73093 superhelical -0.06882 global twist -27.22714 global supercoiling -0.00808
frame 7264 time 3632.0 unbinding_event at DNA_gyrase 41 enzyme gyrase with twist -53.68596 superhelical -0.06964 global twist -43.38390 global supercoiling -0.01281
frame 7266 time 3633.0 unbinding_event at DNA_gyrase 23 enzyme gyrase with twist -54.15507 superhelical -0.01690 global twist -51.46228 global supercoiling -0.01488
frame 7429 time 3714.5 binding_event at DNA_gyrase 34 enzyme gyrase with twist -54.15507 superhelical -0.01534 global twist -54.15507 global supercoiling -0.01534
frame 7435 time 3717.5 unbinding_event at DNA_gyrase 34 enzyme gyrase with twist -73.00463 superhelical -0.03324 global twist -70.31184 global supercoiling -0.02033
frame 7610 time 3805.0 binding_event at DNA_topoI 8 enzyme topoI with twist -73.00463 superhelical -0.02068 global twist -73.00463 global supercoiling -0.02068
frame 7614 time 3807.0 unbinding_event at DNA_topoI 8 enzyme topoI with twist -53.55667 superhelical -0.01680 global twist -57.44627 global supercoiling -0.01661
frame 7637 time 3818.5 binding_event at DNA_gyrase 19 enzyme gyrase with twist -53.55667 superhelical -0.01517 global twist -53.55667 global supercoiling -0.01517
frame 7639 time 3819.5 binding_event at DNA_gyrase 27 enzyme gyrase with twist -49.91162 superhelical -0.01637 global twist -58.94226 global supercoiling -0.01704
frame 7643 time 3821.5 unbinding_event at DNA_gyrase 27 enzyme gyrase with twist -70.10757 superhelical -0.21766 global twist -80.48461 global supercoiling -0.02376
frame 7646 time 3823.0 unbinding_event at DNA_gyrase 19 enzyme gyrase with twist -93.94858 superhelical -0.02431 global twist -91.25579 global supercoiling -0.02638
frame 7709 time 3854.5 binding_event at gene tetA enzyme RNAP with twist -93.94858 superhelical -0.02661 global twist -93.94858 global supercoiling -0.02661
frame 7739 time 3869.5 binding_event at gene tetA enzyme RNAP with twist -153.62936 superhelical -0.06814 global twist -93.94858 global supercoiling -0.02676
frame 7749 time 3874.5 unbinding_event at gene tetA enzyme RNAP with twist 63.48175 superhelical -0.06872 global twist -93.94858 global supercoiling -0.02690
frame 7760 time 3880.0 binding_event at DNA_topoI 46 enzyme topoI with twist -193.33425 superhelical -0.09236 global twist -93.94858 global supercoiling -0.02676
frame 7766 time 3883.0 unbinding_event at DNA_topoI 46 enzyme topoI with twist -191.23986 superhelical -0.08591 global twist -70.61103 global supercoiling -0.02053
frame 7771 time 3885.5 binding_event at DNA_topoI 38 enzyme topoI with twist -205.60142 superhelical -0.08976 global twist -66.72144 global supercoiling -0.01900
frame 7771 time 3885.5 unbinding_event at DNA_topoI 38 enzyme topoI with twist -205.30222 superhelical -0.09030 global twist -66.72144 global supercoiling -0.01900
frame 7779 time 3889.5 unbinding_event at gene tetA enzyme RNAP with twist -62.83185 superhelical -0.09543 global twist -62.83185 global supercoiling -0.01789
frame 7867 time 3933.5 binding_event at DNA_gyrase 48 enzyme gyrase with twist -62.83185 superhelical -0.01780 global twist -62.83185 global supercoiling -0.01780
frame 7868 time 3934.0 unbinding_event at DNA_gyrase 48 enzyme gyrase with twist -68.21744 superhelical -0.01991 global twist -65.52465 global supercoiling -0.01894
frame 7986 time 3993.0 binding_event at gene tetA enzyme RNAP with twist -68.21744 superhelical -0.01932 global twist -68.21744 global supercoiling -0.01932
