TORCphysics log file 

General information: 
---------------------------------------------------------------------------------------
Circuit name: Pleu500_83
Size: 6000
Structure: circle
Number of sites: 110
Number of frames: 10000
Simulation time: 2500.0
Simulation timestep: 0.25
Seed: 2343244102583511573
 
Overall simulation information 
---------------------------------------------------------------------------------------
Initial twist: -211.83310
Final twist: -41.28950
Initial superhelical density: -0.06000
Final superhelical density: -0.01176
 
Overall rates 
---------------------------------------------------------------------------------------
site type            site name            #binding events      #unbinding events    binding rates        
 DNA_topoI            DNA_topoI_global                     44.0                 44.0                0.0176 
DNA_gyrase           DNA_gyrase_global                    54.0                 54.0                0.0216 
EXT                  EXT                                   0.0                  0.0                   0.0 
gene                 tetA                                 37.0                 36.0                0.0148 
gene                 CDS                                   0.0                  0.0                   0.0 
origin               ori                                   0.0                  0.0                   0.0 
lacOP                lac1                                  0.0                  0.0                   0.0 
gene                 mKalama1                              5.0                  5.0                 0.002 
lacOP                lac2                                  0.0                  0.0                   0.0 
gene                 Raspberry                             5.0                  5.0                 0.002 
 
Events
---------------------------------------------------------------------------------------
frame 20 time 5.0 binding_event at gene tetA enzyme RNAP with twist -211.83310 superhelical -0.06000 global twist -211.83310 global supercoiling -0.06000
frame 183 time 45.75 unbinding_event at gene tetA enzyme RNAP with twist -211.83310 superhelical -0.10225 global twist -211.83310 global supercoiling -0.06033
frame 233 time 58.25 binding_event at DNA_topoI 11 enzyme topoI with twist -211.83310 superhelical -0.06000 global twist -211.83310 global supercoiling -0.06000
frame 242 time 60.5 unbinding_event at DNA_topoI 11 enzyme topoI with twist -192.38515 superhelical -0.05732 global twist -194.32995 global supercoiling -0.05619
frame 518 time 129.5 binding_event at DNA_topoI 38 enzyme topoI with twist -192.38515 superhelical -0.05449 global twist -192.38515 global supercoiling -0.05449
frame 519 time 129.75 unbinding_event at DNA_topoI 38 enzyme topoI with twist -188.49556 superhelical -0.05326 global twist -190.44035 global supercoiling -0.05506
frame 621 time 155.25 binding_event at DNA_topoI 15 enzyme topoI with twist -188.49556 superhelical -0.05339 global twist -188.49556 global supercoiling -0.05339
frame 621 time 155.25 unbinding_event at DNA_topoI 15 enzyme topoI with twist -186.55076 superhelical -0.05415 global twist -188.49556 global supercoiling -0.05339
frame 674 time 168.5 binding_event at DNA_topoI 33 enzyme topoI with twist -186.55076 superhelical -0.05284 global twist -186.55076 global supercoiling -0.05284
frame 682 time 170.5 unbinding_event at DNA_topoI 33 enzyme topoI with twist -169.04760 superhelical -0.03509 global twist -170.99240 global supercoiling -0.04944
frame 731 time 182.75 binding_event at DNA_topoI 45 enzyme topoI with twist -169.04760 superhelical -0.04788 global twist -169.04760 global supercoiling -0.04788
frame 731 time 182.75 unbinding_event at DNA_topoI 45 enzyme topoI with twist -167.10281 superhelical -0.04814 global twist -169.04760 global supercoiling -0.04788
frame 744 time 186.0 binding_event at gene tetA enzyme RNAP with twist -167.10281 superhelical -0.04733 global twist -167.10281 global supercoiling -0.04733
frame 745 time 186.25 binding_event at DNA_topoI 29 enzyme topoI with twist -82.56952 superhelical -0.04799 global twist -167.10281 global supercoiling -0.04759
frame 753 time 188.25 unbinding_event at DNA_topoI 29 enzyme topoI with twist -73.14475 superhelical -0.00067 global twist -151.54445 global supercoiling -0.04406
frame 755 time 188.75 binding_event at DNA_topoI 31 enzyme topoI with twist -74.04234 superhelical -0.04194 global twist -149.59965 global supercoiling -0.04260
frame 755 time 188.75 unbinding_event at DNA_topoI 31 enzyme topoI with twist -72.99515 superhelical -0.04068 global twist -149.59965 global supercoiling -0.04260
frame 756 time 189.0 binding_event at gene tetA enzyme RNAP with twist -72.99515 superhelical -0.04124 global twist -147.65485 global supercoiling -0.04205
frame 868 time 217.0 binding_event at gene Raspberry enzyme RNAP with twist -172.07918 superhelical -0.07755 global twist -147.65485 global supercoiling -0.04228
frame 885 time 221.25 binding_event at gene tetA enzyme RNAP with twist -112.44129 superhelical -0.07823 global twist -147.65485 global supercoiling -0.04251
frame 904 time 226.0 binding_event at gene mKalama1 enzyme RNAP with twist -91.95141 superhelical -0.09952 global twist -147.65485 global supercoiling -0.04275
frame 907 time 226.75 unbinding_event at gene tetA enzyme RNAP with twist 60.32824 superhelical -0.04169 global twist -147.65485 global supercoiling -0.04299
frame 919 time 229.75 unbinding_event at gene tetA enzyme RNAP with twist 26.71594 superhelical -0.07928 global twist -147.65485 global supercoiling -0.04275
frame 924 time 231.0 binding_event at gene Raspberry enzyme RNAP with twist -62.05412 superhelical -0.14206 global twist -147.65485 global supercoiling -0.04251
frame 926 time 231.5 binding_event at DNA_gyrase 4 enzyme gyrase with twist 32.10153 superhelical 0.01992 global twist -147.65485 global supercoiling -0.04275
frame 930 time 232.5 unbinding_event at DNA_gyrase 4 enzyme gyrase with twist 29.85754 superhelical 0.07295 global twist -153.04044 global supercoiling -0.04525
frame 961 time 240.25 binding_event at DNA_topoI 2 enzyme topoI with twist -68.05782 superhelical -0.07928 global twist -154.38684 global supercoiling -0.04470
frame 962 time 240.5 binding_event at DNA_gyrase 29 enzyme gyrase with twist -13.74053 superhelical -0.03549 global twist -152.44204 global supercoiling -0.04507
frame 973 time 243.25 binding_event at DNA_gyrase 11 enzyme gyrase with twist 67.55665 superhelical 0.04825 global twist -145.85966 global supercoiling -0.04406
frame 973 time 243.25 unbinding_event at DNA_gyrase 11 enzyme gyrase with twist 67.10785 superhelical 0.05218 global twist -145.85966 global supercoiling -0.04406
frame 976 time 244.0 unbinding_event at gene Raspberry enzyme RNAP with twist -59.06719 superhelical -0.14857 global twist -145.41086 global supercoiling -0.04393
frame 980 time 245.0 unbinding_event at DNA_topoI 2 enzyme topoI with twist -63.65618 superhelical -0.06519 global twist -143.01727 global supercoiling -0.04295
frame 981 time 245.25 binding_event at DNA_gyrase 15 enzyme gyrase with twist 73.39103 superhelical 0.05379 global twist -142.41887 global supercoiling -0.04187
frame 981 time 245.25 unbinding_event at DNA_gyrase 29 enzyme gyrase with twist -22.71651 superhelical -0.11958 global twist -142.41887 global supercoiling -0.04187
frame 984 time 246.0 unbinding_event at DNA_gyrase 15 enzyme gyrase with twist 71.59584 superhelical 0.06010 global twist -147.80445 global supercoiling -0.04346
frame 1013 time 253.25 unbinding_event at gene mKalama1 enzyme RNAP with twist -183.12085 superhelical 0.03906 global twist -149.15085 global supercoiling -0.04294
frame 1032 time 258.0 unbinding_event at gene Raspberry enzyme RNAP with twist -263.83139 superhelical -0.15994 global twist -149.15085 global supercoiling -0.04271
frame 1043 time 260.75 binding_event at DNA_gyrase 22 enzyme gyrase with twist 123.65652 superhelical 0.11385 global twist -149.15085 global supercoiling -0.04248
frame 1048 time 262.0 unbinding_event at gene tetA enzyme RNAP with twist -176.82704 superhelical -0.11344 global twist -155.88284 global supercoiling -0.04532
frame 1049 time 262.25 unbinding_event at DNA_gyrase 22 enzyme gyrase with twist -158.57563 superhelical -0.05437 global twist -157.22923 global supercoiling -0.04546
frame 1200 time 300.0 binding_event at DNA_gyrase 35 enzyme gyrase with twist -158.57563 superhelical -0.04492 global twist -158.57563 global supercoiling -0.04492
frame 1210 time 302.5 unbinding_event at DNA_gyrase 35 enzyme gyrase with twist -173.38599 superhelical -0.05803 global twist -172.03960 global supercoiling -0.04974
frame 1233 time 308.25 binding_event at gene tetA enzyme RNAP with twist -173.38599 superhelical -0.04911 global twist -173.38599 global supercoiling -0.04911
frame 1355 time 338.75 binding_event at DNA_gyrase 12 enzyme gyrase with twist 20.86380 superhelical 0.01672 global twist -173.38599 global supercoiling -0.04938
frame 1357 time 339.25 unbinding_event at DNA_gyrase 12 enzyme gyrase with twist 19.51740 superhelical 0.02139 global twist -176.07879 global supercoiling -0.05119
frame 1396 time 349.0 unbinding_event at gene tetA enzyme RNAP with twist -177.42519 superhelical -0.09459 global twist -177.42519 global supercoiling -0.05053
frame 1513 time 378.25 binding_event at DNA_gyrase 37 enzyme gyrase with twist -177.42519 superhelical -0.05025 global twist -177.42519 global supercoiling -0.05025
frame 1520 time 380.0 unbinding_event at DNA_gyrase 37 enzyme gyrase with twist -188.19636 superhelical -0.05846 global twist -186.84996 global supercoiling -0.05402
frame 1528 time 382.0 binding_event at DNA_topoI 15 enzyme topoI with twist -188.19636 superhelical -0.05331 global twist -188.19636 global supercoiling -0.05331
frame 1536 time 384.0 unbinding_event at DNA_topoI 15 enzyme topoI with twist -170.69320 superhelical -0.05124 global twist -172.63800 global supercoiling -0.04991
frame 1538 time 384.5 binding_event at DNA_topoI 45 enzyme topoI with twist -170.69320 superhelical -0.04835 global twist -170.69320 global supercoiling -0.04835
frame 1558 time 389.5 unbinding_event at DNA_topoI 45 enzyme topoI with twist -129.85250 superhelical -0.03395 global twist -131.79729 global supercoiling -0.03811
frame 1580 time 395.0 binding_event at DNA_gyrase 37 enzyme gyrase with twist -129.85250 superhelical -0.03678 global twist -129.85250 global supercoiling -0.03678
frame 1584 time 396.0 unbinding_event at DNA_gyrase 37 enzyme gyrase with twist -136.58448 superhelical -0.04202 global twist -135.23808 global supercoiling -0.03910
frame 1597 time 399.25 binding_event at DNA_topoI 5 enzyme topoI with twist -136.58448 superhelical -0.03869 global twist -136.58448 global supercoiling -0.03869
frame 1601 time 400.25 unbinding_event at DNA_topoI 5 enzyme topoI with twist -126.86050 superhelical -0.03711 global twist -128.80530 global supercoiling -0.03724
frame 1610 time 402.5 binding_event at DNA_topoI 7 enzyme topoI with twist -126.86050 superhelical -0.03593 global twist -126.86050 global supercoiling -0.03593
frame 1611 time 402.75 unbinding_event at DNA_topoI 7 enzyme topoI with twist -122.97091 superhelical -0.03579 global twist -124.91571 global supercoiling -0.03612
frame 1718 time 429.5 binding_event at DNA_topoI 21 enzyme topoI with twist -122.97091 superhelical -0.03483 global twist -122.97091 global supercoiling -0.03483
frame 1727 time 431.75 unbinding_event at DNA_topoI 21 enzyme topoI with twist -103.52296 superhelical -0.03251 global twist -105.46775 global supercoiling -0.03049
frame 1878 time 469.5 binding_event at DNA_topoI 9 enzyme topoI with twist -103.52296 superhelical -0.02932 global twist -103.52296 global supercoiling -0.02932
frame 1886 time 471.5 binding_event at DNA_topoI 44 enzyme topoI with twist -62.00031 superhelical -0.02659 global twist -87.96459 global supercoiling -0.02543
frame 1893 time 473.25 unbinding_event at DNA_topoI 9 enzyme topoI with twist -30.21162 superhelical -0.01196 global twist -60.73746 global supercoiling -0.01793
frame 1896 time 474.0 unbinding_event at DNA_topoI 44 enzyme topoI with twist -51.01348 superhelical -0.01891 global twist -52.95828 global supercoiling -0.01531
frame 1904 time 476.0 binding_event at DNA_gyrase 3 enzyme gyrase with twist -51.01348 superhelical -0.01445 global twist -51.01348 global supercoiling -0.01445
frame 1923 time 480.75 unbinding_event at DNA_gyrase 3 enzyme gyrase with twist -77.94142 superhelical -0.02183 global twist -76.59502 global supercoiling -0.02215
frame 2284 time 571.0 binding_event at DNA_topoI 14 enzyme topoI with twist -77.94142 superhelical -0.02208 global twist -77.94142 global supercoiling -0.02208
frame 2296 time 574.0 unbinding_event at DNA_topoI 14 enzyme topoI with twist -52.65908 superhelical -0.01784 global twist -54.60387 global supercoiling -0.01579
frame 2538 time 634.5 binding_event at gene tetA enzyme RNAP with twist -52.65908 superhelical -0.01492 global twist -52.65908 global supercoiling -0.01492
frame 2626 time 656.5 binding_event at DNA_gyrase 12 enzyme gyrase with twist 52.06680 superhelical 0.03718 global twist -52.65908 global supercoiling -0.01500
frame 2653 time 663.25 unbinding_event at DNA_gyrase 12 enzyme gyrase with twist 39.50043 superhelical 0.07773 global twist -89.01179 global supercoiling -0.02588
frame 2701 time 675.25 unbinding_event at gene tetA enzyme RNAP with twist -90.35819 superhelical -0.07052 global twist -90.35819 global supercoiling -0.02573
frame 2720 time 680.0 binding_event at DNA_topoI 43 enzyme topoI with twist -90.35819 superhelical -0.02559 global twist -90.35819 global supercoiling -0.02559
frame 2720 time 680.0 unbinding_event at DNA_topoI 43 enzyme topoI with twist -88.41339 superhelical -0.02530 global twist -90.35819 global supercoiling -0.02559
frame 2840 time 710.0 binding_event at gene tetA enzyme RNAP with twist -88.41339 superhelical -0.02504 global twist -88.41339 global supercoiling -0.02504
frame 2851 time 712.75 binding_event at DNA_gyrase 15 enzyme gyrase with twist -35.32754 superhelical -0.02024 global twist -88.41339 global supercoiling -0.02518
frame 2858 time 714.5 binding_event at gene tetA enzyme RNAP with twist -59.36903 superhelical -0.03304 global twist -97.83817 global supercoiling -0.02844
frame 2877 time 719.25 unbinding_event at DNA_gyrase 15 enzyme gyrase with twist -47.44512 superhelical -0.01701 global twist -123.41971 global supercoiling -0.03608
frame 2903 time 725.75 binding_event at DNA_topoI 8 enzyme topoI with twist -25.00517 superhelical -0.01653 global twist -124.76611 global supercoiling -0.03573
frame 2909 time 727.25 unbinding_event at DNA_topoI 8 enzyme topoI with twist -5.10842 superhelical 0.04237 global twist -113.09734 global supercoiling -0.03307
frame 3003 time 750.75 unbinding_event at gene tetA enzyme RNAP with twist 77.20755 superhelical -0.03339 global twist -111.15254 global supercoiling -0.03183
frame 3008 time 752.0 binding_event at DNA_topoI 3 enzyme topoI with twist -191.95049 superhelical -0.08033 global twist -111.15254 global supercoiling -0.03165
frame 3021 time 755.25 unbinding_event at DNA_topoI 3 enzyme topoI with twist -177.28972 superhelical -0.07566 global twist -85.87020 global supercoiling -0.02497
frame 3021 time 755.25 unbinding_event at gene tetA enzyme RNAP with twist -83.92540 superhelical -0.07566 global twist -85.87020 global supercoiling -0.02497
frame 3073 time 768.25 binding_event at DNA_gyrase 33 enzyme gyrase with twist -83.92540 superhelical -0.02377 global twist -83.92540 global supercoiling -0.02377
frame 3076 time 769.0 unbinding_event at DNA_gyrase 33 enzyme gyrase with twist -89.31099 superhelical -0.03006 global twist -87.96459 global supercoiling -0.02543
frame 3208 time 802.0 binding_event at gene tetA enzyme RNAP with twist -89.31099 superhelical -0.02530 global twist -89.31099 global supercoiling -0.02530
frame 3247 time 811.75 binding_event at DNA_topoI 28 enzyme topoI with twist -78.65729 superhelical -0.04159 global twist -89.31099 global supercoiling -0.02543
frame 3257 time 814.25 binding_event at DNA_gyrase 14 enzyme gyrase with twist -1.67772 superhelical -0.00107 global twist -69.86304 global supercoiling -0.02031
frame 3263 time 815.75 unbinding_event at DNA_topoI 28 enzyme topoI with twist -60.85493 superhelical 0.11373 global twist -66.27265 global supercoiling -0.01968
frame 3269 time 817.25 unbinding_event at DNA_gyrase 14 enzyme gyrase with twist -7.51211 superhelical 0.00310 global twist -72.40623 global supercoiling -0.02105
frame 3323 time 830.75 binding_event at DNA_topoI 40 enzyme topoI with twist -113.81321 superhelical -0.05098 global twist -73.75263 global supercoiling -0.02100
frame 3339 time 834.75 unbinding_event at DNA_topoI 40 enzyme topoI with twist -96.01085 superhelical -0.03558 global twist -42.63590 global supercoiling -0.01240
frame 3354 time 838.5 binding_event at DNA_gyrase 17 enzyme gyrase with twist 67.88612 superhelical 0.05955 global twist -40.69110 global supercoiling -0.01159
frame 3362 time 840.5 unbinding_event at DNA_gyrase 17 enzyme gyrase with twist 63.84693 superhelical 0.07322 global twist -51.46228 global supercoiling -0.01496
frame 3371 time 842.75 unbinding_event at gene tetA enzyme RNAP with twist -52.80868 superhelical -0.05087 global twist -52.80868 global supercoiling -0.01504
frame 3437 time 859.25 binding_event at DNA_gyrase 35 enzyme gyrase with twist -52.80868 superhelical -0.01496 global twist -52.80868 global supercoiling -0.01496
frame 3438 time 859.5 unbinding_event at DNA_gyrase 35 enzyme gyrase with twist -55.50147 superhelical -0.01748 global twist -54.15507 global supercoiling -0.01566
frame 3501 time 875.25 binding_event at gene tetA enzyme RNAP with twist -55.50147 superhelical -0.01572 global twist -55.50147 global supercoiling -0.01572
frame 3543 time 885.75 binding_event at DNA_gyrase 9 enzyme gyrase with twist 9.32413 superhelical 0.00580 global twist -55.50147 global supercoiling -0.01581
frame 3555 time 888.75 unbinding_event at DNA_gyrase 9 enzyme gyrase with twist 3.48974 superhelical 0.01544 global twist -71.65823 global supercoiling -0.02083
frame 3629 time 907.25 binding_event at DNA_topoI 27 enzyme topoI with twist -142.01902 superhelical -0.06200 global twist -73.00463 global supercoiling -0.02079
frame 3636 time 909.0 unbinding_event at DNA_topoI 27 enzyme topoI with twist -133.64144 superhelical 0.16814 global twist -59.39106 global supercoiling -0.01727
frame 3664 time 916.0 unbinding_event at gene tetA enzyme RNAP with twist -57.44627 superhelical -0.06475 global twist -57.44627 global supercoiling -0.01636
frame 3694 time 923.5 binding_event at gene tetA enzyme RNAP with twist -57.44627 superhelical -0.01627 global twist -57.44627 global supercoiling -0.01627
frame 3712 time 928.0 binding_event at gene tetA enzyme RNAP with twist -44.23377 superhelical -0.02462 global twist -57.44627 global supercoiling -0.01636
frame 3723 time 930.75 binding_event at gene tetA enzyme RNAP with twist -52.57383 superhelical -0.02978 global twist -57.44627 global supercoiling -0.01645
frame 3748 time 937.0 binding_event at gene tetA enzyme RNAP with twist -74.10407 superhelical -0.04053 global twist -57.44627 global supercoiling -0.01654
frame 3791 time 947.75 binding_event at gene tetA enzyme RNAP with twist -108.88958 superhelical -0.05703 global twist -57.44627 global supercoiling -0.01663
frame 3833 time 958.25 binding_event at DNA_gyrase 46 enzyme gyrase with twist -136.57367 superhelical -0.07170 global twist -57.44627 global supercoiling -0.01672
frame 3845 time 961.25 unbinding_event at DNA_gyrase 46 enzyme gyrase with twist -165.74561 superhelical -0.08077 global twist -73.60303 global supercoiling -0.02189
frame 3846 time 961.5 binding_event at DNA_topoI 28 enzyme topoI with twist -165.74561 superhelical -0.08443 global twist -74.94942 global supercoiling -0.02182
frame 3850 time 962.5 unbinding_event at DNA_topoI 28 enzyme topoI with twist -160.50962 superhelical -0.04147 global twist -67.17024 global supercoiling -0.01997
frame 3857 time 964.25 unbinding_event at gene tetA enzyme RNAP with twist 116.30328 superhelical -0.02488 global twist -65.22545 global supercoiling -0.01899
frame 3875 time 968.75 unbinding_event at gene tetA enzyme RNAP with twist 131.55034 superhelical -0.03010 global twist -65.22545 global supercoiling -0.01888
frame 3886 time 971.5 unbinding_event at gene tetA enzyme RNAP with twist 137.61271 superhelical -0.04096 global twist -65.22545 global supercoiling -0.01878
frame 3911 time 977.75 unbinding_event at gene tetA enzyme RNAP with twist 150.03764 superhelical -0.05761 global twist -65.22545 global supercoiling -0.01868
frame 3926 time 981.5 binding_event at DNA_topoI 35 enzyme topoI with twist -227.82946 superhelical -0.09811 global twist -65.22545 global supercoiling -0.01858
frame 3926 time 981.5 unbinding_event at DNA_topoI 35 enzyme topoI with twist -226.78226 superhelical -0.09965 global twist -65.22545 global supercoiling -0.01858
frame 3947 time 986.75 binding_event at DNA_gyrase 12 enzyme gyrase with twist 181.45357 superhelical 0.16570 global twist -63.28065 global supercoiling -0.01802
frame 3947 time 986.75 unbinding_event at DNA_gyrase 12 enzyme gyrase with twist 181.00477 superhelical 0.18688 global twist -63.28065 global supercoiling -0.01802
frame 3954 time 988.5 unbinding_event at gene tetA enzyme RNAP with twist -64.62705 superhelical -0.10273 global twist -64.62705 global supercoiling -0.01840
frame 4004 time 1001.0 binding_event at gene tetA enzyme RNAP with twist -64.62705 superhelical -0.01831 global twist -64.62705 global supercoiling -0.01831
frame 4102 time 1025.5 binding_event at gene tetA enzyme RNAP with twist -119.55123 superhelical -0.05545 global twist -64.62705 global supercoiling -0.01840
frame 4106 time 1026.5 binding_event at gene tetA enzyme RNAP with twist -99.60633 superhelical -0.05744 global twist -64.62705 global supercoiling -0.01851
frame 4143 time 1035.75 binding_event at gene tetA enzyme RNAP with twist -132.74804 superhelical -0.07053 global twist -64.62705 global supercoiling -0.01861
frame 4167 time 1041.75 unbinding_event at gene tetA enzyme RNAP with twist 90.63035 superhelical -0.05595 global twist -64.62705 global supercoiling -0.01871
frame 4227 time 1056.75 binding_event at DNA_gyrase 22 enzyme gyrase with twist 143.58863 superhelical 0.11634 global twist -64.62705 global supercoiling -0.01861
frame 4230 time 1057.5 binding_event at DNA_topoI 34 enzyme topoI with twist -200.37186 superhelical -0.09511 global twist -68.66624 global supercoiling -0.02019
frame 4234 time 1058.5 unbinding_event at DNA_gyrase 22 enzyme gyrase with twist 139.99824 superhelical 0.13021 global twist -66.27265 global supercoiling -0.01990
frame 4235 time 1058.75 binding_event at DNA_topoI 40 enzyme topoI with twist -147.20174 superhelical -0.09677 global twist -65.67425 global supercoiling -0.01931
frame 4236 time 1059.0 unbinding_event at DNA_topoI 34 enzyme topoI with twist -78.56590 superhelical -0.08577 global twist -61.78466 global supercoiling -0.01856
frame 4238 time 1059.5 unbinding_event at DNA_topoI 40 enzyme topoI with twist -187.05749 superhelical -0.07923 global twist -55.95027 global supercoiling -0.01645
frame 4265 time 1066.25 unbinding_event at gene tetA enzyme RNAP with twist 167.75436 superhelical -0.05800 global twist -54.00547 global supercoiling -0.01555
frame 4269 time 1067.25 unbinding_event at gene tetA enzyme RNAP with twist 160.87755 superhelical -0.07125 global twist -54.00547 global supercoiling -0.01546
frame 4271 time 1067.75 binding_event at gene tetA enzyme RNAP with twist -215.78062 superhelical -0.09420 global twist -54.00547 global supercoiling -0.01538
frame 4306 time 1076.5 unbinding_event at gene tetA enzyme RNAP with twist 141.33724 superhelical -0.09499 global twist -54.00547 global supercoiling -0.01546
frame 4370 time 1092.5 binding_event at DNA_topoI 47 enzyme topoI with twist -251.89138 superhelical -0.11659 global twist -54.00547 global supercoiling -0.01538
frame 4372 time 1093.0 unbinding_event at DNA_topoI 47 enzyme topoI with twist -248.74979 superhelical -0.11861 global twist -50.11588 global supercoiling -0.01457
frame 4432 time 1108.0 binding_event at gene Raspberry enzyme RNAP with twist -301.70807 superhelical -0.12371 global twist -48.17109 global supercoiling -0.01372
frame 4434 time 1108.5 unbinding_event at gene tetA enzyme RNAP with twist 49.58195 superhelical -0.12469 global twist -48.17109 global supercoiling -0.01379
frame 4452 time 1113.0 binding_event at DNA_topoI 30 enzyme topoI with twist -113.01220 superhelical -0.13262 global twist -48.17109 global supercoiling -0.01372
frame 4456 time 1114.0 unbinding_event at DNA_topoI 30 enzyme topoI with twist -107.77621 superhelical -0.12530 global twist -40.39191 global supercoiling -0.01174
frame 4540 time 1135.0 unbinding_event at gene Raspberry enzyme RNAP with twist -38.44711 superhelical -0.14636 global twist -38.44711 global supercoiling -0.01095
frame 4959 time 1239.75 binding_event at DNA_gyrase 27 enzyme gyrase with twist -38.44711 superhelical -0.01089 global twist -38.44711 global supercoiling -0.01089
frame 4968 time 1242.0 unbinding_event at DNA_gyrase 27 enzyme gyrase with twist -51.91108 superhelical -0.21201 global twist -50.56468 global supercoiling -0.01462
frame 5008 time 1252.0 binding_event at DNA_gyrase 39 enzyme gyrase with twist -51.91108 superhelical -0.01470 global twist -51.91108 global supercoiling -0.01470
frame 5019 time 1254.75 unbinding_event at DNA_gyrase 39 enzyme gyrase with twist -68.06784 superhelical -0.02403 global twist -66.72144 global supercoiling -0.01929
frame 5163 time 1290.75 binding_event at gene tetA enzyme RNAP with twist -68.06784 superhelical -0.01928 global twist -68.06784 global supercoiling -0.01928
frame 5211 time 1302.75 binding_event at DNA_gyrase 18 enzyme gyrase with twist 8.28519 superhelical 0.00524 global twist -68.06784 global supercoiling -0.01938
frame 5214 time 1303.5 unbinding_event at DNA_gyrase 18 enzyme gyrase with twist 6.48999 superhelical 0.00648 global twist -72.10703 global supercoiling -0.02096
frame 5311 time 1327.75 binding_event at DNA_topoI 46 enzyme topoI with twist -166.11282 superhelical -0.06978 global twist -73.45343 global supercoiling -0.02092
frame 5325 time 1331.25 binding_event at DNA_topoI 42 enzyme topoI with twist -86.96693 superhelical -0.06221 global twist -46.22629 global supercoiling -0.01344
frame 5326 time 1331.5 unbinding_event at gene tetA enzyme RNAP with twist 42.68543 superhelical -0.06548 global twist -42.33670 global supercoiling -0.01257
frame 5328 time 1332.0 unbinding_event at DNA_topoI 42 enzyme topoI with twist -75.29815 superhelical -0.06208 global twist -34.55752 global supercoiling -0.01020
frame 5329 time 1332.25 unbinding_event at DNA_topoI 46 enzyme topoI with twist -28.72313 superhelical -0.05317 global twist -30.66793 global supercoiling -0.00887
frame 5341 time 1335.25 binding_event at DNA_gyrase 17 enzyme gyrase with twist -28.72313 superhelical -0.00814 global twist -28.72313 global supercoiling -0.00814
frame 5348 time 1337.0 unbinding_event at DNA_gyrase 17 enzyme gyrase with twist -39.49431 superhelical -0.01016 global twist -38.14791 global supercoiling -0.01103
frame 5417 time 1354.25 binding_event at DNA_gyrase 1 enzyme gyrase with twist -39.49431 superhelical -0.01119 global twist -39.49431 global supercoiling -0.01119
frame 5422 time 1355.5 binding_event at DNA_gyrase 17 enzyme gyrase with twist -22.79883 superhelical -0.01340 global twist -46.22629 global supercoiling -0.01337
frame 5422 time 1355.5 unbinding_event at DNA_gyrase 17 enzyme gyrase with twist -24.81843 superhelical -0.01524 global twist -46.22629 global supercoiling -0.01337
frame 5423 time 1355.75 unbinding_event at DNA_gyrase 1 enzyme gyrase with twist -50.26548 superhelical -0.01410 global twist -48.91909 global supercoiling -0.01414
frame 5551 time 1387.75 binding_event at gene tetA enzyme RNAP with twist -50.26548 superhelical -0.01424 global twist -50.26548 global supercoiling -0.01424
frame 5669 time 1417.25 binding_event at gene tetA enzyme RNAP with twist -130.48394 superhelical -0.05810 global twist -50.26548 global supercoiling -0.01431
frame 5714 time 1428.5 binding_event at DNA_gyrase 19 enzyme gyrase with twist 120.61036 superhelical 0.11339 global twist -50.26548 global supercoiling -0.01439
frame 5714 time 1428.5 unbinding_event at gene tetA enzyme RNAP with twist 41.15045 superhelical -0.05860 global twist -50.26548 global supercoiling -0.01439
frame 5718 time 1429.5 unbinding_event at DNA_gyrase 19 enzyme gyrase with twist 88.45430 superhelical 0.03859 global twist -55.65107 global supercoiling -0.01618
frame 5806 time 1451.5 binding_event at DNA_topoI 7 enzyme topoI with twist -223.54278 superhelical -0.09590 global twist -56.99747 global supercoiling -0.01623
frame 5808 time 1452.0 unbinding_event at DNA_topoI 7 enzyme topoI with twist -220.40119 superhelical -0.09761 global twist -53.10788 global supercoiling -0.01544
frame 5832 time 1458.0 unbinding_event at gene tetA enzyme RNAP with twist -51.16308 superhelical -0.09866 global twist -51.16308 global supercoiling -0.01457
frame 5855 time 1463.75 binding_event at DNA_gyrase 2 enzyme gyrase with twist -51.16308 superhelical -0.01449 global twist -51.16308 global supercoiling -0.01449
frame 5856 time 1464.0 unbinding_event at DNA_gyrase 2 enzyme gyrase with twist -53.85587 superhelical -0.01553 global twist -52.50948 global supercoiling -0.01518
frame 5895 time 1473.75 binding_event at gene tetA enzyme RNAP with twist -53.85587 superhelical -0.01525 global twist -53.85587 global supercoiling -0.01525
frame 5950 time 1487.5 binding_event at gene tetA enzyme RNAP with twist -75.69008 superhelical -0.03856 global twist -53.85587 global supercoiling -0.01534
frame 5960 time 1490.0 binding_event at DNA_gyrase 0 enzyme gyrase with twist -75.80041 superhelical -0.04304 global twist -53.85587 global supercoiling -0.01542
frame 5966 time 1491.5 unbinding_event at DNA_gyrase 0 enzyme gyrase with twist -91.50837 superhelical -0.04767 global twist -61.93426 global supercoiling -0.01811
frame 6035 time 1508.75 binding_event at DNA_gyrase 20 enzyme gyrase with twist 98.13003 superhelical 0.08410 global twist -63.28065 global supercoiling -0.01812
frame 6042 time 1510.5 unbinding_event at DNA_gyrase 20 enzyme gyrase with twist 94.53964 superhelical 0.09656 global twist -72.70543 global supercoiling -0.02126
frame 6058 time 1514.5 unbinding_event at gene tetA enzyme RNAP with twist 100.03555 superhelical -0.03894 global twist -74.05183 global supercoiling -0.02120
frame 6097 time 1524.25 binding_event at DNA_topoI 9 enzyme topoI with twist -208.19610 superhelical -0.08763 global twist -74.05183 global supercoiling -0.02109
frame 6107 time 1526.75 unbinding_event at DNA_topoI 9 enzyme topoI with twist -196.67692 superhelical -0.08368 global twist -54.60387 global supercoiling -0.01588
frame 6113 time 1528.25 unbinding_event at gene tetA enzyme RNAP with twist -52.65908 superhelical -0.08240 global twist -52.65908 global supercoiling -0.01500
frame 6206 time 1551.5 binding_event at DNA_topoI 10 enzyme topoI with twist -52.65908 superhelical -0.01492 global twist -52.65908 global supercoiling -0.01492
frame 6207 time 1551.75 binding_event at DNA_gyrase 3 enzyme gyrase with twist -35.61564 superhelical -0.01482 global twist -50.71428 global supercoiling -0.01466
frame 6209 time 1552.25 unbinding_event at DNA_gyrase 3 enzyme gyrase with twist -36.73764 superhelical -0.01634 global twist -49.51748 global supercoiling -0.01462
frame 6223 time 1555.75 unbinding_event at DNA_topoI 10 enzyme topoI with twist -21.69195 superhelical -0.00962 global twist -23.63674 global supercoiling -0.00683
frame 6274 time 1568.5 binding_event at gene tetA enzyme RNAP with twist -21.69195 superhelical -0.00614 global twist -21.69195 global supercoiling -0.00614
frame 6285 time 1571.25 binding_event at DNA_gyrase 7 enzyme gyrase with twist -1.21638 superhelical -0.00070 global twist -21.69195 global supercoiling -0.00618
frame 6293 time 1573.25 unbinding_event at DNA_gyrase 7 enzyme gyrase with twist -5.25557 superhelical 0.00476 global twist -32.46312 global supercoiling -0.00944
frame 6410 time 1602.5 binding_event at DNA_gyrase 21 enzyme gyrase with twist 98.86579 superhelical 0.08344 global twist -33.80952 global supercoiling -0.00963
frame 6410 time 1602.5 unbinding_event at DNA_gyrase 21 enzyme gyrase with twist 98.41699 superhelical 0.08957 global twist -33.80952 global supercoiling -0.00963
frame 6427 time 1606.75 binding_event at DNA_gyrase 29 enzyme gyrase with twist -147.93447 superhelical -0.06157 global twist -35.15592 global supercoiling -0.01001
frame 6427 time 1606.75 unbinding_event at DNA_gyrase 29 enzyme gyrase with twist -150.17847 superhelical -0.06726 global twist -35.15592 global supercoiling -0.01001
frame 6437 time 1609.25 unbinding_event at gene tetA enzyme RNAP with twist -36.50231 superhelical -0.06490 global twist -36.50231 global supercoiling -0.01040
frame 6508 time 1627.0 binding_event at gene tetA enzyme RNAP with twist -36.50231 superhelical -0.01034 global twist -36.50231 global supercoiling -0.01034
frame 6532 time 1633.0 binding_event at gene tetA enzyme RNAP with twist -39.38295 superhelical -0.02159 global twist -36.50231 global supercoiling -0.01040
frame 6628 time 1657.0 binding_event at DNA_gyrase 9 enzyme gyrase with twist 89.05003 superhelical 0.07086 global twist -36.50231 global supercoiling -0.01045
frame 6629 time 1657.25 binding_event at gene tetA enzyme RNAP with twist -124.51736 superhelical -0.05787 global twist -37.84871 global supercoiling -0.01107
frame 6630 time 1657.5 binding_event at gene tetA enzyme RNAP with twist -101.11250 superhelical -0.05876 global twist -39.19511 global supercoiling -0.01152
frame 6637 time 1659.25 unbinding_event at DNA_gyrase 9 enzyme gyrase with twist 84.56204 superhelical 0.52215 global twist -48.61989 global supercoiling -0.01438
frame 6647 time 1661.75 binding_event at DNA_topoI 26 enzyme topoI with twist -114.61762 superhelical -0.06410 global twist -49.96628 global supercoiling -0.01447
frame 6655 time 1663.75 unbinding_event at DNA_topoI 26 enzyme topoI with twist -105.19284 superhelical 0.16458 global twist -34.40792 global supercoiling -0.01017
frame 6671 time 1667.75 unbinding_event at gene tetA enzyme RNAP with twist 113.14779 superhelical -0.02182 global twist -32.46312 global supercoiling -0.00940
frame 6695 time 1673.75 unbinding_event at gene tetA enzyme RNAP with twist 110.38767 superhelical -0.05839 global twist -32.46312 global supercoiling -0.00935
frame 6751 time 1687.75 binding_event at gene mKalama1 enzyme RNAP with twist -190.46464 superhelical -0.08447 global twist -32.46312 global supercoiling -0.00930
frame 6792 time 1698.0 unbinding_event at gene tetA enzyme RNAP with twist 195.70063 superhelical -0.17242 global twist -32.46312 global supercoiling -0.00935
frame 6794 time 1698.5 unbinding_event at gene tetA enzyme RNAP with twist -16.79610 superhelical -0.10806 global twist -32.46312 global supercoiling -0.00930
frame 6815 time 1703.75 binding_event at DNA_gyrase 43 enzyme gyrase with twist -34.74806 superhelical -0.01103 global twist -32.46312 global supercoiling -0.00925
frame 6822 time 1705.5 unbinding_event at DNA_gyrase 43 enzyme gyrase with twist -52.70001 superhelical -0.02578 global twist -41.88790 global supercoiling -0.01218
frame 6860 time 1715.0 unbinding_event at gene mKalama1 enzyme RNAP with twist -43.23430 superhelical 0.28334 global twist -43.23430 global supercoiling -0.01231
frame 6914 time 1728.5 binding_event at DNA_topoI 9 enzyme topoI with twist -43.23430 superhelical -0.01225 global twist -43.23430 global supercoiling -0.01225
frame 6917 time 1729.25 binding_event at DNA_gyrase 43 enzyme gyrase with twist -26.22482 superhelical -0.01125 global twist -37.39991 global supercoiling -0.01081
frame 6924 time 1731.0 unbinding_event at DNA_gyrase 43 enzyme gyrase with twist -29.21681 superhelical -0.01616 global twist -33.21112 global supercoiling -0.00981
frame 6931 time 1732.75 unbinding_event at DNA_topoI 9 enzyme topoI with twist -18.99916 superhelical -0.00961 global twist -20.94395 global supercoiling -0.00606
frame 7030 time 1757.5 binding_event at DNA_gyrase 18 enzyme gyrase with twist -18.99916 superhelical -0.00538 global twist -18.99916 global supercoiling -0.00538
frame 7042 time 1760.5 unbinding_event at DNA_gyrase 18 enzyme gyrase with twist -36.50231 superhelical -0.00843 global twist -35.15592 global supercoiling -0.01016
frame 7175 time 1793.75 binding_event at DNA_gyrase 28 enzyme gyrase with twist -36.50231 superhelical -0.01034 global twist -36.50231 global supercoiling -0.01034
frame 7181 time 1795.25 unbinding_event at DNA_gyrase 28 enzyme gyrase with twist -45.92709 superhelical -0.05530 global twist -44.58070 global supercoiling -0.01289
frame 7386 time 1846.5 binding_event at gene tetA enzyme RNAP with twist -45.92709 superhelical -0.01301 global twist -45.92709 global supercoiling -0.01301
frame 7447 time 1861.75 binding_event at DNA_gyrase 14 enzyme gyrase with twist 31.27336 superhelical 0.02056 global twist -45.92709 global supercoiling -0.01308
frame 7455 time 1863.75 unbinding_event at DNA_gyrase 14 enzyme gyrase with twist 27.23417 superhelical 0.02608 global twist -56.69827 global supercoiling -0.01648
frame 7467 time 1866.75 binding_event at DNA_gyrase 46 enzyme gyrase with twist -95.15241 superhelical -0.04575 global twist -58.04466 global supercoiling -0.01653
frame 7473 time 1868.25 unbinding_event at DNA_gyrase 46 enzyme gyrase with twist -110.86038 superhelical -0.05076 global twist -66.12305 global supercoiling -0.01922
frame 7476 time 1869.0 binding_event at DNA_topoI 26 enzyme topoI with twist -112.65557 superhelical -0.05314 global twist -67.46944 global supercoiling -0.01921
frame 7486 time 1871.5 binding_event at DNA_topoI 44 enzyme topoI with twist -109.87717 superhelical -0.05155 global twist -48.02149 global supercoiling -0.01396
frame 7489 time 1872.25 unbinding_event at DNA_topoI 26 enzyme topoI with twist -45.75951 superhelical 0.30245 global twist -36.35271 global supercoiling -0.01079
frame 7493 time 1873.25 unbinding_event at DNA_topoI 44 enzyme topoI with twist -86.02684 superhelical -0.03338 global twist -26.62874 global supercoiling -0.00774
frame 7513 time 1878.25 binding_event at DNA_gyrase 21 enzyme gyrase with twist 78.39725 superhelical 0.06399 global twist -24.68394 global supercoiling -0.00703
frame 7515 time 1878.75 unbinding_event at DNA_gyrase 21 enzyme gyrase with twist 77.05086 superhelical 0.06979 global twist -27.37674 global supercoiling -0.00796
frame 7519 time 1879.75 binding_event at DNA_topoI 49 enzyme topoI with twist -108.46678 superhelical -0.04689 global twist -28.72313 global supercoiling -0.00818
frame 7526 time 1881.5 unbinding_event at DNA_topoI 49 enzyme topoI with twist -100.08920 superhelical -0.04357 global twist -15.10956 global supercoiling -0.00439
frame 7549 time 1887.25 unbinding_event at gene tetA enzyme RNAP with twist -13.16477 superhelical -0.04923 global twist -13.16477 global supercoiling -0.00375
frame 7621 time 1905.25 binding_event at gene tetA enzyme RNAP with twist -13.16477 superhelical -0.00373 global twist -13.16477 global supercoiling -0.00373
frame 7646 time 1911.5 binding_event at DNA_gyrase 43 enzyme gyrase with twist -28.87426 superhelical -0.01579 global twist -13.16477 global supercoiling -0.00375
frame 7666 time 1916.5 unbinding_event at DNA_gyrase 43 enzyme gyrase with twist -75.99815 superhelical -0.02839 global twist -40.09271 global supercoiling -0.01166
frame 7734 time 1933.5 binding_event at DNA_topoI 48 enzyme topoI with twist -136.13721 superhelical -0.06123 global twist -41.43910 global supercoiling -0.01180
frame 7738 time 1934.5 unbinding_event at DNA_topoI 48 enzyme topoI with twist -130.90122 superhelical -0.06012 global twist -33.65992 global supercoiling -0.00979
frame 7771 time 1942.75 binding_event at DNA_gyrase 14 enzyme gyrase with twist 127.90923 superhelical 0.11400 global twist -31.71513 global supercoiling -0.00903
frame 7773 time 1943.25 unbinding_event at DNA_gyrase 14 enzyme gyrase with twist 126.56283 superhelical 0.13041 global twist -34.40792 global supercoiling -0.01000
frame 7784 time 1946.0 unbinding_event at gene tetA enzyme RNAP with twist -35.75432 superhelical -0.07022 global twist -35.75432 global supercoiling -0.01018
frame 7858 time 1964.5 binding_event at DNA_gyrase 24 enzyme gyrase with twist -35.75432 superhelical -0.01013 global twist -35.75432 global supercoiling -0.01013
frame 7864 time 1966.0 unbinding_event at DNA_gyrase 24 enzyme gyrase with twist -45.17909 superhelical -0.01172 global twist -43.83270 global supercoiling -0.01267
frame 8124 time 2031.0 binding_event at gene tetA enzyme RNAP with twist -45.17909 superhelical -0.01280 global twist -45.17909 global supercoiling -0.01280
frame 8287 time 2071.75 unbinding_event at gene tetA enzyme RNAP with twist -45.17909 superhelical -0.06903 global twist -45.17909 global supercoiling -0.01287
frame 8321 time 2080.25 binding_event at DNA_topoI 46 enzyme topoI with twist -45.17909 superhelical -0.01280 global twist -45.17909 global supercoiling -0.01280
frame 8323 time 2080.75 unbinding_event at DNA_topoI 46 enzyme topoI with twist -39.34471 superhelical -0.01098 global twist -41.28950 global supercoiling -0.01194
frame 8373 time 2093.25 binding_event at DNA_gyrase 11 enzyme gyrase with twist -39.34471 superhelical -0.01114 global twist -39.34471 global supercoiling -0.01114
frame 8377 time 2094.25 unbinding_event at DNA_gyrase 11 enzyme gyrase with twist -46.07669 superhelical -0.01274 global twist -44.73030 global supercoiling -0.01293
frame 8659 time 2164.75 binding_event at gene mKalama1 enzyme RNAP with twist -46.07669 superhelical -0.01305 global twist -46.07669 global supercoiling -0.01305
frame 8666 time 2166.5 binding_event at DNA_topoI 20 enzyme topoI with twist -43.86380 superhelical -0.01515 global twist -46.07669 global supercoiling -0.01312
frame 8669 time 2167.25 unbinding_event at DNA_topoI 20 enzyme topoI with twist -39.67501 superhelical -0.01530 global twist -40.24231 global supercoiling -0.01170
frame 8679 time 2169.75 binding_event at DNA_gyrase 12 enzyme gyrase with twist -47.75339 superhelical -0.01617 global twist -38.29751 global supercoiling -0.01091
frame 8684 time 2171.0 unbinding_event at DNA_gyrase 12 enzyme gyrase with twist -61.21736 superhelical -0.02107 global twist -45.02949 global supercoiling -0.01309
frame 8768 time 2192.0 unbinding_event at gene mKalama1 enzyme RNAP with twist -46.37589 superhelical 0.58678 global twist -46.37589 global supercoiling -0.01321
frame 8791 time 2197.75 binding_event at gene tetA enzyme RNAP with twist -46.37589 superhelical -0.01314 global twist -46.37589 global supercoiling -0.01314
frame 8887 time 2221.75 binding_event at gene tetA enzyme RNAP with twist -108.83573 superhelical -0.05069 global twist -46.37589 global supercoiling -0.01321
frame 8893 time 2223.25 binding_event at gene tetA enzyme RNAP with twist -93.16424 superhelical -0.05345 global twist -46.37589 global supercoiling -0.01328
frame 8907 time 2226.75 binding_event at DNA_gyrase 9 enzyme gyrase with twist 80.41180 superhelical 0.06309 global twist -46.37589 global supercoiling -0.01335
frame 8925 time 2231.25 unbinding_event at DNA_gyrase 9 enzyme gyrase with twist 71.88462 superhelical 0.94235 global twist -70.61103 global supercoiling -0.02076
frame 8954 time 2238.5 unbinding_event at gene tetA enzyme RNAP with twist 76.85788 superhelical -0.05115 global twist -71.95743 global supercoiling -0.02072
frame 8958 time 2239.5 binding_event at DNA_topoI 37 enzyme topoI with twist -151.08772 superhelical -0.07525 global twist -71.95743 global supercoiling -0.02060
frame 8958 time 2239.5 unbinding_event at DNA_topoI 37 enzyme topoI with twist -150.04052 superhelical -0.07674 global twist -71.95743 global supercoiling -0.02060
frame 9050 time 2262.5 unbinding_event at gene tetA enzyme RNAP with twist 162.60689 superhelical -0.05404 global twist -70.01264 global supercoiling -0.02005
frame 9056 time 2264.0 unbinding_event at gene tetA enzyme RNAP with twist -70.01264 superhelical -0.09706 global twist -70.01264 global supercoiling -0.01994
frame 9196 time 2299.0 binding_event at DNA_topoI 7 enzyme topoI with twist -70.01264 superhelical -0.01983 global twist -70.01264 global supercoiling -0.01983
frame 9223 time 2305.75 unbinding_event at DNA_topoI 7 enzyme topoI with twist -15.55836 superhelical -0.00780 global twist -17.50316 global supercoiling -0.00506
frame 9227 time 2306.75 binding_event at DNA_gyrase 46 enzyme gyrase with twist -15.55836 superhelical -0.00441 global twist -15.55836 global supercoiling -0.00441
frame 9228 time 2307.0 unbinding_event at DNA_gyrase 46 enzyme gyrase with twist -18.25116 superhelical -0.00546 global twist -16.90476 global supercoiling -0.00489
frame 9261 time 2315.25 binding_event at DNA_gyrase 45 enzyme gyrase with twist -18.25116 superhelical -0.00517 global twist -18.25116 global supercoiling -0.00517
frame 9262 time 2315.5 unbinding_event at DNA_gyrase 45 enzyme gyrase with twist -20.94395 superhelical -0.00629 global twist -19.59755 global supercoiling -0.00567
frame 9527 time 2381.75 binding_event at gene mKalama1 enzyme RNAP with twist -20.94395 superhelical -0.00593 global twist -20.94395 global supercoiling -0.00593
frame 9636 time 2409.0 unbinding_event at gene mKalama1 enzyme RNAP with twist -20.94395 superhelical 0.61691 global twist -20.94395 global supercoiling -0.00596
frame 9652 time 2413.0 binding_event at gene Raspberry enzyme RNAP with twist -20.94395 superhelical -0.00593 global twist -20.94395 global supercoiling -0.00593
frame 9688 time 2422.0 binding_event at DNA_gyrase 35 enzyme gyrase with twist -36.86066 superhelical -0.03990 global twist -20.94395 global supercoiling -0.00596
frame 9691 time 2422.75 unbinding_event at DNA_gyrase 35 enzyme gyrase with twist -45.83664 superhelical -0.04769 global twist -24.98314 global supercoiling -0.00726
frame 9709 time 2427.25 binding_event at DNA_gyrase 3 enzyme gyrase with twist 34.76627 superhelical 0.01394 global twist -26.32954 global supercoiling -0.00750
frame 9711 time 2427.75 unbinding_event at DNA_gyrase 3 enzyme gyrase with twist 33.41987 superhelical 0.01538 global twist -29.02233 global supercoiling -0.00844
frame 9735 time 2433.75 binding_event at DNA_gyrase 5 enzyme gyrase with twist 54.06462 superhelical 0.02275 global twist -30.36873 global supercoiling -0.00865
frame 9744 time 2436.0 unbinding_event at DNA_gyrase 5 enzyme gyrase with twist 49.57663 superhelical 0.02736 global twist -42.48630 global supercoiling -0.01235
frame 9754 time 2438.5 binding_event at gene Raspberry enzyme RNAP with twist -101.48771 superhelical -0.08318 global twist -43.83270 global supercoiling -0.01248
frame 9760 time 2440.0 unbinding_event at gene Raspberry enzyme RNAP with twist 26.87268 superhelical -0.08450 global twist -43.83270 global supercoiling -0.01255
frame 9791 time 2447.75 binding_event at gene mKalama1 enzyme RNAP with twist -97.63332 superhelical -0.10516 global twist -43.83270 global supercoiling -0.01248
frame 9823 time 2455.75 binding_event at DNA_topoI 40 enzyme topoI with twist -85.55721 superhelical -0.15583 global twist -43.83270 global supercoiling -0.01255
frame 9824 time 2456.0 unbinding_event at DNA_topoI 40 enzyme topoI with twist -85.25801 superhelical -0.17540 global twist -41.88790 global supercoiling -0.01225
frame 9862 time 2465.5 unbinding_event at gene Raspberry enzyme RNAP with twist -35.04778 superhelical -0.16901 global twist -39.94311 global supercoiling -0.01144
frame 9900 time 2475.0 unbinding_event at gene mKalama1 enzyme RNAP with twist -39.94311 superhelical 0.18996 global twist -39.94311 global supercoiling -0.01138
frame 9922 time 2480.5 binding_event at gene tetA enzyme RNAP with twist -39.94311 superhelical -0.01131 global twist -39.94311 global supercoiling -0.01131
frame 9996 time 2499.0 binding_event at DNA_gyrase 12 enzyme gyrase with twist 46.00143 superhelical 0.03144 global twist -39.94311 global supercoiling -0.01138
frame 9996 time 2499.0 unbinding_event at DNA_gyrase 12 enzyme gyrase with twist 45.55263 superhelical 0.03385 global twist -39.94311 global supercoiling -0.01138
