TORCphysics log file 

General information: 
---------------------------------------------------------------------------------------
Circuit name: Pleu500_18
Size: 6000
Structure: circle
Number of sites: 110
Number of frames: 10000
Simulation time: 2500.0
Simulation timestep: 0.25
Seed: 4845652614108506214
 
Overall simulation information 
---------------------------------------------------------------------------------------
Initial twist: -211.83310
Final twist: 10.77117
Initial superhelical density: -0.06000
Final superhelical density: 0.00307
 
Overall rates 
---------------------------------------------------------------------------------------
site type            site name            #binding events      #unbinding events    binding rates        
 DNA_topoI            DNA_topoI_global                     54.0                 54.0                0.0216 
DNA_gyrase           DNA_gyrase_global                    54.0                 54.0                0.0216 
EXT                  EXT                                   0.0                  0.0                   0.0 
gene                 tetA                                 34.0                 33.0                0.0136 
gene                 CDS                                   0.0                  0.0                   0.0 
origin               ori                                   0.0                  0.0                   0.0 
lacOP                lac1                                  0.0                  0.0                   0.0 
gene                 mKalama1                              9.0                  9.0                0.0036 
lacOP                lac2                                  0.0                  0.0                   0.0 
gene                 Raspberry                             6.0                  6.0                0.0024 
 
Events
---------------------------------------------------------------------------------------
frame 14 time 3.5 binding_event at gene tetA enzyme RNAP with twist -211.83310 superhelical -0.06000 global twist -211.83310 global supercoiling -0.06000
frame 50 time 12.5 binding_event at gene tetA enzyme RNAP with twist -135.84750 superhelical -0.07234 global twist -211.83310 global supercoiling -0.06033
frame 108 time 27.0 binding_event at gene mKalama1 enzyme RNAP with twist -177.49874 superhelical -0.08980 global twist -211.83310 global supercoiling -0.06066
frame 177 time 44.25 unbinding_event at gene tetA enzyme RNAP with twist 28.49749 superhelical -0.07309 global twist -211.83310 global supercoiling -0.06099
frame 213 time 53.25 unbinding_event at gene tetA enzyme RNAP with twist -248.26444 superhelical -0.13668 global twist -211.83310 global supercoiling -0.06066
frame 217 time 54.25 unbinding_event at gene mKalama1 enzyme RNAP with twist -211.83310 superhelical 0.26024 global twist -211.83310 global supercoiling -0.06033
frame 348 time 87.0 binding_event at DNA_topoI 0 enzyme topoI with twist -211.83310 superhelical -0.06000 global twist -211.83310 global supercoiling -0.06000
frame 354 time 88.5 unbinding_event at DNA_topoI 0 enzyme topoI with twist -198.21954 superhelical -0.05721 global twist -200.16433 global supercoiling -0.05787
frame 469 time 117.25 binding_event at DNA_topoI 7 enzyme topoI with twist -198.21954 superhelical -0.05614 global twist -198.21954 global supercoiling -0.05614
frame 483 time 120.75 unbinding_event at DNA_topoI 7 enzyme topoI with twist -169.04760 superhelical -0.05064 global twist -170.99240 global supercoiling -0.04944
frame 559 time 139.75 binding_event at gene tetA enzyme RNAP with twist -169.04760 superhelical -0.04788 global twist -169.04760 global supercoiling -0.04788
frame 578 time 144.5 binding_event at gene tetA enzyme RNAP with twist -99.67681 superhelical -0.05533 global twist -169.04760 global supercoiling -0.04814
frame 623 time 155.75 binding_event at DNA_topoI 4 enzyme topoI with twist -3.69793 superhelical -0.05592 global twist -169.04760 global supercoiling -0.04841
frame 649 time 162.25 unbinding_event at DNA_topoI 4 enzyme topoI with twist 35.34758 superhelical 1.87356 global twist -118.48292 global supercoiling -0.03464
frame 677 time 169.25 binding_event at DNA_topoI 2 enzyme topoI with twist -171.37710 superhelical -0.08187 global twist -116.53813 global supercoiling -0.03337
frame 690 time 172.5 unbinding_event at DNA_topoI 2 enzyme topoI with twist -156.71634 superhelical -0.07734 global twist -91.25579 global supercoiling -0.02668
frame 691 time 172.75 binding_event at DNA_topoI 32 enzyme topoI with twist -156.71634 superhelical -0.07269 global twist -89.31099 global supercoiling -0.02557
frame 691 time 172.75 unbinding_event at DNA_topoI 32 enzyme topoI with twist -155.66914 superhelical -0.07271 global twist -89.31099 global supercoiling -0.02557
frame 722 time 180.5 unbinding_event at gene tetA enzyme RNAP with twist 96.12848 superhelical 0.26489 global twist -87.36620 global supercoiling -0.02502
frame 747 time 186.75 binding_event at DNA_topoI 33 enzyme topoI with twist -205.03702 superhelical -0.08517 global twist -87.36620 global supercoiling -0.02488
frame 749 time 187.25 binding_event at DNA_topoI 3 enzyme topoI with twist -164.12167 superhelical -0.08729 global twist -83.47660 global supercoiling -0.02427
frame 754 time 188.5 binding_event at DNA_gyrase 24 enzyme gyrase with twist 123.95401 superhelical 0.11556 global twist -64.02865 global supercoiling -0.01901
frame 756 time 189.0 unbinding_event at gene tetA enzyme RNAP with twist 78.70287 superhelical -0.08272 global twist -58.94226 global supercoiling -0.01788
frame 760 time 190.0 unbinding_event at DNA_topoI 3 enzyme topoI with twist -20.58721 superhelical -0.07365 global twist -48.76949 global supercoiling -0.01471
frame 765 time 191.25 unbinding_event at DNA_topoI 33 enzyme topoI with twist -41.38141 superhelical -0.04800 global twist -43.83270 global supercoiling -0.01294
frame 774 time 193.5 unbinding_event at DNA_gyrase 24 enzyme gyrase with twist -55.35187 superhelical -0.01392 global twist -54.00547 global supercoiling -0.01561
frame 789 time 197.25 binding_event at gene tetA enzyme RNAP with twist -55.35187 superhelical -0.01568 global twist -55.35187 global supercoiling -0.01568
frame 876 time 219.0 binding_event at DNA_topoI 42 enzyme topoI with twist -105.14439 superhelical -0.04991 global twist -55.35187 global supercoiling -0.01576
frame 880 time 220.0 unbinding_event at DNA_topoI 42 enzyme topoI with twist -99.90840 superhelical -0.04729 global twist -47.57269 global supercoiling -0.01383
frame 899 time 224.75 binding_event at DNA_topoI 32 enzyme topoI with twist -116.06516 superhelical -0.05252 global twist -45.62789 global supercoiling -0.01299
frame 907 time 226.75 unbinding_event at DNA_topoI 32 enzyme topoI with twist -106.64038 superhelical -0.03199 global twist -30.06953 global supercoiling -0.00874
frame 952 time 238.0 unbinding_event at gene tetA enzyme RNAP with twist -28.12473 superhelical -0.05996 global twist -28.12473 global supercoiling -0.00801
frame 955 time 238.75 binding_event at gene mKalama1 enzyme RNAP with twist -28.12473 superhelical -0.00797 global twist -28.12473 global supercoiling -0.00797
frame 1028 time 257.0 binding_event at DNA_gyrase 38 enzyme gyrase with twist -88.46346 superhelical -0.02772 global twist -28.12473 global supercoiling -0.00801
frame 1031 time 257.75 unbinding_event at DNA_gyrase 38 enzyme gyrase with twist -97.43944 superhelical -0.03985 global twist -32.16392 global supercoiling -0.00935
frame 1048 time 262.0 binding_event at DNA_topoI 6 enzyme topoI with twist -111.80101 superhelical -0.03407 global twist -33.51032 global supercoiling -0.00954
frame 1054 time 263.5 unbinding_event at DNA_topoI 6 enzyme topoI with twist -104.47063 superhelical -0.03398 global twist -21.84155 global supercoiling -0.00635
frame 1064 time 266.0 unbinding_event at gene mKalama1 enzyme RNAP with twist -19.89675 superhelical 0.60830 global twist -19.89675 global supercoiling -0.00567
frame 1126 time 281.5 binding_event at DNA_gyrase 48 enzyme gyrase with twist -19.89675 superhelical -0.00564 global twist -19.89675 global supercoiling -0.00564
frame 1146 time 286.5 unbinding_event at DNA_gyrase 48 enzyme gyrase with twist -48.17109 superhelical -0.01492 global twist -46.82469 global supercoiling -0.01354
frame 1150 time 287.5 binding_event at gene mKalama1 enzyme RNAP with twist -48.17109 superhelical -0.01364 global twist -48.17109 global supercoiling -0.01364
frame 1259 time 314.75 unbinding_event at gene mKalama1 enzyme RNAP with twist -48.17109 superhelical 0.58427 global twist -48.17109 global supercoiling -0.01372
frame 1302 time 325.5 binding_event at DNA_gyrase 48 enzyme gyrase with twist -48.17109 superhelical -0.01364 global twist -48.17109 global supercoiling -0.01364
frame 1305 time 326.25 binding_event at DNA_gyrase 4 enzyme gyrase with twist -28.72205 superhelical -0.01498 global twist -52.21028 global supercoiling -0.01510
frame 1313 time 328.25 unbinding_event at DNA_gyrase 48 enzyme gyrase with twist -47.25254 superhelical -0.01917 global twist -73.75263 global supercoiling -0.02178
frame 1320 time 330.0 unbinding_event at DNA_gyrase 4 enzyme gyrase with twist -85.87020 superhelical -0.02635 global twist -84.52380 global supercoiling -0.02444
frame 1329 time 332.25 binding_event at DNA_gyrase 22 enzyme gyrase with twist -85.87020 superhelical -0.02432 global twist -85.87020 global supercoiling -0.02432
frame 1343 time 335.75 unbinding_event at DNA_gyrase 22 enzyme gyrase with twist -106.06615 superhelical -0.02792 global twist -104.71976 global supercoiling -0.03028
frame 1545 time 386.25 binding_event at DNA_gyrase 9 enzyme gyrase with twist -106.06615 superhelical -0.03004 global twist -106.06615 global supercoiling -0.03004
frame 1579 time 394.75 unbinding_event at DNA_gyrase 9 enzyme gyrase with twist -153.19004 superhelical -0.04077 global twist -151.84364 global supercoiling -0.04390
frame 1609 time 402.25 binding_event at DNA_topoI 3 enzyme topoI with twist -153.19004 superhelical -0.04339 global twist -153.19004 global supercoiling -0.04339
frame 1614 time 403.5 unbinding_event at DNA_topoI 3 enzyme topoI with twist -141.52127 superhelical -0.04122 global twist -143.46606 global supercoiling -0.04148
frame 1916 time 479.0 binding_event at DNA_topoI 15 enzyme topoI with twist -141.52127 superhelical -0.04008 global twist -141.52127 global supercoiling -0.04008
frame 1917 time 479.25 unbinding_event at DNA_topoI 15 enzyme topoI with twist -137.63168 superhelical -0.04021 global twist -139.57647 global supercoiling -0.04035
frame 2073 time 518.25 binding_event at gene tetA enzyme RNAP with twist -137.63168 superhelical -0.03898 global twist -137.63168 global supercoiling -0.03898
frame 2076 time 519.0 binding_event at DNA_gyrase 7 enzyme gyrase with twist -67.67105 superhelical -0.03798 global twist -137.63168 global supercoiling -0.03920
frame 2077 time 519.25 unbinding_event at DNA_gyrase 7 enzyme gyrase with twist -68.56865 superhelical -0.03936 global twist -138.97808 global supercoiling -0.04041
frame 2129 time 532.25 binding_event at DNA_topoI 40 enzyme topoI with twist -117.53332 superhelical -0.05974 global twist -140.32447 global supercoiling -0.03996
frame 2134 time 533.5 binding_event at DNA_topoI 0 enzyme topoI with twist -57.20545 superhelical -0.06014 global twist -130.60049 global supercoiling -0.03797
frame 2139 time 534.75 unbinding_event at DNA_topoI 0 enzyme topoI with twist -45.08788 superhelical -0.04700 global twist -111.15254 global supercoiling -0.03300
frame 2149 time 537.25 unbinding_event at DNA_topoI 40 enzyme topoI with twist -83.87340 superhelical -0.04088 global twist -89.75979 global supercoiling -0.02610
frame 2178 time 544.5 binding_event at DNA_topoI 45 enzyme topoI with twist -109.00614 superhelical -0.04983 global twist -87.81499 global supercoiling -0.02501
frame 2190 time 547.5 unbinding_event at DNA_topoI 45 enzyme topoI with twist -95.39257 superhelical -0.04199 global twist -64.47745 global supercoiling -0.01875
frame 2226 time 556.5 binding_event at DNA_gyrase 31 enzyme gyrase with twist -126.80850 superhelical -0.05277 global twist -62.53265 global supercoiling -0.01781
frame 2236 time 559.0 unbinding_event at gene tetA enzyme RNAP with twist -52.48966 superhelical -0.06148 global twist -75.99662 global supercoiling -0.02209
frame 2268 time 567.0 unbinding_event at DNA_gyrase 31 enzyme gyrase with twist -120.42772 superhelical -0.14465 global twist -119.08132 global supercoiling -0.03443
frame 2320 time 580.0 binding_event at DNA_topoI 34 enzyme topoI with twist -120.42772 superhelical -0.03411 global twist -120.42772 global supercoiling -0.03411
frame 2321 time 580.25 binding_event at DNA_topoI 7 enzyme topoI with twist -100.78694 superhelical -0.03449 global twist -118.48292 global supercoiling -0.03426
frame 2321 time 580.25 unbinding_event at DNA_topoI 7 enzyme topoI with twist -97.86975 superhelical -0.03412 global twist -118.48292 global supercoiling -0.03426
frame 2326 time 581.5 unbinding_event at DNA_topoI 34 enzyme topoI with twist -104.86935 superhelical -0.02212 global twist -106.81415 global supercoiling -0.03088
frame 2376 time 594.0 binding_event at DNA_topoI 19 enzyme topoI with twist -104.86935 superhelical -0.02970 global twist -104.86935 global supercoiling -0.02970
frame 2413 time 603.25 unbinding_event at DNA_topoI 19 enzyme topoI with twist -30.96713 superhelical -0.01820 global twist -32.91192 global supercoiling -0.00952
frame 2469 time 617.25 binding_event at DNA_gyrase 26 enzyme gyrase with twist -30.96713 superhelical -0.00877 global twist -30.96713 global supercoiling -0.00877
frame 2471 time 617.75 binding_event at gene tetA enzyme RNAP with twist -31.97806 superhelical -0.00914 global twist -33.65992 global supercoiling -0.00973
frame 2472 time 618.0 unbinding_event at DNA_gyrase 26 enzyme gyrase with twist -21.64168 superhelical -0.07907 global twist -35.00632 global supercoiling -0.01018
frame 2541 time 635.25 binding_event at gene tetA enzyme RNAP with twist -82.67834 superhelical -0.04072 global twist -36.35271 global supercoiling -0.01035
frame 2585 time 646.25 binding_event at DNA_gyrase 24 enzyme gyrase with twist 85.81993 superhelical 0.06686 global twist -36.35271 global supercoiling -0.01041
frame 2586 time 646.5 unbinding_event at DNA_gyrase 24 enzyme gyrase with twist 84.92234 superhelical 0.07176 global twist -37.69911 global supercoiling -0.01102
frame 2603 time 650.75 binding_event at gene tetA enzyme RNAP with twist -126.20194 superhelical -0.06328 global twist -39.04551 global supercoiling -0.01118
frame 2634 time 658.5 unbinding_event at gene tetA enzyme RNAP with twist 115.87957 superhelical -0.04111 global twist -39.04551 global supercoiling -0.01124
frame 2704 time 676.0 unbinding_event at gene tetA enzyme RNAP with twist 162.15721 superhelical -0.06389 global twist -39.04551 global supercoiling -0.01118
frame 2712 time 678.0 binding_event at DNA_gyrase 24 enzyme gyrase with twist 168.44040 superhelical 0.12897 global twist -39.04551 global supercoiling -0.01112
frame 2722 time 680.5 binding_event at gene mKalama1 enzyme RNAP with twist -216.46188 superhelical -0.09619 global twist -52.50948 global supercoiling -0.01527
frame 2725 time 681.25 unbinding_event at DNA_gyrase 24 enzyme gyrase with twist 162.15721 superhelical 0.14693 global twist -56.54867 global supercoiling -0.01653
frame 2766 time 691.5 unbinding_event at gene tetA enzyme RNAP with twist -35.47035 superhelical -0.11795 global twist -57.89506 global supercoiling -0.01658
frame 2773 time 693.25 binding_event at DNA_gyrase 43 enzyme gyrase with twist -40.85594 superhelical -0.01321 global twist -57.89506 global supercoiling -0.01649
frame 2775 time 693.75 unbinding_event at DNA_gyrase 43 enzyme gyrase with twist -47.58792 superhelical -0.01950 global twist -60.58786 global supercoiling -0.01761
frame 2807 time 701.75 binding_event at DNA_gyrase 25 enzyme gyrase with twist -75.41346 superhelical -0.02324 global twist -61.93426 global supercoiling -0.01764
frame 2817 time 704.25 unbinding_event at DNA_gyrase 25 enzyme gyrase with twist -100.09740 superhelical -0.02841 global twist -75.39822 global supercoiling -0.02192
frame 2831 time 707.75 unbinding_event at gene mKalama1 enzyme RNAP with twist -76.74462 superhelical 0.23356 global twist -76.74462 global supercoiling -0.02186
frame 2996 time 749.0 binding_event at DNA_gyrase 25 enzyme gyrase with twist -76.74462 superhelical -0.02174 global twist -76.74462 global supercoiling -0.02174
frame 3002 time 750.5 unbinding_event at DNA_gyrase 25 enzyme gyrase with twist -86.16940 superhelical -0.02327 global twist -84.82300 global supercoiling -0.02452
frame 3013 time 753.25 binding_event at DNA_topoI 22 enzyme topoI with twist -86.16940 superhelical -0.02441 global twist -86.16940 global supercoiling -0.02441
frame 3020 time 755.0 unbinding_event at DNA_topoI 22 enzyme topoI with twist -70.61103 superhelical -0.02253 global twist -72.55583 global supercoiling -0.02098
frame 3049 time 762.25 binding_event at gene Raspberry enzyme RNAP with twist -70.61103 superhelical -0.02000 global twist -70.61103 global supercoiling -0.02000
frame 3081 time 770.25 binding_event at DNA_topoI 36 enzyme topoI with twist -44.05348 superhelical -0.04863 global twist -70.61103 global supercoiling -0.02011
frame 3082 time 770.5 unbinding_event at DNA_topoI 36 enzyme topoI with twist -41.95908 superhelical -0.04995 global twist -68.66624 global supercoiling -0.01996
frame 3105 time 776.25 binding_event at gene mKalama1 enzyme RNAP with twist -61.70624 superhelical -0.06087 global twist -66.72144 global supercoiling -0.01900
frame 3142 time 785.5 binding_event at DNA_topoI 35 enzyme topoI with twist -87.95631 superhelical -0.12950 global twist -66.72144 global supercoiling -0.01911
frame 3148 time 787.0 binding_event at gene Raspberry enzyme RNAP with twist -71.95268 superhelical -0.13656 global twist -55.05267 global supercoiling -0.01610
frame 3154 time 788.5 unbinding_event at DNA_topoI 35 enzyme topoI with twist -25.76122 superhelical -0.08798 global twist -43.38390 global supercoiling -0.01276
frame 3157 time 789.25 unbinding_event at gene Raspberry enzyme RNAP with twist -17.69282 superhelical -0.14171 global twist -41.43910 global supercoiling -0.01193
frame 3190 time 797.5 binding_event at DNA_topoI 35 enzyme topoI with twist -88.59307 superhelical -0.13308 global twist -41.43910 global supercoiling -0.01187
frame 3196 time 799.0 unbinding_event at DNA_topoI 35 enzyme topoI with twist -87.54587 superhelical -0.13446 global twist -29.77033 global supercoiling -0.00870
frame 3214 time 803.5 unbinding_event at gene mKalama1 enzyme RNAP with twist -61.29580 superhelical 0.38081 global twist -27.82553 global supercoiling -0.00797
frame 3256 time 814.0 unbinding_event at gene Raspberry enzyme RNAP with twist -27.82553 superhelical -0.07910 global twist -27.82553 global supercoiling -0.00792
frame 3310 time 827.5 binding_event at gene mKalama1 enzyme RNAP with twist -27.82553 superhelical -0.00788 global twist -27.82553 global supercoiling -0.00788
frame 3376 time 844.0 binding_event at DNA_gyrase 49 enzyme gyrase with twist -81.93625 superhelical -0.02593 global twist -27.82553 global supercoiling -0.00792
frame 3377 time 844.25 unbinding_event at DNA_gyrase 49 enzyme gyrase with twist -86.42424 superhelical -0.02885 global twist -29.17193 global supercoiling -0.00848
frame 3419 time 854.75 unbinding_event at gene mKalama1 enzyme RNAP with twist -30.51833 superhelical 0.60866 global twist -30.51833 global supercoiling -0.00869
frame 3518 time 879.5 binding_event at DNA_gyrase 41 enzyme gyrase with twist -30.51833 superhelical -0.00864 global twist -30.51833 global supercoiling -0.00864
frame 3521 time 880.25 unbinding_event at DNA_gyrase 41 enzyme gyrase with twist -35.90392 superhelical -0.01142 global twist -34.55752 global supercoiling -0.00999
frame 3528 time 882.0 binding_event at DNA_topoI 29 enzyme topoI with twist -35.90392 superhelical -0.01017 global twist -35.90392 global supercoiling -0.01017
frame 3529 time 882.25 binding_event at DNA_gyrase 4 enzyme gyrase with twist -33.09284 superhelical -0.01008 global twist -33.95912 global supercoiling -0.00982
frame 3530 time 882.5 unbinding_event at DNA_gyrase 4 enzyme gyrase with twist -33.84084 superhelical -0.00996 global twist -33.36072 global supercoiling -0.00985
frame 3537 time 884.25 unbinding_event at DNA_topoI 29 enzyme topoI with twist -19.14876 superhelical 0.04452 global twist -21.09355 global supercoiling -0.00610
frame 3641 time 910.25 binding_event at DNA_gyrase 8 enzyme gyrase with twist -19.14876 superhelical -0.00542 global twist -19.14876 global supercoiling -0.00542
frame 3644 time 911.0 unbinding_event at DNA_gyrase 8 enzyme gyrase with twist -24.53434 superhelical -0.00673 global twist -23.18795 global supercoiling -0.00670
frame 3689 time 922.25 binding_event at DNA_gyrase 17 enzyme gyrase with twist -24.53434 superhelical -0.00695 global twist -24.53434 global supercoiling -0.00695
frame 3691 time 922.75 unbinding_event at DNA_gyrase 17 enzyme gyrase with twist -28.57353 superhelical -0.00779 global twist -27.22714 global supercoiling -0.00787
frame 3779 time 944.75 binding_event at DNA_gyrase 40 enzyme gyrase with twist -28.57353 superhelical -0.00809 global twist -28.57353 global supercoiling -0.00809
frame 3803 time 950.75 binding_event at DNA_gyrase 12 enzyme gyrase with twist -36.74157 superhelical -0.01475 global twist -60.88706 global supercoiling -0.01760
frame 3804 time 951.0 unbinding_event at DNA_gyrase 40 enzyme gyrase with twist -51.08002 superhelical -0.02636 global twist -63.57985 global supercoiling -0.01877
frame 3810 time 952.5 binding_event at DNA_gyrase 48 enzyme gyrase with twist -54.44601 superhelical -0.02138 global twist -73.00463 global supercoiling -0.02111
frame 3812 time 953.0 unbinding_event at DNA_gyrase 48 enzyme gyrase with twist -60.50480 superhelical -0.02331 global twist -78.39022 global supercoiling -0.02314
frame 3843 time 960.75 binding_event at DNA_topoI 25 enzyme topoI with twist -40.77417 superhelical -0.04471 global twist -121.47492 global supercoiling -0.03512
frame 3845 time 961.25 unbinding_event at DNA_topoI 25 enzyme topoI with twist -36.95938 superhelical -0.04512 global twist -120.27812 global supercoiling -0.03551
frame 3846 time 961.5 unbinding_event at DNA_gyrase 12 enzyme gyrase with twist -121.02612 superhelical -0.03274 global twist -119.67972 global supercoiling -0.03460
frame 3886 time 971.5 binding_event at DNA_gyrase 44 enzyme gyrase with twist -121.02612 superhelical -0.03428 global twist -121.02612 global supercoiling -0.03428
frame 3887 time 971.75 unbinding_event at DNA_gyrase 44 enzyme gyrase with twist -123.71891 superhelical -0.03606 global twist -122.37251 global supercoiling -0.03538
frame 3888 time 972.0 binding_event at gene tetA enzyme RNAP with twist -123.71891 superhelical -0.03504 global twist -123.71891 global supercoiling -0.03504
frame 3899 time 974.75 binding_event at DNA_topoI 35 enzyme topoI with twist -70.34151 superhelical -0.03984 global twist -123.71891 global supercoiling -0.03523
frame 3911 time 977.75 unbinding_event at DNA_topoI 35 enzyme topoI with twist -56.72794 superhelical -0.02074 global twist -100.38137 global supercoiling -0.02918
frame 3914 time 978.5 binding_event at gene tetA enzyme RNAP with twist -58.52314 superhelical -0.03193 global twist -98.43657 global supercoiling -0.02803
frame 3927 time 981.75 binding_event at DNA_gyrase 21 enzyme gyrase with twist -28.24466 superhelical -0.01743 global twist -98.43657 global supercoiling -0.02819
frame 3936 time 984.0 unbinding_event at DNA_gyrase 21 enzyme gyrase with twist -32.73265 superhelical -0.01709 global twist -110.55414 global supercoiling -0.03232
frame 3983 time 995.75 binding_event at DNA_topoI 36 enzyme topoI with twist -117.31016 superhelical -0.05791 global twist -111.90054 global supercoiling -0.03204
frame 3983 time 995.75 unbinding_event at DNA_topoI 36 enzyme topoI with twist -116.26296 superhelical -0.05860 global twist -111.90054 global supercoiling -0.03204
frame 3989 time 997.25 binding_event at gene tetA enzyme RNAP with twist -120.75095 superhelical -0.05882 global twist -109.95574 global supercoiling -0.03149
frame 4011 time 1002.75 binding_event at DNA_topoI 33 enzyme topoI with twist -121.64909 superhelical -0.06703 global twist -109.95574 global supercoiling -0.03166
frame 4019 time 1004.75 unbinding_event at DNA_topoI 33 enzyme topoI with twist -112.22431 superhelical -0.05094 global twist -94.39738 global supercoiling -0.02775
frame 4051 time 1012.75 unbinding_event at gene tetA enzyme RNAP with twist 67.34387 superhelical -0.03227 global twist -92.45258 global supercoiling -0.02662
frame 4077 time 1019.25 unbinding_event at gene tetA enzyme RNAP with twist 71.83240 superhelical -0.05938 global twist -92.45258 global supercoiling -0.02647
frame 4078 time 1019.5 binding_event at DNA_gyrase 13 enzyme gyrase with twist 71.83240 superhelical 0.05146 global twist -92.45258 global supercoiling -0.02633
frame 4084 time 1021.0 unbinding_event at DNA_gyrase 13 enzyme gyrase with twist 68.69081 superhelical 0.06150 global twist -100.53096 global supercoiling -0.02923
frame 4099 time 1024.75 binding_event at DNA_topoI 31 enzyme topoI with twist -183.13454 superhelical -0.08287 global twist -101.87736 global supercoiling -0.02901
frame 4104 time 1026.0 unbinding_event at DNA_topoI 31 enzyme topoI with twist -176.85136 superhelical -0.06746 global twist -92.15338 global supercoiling -0.02679
frame 4152 time 1038.0 unbinding_event at gene tetA enzyme RNAP with twist -90.20859 superhelical -0.08969 global twist -90.20859 global supercoiling -0.02569
frame 4171 time 1042.75 binding_event at DNA_topoI 5 enzyme topoI with twist -90.20859 superhelical -0.02555 global twist -90.20859 global supercoiling -0.02555
frame 4172 time 1043.0 binding_event at DNA_gyrase 14 enzyme gyrase with twist -35.92260 superhelical -0.02539 global twist -88.26379 global supercoiling -0.02552
frame 4174 time 1043.5 unbinding_event at DNA_topoI 5 enzyme topoI with twist -63.89436 superhelical -0.02418 global twist -87.06700 global supercoiling -0.02571
frame 4189 time 1047.25 unbinding_event at DNA_gyrase 14 enzyme gyrase with twist -106.66455 superhelical -0.02750 global twist -105.31815 global supercoiling -0.03045
frame 4238 time 1059.5 binding_event at DNA_gyrase 37 enzyme gyrase with twist -106.66455 superhelical -0.03021 global twist -106.66455 global supercoiling -0.03021
frame 4245 time 1061.25 unbinding_event at DNA_gyrase 37 enzyme gyrase with twist -117.43573 superhelical -0.03800 global twist -116.08933 global supercoiling -0.03356
frame 4247 time 1061.75 binding_event at DNA_topoI 36 enzyme topoI with twist -117.43573 superhelical -0.03326 global twist -117.43573 global supercoiling -0.03326
frame 4249 time 1062.25 unbinding_event at DNA_topoI 36 enzyme topoI with twist -111.60134 superhelical -0.02966 global twist -113.54613 global supercoiling -0.03283
frame 4255 time 1063.75 binding_event at DNA_gyrase 18 enzyme gyrase with twist -111.60134 superhelical -0.03161 global twist -111.60134 global supercoiling -0.03161
frame 4280 time 1070.0 binding_event at DNA_topoI 26 enzyme topoI with twist -112.90751 superhelical -0.03792 global twist -145.26126 global supercoiling -0.04200
frame 4282 time 1070.5 unbinding_event at DNA_topoI 26 enzyme topoI with twist -109.09272 superhelical 0.03831 global twist -144.06446 global supercoiling -0.04254
frame 4292 time 1073.0 unbinding_event at DNA_gyrase 18 enzyme gyrase with twist -156.93003 superhelical -0.03890 global twist -155.58364 global supercoiling -0.04498
frame 4349 time 1087.25 binding_event at DNA_gyrase 6 enzyme gyrase with twist -156.93003 superhelical -0.04445 global twist -156.93003 global supercoiling -0.04445
frame 4350 time 1087.5 unbinding_event at DNA_gyrase 6 enzyme gyrase with twist -159.62283 superhelical -0.04601 global twist -158.27643 global supercoiling -0.04576
frame 4388 time 1097.0 binding_event at DNA_topoI 0 enzyme topoI with twist -159.62283 superhelical -0.04521 global twist -159.62283 global supercoiling -0.04521
frame 4404 time 1101.0 unbinding_event at DNA_topoI 0 enzyme topoI with twist -126.56130 superhelical -0.03634 global twist -128.50610 global supercoiling -0.03715
frame 4456 time 1114.0 binding_event at DNA_topoI 23 enzyme topoI with twist -126.56130 superhelical -0.03585 global twist -126.56130 global supercoiling -0.03585
frame 4457 time 1114.25 unbinding_event at DNA_topoI 23 enzyme topoI with twist -122.67171 superhelical -0.03601 global twist -124.61651 global supercoiling -0.03603
frame 4516 time 1129.0 binding_event at DNA_topoI 27 enzyme topoI with twist -122.67171 superhelical -0.03475 global twist -122.67171 global supercoiling -0.03475
frame 4517 time 1129.25 unbinding_event at DNA_topoI 27 enzyme topoI with twist -118.78212 superhelical 0.02257 global twist -120.72692 global supercoiling -0.03490
frame 4654 time 1163.5 binding_event at DNA_gyrase 31 enzyme gyrase with twist -118.78212 superhelical -0.03364 global twist -118.78212 global supercoiling -0.03364
frame 4654 time 1163.5 unbinding_event at DNA_gyrase 31 enzyme gyrase with twist -120.12852 superhelical -0.03644 global twist -118.78212 global supercoiling -0.03364
frame 4724 time 1181.0 binding_event at DNA_topoI 46 enzyme topoI with twist -120.12852 superhelical -0.03403 global twist -120.12852 global supercoiling -0.03403
frame 4727 time 1181.75 unbinding_event at DNA_topoI 46 enzyme topoI with twist -112.34934 superhelical -0.03195 global twist -114.29413 global supercoiling -0.03304
frame 4839 time 1209.75 binding_event at DNA_topoI 4 enzyme topoI with twist -112.34934 superhelical -0.03182 global twist -112.34934 global supercoiling -0.03182
frame 4841 time 1210.25 unbinding_event at DNA_topoI 4 enzyme topoI with twist -106.51495 superhelical -0.03100 global twist -108.45975 global supercoiling -0.03136
frame 4952 time 1238.0 binding_event at DNA_gyrase 49 enzyme gyrase with twist -106.51495 superhelical -0.03017 global twist -106.51495 global supercoiling -0.03017
frame 4955 time 1238.75 unbinding_event at DNA_gyrase 49 enzyme gyrase with twist -111.90054 superhelical -0.03246 global twist -110.55414 global supercoiling -0.03196
frame 5053 time 1263.25 binding_event at DNA_topoI 29 enzyme topoI with twist -111.90054 superhelical -0.03169 global twist -111.90054 global supercoiling -0.03169
frame 5055 time 1263.75 unbinding_event at DNA_topoI 29 enzyme topoI with twist -106.06615 superhelical -0.01588 global twist -108.01095 global supercoiling -0.03123
frame 5367 time 1341.75 binding_event at gene tetA enzyme RNAP with twist -106.06615 superhelical -0.03004 global twist -106.06615 global supercoiling -0.03004
frame 5379 time 1344.75 binding_event at DNA_gyrase 48 enzyme gyrase with twist -62.61128 superhelical -0.03537 global twist -106.06615 global supercoiling -0.03021
frame 5396 time 1349.0 unbinding_event at DNA_gyrase 48 enzyme gyrase with twist -103.00318 superhelical -0.04473 global twist -128.95490 global supercoiling -0.03749
frame 5411 time 1352.75 binding_event at gene Raspberry enzyme RNAP with twist -115.56955 superhelical -0.06039 global twist -130.30130 global supercoiling -0.03711
frame 5489 time 1372.25 binding_event at gene tetA enzyme RNAP with twist -69.06431 superhelical -0.06100 global twist -130.30130 global supercoiling -0.03731
frame 5502 time 1375.5 binding_event at DNA_gyrase 16 enzyme gyrase with twist 66.94967 superhelical 0.05629 global twist -130.30130 global supercoiling -0.03752
frame 5514 time 1378.5 binding_event at DNA_topoI 49 enzyme topoI with twist -36.27733 superhelical -0.06205 global twist -146.45806 global supercoiling -0.04306
frame 5515 time 1378.75 binding_event at gene mKalama1 enzyme RNAP with twist -139.85543 superhelical -0.11379 global twist -145.85966 global supercoiling -0.04381
frame 5517 time 1379.25 unbinding_event at DNA_topoI 49 enzyme topoI with twist -28.49815 superhelical -0.05308 global twist -144.66286 global supercoiling -0.04370
frame 5519 time 1379.75 unbinding_event at gene Raspberry enzyme RNAP with twist -102.49099 superhelical -0.12182 global twist -145.41086 global supercoiling -0.04299
frame 5526 time 1381.5 binding_event at DNA_topoI 2 enzyme topoI with twist -113.26216 superhelical -0.08953 global twist -154.83564 global supercoiling -0.04552
frame 5527 time 1381.75 unbinding_event at DNA_topoI 2 enzyme topoI with twist -112.96297 superhelical -0.09130 global twist -154.23724 global supercoiling -0.04632
frame 5530 time 1382.5 binding_event at DNA_topoI 10 enzyme topoI with twist -32.78698 superhelical -0.06205 global twist -156.33163 global supercoiling -0.04596
frame 5530 time 1382.5 unbinding_event at gene tetA enzyme RNAP with twist 34.35792 superhelical -0.07353 global twist -156.33163 global supercoiling -0.04596
frame 5535 time 1383.75 binding_event at gene tetA enzyme RNAP with twist -125.52934 superhelical -0.09327 global twist -153.33964 global supercoiling -0.04579
frame 5535 time 1383.75 unbinding_event at DNA_gyrase 16 enzyme gyrase with twist 50.39245 superhelical 0.09986 global twist -153.33964 global supercoiling -0.04579
frame 5543 time 1385.75 unbinding_event at DNA_topoI 10 enzyme topoI with twist 53.31144 superhelical -0.01155 global twist -139.12767 global supercoiling -0.04090
frame 5558 time 1389.5 binding_event at DNA_gyrase 5 enzyme gyrase with twist 65.87781 superhelical 0.04435 global twist -137.18288 global supercoiling -0.03950
frame 5559 time 1389.75 unbinding_event at DNA_gyrase 5 enzyme gyrase with twist 64.98022 superhelical 0.04969 global twist -138.52928 global supercoiling -0.04073
frame 5595 time 1398.75 binding_event at gene tetA enzyme RNAP with twist -215.51863 superhelical -0.12844 global twist -139.87567 global supercoiling -0.04027
frame 5601 time 1400.25 binding_event at gene Raspberry enzyme RNAP with twist -193.79096 superhelical -0.13251 global twist -139.87567 global supercoiling -0.04050
frame 5624 time 1406.0 unbinding_event at gene mKalama1 enzyme RNAP with twist -83.86483 superhelical 0.15539 global twist -139.87567 global supercoiling -0.04072
frame 5652 time 1413.0 unbinding_event at gene tetA enzyme RNAP with twist 130.73437 superhelical -0.09462 global twist -139.87567 global supercoiling -0.04050
frame 5698 time 1424.5 unbinding_event at gene tetA enzyme RNAP with twist 139.52503 superhelical -0.12993 global twist -139.87567 global supercoiling -0.04027
frame 5709 time 1427.25 unbinding_event at gene Raspberry enzyme RNAP with twist -289.27428 superhelical -0.12797 global twist -139.87567 global supercoiling -0.04005
frame 5712 time 1428.0 binding_event at DNA_topoI 38 enzyme topoI with twist -291.06947 superhelical -0.12987 global twist -139.87567 global supercoiling -0.03983
frame 5712 time 1428.0 unbinding_event at DNA_topoI 38 enzyme topoI with twist -290.02228 superhelical -0.13298 global twist -139.87567 global supercoiling -0.03983
frame 5758 time 1439.5 unbinding_event at gene tetA enzyme RNAP with twist -137.93088 superhelical -0.13511 global twist -137.93088 global supercoiling -0.03928
frame 5779 time 1444.75 binding_event at gene tetA enzyme RNAP with twist -137.93088 superhelical -0.03907 global twist -137.93088 global supercoiling -0.03907
frame 5797 time 1449.25 binding_event at DNA_gyrase 41 enzyme gyrase with twist -83.57083 superhelical -0.04651 global twist -137.93088 global supercoiling -0.03928
frame 5798 time 1449.5 unbinding_event at DNA_gyrase 41 enzyme gyrase with twist -88.05882 superhelical -0.04974 global twist -139.27727 global supercoiling -0.04049
frame 5880 time 1470.0 binding_event at DNA_topoI 35 enzyme topoI with twist -160.76425 superhelical -0.07410 global twist -140.62367 global supercoiling -0.04005
frame 5907 time 1476.75 unbinding_event at DNA_topoI 35 enzyme topoI with twist -131.44272 superhelical -0.03186 global twist -88.11419 global supercoiling -0.02562
frame 5912 time 1478.0 binding_event at DNA_topoI 27 enzyme topoI with twist -135.03311 superhelical -0.05838 global twist -86.16940 global supercoiling -0.02454
frame 5938 time 1484.5 binding_event at DNA_gyrase 13 enzyme gyrase with twist 72.20126 superhelical 0.06675 global twist -35.60472 global supercoiling -0.01035
frame 5942 time 1485.5 unbinding_event at gene tetA enzyme RNAP with twist -117.44359 superhelical -0.05569 global twist -33.21112 global supercoiling -0.00986
frame 5945 time 1486.25 unbinding_event at DNA_topoI 27 enzyme topoI with twist -85.50339 superhelical 0.92636 global twist -31.41593 global supercoiling -0.00928
frame 5953 time 1488.25 unbinding_event at DNA_gyrase 13 enzyme gyrase with twist -41.58870 superhelical -0.03471 global twist -40.24231 global supercoiling -0.01163
frame 5961 time 1490.25 binding_event at gene tetA enzyme RNAP with twist -41.58870 superhelical -0.01178 global twist -41.58870 global supercoiling -0.01178
frame 6124 time 1531.0 unbinding_event at gene tetA enzyme RNAP with twist -41.58870 superhelical -0.06832 global twist -41.58870 global supercoiling -0.01184
frame 6157 time 1539.25 binding_event at DNA_gyrase 23 enzyme gyrase with twist -41.58870 superhelical -0.01178 global twist -41.58870 global supercoiling -0.01178
frame 6158 time 1539.5 unbinding_event at DNA_gyrase 23 enzyme gyrase with twist -44.28150 superhelical -0.01243 global twist -42.93510 global supercoiling -0.01241
frame 6365 time 1591.25 binding_event at DNA_gyrase 6 enzyme gyrase with twist -44.28150 superhelical -0.01254 global twist -44.28150 global supercoiling -0.01254
frame 6368 time 1592.0 unbinding_event at DNA_gyrase 6 enzyme gyrase with twist -49.66708 superhelical -0.01408 global twist -48.32069 global supercoiling -0.01397
frame 6394 time 1598.5 binding_event at gene tetA enzyme RNAP with twist -49.66708 superhelical -0.01407 global twist -49.66708 global supercoiling -0.01407
frame 6488 time 1622.0 binding_event at DNA_topoI 49 enzyme topoI with twist -108.64912 superhelical -0.05082 global twist -49.66708 global supercoiling -0.01414
frame 6505 time 1626.25 unbinding_event at DNA_topoI 49 enzyme topoI with twist -89.79956 superhelical -0.04173 global twist -16.60556 global supercoiling -0.00483
frame 6524 time 1631.0 binding_event at DNA_gyrase 16 enzyme gyrase with twist 91.29556 superhelical 0.07534 global twist -14.66077 global supercoiling -0.00418
frame 6556 time 1639.0 unbinding_event at DNA_gyrase 16 enzyme gyrase with twist 76.48519 superhelical 0.13257 global twist -57.74546 global supercoiling -0.01679
frame 6557 time 1639.25 unbinding_event at gene tetA enzyme RNAP with twist -59.09186 superhelical -0.05565 global twist -59.09186 global supercoiling -0.01683
frame 6589 time 1647.25 binding_event at DNA_gyrase 49 enzyme gyrase with twist -59.09186 superhelical -0.01674 global twist -59.09186 global supercoiling -0.01674
frame 6589 time 1647.25 unbinding_event at DNA_gyrase 49 enzyme gyrase with twist -60.43826 superhelical -0.01750 global twist -59.09186 global supercoiling -0.01674
frame 6590 time 1647.5 binding_event at DNA_gyrase 41 enzyme gyrase with twist -60.43826 superhelical -0.01712 global twist -60.43826 global supercoiling -0.01712
frame 6593 time 1648.25 unbinding_event at DNA_gyrase 41 enzyme gyrase with twist -65.82385 superhelical -0.02007 global twist -64.47745 global supercoiling -0.01864
frame 6659 time 1664.75 binding_event at DNA_topoI 38 enzyme topoI with twist -65.82385 superhelical -0.01864 global twist -65.82385 global supercoiling -0.01864
frame 6664 time 1666.0 unbinding_event at DNA_topoI 38 enzyme topoI with twist -54.15507 superhelical -0.01195 global twist -56.09987 global supercoiling -0.01622
frame 6773 time 1693.25 binding_event at DNA_gyrase 35 enzyme gyrase with twist -54.15507 superhelical -0.01534 global twist -54.15507 global supercoiling -0.01534
frame 6776 time 1694.0 unbinding_event at DNA_gyrase 35 enzyme gyrase with twist -59.54066 superhelical -0.02009 global twist -58.19426 global supercoiling -0.01683
frame 7057 time 1764.25 binding_event at gene tetA enzyme RNAP with twist -59.54066 superhelical -0.01686 global twist -59.54066 global supercoiling -0.01686
frame 7220 time 1805.0 unbinding_event at gene tetA enzyme RNAP with twist -59.54066 superhelical -0.07190 global twist -59.54066 global supercoiling -0.01696
frame 7274 time 1818.5 binding_event at DNA_topoI 28 enzyme topoI with twist -59.54066 superhelical -0.01686 global twist -59.54066 global supercoiling -0.01686
frame 7279 time 1819.75 unbinding_event at DNA_topoI 28 enzyme topoI with twist -47.87189 superhelical 0.03818 global twist -49.81668 global supercoiling -0.01440
frame 7589 time 1897.25 binding_event at DNA_gyrase 42 enzyme gyrase with twist -47.87189 superhelical -0.01356 global twist -47.87189 global supercoiling -0.01356
frame 7595 time 1898.75 unbinding_event at DNA_gyrase 42 enzyme gyrase with twist -57.29667 superhelical -0.01808 global twist -55.95027 global supercoiling -0.01618
frame 7636 time 1909.0 binding_event at gene tetA enzyme RNAP with twist -57.29667 superhelical -0.01623 global twist -57.29667 global supercoiling -0.01623
frame 7644 time 1911.0 binding_event at gene tetA enzyme RNAP with twist -35.18468 superhelical -0.02008 global twist -57.29667 global supercoiling -0.01632
frame 7660 time 1915.0 binding_event at DNA_topoI 36 enzyme topoI with twist -49.20606 superhelical -0.02752 global twist -57.29667 global supercoiling -0.01641
frame 7661 time 1915.25 unbinding_event at DNA_topoI 36 enzyme topoI with twist -47.11166 superhelical -0.02581 global twist -55.35187 global supercoiling -0.01618
frame 7787 time 1946.75 binding_event at gene tetA enzyme RNAP with twist -159.31140 superhelical -0.06756 global twist -53.40708 global supercoiling -0.01529
frame 7799 time 1949.75 unbinding_event at gene tetA enzyme RNAP with twist 117.57310 superhelical -0.02030 global twist -53.40708 global supercoiling -0.01538
frame 7807 time 1951.75 unbinding_event at gene tetA enzyme RNAP with twist 82.34285 superhelical -0.06812 global twist -53.40708 global supercoiling -0.01529
frame 7810 time 1952.5 binding_event at gene tetA enzyme RNAP with twist -137.54512 superhelical -0.07560 global twist -53.40708 global supercoiling -0.01521
frame 7818 time 1954.5 binding_event at DNA_topoI 40 enzyme topoI with twist -138.30241 superhelical -0.07893 global twist -53.40708 global supercoiling -0.01529
frame 7818 time 1954.5 unbinding_event at DNA_topoI 40 enzyme topoI with twist -137.25521 superhelical -0.08130 global twist -53.40708 global supercoiling -0.01529
frame 7821 time 1955.25 binding_event at DNA_gyrase 23 enzyme gyrase with twist 94.01162 superhelical 0.05723 global twist -51.46228 global supercoiling -0.01474
frame 7830 time 1957.5 unbinding_event at DNA_gyrase 23 enzyme gyrase with twist 89.52363 superhelical 0.06336 global twist -63.57985 global supercoiling -0.01859
frame 7869 time 1967.25 binding_event at DNA_topoI 41 enzyme topoI with twist -182.13511 superhelical -0.09194 global twist -64.92625 global supercoiling -0.01859
frame 7869 time 1967.25 unbinding_event at DNA_topoI 41 enzyme topoI with twist -181.08791 superhelical -0.09446 global twist -64.92625 global supercoiling -0.01859
frame 7902 time 1975.5 binding_event at gene mKalama1 enzyme RNAP with twist -209.81104 superhelical -0.09854 global twist -62.98145 global supercoiling -0.01803
frame 7924 time 1981.0 binding_event at gene mKalama1 enzyme RNAP with twist -184.92204 superhelical -0.11140 global twist -62.98145 global supercoiling -0.01813
frame 7950 time 1987.5 unbinding_event at gene tetA enzyme RNAP with twist 190.81189 superhelical -0.07640 global twist -62.98145 global supercoiling -0.01823
frame 7973 time 1993.25 unbinding_event at gene tetA enzyme RNAP with twist -54.25560 superhelical -0.13219 global twist -62.98145 global supercoiling -0.01813
frame 7989 time 1997.25 binding_event at DNA_gyrase 25 enzyme gyrase with twist -67.71957 superhelical -0.02146 global twist -62.98145 global supercoiling -0.01803
frame 7997 time 1999.25 unbinding_event at DNA_gyrase 25 enzyme gyrase with twist -87.91552 superhelical -0.02587 global twist -73.75263 global supercoiling -0.02156
frame 8011 time 2002.75 unbinding_event at gene mKalama1 enzyme RNAP with twist 25.38286 superhelical 0.22337 global twist -75.09902 global supercoiling -0.02150
frame 8033 time 2008.25 unbinding_event at gene mKalama1 enzyme RNAP with twist -75.09902 superhelical 0.29346 global twist -75.09902 global supercoiling -0.02139
frame 8135 time 2033.75 binding_event at DNA_topoI 15 enzyme topoI with twist -75.09902 superhelical -0.02127 global twist -75.09902 global supercoiling -0.02127
frame 8144 time 2036.0 unbinding_event at DNA_topoI 15 enzyme topoI with twist -55.65107 superhelical -0.01819 global twist -57.59587 global supercoiling -0.01665
frame 8213 time 2053.25 binding_event at gene tetA enzyme RNAP with twist -55.65107 superhelical -0.01576 global twist -55.65107 global supercoiling -0.01576
frame 8317 time 2079.25 binding_event at DNA_topoI 44 enzyme topoI with twist -120.54978 superhelical -0.05522 global twist -55.65107 global supercoiling -0.01585
frame 8328 time 2082.0 unbinding_event at DNA_topoI 44 enzyme topoI with twist -107.98341 superhelical -0.04780 global twist -34.25832 global supercoiling -0.00996
frame 8376 time 2094.0 unbinding_event at gene tetA enzyme RNAP with twist -32.31352 superhelical -0.06160 global twist -32.31352 global supercoiling -0.00920
frame 8476 time 2119.0 binding_event at gene tetA enzyme RNAP with twist -32.31352 superhelical -0.00915 global twist -32.31352 global supercoiling -0.00915
frame 8531 time 2132.75 binding_event at DNA_gyrase 14 enzyme gyrase with twist 32.84768 superhelical 0.02121 global twist -32.31352 global supercoiling -0.00920
frame 8546 time 2136.5 unbinding_event at DNA_gyrase 14 enzyme gyrase with twist 25.66689 superhelical 0.03040 global twist -52.50948 global supercoiling -0.01527
frame 8556 time 2139.0 binding_event at DNA_gyrase 18 enzyme gyrase with twist 33.74528 superhelical 0.02350 global twist -53.85587 global supercoiling -0.01534
frame 8558 time 2139.5 unbinding_event at DNA_gyrase 18 enzyme gyrase with twist 32.39888 superhelical 0.02589 global twist -56.54867 global supercoiling -0.01644
frame 8619 time 2154.75 binding_event at gene Raspberry enzyme RNAP with twist -144.14982 superhelical -0.06113 global twist -57.89506 global supercoiling -0.01649
frame 8621 time 2155.25 binding_event at gene tetA enzyme RNAP with twist -97.16328 superhelical -0.06163 global twist -57.89506 global supercoiling -0.01658
frame 8639 time 2159.75 unbinding_event at gene tetA enzyme RNAP with twist 65.69764 superhelical -0.06239 global twist -57.89506 global supercoiling -0.01667
frame 8727 time 2181.75 unbinding_event at gene Raspberry enzyme RNAP with twist -202.58132 superhelical -0.11572 global twist -57.89506 global supercoiling -0.01658
frame 8784 time 2196.0 unbinding_event at gene tetA enzyme RNAP with twist -57.89506 superhelical -0.10347 global twist -57.89506 global supercoiling -0.01649
frame 8813 time 2203.25 binding_event at gene tetA enzyme RNAP with twist -57.89506 superhelical -0.01640 global twist -57.89506 global supercoiling -0.01640
frame 8840 time 2210.0 binding_event at DNA_gyrase 38 enzyme gyrase with twist -52.53150 superhelical -0.02859 global twist -57.89506 global supercoiling -0.01649
frame 8849 time 2212.25 unbinding_event at DNA_gyrase 38 enzyme gyrase with twist -74.97145 superhelical -0.03793 global twist -70.01264 global supercoiling -0.02035
frame 8976 time 2244.0 unbinding_event at gene tetA enzyme RNAP with twist -71.35903 superhelical -0.07706 global twist -71.35903 global supercoiling -0.02032
frame 9016 time 2254.0 binding_event at gene tetA enzyme RNAP with twist -71.35903 superhelical -0.02021 global twist -71.35903 global supercoiling -0.02021
frame 9018 time 2254.5 binding_event at gene tetA enzyme RNAP with twist -36.67211 superhelical -0.02126 global twist -71.35903 global supercoiling -0.02032
frame 9029 time 2257.25 binding_event at gene tetA enzyme RNAP with twist -46.32959 superhelical -0.02624 global twist -71.35903 global supercoiling -0.02043
frame 9179 time 2294.75 unbinding_event at gene tetA enzyme RNAP with twist 110.50784 superhelical -0.02124 global twist -71.35903 global supercoiling -0.02055
frame 9181 time 2295.25 unbinding_event at gene tetA enzyme RNAP with twist 111.50138 superhelical -0.02653 global twist -71.35903 global supercoiling -0.02043
frame 9185 time 2296.25 binding_event at DNA_topoI 6 enzyme topoI with twist -185.55320 superhelical -0.07679 global twist -71.35903 global supercoiling -0.02032
frame 9189 time 2297.25 unbinding_event at DNA_topoI 6 enzyme topoI with twist -180.31722 superhelical -0.07685 global twist -63.57985 global supercoiling -0.01848
frame 9192 time 2298.0 unbinding_event at gene tetA enzyme RNAP with twist -61.63506 superhelical -0.07463 global twist -61.63506 global supercoiling -0.01755
frame 9197 time 2299.25 binding_event at DNA_gyrase 18 enzyme gyrase with twist -61.63506 superhelical -0.01746 global twist -61.63506 global supercoiling -0.01746
frame 9199 time 2299.75 unbinding_event at DNA_gyrase 18 enzyme gyrase with twist -65.67425 superhelical -0.01850 global twist -64.32785 global supercoiling -0.01860
frame 9231 time 2307.75 binding_event at gene tetA enzyme RNAP with twist -65.67425 superhelical -0.01860 global twist -65.67425 global supercoiling -0.01860
frame 9301 time 2325.25 binding_event at gene Raspberry enzyme RNAP with twist -94.93031 superhelical -0.04676 global twist -65.67425 global supercoiling -0.01870
frame 9328 time 2332.0 binding_event at DNA_topoI 28 enzyme topoI with twist -60.21884 superhelical -0.06816 global twist -65.67425 global supercoiling -0.01881
frame 9334 time 2333.5 unbinding_event at DNA_topoI 28 enzyme topoI with twist -52.88846 superhelical -0.00956 global twist -54.00547 global supercoiling -0.01579
frame 9363 time 2340.75 binding_event at DNA_topoI 30 enzyme topoI with twist -78.02120 superhelical -0.07498 global twist -52.06068 global supercoiling -0.01491
frame 9392 time 2348.0 binding_event at DNA_gyrase 23 enzyme gyrase with twist 110.93747 superhelical 0.10343 global twist 4.33839 global supercoiling 0.00127
frame 9394 time 2348.5 unbinding_event at gene tetA enzyme RNAP with twist 39.13267 superhelical -0.04720 global twist 5.53519 global supercoiling 0.00165
frame 9394 time 2348.5 unbinding_event at DNA_gyrase 23 enzyme gyrase with twist 50.64447 superhelical -0.04720 global twist 5.53519 global supercoiling 0.00165
frame 9404 time 2351.0 unbinding_event at DNA_topoI 30 enzyme topoI with twist -34.03890 superhelical 0.08353 global twist 23.63674 global supercoiling 0.00687
frame 9409 time 2352.25 unbinding_event at gene Raspberry enzyme RNAP with twist 25.58154 superhelical -0.03078 global twist 25.58154 global supercoiling 0.00729
frame 9435 time 2358.75 binding_event at DNA_gyrase 37 enzyme gyrase with twist 25.58154 superhelical 0.00725 global twist 25.58154 global supercoiling 0.00725
frame 9440 time 2360.0 unbinding_event at DNA_gyrase 37 enzyme gyrase with twist 17.50316 superhelical 0.00202 global twist 18.84956 global supercoiling 0.00545
frame 9467 time 2366.75 binding_event at gene tetA enzyme RNAP with twist 17.50316 superhelical 0.00496 global twist 17.50316 global supercoiling 0.00496
frame 9630 time 2407.5 unbinding_event at gene tetA enzyme RNAP with twist 17.50316 superhelical -0.05654 global twist 17.50316 global supercoiling 0.00498
frame 9644 time 2411.0 binding_event at DNA_gyrase 19 enzyme gyrase with twist 17.50316 superhelical 0.00496 global twist 17.50316 global supercoiling 0.00496
frame 9647 time 2411.75 unbinding_event at DNA_gyrase 19 enzyme gyrase with twist 12.11757 superhelical 0.00418 global twist 13.46397 global supercoiling 0.00389
frame 9799 time 2449.75 binding_event at DNA_gyrase 18 enzyme gyrase with twist 12.11757 superhelical 0.00343 global twist 12.11757 global supercoiling 0.00343
frame 9799 time 2449.75 unbinding_event at DNA_gyrase 18 enzyme gyrase with twist 10.77117 superhelical 0.00328 global twist 12.11757 global supercoiling 0.00343
frame 9942 time 2485.5 binding_event at gene tetA enzyme RNAP with twist 10.77117 superhelical 0.00305 global twist 10.77117 global supercoiling 0.00305
