TORCphysics log file 

General information: 
---------------------------------------------------------------------------------------
Circuit name: Pleu500_73
Size: 6000
Structure: circle
Number of sites: 110
Number of frames: 8000
Simulation time: 4000.0
Simulation timestep: 0.5
Seed: 1805514878528757649
 
Overall simulation information 
---------------------------------------------------------------------------------------
Initial twist: -211.83310
Final twist: -112.19974
Initial superhelical density: -0.06000
Final superhelical density: -0.03195
 
Overall rates 
---------------------------------------------------------------------------------------
site type            site name            #binding events      #unbinding events    binding rates        
 DNA_topoI            DNA_topoI_global                     58.0                 58.0                0.0145 
DNA_gyrase           DNA_gyrase_global                    70.0                 70.0                0.0175 
EXT                  EXT                                   0.0                  0.0                   0.0 
gene                 tetA                                 66.0                 66.0                0.0165 
gene                 CDS                                   0.0                  0.0                   0.0 
origin               ori                                   0.0                  0.0                   0.0 
lacOP                lac1                                  0.0                  0.0                   0.0 
gene                 mKalama1                             11.0                 10.0               0.00275 
lacOP                lac2                                  0.0                  0.0                   0.0 
gene                 Raspberry                             7.0                  7.0               0.00175 
 
Events
---------------------------------------------------------------------------------------
frame 10 time 5.0 binding_event at gene tetA enzyme RNAP with twist -211.83310 superhelical -0.06000 global twist -211.83310 global supercoiling -0.06000
frame 30 time 15.0 binding_event at gene tetA enzyme RNAP with twist -175.34180 superhelical -0.08449 global twist -211.83310 global supercoiling -0.06033
frame 50 time 25.0 unbinding_event at gene tetA enzyme RNAP with twist 9.92143 superhelical -0.08528 global twist -211.83310 global supercoiling -0.06066
frame 70 time 35.0 binding_event at DNA_topoI 45 enzyme topoI with twist -289.97198 superhelical -0.11912 global twist -211.83310 global supercoiling -0.06033
frame 70 time 35.0 unbinding_event at gene tetA enzyme RNAP with twist -47.12795 superhelical -0.12221 global twist -211.83310 global supercoiling -0.06033
frame 77 time 38.5 unbinding_event at DNA_topoI 45 enzyme topoI with twist -180.71638 superhelical -0.11101 global twist -184.60597 global supercoiling -0.05337
frame 97 time 48.5 binding_event at DNA_topoI 24 enzyme topoI with twist -180.71638 superhelical -0.05119 global twist -180.71638 global supercoiling -0.05119
frame 100 time 50.0 unbinding_event at DNA_topoI 24 enzyme topoI with twist -165.15801 superhelical -0.04997 global twist -169.04760 global supercoiling -0.04888
frame 110 time 55.0 binding_event at DNA_gyrase 1 enzyme gyrase with twist -165.15801 superhelical -0.04678 global twist -165.15801 global supercoiling -0.04678
frame 115 time 57.5 unbinding_event at DNA_gyrase 1 enzyme gyrase with twist -181.31478 superhelical -0.05235 global twist -178.62198 global supercoiling -0.05164
frame 155 time 77.5 binding_event at gene Raspberry enzyme RNAP with twist -181.31478 superhelical -0.05136 global twist -181.31478 global supercoiling -0.05136
frame 162 time 81.0 binding_event at DNA_topoI 36 enzyme topoI with twist -64.49795 superhelical -0.07263 global twist -181.31478 global supercoiling -0.05164
frame 164 time 82.0 binding_event at gene tetA enzyme RNAP with twist -109.63605 superhelical -0.04237 global twist -173.53559 global supercoiling -0.05045
frame 166 time 83.0 unbinding_event at DNA_topoI 36 enzyme topoI with twist -63.00195 superhelical -0.06472 global twist -165.75641 global supercoiling -0.04846
frame 182 time 91.0 unbinding_event at gene Raspberry enzyme RNAP with twist -153.45142 superhelical -0.09521 global twist -161.86682 global supercoiling -0.04635
frame 204 time 102.0 unbinding_event at gene tetA enzyme RNAP with twist -161.86682 superhelical -0.09479 global twist -161.86682 global supercoiling -0.04610
frame 207 time 103.5 binding_event at gene tetA enzyme RNAP with twist -161.86682 superhelical -0.04585 global twist -161.86682 global supercoiling -0.04585
frame 223 time 111.5 binding_event at DNA_topoI 41 enzyme topoI with twist -136.55909 superhelical -0.06816 global twist -161.86682 global supercoiling -0.04610
frame 224 time 112.0 binding_event at DNA_topoI 39 enzyme topoI with twist -71.49590 superhelical -0.06882 global twist -157.97723 global supercoiling -0.04593
frame 224 time 112.0 unbinding_event at DNA_topoI 39 enzyme topoI with twist -65.66152 superhelical -0.07176 global twist -157.97723 global supercoiling -0.04593
frame 228 time 114.0 unbinding_event at DNA_topoI 41 enzyme topoI with twist -130.87430 superhelical -0.05572 global twist -138.52928 global supercoiling -0.04027
frame 232 time 116.0 binding_event at DNA_gyrase 41 enzyme gyrase with twist -141.64548 superhelical -0.06542 global twist -134.63969 global supercoiling -0.03834
frame 238 time 119.0 unbinding_event at DNA_gyrase 41 enzyme gyrase with twist -185.62777 superhelical -0.07674 global twist -150.79645 global supercoiling -0.04384
frame 242 time 121.0 binding_event at DNA_topoI 49 enzyme topoI with twist -196.39895 superhelical -0.08377 global twist -153.48924 global supercoiling -0.04371
frame 247 time 123.5 unbinding_event at gene tetA enzyme RNAP with twist -2.40721 superhelical -0.08715 global twist -134.04129 global supercoiling -0.03897
frame 249 time 124.5 unbinding_event at DNA_topoI 49 enzyme topoI with twist -122.37251 superhelical -0.07677 global twist -126.26210 global supercoiling -0.03651
frame 273 time 136.5 binding_event at gene mKalama1 enzyme RNAP with twist -122.37251 superhelical -0.03466 global twist -122.37251 global supercoiling -0.03466
frame 279 time 139.5 binding_event at gene tetA enzyme RNAP with twist -121.35061 superhelical -0.04084 global twist -122.37251 global supercoiling -0.03485
frame 300 time 150.0 unbinding_event at gene mKalama1 enzyme RNAP with twist -127.57681 superhelical 0.53840 global twist -122.37251 global supercoiling -0.03504
frame 301 time 150.5 binding_event at DNA_topoI 48 enzyme topoI with twist -127.57681 superhelical -0.06043 global twist -122.37251 global supercoiling -0.03485
frame 301 time 150.5 unbinding_event at DNA_topoI 48 enzyme topoI with twist -127.27761 superhelical -0.06130 global twist -122.37251 global supercoiling -0.03485
frame 319 time 159.5 unbinding_event at gene tetA enzyme RNAP with twist -118.48292 superhelical -0.07826 global twist -118.48292 global supercoiling -0.03374
frame 424 time 212.0 binding_event at DNA_topoI 11 enzyme topoI with twist -118.48292 superhelical -0.03356 global twist -118.48292 global supercoiling -0.03356
frame 427 time 213.5 unbinding_event at DNA_topoI 11 enzyme topoI with twist -102.92456 superhelical -0.03111 global twist -106.81415 global supercoiling -0.03088
frame 460 time 230.0 binding_event at DNA_topoI 24 enzyme topoI with twist -102.92456 superhelical -0.02915 global twist -102.92456 global supercoiling -0.02915
frame 460 time 230.0 unbinding_event at DNA_topoI 24 enzyme topoI with twist -99.03497 superhelical -0.02919 global twist -102.92456 global supercoiling -0.02915
frame 495 time 247.5 binding_event at DNA_gyrase 4 enzyme gyrase with twist -99.03497 superhelical -0.02805 global twist -99.03497 global supercoiling -0.02805
frame 497 time 248.5 unbinding_event at DNA_gyrase 4 enzyme gyrase with twist -107.11335 superhelical -0.03068 global twist -104.42056 global supercoiling -0.03019
frame 582 time 291.0 binding_event at gene tetA enzyme RNAP with twist -107.11335 superhelical -0.03034 global twist -107.11335 global supercoiling -0.03034
frame 622 time 311.0 unbinding_event at gene tetA enzyme RNAP with twist -107.11335 superhelical -0.08138 global twist -107.11335 global supercoiling -0.03050
frame 747 time 373.5 binding_event at DNA_topoI 38 enzyme topoI with twist -107.11335 superhelical -0.03034 global twist -107.11335 global supercoiling -0.03034
frame 751 time 375.5 unbinding_event at DNA_topoI 38 enzyme topoI with twist -87.66540 superhelical -0.01916 global twist -91.55499 global supercoiling -0.02647
frame 756 time 378.0 binding_event at DNA_gyrase 28 enzyme gyrase with twist -87.66540 superhelical -0.02483 global twist -87.66540 global supercoiling -0.02483
frame 758 time 379.0 unbinding_event at DNA_gyrase 28 enzyme gyrase with twist -95.74378 superhelical -0.06370 global twist -93.05098 global supercoiling -0.02690
frame 760 time 380.0 binding_event at gene tetA enzyme RNAP with twist -95.74378 superhelical -0.02712 global twist -95.74378 global supercoiling -0.02712
frame 765 time 382.5 binding_event at DNA_topoI 48 enzyme topoI with twist -64.74697 superhelical -0.03585 global twist -95.74378 global supercoiling -0.02727
frame 786 time 393.0 unbinding_event at DNA_topoI 48 enzyme topoI with twist -58.16459 superhelical -0.00958 global twist -14.06237 global supercoiling -0.00409
frame 800 time 400.0 unbinding_event at gene tetA enzyme RNAP with twist -10.17278 superhelical -0.04422 global twist -10.17278 global supercoiling -0.00290
frame 890 time 445.0 binding_event at gene tetA enzyme RNAP with twist -10.17278 superhelical -0.00288 global twist -10.17278 global supercoiling -0.00288
frame 918 time 459.0 binding_event at DNA_gyrase 8 enzyme gyrase with twist 95.33016 superhelical 0.07375 global twist -10.17278 global supercoiling -0.00290
frame 922 time 461.0 unbinding_event at DNA_gyrase 8 enzyme gyrase with twist -39.23181 superhelical -0.05265 global twist -20.94395 global supercoiling -0.00609
frame 928 time 464.0 binding_event at DNA_topoI 2 enzyme topoI with twist -57.18377 superhelical -0.02384 global twist -23.63674 global supercoiling -0.00673
frame 929 time 464.5 unbinding_event at DNA_topoI 2 enzyme topoI with twist -56.58537 superhelical -0.02245 global twist -19.74715 global supercoiling -0.00574
frame 930 time 465.0 unbinding_event at gene tetA enzyme RNAP with twist -15.85756 superhelical -0.02454 global twist -15.85756 global supercoiling -0.00452
frame 963 time 481.5 binding_event at DNA_topoI 18 enzyme topoI with twist -15.85756 superhelical -0.00449 global twist -15.85756 global supercoiling -0.00449
frame 973 time 486.5 unbinding_event at DNA_topoI 18 enzyme topoI with twist 26.92794 superhelical 0.00260 global twist 23.03835 global supercoiling 0.00666
frame 1020 time 510.0 binding_event at DNA_gyrase 2 enzyme gyrase with twist 26.92794 superhelical 0.00763 global twist 26.92794 global supercoiling 0.00763
frame 1024 time 512.0 unbinding_event at DNA_gyrase 2 enzyme gyrase with twist 13.46397 superhelical 0.00410 global twist 16.15676 global supercoiling 0.00467
frame 1048 time 524.0 binding_event at DNA_gyrase 37 enzyme gyrase with twist 13.46397 superhelical 0.00381 global twist 13.46397 global supercoiling 0.00381
frame 1049 time 524.5 unbinding_event at DNA_gyrase 37 enzyme gyrase with twist 8.07838 superhelical 0.00031 global twist 10.77117 global supercoiling 0.00311
frame 1107 time 553.5 binding_event at DNA_gyrase 4 enzyme gyrase with twist 8.07838 superhelical 0.00229 global twist 8.07838 global supercoiling 0.00229
frame 1110 time 555.0 unbinding_event at DNA_gyrase 4 enzyme gyrase with twist -2.69279 superhelical -0.00039 global twist -0.00000 global supercoiling -0.00000
frame 1176 time 588.0 binding_event at DNA_topoI 31 enzyme topoI with twist -2.69279 superhelical -0.00076 global twist -2.69279 global supercoiling -0.00076
frame 1183 time 591.5 unbinding_event at DNA_topoI 31 enzyme topoI with twist 28.42393 superhelical 0.04773 global twist 24.53434 global supercoiling 0.00709
frame 1187 time 593.5 binding_event at gene Raspberry enzyme RNAP with twist 28.42393 superhelical 0.00805 global twist 28.42393 global supercoiling 0.00805
frame 1197 time 598.5 binding_event at DNA_gyrase 3 enzyme gyrase with twist 58.15674 superhelical 0.02263 global twist 28.42393 global supercoiling 0.00809
frame 1199 time 599.5 unbinding_event at DNA_gyrase 3 enzyme gyrase with twist 60.84953 superhelical 0.03230 global twist 23.03835 global supercoiling 0.00670
frame 1208 time 604.0 binding_event at DNA_topoI 36 enzyme topoI with twist -69.22711 superhelical -0.06076 global twist 20.34555 global supercoiling 0.00579
frame 1208 time 604.0 unbinding_event at DNA_topoI 36 enzyme topoI with twist -68.92791 superhelical -0.06199 global twist 20.34555 global supercoiling 0.00579
frame 1214 time 607.0 unbinding_event at gene Raspberry enzyme RNAP with twist 24.23514 superhelical -0.07152 global twist 24.23514 global supercoiling 0.00690
frame 1248 time 624.0 binding_event at DNA_gyrase 5 enzyme gyrase with twist 24.23514 superhelical 0.00686 global twist 24.23514 global supercoiling 0.00686
frame 1251 time 625.5 unbinding_event at DNA_gyrase 5 enzyme gyrase with twist 13.46397 superhelical 0.00437 global twist 16.15676 global supercoiling 0.00467
frame 1271 time 635.5 binding_event at DNA_gyrase 1 enzyme gyrase with twist 13.46397 superhelical 0.00381 global twist 13.46397 global supercoiling 0.00381
frame 1273 time 636.5 unbinding_event at DNA_gyrase 1 enzyme gyrase with twist 5.38559 superhelical 0.00159 global twist 8.07838 global supercoiling 0.00234
frame 1404 time 702.0 binding_event at DNA_gyrase 29 enzyme gyrase with twist 5.38559 superhelical 0.00153 global twist 5.38559 global supercoiling 0.00153
frame 1409 time 704.5 unbinding_event at DNA_gyrase 29 enzyme gyrase with twist -10.77117 superhelical -0.04405 global twist -8.07838 global supercoiling -0.00234
frame 1443 time 721.5 binding_event at gene tetA enzyme RNAP with twist -10.77117 superhelical -0.00305 global twist -10.77117 global supercoiling -0.00305
frame 1483 time 741.5 unbinding_event at gene tetA enzyme RNAP with twist -10.77117 superhelical -0.06218 global twist -10.77117 global supercoiling -0.00307
frame 1576 time 788.0 binding_event at gene tetA enzyme RNAP with twist -10.77117 superhelical -0.00305 global twist -10.77117 global supercoiling -0.00305
frame 1616 time 808.0 unbinding_event at gene tetA enzyme RNAP with twist -10.77117 superhelical -0.06218 global twist -10.77117 global supercoiling -0.00307
frame 1634 time 817.0 binding_event at gene tetA enzyme RNAP with twist -10.77117 superhelical -0.00305 global twist -10.77117 global supercoiling -0.00305
frame 1651 time 825.5 binding_event at gene tetA enzyme RNAP with twist -66.30110 superhelical -0.03280 global twist -10.77117 global supercoiling -0.00307
frame 1674 time 837.0 unbinding_event at gene tetA enzyme RNAP with twist 132.22773 superhelical -0.03311 global twist -10.77117 global supercoiling -0.00308
frame 1676 time 838.0 binding_event at DNA_gyrase 18 enzyme gyrase with twist 135.81813 superhelical 0.10088 global twist -10.77117 global supercoiling -0.00307
frame 1686 time 843.0 unbinding_event at DNA_gyrase 18 enzyme gyrase with twist 145.69170 superhelical 0.18328 global twist -37.69911 global supercoiling -0.01096
frame 1691 time 845.5 unbinding_event at gene tetA enzyme RNAP with twist -40.39191 superhelical -0.08320 global twist -40.39191 global supercoiling -0.01150
frame 1744 time 872.0 binding_event at DNA_gyrase 37 enzyme gyrase with twist -40.39191 superhelical -0.01144 global twist -40.39191 global supercoiling -0.01144
frame 1754 time 877.0 unbinding_event at DNA_gyrase 37 enzyme gyrase with twist -70.01264 superhelical -0.03138 global twist -67.31984 global supercoiling -0.01946
frame 1766 time 883.0 binding_event at gene tetA enzyme RNAP with twist -70.01264 superhelical -0.01983 global twist -70.01264 global supercoiling -0.01983
frame 1790 time 895.0 binding_event at DNA_topoI 46 enzyme topoI with twist -120.38825 superhelical -0.05607 global twist -70.01264 global supercoiling -0.01994
frame 1794 time 897.0 unbinding_event at DNA_topoI 46 enzyme topoI with twist -118.89226 superhelical -0.05106 global twist -54.45427 global supercoiling -0.01583
frame 1806 time 903.0 unbinding_event at gene tetA enzyme RNAP with twist -50.56468 superhelical -0.06605 global twist -50.56468 global supercoiling -0.01440
frame 1893 time 946.5 binding_event at gene tetA enzyme RNAP with twist -50.56468 superhelical -0.01432 global twist -50.56468 global supercoiling -0.01432
frame 1896 time 948.0 binding_event at DNA_gyrase 22 enzyme gyrase with twist -15.07989 superhelical -0.00866 global twist -50.56468 global supercoiling -0.01440
frame 1896 time 948.0 unbinding_event at DNA_gyrase 22 enzyme gyrase with twist -14.18229 superhelical -0.00760 global twist -50.56468 global supercoiling -0.01440
frame 1909 time 954.5 binding_event at gene tetA enzyme RNAP with twist -82.15988 superhelical -0.04101 global twist -53.25748 global supercoiling -0.01517
frame 1919 time 959.5 binding_event at gene Raspberry enzyme RNAP with twist -106.96379 superhelical -0.05642 global twist -53.25748 global supercoiling -0.01525
frame 1933 time 966.5 unbinding_event at gene tetA enzyme RNAP with twist 107.56219 superhelical -0.04141 global twist -53.25748 global supercoiling -0.01533
frame 1946 time 973.0 unbinding_event at gene Raspberry enzyme RNAP with twist -207.49476 superhelical -0.11382 global twist -53.25748 global supercoiling -0.01525
frame 1949 time 974.5 unbinding_event at gene tetA enzyme RNAP with twist -53.25748 superhelical -0.08901 global twist -53.25748 global supercoiling -0.01517
frame 1977 time 988.5 binding_event at gene tetA enzyme RNAP with twist -53.25748 superhelical -0.01508 global twist -53.25748 global supercoiling -0.01508
frame 2017 time 1008.5 unbinding_event at gene tetA enzyme RNAP with twist -53.25748 superhelical -0.07064 global twist -53.25748 global supercoiling -0.01517
frame 2039 time 1019.5 binding_event at DNA_gyrase 12 enzyme gyrase with twist -53.25748 superhelical -0.01508 global twist -53.25748 global supercoiling -0.01508
frame 2045 time 1022.5 unbinding_event at DNA_gyrase 12 enzyme gyrase with twist -72.10703 superhelical -0.01910 global twist -69.41424 global supercoiling -0.02007
frame 2067 time 1033.5 binding_event at gene tetA enzyme RNAP with twist -72.10703 superhelical -0.02042 global twist -72.10703 global supercoiling -0.02042
frame 2107 time 1053.5 unbinding_event at gene tetA enzyme RNAP with twist -72.10703 superhelical -0.07440 global twist -72.10703 global supercoiling -0.02054
frame 2299 time 1149.5 binding_event at DNA_gyrase 26 enzyme gyrase with twist -72.10703 superhelical -0.02042 global twist -72.10703 global supercoiling -0.02042
frame 2299 time 1149.5 unbinding_event at DNA_gyrase 26 enzyme gyrase with twist -74.79983 superhelical -0.05555 global twist -72.10703 global supercoiling -0.02042
frame 2326 time 1163.0 binding_event at DNA_gyrase 13 enzyme gyrase with twist -74.79983 superhelical -0.02119 global twist -74.79983 global supercoiling -0.02119
frame 2331 time 1165.5 unbinding_event at DNA_gyrase 13 enzyme gyrase with twist -90.95659 superhelical -0.02471 global twist -88.26379 global supercoiling -0.02552
frame 2372 time 1186.0 binding_event at DNA_topoI 37 enzyme topoI with twist -90.95659 superhelical -0.02576 global twist -90.95659 global supercoiling -0.02576
frame 2378 time 1189.0 unbinding_event at DNA_topoI 37 enzyme topoI with twist -63.72945 superhelical -0.00818 global twist -67.61904 global supercoiling -0.01955
frame 2382 time 1191.0 binding_event at gene mKalama1 enzyme RNAP with twist -63.72945 superhelical -0.01805 global twist -63.72945 global supercoiling -0.01805
frame 2394 time 1197.0 binding_event at DNA_topoI 16 enzyme topoI with twist -95.06308 superhelical -0.03087 global twist -63.72945 global supercoiling -0.01815
frame 2397 time 1198.5 unbinding_event at DNA_topoI 16 enzyme topoI with twist -93.86629 superhelical -0.03337 global twist -52.06068 global supercoiling -0.01514
frame 2409 time 1204.5 unbinding_event at gene mKalama1 enzyme RNAP with twist -48.17109 superhelical 0.61307 global twist -48.17109 global supercoiling -0.01372
frame 2441 time 1220.5 binding_event at DNA_topoI 16 enzyme topoI with twist -48.17109 superhelical -0.01364 global twist -48.17109 global supercoiling -0.01364
frame 2449 time 1224.5 unbinding_event at DNA_topoI 16 enzyme topoI with twist -13.16477 superhelical -0.00775 global twist -17.05436 global supercoiling -0.00493
frame 2487 time 1243.5 binding_event at DNA_gyrase 26 enzyme gyrase with twist -13.16477 superhelical -0.00373 global twist -13.16477 global supercoiling -0.00373
frame 2495 time 1247.5 binding_event at gene tetA enzyme RNAP with twist -23.79333 superhelical -0.00680 global twist -34.70712 global supercoiling -0.01003
frame 2495 time 1247.5 unbinding_event at DNA_gyrase 26 enzyme gyrase with twist -28.70882 superhelical -0.32013 global twist -34.70712 global supercoiling -0.01003
frame 2535 time 1267.5 unbinding_event at gene tetA enzyme RNAP with twist -37.39991 superhelical -0.07027 global twist -37.39991 global supercoiling -0.01065
frame 2570 time 1285.0 binding_event at gene Raspberry enzyme RNAP with twist -37.39991 superhelical -0.01059 global twist -37.39991 global supercoiling -0.01059
frame 2597 time 1298.5 unbinding_event at gene Raspberry enzyme RNAP with twist -37.39991 superhelical -0.08589 global twist -37.39991 global supercoiling -0.01065
frame 2608 time 1304.0 binding_event at gene tetA enzyme RNAP with twist -37.39991 superhelical -0.01059 global twist -37.39991 global supercoiling -0.01059
frame 2626 time 1313.0 binding_event at DNA_gyrase 23 enzyme gyrase with twist 45.50644 superhelical 0.03091 global twist -37.39991 global supercoiling -0.01065
frame 2632 time 1316.0 unbinding_event at DNA_gyrase 23 enzyme gyrase with twist 51.78962 superhelical 0.04967 global twist -53.55667 global supercoiling -0.01557
frame 2648 time 1324.0 unbinding_event at gene tetA enzyme RNAP with twist -56.24947 superhelical -0.06748 global twist -56.24947 global supercoiling -0.01602
frame 2657 time 1328.5 binding_event at DNA_topoI 17 enzyme topoI with twist -56.24947 superhelical -0.01593 global twist -56.24947 global supercoiling -0.01593
frame 2658 time 1329.0 unbinding_event at DNA_topoI 17 enzyme topoI with twist -48.47029 superhelical -0.01492 global twist -52.35988 global supercoiling -0.01514
frame 2815 time 1407.5 binding_event at gene tetA enzyme RNAP with twist -48.47029 superhelical -0.01373 global twist -48.47029 global supercoiling -0.01373
frame 2827 time 1413.5 binding_event at DNA_gyrase 8 enzyme gyrase with twist 18.30439 superhelical 0.01159 global twist -48.47029 global supercoiling -0.01380
frame 2839 time 1419.5 unbinding_event at DNA_gyrase 8 enzyme gyrase with twist 29.97316 superhelical 0.43661 global twist -80.78381 global supercoiling -0.02349
frame 2855 time 1427.5 unbinding_event at gene tetA enzyme RNAP with twist -83.47660 superhelical -0.06969 global twist -83.47660 global supercoiling -0.02377
frame 2862 time 1431.0 binding_event at gene tetA enzyme RNAP with twist -83.47660 superhelical -0.02364 global twist -83.47660 global supercoiling -0.02364
frame 2876 time 1438.0 binding_event at DNA_topoI 1 enzyme topoI with twist -91.06489 superhelical -0.04628 global twist -83.47660 global supercoiling -0.02377
frame 2877 time 1438.5 unbinding_event at DNA_topoI 1 enzyme topoI with twist -90.46649 superhelical -0.04582 global twist -79.58701 global supercoiling -0.02314
frame 2902 time 1451.0 unbinding_event at gene tetA enzyme RNAP with twist -75.69742 superhelical -0.07349 global twist -75.69742 global supercoiling -0.02156
frame 2926 time 1463.0 binding_event at DNA_gyrase 8 enzyme gyrase with twist -75.69742 superhelical -0.02144 global twist -75.69742 global supercoiling -0.02144
frame 2929 time 1464.5 unbinding_event at DNA_gyrase 8 enzyme gyrase with twist -86.46860 superhelical -0.02427 global twist -83.77580 global supercoiling -0.02422
frame 3067 time 1533.5 binding_event at DNA_gyrase 5 enzyme gyrase with twist -86.46860 superhelical -0.02449 global twist -86.46860 global supercoiling -0.02449
frame 3075 time 1537.5 unbinding_event at DNA_gyrase 5 enzyme gyrase with twist -110.70374 superhelical -0.03093 global twist -108.01095 global supercoiling -0.03123
frame 3091 time 1545.5 binding_event at DNA_topoI 47 enzyme topoI with twist -110.70374 superhelical -0.03136 global twist -110.70374 global supercoiling -0.03136
frame 3092 time 1546.0 unbinding_event at DNA_topoI 47 enzyme topoI with twist -102.92456 superhelical -0.02936 global twist -106.81415 global supercoiling -0.03088
frame 3115 time 1557.5 binding_event at DNA_gyrase 11 enzyme gyrase with twist -102.92456 superhelical -0.02915 global twist -102.92456 global supercoiling -0.02915
frame 3115 time 1557.5 unbinding_event at DNA_gyrase 11 enzyme gyrase with twist -105.61735 superhelical -0.03030 global twist -102.92456 global supercoiling -0.02915
frame 3127 time 1563.5 binding_event at gene tetA enzyme RNAP with twist -105.61735 superhelical -0.02992 global twist -105.61735 global supercoiling -0.02992
frame 3157 time 1578.5 binding_event at DNA_gyrase 10 enzyme gyrase with twist 53.71515 superhelical 0.04275 global twist -105.61735 global supercoiling -0.03008
frame 3157 time 1578.5 unbinding_event at DNA_gyrase 10 enzyme gyrase with twist 54.61274 superhelical 0.07281 global twist -105.61735 global supercoiling -0.03008
frame 3167 time 1583.5 unbinding_event at gene tetA enzyme RNAP with twist -108.31015 superhelical -0.08108 global twist -108.31015 global supercoiling -0.03085
frame 3182 time 1591.0 binding_event at gene tetA enzyme RNAP with twist -108.31015 superhelical -0.03068 global twist -108.31015 global supercoiling -0.03068
frame 3194 time 1597.0 binding_event at DNA_gyrase 12 enzyme gyrase with twist -12.28859 superhelical -0.00778 global twist -108.31015 global supercoiling -0.03085
frame 3195 time 1597.5 unbinding_event at DNA_gyrase 12 enzyme gyrase with twist -10.49339 superhelical -0.00066 global twist -111.00294 global supercoiling -0.03227
frame 3215 time 1607.5 binding_event at DNA_topoI 38 enzyme topoI with twist -171.41978 superhelical -0.07425 global twist -113.69573 global supercoiling -0.03238
frame 3222 time 1611.0 unbinding_event at gene tetA enzyme RNAP with twist -35.03581 superhelical -0.07802 global twist -86.46860 global supercoiling -0.02514
frame 3225 time 1612.5 unbinding_event at DNA_topoI 38 enzyme topoI with twist -70.91023 superhelical -0.05065 global twist -74.79983 global supercoiling -0.02163
frame 3341 time 1670.5 binding_event at DNA_gyrase 49 enzyme gyrase with twist -70.91023 superhelical -0.02008 global twist -70.91023 global supercoiling -0.02008
frame 3345 time 1672.5 unbinding_event at DNA_gyrase 49 enzyme gyrase with twist -84.37420 superhelical -0.02467 global twist -81.68141 global supercoiling -0.02362
frame 3373 time 1686.5 binding_event at gene tetA enzyme RNAP with twist -84.37420 superhelical -0.02390 global twist -84.37420 global supercoiling -0.02390
frame 3381 time 1690.5 binding_event at DNA_gyrase 45 enzyme gyrase with twist -69.96124 superhelical -0.03762 global twist -84.37420 global supercoiling -0.02403
frame 3384 time 1692.0 binding_event at gene tetA enzyme RNAP with twist -32.88603 superhelical -0.06375 global twist -92.45258 global supercoiling -0.02688
frame 3385 time 1692.5 unbinding_event at DNA_gyrase 45 enzyme gyrase with twist -89.56989 superhelical -0.04420 global twist -95.14538 global supercoiling -0.02782
frame 3394 time 1697.0 binding_event at DNA_topoI 32 enzyme topoI with twist -118.29303 superhelical -0.06240 global twist -97.83817 global supercoiling -0.02802
frame 3394 time 1697.0 unbinding_event at DNA_topoI 32 enzyme topoI with twist -117.99383 superhelical -0.05990 global twist -97.83817 global supercoiling -0.02802
frame 3413 time 1706.5 unbinding_event at gene tetA enzyme RNAP with twist 92.26269 superhelical -0.06621 global twist -93.94858 global supercoiling -0.02690
frame 3418 time 1709.0 binding_event at gene tetA enzyme RNAP with twist -200.57283 superhelical -0.08621 global twist -93.94858 global supercoiling -0.02676
frame 3422 time 1711.0 binding_event at DNA_topoI 0 enzyme topoI with twist -163.54281 superhelical -0.09147 global twist -93.94858 global supercoiling -0.02690
frame 3424 time 1712.0 unbinding_event at gene tetA enzyme RNAP with twist 80.36541 superhelical -0.08692 global twist -86.16940 global supercoiling -0.02519
frame 3430 time 1715.0 unbinding_event at DNA_topoI 0 enzyme topoI with twist -160.85002 superhelical -0.08491 global twist -62.83185 global supercoiling -0.01827
frame 3458 time 1729.0 unbinding_event at gene tetA enzyme RNAP with twist -58.94226 superhelical -0.10659 global twist -58.94226 global supercoiling -0.01679
frame 3469 time 1734.5 binding_event at DNA_gyrase 6 enzyme gyrase with twist -58.94226 superhelical -0.01669 global twist -58.94226 global supercoiling -0.01669
frame 3474 time 1737.0 unbinding_event at DNA_gyrase 6 enzyme gyrase with twist -75.09902 superhelical -0.02086 global twist -72.40623 global supercoiling -0.02093
frame 3700 time 1850.0 binding_event at DNA_gyrase 6 enzyme gyrase with twist -75.09902 superhelical -0.02127 global twist -75.09902 global supercoiling -0.02127
frame 3701 time 1850.5 unbinding_event at DNA_gyrase 6 enzyme gyrase with twist -80.48461 superhelical -0.02299 global twist -77.79182 global supercoiling -0.02249
frame 3709 time 1854.5 binding_event at gene tetA enzyme RNAP with twist -80.48461 superhelical -0.02280 global twist -80.48461 global supercoiling -0.02280
frame 3749 time 1874.5 unbinding_event at gene tetA enzyme RNAP with twist -80.48461 superhelical -0.07607 global twist -80.48461 global supercoiling -0.02292
frame 3794 time 1897.0 binding_event at DNA_gyrase 42 enzyme gyrase with twist -80.48461 superhelical -0.02280 global twist -80.48461 global supercoiling -0.02280
frame 3797 time 1898.5 unbinding_event at DNA_gyrase 42 enzyme gyrase with twist -91.25579 superhelical -0.02812 global twist -88.56299 global supercoiling -0.02561
frame 3799 time 1899.5 binding_event at DNA_gyrase 7 enzyme gyrase with twist -91.25579 superhelical -0.02585 global twist -91.25579 global supercoiling -0.02585
frame 3801 time 1900.5 unbinding_event at DNA_gyrase 7 enzyme gyrase with twist -99.33417 superhelical -0.02823 global twist -96.64137 global supercoiling -0.02794
frame 3841 time 1920.5 binding_event at DNA_topoI 32 enzyme topoI with twist -99.33417 superhelical -0.02814 global twist -99.33417 global supercoiling -0.02814
frame 3842 time 1921.0 binding_event at DNA_topoI 46 enzyme topoI with twist -86.11546 superhelical -0.02809 global twist -95.44458 global supercoiling -0.02760
frame 3843 time 1921.5 unbinding_event at DNA_topoI 46 enzyme topoI with twist -74.44669 superhelical -0.02043 global twist -87.66540 global supercoiling -0.02588
frame 3845 time 1922.5 binding_event at DNA_topoI 14 enzyme topoI with twist -72.50189 superhelical -0.02365 global twist -75.99662 global supercoiling -0.02197
frame 3845 time 1922.5 unbinding_event at DNA_topoI 32 enzyme topoI with twist -51.55863 superhelical -0.00395 global twist -75.99662 global supercoiling -0.02197
frame 3850 time 1925.0 binding_event at gene mKalama1 enzyme RNAP with twist -43.77945 superhelical -0.01627 global twist -52.65908 global supercoiling -0.01522
frame 3853 time 1926.5 unbinding_event at DNA_topoI 14 enzyme topoI with twist -40.85086 superhelical -0.01897 global twist -40.99030 global supercoiling -0.01192
frame 3877 time 1938.5 unbinding_event at gene mKalama1 enzyme RNAP with twist -37.10071 superhelical 0.62094 global twist -37.10071 global supercoiling -0.01057
frame 3945 time 1972.5 binding_event at DNA_gyrase 42 enzyme gyrase with twist -37.10071 superhelical -0.01051 global twist -37.10071 global supercoiling -0.01051
frame 3950 time 1975.0 unbinding_event at DNA_gyrase 42 enzyme gyrase with twist -53.25748 superhelical -0.01800 global twist -50.56468 global supercoiling -0.01462
frame 3973 time 1986.5 binding_event at gene tetA enzyme RNAP with twist -53.25748 superhelical -0.01508 global twist -53.25748 global supercoiling -0.01508
frame 4013 time 2006.5 unbinding_event at gene tetA enzyme RNAP with twist -53.25748 superhelical -0.07064 global twist -53.25748 global supercoiling -0.01517
frame 4083 time 2041.5 binding_event at gene mKalama1 enzyme RNAP with twist -53.25748 superhelical -0.01508 global twist -53.25748 global supercoiling -0.01508
frame 4110 time 2055.0 unbinding_event at gene mKalama1 enzyme RNAP with twist -53.25748 superhelical 0.62640 global twist -53.25748 global supercoiling -0.01517
frame 4261 time 2130.5 binding_event at gene tetA enzyme RNAP with twist -53.25748 superhelical -0.01508 global twist -53.25748 global supercoiling -0.01508
frame 4266 time 2133.0 binding_event at DNA_gyrase 15 enzyme gyrase with twist -9.27579 superhelical -0.00544 global twist -53.25748 global supercoiling -0.01517
frame 4273 time 2136.5 binding_event at DNA_topoI 28 enzyme topoI with twist -69.11443 superhelical -0.03578 global twist -72.10703 global supercoiling -0.02096
frame 4273 time 2136.5 unbinding_event at DNA_gyrase 15 enzyme gyrase with twist -2.09501 superhelical 0.01592 global twist -72.10703 global supercoiling -0.02096
frame 4275 time 2137.5 unbinding_event at DNA_topoI 28 enzyme topoI with twist -68.21683 superhelical 0.01824 global twist -67.02064 global supercoiling -0.01949
frame 4301 time 2150.5 unbinding_event at gene tetA enzyme RNAP with twist -63.13105 superhelical -0.06589 global twist -63.13105 global supercoiling -0.01798
frame 4324 time 2162.0 binding_event at gene tetA enzyme RNAP with twist -63.13105 superhelical -0.01788 global twist -63.13105 global supercoiling -0.01788
frame 4349 time 2174.5 binding_event at DNA_topoI 44 enzyme topoI with twist -120.61525 superhelical -0.05571 global twist -63.13105 global supercoiling -0.01798
frame 4353 time 2176.5 unbinding_event at DNA_topoI 44 enzyme topoI with twist -119.11926 superhelical -0.04987 global twist -47.57269 global supercoiling -0.01383
frame 4364 time 2182.0 unbinding_event at gene tetA enzyme RNAP with twist -43.68310 superhelical -0.06468 global twist -43.68310 global supercoiling -0.01244
frame 4398 time 2199.0 binding_event at gene tetA enzyme RNAP with twist -43.68310 superhelical -0.01237 global twist -43.68310 global supercoiling -0.01237
frame 4402 time 2201.0 binding_event at DNA_gyrase 16 enzyme gyrase with twist -7.97131 superhelical -0.00463 global twist -43.68310 global supercoiling -0.01244
frame 4407 time 2203.5 binding_event at DNA_topoI 29 enzyme topoI with twist -53.66375 superhelical -0.02858 global twist -57.14707 global supercoiling -0.01661
frame 4409 time 2204.5 unbinding_event at DNA_topoI 29 enzyme topoI with twist -52.76615 superhelical 0.00322 global twist -54.75347 global supercoiling -0.01626
frame 4411 time 2205.5 unbinding_event at DNA_gyrase 16 enzyme gyrase with twist 1.00467 superhelical 0.02063 global twist -56.24947 global supercoiling -0.01635
frame 4438 time 2219.0 unbinding_event at gene tetA enzyme RNAP with twist -58.94226 superhelical -0.06398 global twist -58.94226 global supercoiling -0.01679
frame 4477 time 2238.5 binding_event at DNA_topoI 29 enzyme topoI with twist -58.94226 superhelical -0.01669 global twist -58.94226 global supercoiling -0.01669
frame 4480 time 2240.0 unbinding_event at DNA_topoI 29 enzyme topoI with twist -43.38390 superhelical 0.02688 global twist -47.27349 global supercoiling -0.01367
frame 4493 time 2246.5 binding_event at gene Raspberry enzyme RNAP with twist -43.38390 superhelical -0.01229 global twist -43.38390 global supercoiling -0.01229
frame 4497 time 2248.5 binding_event at DNA_gyrase 13 enzyme gyrase with twist -19.60326 superhelical -0.00732 global twist -43.38390 global supercoiling -0.01236
frame 4500 time 2250.0 unbinding_event at DNA_gyrase 13 enzyme gyrase with twist -16.01287 superhelical -0.00254 global twist -51.46228 global supercoiling -0.01496
frame 4504 time 2252.0 binding_event at DNA_gyrase 22 enzyme gyrase with twist -5.24170 superhelical -0.00205 global twist -54.15507 global supercoiling -0.01542
frame 4508 time 2254.0 unbinding_event at DNA_gyrase 22 enzyme gyrase with twist -0.75371 superhelical 0.00291 global twist -64.92625 global supercoiling -0.01888
frame 4512 time 2256.0 binding_event at gene tetA enzyme RNAP with twist 10.01747 superhelical 0.00416 global twist -67.61904 global supercoiling -0.01926
frame 4520 time 2260.0 unbinding_event at gene Raspberry enzyme RNAP with twist -107.46072 superhelical -0.08692 global twist -67.61904 global supercoiling -0.01936
frame 4539 time 2269.5 binding_event at DNA_gyrase 24 enzyme gyrase with twist 104.46873 superhelical 0.07972 global twist -67.61904 global supercoiling -0.01926
frame 4547 time 2273.5 binding_event at DNA_topoI 40 enzyme topoI with twist -200.81090 superhelical -0.08565 global twist -89.16139 global supercoiling -0.02592
frame 4547 time 2273.5 unbinding_event at DNA_topoI 40 enzyme topoI with twist -200.51170 superhelical -0.08635 global twist -89.16139 global supercoiling -0.02592
frame 4548 time 2274.0 binding_event at gene tetA enzyme RNAP with twist -200.51170 superhelical -0.08487 global twist -87.96459 global supercoiling -0.02557
frame 4552 time 2276.0 unbinding_event at gene tetA enzyme RNAP with twist 77.98440 superhelical -0.08557 global twist -98.73577 global supercoiling -0.02887
frame 4563 time 2281.5 unbinding_event at DNA_gyrase 24 enzyme gyrase with twist 73.24773 superhelical 0.07408 global twist -128.35650 global supercoiling -0.03732
frame 4588 time 2294.0 unbinding_event at gene tetA enzyme RNAP with twist -131.04929 superhelical -0.11991 global twist -131.04929 global supercoiling -0.03732
frame 4642 time 2321.0 binding_event at DNA_gyrase 35 enzyme gyrase with twist -131.04929 superhelical -0.03712 global twist -131.04929 global supercoiling -0.03712
frame 4644 time 2322.0 unbinding_event at DNA_gyrase 35 enzyme gyrase with twist -139.12767 superhelical -0.04453 global twist -136.43488 global supercoiling -0.03945
frame 4677 time 2338.5 binding_event at DNA_topoI 8 enzyme topoI with twist -139.12767 superhelical -0.03941 global twist -139.12767 global supercoiling -0.03941
frame 4677 time 2338.5 unbinding_event at DNA_topoI 8 enzyme topoI with twist -135.23808 superhelical -0.03936 global twist -139.12767 global supercoiling -0.03941
frame 4696 time 2348.0 binding_event at gene mKalama1 enzyme RNAP with twist -135.23808 superhelical -0.03831 global twist -135.23808 global supercoiling -0.03831
frame 4712 time 2356.0 binding_event at DNA_gyrase 47 enzyme gyrase with twist -167.74781 superhelical -0.05323 global twist -135.23808 global supercoiling -0.03851
frame 4714 time 2357.0 unbinding_event at DNA_gyrase 47 enzyme gyrase with twist -186.59737 superhelical -0.06486 global twist -140.62367 global supercoiling -0.04088
frame 4716 time 2358.0 binding_event at DNA_topoI 15 enzyme topoI with twist -190.18776 superhelical -0.05901 global twist -143.31646 global supercoiling -0.04081
frame 4718 time 2359.0 unbinding_event at DNA_topoI 15 enzyme topoI with twist -189.29016 superhelical -0.06103 global twist -135.53728 global supercoiling -0.03941
frame 4723 time 2361.5 unbinding_event at gene mKalama1 enzyme RNAP with twist -131.64769 superhelical 0.52202 global twist -131.64769 global supercoiling -0.03749
frame 4724 time 2362.0 binding_event at gene tetA enzyme RNAP with twist -131.64769 superhelical -0.03729 global twist -131.64769 global supercoiling -0.03729
frame 4738 time 2369.0 binding_event at gene tetA enzyme RNAP with twist -114.60863 superhelical -0.05825 global twist -131.64769 global supercoiling -0.03749
frame 4763 time 2381.5 binding_event at gene tetA enzyme RNAP with twist -190.71113 superhelical -0.08809 global twist -131.64769 global supercoiling -0.03770
frame 4764 time 2382.0 unbinding_event at gene tetA enzyme RNAP with twist 66.24422 superhelical -0.05882 global twist -131.64769 global supercoiling -0.03790
frame 4778 time 2389.0 unbinding_event at gene tetA enzyme RNAP with twist 78.32493 superhelical -0.08887 global twist -131.64769 global supercoiling -0.03770
frame 4784 time 2392.0 binding_event at DNA_topoI 31 enzyme topoI with twist -227.92458 superhelical -0.10889 global twist -131.64769 global supercoiling -0.03749
frame 4784 time 2392.0 unbinding_event at DNA_topoI 31 enzyme topoI with twist -227.62538 superhelical -0.10669 global twist -131.64769 global supercoiling -0.03749
frame 4785 time 2392.5 binding_event at DNA_topoI 38 enzyme topoI with twist -227.62538 superhelical -0.10782 global twist -127.75810 global supercoiling -0.03638
frame 4791 time 2395.5 unbinding_event at DNA_topoI 38 enzyme topoI with twist -225.53098 superhelical -0.09508 global twist -104.42056 global supercoiling -0.03036
frame 4793 time 2396.5 binding_event at gene Raspberry enzyme RNAP with twist -229.12138 superhelical -0.10162 global twist -100.53096 global supercoiling -0.02863
frame 4798 time 2399.0 binding_event at DNA_topoI 32 enzyme topoI with twist -96.08382 superhelical -0.11276 global twist -100.53096 global supercoiling -0.02879
frame 4798 time 2399.0 unbinding_event at DNA_topoI 32 enzyme topoI with twist -95.78462 superhelical -0.11818 global twist -100.53096 global supercoiling -0.02879
frame 4800 time 2400.0 binding_event at gene mKalama1 enzyme RNAP with twist -99.37501 superhelical -0.11191 global twist -96.64137 global supercoiling -0.02767
frame 4803 time 2401.5 unbinding_event at gene tetA enzyme RNAP with twist 17.09520 superhelical -0.10249 global twist -96.64137 global supercoiling -0.02783
frame 4815 time 2407.5 binding_event at gene mKalama1 enzyme RNAP with twist -133.03458 superhelical -0.17505 global twist -96.64137 global supercoiling -0.02767
frame 4820 time 2410.0 unbinding_event at gene Raspberry enzyme RNAP with twist -53.06944 superhelical -0.18581 global twist -96.64137 global supercoiling -0.02783
frame 4827 time 2413.5 unbinding_event at gene mKalama1 enzyme RNAP with twist -18.43919 superhelical 0.18285 global twist -96.64137 global supercoiling -0.02767
frame 4836 time 2418.0 binding_event at DNA_gyrase 7 enzyme gyrase with twist -106.92532 superhelical -0.03299 global twist -96.64137 global supercoiling -0.02752
frame 4837 time 2418.5 unbinding_event at DNA_gyrase 7 enzyme gyrase with twist -119.49169 superhelical -0.03822 global twist -99.33417 global supercoiling -0.02888
frame 4842 time 2421.0 unbinding_event at gene mKalama1 enzyme RNAP with twist -102.02696 superhelical 0.24457 global twist -102.02696 global supercoiling -0.02906
frame 4849 time 2424.5 binding_event at DNA_gyrase 13 enzyme gyrase with twist -102.02696 superhelical -0.02890 global twist -102.02696 global supercoiling -0.02890
frame 4849 time 2424.5 unbinding_event at DNA_gyrase 13 enzyme gyrase with twist -104.71976 superhelical -0.03001 global twist -102.02696 global supercoiling -0.02890
frame 4865 time 2432.5 binding_event at gene tetA enzyme RNAP with twist -104.71976 superhelical -0.02966 global twist -104.71976 global supercoiling -0.02966
frame 4890 time 2445.0 binding_event at DNA_topoI 42 enzyme topoI with twist -140.94184 superhelical -0.06510 global twist -104.71976 global supercoiling -0.02982
frame 4891 time 2445.5 unbinding_event at DNA_topoI 42 enzyme topoI with twist -140.34344 superhelical -0.06383 global twist -100.83016 global supercoiling -0.02931
frame 4904 time 2452.0 binding_event at DNA_topoI 6 enzyme topoI with twist -183.42814 superhelical -0.07591 global twist -96.94057 global supercoiling -0.02761
frame 4905 time 2452.5 unbinding_event at DNA_topoI 6 enzyme topoI with twist -182.82974 superhelical -0.07640 global twist -93.05098 global supercoiling -0.02705
frame 4905 time 2452.5 unbinding_event at gene tetA enzyme RNAP with twist -89.16139 superhelical -0.07640 global twist -93.05098 global supercoiling -0.02705
frame 4907 time 2453.5 binding_event at DNA_topoI 29 enzyme topoI with twist -89.16139 superhelical -0.02525 global twist -89.16139 global supercoiling -0.02525
frame 4915 time 2457.5 unbinding_event at DNA_topoI 29 enzyme topoI with twist -54.15507 superhelical 0.07304 global twist -58.04466 global supercoiling -0.01678
frame 4950 time 2475.0 binding_event at DNA_topoI 35 enzyme topoI with twist -54.15507 superhelical -0.01534 global twist -54.15507 global supercoiling -0.01534
frame 4960 time 2480.0 unbinding_event at DNA_topoI 35 enzyme topoI with twist -11.36957 superhelical 0.01953 global twist -15.25916 global supercoiling -0.00441
frame 5043 time 2521.5 binding_event at gene tetA enzyme RNAP with twist -11.36957 superhelical -0.00322 global twist -11.36957 global supercoiling -0.00322
frame 5083 time 2541.5 unbinding_event at gene tetA enzyme RNAP with twist -11.36957 superhelical -0.06230 global twist -11.36957 global supercoiling -0.00324
frame 5103 time 2551.5 binding_event at gene mKalama1 enzyme RNAP with twist -11.36957 superhelical -0.00322 global twist -11.36957 global supercoiling -0.00322
frame 5127 time 2563.5 binding_event at DNA_gyrase 28 enzyme gyrase with twist 84.07296 superhelical 0.38811 global twist -11.36957 global supercoiling -0.00324
frame 5130 time 2565.0 unbinding_event at gene mKalama1 enzyme RNAP with twist -77.89913 superhelical 0.98736 global twist -19.44795 global supercoiling -0.00565
frame 5139 time 2569.5 unbinding_event at DNA_gyrase 28 enzyme gyrase with twist -46.37589 superhelical 0.41437 global twist -43.68310 global supercoiling -0.01263
frame 5183 time 2591.5 binding_event at gene tetA enzyme RNAP with twist -46.37589 superhelical -0.01314 global twist -46.37589 global supercoiling -0.01314
frame 5187 time 2593.5 binding_event at DNA_gyrase 33 enzyme gyrase with twist -37.02790 superhelical -0.02071 global twist -46.37589 global supercoiling -0.01321
frame 5193 time 2596.5 unbinding_event at DNA_gyrase 33 enzyme gyrase with twist -81.01020 superhelical -0.04187 global twist -62.53265 global supercoiling -0.01818
frame 5198 time 2599.0 binding_event at gene tetA enzyme RNAP with twist -95.37177 superhelical -0.04803 global twist -65.22545 global supercoiling -0.01858
frame 5220 time 2610.0 binding_event at DNA_topoI 28 enzyme topoI with twist -162.22849 superhelical -0.07684 global twist -65.22545 global supercoiling -0.01868
frame 5220 time 2610.0 unbinding_event at DNA_topoI 28 enzyme topoI with twist -161.92929 superhelical -0.06108 global twist -65.22545 global supercoiling -0.01868
frame 5223 time 2611.5 unbinding_event at gene tetA enzyme RNAP with twist 111.36461 superhelical -0.04850 global twist -61.33586 global supercoiling -0.01756
frame 5238 time 2619.0 unbinding_event at gene tetA enzyme RNAP with twist -61.33586 superhelical -0.09239 global twist -61.33586 global supercoiling -0.01747
frame 5240 time 2620.0 binding_event at gene tetA enzyme RNAP with twist -61.33586 superhelical -0.01737 global twist -61.33586 global supercoiling -0.01737
frame 5280 time 2640.0 unbinding_event at gene tetA enzyme RNAP with twist -61.33586 superhelical -0.07225 global twist -61.33586 global supercoiling -0.01747
frame 5293 time 2646.5 binding_event at gene tetA enzyme RNAP with twist -61.33586 superhelical -0.01737 global twist -61.33586 global supercoiling -0.01737
frame 5321 time 2660.5 binding_event at gene Raspberry enzyme RNAP with twist -130.50902 superhelical -0.05882 global twist -61.33586 global supercoiling -0.01747
frame 5333 time 2666.5 unbinding_event at gene tetA enzyme RNAP with twist 30.57005 superhelical -0.05933 global twist -61.33586 global supercoiling -0.01756
frame 5348 time 2674.0 unbinding_event at gene Raspberry enzyme RNAP with twist -61.33586 superhelical -0.11523 global twist -61.33586 global supercoiling -0.01747
frame 5358 time 2679.0 binding_event at gene mKalama1 enzyme RNAP with twist -61.33586 superhelical -0.01737 global twist -61.33586 global supercoiling -0.01737
frame 5371 time 2685.5 binding_event at gene tetA enzyme RNAP with twist -96.70123 superhelical -0.03122 global twist -61.33586 global supercoiling -0.01747
frame 5385 time 2692.5 unbinding_event at gene mKalama1 enzyme RNAP with twist -58.79521 superhelical 0.61612 global twist -61.33586 global supercoiling -0.01756
frame 5402 time 2701.0 binding_event at DNA_gyrase 19 enzyme gyrase with twist 54.90562 superhelical 0.04433 global twist -61.33586 global supercoiling -0.01747
frame 5410 time 2705.0 unbinding_event at DNA_gyrase 19 enzyme gyrase with twist 62.98400 superhelical 0.09369 global twist -82.87821 global supercoiling -0.02410
frame 5411 time 2705.5 unbinding_event at gene tetA enzyme RNAP with twist -85.57100 superhelical -0.06204 global twist -85.57100 global supercoiling -0.02437
frame 5473 time 2736.5 binding_event at gene tetA enzyme RNAP with twist -85.57100 superhelical -0.02424 global twist -85.57100 global supercoiling -0.02424
frame 5513 time 2756.5 unbinding_event at gene tetA enzyme RNAP with twist -85.57100 superhelical -0.07708 global twist -85.57100 global supercoiling -0.02437
frame 5564 time 2782.0 binding_event at gene tetA enzyme RNAP with twist -85.57100 superhelical -0.02424 global twist -85.57100 global supercoiling -0.02424
frame 5593 time 2796.5 binding_event at DNA_topoI 2 enzyme topoI with twist -145.94440 superhelical -0.06525 global twist -85.57100 global supercoiling -0.02437
frame 5604 time 2802.0 unbinding_event at gene tetA enzyme RNAP with twist 61.04076 superhelical -0.07688 global twist -42.78550 global supercoiling -0.01244
frame 5607 time 2803.5 unbinding_event at DNA_topoI 2 enzyme topoI with twist -27.22714 superhelical -0.05146 global twist -31.11673 global supercoiling -0.00900
frame 5641 time 2820.5 binding_event at gene tetA enzyme RNAP with twist -27.22714 superhelical -0.00771 global twist -27.22714 global supercoiling -0.00771
frame 5670 time 2835.0 binding_event at gene tetA enzyme RNAP with twist -117.42869 superhelical -0.05250 global twist -27.22714 global supercoiling -0.00775
frame 5681 time 2840.5 unbinding_event at gene tetA enzyme RNAP with twist 106.73330 superhelical -0.05295 global twist -27.22714 global supercoiling -0.00780
frame 5710 time 2855.0 unbinding_event at gene tetA enzyme RNAP with twist -27.22714 superhelical -0.09709 global twist -27.22714 global supercoiling -0.00775
frame 5730 time 2865.0 binding_event at DNA_gyrase 16 enzyme gyrase with twist -27.22714 superhelical -0.00771 global twist -27.22714 global supercoiling -0.00771
frame 5745 time 2872.5 unbinding_event at DNA_gyrase 16 enzyme gyrase with twist -70.31184 superhelical -0.01547 global twist -67.61904 global supercoiling -0.01955
frame 5794 time 2897.0 binding_event at DNA_gyrase 28 enzyme gyrase with twist -70.31184 superhelical -0.01992 global twist -70.31184 global supercoiling -0.01992
frame 5795 time 2897.5 unbinding_event at DNA_gyrase 28 enzyme gyrase with twist -75.69742 superhelical -0.04590 global twist -73.00463 global supercoiling -0.02111
frame 5804 time 2902.0 binding_event at gene tetA enzyme RNAP with twist -75.69742 superhelical -0.02144 global twist -75.69742 global supercoiling -0.02144
frame 5844 time 2922.0 unbinding_event at gene tetA enzyme RNAP with twist -75.69742 superhelical -0.07512 global twist -75.69742 global supercoiling -0.02156
frame 5845 time 2922.5 binding_event at gene tetA enzyme RNAP with twist -75.69742 superhelical -0.02144 global twist -75.69742 global supercoiling -0.02144
frame 5853 time 2926.5 binding_event at gene tetA enzyme RNAP with twist -65.72044 superhelical -0.03534 global twist -75.69742 global supercoiling -0.02156
frame 5856 time 2928.0 binding_event at DNA_topoI 43 enzyme topoI with twist -72.04758 superhelical -0.04070 global twist -75.69742 global supercoiling -0.02168
frame 5856 time 2928.0 unbinding_event at DNA_topoI 43 enzyme topoI with twist -71.74838 superhelical -0.04078 global twist -75.69742 global supercoiling -0.02168
frame 5880 time 2940.0 binding_event at DNA_gyrase 11 enzyme gyrase with twist 86.96359 superhelical 0.07453 global twist -71.80783 global supercoiling -0.02056
frame 5880 time 2940.0 unbinding_event at DNA_gyrase 11 enzyme gyrase with twist 87.86119 superhelical 0.11872 global twist -71.80783 global supercoiling -0.02056
frame 5885 time 2942.5 unbinding_event at gene tetA enzyme RNAP with twist 101.36911 superhelical -0.03570 global twist -74.50063 global supercoiling -0.02133
frame 5893 time 2946.5 unbinding_event at gene tetA enzyme RNAP with twist -74.50063 superhelical -0.08343 global twist -74.50063 global supercoiling -0.02122
frame 6003 time 3001.5 binding_event at gene tetA enzyme RNAP with twist -74.50063 superhelical -0.02110 global twist -74.50063 global supercoiling -0.02110
frame 6043 time 3021.5 unbinding_event at gene tetA enzyme RNAP with twist -74.50063 superhelical -0.07488 global twist -74.50063 global supercoiling -0.02122
frame 6079 time 3039.5 binding_event at gene tetA enzyme RNAP with twist -74.50063 superhelical -0.02110 global twist -74.50063 global supercoiling -0.02110
frame 6119 time 3059.5 unbinding_event at gene tetA enzyme RNAP with twist -74.50063 superhelical -0.07488 global twist -74.50063 global supercoiling -0.02122
frame 6145 time 3072.5 binding_event at gene tetA enzyme RNAP with twist -74.50063 superhelical -0.02110 global twist -74.50063 global supercoiling -0.02110
frame 6168 time 3084.0 binding_event at DNA_topoI 6 enzyme topoI with twist -118.99138 superhelical -0.05589 global twist -74.50063 global supercoiling -0.02122
frame 6174 time 3087.0 unbinding_event at DNA_topoI 6 enzyme topoI with twist -116.89698 superhelical -0.04829 global twist -51.16308 global supercoiling -0.01487
frame 6185 time 3092.5 unbinding_event at gene tetA enzyme RNAP with twist -47.27349 superhelical -0.06377 global twist -47.27349 global supercoiling -0.01346
frame 6195 time 3097.5 binding_event at gene tetA enzyme RNAP with twist -47.27349 superhelical -0.01339 global twist -47.27349 global supercoiling -0.01339
frame 6208 time 3104.0 binding_event at DNA_topoI 48 enzyme topoI with twist -69.78013 superhelical -0.03579 global twist -47.27349 global supercoiling -0.01346
frame 6209 time 3104.5 unbinding_event at DNA_topoI 48 enzyme topoI with twist -69.18173 superhelical -0.03464 global twist -43.38390 global supercoiling -0.01261
frame 6234 time 3117.0 binding_event at DNA_topoI 26 enzyme topoI with twist -155.35113 superhelical -0.06429 global twist -39.49431 global supercoiling -0.01125
frame 6235 time 3117.5 unbinding_event at gene tetA enzyme RNAP with twist -33.14736 superhelical -0.06457 global twist -35.60472 global supercoiling -0.01035
frame 6235 time 3117.5 unbinding_event at DNA_topoI 26 enzyme topoI with twist -31.71513 superhelical 0.03740 global twist -35.60472 global supercoiling -0.01035
frame 6236 time 3118.0 binding_event at DNA_gyrase 15 enzyme gyrase with twist -31.71513 superhelical -0.00898 global twist -31.71513 global supercoiling -0.00898
frame 6238 time 3119.0 binding_event at DNA_gyrase 32 enzyme gyrase with twist -28.02100 superhelical -0.01014 global twist -37.10071 global supercoiling -0.01073
frame 6238 time 3119.0 unbinding_event at DNA_gyrase 32 enzyme gyrase with twist -32.06019 superhelical -0.01385 global twist -37.10071 global supercoiling -0.01073
frame 6247 time 3123.5 unbinding_event at DNA_gyrase 15 enzyme gyrase with twist -66.72144 superhelical -0.01599 global twist -64.02865 global supercoiling -0.01851
frame 6249 time 3124.5 binding_event at gene tetA enzyme RNAP with twist -66.72144 superhelical -0.01890 global twist -66.72144 global supercoiling -0.01890
frame 6276 time 3138.0 binding_event at DNA_gyrase 22 enzyme gyrase with twist 62.82941 superhelical 0.04794 global twist -66.72144 global supercoiling -0.01900
frame 6277 time 3138.5 unbinding_event at DNA_gyrase 22 enzyme gyrase with twist 64.62460 superhelical 0.05698 global twist -69.41424 global supercoiling -0.02018
frame 6282 time 3141.0 binding_event at DNA_gyrase 24 enzyme gyrase with twist 78.98617 superhelical 0.06567 global twist -72.10703 global supercoiling -0.02054
frame 6282 time 3141.0 unbinding_event at DNA_gyrase 24 enzyme gyrase with twist 79.88377 superhelical 0.07313 global twist -72.10703 global supercoiling -0.02054
frame 6289 time 3144.5 unbinding_event at gene tetA enzyme RNAP with twist -74.79983 superhelical -0.07333 global twist -74.79983 global supercoiling -0.02130
frame 6297 time 3148.5 binding_event at DNA_gyrase 45 enzyme gyrase with twist -74.79983 superhelical -0.02119 global twist -74.79983 global supercoiling -0.02119
frame 6302 time 3151.0 unbinding_event at DNA_gyrase 45 enzyme gyrase with twist -90.95659 superhelical -0.02772 global twist -88.26379 global supercoiling -0.02552
frame 6397 time 3198.5 binding_event at DNA_topoI 10 enzyme topoI with twist -90.95659 superhelical -0.02576 global twist -90.95659 global supercoiling -0.02576
frame 6397 time 3198.5 unbinding_event at DNA_topoI 10 enzyme topoI with twist -87.06700 superhelical -0.02549 global twist -90.95659 global supercoiling -0.02576
frame 6602 time 3301.0 binding_event at gene tetA enzyme RNAP with twist -87.06700 superhelical -0.02466 global twist -87.06700 global supercoiling -0.02466
frame 6616 time 3308.0 binding_event at DNA_topoI 43 enzyme topoI with twist -92.81970 superhelical -0.04718 global twist -87.06700 global supercoiling -0.02480
frame 6630 time 3315.0 unbinding_event at DNA_topoI 43 enzyme topoI with twist -88.33171 superhelical -0.02429 global twist -32.61272 global supercoiling -0.00948
frame 6632 time 3316.0 binding_event at DNA_gyrase 18 enzyme gyrase with twist 63.19897 superhelical 0.05029 global twist -28.72313 global supercoiling -0.00818
frame 6641 time 3320.5 unbinding_event at DNA_gyrase 18 enzyme gyrase with twist 72.17495 superhelical 0.11442 global twist -52.95828 global supercoiling -0.01540
frame 6642 time 3321.0 unbinding_event at gene tetA enzyme RNAP with twist -55.65107 superhelical -0.05359 global twist -55.65107 global supercoiling -0.01585
frame 6660 time 3330.0 binding_event at DNA_gyrase 25 enzyme gyrase with twist -55.65107 superhelical -0.01576 global twist -55.65107 global supercoiling -0.01576
frame 6661 time 3330.5 unbinding_event at DNA_gyrase 25 enzyme gyrase with twist -61.03666 superhelical -0.01667 global twist -58.34386 global supercoiling -0.01687
frame 6681 time 3340.5 binding_event at DNA_topoI 32 enzyme topoI with twist -61.03666 superhelical -0.01729 global twist -61.03666 global supercoiling -0.01729
frame 6681 time 3340.5 unbinding_event at DNA_topoI 32 enzyme topoI with twist -57.14707 superhelical -0.01269 global twist -61.03666 global supercoiling -0.01729
frame 6760 time 3380.0 binding_event at DNA_gyrase 34 enzyme gyrase with twist -57.14707 superhelical -0.01619 global twist -57.14707 global supercoiling -0.01619
frame 6760 time 3380.0 unbinding_event at DNA_gyrase 34 enzyme gyrase with twist -59.83986 superhelical -0.01903 global twist -57.14707 global supercoiling -0.01619
frame 6765 time 3382.5 binding_event at gene mKalama1 enzyme RNAP with twist -59.83986 superhelical -0.01695 global twist -59.83986 global supercoiling -0.01695
frame 6792 time 3396.0 unbinding_event at gene mKalama1 enzyme RNAP with twist -59.83986 superhelical 0.61802 global twist -59.83986 global supercoiling -0.01704
frame 6801 time 3400.5 binding_event at DNA_gyrase 46 enzyme gyrase with twist -59.83986 superhelical -0.01695 global twist -59.83986 global supercoiling -0.01695
frame 6808 time 3404.0 unbinding_event at DNA_gyrase 46 enzyme gyrase with twist -81.38221 superhelical -0.02501 global twist -78.68942 global supercoiling -0.02275
frame 6831 time 3415.5 binding_event at DNA_gyrase 11 enzyme gyrase with twist -81.38221 superhelical -0.02305 global twist -81.38221 global supercoiling -0.02305
frame 6831 time 3415.5 unbinding_event at DNA_gyrase 11 enzyme gyrase with twist -84.07500 superhelical -0.02407 global twist -81.38221 global supercoiling -0.02305
frame 6878 time 3439.0 binding_event at DNA_topoI 44 enzyme topoI with twist -84.07500 superhelical -0.02381 global twist -84.07500 global supercoiling -0.02381
frame 6884 time 3442.0 unbinding_event at DNA_topoI 44 enzyme topoI with twist -56.84787 superhelical -0.01345 global twist -60.73746 global supercoiling -0.01756
frame 6927 time 3463.5 binding_event at gene tetA enzyme RNAP with twist -56.84787 superhelical -0.01610 global twist -56.84787 global supercoiling -0.01610
frame 6946 time 3473.0 binding_event at gene tetA enzyme RNAP with twist -96.00198 superhelical -0.04666 global twist -56.84787 global supercoiling -0.01619
frame 6955 time 3477.5 binding_event at gene tetA enzyme RNAP with twist -113.15136 superhelical -0.06026 global twist -56.84787 global supercoiling -0.01628
frame 6967 time 3483.5 unbinding_event at gene tetA enzyme RNAP with twist 102.97859 superhelical -0.04710 global twist -56.84787 global supercoiling -0.01637
frame 6969 time 3484.5 binding_event at DNA_topoI 26 enzyme topoI with twist -154.74652 superhelical -0.07865 global twist -56.84787 global supercoiling -0.01628
frame 6969 time 3484.5 unbinding_event at DNA_topoI 26 enzyme topoI with twist -154.44732 superhelical -0.02768 global twist -56.84787 global supercoiling -0.01628
frame 6986 time 3493.0 unbinding_event at gene tetA enzyme RNAP with twist 162.52570 superhelical -0.06088 global twist -52.95828 global supercoiling -0.01516
frame 6995 time 3497.5 unbinding_event at gene tetA enzyme RNAP with twist -52.95828 superhelical -0.10105 global twist -52.95828 global supercoiling -0.01508
frame 7010 time 3505.0 binding_event at DNA_gyrase 11 enzyme gyrase with twist -52.95828 superhelical -0.01500 global twist -52.95828 global supercoiling -0.01500
frame 7011 time 3505.5 unbinding_event at DNA_gyrase 11 enzyme gyrase with twist -58.34386 superhelical -0.01640 global twist -55.65107 global supercoiling -0.01609
frame 7032 time 3516.0 binding_event at gene tetA enzyme RNAP with twist -58.34386 superhelical -0.01653 global twist -58.34386 global supercoiling -0.01653
frame 7065 time 3532.5 binding_event at DNA_gyrase 19 enzyme gyrase with twist 88.65477 superhelical 0.07371 global twist -58.34386 global supercoiling -0.01662
frame 7065 time 3532.5 unbinding_event at DNA_gyrase 19 enzyme gyrase with twist 89.55237 superhelical 0.08358 global twist -58.34386 global supercoiling -0.01662
frame 7068 time 3534.0 binding_event at DNA_gyrase 10 enzyme gyrase with twist 96.73315 superhelical 0.08419 global twist -61.03666 global supercoiling -0.01738
frame 7070 time 3535.0 unbinding_event at DNA_gyrase 10 enzyme gyrase with twist 99.42595 superhelical 0.26820 global twist -66.42224 global supercoiling -0.01931
frame 7072 time 3536.0 unbinding_event at gene tetA enzyme RNAP with twist -69.11504 superhelical -0.07166 global twist -69.11504 global supercoiling -0.01968
frame 7124 time 3562.0 binding_event at DNA_topoI 42 enzyme topoI with twist -69.11504 superhelical -0.01958 global twist -69.11504 global supercoiling -0.01958
frame 7124 time 3562.0 unbinding_event at DNA_topoI 42 enzyme topoI with twist -65.22545 superhelical -0.01823 global twist -69.11504 global supercoiling -0.01958
frame 7188 time 3594.0 binding_event at DNA_topoI 16 enzyme topoI with twist -65.22545 superhelical -0.01847 global twist -65.22545 global supercoiling -0.01847
frame 7196 time 3598.0 unbinding_event at DNA_topoI 16 enzyme topoI with twist -30.21913 superhelical -0.01268 global twist -34.10872 global supercoiling -0.00986
frame 7237 time 3618.5 binding_event at DNA_gyrase 42 enzyme gyrase with twist -30.21913 superhelical -0.00856 global twist -30.21913 global supercoiling -0.00856
frame 7238 time 3619.0 unbinding_event at DNA_gyrase 42 enzyme gyrase with twist -35.60472 superhelical -0.01116 global twist -32.91192 global supercoiling -0.00952
frame 7245 time 3622.5 binding_event at gene tetA enzyme RNAP with twist -35.60472 superhelical -0.01008 global twist -35.60472 global supercoiling -0.01008
frame 7285 time 3642.5 unbinding_event at gene tetA enzyme RNAP with twist -35.60472 superhelical -0.06713 global twist -35.60472 global supercoiling -0.01014
frame 7321 time 3660.5 binding_event at gene tetA enzyme RNAP with twist -35.60472 superhelical -0.01008 global twist -35.60472 global supercoiling -0.01008
frame 7348 time 3674.0 binding_event at DNA_gyrase 25 enzyme gyrase with twist 78.73775 superhelical 0.06008 global twist -35.60472 global supercoiling -0.01014
frame 7351 time 3675.5 unbinding_event at DNA_gyrase 25 enzyme gyrase with twist 82.32814 superhelical 0.07269 global twist -43.68310 global supercoiling -0.01270
frame 7361 time 3680.5 unbinding_event at gene tetA enzyme RNAP with twist -46.37589 superhelical -0.06713 global twist -46.37589 global supercoiling -0.01321
frame 7478 time 3739.0 binding_event at DNA_gyrase 44 enzyme gyrase with twist -46.37589 superhelical -0.01314 global twist -46.37589 global supercoiling -0.01314
frame 7479 time 3739.5 binding_event at gene tetA enzyme RNAP with twist -30.90501 superhelical -0.01402 global twist -49.06869 global supercoiling -0.01419
frame 7480 time 3740.0 unbinding_event at DNA_gyrase 44 enzyme gyrase with twist -36.24759 superhelical -0.01663 global twist -51.76148 global supercoiling -0.01505
frame 7483 time 3741.5 binding_event at DNA_gyrase 2 enzyme gyrase with twist -11.02590 superhelical -0.00640 global twist -54.45427 global supercoiling -0.01551
frame 7496 time 3748.0 binding_event at DNA_gyrase 24 enzyme gyrase with twist 42.49208 superhelical 0.02852 global twist -89.46059 global supercoiling -0.02601
frame 7497 time 3748.5 unbinding_event at DNA_gyrase 24 enzyme gyrase with twist 44.28728 superhelical 0.03414 global twist -94.84618 global supercoiling -0.02816
frame 7503 time 3751.5 unbinding_event at DNA_gyrase 2 enzyme gyrase with twist -182.21816 superhelical -0.04289 global twist -113.69573 global supercoiling -0.03305
frame 7518 time 3759.0 binding_event at gene tetA enzyme RNAP with twist -232.48364 superhelical -0.09621 global twist -116.38853 global supercoiling -0.03315
frame 7519 time 3759.5 unbinding_event at gene tetA enzyme RNAP with twist 57.23336 superhelical -0.09698 global twist -116.38853 global supercoiling -0.03333
frame 7541 time 3770.5 binding_event at DNA_topoI 47 enzyme topoI with twist -249.02012 superhelical -0.11696 global twist -116.38853 global supercoiling -0.03315
frame 7551 time 3775.5 unbinding_event at DNA_topoI 47 enzyme topoI with twist -245.72892 superhelical -0.10649 global twist -77.49262 global supercoiling -0.02253
frame 7558 time 3779.0 unbinding_event at gene tetA enzyme RNAP with twist -73.60303 superhelical -0.11045 global twist -73.60303 global supercoiling -0.02096
frame 7576 time 3788.0 binding_event at DNA_gyrase 19 enzyme gyrase with twist -73.60303 superhelical -0.02085 global twist -73.60303 global supercoiling -0.02085
frame 7578 time 3789.0 unbinding_event at DNA_gyrase 19 enzyme gyrase with twist -81.68141 superhelical -0.02260 global twist -78.98862 global supercoiling -0.02284
frame 7617 time 3808.5 binding_event at DNA_gyrase 28 enzyme gyrase with twist -81.68141 superhelical -0.02314 global twist -81.68141 global supercoiling -0.02314
frame 7618 time 3809.0 unbinding_event at DNA_gyrase 28 enzyme gyrase with twist -87.06700 superhelical -0.04918 global twist -84.37420 global supercoiling -0.02439
frame 7653 time 3826.5 binding_event at gene tetA enzyme RNAP with twist -87.06700 superhelical -0.02466 global twist -87.06700 global supercoiling -0.02466
frame 7674 time 3837.0 binding_event at DNA_topoI 33 enzyme topoI with twist -117.95244 superhelical -0.05635 global twist -87.06700 global supercoiling -0.02480
frame 7677 time 3838.5 unbinding_event at DNA_topoI 33 enzyme topoI with twist -116.75564 superhelical -0.04160 global twist -75.39822 global supercoiling -0.02192
frame 7693 time 3846.5 unbinding_event at gene tetA enzyme RNAP with twist -71.50863 superhelical -0.07104 global twist -71.50863 global supercoiling -0.02036
frame 7717 time 3858.5 binding_event at gene tetA enzyme RNAP with twist -71.50863 superhelical -0.02025 global twist -71.50863 global supercoiling -0.02025
frame 7757 time 3878.5 unbinding_event at gene tetA enzyme RNAP with twist -71.50863 superhelical -0.07428 global twist -71.50863 global supercoiling -0.02036
frame 7762 time 3881.0 binding_event at DNA_gyrase 39 enzyme gyrase with twist -71.50863 superhelical -0.02025 global twist -71.50863 global supercoiling -0.02025
frame 7768 time 3884.0 unbinding_event at DNA_gyrase 39 enzyme gyrase with twist -90.35819 superhelical -0.03120 global twist -87.66540 global supercoiling -0.02535
frame 7877 time 3938.5 binding_event at DNA_topoI 0 enzyme topoI with twist -90.35819 superhelical -0.02559 global twist -90.35819 global supercoiling -0.02559
frame 7878 time 3939.0 unbinding_event at DNA_topoI 0 enzyme topoI with twist -82.57901 superhelical -0.02382 global twist -86.46860 global supercoiling -0.02500
frame 7966 time 3983.0 binding_event at DNA_gyrase 22 enzyme gyrase with twist -82.57901 superhelical -0.02339 global twist -82.57901 global supercoiling -0.02339
frame 7976 time 3988.0 unbinding_event at DNA_gyrase 22 enzyme gyrase with twist -112.19974 superhelical -0.02841 global twist -109.50694 global supercoiling -0.03166
frame 8000 time 4000.0 binding_event at gene mKalama1 enzyme RNAP with twist -112.19974 superhelical -0.03178 global twist -112.19974 global supercoiling -0.03178
