TORCphysics log file 

General information: 
---------------------------------------------------------------------------------------
Circuit name: Pleu500_80
Size: 6000
Structure: circle
Number of sites: 110
Number of frames: 8000
Simulation time: 4000.0
Simulation timestep: 0.5
Seed: 7850453783983458236
 
Overall simulation information 
---------------------------------------------------------------------------------------
Initial twist: -211.83310
Final twist: 42.18710
Initial superhelical density: -0.06000
Final superhelical density: 0.01195
 
Overall rates 
---------------------------------------------------------------------------------------
site type            site name            #binding events      #unbinding events    binding rates        
 DNA_topoI            DNA_topoI_global                     54.0                 54.0                0.0135 
DNA_gyrase           DNA_gyrase_global                    79.0                 79.0               0.01975 
EXT                  EXT                                   0.0                  0.0                   0.0 
gene                 tetA                                 64.0                 64.0                 0.016 
gene                 CDS                                   1.0                  1.0               0.00025 
origin               ori                                   0.0                  0.0                   0.0 
lacOP                lac1                                  0.0                  0.0                   0.0 
gene                 mKalama1                             10.0                 10.0                0.0025 
lacOP                lac2                                  0.0                  0.0                   0.0 
gene                 Raspberry                            12.0                 12.0                 0.003 
 
Events
---------------------------------------------------------------------------------------
frame 33 time 16.5 binding_event at DNA_topoI 12 enzyme topoI with twist -211.83310 superhelical -0.06000 global twist -211.83310 global supercoiling -0.06000
frame 35 time 17.5 unbinding_event at DNA_topoI 12 enzyme topoI with twist -200.16433 superhelical -0.05895 global twist -204.05392 global supercoiling -0.05900
frame 57 time 28.5 binding_event at gene tetA enzyme RNAP with twist -200.16433 superhelical -0.05669 global twist -200.16433 global supercoiling -0.05669
frame 61 time 30.5 binding_event at DNA_topoI 5 enzyme topoI with twist -87.97194 superhelical -0.05105 global twist -200.16433 global supercoiling -0.05700
frame 75 time 37.5 binding_event at gene Raspberry enzyme RNAP with twist -162.45788 superhelical -0.07966 global twist -145.71006 global supercoiling -0.04236
frame 75 time 37.5 unbinding_event at DNA_topoI 5 enzyme topoI with twist 24.22780 superhelical 2.17883 global twist -145.71006 global supercoiling -0.04236
frame 97 time 48.5 unbinding_event at gene tetA enzyme RNAP with twist 2.06521 superhelical -0.08042 global twist -141.82047 global supercoiling -0.04061
frame 102 time 51.0 unbinding_event at gene Raspberry enzyme RNAP with twist -141.82047 superhelical -0.12793 global twist -141.82047 global supercoiling -0.04039
frame 288 time 144.0 binding_event at gene tetA enzyme RNAP with twist -141.82047 superhelical -0.04017 global twist -141.82047 global supercoiling -0.04017
frame 313 time 156.5 binding_event at gene tetA enzyme RNAP with twist -159.07491 superhelical -0.07348 global twist -141.82047 global supercoiling -0.04039
frame 328 time 164.0 unbinding_event at gene tetA enzyme RNAP with twist 42.85023 superhelical -0.07413 global twist -141.82047 global supercoiling -0.04061
frame 331 time 165.5 binding_event at DNA_gyrase 9 enzyme gyrase with twist 50.03102 superhelical 0.03399 global twist -141.82047 global supercoiling -0.04039
frame 332 time 166.0 unbinding_event at DNA_gyrase 9 enzyme gyrase with twist 51.82621 superhelical 0.06008 global twist -144.51326 global supercoiling -0.04201
frame 353 time 176.5 unbinding_event at gene tetA enzyme RNAP with twist -147.20606 superhelical -0.11191 global twist -147.20606 global supercoiling -0.04192
frame 363 time 181.5 binding_event at gene tetA enzyme RNAP with twist -147.20606 superhelical -0.04169 global twist -147.20606 global supercoiling -0.04169
frame 403 time 201.5 unbinding_event at gene tetA enzyme RNAP with twist -147.20606 superhelical -0.08937 global twist -147.20606 global supercoiling -0.04192
frame 413 time 206.5 binding_event at DNA_topoI 12 enzyme topoI with twist -147.20606 superhelical -0.04169 global twist -147.20606 global supercoiling -0.04169
frame 418 time 209.0 unbinding_event at DNA_topoI 12 enzyme topoI with twist -123.86851 superhelical -0.03798 global twist -127.75810 global supercoiling -0.03694
frame 490 time 245.0 binding_event at DNA_topoI 45 enzyme topoI with twist -123.86851 superhelical -0.03508 global twist -123.86851 global supercoiling -0.03508
frame 493 time 246.5 unbinding_event at DNA_topoI 45 enzyme topoI with twist -108.31015 superhelical -0.02995 global twist -112.19974 global supercoiling -0.03244
frame 540 time 270.0 binding_event at DNA_topoI 29 enzyme topoI with twist -108.31015 superhelical -0.03068 global twist -108.31015 global supercoiling -0.03068
frame 548 time 274.0 unbinding_event at DNA_topoI 29 enzyme topoI with twist -73.30383 superhelical 0.06750 global twist -77.19342 global supercoiling -0.02232
frame 552 time 276.0 binding_event at DNA_gyrase 13 enzyme gyrase with twist -73.30383 superhelical -0.02076 global twist -73.30383 global supercoiling -0.02076
frame 558 time 279.0 unbinding_event at DNA_gyrase 13 enzyme gyrase with twist -92.15338 superhelical -0.02479 global twist -89.46059 global supercoiling -0.02587
frame 590 time 295.0 binding_event at DNA_gyrase 31 enzyme gyrase with twist -92.15338 superhelical -0.02610 global twist -92.15338 global supercoiling -0.02610
frame 591 time 295.5 unbinding_event at DNA_gyrase 31 enzyme gyrase with twist -97.53897 superhelical -0.03504 global twist -94.84618 global supercoiling -0.02742
frame 653 time 326.5 binding_event at DNA_topoI 9 enzyme topoI with twist -97.53897 superhelical -0.02763 global twist -97.53897 global supercoiling -0.02763
frame 656 time 328.0 unbinding_event at DNA_topoI 9 enzyme topoI with twist -81.98061 superhelical -0.02486 global twist -85.87020 global supercoiling -0.02483
frame 670 time 335.0 binding_event at DNA_gyrase 25 enzyme gyrase with twist -81.98061 superhelical -0.02322 global twist -81.98061 global supercoiling -0.02322
frame 672 time 336.0 unbinding_event at DNA_gyrase 25 enzyme gyrase with twist -90.05899 superhelical -0.02457 global twist -87.36620 global supercoiling -0.02526
frame 726 time 363.0 binding_event at gene Raspberry enzyme RNAP with twist -90.05899 superhelical -0.02551 global twist -90.05899 global supercoiling -0.02551
frame 753 time 376.5 unbinding_event at gene Raspberry enzyme RNAP with twist -90.05899 superhelical -0.09493 global twist -90.05899 global supercoiling -0.02565
frame 797 time 398.5 binding_event at DNA_topoI 20 enzyme topoI with twist -90.05899 superhelical -0.02551 global twist -90.05899 global supercoiling -0.02551
frame 797 time 398.5 unbinding_event at DNA_topoI 20 enzyme topoI with twist -86.16940 superhelical -0.02541 global twist -90.05899 global supercoiling -0.02551
frame 862 time 431.0 binding_event at gene Raspberry enzyme RNAP with twist -86.16940 superhelical -0.02441 global twist -86.16940 global supercoiling -0.02441
frame 879 time 439.5 binding_event at DNA_gyrase 7 enzyme gyrase with twist -6.42452 superhelical -0.00263 global twist -86.16940 global supercoiling -0.02454
frame 889 time 444.5 unbinding_event at gene Raspberry enzyme RNAP with twist -97.53736 superhelical -0.09426 global twist -113.09734 global supercoiling -0.03288
frame 899 time 449.5 unbinding_event at DNA_gyrase 7 enzyme gyrase with twist -142.71807 superhelical -0.05074 global twist -140.02527 global supercoiling -0.04048
frame 947 time 473.5 binding_event at DNA_topoI 44 enzyme topoI with twist -142.71807 superhelical -0.04042 global twist -142.71807 global supercoiling -0.04042
frame 948 time 474.0 binding_event at DNA_topoI 22 enzyme topoI with twist -89.01945 superhelical -0.04038 global twist -138.82848 global supercoiling -0.04014
frame 951 time 475.5 unbinding_event at DNA_topoI 44 enzyme topoI with twist -107.39825 superhelical -0.03351 global twist -115.49093 global supercoiling -0.03410
frame 962 time 481.0 unbinding_event at DNA_topoI 22 enzyme topoI with twist -64.92625 superhelical -0.02634 global twist -68.81584 global supercoiling -0.01990
frame 1120 time 560.0 binding_event at DNA_topoI 40 enzyme topoI with twist -64.92625 superhelical -0.01839 global twist -64.92625 global supercoiling -0.01839
frame 1123 time 561.5 unbinding_event at DNA_topoI 40 enzyme topoI with twist -49.36788 superhelical -0.01073 global twist -53.25748 global supercoiling -0.01540
frame 1137 time 568.5 binding_event at DNA_gyrase 2 enzyme gyrase with twist -49.36788 superhelical -0.01398 global twist -49.36788 global supercoiling -0.01398
frame 1139 time 569.5 unbinding_event at DNA_gyrase 2 enzyme gyrase with twist -57.44627 superhelical -0.01648 global twist -54.75347 global supercoiling -0.01583
frame 1177 time 588.5 binding_event at DNA_gyrase 44 enzyme gyrase with twist -57.44627 superhelical -0.01627 global twist -57.44627 global supercoiling -0.01627
frame 1182 time 591.0 unbinding_event at DNA_gyrase 44 enzyme gyrase with twist -73.60303 superhelical -0.02305 global twist -70.91023 global supercoiling -0.02050
frame 1221 time 610.5 binding_event at gene tetA enzyme RNAP with twist -73.60303 superhelical -0.02085 global twist -73.60303 global supercoiling -0.02085
frame 1248 time 624.0 binding_event at DNA_gyrase 20 enzyme gyrase with twist 59.31121 superhelical 0.04526 global twist -73.60303 global supercoiling -0.02096
frame 1252 time 626.0 unbinding_event at DNA_gyrase 20 enzyme gyrase with twist 63.79920 superhelical 0.06701 global twist -84.37420 global supercoiling -0.02453
frame 1261 time 630.5 unbinding_event at gene tetA enzyme RNAP with twist -87.06700 superhelical -0.07470 global twist -87.06700 global supercoiling -0.02480
frame 1271 time 635.5 binding_event at DNA_topoI 29 enzyme topoI with twist -87.06700 superhelical -0.02466 global twist -87.06700 global supercoiling -0.02466
frame 1287 time 643.5 unbinding_event at DNA_topoI 29 enzyme topoI with twist -20.94395 superhelical 0.16148 global twist -24.83354 global supercoiling -0.00718
frame 1290 time 645.0 binding_event at DNA_gyrase 16 enzyme gyrase with twist -20.94395 superhelical -0.00593 global twist -20.94395 global supercoiling -0.00593
frame 1291 time 645.5 unbinding_event at DNA_gyrase 16 enzyme gyrase with twist -26.32954 superhelical -0.00701 global twist -23.63674 global supercoiling -0.00683
frame 1300 time 650.0 binding_event at DNA_gyrase 33 enzyme gyrase with twist -26.32954 superhelical -0.00746 global twist -26.32954 global supercoiling -0.00746
frame 1302 time 651.0 unbinding_event at DNA_gyrase 33 enzyme gyrase with twist -34.40792 superhelical -0.01631 global twist -31.71513 global supercoiling -0.00917
frame 1316 time 658.0 binding_event at gene tetA enzyme RNAP with twist -34.40792 superhelical -0.00975 global twist -34.40792 global supercoiling -0.00975
frame 1356 time 678.0 unbinding_event at gene tetA enzyme RNAP with twist -34.40792 superhelical -0.06689 global twist -34.40792 global supercoiling -0.00980
frame 1395 time 697.5 binding_event at DNA_gyrase 30 enzyme gyrase with twist -34.40792 superhelical -0.00975 global twist -34.40792 global supercoiling -0.00975
frame 1396 time 698.0 unbinding_event at DNA_gyrase 30 enzyme gyrase with twist -39.79351 superhelical -0.02077 global twist -37.10071 global supercoiling -0.01073
frame 1436 time 718.0 binding_event at DNA_gyrase 27 enzyme gyrase with twist -39.79351 superhelical -0.01127 global twist -39.79351 global supercoiling -0.01127
frame 1437 time 718.5 unbinding_event at DNA_gyrase 27 enzyme gyrase with twist -45.17909 superhelical -0.09186 global twist -42.48630 global supercoiling -0.01228
frame 1472 time 736.0 binding_event at gene tetA enzyme RNAP with twist -45.17909 superhelical -0.01280 global twist -45.17909 global supercoiling -0.01280
frame 1481 time 740.5 binding_event at DNA_gyrase 42 enzyme gyrase with twist -54.39492 superhelical -0.02897 global twist -45.17909 global supercoiling -0.01287
frame 1484 time 742.0 unbinding_event at DNA_gyrase 42 enzyme gyrase with twist -79.52766 superhelical -0.03497 global twist -53.25748 global supercoiling -0.01548
frame 1485 time 742.5 binding_event at gene tetA enzyme RNAP with twist -79.52766 superhelical -0.04079 global twist -55.95027 global supercoiling -0.01593
frame 1507 time 753.5 binding_event at DNA_topoI 7 enzyme topoI with twist -8.82545 superhelical -0.04120 global twist -55.95027 global supercoiling -0.01602
frame 1512 time 756.0 unbinding_event at gene tetA enzyme RNAP with twist 148.22445 superhelical 0.11257 global twist -36.50231 global supercoiling -0.01067
frame 1513 time 756.5 unbinding_event at DNA_topoI 7 enzyme topoI with twist -180.53797 superhelical -0.07485 global twist -32.61272 global supercoiling -0.00948
frame 1525 time 762.5 unbinding_event at gene tetA enzyme RNAP with twist -28.72313 superhelical -0.09119 global twist -28.72313 global supercoiling -0.00818
frame 1584 time 792.0 binding_event at gene tetA enzyme RNAP with twist -28.72313 superhelical -0.00814 global twist -28.72313 global supercoiling -0.00814
frame 1615 time 807.5 binding_event at DNA_topoI 45 enzyme topoI with twist -125.34064 superhelical -0.05515 global twist -28.72313 global supercoiling -0.00818
frame 1618 time 809.0 unbinding_event at DNA_topoI 45 enzyme topoI with twist -124.14385 superhelical -0.05108 global twist -17.05436 global supercoiling -0.00496
frame 1624 time 812.0 unbinding_event at gene tetA enzyme RNAP with twist -13.16477 superhelical -0.05941 global twist -13.16477 global supercoiling -0.00375
frame 1649 time 824.5 binding_event at gene tetA enzyme RNAP with twist -13.16477 superhelical -0.00373 global twist -13.16477 global supercoiling -0.00373
frame 1652 time 826.0 binding_event at DNA_gyrase 19 enzyme gyrase with twist 4.04072 superhelical 0.00232 global twist -13.16477 global supercoiling -0.00375
frame 1656 time 828.0 unbinding_event at DNA_gyrase 19 enzyme gyrase with twist 8.52871 superhelical 0.01219 global twist -23.93594 global supercoiling -0.00696
frame 1689 time 844.5 unbinding_event at gene tetA enzyme RNAP with twist -26.62874 superhelical -0.06265 global twist -26.62874 global supercoiling -0.00758
frame 1702 time 851.0 binding_event at DNA_gyrase 22 enzyme gyrase with twist -26.62874 superhelical -0.00754 global twist -26.62874 global supercoiling -0.00754
frame 1722 time 861.0 unbinding_event at DNA_gyrase 22 enzyme gyrase with twist -83.17741 superhelical -0.01636 global twist -80.48461 global supercoiling -0.02327
frame 1733 time 866.5 binding_event at DNA_gyrase 1 enzyme gyrase with twist -83.17741 superhelical -0.02356 global twist -83.17741 global supercoiling -0.02356
frame 1733 time 866.5 unbinding_event at DNA_gyrase 1 enzyme gyrase with twist -85.87020 superhelical -0.02481 global twist -83.17741 global supercoiling -0.02356
frame 1745 time 872.5 binding_event at gene tetA enzyme RNAP with twist -85.87020 superhelical -0.02432 global twist -85.87020 global supercoiling -0.02432
frame 1759 time 879.5 binding_event at DNA_topoI 27 enzyme topoI with twist -92.23476 superhelical -0.04688 global twist -85.87020 global supercoiling -0.02445
frame 1771 time 885.5 unbinding_event at DNA_topoI 27 enzyme topoI with twist -88.34517 superhelical 0.70581 global twist -39.19511 global supercoiling -0.01140
frame 1778 time 889.0 binding_event at DNA_gyrase 21 enzyme gyrase with twist 74.58200 superhelical 0.06201 global twist -35.30552 global supercoiling -0.01005
frame 1779 time 889.5 unbinding_event at DNA_gyrase 21 enzyme gyrase with twist 76.37720 superhelical 0.07421 global twist -37.99831 global supercoiling -0.01105
frame 1783 time 891.5 binding_event at DNA_gyrase 20 enzyme gyrase with twist 87.14837 superhelical 0.07830 global twist -40.69110 global supercoiling -0.01159
frame 1785 time 892.5 unbinding_event at gene tetA enzyme RNAP with twist -72.97839 superhelical -0.05652 global twist -46.07669 global supercoiling -0.01340
frame 1786 time 893.0 binding_event at gene CDS enzyme RNAP with twist -72.97839 superhelical -0.02338 global twist -48.76949 global supercoiling -0.01410
frame 1793 time 896.5 unbinding_event at gene CDS enzyme RNAP with twist -83.74956 superhelical -0.03210 global twist -67.61904 global supercoiling -0.01966
frame 1794 time 897.0 unbinding_event at DNA_gyrase 20 enzyme gyrase with twist -73.00463 superhelical -0.02726 global twist -70.31184 global supercoiling -0.02033
frame 1857 time 928.5 binding_event at DNA_gyrase 37 enzyme gyrase with twist -73.00463 superhelical -0.02068 global twist -73.00463 global supercoiling -0.02068
frame 1868 time 934.0 unbinding_event at DNA_gyrase 37 enzyme gyrase with twist -105.31815 superhelical -0.04260 global twist -102.62536 global supercoiling -0.02967
frame 1916 time 958.0 binding_event at gene tetA enzyme RNAP with twist -105.31815 superhelical -0.02983 global twist -105.31815 global supercoiling -0.02983
frame 1921 time 960.5 binding_event at DNA_topoI 49 enzyme topoI with twist -69.42647 superhelical -0.03844 global twist -105.31815 global supercoiling -0.02999
frame 1923 time 961.5 unbinding_event at DNA_topoI 49 enzyme topoI with twist -68.52888 superhelical -0.03642 global twist -97.53897 global supercoiling -0.02836
frame 1928 time 964.0 binding_event at DNA_topoI 48 enzyme topoI with twist -82.89044 superhelical -0.04291 global twist -93.64938 global supercoiling -0.02667
frame 1929 time 964.5 unbinding_event at DNA_topoI 48 enzyme topoI with twist -82.29204 superhelical -0.04205 global twist -89.75979 global supercoiling -0.02610
frame 1945 time 972.5 binding_event at gene tetA enzyme RNAP with twist -136.14792 superhelical -0.06087 global twist -85.87020 global supercoiling -0.02445
frame 1956 time 978.0 unbinding_event at gene tetA enzyme RNAP with twist 62.57668 superhelical -0.06139 global twist -85.87020 global supercoiling -0.02459
frame 1978 time 989.0 binding_event at DNA_gyrase 9 enzyme gyrase with twist 137.97490 superhelical 0.11471 global twist -85.87020 global supercoiling -0.02445
frame 1978 time 989.0 unbinding_event at DNA_gyrase 9 enzyme gyrase with twist 138.87250 superhelical 0.18675 global twist -85.87020 global supercoiling -0.02445
frame 1985 time 992.5 unbinding_event at gene tetA enzyme RNAP with twist -88.56299 superhelical -0.10300 global twist -88.56299 global supercoiling -0.02522
frame 2023 time 1011.5 binding_event at DNA_gyrase 42 enzyme gyrase with twist -88.56299 superhelical -0.02508 global twist -88.56299 global supercoiling -0.02508
frame 2026 time 1013.0 unbinding_event at DNA_gyrase 42 enzyme gyrase with twist -99.33417 superhelical -0.03045 global twist -96.64137 global supercoiling -0.02794
frame 2029 time 1014.5 binding_event at gene tetA enzyme RNAP with twist -99.33417 superhelical -0.02814 global twist -99.33417 global supercoiling -0.02814
frame 2047 time 1023.5 binding_event at gene tetA enzyme RNAP with twist -113.17688 superhelical -0.05550 global twist -99.33417 global supercoiling -0.02829
frame 2069 time 1034.5 unbinding_event at gene tetA enzyme RNAP with twist 79.39155 superhelical -0.05602 global twist -99.33417 global supercoiling -0.02844
frame 2085 time 1042.5 binding_event at DNA_gyrase 25 enzyme gyrase with twist 133.24742 superhelical 0.11972 global twist -99.33417 global supercoiling -0.02829
frame 2087 time 1043.5 unbinding_event at gene tetA enzyme RNAP with twist -106.02066 superhelical -0.09924 global twist -104.71976 global supercoiling -0.03045
frame 2088 time 1044.0 unbinding_event at DNA_gyrase 25 enzyme gyrase with twist -110.10534 superhelical -0.03085 global twist -107.41255 global supercoiling -0.03106
frame 2098 time 1049.0 binding_event at gene tetA enzyme RNAP with twist -110.10534 superhelical -0.03119 global twist -110.10534 global supercoiling -0.03119
frame 2125 time 1062.5 binding_event at DNA_topoI 40 enzyme topoI with twist -150.75484 superhelical -0.06850 global twist -110.10534 global supercoiling -0.03136
frame 2125 time 1062.5 unbinding_event at DNA_topoI 40 enzyme topoI with twist -150.45564 superhelical -0.06880 global twist -110.10534 global supercoiling -0.03136
frame 2138 time 1069.0 unbinding_event at gene tetA enzyme RNAP with twist -106.21575 superhelical -0.08039 global twist -106.21575 global supercoiling -0.03025
frame 2170 time 1085.0 binding_event at gene tetA enzyme RNAP with twist -106.21575 superhelical -0.03008 global twist -106.21575 global supercoiling -0.03008
frame 2210 time 1105.0 unbinding_event at gene tetA enzyme RNAP with twist -106.21575 superhelical -0.08120 global twist -106.21575 global supercoiling -0.03025
frame 2219 time 1109.5 binding_event at DNA_topoI 17 enzyme topoI with twist -106.21575 superhelical -0.03008 global twist -106.21575 global supercoiling -0.03008
frame 2223 time 1111.5 unbinding_event at DNA_topoI 17 enzyme topoI with twist -86.76780 superhelical -0.02736 global twist -90.65739 global supercoiling -0.02621
frame 2234 time 1117.0 binding_event at gene tetA enzyme RNAP with twist -86.76780 superhelical -0.02458 global twist -86.76780 global supercoiling -0.02458
frame 2246 time 1123.0 binding_event at gene tetA enzyme RNAP with twist -85.49268 superhelical -0.04426 global twist -86.76780 global supercoiling -0.02471
frame 2267 time 1133.5 binding_event at DNA_topoI 35 enzyme topoI with twist -152.11694 superhelical -0.07267 global twist -86.76780 global supercoiling -0.02485
frame 2273 time 1136.5 unbinding_event at DNA_topoI 35 enzyme topoI with twist -150.02254 superhelical -0.05286 global twist -63.43025 global supercoiling -0.01854
frame 2274 time 1137.0 unbinding_event at gene tetA enzyme RNAP with twist 94.07227 superhelical -0.04470 global twist -59.54066 global supercoiling -0.01705
frame 2286 time 1143.0 unbinding_event at gene tetA enzyme RNAP with twist -59.54066 superhelical -0.08021 global twist -59.54066 global supercoiling -0.01696
frame 2309 time 1154.5 binding_event at gene tetA enzyme RNAP with twist -59.54066 superhelical -0.01686 global twist -59.54066 global supercoiling -0.01686
frame 2311 time 1155.5 binding_event at DNA_gyrase 25 enzyme gyrase with twist -23.25923 superhelical -0.01322 global twist -59.54066 global supercoiling -0.01696
frame 2312 time 1156.0 unbinding_event at DNA_gyrase 25 enzyme gyrase with twist -21.46403 superhelical -0.01105 global twist -62.23345 global supercoiling -0.01809
frame 2321 time 1160.5 binding_event at DNA_topoI 26 enzyme topoI with twist -72.18535 superhelical -0.03737 global twist -64.92625 global supercoiling -0.01849
frame 2324 time 1162.0 unbinding_event at DNA_topoI 26 enzyme topoI with twist -70.98855 superhelical 0.16585 global twist -53.25748 global supercoiling -0.01548
frame 2342 time 1171.0 binding_event at DNA_gyrase 14 enzyme gyrase with twist 82.65732 superhelical 0.06872 global twist -49.36788 global supercoiling -0.01406
frame 2342 time 1171.0 unbinding_event at DNA_gyrase 14 enzyme gyrase with twist 83.55492 superhelical 0.08340 global twist -49.36788 global supercoiling -0.01406
frame 2349 time 1174.5 unbinding_event at gene tetA enzyme RNAP with twist -52.06068 superhelical -0.06555 global twist -52.06068 global supercoiling -0.01483
frame 2403 time 1201.5 binding_event at gene tetA enzyme RNAP with twist -52.06068 superhelical -0.01475 global twist -52.06068 global supercoiling -0.01475
frame 2430 time 1215.0 binding_event at DNA_gyrase 12 enzyme gyrase with twist 70.32468 superhelical 0.05366 global twist -52.06068 global supercoiling -0.01483
frame 2433 time 1216.5 unbinding_event at DNA_gyrase 12 enzyme gyrase with twist 73.91508 superhelical 0.10798 global twist -60.13906 global supercoiling -0.01748
frame 2443 time 1221.5 unbinding_event at gene tetA enzyme RNAP with twist -62.83185 superhelical -0.07041 global twist -62.83185 global supercoiling -0.01789
frame 2482 time 1241.0 binding_event at gene Raspberry enzyme RNAP with twist -62.83185 superhelical -0.01780 global twist -62.83185 global supercoiling -0.01780
frame 2490 time 1245.0 binding_event at DNA_topoI 33 enzyme topoI with twist -42.36454 superhelical -0.04676 global twist -62.83185 global supercoiling -0.01789
frame 2490 time 1245.0 unbinding_event at DNA_topoI 33 enzyme topoI with twist -42.06534 superhelical -0.04660 global twist -62.83185 global supercoiling -0.01789
frame 2509 time 1254.5 unbinding_event at gene Raspberry enzyme RNAP with twist -58.94226 superhelical -0.08718 global twist -58.94226 global supercoiling -0.01679
frame 2533 time 1266.5 binding_event at DNA_topoI 42 enzyme topoI with twist -58.94226 superhelical -0.01669 global twist -58.94226 global supercoiling -0.01669
frame 2540 time 1270.0 unbinding_event at DNA_topoI 42 enzyme topoI with twist -27.82553 superhelical -0.00303 global twist -31.71513 global supercoiling -0.00917
frame 2570 time 1285.0 binding_event at gene tetA enzyme RNAP with twist -27.82553 superhelical -0.00788 global twist -27.82553 global supercoiling -0.00788
frame 2610 time 1305.0 unbinding_event at gene tetA enzyme RNAP with twist -27.82553 superhelical -0.06558 global twist -27.82553 global supercoiling -0.00792
frame 2642 time 1321.0 binding_event at gene tetA enzyme RNAP with twist -27.82553 superhelical -0.00788 global twist -27.82553 global supercoiling -0.00788
frame 2682 time 1341.0 unbinding_event at gene tetA enzyme RNAP with twist -27.82553 superhelical -0.06558 global twist -27.82553 global supercoiling -0.00792
frame 2697 time 1348.5 binding_event at DNA_gyrase 43 enzyme gyrase with twist -27.82553 superhelical -0.00788 global twist -27.82553 global supercoiling -0.00788
frame 2698 time 1349.0 unbinding_event at DNA_gyrase 43 enzyme gyrase with twist -33.21112 superhelical -0.01032 global twist -30.51833 global supercoiling -0.00882
frame 2824 time 1412.0 binding_event at DNA_topoI 16 enzyme topoI with twist -33.21112 superhelical -0.00941 global twist -33.21112 global supercoiling -0.00941
frame 2832 time 1416.0 unbinding_event at DNA_topoI 16 enzyme topoI with twist 1.79520 superhelical -0.00343 global twist -2.09440 global supercoiling -0.00061
frame 2874 time 1437.0 binding_event at DNA_gyrase 19 enzyme gyrase with twist 1.79520 superhelical 0.00051 global twist 1.79520 global supercoiling 0.00051
frame 2888 time 1444.0 binding_event at gene tetA enzyme RNAP with twist -17.26680 superhelical -0.00566 global twist -35.90392 global supercoiling -0.01038
frame 2888 time 1444.0 unbinding_event at DNA_gyrase 19 enzyme gyrase with twist -25.22725 superhelical -0.00405 global twist -35.90392 global supercoiling -0.01038
frame 2893 time 1446.5 binding_event at DNA_gyrase 29 enzyme gyrase with twist -27.73102 superhelical -0.01536 global twist -38.59671 global supercoiling -0.01099
frame 2893 time 1446.5 unbinding_event at DNA_gyrase 29 enzyme gyrase with twist -34.01421 superhelical -0.02359 global twist -38.59671 global supercoiling -0.01099
frame 2928 time 1464.0 unbinding_event at gene tetA enzyme RNAP with twist -41.28950 superhelical -0.06512 global twist -41.28950 global supercoiling -0.01176
frame 2938 time 1469.0 binding_event at DNA_topoI 31 enzyme topoI with twist -41.28950 superhelical -0.01169 global twist -41.28950 global supercoiling -0.01169
frame 2939 time 1469.5 unbinding_event at DNA_topoI 31 enzyme topoI with twist -33.51032 superhelical 0.00019 global twist -37.39991 global supercoiling -0.01081
frame 3036 time 1518.0 binding_event at DNA_gyrase 43 enzyme gyrase with twist -33.51032 superhelical -0.00949 global twist -33.51032 global supercoiling -0.00949
frame 3040 time 1520.0 unbinding_event at DNA_gyrase 43 enzyme gyrase with twist -46.97429 superhelical -0.01538 global twist -44.28150 global supercoiling -0.01280
frame 3054 time 1527.0 binding_event at DNA_gyrase 14 enzyme gyrase with twist -46.97429 superhelical -0.01331 global twist -46.97429 global supercoiling -0.01331
frame 3054 time 1527.0 unbinding_event at DNA_gyrase 14 enzyme gyrase with twist -49.66708 superhelical -0.01408 global twist -46.97429 global supercoiling -0.01331
frame 3060 time 1530.0 binding_event at DNA_gyrase 17 enzyme gyrase with twist -49.66708 superhelical -0.01407 global twist -49.66708 global supercoiling -0.01407
frame 3060 time 1530.0 unbinding_event at DNA_gyrase 17 enzyme gyrase with twist -52.35988 superhelical -0.01482 global twist -49.66708 global supercoiling -0.01407
frame 3173 time 1586.5 binding_event at gene mKalama1 enzyme RNAP with twist -52.35988 superhelical -0.01483 global twist -52.35988 global supercoiling -0.01483
frame 3200 time 1600.0 unbinding_event at gene mKalama1 enzyme RNAP with twist -52.35988 superhelical 0.62754 global twist -52.35988 global supercoiling -0.01491
frame 3201 time 1600.5 binding_event at DNA_gyrase 36 enzyme gyrase with twist -52.35988 superhelical -0.01483 global twist -52.35988 global supercoiling -0.01483
frame 3201 time 1600.5 unbinding_event at DNA_gyrase 36 enzyme gyrase with twist -55.05267 superhelical -0.01712 global twist -52.35988 global supercoiling -0.01483
frame 3250 time 1625.0 binding_event at gene mKalama1 enzyme RNAP with twist -55.05267 superhelical -0.01559 global twist -55.05267 global supercoiling -0.01559
frame 3267 time 1633.5 binding_event at DNA_gyrase 26 enzyme gyrase with twist 50.88550 superhelical 0.14866 global twist -55.05267 global supercoiling -0.01568
frame 3277 time 1638.5 unbinding_event at gene mKalama1 enzyme RNAP with twist -75.47799 superhelical 0.62851 global twist -81.98061 global supercoiling -0.02383
frame 3279 time 1639.5 unbinding_event at DNA_gyrase 26 enzyme gyrase with twist -90.05899 superhelical -0.31042 global twist -87.36620 global supercoiling -0.02526
frame 3331 time 1665.5 binding_event at DNA_gyrase 3 enzyme gyrase with twist -90.05899 superhelical -0.02551 global twist -90.05899 global supercoiling -0.02551
frame 3335 time 1667.5 unbinding_event at DNA_gyrase 3 enzyme gyrase with twist -103.52296 superhelical -0.02958 global twist -100.83016 global supercoiling -0.02915
frame 3355 time 1677.5 binding_event at DNA_gyrase 7 enzyme gyrase with twist -103.52296 superhelical -0.02932 global twist -103.52296 global supercoiling -0.02932
frame 3355 time 1677.5 unbinding_event at DNA_gyrase 7 enzyme gyrase with twist -106.21575 superhelical -0.03055 global twist -103.52296 global supercoiling -0.02932
frame 3439 time 1719.5 binding_event at DNA_topoI 37 enzyme topoI with twist -106.21575 superhelical -0.03008 global twist -106.21575 global supercoiling -0.03008
frame 3442 time 1721.0 unbinding_event at DNA_topoI 37 enzyme topoI with twist -90.65739 superhelical -0.02036 global twist -94.54698 global supercoiling -0.02734
frame 3557 time 1778.5 binding_event at DNA_gyrase 29 enzyme gyrase with twist -90.65739 superhelical -0.02568 global twist -90.65739 global supercoiling -0.02568
frame 3576 time 1788.0 unbinding_event at DNA_gyrase 29 enzyme gyrase with twist -144.51326 superhelical -0.17824 global twist -141.82047 global supercoiling -0.04100
frame 3581 time 1790.5 binding_event at DNA_topoI 15 enzyme topoI with twist -144.51326 superhelical -0.04093 global twist -144.51326 global supercoiling -0.04093
frame 3583 time 1791.5 unbinding_event at DNA_topoI 15 enzyme topoI with twist -132.84449 superhelical -0.03967 global twist -136.73408 global supercoiling -0.03953
frame 3627 time 1813.5 binding_event at DNA_topoI 0 enzyme topoI with twist -132.84449 superhelical -0.03763 global twist -132.84449 global supercoiling -0.03763
frame 3646 time 1823.0 unbinding_event at DNA_topoI 0 enzyme topoI with twist -55.05267 superhelical -0.01533 global twist -58.94226 global supercoiling -0.01704
frame 3716 time 1858.0 binding_event at gene tetA enzyme RNAP with twist -55.05267 superhelical -0.01559 global twist -55.05267 global supercoiling -0.01559
frame 3756 time 1878.0 unbinding_event at gene tetA enzyme RNAP with twist -55.05267 superhelical -0.07100 global twist -55.05267 global supercoiling -0.01568
frame 3770 time 1885.0 binding_event at DNA_gyrase 31 enzyme gyrase with twist -55.05267 superhelical -0.01559 global twist -55.05267 global supercoiling -0.01559
frame 3780 time 1890.0 unbinding_event at DNA_gyrase 31 enzyme gyrase with twist -84.67340 superhelical -0.06209 global twist -81.98061 global supercoiling -0.02370
frame 3872 time 1936.0 binding_event at gene tetA enzyme RNAP with twist -84.67340 superhelical -0.02398 global twist -84.67340 global supercoiling -0.02398
frame 3912 time 1956.0 unbinding_event at gene tetA enzyme RNAP with twist -84.67340 superhelical -0.07691 global twist -84.67340 global supercoiling -0.02411
frame 3941 time 1970.5 binding_event at DNA_topoI 4 enzyme topoI with twist -84.67340 superhelical -0.02398 global twist -84.67340 global supercoiling -0.02398
frame 3949 time 1974.5 binding_event at DNA_gyrase 26 enzyme gyrase with twist -32.72598 superhelical -0.01659 global twist -53.55667 global supercoiling -0.01548
frame 3950 time 1975.0 unbinding_event at DNA_gyrase 26 enzyme gyrase with twist -34.22198 superhelical -0.08686 global twist -52.35988 global supercoiling -0.01546
frame 3952 time 1976.0 unbinding_event at DNA_topoI 4 enzyme topoI with twist -43.38390 superhelical -0.01538 global twist -47.27349 global supercoiling -0.01367
frame 4047 time 2023.5 binding_event at gene tetA enzyme RNAP with twist -43.38390 superhelical -0.01229 global twist -43.38390 global supercoiling -0.01229
frame 4080 time 2040.0 binding_event at DNA_topoI 49 enzyme topoI with twist -139.68691 superhelical -0.06051 global twist -43.38390 global supercoiling -0.01236
frame 4083 time 2041.5 unbinding_event at DNA_topoI 49 enzyme topoI with twist -138.49012 superhelical -0.05763 global twist -31.71513 global supercoiling -0.00922
frame 4087 time 2043.5 unbinding_event at gene tetA enzyme RNAP with twist -27.82553 superhelical -0.06233 global twist -27.82553 global supercoiling -0.00792
frame 4138 time 2069.0 binding_event at DNA_gyrase 44 enzyme gyrase with twist -27.82553 superhelical -0.00788 global twist -27.82553 global supercoiling -0.00788
frame 4145 time 2072.5 unbinding_event at DNA_gyrase 44 enzyme gyrase with twist -49.36788 superhelical -0.01663 global twist -46.67509 global supercoiling -0.01349
frame 4150 time 2075.0 binding_event at DNA_gyrase 27 enzyme gyrase with twist -49.36788 superhelical -0.01398 global twist -49.36788 global supercoiling -0.01398
frame 4153 time 2076.5 unbinding_event at DNA_gyrase 27 enzyme gyrase with twist -60.13906 superhelical -0.17499 global twist -57.44627 global supercoiling -0.01661
frame 4168 time 2084.0 binding_event at gene Raspberry enzyme RNAP with twist -60.13906 superhelical -0.01703 global twist -60.13906 global supercoiling -0.01703
frame 4186 time 2093.0 binding_event at gene tetA enzyme RNAP with twist 17.54477 superhelical 0.00723 global twist -60.13906 global supercoiling -0.01713
frame 4195 time 2097.5 unbinding_event at gene Raspberry enzyme RNAP with twist -109.12957 superhelical -0.08979 global twist -60.13906 global supercoiling -0.01722
frame 4211 time 2105.5 binding_event at DNA_gyrase 11 enzyme gyrase with twist 102.84639 superhelical 0.07639 global twist -60.13906 global supercoiling -0.01713
frame 4213 time 2106.5 unbinding_event at DNA_gyrase 11 enzyme gyrase with twist 105.53918 superhelical 0.12744 global twist -65.52465 global supercoiling -0.01905
frame 4215 time 2107.5 binding_event at DNA_gyrase 21 enzyme gyrase with twist 109.12957 superhelical 0.08562 global twist -68.21744 global supercoiling -0.01943
frame 4218 time 2109.0 unbinding_event at DNA_gyrase 21 enzyme gyrase with twist 112.71996 superhelical 0.10863 global twist -76.29582 global supercoiling -0.02218
frame 4226 time 2113.0 unbinding_event at gene tetA enzyme RNAP with twist -78.98862 superhelical -0.08989 global twist -78.98862 global supercoiling -0.02249
frame 4280 time 2140.0 binding_event at gene tetA enzyme RNAP with twist -78.98862 superhelical -0.02237 global twist -78.98862 global supercoiling -0.02237
frame 4282 time 2141.0 binding_event at DNA_gyrase 11 enzyme gyrase with twist -33.20194 superhelical -0.01887 global twist -78.98862 global supercoiling -0.02249
frame 4284 time 2142.0 binding_event at gene tetA enzyme RNAP with twist -52.96745 superhelical -0.02962 global twist -84.37420 global supercoiling -0.02453
frame 4284 time 2142.0 unbinding_event at DNA_gyrase 11 enzyme gyrase with twist -30.50915 superhelical -0.01095 global twist -84.37420 global supercoiling -0.02453
frame 4287 time 2143.5 binding_event at gene Raspberry enzyme RNAP with twist -62.16179 superhelical -0.03512 global twist -87.06700 global supercoiling -0.02493
frame 4295 time 2147.5 binding_event at DNA_topoI 40 enzyme topoI with twist -35.09613 superhelical -0.03550 global twist -87.06700 global supercoiling -0.02507
frame 4298 time 2149.0 unbinding_event at DNA_topoI 40 enzyme topoI with twist -19.53777 superhelical 0.68640 global twist -75.39822 global supercoiling -0.02217
frame 4307 time 2153.5 binding_event at gene mKalama1 enzyme RNAP with twist -98.87349 superhelical -0.08817 global twist -71.50863 global supercoiling -0.02059
frame 4314 time 2157.0 unbinding_event at gene Raspberry enzyme RNAP with twist -117.77874 superhelical -0.13240 global twist -71.50863 global supercoiling -0.02070
frame 4320 time 2160.0 unbinding_event at gene tetA enzyme RNAP with twist 97.16811 superhelical -0.02994 global twist -71.50863 global supercoiling -0.02059
frame 4321 time 2160.5 binding_event at DNA_gyrase 25 enzyme gyrase with twist 97.16811 superhelical 0.08592 global twist -71.50863 global supercoiling -0.02048
frame 4321 time 2160.5 unbinding_event at DNA_gyrase 25 enzyme gyrase with twist 98.06571 superhelical 0.09175 global twist -71.50863 global supercoiling -0.02048
frame 4324 time 2162.0 unbinding_event at gene tetA enzyme RNAP with twist -80.74969 superhelical -0.08990 global twist -74.20143 global supercoiling -0.02125
frame 4325 time 2162.5 binding_event at DNA_gyrase 16 enzyme gyrase with twist -80.74969 superhelical -0.02534 global twist -74.20143 global supercoiling -0.02113
frame 4325 time 2162.5 unbinding_event at DNA_gyrase 16 enzyme gyrase with twist -87.03288 superhelical -0.02770 global twist -74.20143 global supercoiling -0.02113
frame 4334 time 2167.0 unbinding_event at gene mKalama1 enzyme RNAP with twist -76.89422 superhelical 0.29315 global twist -76.89422 global supercoiling -0.02190
frame 4349 time 2174.5 binding_event at gene mKalama1 enzyme RNAP with twist -76.89422 superhelical -0.02178 global twist -76.89422 global supercoiling -0.02178
frame 4354 time 2177.0 binding_event at gene tetA enzyme RNAP with twist -80.66766 superhelical -0.02731 global twist -76.89422 global supercoiling -0.02190
frame 4365 time 2182.5 binding_event at gene tetA enzyme RNAP with twist -110.30820 superhelical -0.07190 global twist -76.89422 global supercoiling -0.02202
frame 4369 time 2184.5 binding_event at gene tetA enzyme RNAP with twist -126.04877 superhelical -0.08514 global twist -76.89422 global supercoiling -0.02214
frame 4376 time 2188.0 unbinding_event at gene mKalama1 enzyme RNAP with twist -92.60029 superhelical 0.59631 global twist -76.89422 global supercoiling -0.02226
frame 4394 time 2197.0 unbinding_event at gene tetA enzyme RNAP with twist 84.87542 superhelical -0.07280 global twist -76.89422 global supercoiling -0.02214
frame 4403 time 2201.5 binding_event at gene tetA enzyme RNAP with twist -185.95047 superhelical -0.07992 global twist -76.89422 global supercoiling -0.02202
frame 4405 time 2202.5 unbinding_event at gene tetA enzyme RNAP with twist 119.82743 superhelical -0.08626 global twist -76.89422 global supercoiling -0.02214
frame 4409 time 2204.5 unbinding_event at gene tetA enzyme RNAP with twist 86.54401 superhelical -0.08059 global twist -76.89422 global supercoiling -0.02202
frame 4425 time 2212.5 binding_event at gene mKalama1 enzyme RNAP with twist -217.29410 superhelical -0.10293 global twist -76.89422 global supercoiling -0.02190
frame 4428 time 2214.0 binding_event at DNA_gyrase 20 enzyme gyrase with twist 151.17106 superhelical 0.11228 global twist -76.89422 global supercoiling -0.02202
frame 4432 time 2216.0 unbinding_event at DNA_gyrase 20 enzyme gyrase with twist 155.65905 superhelical 0.14441 global twist -87.66540 global supercoiling -0.02563
frame 4437 time 2218.5 binding_event at DNA_topoI 47 enzyme topoI with twist -236.21172 superhelical -0.12595 global twist -90.35819 global supercoiling -0.02587
frame 4437 time 2218.5 unbinding_event at DNA_topoI 47 enzyme topoI with twist -239.50291 superhelical -0.13029 global twist -90.35819 global supercoiling -0.02587
frame 4442 time 2221.0 binding_event at gene Raspberry enzyme RNAP with twist -268.22605 superhelical -0.13053 global twist -86.46860 global supercoiling -0.02476
frame 4443 time 2221.5 unbinding_event at gene tetA enzyme RNAP with twist -20.24746 superhelical -0.13176 global twist -86.46860 global supercoiling -0.02490
frame 4452 time 2226.0 unbinding_event at gene mKalama1 enzyme RNAP with twist -98.53466 superhelical 0.22981 global twist -86.46860 global supercoiling -0.02476
frame 4462 time 2231.0 binding_event at DNA_gyrase 45 enzyme gyrase with twist 44.37959 superhelical 0.01857 global twist -86.46860 global supercoiling -0.02463
frame 4463 time 2231.5 binding_event at DNA_topoI 39 enzyme topoI with twist -134.43858 superhelical -0.11800 global twist -89.16139 global supercoiling -0.02592
frame 4463 time 2231.5 unbinding_event at DNA_topoI 39 enzyme topoI with twist -134.13938 superhelical -0.12376 global twist -89.16139 global supercoiling -0.02592
frame 4466 time 2233.0 unbinding_event at DNA_gyrase 45 enzyme gyrase with twist 48.86758 superhelical 0.15428 global twist -93.35018 global supercoiling -0.02714
frame 4469 time 2234.5 binding_event at gene mKalama1 enzyme RNAP with twist -152.09134 superhelical -0.12196 global twist -96.04298 global supercoiling -0.02735
frame 4469 time 2234.5 unbinding_event at gene Raspberry enzyme RNAP with twist -19.43706 superhelical -0.12830 global twist -96.04298 global supercoiling -0.02735
frame 4489 time 2244.5 binding_event at gene tetA enzyme RNAP with twist -87.65450 superhelical -0.02720 global twist -96.04298 global supercoiling -0.02735
frame 4496 time 2248.0 binding_event at gene tetA enzyme RNAP with twist -88.80465 superhelical -0.05350 global twist -96.04298 global supercoiling -0.02750
frame 4496 time 2248.0 unbinding_event at gene mKalama1 enzyme RNAP with twist -69.88592 superhelical 0.14042 global twist -96.04298 global supercoiling -0.02750
frame 4529 time 2264.5 unbinding_event at gene tetA enzyme RNAP with twist 92.32587 superhelical -0.05412 global twist -96.04298 global supercoiling -0.02750
frame 4536 time 2268.0 unbinding_event at gene tetA enzyme RNAP with twist -96.04298 superhelical -0.08706 global twist -96.04298 global supercoiling -0.02735
frame 4566 time 2283.0 binding_event at gene tetA enzyme RNAP with twist -96.04298 superhelical -0.02720 global twist -96.04298 global supercoiling -0.02720
frame 4582 time 2291.0 binding_event at DNA_topoI 37 enzyme topoI with twist -104.38752 superhelical -0.05210 global twist -96.04298 global supercoiling -0.02735
frame 4582 time 2291.0 unbinding_event at DNA_topoI 37 enzyme topoI with twist -104.08832 superhelical -0.05145 global twist -96.04298 global supercoiling -0.02735
frame 4591 time 2295.5 binding_event at DNA_topoI 0 enzyme topoI with twist -132.81145 superhelical -0.06134 global twist -92.15338 global supercoiling -0.02624
frame 4597 time 2298.5 unbinding_event at DNA_topoI 0 enzyme topoI with twist -130.71705 superhelical -0.05537 global twist -68.81584 global supercoiling -0.02001
frame 4606 time 2303.0 unbinding_event at gene tetA enzyme RNAP with twist -64.92625 superhelical -0.06648 global twist -64.92625 global supercoiling -0.01849
frame 4618 time 2309.0 binding_event at gene tetA enzyme RNAP with twist -64.92625 superhelical -0.01839 global twist -64.92625 global supercoiling -0.01839
frame 4625 time 2312.5 binding_event at DNA_topoI 31 enzyme topoI with twist -56.86561 superhelical -0.03087 global twist -64.92625 global supercoiling -0.01849
frame 4625 time 2312.5 unbinding_event at DNA_topoI 31 enzyme topoI with twist -56.56641 superhelical -0.02606 global twist -64.92625 global supercoiling -0.01849
frame 4627 time 2313.5 binding_event at gene tetA enzyme RNAP with twist -60.15680 superhelical -0.03204 global twist -61.03666 global supercoiling -0.01738
frame 4651 time 2325.5 binding_event at DNA_topoI 6 enzyme topoI with twist -141.71663 superhelical -0.06601 global twist -61.03666 global supercoiling -0.01748
frame 4654 time 2327.0 binding_event at DNA_gyrase 13 enzyme gyrase with twist 96.06072 superhelical 0.08361 global twist -49.36788 global supercoiling -0.01443
frame 4654 time 2327.0 unbinding_event at DNA_topoI 6 enzyme topoI with twist -140.51984 superhelical -0.06204 global twist -49.36788 global supercoiling -0.01443
frame 4658 time 2329.0 unbinding_event at gene tetA enzyme RNAP with twist 27.74376 superhelical -0.03237 global twist -56.24947 global supercoiling -0.01645
frame 4664 time 2332.0 unbinding_event at DNA_gyrase 13 enzyme gyrase with twist 101.32473 superhelical 0.20495 global twist -72.40623 global supercoiling -0.02105
frame 4667 time 2333.5 unbinding_event at gene tetA enzyme RNAP with twist -75.09902 superhelical -0.07634 global twist -75.09902 global supercoiling -0.02139
frame 4704 time 2352.0 binding_event at gene tetA enzyme RNAP with twist -75.09902 superhelical -0.02127 global twist -75.09902 global supercoiling -0.02127
frame 4727 time 2363.5 binding_event at DNA_topoI 33 enzyme topoI with twist -119.28385 superhelical -0.05603 global twist -75.09902 global supercoiling -0.02139
frame 4730 time 2365.0 unbinding_event at DNA_topoI 33 enzyme topoI with twist -118.08705 superhelical -0.04123 global twist -63.43025 global supercoiling -0.01844
frame 4744 time 2372.0 unbinding_event at gene tetA enzyme RNAP with twist -59.54066 superhelical -0.06865 global twist -59.54066 global supercoiling -0.01696
frame 4890 time 2445.0 binding_event at DNA_gyrase 27 enzyme gyrase with twist -59.54066 superhelical -0.01686 global twist -59.54066 global supercoiling -0.01686
frame 4892 time 2446.0 unbinding_event at DNA_gyrase 27 enzyme gyrase with twist -67.61904 superhelical -0.13775 global twist -64.92625 global supercoiling -0.01877
frame 4926 time 2463.0 binding_event at DNA_gyrase 41 enzyme gyrase with twist -67.61904 superhelical -0.01915 global twist -67.61904 global supercoiling -0.01915
frame 4931 time 2465.5 unbinding_event at DNA_gyrase 41 enzyme gyrase with twist -83.77580 superhelical -0.02733 global twist -81.08301 global supercoiling -0.02344
frame 4951 time 2475.5 binding_event at DNA_topoI 24 enzyme topoI with twist -83.77580 superhelical -0.02373 global twist -83.77580 global supercoiling -0.02373
frame 4959 time 2479.5 unbinding_event at DNA_topoI 24 enzyme topoI with twist -48.76949 superhelical -0.01909 global twist -52.65908 global supercoiling -0.01522
frame 4971 time 2485.5 binding_event at gene tetA enzyme RNAP with twist -48.76949 superhelical -0.01381 global twist -48.76949 global supercoiling -0.01381
frame 4990 time 2495.0 binding_event at DNA_gyrase 6 enzyme gyrase with twist 43.28417 superhelical 0.02977 global twist -48.76949 global supercoiling -0.01389
frame 4990 time 2495.0 unbinding_event at DNA_gyrase 6 enzyme gyrase with twist 44.18176 superhelical 0.16157 global twist -48.76949 global supercoiling -0.01389
frame 5005 time 2502.5 binding_event at gene tetA enzyme RNAP with twist -145.90953 superhelical -0.06271 global twist -51.46228 global supercoiling -0.01466
frame 5006 time 2503.0 binding_event at DNA_gyrase 10 enzyme gyrase with twist 98.03764 superhelical 0.08402 global twist -51.46228 global supercoiling -0.01474
frame 5011 time 2505.5 unbinding_event at gene tetA enzyme RNAP with twist 98.93524 superhelical 3.48486 global twist -64.92625 global supercoiling -0.01898
frame 5015 time 2507.5 unbinding_event at DNA_gyrase 10 enzyme gyrase with twist 69.62808 superhelical -0.05086 global twist -75.69742 global supercoiling -0.02201
frame 5041 time 2520.5 binding_event at DNA_topoI 41 enzyme topoI with twist -237.77809 superhelical -0.10065 global twist -78.39022 global supercoiling -0.02232
frame 5042 time 2521.0 binding_event at DNA_gyrase 10 enzyme gyrase with twist 162.97827 superhelical 0.14410 global twist -74.50063 global supercoiling -0.02166
frame 5045 time 2522.5 unbinding_event at gene tetA enzyme RNAP with twist 162.08067 superhelical 6.59037 global twist -70.91023 global supercoiling -0.02106
frame 5046 time 2523.0 unbinding_event at DNA_topoI 41 enzyme topoI with twist -229.25091 superhelical -0.09257 global twist -69.71344 global supercoiling -0.02058
frame 5047 time 2523.5 unbinding_event at DNA_gyrase 10 enzyme gyrase with twist -71.20943 superhelical -0.09596 global twist -68.51664 global supercoiling -0.01981
frame 5074 time 2537.0 binding_event at gene Raspberry enzyme RNAP with twist -71.20943 superhelical -0.02017 global twist -71.20943 global supercoiling -0.02017
frame 5101 time 2550.5 unbinding_event at gene Raspberry enzyme RNAP with twist -71.20943 superhelical -0.09169 global twist -71.20943 global supercoiling -0.02028
frame 5109 time 2554.5 binding_event at gene tetA enzyme RNAP with twist -71.20943 superhelical -0.02017 global twist -71.20943 global supercoiling -0.02017
frame 5149 time 2574.5 unbinding_event at gene tetA enzyme RNAP with twist -71.20943 superhelical -0.07422 global twist -71.20943 global supercoiling -0.02028
frame 5171 time 2585.5 binding_event at gene tetA enzyme RNAP with twist -71.20943 superhelical -0.02017 global twist -71.20943 global supercoiling -0.02017
frame 5188 time 2594.0 binding_event at DNA_gyrase 21 enzyme gyrase with twist 24.63102 superhelical 0.01653 global twist -71.20943 global supercoiling -0.02028
frame 5188 time 2594.0 unbinding_event at DNA_gyrase 21 enzyme gyrase with twist 25.52861 superhelical 0.01962 global twist -71.20943 global supercoiling -0.02028
frame 5211 time 2605.5 unbinding_event at gene tetA enzyme RNAP with twist -73.90223 superhelical -0.07422 global twist -73.90223 global supercoiling -0.02105
frame 5246 time 2623.0 binding_event at DNA_topoI 21 enzyme topoI with twist -73.90223 superhelical -0.02093 global twist -73.90223 global supercoiling -0.02093
frame 5258 time 2629.0 unbinding_event at DNA_topoI 21 enzyme topoI with twist -23.33755 superhelical -0.01345 global twist -27.22714 global supercoiling -0.00787
frame 5303 time 2651.5 binding_event at gene tetA enzyme RNAP with twist -23.33755 superhelical -0.00661 global twist -23.33755 global supercoiling -0.00661
frame 5313 time 2656.5 binding_event at DNA_gyrase 10 enzyme gyrase with twist 23.97266 superhelical 0.01484 global twist -23.33755 global supercoiling -0.00665
frame 5323 time 2661.5 unbinding_event at DNA_gyrase 10 enzyme gyrase with twist 33.84623 superhelical 0.11095 global twist -50.26548 global supercoiling -0.01461
frame 5343 time 2671.5 unbinding_event at gene tetA enzyme RNAP with twist -52.95828 superhelical -0.06468 global twist -52.95828 global supercoiling -0.01508
frame 5457 time 2728.5 binding_event at gene tetA enzyme RNAP with twist -52.95828 superhelical -0.01500 global twist -52.95828 global supercoiling -0.01500
frame 5497 time 2748.5 unbinding_event at gene tetA enzyme RNAP with twist -52.95828 superhelical -0.07058 global twist -52.95828 global supercoiling -0.01508
frame 5542 time 2771.0 binding_event at gene tetA enzyme RNAP with twist -52.95828 superhelical -0.01500 global twist -52.95828 global supercoiling -0.01500
frame 5582 time 2791.0 unbinding_event at gene tetA enzyme RNAP with twist -52.95828 superhelical -0.07058 global twist -52.95828 global supercoiling -0.01508
frame 5647 time 2823.5 binding_event at gene Raspberry enzyme RNAP with twist -52.95828 superhelical -0.01500 global twist -52.95828 global supercoiling -0.01500
frame 5674 time 2837.0 unbinding_event at gene Raspberry enzyme RNAP with twist -52.95828 superhelical -0.08856 global twist -52.95828 global supercoiling -0.01508
frame 5802 time 2901.0 binding_event at gene mKalama1 enzyme RNAP with twist -52.95828 superhelical -0.01500 global twist -52.95828 global supercoiling -0.01500
frame 5829 time 2914.5 unbinding_event at gene mKalama1 enzyme RNAP with twist -52.95828 superhelical 0.62678 global twist -52.95828 global supercoiling -0.01508
frame 5894 time 2947.0 binding_event at gene tetA enzyme RNAP with twist -52.95828 superhelical -0.01500 global twist -52.95828 global supercoiling -0.01500
frame 5922 time 2961.0 binding_event at gene tetA enzyme RNAP with twist -126.41446 superhelical -0.05697 global twist -52.95828 global supercoiling -0.01508
frame 5934 time 2967.0 unbinding_event at gene tetA enzyme RNAP with twist 92.34485 superhelical -0.05747 global twist -52.95828 global supercoiling -0.01516
frame 5950 time 2975.0 binding_event at gene tetA enzyme RNAP with twist -199.15900 superhelical -0.08976 global twist -52.95828 global supercoiling -0.01508
frame 5961 time 2980.5 binding_event at gene mKalama1 enzyme RNAP with twist -194.87734 superhelical -0.10183 global twist -52.95828 global supercoiling -0.01516
frame 5962 time 2981.0 unbinding_event at gene tetA enzyme RNAP with twist 149.09984 superhelical -0.09054 global twist -52.95828 global supercoiling -0.01525
frame 5987 time 2993.5 binding_event at gene Raspberry enzyme RNAP with twist -314.97717 superhelical -0.14445 global twist -52.95828 global supercoiling -0.01516
frame 5988 time 2994.0 unbinding_event at gene mKalama1 enzyme RNAP with twist -62.40193 superhelical 0.23431 global twist -52.95828 global supercoiling -0.01525
frame 5990 time 2995.0 unbinding_event at gene tetA enzyme RNAP with twist 16.62444 superhelical -0.14573 global twist -52.95828 global supercoiling -0.01516
frame 6014 time 3007.0 unbinding_event at gene Raspberry enzyme RNAP with twist -52.95828 superhelical -0.12312 global twist -52.95828 global supercoiling -0.01508
frame 6053 time 3026.5 binding_event at DNA_topoI 46 enzyme topoI with twist -52.95828 superhelical -0.01500 global twist -52.95828 global supercoiling -0.01500
frame 6054 time 3027.0 unbinding_event at DNA_topoI 46 enzyme topoI with twist -45.17909 superhelical -0.01253 global twist -49.06869 global supercoiling -0.01419
frame 6124 time 3062.0 binding_event at DNA_gyrase 31 enzyme gyrase with twist -45.17909 superhelical -0.01280 global twist -45.17909 global supercoiling -0.01280
frame 6129 time 3064.5 unbinding_event at DNA_gyrase 31 enzyme gyrase with twist -61.33586 superhelical -0.03825 global twist -58.64306 global supercoiling -0.01696
frame 6185 time 3092.5 binding_event at DNA_topoI 23 enzyme topoI with twist -61.33586 superhelical -0.01737 global twist -61.33586 global supercoiling -0.01737
frame 6189 time 3094.5 unbinding_event at DNA_topoI 23 enzyme topoI with twist -41.88790 superhelical -0.01482 global twist -45.77749 global supercoiling -0.01324
frame 6226 time 3113.0 binding_event at gene tetA enzyme RNAP with twist -41.88790 superhelical -0.01186 global twist -41.88790 global supercoiling -0.01186
frame 6236 time 3118.0 binding_event at gene mKalama1 enzyme RNAP with twist -56.37674 superhelical -0.02974 global twist -41.88790 global supercoiling -0.01193
frame 6244 time 3122.0 binding_event at gene tetA enzyme RNAP with twist -94.37159 superhelical -0.06224 global twist -41.88790 global supercoiling -0.01199
frame 6258 time 3129.0 binding_event at DNA_gyrase 25 enzyme gyrase with twist 93.47745 superhelical 0.07657 global twist -41.88790 global supercoiling -0.01206
frame 6262 time 3131.0 unbinding_event at DNA_gyrase 25 enzyme gyrase with twist 97.96544 superhelical 0.09532 global twist -52.65908 global supercoiling -0.01548
frame 6263 time 3131.5 unbinding_event at gene mKalama1 enzyme RNAP with twist -137.74672 superhelical 0.55989 global twist -55.35187 global supercoiling -0.01594
frame 6266 time 3133.0 unbinding_event at gene tetA enzyme RNAP with twist 93.16603 superhelical -0.06303 global twist -55.35187 global supercoiling -0.01585
frame 6284 time 3142.0 binding_event at DNA_topoI 4 enzyme topoI with twist -209.55455 superhelical -0.08608 global twist -55.35187 global supercoiling -0.01576
frame 6284 time 3142.0 unbinding_event at gene tetA enzyme RNAP with twist 121.54019 superhelical -0.08883 global twist -55.35187 global supercoiling -0.01576
frame 6285 time 3142.5 binding_event at DNA_gyrase 15 enzyme gyrase with twist 121.54019 superhelical 0.08177 global twist -51.46228 global supercoiling -0.01488
frame 6286 time 3143.0 unbinding_event at DNA_gyrase 15 enzyme gyrase with twist 120.04420 superhelical 0.08758 global twist -50.26548 global supercoiling -0.01484
frame 6291 time 3145.5 unbinding_event at DNA_topoI 4 enzyme topoI with twist -29.62073 superhelical -0.08081 global twist -33.51032 global supercoiling -0.00969
frame 6348 time 3174.0 binding_event at DNA_gyrase 11 enzyme gyrase with twist -29.62073 superhelical -0.00839 global twist -29.62073 global supercoiling -0.00839
frame 6357 time 3178.5 unbinding_event at DNA_gyrase 11 enzyme gyrase with twist -56.54867 superhelical -0.01400 global twist -53.85587 global supercoiling -0.01557
frame 6378 time 3189.0 binding_event at DNA_gyrase 3 enzyme gyrase with twist -56.54867 superhelical -0.01602 global twist -56.54867 global supercoiling -0.01602
frame 6384 time 3192.0 unbinding_event at DNA_gyrase 3 enzyme gyrase with twist -75.39822 superhelical -0.02131 global twist -72.70543 global supercoiling -0.02102
frame 6449 time 3224.5 binding_event at DNA_gyrase 30 enzyme gyrase with twist -75.39822 superhelical -0.02136 global twist -75.39822 global supercoiling -0.02136
frame 6450 time 3225.0 unbinding_event at DNA_gyrase 30 enzyme gyrase with twist -80.78381 superhelical -0.03262 global twist -78.09102 global supercoiling -0.02258
frame 6491 time 3245.5 binding_event at DNA_gyrase 46 enzyme gyrase with twist -80.78381 superhelical -0.02288 global twist -80.78381 global supercoiling -0.02288
frame 6499 time 3249.5 unbinding_event at DNA_gyrase 46 enzyme gyrase with twist -105.01895 superhelical -0.03203 global twist -102.32616 global supercoiling -0.02958
frame 6504 time 3252.0 binding_event at gene mKalama1 enzyme RNAP with twist -105.01895 superhelical -0.02975 global twist -105.01895 global supercoiling -0.02975
frame 6531 time 3265.5 unbinding_event at gene mKalama1 enzyme RNAP with twist -105.01895 superhelical 0.56049 global twist -105.01895 global supercoiling -0.02991
frame 6569 time 3284.5 binding_event at DNA_topoI 47 enzyme topoI with twist -105.01895 superhelical -0.02975 global twist -105.01895 global supercoiling -0.02975
frame 6572 time 3286.0 unbinding_event at DNA_topoI 47 enzyme topoI with twist -89.46059 superhelical -0.02507 global twist -93.35018 global supercoiling -0.02699
frame 6600 time 3300.0 binding_event at gene tetA enzyme RNAP with twist -89.46059 superhelical -0.02534 global twist -89.46059 global supercoiling -0.02534
frame 6614 time 3307.0 binding_event at gene tetA enzyme RNAP with twist -93.98957 superhelical -0.04777 global twist -89.46059 global supercoiling -0.02548
frame 6629 time 3314.5 binding_event at gene tetA enzyme RNAP with twist -136.64522 superhelical -0.06882 global twist -89.46059 global supercoiling -0.02562
frame 6635 time 3317.5 binding_event at DNA_topoI 43 enzyme topoI with twist -140.80543 superhelical -0.07720 global twist -89.46059 global supercoiling -0.02576
frame 6638 time 3319.0 binding_event at DNA_gyrase 27 enzyme gyrase with twist -89.19004 superhelical -0.07543 global twist -77.79182 global supercoiling -0.02287
frame 6638 time 3319.0 unbinding_event at DNA_gyrase 27 enzyme gyrase with twist -89.93804 superhelical -0.12048 global twist -77.79182 global supercoiling -0.02287
frame 6640 time 3320.0 unbinding_event at gene tetA enzyme RNAP with twist 90.26933 superhelical -0.04824 global twist -72.70543 global supercoiling -0.02138
frame 6643 time 3321.5 unbinding_event at DNA_topoI 43 enzyme topoI with twist -140.80543 superhelical -0.06784 global twist -61.03666 global supercoiling -0.01784
frame 6654 time 3327.0 unbinding_event at gene tetA enzyme RNAP with twist 123.15267 superhelical -0.06949 global twist -57.14707 global supercoiling -0.01636
frame 6657 time 3328.5 binding_event at DNA_gyrase 17 enzyme gyrase with twist 130.33345 superhelical 0.10084 global twist -57.14707 global supercoiling -0.01627
frame 6658 time 3329.0 unbinding_event at DNA_gyrase 17 enzyme gyrase with twist 132.12865 superhelical 0.11994 global twist -59.83986 global supercoiling -0.01740
frame 6669 time 3334.5 unbinding_event at gene tetA enzyme RNAP with twist -62.53265 superhelical -0.09549 global twist -62.53265 global supercoiling -0.01781
frame 6732 time 3366.0 binding_event at gene tetA enzyme RNAP with twist -62.53265 superhelical -0.01771 global twist -62.53265 global supercoiling -0.01771
frame 6737 time 3368.5 binding_event at gene tetA enzyme RNAP with twist -48.51495 superhelical -0.02686 global twist -62.53265 global supercoiling -0.01781
frame 6746 time 3373.0 binding_event at DNA_topoI 41 enzyme topoI with twist -78.91128 superhelical -0.04202 global twist -62.53265 global supercoiling -0.01791
frame 6746 time 3373.0 unbinding_event at DNA_topoI 41 enzyme topoI with twist -78.61208 superhelical -0.04182 global twist -62.53265 global supercoiling -0.01791
frame 6772 time 3386.0 binding_event at DNA_topoI 44 enzyme topoI with twist -168.37187 superhelical -0.07181 global twist -58.64306 global supercoiling -0.01679
frame 6772 time 3386.0 unbinding_event at gene tetA enzyme RNAP with twist 113.31919 superhelical -0.02715 global twist -58.64306 global supercoiling -0.01679
frame 6777 time 3388.5 unbinding_event at gene tetA enzyme RNAP with twist 45.94499 superhelical -0.07577 global twist -39.19511 global supercoiling -0.01140
frame 6778 time 3389.0 unbinding_event at DNA_topoI 44 enzyme topoI with twist -31.41593 superhelical -0.06323 global twist -35.30552 global supercoiling -0.01021
frame 6785 time 3392.5 binding_event at DNA_gyrase 7 enzyme gyrase with twist -31.41593 superhelical -0.00890 global twist -31.41593 global supercoiling -0.00890
frame 6792 time 3396.0 unbinding_event at DNA_gyrase 7 enzyme gyrase with twist -52.95828 superhelical -0.01401 global twist -50.26548 global supercoiling -0.01453
frame 6805 time 3402.5 binding_event at DNA_topoI 4 enzyme topoI with twist -52.95828 superhelical -0.01500 global twist -52.95828 global supercoiling -0.01500
frame 6805 time 3402.5 unbinding_event at DNA_topoI 4 enzyme topoI with twist -49.06869 superhelical -0.01433 global twist -52.95828 global supercoiling -0.01500
frame 6811 time 3405.5 binding_event at DNA_gyrase 9 enzyme gyrase with twist -49.06869 superhelical -0.01390 global twist -49.06869 global supercoiling -0.01390
frame 6813 time 3406.5 unbinding_event at DNA_gyrase 9 enzyme gyrase with twist -57.14707 superhelical -0.01592 global twist -54.45427 global supercoiling -0.01574
frame 6892 time 3446.0 binding_event at DNA_topoI 38 enzyme topoI with twist -57.14707 superhelical -0.01619 global twist -57.14707 global supercoiling -0.01619
frame 6895 time 3447.5 unbinding_event at DNA_topoI 38 enzyme topoI with twist -41.58870 superhelical -0.00707 global twist -45.47829 global supercoiling -0.01315
frame 7056 time 3528.0 binding_event at DNA_gyrase 8 enzyme gyrase with twist -41.58870 superhelical -0.01178 global twist -41.58870 global supercoiling -0.01178
frame 7056 time 3528.0 unbinding_event at DNA_gyrase 8 enzyme gyrase with twist -44.28150 superhelical -0.01262 global twist -41.58870 global supercoiling -0.01178
frame 7103 time 3551.5 binding_event at gene tetA enzyme RNAP with twist -44.28150 superhelical -0.01254 global twist -44.28150 global supercoiling -0.01254
frame 7127 time 3563.5 binding_event at gene tetA enzyme RNAP with twist -107.81209 superhelical -0.05021 global twist -44.28150 global supercoiling -0.01261
frame 7143 time 3571.5 unbinding_event at gene tetA enzyme RNAP with twist 103.70822 superhelical -0.05067 global twist -44.28150 global supercoiling -0.01268
frame 7144 time 3572.0 binding_event at DNA_gyrase 21 enzyme gyrase with twist 103.70822 superhelical 0.06960 global twist -44.28150 global supercoiling -0.01261
frame 7149 time 3574.5 unbinding_event at DNA_gyrase 21 enzyme gyrase with twist 109.09381 superhelical 0.09355 global twist -57.74546 global supercoiling -0.01679
frame 7153 time 3576.5 binding_event at DNA_topoI 47 enzyme topoI with twist -180.30324 superhelical -0.08260 global twist -60.43826 global supercoiling -0.01721
frame 7167 time 3583.5 unbinding_event at gene tetA enzyme RNAP with twist 94.25090 superhelical -0.08726 global twist -5.98399 global supercoiling -0.00174
frame 7178 time 3589.0 binding_event at DNA_gyrase 22 enzyme gyrase with twist 113.69885 superhelical 0.05716 global twist 36.80151 global supercoiling 0.01064
frame 7180 time 3590.0 unbinding_event at DNA_topoI 47 enzyme topoI with twist 32.93346 superhelical -0.04835 global twist 39.19511 global supercoiling 0.01157
frame 7186 time 3593.0 unbinding_event at DNA_gyrase 22 enzyme gyrase with twist 24.23514 superhelical 0.00761 global twist 26.92794 global supercoiling 0.00779
frame 7280 time 3640.0 binding_event at DNA_gyrase 32 enzyme gyrase with twist 24.23514 superhelical 0.00686 global twist 24.23514 global supercoiling 0.00686
frame 7284 time 3642.0 unbinding_event at DNA_gyrase 32 enzyme gyrase with twist 10.77117 superhelical -0.01014 global twist 13.46397 global supercoiling 0.00389
frame 7314 time 3657.0 binding_event at DNA_gyrase 2 enzyme gyrase with twist 10.77117 superhelical 0.00305 global twist 10.77117 global supercoiling 0.00305
frame 7315 time 3657.5 unbinding_event at DNA_gyrase 2 enzyme gyrase with twist 5.38559 superhelical 0.00164 global twist 8.07838 global supercoiling 0.00234
frame 7454 time 3727.0 binding_event at DNA_topoI 46 enzyme topoI with twist 5.38559 superhelical 0.00153 global twist 5.38559 global supercoiling 0.00153
frame 7457 time 3728.5 unbinding_event at DNA_topoI 46 enzyme topoI with twist 20.94395 superhelical 0.00712 global twist 17.05436 global supercoiling 0.00493
frame 7491 time 3745.5 binding_event at DNA_gyrase 11 enzyme gyrase with twist 20.94395 superhelical 0.00593 global twist 20.94395 global supercoiling 0.00593
frame 7497 time 3748.5 unbinding_event at DNA_gyrase 11 enzyme gyrase with twist 2.09440 superhelical 0.00225 global twist 4.78719 global supercoiling 0.00138
frame 7552 time 3776.0 binding_event at DNA_gyrase 1 enzyme gyrase with twist 2.09440 superhelical 0.00059 global twist 2.09440 global supercoiling 0.00059
frame 7553 time 3776.5 unbinding_event at DNA_gyrase 1 enzyme gyrase with twist -3.29119 superhelical -0.00093 global twist -0.59840 global supercoiling -0.00017
frame 7575 time 3787.5 binding_event at gene tetA enzyme RNAP with twist -3.29119 superhelical -0.00093 global twist -3.29119 global supercoiling -0.00093
frame 7587 time 3793.5 binding_event at DNA_gyrase 8 enzyme gyrase with twist 41.40209 superhelical 0.02621 global twist -3.29119 global supercoiling -0.00094
frame 7587 time 3793.5 unbinding_event at DNA_gyrase 8 enzyme gyrase with twist 42.29968 superhelical 0.03687 global twist -3.29119 global supercoiling -0.00094
frame 7598 time 3799.0 binding_event at DNA_gyrase 20 enzyme gyrase with twist 78.20360 superhelical 0.05657 global twist -5.98399 global supercoiling -0.00170
frame 7599 time 3799.5 unbinding_event at DNA_gyrase 20 enzyme gyrase with twist 79.99880 superhelical 0.06675 global twist -8.67678 global supercoiling -0.00252
frame 7615 time 3807.5 unbinding_event at gene tetA enzyme RNAP with twist -11.36957 superhelical -0.06069 global twist -11.36957 global supercoiling -0.00324
frame 7651 time 3825.5 binding_event at DNA_gyrase 27 enzyme gyrase with twist -11.36957 superhelical -0.00322 global twist -11.36957 global supercoiling -0.00322
frame 7653 time 3826.5 unbinding_event at DNA_gyrase 27 enzyme gyrase with twist -19.44795 superhelical -0.12382 global twist -16.75516 global supercoiling -0.00484
frame 7668 time 3834.0 binding_event at gene Raspberry enzyme RNAP with twist -19.44795 superhelical -0.00551 global twist -19.44795 global supercoiling -0.00551
frame 7674 time 3837.0 binding_event at gene tetA enzyme RNAP with twist 6.31674 superhelical 0.00239 global twist -19.44795 global supercoiling -0.00554
frame 7678 time 3839.0 binding_event at DNA_gyrase 29 enzyme gyrase with twist -40.12626 superhelical -0.04260 global twist -19.44795 global supercoiling -0.00557
frame 7685 time 3842.5 unbinding_event at DNA_gyrase 29 enzyme gyrase with twist -90.39174 superhelical -0.10693 global twist -38.29751 global supercoiling -0.01120
frame 7695 time 3847.5 unbinding_event at gene Raspberry enzyme RNAP with twist -124.30348 superhelical -0.09984 global twist -40.99030 global supercoiling -0.01174
frame 7697 time 3848.5 binding_event at gene tetA enzyme RNAP with twist -127.89387 superhelical -0.06007 global twist -40.99030 global supercoiling -0.01167
frame 7705 time 3852.5 binding_event at DNA_topoI 49 enzyme topoI with twist -132.75025 superhelical -0.07138 global twist -40.99030 global supercoiling -0.01174
frame 7707 time 3853.5 unbinding_event at DNA_topoI 49 enzyme topoI with twist -131.85265 superhelical -0.07063 global twist -33.21112 global supercoiling -0.00971
frame 7714 time 3857.0 unbinding_event at gene tetA enzyme RNAP with twist 127.66386 superhelical -0.06061 global twist -29.32153 global supercoiling -0.00840
frame 7730 time 3865.0 binding_event at gene Raspberry enzyme RNAP with twist -210.84127 superhelical -0.09133 global twist -29.32153 global supercoiling -0.00835
frame 7737 time 3868.5 unbinding_event at gene tetA enzyme RNAP with twist 69.60855 superhelical -0.09209 global twist -29.32153 global supercoiling -0.00840
frame 7750 time 3875.0 binding_event at DNA_gyrase 21 enzyme gyrase with twist 112.69325 superhelical 0.04715 global twist -29.32153 global supercoiling -0.00835
frame 7757 time 3878.5 unbinding_event at gene Raspberry enzyme RNAP with twist -53.00850 superhelical -0.13497 global twist -48.17109 global supercoiling -0.01400
frame 7758 time 3879.0 unbinding_event at DNA_gyrase 21 enzyme gyrase with twist -53.55667 superhelical -0.01702 global twist -50.86388 global supercoiling -0.01471
frame 7776 time 3888.0 binding_event at DNA_gyrase 24 enzyme gyrase with twist -53.55667 superhelical -0.01517 global twist -53.55667 global supercoiling -0.01517
frame 7777 time 3888.5 unbinding_event at DNA_gyrase 24 enzyme gyrase with twist -58.94226 superhelical -0.01627 global twist -56.24947 global supercoiling -0.01626
frame 7826 time 3913.0 binding_event at gene tetA enzyme RNAP with twist -58.94226 superhelical -0.01669 global twist -58.94226 global supercoiling -0.01669
frame 7843 time 3921.5 binding_event at gene tetA enzyme RNAP with twist -89.84484 superhelical -0.04445 global twist -58.94226 global supercoiling -0.01679
frame 7866 time 3933.0 unbinding_event at gene tetA enzyme RNAP with twist 104.23700 superhelical -0.04487 global twist -58.94226 global supercoiling -0.01688
frame 7875 time 3937.5 binding_event at DNA_topoI 0 enzyme topoI with twist -191.90239 superhelical -0.08378 global twist -58.94226 global supercoiling -0.01679
frame 7880 time 3940.0 binding_event at DNA_topoI 4 enzyme topoI with twist -54.39220 superhelical -0.08723 global twist -39.49431 global supercoiling -0.01148
frame 7880 time 3940.0 unbinding_event at DNA_topoI 0 enzyme topoI with twist -151.41754 superhelical -0.07956 global twist -39.49431 global supercoiling -0.01148
frame 7883 time 3941.5 unbinding_event at gene tetA enzyme RNAP with twist 125.53680 superhelical -0.09737 global twist -23.93594 global supercoiling -0.00696
frame 7899 time 3949.5 unbinding_event at DNA_topoI 4 enzyme topoI with twist 42.18710 superhelical -0.05804 global twist 38.29751 global supercoiling 0.01107
