TORCphysics log file 

General information: 
---------------------------------------------------------------------------------------
Circuit name: Pleu500_20
Size: 6000
Structure: circle
Number of sites: 110
Number of frames: 8000
Simulation time: 4000.0
Simulation timestep: 0.5
Seed: 8756976094371224243
 
Overall simulation information 
---------------------------------------------------------------------------------------
Initial twist: -211.83310
Final twist: -78.54252
Initial superhelical density: -0.06000
Final superhelical density: -0.02225
 
Overall rates 
---------------------------------------------------------------------------------------
site type            site name            #binding events      #unbinding events    binding rates        
 DNA_topoI            DNA_topoI_global                     51.0                 51.0               0.01275 
DNA_gyrase           DNA_gyrase_global                    70.0                 70.0                0.0175 
EXT                  EXT                                   0.0                  0.0                   0.0 
gene                 tetA                                 78.0                 78.0                0.0195 
gene                 CDS                                   1.0                  1.0               0.00025 
origin               ori                                   0.0                  0.0                   0.0 
lacOP                lac1                                  0.0                  0.0                   0.0 
gene                 mKalama1                             10.0                 10.0                0.0025 
lacOP                lac2                                  0.0                  0.0                   0.0 
gene                 Raspberry                             9.0                  9.0               0.00225 
 
Events
---------------------------------------------------------------------------------------
frame 1 time 0.5 binding_event at gene tetA enzyme RNAP with twist -211.83310 superhelical -0.06000 global twist -211.83310 global supercoiling -0.06000
frame 13 time 6.5 binding_event at gene tetA enzyme RNAP with twist -146.61867 superhelical -0.07590 global twist -211.83310 global supercoiling -0.06033
frame 35 time 17.5 binding_event at gene tetA enzyme RNAP with twist -210.56006 superhelical -0.09974 global twist -211.83310 global supercoiling -0.06066
frame 41 time 20.5 unbinding_event at gene tetA enzyme RNAP with twist 23.85970 superhelical -0.07666 global twist -211.83310 global supercoiling -0.06099
frame 47 time 23.5 binding_event at gene mKalama1 enzyme RNAP with twist -215.82104 superhelical -0.11173 global twist -211.83310 global supercoiling -0.06066
frame 48 time 24.0 binding_event at gene Raspberry enzyme RNAP with twist -149.93600 superhelical -0.11525 global twist -211.83310 global supercoiling -0.06099
frame 53 time 26.5 unbinding_event at gene tetA enzyme RNAP with twist 29.12068 superhelical -0.10065 global twist -211.83310 global supercoiling -0.06133
frame 64 time 32.0 binding_event at DNA_gyrase 12 enzyme gyrase with twist 65.02460 superhelical 0.05102 global twist -211.83310 global supercoiling -0.06099
frame 70 time 35.0 binding_event at DNA_topoI 48 enzyme topoI with twist -136.63636 superhelical -0.11698 global twist -227.98987 global supercoiling -0.06703
frame 72 time 36.0 unbinding_event at DNA_gyrase 12 enzyme gyrase with twist 73.10298 superhelical 0.27789 global twist -225.59627 global supercoiling -0.06776
frame 74 time 37.0 unbinding_event at gene mKalama1 enzyme RNAP with twist -179.71565 superhelical 0.18966 global twist -220.50988 global supercoiling -0.06483
frame 75 time 37.5 unbinding_event at gene tetA enzyme RNAP with twist -17.14005 superhelical -0.12040 global twist -216.62029 global supercoiling -0.06333
frame 75 time 37.5 unbinding_event at gene Raspberry enzyme RNAP with twist -195.59065 superhelical -0.14490 global twist -216.62029 global supercoiling -0.06333
frame 78 time 39.0 binding_event at gene mKalama1 enzyme RNAP with twist -191.70106 superhelical -0.12436 global twist -204.95152 global supercoiling -0.05926
frame 80 time 40.0 binding_event at DNA_topoI 43 enzyme topoI with twist -113.45902 superhelical -0.12458 global twist -197.17234 global supercoiling -0.05732
frame 80 time 40.0 unbinding_event at DNA_topoI 48 enzyme topoI with twist -42.37123 superhelical -0.12170 global twist -197.17234 global supercoiling -0.05732
frame 83 time 41.5 unbinding_event at DNA_topoI 43 enzyme topoI with twist -117.73350 superhelical -0.13022 global twist -181.61398 global supercoiling -0.05280
frame 105 time 52.5 unbinding_event at gene mKalama1 enzyme RNAP with twist -177.72438 superhelical 0.13119 global twist -177.72438 global supercoiling -0.05061
frame 117 time 58.5 binding_event at DNA_topoI 5 enzyme topoI with twist -177.72438 superhelical -0.05034 global twist -177.72438 global supercoiling -0.05034
frame 119 time 59.5 unbinding_event at DNA_topoI 5 enzyme topoI with twist -166.05561 superhelical -0.04853 global twist -169.94520 global supercoiling -0.04913
frame 140 time 70.0 binding_event at DNA_topoI 42 enzyme topoI with twist -166.05561 superhelical -0.04703 global twist -166.05561 global supercoiling -0.04703
frame 141 time 70.5 unbinding_event at DNA_topoI 42 enzyme topoI with twist -158.27643 superhelical -0.04451 global twist -162.16602 global supercoiling -0.04689
frame 157 time 78.5 binding_event at gene tetA enzyme RNAP with twist -158.27643 superhelical -0.04483 global twist -158.27643 global supercoiling -0.04483
frame 174 time 87.0 binding_event at gene tetA enzyme RNAP with twist -138.39467 superhelical -0.06847 global twist -158.27643 global supercoiling -0.04507
frame 183 time 91.5 binding_event at DNA_topoI 3 enzyme topoI with twist -19.77067 superhelical -0.06912 global twist -158.27643 global supercoiling -0.04532
frame 183 time 91.5 unbinding_event at DNA_topoI 3 enzyme topoI with twist -15.88108 superhelical 0.36234 global twist -158.27643 global supercoiling -0.04532
frame 197 time 98.5 unbinding_event at gene tetA enzyme RNAP with twist 50.40656 superhelical -0.05552 global twist -154.38684 global supercoiling -0.04421
frame 203 time 101.5 binding_event at DNA_topoI 27 enzyme topoI with twist -222.74536 superhelical -0.09958 global twist -154.38684 global supercoiling -0.04397
frame 206 time 103.0 unbinding_event at DNA_topoI 27 enzyme topoI with twist -221.54856 superhelical 0.12926 global twist -142.71807 global supercoiling -0.04149
frame 213 time 106.5 binding_event at DNA_topoI 33 enzyme topoI with twist -243.09091 superhelical -0.10060 global twist -138.82848 global supercoiling -0.03954
frame 214 time 107.0 unbinding_event at gene tetA enzyme RNAP with twist -86.79224 superhelical -0.10346 global twist -134.93888 global supercoiling -0.03923
frame 217 time 108.5 unbinding_event at DNA_topoI 33 enzyme topoI with twist -119.38052 superhelical -0.08274 global twist -123.27011 global supercoiling -0.03564
frame 222 time 111.0 binding_event at gene tetA enzyme RNAP with twist -119.38052 superhelical -0.03381 global twist -119.38052 global supercoiling -0.03381
frame 243 time 121.5 binding_event at DNA_topoI 33 enzyme topoI with twist -133.74576 superhelical -0.06390 global twist -119.38052 global supercoiling -0.03400
frame 250 time 125.0 binding_event at gene tetA enzyme RNAP with twist -114.54062 superhelical -0.06807 global twist -92.15338 global supercoiling -0.02679
frame 250 time 125.0 unbinding_event at DNA_topoI 33 enzyme topoI with twist -98.06122 superhelical -0.03266 global twist -92.15338 global supercoiling -0.02679
frame 262 time 131.0 unbinding_event at gene tetA enzyme RNAP with twist 52.88213 superhelical -0.06885 global twist -88.26379 global supercoiling -0.02527
frame 263 time 131.5 binding_event at gene tetA enzyme RNAP with twist 52.88213 superhelical 0.02712 global twist -88.26379 global supercoiling -0.02514
frame 276 time 138.0 binding_event at gene tetA enzyme RNAP with twist 0.33853 superhelical 0.00017 global twist 105.76425 global supercoiling 0.03029
frame 290 time 145.0 unbinding_event at gene tetA enzyme RNAP with twist 159.28160 superhelical 0.02739 global twist 105.76425 global supercoiling 0.03045
frame 303 time 151.5 unbinding_event at gene tetA enzyme RNAP with twist 205.99426 superhelical 0.00018 global twist 105.76425 global supercoiling 0.03029
frame 316 time 158.0 unbinding_event at gene tetA enzyme RNAP with twist 105.76425 superhelical -0.05991 global twist 105.76425 global supercoiling 0.03012
frame 325 time 162.5 binding_event at DNA_gyrase 27 enzyme gyrase with twist 105.76425 superhelical 0.02996 global twist 105.76425 global supercoiling 0.02996
frame 327 time 163.5 binding_event at gene tetA enzyme RNAP with twist 102.04675 superhelical 0.02979 global twist 100.37866 global supercoiling 0.02902
frame 329 time 164.5 unbinding_event at DNA_gyrase 27 enzyme gyrase with twist 27.74480 superhelical -0.17031 global twist 94.99308 global supercoiling 0.02762
frame 354 time 177.0 binding_event at DNA_gyrase 22 enzyme gyrase with twist 150.72488 superhelical 0.11501 global twist 92.30028 global supercoiling 0.02629
frame 356 time 178.0 unbinding_event at DNA_gyrase 22 enzyme gyrase with twist 153.41767 superhelical 0.13509 global twist 86.91470 global supercoiling 0.02527
frame 367 time 183.5 unbinding_event at gene tetA enzyme RNAP with twist 84.22190 superhelical -0.04432 global twist 84.22190 global supercoiling 0.02399
frame 493 time 246.5 binding_event at DNA_gyrase 49 enzyme gyrase with twist 84.22190 superhelical 0.02386 global twist 84.22190 global supercoiling 0.02386
frame 506 time 253.0 unbinding_event at DNA_gyrase 49 enzyme gyrase with twist 46.52279 superhelical 0.01267 global twist 49.21558 global supercoiling 0.01423
frame 565 time 282.5 binding_event at DNA_gyrase 33 enzyme gyrase with twist 46.52279 superhelical 0.01318 global twist 46.52279 global supercoiling 0.01318
frame 565 time 282.5 unbinding_event at DNA_gyrase 33 enzyme gyrase with twist 43.83000 superhelical 0.01055 global twist 46.52279 global supercoiling 0.01318
frame 583 time 291.5 binding_event at gene tetA enzyme RNAP with twist 43.83000 superhelical 0.01241 global twist 43.83000 global supercoiling 0.01241
frame 597 time 298.5 binding_event at DNA_gyrase 39 enzyme gyrase with twist -28.84346 superhelical -0.01466 global twist 43.83000 global supercoiling 0.01248
frame 620 time 310.0 unbinding_event at DNA_gyrase 39 enzyme gyrase with twist -179.63991 superhelical -0.05131 global twist -18.10426 global supercoiling -0.00526
frame 623 time 311.5 unbinding_event at gene tetA enzyme RNAP with twist -20.79705 superhelical -0.07765 global twist -20.79705 global supercoiling -0.00592
frame 710 time 355.0 binding_event at DNA_gyrase 26 enzyme gyrase with twist -20.79705 superhelical -0.00589 global twist -20.79705 global supercoiling -0.00589
frame 714 time 357.0 unbinding_event at DNA_gyrase 26 enzyme gyrase with twist -34.26102 superhelical -0.18166 global twist -31.56823 global supercoiling -0.00913
frame 818 time 409.0 binding_event at DNA_gyrase 14 enzyme gyrase with twist -34.26102 superhelical -0.00970 global twist -34.26102 global supercoiling -0.00970
frame 818 time 409.0 unbinding_event at DNA_gyrase 14 enzyme gyrase with twist -36.95382 superhelical -0.01041 global twist -34.26102 global supercoiling -0.00970
frame 843 time 421.5 binding_event at DNA_gyrase 16 enzyme gyrase with twist -36.95382 superhelical -0.01047 global twist -36.95382 global supercoiling -0.01047
frame 843 time 421.5 unbinding_event at DNA_gyrase 16 enzyme gyrase with twist -39.64661 superhelical -0.01116 global twist -36.95382 global supercoiling -0.01047
frame 921 time 460.5 binding_event at gene mKalama1 enzyme RNAP with twist -39.64661 superhelical -0.01123 global twist -39.64661 global supercoiling -0.01123
frame 948 time 474.0 unbinding_event at gene mKalama1 enzyme RNAP with twist -39.64661 superhelical 0.64373 global twist -39.64661 global supercoiling -0.01129
frame 1055 time 527.5 binding_event at gene tetA enzyme RNAP with twist -39.64661 superhelical -0.01123 global twist -39.64661 global supercoiling -0.01123
frame 1095 time 547.5 unbinding_event at gene tetA enzyme RNAP with twist -39.64661 superhelical -0.06793 global twist -39.64661 global supercoiling -0.01129
frame 1110 time 555.0 binding_event at DNA_topoI 5 enzyme topoI with twist -39.64661 superhelical -0.01123 global twist -39.64661 global supercoiling -0.01123
frame 1117 time 558.5 binding_event at gene tetA enzyme RNAP with twist -9.81771 superhelical -0.00480 global twist -12.41947 global supercoiling -0.00359
frame 1119 time 559.5 unbinding_event at DNA_topoI 5 enzyme topoI with twist 18.34116 superhelical 0.05927 global twist -4.64029 global supercoiling -0.00135
frame 1146 time 573.0 binding_event at gene tetA enzyme RNAP with twist -112.44204 superhelical -0.05027 global twist -0.75070 global supercoiling -0.00021
frame 1157 time 578.5 unbinding_event at gene tetA enzyme RNAP with twist 129.35067 superhelical -0.05070 global twist -0.75070 global supercoiling -0.00021
frame 1175 time 587.5 binding_event at gene tetA enzyme RNAP with twist -191.13803 superhelical -0.08545 global twist -0.75070 global supercoiling -0.00021
frame 1186 time 593.0 binding_event at gene tetA enzyme RNAP with twist -187.41224 superhelical -0.09793 global twist -0.75070 global supercoiling -0.00021
frame 1186 time 593.0 unbinding_event at gene tetA enzyme RNAP with twist 190.25193 superhelical -0.08619 global twist -0.75070 global supercoiling -0.00021
frame 1198 time 599.0 binding_event at DNA_topoI 36 enzyme topoI with twist -212.85675 superhelical -0.11020 global twist -0.75070 global supercoiling -0.00021
frame 1202 time 601.0 unbinding_event at DNA_topoI 36 enzyme topoI with twist -211.36075 superhelical -0.10015 global twist 14.80766 global supercoiling 0.00433
frame 1215 time 607.5 unbinding_event at gene tetA enzyme RNAP with twist 276.73310 superhelical -0.09892 global twist 18.69725 global supercoiling 0.00535
frame 1226 time 613.0 unbinding_event at gene tetA enzyme RNAP with twist 18.69725 superhelical -0.12133 global twist 18.69725 global supercoiling 0.00532
frame 1260 time 630.0 binding_event at DNA_gyrase 21 enzyme gyrase with twist 18.69725 superhelical 0.00530 global twist 18.69725 global supercoiling 0.00530
frame 1262 time 631.0 unbinding_event at DNA_gyrase 21 enzyme gyrase with twist 10.61887 superhelical 0.00414 global twist 13.31167 global supercoiling 0.00385
frame 1276 time 638.0 binding_event at gene tetA enzyme RNAP with twist 10.61887 superhelical 0.00301 global twist 10.61887 global supercoiling 0.00301
frame 1306 time 653.0 binding_event at gene tetA enzyme RNAP with twist -102.52175 superhelical -0.04547 global twist 10.61887 global supercoiling 0.00302
frame 1316 time 658.0 unbinding_event at gene tetA enzyme RNAP with twist 128.81564 superhelical -0.04586 global twist 10.61887 global supercoiling 0.00304
frame 1339 time 669.5 binding_event at DNA_topoI 2 enzyme topoI with twist -197.18538 superhelical -0.08541 global twist 10.61887 global supercoiling 0.00302
frame 1340 time 670.0 unbinding_event at DNA_topoI 2 enzyme topoI with twist -196.58698 superhelical -0.08603 global twist 14.50846 global supercoiling 0.00422
frame 1346 time 673.0 unbinding_event at gene tetA enzyme RNAP with twist 18.39806 superhelical -0.08895 global twist 18.39806 global supercoiling 0.00524
frame 1363 time 681.5 binding_event at gene tetA enzyme RNAP with twist 18.39806 superhelical 0.00521 global twist 18.39806 global supercoiling 0.00521
frame 1379 time 689.5 binding_event at gene tetA enzyme RNAP with twist -48.45417 superhelical -0.02419 global twist 18.39806 global supercoiling 0.00524
frame 1403 time 701.5 unbinding_event at gene tetA enzyme RNAP with twist 150.06573 superhelical -0.02442 global twist 18.39806 global supercoiling 0.00527
frame 1413 time 706.5 binding_event at DNA_topoI 42 enzyme topoI with twist -163.98120 superhelical -0.07048 global twist 18.39806 global supercoiling 0.00524
frame 1414 time 707.0 unbinding_event at DNA_topoI 42 enzyme topoI with twist -163.38280 superhelical -0.06922 global twist 22.28765 global supercoiling 0.00648
frame 1419 time 709.5 unbinding_event at gene tetA enzyme RNAP with twist 26.17724 superhelical -0.07395 global twist 26.17724 global supercoiling 0.00745
frame 1440 time 720.0 binding_event at DNA_gyrase 11 enzyme gyrase with twist 26.17724 superhelical 0.00741 global twist 26.17724 global supercoiling 0.00741
frame 1456 time 728.0 unbinding_event at DNA_gyrase 11 enzyme gyrase with twist -19.60026 superhelical -0.00168 global twist -16.90746 global supercoiling -0.00489
frame 1474 time 737.0 binding_event at DNA_gyrase 38 enzyme gyrase with twist -19.60026 superhelical -0.00555 global twist -19.60026 global supercoiling -0.00555
frame 1475 time 737.5 binding_event at gene tetA enzyme RNAP with twist -16.28057 superhelical -0.00618 global twist -22.29305 global supercoiling -0.00645
frame 1475 time 737.5 unbinding_event at DNA_gyrase 38 enzyme gyrase with twist -17.40475 superhelical -0.00894 global twist -22.29305 global supercoiling -0.00645
frame 1485 time 742.5 binding_event at gene tetA enzyme RNAP with twist -49.71828 superhelical -0.02623 global twist -24.98584 global supercoiling -0.00712
frame 1513 time 756.5 binding_event at DNA_topoI 37 enzyme topoI with twist -146.00036 superhelical -0.06580 global twist -24.98584 global supercoiling -0.00715
frame 1515 time 757.5 unbinding_event at gene tetA enzyme RNAP with twist 131.78569 superhelical -0.02649 global twist -17.20666 global supercoiling -0.00503
frame 1518 time 759.0 unbinding_event at DNA_topoI 37 enzyme topoI with twist -144.20516 superhelical -0.05247 global twist -5.53789 global supercoiling -0.00161
frame 1525 time 762.5 unbinding_event at gene tetA enzyme RNAP with twist -1.64830 superhelical -0.06905 global twist -1.64830 global supercoiling -0.00047
frame 1559 time 779.5 binding_event at DNA_gyrase 34 enzyme gyrase with twist -1.64830 superhelical -0.00047 global twist -1.64830 global supercoiling -0.00047
frame 1568 time 784.0 unbinding_event at DNA_gyrase 34 enzyme gyrase with twist -28.57623 superhelical -0.02559 global twist -25.88344 global supercoiling -0.00748
frame 1579 time 789.5 binding_event at DNA_gyrase 42 enzyme gyrase with twist -28.57623 superhelical -0.00809 global twist -28.57623 global supercoiling -0.00809
frame 1579 time 789.5 unbinding_event at DNA_gyrase 42 enzyme gyrase with twist -31.26903 superhelical -0.00947 global twist -28.57623 global supercoiling -0.00809
frame 1613 time 806.5 binding_event at gene tetA enzyme RNAP with twist -31.26903 superhelical -0.00886 global twist -31.26903 global supercoiling -0.00886
frame 1627 time 813.5 binding_event at DNA_gyrase 9 enzyme gyrase with twist 34.27927 superhelical 0.02220 global twist -31.26903 global supercoiling -0.00890
frame 1627 time 813.5 unbinding_event at DNA_gyrase 9 enzyme gyrase with twist 35.17687 superhelical 0.03143 global twist -31.26903 global supercoiling -0.00890
frame 1653 time 826.5 unbinding_event at gene tetA enzyme RNAP with twist -33.96182 superhelical -0.06626 global twist -33.96182 global supercoiling -0.00967
frame 1696 time 848.0 binding_event at DNA_gyrase 20 enzyme gyrase with twist -33.96182 superhelical -0.00962 global twist -33.96182 global supercoiling -0.00962
frame 1699 time 849.5 unbinding_event at DNA_gyrase 20 enzyme gyrase with twist -44.73300 superhelical -0.01154 global twist -42.04020 global supercoiling -0.01215
frame 1718 time 859.0 binding_event at gene tetA enzyme RNAP with twist -44.73300 superhelical -0.01267 global twist -44.73300 global supercoiling -0.01267
frame 1748 time 874.0 binding_event at DNA_topoI 31 enzyme topoI with twist -129.57511 superhelical -0.05747 global twist -44.73300 global supercoiling -0.01274
frame 1748 time 874.0 unbinding_event at DNA_topoI 31 enzyme topoI with twist -129.27592 superhelical -0.05329 global twist -44.73300 global supercoiling -0.01274
frame 1758 time 879.0 unbinding_event at gene tetA enzyme RNAP with twist -40.84341 superhelical -0.06736 global twist -40.84341 global supercoiling -0.01163
frame 1762 time 881.0 binding_event at gene tetA enzyme RNAP with twist -40.84341 superhelical -0.01157 global twist -40.84341 global supercoiling -0.01157
frame 1784 time 892.0 binding_event at DNA_gyrase 24 enzyme gyrase with twist 58.10753 superhelical 0.04150 global twist -40.84341 global supercoiling -0.01163
frame 1787 time 893.5 unbinding_event at DNA_gyrase 24 enzyme gyrase with twist 61.69792 superhelical 0.05379 global twist -48.92179 global supercoiling -0.01422
frame 1802 time 901.0 unbinding_event at gene tetA enzyme RNAP with twist -51.61458 superhelical -0.06817 global twist -51.61458 global supercoiling -0.01470
frame 1890 time 945.0 binding_event at DNA_gyrase 34 enzyme gyrase with twist -51.61458 superhelical -0.01462 global twist -51.61458 global supercoiling -0.01462
frame 1897 time 948.5 unbinding_event at DNA_gyrase 34 enzyme gyrase with twist -73.15693 superhelical -0.03501 global twist -70.46414 global supercoiling -0.02037
frame 2192 time 1096.0 binding_event at gene tetA enzyme RNAP with twist -73.15693 superhelical -0.02072 global twist -73.15693 global supercoiling -0.02072
frame 2208 time 1104.0 binding_event at DNA_topoI 31 enzyme topoI with twist -93.20190 superhelical -0.04652 global twist -73.15693 global supercoiling -0.02083
frame 2211 time 1105.5 unbinding_event at DNA_topoI 31 enzyme topoI with twist -92.00511 superhelical -0.02400 global twist -61.48816 global supercoiling -0.01788
frame 2229 time 1114.5 binding_event at DNA_topoI 43 enzyme topoI with twist -153.04176 superhelical -0.06429 global twist -57.59857 global supercoiling -0.01640
frame 2230 time 1115.0 unbinding_event at DNA_topoI 43 enzyme topoI with twist -152.44336 superhelical -0.06300 global twist -53.70898 global supercoiling -0.01561
frame 2232 time 1116.0 unbinding_event at gene tetA enzyme RNAP with twist -49.81939 superhelical -0.06509 global twist -49.81939 global supercoiling -0.01419
frame 2282 time 1141.0 binding_event at gene Raspberry enzyme RNAP with twist -49.81939 superhelical -0.01411 global twist -49.81939 global supercoiling -0.01411
frame 2309 time 1154.5 unbinding_event at gene Raspberry enzyme RNAP with twist -49.81939 superhelical -0.08802 global twist -49.81939 global supercoiling -0.01419
frame 2422 time 1211.0 binding_event at DNA_topoI 31 enzyme topoI with twist -49.81939 superhelical -0.01411 global twist -49.81939 global supercoiling -0.01411
frame 2422 time 1211.0 unbinding_event at DNA_topoI 31 enzyme topoI with twist -45.92979 superhelical -0.00834 global twist -49.81939 global supercoiling -0.01411
frame 2434 time 1217.0 binding_event at DNA_gyrase 16 enzyme gyrase with twist -45.92979 superhelical -0.01301 global twist -45.92979 global supercoiling -0.01301
frame 2437 time 1218.5 unbinding_event at DNA_gyrase 16 enzyme gyrase with twist -56.70097 superhelical -0.01518 global twist -54.00818 global supercoiling -0.01561
frame 2445 time 1222.5 binding_event at gene tetA enzyme RNAP with twist -56.70097 superhelical -0.01606 global twist -56.70097 global supercoiling -0.01606
frame 2448 time 1224.0 binding_event at DNA_gyrase 22 enzyme gyrase with twist -18.21705 superhelical -0.01046 global twist -56.70097 global supercoiling -0.01615
frame 2450 time 1225.0 binding_event at gene CDS enzyme RNAP with twist -11.61353 superhelical -0.00807 global twist -62.08656 global supercoiling -0.01805
frame 2455 time 1227.5 binding_event at DNA_topoI 13 enzyme topoI with twist -8.05707 superhelical -0.00818 global twist -75.55052 global supercoiling -0.02209
frame 2456 time 1228.0 unbinding_event at DNA_gyrase 22 enzyme gyrase with twist -2.08160 superhelical 0.03928 global twist -74.35373 global supercoiling -0.02220
frame 2457 time 1228.5 unbinding_event at gene CDS enzyme RNAP with twist -5.28001 superhelical -0.02573 global twist -73.15693 global supercoiling -0.02139
frame 2463 time 1231.5 unbinding_event at DNA_topoI 13 enzyme topoI with twist 50.00039 superhelical 0.08044 global twist -49.81939 global supercoiling -0.01448
frame 2485 time 1242.5 unbinding_event at gene tetA enzyme RNAP with twist -45.92979 superhelical -0.07133 global twist -45.92979 global supercoiling -0.01308
frame 2517 time 1258.5 binding_event at gene tetA enzyme RNAP with twist -45.92979 superhelical -0.01301 global twist -45.92979 global supercoiling -0.01301
frame 2535 time 1267.5 binding_event at DNA_topoI 31 enzyme topoI with twist -87.07535 superhelical -0.04270 global twist -45.92979 global supercoiling -0.01308
frame 2538 time 1269.0 unbinding_event at DNA_topoI 31 enzyme topoI with twist -85.87856 superhelical -0.02000 global twist -34.26102 global supercoiling -0.00996
frame 2548 time 1274.0 binding_event at gene tetA enzyme RNAP with twist -118.19208 superhelical -0.05200 global twist -30.37143 global supercoiling -0.00865
frame 2557 time 1278.5 unbinding_event at gene tetA enzyme RNAP with twist 95.54175 superhelical -0.05245 global twist -30.37143 global supercoiling -0.00870
frame 2588 time 1294.0 unbinding_event at gene tetA enzyme RNAP with twist -30.37143 superhelical -0.09673 global twist -30.37143 global supercoiling -0.00865
frame 2648 time 1324.0 binding_event at gene tetA enzyme RNAP with twist -30.37143 superhelical -0.00860 global twist -30.37143 global supercoiling -0.00860
frame 2666 time 1333.0 binding_event at gene tetA enzyme RNAP with twist -79.47116 superhelical -0.03897 global twist -30.37143 global supercoiling -0.00865
frame 2688 time 1344.0 unbinding_event at gene tetA enzyme RNAP with twist 119.72040 superhelical -0.03934 global twist -30.37143 global supercoiling -0.00870
frame 2698 time 1349.0 binding_event at DNA_gyrase 48 enzyme gyrase with twist -182.40536 superhelical -0.07963 global twist -30.37143 global supercoiling -0.00865
frame 2699 time 1349.5 unbinding_event at DNA_gyrase 48 enzyme gyrase with twist -194.97173 superhelical -0.08395 global twist -33.06422 global supercoiling -0.00961
frame 2706 time 1353.0 unbinding_event at gene tetA enzyme RNAP with twist -35.75702 superhelical -0.08976 global twist -35.75702 global supercoiling -0.01018
frame 2709 time 1354.5 binding_event at DNA_gyrase 20 enzyme gyrase with twist -35.75702 superhelical -0.01013 global twist -35.75702 global supercoiling -0.01013
frame 2713 time 1356.5 unbinding_event at DNA_gyrase 20 enzyme gyrase with twist -49.22099 superhelical -0.01249 global twist -46.52819 global supercoiling -0.01345
frame 2755 time 1377.5 binding_event at gene tetA enzyme RNAP with twist -49.22099 superhelical -0.01394 global twist -49.22099 global supercoiling -0.01394
frame 2762 time 1381.0 binding_event at gene tetA enzyme RNAP with twist -49.18962 superhelical -0.02671 global twist -49.22099 global supercoiling -0.01402
frame 2795 time 1397.5 unbinding_event at gene tetA enzyme RNAP with twist 119.16744 superhelical -0.02699 global twist -49.22099 global supercoiling -0.01409
frame 2802 time 1401.0 unbinding_event at gene tetA enzyme RNAP with twist -49.22099 superhelical -0.07892 global twist -49.22099 global supercoiling -0.01402
frame 2817 time 1408.5 binding_event at DNA_gyrase 47 enzyme gyrase with twist -49.22099 superhelical -0.01394 global twist -49.22099 global supercoiling -0.01394
frame 2819 time 1409.5 unbinding_event at DNA_gyrase 47 enzyme gyrase with twist -57.29937 superhelical -0.01698 global twist -54.60657 global supercoiling -0.01579
frame 2866 time 1433.0 binding_event at gene tetA enzyme RNAP with twist -57.29937 superhelical -0.01623 global twist -57.29937 global supercoiling -0.01623
frame 2881 time 1440.5 binding_event at gene tetA enzyme RNAP with twist -81.86109 superhelical -0.04123 global twist -57.29937 global supercoiling -0.01632
frame 2882 time 1441.0 binding_event at DNA_gyrase 15 enzyme gyrase with twist 28.15211 superhelical 0.01867 global twist -57.29937 global supercoiling -0.01641
frame 2882 time 1441.0 unbinding_event at DNA_gyrase 15 enzyme gyrase with twist 29.04971 superhelical 0.02320 global twist -57.29937 global supercoiling -0.01641
frame 2901 time 1450.5 binding_event at DNA_topoI 42 enzyme topoI with twist -143.25567 superhelical -0.06903 global twist -59.99216 global supercoiling -0.01718
frame 2906 time 1453.0 unbinding_event at gene tetA enzyme RNAP with twist 104.80586 superhelical -0.04163 global twist -40.54421 global supercoiling -0.01185
frame 2911 time 1455.5 unbinding_event at DNA_topoI 42 enzyme topoI with twist -139.96448 superhelical -0.05224 global twist -21.09625 global supercoiling -0.00613
frame 2914 time 1457.0 binding_event at DNA_gyrase 18 enzyme gyrase with twist 129.93860 superhelical 0.10803 global twist -17.20666 global supercoiling -0.00490
frame 2919 time 1459.5 unbinding_event at DNA_gyrase 18 enzyme gyrase with twist 135.32419 superhelical 0.16255 global twist -30.67063 global supercoiling -0.00892
frame 2921 time 1460.5 unbinding_event at gene tetA enzyme RNAP with twist -33.36342 superhelical -0.07172 global twist -33.36342 global supercoiling -0.00950
frame 2966 time 1483.0 binding_event at DNA_topoI 21 enzyme topoI with twist -33.36342 superhelical -0.00945 global twist -33.36342 global supercoiling -0.00945
frame 2968 time 1484.0 unbinding_event at DNA_topoI 21 enzyme topoI with twist -21.69465 superhelical -0.00782 global twist -25.58424 global supercoiling -0.00740
frame 2971 time 1485.5 binding_event at DNA_gyrase 30 enzyme gyrase with twist -21.69465 superhelical -0.00614 global twist -21.69465 global supercoiling -0.00614
frame 2974 time 1487.0 unbinding_event at DNA_gyrase 30 enzyme gyrase with twist -32.46583 superhelical -0.02791 global twist -29.77303 global supercoiling -0.00861
frame 2992 time 1496.0 binding_event at gene tetA enzyme RNAP with twist -32.46583 superhelical -0.00920 global twist -32.46583 global supercoiling -0.00920
frame 2995 time 1497.5 binding_event at gene tetA enzyme RNAP with twist -26.63893 superhelical -0.01505 global twist -32.46583 global supercoiling -0.00925
frame 3019 time 1509.5 binding_event at gene tetA enzyme RNAP with twist -112.28028 superhelical -0.05230 global twist -32.46583 global supercoiling -0.00930
frame 3032 time 1516.0 unbinding_event at gene tetA enzyme RNAP with twist 130.07994 superhelical -0.01521 global twist -32.46583 global supercoiling -0.00935
frame 3035 time 1517.5 unbinding_event at gene tetA enzyme RNAP with twist 119.12760 superhelical -0.05277 global twist -32.46583 global supercoiling -0.00930
frame 3059 time 1529.5 unbinding_event at gene tetA enzyme RNAP with twist -32.46583 superhelical -0.09696 global twist -32.46583 global supercoiling -0.00925
frame 3076 time 1538.0 binding_event at gene tetA enzyme RNAP with twist -32.46583 superhelical -0.00920 global twist -32.46583 global supercoiling -0.00920
frame 3116 time 1558.0 unbinding_event at gene tetA enzyme RNAP with twist -32.46583 superhelical -0.06650 global twist -32.46583 global supercoiling -0.00925
frame 3131 time 1565.5 binding_event at gene tetA enzyme RNAP with twist -32.46583 superhelical -0.00920 global twist -32.46583 global supercoiling -0.00920
frame 3171 time 1585.5 unbinding_event at gene tetA enzyme RNAP with twist -32.46583 superhelical -0.06650 global twist -32.46583 global supercoiling -0.00925
frame 3172 time 1586.0 binding_event at gene tetA enzyme RNAP with twist -32.46583 superhelical -0.00920 global twist -32.46583 global supercoiling -0.00920
frame 3175 time 1587.5 binding_event at DNA_gyrase 7 enzyme gyrase with twist -5.82690 superhelical -0.00335 global twist -32.46583 global supercoiling -0.00925
frame 3176 time 1588.0 unbinding_event at DNA_gyrase 7 enzyme gyrase with twist -4.03170 superhelical 0.00854 global twist -35.15862 global supercoiling -0.01022
frame 3212 time 1606.0 unbinding_event at gene tetA enzyme RNAP with twist -37.85141 superhelical -0.06650 global twist -37.85141 global supercoiling -0.01078
frame 3308 time 1654.0 binding_event at DNA_topoI 45 enzyme topoI with twist -37.85141 superhelical -0.01072 global twist -37.85141 global supercoiling -0.01072
frame 3321 time 1660.5 binding_event at DNA_gyrase 41 enzyme gyrase with twist 10.77045 superhelical 0.00812 global twist 12.71327 global supercoiling 0.00368
frame 3324 time 1662.0 unbinding_event at DNA_topoI 45 enzyme topoI with twist 13.96548 superhelical 0.01970 global twist 16.30366 global supercoiling 0.00481
frame 3326 time 1663.0 unbinding_event at DNA_gyrase 41 enzyme gyrase with twist 12.11487 superhelical 0.00081 global twist 14.80766 global supercoiling 0.00428
frame 3337 time 1668.5 binding_event at DNA_gyrase 18 enzyme gyrase with twist 12.11487 superhelical 0.00343 global twist 12.11487 global supercoiling 0.00343
frame 3344 time 1672.0 binding_event at gene Raspberry enzyme RNAP with twist 1.00491 superhelical 0.00034 global twist -6.73469 global supercoiling -0.00195
frame 3349 time 1674.5 unbinding_event at DNA_gyrase 18 enzyme gyrase with twist -1.60805 superhelical 0.00680 global twist -20.19865 global supercoiling -0.00587
frame 3371 time 1685.5 unbinding_event at gene Raspberry enzyme RNAP with twist -22.89145 superhelical -0.07927 global twist -22.89145 global supercoiling -0.00652
frame 3413 time 1706.5 binding_event at DNA_gyrase 30 enzyme gyrase with twist -22.89145 superhelical -0.00648 global twist -22.89145 global supercoiling -0.00648
frame 3422 time 1711.0 unbinding_event at DNA_gyrase 30 enzyme gyrase with twist -49.81939 superhelical -0.06070 global twist -47.12659 global supercoiling -0.01363
frame 3512 time 1756.0 binding_event at DNA_gyrase 14 enzyme gyrase with twist -49.81939 superhelical -0.01411 global twist -49.81939 global supercoiling -0.01411
frame 3515 time 1757.5 unbinding_event at DNA_gyrase 14 enzyme gyrase with twist -60.59056 superhelical -0.01641 global twist -57.89777 global supercoiling -0.01674
frame 3523 time 1761.5 binding_event at DNA_gyrase 44 enzyme gyrase with twist -60.59056 superhelical -0.01716 global twist -60.59056 global supercoiling -0.01716
frame 3523 time 1761.5 unbinding_event at DNA_gyrase 44 enzyme gyrase with twist -63.28335 superhelical -0.01859 global twist -60.59056 global supercoiling -0.01716
frame 3537 time 1768.5 binding_event at gene tetA enzyme RNAP with twist -63.28335 superhelical -0.01792 global twist -63.28335 global supercoiling -0.01792
frame 3557 time 1778.5 binding_event at gene tetA enzyme RNAP with twist -102.73773 superhelical -0.04951 global twist -63.28335 global supercoiling -0.01802
frame 3575 time 1787.5 binding_event at DNA_gyrase 14 enzyme gyrase with twist 104.08143 superhelical 0.09351 global twist -63.28335 global supercoiling -0.01812
frame 3576 time 1788.0 unbinding_event at DNA_gyrase 14 enzyme gyrase with twist 105.87662 superhelical 0.13405 global twist -65.97615 global supercoiling -0.01929
frame 3577 time 1788.5 unbinding_event at gene tetA enzyme RNAP with twist 92.48360 superhelical -0.04997 global twist -68.66894 global supercoiling -0.01966
frame 3596 time 1798.0 binding_event at gene mKalama1 enzyme RNAP with twist -225.77959 superhelical -0.09344 global twist -68.66894 global supercoiling -0.01956
frame 3597 time 1798.5 unbinding_event at gene tetA enzyme RNAP with twist -14.86782 superhelical -0.09836 global twist -68.66894 global supercoiling -0.01966
frame 3600 time 1800.0 binding_event at DNA_gyrase 24 enzyme gyrase with twist -22.04860 superhelical -0.00751 global twist -68.66894 global supercoiling -0.01956
frame 3601 time 1800.5 unbinding_event at DNA_gyrase 24 enzyme gyrase with twist -34.61497 superhelical -0.01107 global twist -71.36173 global supercoiling -0.02075
frame 3602 time 1801.0 binding_event at DNA_topoI 23 enzyme topoI with twist -34.61497 superhelical -0.01165 global twist -74.05453 global supercoiling -0.02109
frame 3603 time 1801.5 unbinding_event at DNA_topoI 23 enzyme topoI with twist -34.01657 superhelical -0.01295 global twist -70.16494 global supercoiling -0.02040
frame 3606 time 1803.0 binding_event at gene tetA enzyme RNAP with twist -41.19736 superhelical -0.01354 global twist -66.27535 global supercoiling -0.01887
frame 3623 time 1811.5 unbinding_event at gene mKalama1 enzyme RNAP with twist -106.44809 superhelical 0.27311 global twist -66.27535 global supercoiling -0.01898
frame 3624 time 1812.0 binding_event at gene Raspberry enzyme RNAP with twist -106.44809 superhelical -0.05220 global twist -66.27535 global supercoiling -0.01887
frame 3646 time 1823.0 unbinding_event at gene tetA enzyme RNAP with twist 56.47394 superhelical -0.05269 global twist -66.27535 global supercoiling -0.01898
frame 3647 time 1823.5 binding_event at gene Raspberry enzyme RNAP with twist -122.74929 superhelical -0.10444 global twist -66.27535 global supercoiling -0.01887
frame 3648 time 1824.0 binding_event at gene tetA enzyme RNAP with twist 60.06433 superhelical 0.02591 global twist -66.27535 global supercoiling -0.01898
frame 3651 time 1825.5 unbinding_event at gene Raspberry enzyme RNAP with twist -28.64242 superhelical -0.10617 global twist -66.27535 global supercoiling -0.01908
frame 3659 time 1829.5 binding_event at gene mKalama1 enzyme RNAP with twist -124.02807 superhelical -0.12685 global twist -66.27535 global supercoiling -0.01898
frame 3674 time 1837.0 unbinding_event at gene Raspberry enzyme RNAP with twist -183.79375 superhelical -0.17519 global twist -66.27535 global supercoiling -0.01908
frame 3686 time 1843.0 unbinding_event at gene mKalama1 enzyme RNAP with twist -253.20145 superhelical 0.11575 global twist -66.27535 global supercoiling -0.01898
frame 3688 time 1844.0 unbinding_event at gene tetA enzyme RNAP with twist -66.27535 superhelical -0.10618 global twist -66.27535 global supercoiling -0.01887
frame 3791 time 1895.5 binding_event at gene Raspberry enzyme RNAP with twist -66.27535 superhelical -0.01877 global twist -66.27535 global supercoiling -0.01877
frame 3797 time 1898.5 binding_event at DNA_gyrase 0 enzyme gyrase with twist -30.34397 superhelical -0.01149 global twist -66.27535 global supercoiling -0.01887
frame 3802 time 1901.0 unbinding_event at DNA_gyrase 0 enzyme gyrase with twist -24.95839 superhelical 0.00591 global twist -79.73932 global supercoiling -0.02318
frame 3818 time 1909.0 unbinding_event at gene Raspberry enzyme RNAP with twist -82.43211 superhelical -0.09084 global twist -82.43211 global supercoiling -0.02348
frame 3838 time 1919.0 binding_event at gene tetA enzyme RNAP with twist -82.43211 superhelical -0.02335 global twist -82.43211 global supercoiling -0.02335
frame 3845 time 1922.5 binding_event at DNA_topoI 1 enzyme topoI with twist -65.42165 superhelical -0.03552 global twist -82.43211 global supercoiling -0.02348
frame 3848 time 1924.0 unbinding_event at DNA_topoI 1 enzyme topoI with twist -64.22485 superhelical -0.03253 global twist -70.76334 global supercoiling -0.02057
frame 3878 time 1939.0 unbinding_event at gene tetA enzyme RNAP with twist -66.87375 superhelical -0.07011 global twist -66.87375 global supercoiling -0.01904
frame 3888 time 1944.0 binding_event at gene tetA enzyme RNAP with twist -66.87375 superhelical -0.01894 global twist -66.87375 global supercoiling -0.01894
frame 3928 time 1964.0 unbinding_event at gene tetA enzyme RNAP with twist -66.87375 superhelical -0.07336 global twist -66.87375 global supercoiling -0.01904
frame 4015 time 2007.5 binding_event at DNA_topoI 46 enzyme topoI with twist -66.87375 superhelical -0.01894 global twist -66.87375 global supercoiling -0.01894
frame 4015 time 2007.5 unbinding_event at DNA_topoI 46 enzyme topoI with twist -62.98415 superhelical -0.01794 global twist -66.87375 global supercoiling -0.01894
frame 4068 time 2034.0 binding_event at DNA_gyrase 43 enzyme gyrase with twist -62.98415 superhelical -0.01784 global twist -62.98415 global supercoiling -0.01784
frame 4071 time 2035.5 unbinding_event at DNA_gyrase 43 enzyme gyrase with twist -73.75533 superhelical -0.02276 global twist -71.06254 global supercoiling -0.02055
frame 4186 time 2093.0 binding_event at DNA_topoI 21 enzyme topoI with twist -73.75533 superhelical -0.02089 global twist -73.75533 global supercoiling -0.02089
frame 4188 time 2094.0 unbinding_event at DNA_topoI 21 enzyme topoI with twist -62.08656 superhelical -0.01950 global twist -65.97615 global supercoiling -0.01908
frame 4238 time 2119.0 binding_event at gene tetA enzyme RNAP with twist -62.08656 superhelical -0.01759 global twist -62.08656 global supercoiling -0.01759
frame 4244 time 2122.0 binding_event at gene tetA enzyme RNAP with twist -51.88731 superhelical -0.02845 global twist -62.08656 global supercoiling -0.01768
frame 4259 time 2129.5 binding_event at DNA_topoI 2 enzyme topoI with twist -103.19699 superhelical -0.05198 global twist -62.08656 global supercoiling -0.01778
frame 4260 time 2130.0 unbinding_event at DNA_topoI 2 enzyme topoI with twist -102.59859 superhelical -0.05180 global twist -58.19697 global supercoiling -0.01701
frame 4264 time 2132.0 binding_event at DNA_topoI 3 enzyme topoI with twist -113.36977 superhelical -0.05463 global twist -54.30737 global supercoiling -0.01555
frame 4274 time 2137.0 unbinding_event at DNA_topoI 3 enzyme topoI with twist -110.07858 superhelical -0.04533 global twist -15.41147 global supercoiling -0.00451
frame 4278 time 2139.0 unbinding_event at gene tetA enzyme RNAP with twist 112.91827 superhelical -0.02875 global twist -11.52187 global supercoiling -0.00330
frame 4284 time 2142.0 unbinding_event at gene tetA enzyme RNAP with twist -11.52187 superhelical -0.05953 global twist -11.52187 global supercoiling -0.00328
frame 4348 time 2174.0 binding_event at gene Raspberry enzyme RNAP with twist -11.52187 superhelical -0.00326 global twist -11.52187 global supercoiling -0.00326
frame 4375 time 2187.5 unbinding_event at gene Raspberry enzyme RNAP with twist -11.52187 superhelical -0.08145 global twist -11.52187 global supercoiling -0.00328
frame 4377 time 2188.5 binding_event at DNA_gyrase 40 enzyme gyrase with twist -11.52187 superhelical -0.00326 global twist -11.52187 global supercoiling -0.00326
frame 4379 time 2189.5 binding_event at gene tetA enzyme RNAP with twist -10.99333 superhelical -0.00441 global twist -16.90746 global supercoiling -0.00489
frame 4383 time 2191.5 unbinding_event at DNA_gyrase 40 enzyme gyrase with twist -40.34179 superhelical -0.01308 global twist -27.67864 global supercoiling -0.00805
frame 4410 time 2205.0 binding_event at DNA_topoI 26 enzyme topoI with twist -133.69197 superhelical -0.05882 global twist -30.37143 global supercoiling -0.00865
frame 4418 time 2209.0 unbinding_event at DNA_topoI 26 enzyme topoI with twist -130.99917 superhelical 0.39833 global twist 0.74530 global supercoiling 0.00022
frame 4419 time 2209.5 unbinding_event at gene tetA enzyme RNAP with twist 4.63489 superhelical -0.05488 global twist 4.63489 global supercoiling 0.00132
frame 4428 time 2214.0 binding_event at DNA_gyrase 43 enzyme gyrase with twist 4.63489 superhelical 0.00131 global twist 4.63489 global supercoiling 0.00131
frame 4429 time 2214.5 unbinding_event at DNA_gyrase 43 enzyme gyrase with twist -0.75070 superhelical -0.00094 global twist 1.94209 global supercoiling 0.00056
frame 4453 time 2226.5 binding_event at DNA_gyrase 32 enzyme gyrase with twist -0.75070 superhelical -0.00021 global twist -0.75070 global supercoiling -0.00021
frame 4455 time 2227.5 unbinding_event at DNA_gyrase 32 enzyme gyrase with twist -8.82908 superhelical -0.01051 global twist -6.13629 global supercoiling -0.00177
frame 4519 time 2259.5 binding_event at DNA_gyrase 4 enzyme gyrase with twist -8.82908 superhelical -0.00250 global twist -8.82908 global supercoiling -0.00250
frame 4519 time 2259.5 unbinding_event at DNA_gyrase 4 enzyme gyrase with twist -11.52187 superhelical -0.00324 global twist -8.82908 global supercoiling -0.00250
frame 4539 time 2269.5 binding_event at DNA_gyrase 12 enzyme gyrase with twist -11.52187 superhelical -0.00326 global twist -11.52187 global supercoiling -0.00326
frame 4540 time 2270.0 unbinding_event at DNA_gyrase 12 enzyme gyrase with twist -16.90746 superhelical -0.00439 global twist -14.21467 global supercoiling -0.00411
frame 4550 time 2275.0 binding_event at gene tetA enzyme RNAP with twist -16.90746 superhelical -0.00479 global twist -16.90746 global supercoiling -0.00479
frame 4590 time 2295.0 unbinding_event at gene tetA enzyme RNAP with twist -16.90746 superhelical -0.06340 global twist -16.90746 global supercoiling -0.00482
frame 4695 time 2347.5 binding_event at DNA_gyrase 49 enzyme gyrase with twist -16.90746 superhelical -0.00479 global twist -16.90746 global supercoiling -0.00479
frame 4695 time 2347.5 unbinding_event at DNA_gyrase 49 enzyme gyrase with twist -19.60026 superhelical -0.00572 global twist -16.90746 global supercoiling -0.00479
frame 4774 time 2387.0 binding_event at gene mKalama1 enzyme RNAP with twist -19.60026 superhelical -0.00555 global twist -19.60026 global supercoiling -0.00555
frame 4781 time 2390.5 binding_event at gene tetA enzyme RNAP with twist -41.11891 superhelical -0.01375 global twist -19.60026 global supercoiling -0.00558
frame 4792 time 2396.0 binding_event at DNA_gyrase 10 enzyme gyrase with twist 14.64404 superhelical 0.00917 global twist -19.60026 global supercoiling -0.00561
frame 4796 time 2398.0 unbinding_event at DNA_gyrase 10 enzyme gyrase with twist 19.13203 superhelical 0.04134 global twist -30.37143 global supercoiling -0.00888
frame 4801 time 2400.5 unbinding_event at gene mKalama1 enzyme RNAP with twist -70.14821 superhelical 0.66926 global twist -33.06422 global supercoiling -0.00947
frame 4821 time 2410.5 unbinding_event at gene tetA enzyme RNAP with twist -33.06422 superhelical -0.05789 global twist -33.06422 global supercoiling -0.00942
frame 4834 time 2417.0 binding_event at DNA_gyrase 0 enzyme gyrase with twist -33.06422 superhelical -0.00937 global twist -33.06422 global supercoiling -0.00937
frame 4836 time 2418.0 unbinding_event at DNA_gyrase 0 enzyme gyrase with twist -41.14261 superhelical -0.01196 global twist -38.44981 global supercoiling -0.01112
frame 4979 time 2489.5 binding_event at gene tetA enzyme RNAP with twist -41.14261 superhelical -0.01165 global twist -41.14261 global supercoiling -0.01165
frame 5019 time 2509.5 unbinding_event at gene tetA enzyme RNAP with twist -41.14261 superhelical -0.06823 global twist -41.14261 global supercoiling -0.01172
frame 5074 time 2537.0 binding_event at DNA_gyrase 21 enzyme gyrase with twist -41.14261 superhelical -0.01165 global twist -41.14261 global supercoiling -0.01165
frame 5074 time 2537.0 unbinding_event at DNA_gyrase 21 enzyme gyrase with twist -43.83540 superhelical -0.01232 global twist -41.14261 global supercoiling -0.01165
frame 5204 time 2602.0 binding_event at DNA_gyrase 14 enzyme gyrase with twist -43.83540 superhelical -0.01242 global twist -43.83540 global supercoiling -0.01242
frame 5207 time 2603.5 unbinding_event at DNA_gyrase 14 enzyme gyrase with twist -54.60657 superhelical -0.01468 global twist -51.91378 global supercoiling -0.01501
frame 5222 time 2611.0 binding_event at gene tetA enzyme RNAP with twist -54.60657 superhelical -0.01547 global twist -54.60657 global supercoiling -0.01547
frame 5251 time 2625.5 binding_event at DNA_topoI 28 enzyme topoI with twist -130.81046 superhelical -0.05848 global twist -54.60657 global supercoiling -0.01555
frame 5253 time 2626.5 unbinding_event at DNA_topoI 28 enzyme topoI with twist -129.91286 superhelical -0.00502 global twist -46.82739 global supercoiling -0.01361
frame 5262 time 2631.0 unbinding_event at gene tetA enzyme RNAP with twist -42.93780 superhelical -0.06615 global twist -42.93780 global supercoiling -0.01223
frame 5263 time 2631.5 binding_event at gene tetA enzyme RNAP with twist -42.93780 superhelical -0.01216 global twist -42.93780 global supercoiling -0.01216
frame 5287 time 2643.5 binding_event at gene tetA enzyme RNAP with twist -107.15536 superhelical -0.04991 global twist -42.93780 global supercoiling -0.01223
frame 5303 time 2651.5 unbinding_event at gene tetA enzyme RNAP with twist 104.52224 superhelical -0.05036 global twist -42.93780 global supercoiling -0.01230
frame 5321 time 2660.5 binding_event at DNA_topoI 47 enzyme topoI with twist -208.49670 superhelical -0.08962 global twist -42.93780 global supercoiling -0.01223
frame 5322 time 2661.0 unbinding_event at DNA_topoI 47 enzyme topoI with twist -207.89830 superhelical -0.08982 global twist -39.04821 global supercoiling -0.01135
frame 5323 time 2661.5 binding_event at gene mKalama1 enzyme RNAP with twist -207.89830 superhelical -0.08800 global twist -35.15862 global supercoiling -0.01001
frame 5327 time 2663.5 unbinding_event at gene tetA enzyme RNAP with twist 4.33221 superhelical -0.09937 global twist -35.15862 global supercoiling -0.01007
frame 5350 time 2675.0 unbinding_event at gene mKalama1 enzyme RNAP with twist -35.15862 superhelical 0.29754 global twist -35.15862 global supercoiling -0.01001
frame 5370 time 2685.0 binding_event at DNA_gyrase 17 enzyme gyrase with twist -35.15862 superhelical -0.00996 global twist -35.15862 global supercoiling -0.00996
frame 5371 time 2685.5 unbinding_event at DNA_gyrase 17 enzyme gyrase with twist -40.54421 superhelical -0.01109 global twist -37.85141 global supercoiling -0.01094
frame 5406 time 2703.0 binding_event at gene tetA enzyme RNAP with twist -40.54421 superhelical -0.01148 global twist -40.54421 global supercoiling -0.01148
frame 5424 time 2712.0 binding_event at DNA_gyrase 8 enzyme gyrase with twist 43.89893 superhelical 0.02982 global twist -40.54421 global supercoiling -0.01155
frame 5427 time 2713.5 unbinding_event at DNA_gyrase 8 enzyme gyrase with twist 47.48932 superhelical 0.11821 global twist -48.62259 global supercoiling -0.01414
frame 5441 time 2720.5 binding_event at DNA_topoI 3 enzyme topoI with twist -145.47979 superhelical -0.06205 global twist -51.31538 global supercoiling -0.01461
frame 5445 time 2722.5 unbinding_event at DNA_topoI 3 enzyme topoI with twist -143.98379 superhelical -0.05889 global twist -35.75702 global supercoiling -0.01040
frame 5446 time 2723.0 unbinding_event at gene tetA enzyme RNAP with twist -31.86743 superhelical -0.06018 global twist -31.86743 global supercoiling -0.00908
frame 5475 time 2737.5 binding_event at gene tetA enzyme RNAP with twist -31.86743 superhelical -0.00903 global twist -31.86743 global supercoiling -0.00903
frame 5515 time 2757.5 unbinding_event at gene tetA enzyme RNAP with twist -31.86743 superhelical -0.06638 global twist -31.86743 global supercoiling -0.00908
frame 5517 time 2758.5 binding_event at gene tetA enzyme RNAP with twist -31.86743 superhelical -0.00903 global twist -31.86743 global supercoiling -0.00903
frame 5530 time 2765.0 binding_event at gene Raspberry enzyme RNAP with twist -62.25038 superhelical -0.03193 global twist -31.86743 global supercoiling -0.00908
frame 5557 time 2778.5 unbinding_event at gene tetA enzyme RNAP with twist 93.24723 superhelical -0.03225 global twist -31.86743 global supercoiling -0.00913
frame 5557 time 2778.5 unbinding_event at gene Raspberry enzyme RNAP with twist -31.86743 superhelical -0.09890 global twist -31.86743 global supercoiling -0.00913
frame 5634 time 2817.0 binding_event at DNA_gyrase 3 enzyme gyrase with twist -31.86743 superhelical -0.00903 global twist -31.86743 global supercoiling -0.00903
frame 5650 time 2825.0 unbinding_event at DNA_gyrase 3 enzyme gyrase with twist -77.64492 superhelical -0.02126 global twist -74.95213 global supercoiling -0.02167
frame 5684 time 2842.0 binding_event at DNA_topoI 25 enzyme topoI with twist -77.64492 superhelical -0.02199 global twist -77.64492 global supercoiling -0.02199
frame 5688 time 2844.0 unbinding_event at DNA_topoI 25 enzyme topoI with twist -58.19697 superhelical -0.01938 global twist -62.08656 global supercoiling -0.01795
frame 5722 time 2861.0 binding_event at DNA_gyrase 25 enzyme gyrase with twist -58.19697 superhelical -0.01648 global twist -58.19697 global supercoiling -0.01648
frame 5724 time 2862.0 unbinding_event at DNA_gyrase 25 enzyme gyrase with twist -66.27535 superhelical -0.01778 global twist -63.58255 global supercoiling -0.01838
frame 5748 time 2874.0 binding_event at gene tetA enzyme RNAP with twist -66.27535 superhelical -0.01877 global twist -66.27535 global supercoiling -0.01877
frame 5760 time 2880.0 binding_event at DNA_topoI 0 enzyme topoI with twist -75.47694 superhelical -0.03907 global twist -66.27535 global supercoiling -0.01887
frame 5769 time 2884.5 unbinding_event at DNA_topoI 0 enzyme topoI with twist -72.48495 superhelical -0.02904 global twist -31.26903 global supercoiling -0.00909
frame 5788 time 2894.0 unbinding_event at gene tetA enzyme RNAP with twist -27.37944 superhelical -0.05738 global twist -27.37944 global supercoiling -0.00780
frame 5950 time 2975.0 binding_event at DNA_gyrase 29 enzyme gyrase with twist -27.37944 superhelical -0.00776 global twist -27.37944 global supercoiling -0.00776
frame 5954 time 2977.0 unbinding_event at DNA_gyrase 29 enzyme gyrase with twist -40.84341 superhelical -0.04592 global twist -38.15061 global supercoiling -0.01103
frame 5985 time 2992.5 binding_event at gene tetA enzyme RNAP with twist -40.84341 superhelical -0.01157 global twist -40.84341 global supercoiling -0.01157
frame 5988 time 2994.0 binding_event at DNA_topoI 26 enzyme topoI with twist -30.73349 superhelical -0.01736 global twist -40.84341 global supercoiling -0.01163
frame 5993 time 2996.5 unbinding_event at DNA_topoI 26 enzyme topoI with twist -28.93830 superhelical 0.28737 global twist -21.39545 global supercoiling -0.00622
frame 6019 time 3009.5 binding_event at gene tetA enzyme RNAP with twist -118.69809 superhelical -0.05102 global twist -17.50586 global supercoiling -0.00499
frame 6023 time 3011.5 binding_event at gene tetA enzyme RNAP with twist -102.64635 superhelical -0.05741 global twist -17.50586 global supercoiling -0.00501
frame 6025 time 3012.5 unbinding_event at gene tetA enzyme RNAP with twist 95.91166 superhelical -0.05144 global twist -17.50586 global supercoiling -0.00504
frame 6059 time 3029.5 unbinding_event at gene tetA enzyme RNAP with twist 214.92920 superhelical -0.05803 global twist -17.50586 global supercoiling -0.00501
frame 6062 time 3031.0 binding_event at DNA_topoI 45 enzyme topoI with twist -239.61584 superhelical -0.09917 global twist -17.50586 global supercoiling -0.00499
frame 6063 time 3031.5 unbinding_event at gene tetA enzyme RNAP with twist 121.90918 superhelical -0.10184 global twist -13.61627 global supercoiling -0.00396
frame 6068 time 3034.0 unbinding_event at DNA_topoI 45 enzyme topoI with twist 9.72128 superhelical -0.09194 global twist 5.83168 global supercoiling 0.00169
frame 6097 time 3048.5 binding_event at DNA_gyrase 5 enzyme gyrase with twist 9.72128 superhelical 0.00275 global twist 9.72128 global supercoiling 0.00275
frame 6099 time 3049.5 unbinding_event at DNA_gyrase 5 enzyme gyrase with twist 1.64289 superhelical 0.00083 global twist 4.33569 global supercoiling 0.00125
frame 6123 time 3061.5 binding_event at DNA_gyrase 22 enzyme gyrase with twist 1.64289 superhelical 0.00047 global twist 1.64289 global supercoiling 0.00047
frame 6126 time 3063.0 unbinding_event at DNA_gyrase 22 enzyme gyrase with twist -9.12828 superhelical -0.00117 global twist -6.43549 global supercoiling -0.00186
frame 6190 time 3095.0 binding_event at gene mKalama1 enzyme RNAP with twist -9.12828 superhelical -0.00259 global twist -9.12828 global supercoiling -0.00259
frame 6213 time 3106.5 binding_event at DNA_topoI 0 enzyme topoI with twist -90.02412 superhelical -0.02747 global twist -9.12828 global supercoiling -0.00260
frame 6213 time 3106.5 unbinding_event at DNA_topoI 0 enzyme topoI with twist -89.72493 superhelical -0.02888 global twist -9.12828 global supercoiling -0.00260
frame 6217 time 3108.5 unbinding_event at gene mKalama1 enzyme RNAP with twist -5.23869 superhelical 0.68259 global twist -5.23869 global supercoiling -0.00149
frame 6231 time 3115.5 binding_event at DNA_topoI 39 enzyme topoI with twist -5.23869 superhelical -0.00148 global twist -5.23869 global supercoiling -0.00148
frame 6232 time 3116.0 unbinding_event at DNA_topoI 39 enzyme topoI with twist 2.54049 superhelical 0.00283 global twist -1.34910 global supercoiling -0.00039
frame 6294 time 3147.0 binding_event at gene tetA enzyme RNAP with twist 2.54049 superhelical 0.00072 global twist 2.54049 global supercoiling 0.00072
frame 6334 time 3167.0 unbinding_event at gene tetA enzyme RNAP with twist 2.54049 superhelical -0.05952 global twist 2.54049 global supercoiling 0.00072
frame 6344 time 3172.0 binding_event at DNA_gyrase 49 enzyme gyrase with twist 2.54049 superhelical 0.00072 global twist 2.54049 global supercoiling 0.00072
frame 6344 time 3172.0 unbinding_event at DNA_gyrase 49 enzyme gyrase with twist -0.15230 superhelical -0.00010 global twist 2.54049 global supercoiling 0.00072
frame 6358 time 3179.0 binding_event at DNA_gyrase 32 enzyme gyrase with twist -0.15230 superhelical -0.00004 global twist -0.15230 global supercoiling -0.00004
frame 6363 time 3181.5 binding_event at gene mKalama1 enzyme RNAP with twist -6.86700 superhelical -0.00224 global twist -13.61627 global supercoiling -0.00394
frame 6369 time 3184.5 unbinding_event at DNA_gyrase 32 enzyme gyrase with twist -0.87875 superhelical -0.04120 global twist -29.77303 global supercoiling -0.00866
frame 6384 time 3192.0 binding_event at gene tetA enzyme RNAP with twist -81.85256 superhelical -0.02526 global twist -32.46583 global supercoiling -0.00925
frame 6390 time 3195.0 unbinding_event at gene mKalama1 enzyme RNAP with twist -11.98979 superhelical 0.51459 global twist -32.46583 global supercoiling -0.00930
frame 6402 time 3201.0 binding_event at DNA_gyrase 32 enzyme gyrase with twist -51.48409 superhelical -0.02525 global twist -32.46583 global supercoiling -0.00925
frame 6404 time 3202.0 unbinding_event at DNA_gyrase 32 enzyme gyrase with twist -70.33365 superhelical -0.03646 global twist -37.85141 global supercoiling -0.01100
frame 6411 time 3205.5 binding_event at DNA_gyrase 27 enzyme gyrase with twist -91.87600 superhelical -0.04174 global twist -40.54421 global supercoiling -0.01155
frame 6413 time 3206.5 unbinding_event at DNA_gyrase 27 enzyme gyrase with twist -110.72556 superhelical -0.16369 global twist -45.92979 global supercoiling -0.01335
frame 6424 time 3212.0 unbinding_event at gene tetA enzyme RNAP with twist -48.62259 superhelical -0.06126 global twist -48.62259 global supercoiling -0.01385
frame 6473 time 3236.5 binding_event at gene tetA enzyme RNAP with twist -48.62259 superhelical -0.01377 global twist -48.62259 global supercoiling -0.01377
frame 6513 time 3256.5 unbinding_event at gene tetA enzyme RNAP with twist -48.62259 superhelical -0.06972 global twist -48.62259 global supercoiling -0.01385
frame 6518 time 3259.0 binding_event at gene tetA enzyme RNAP with twist -48.62259 superhelical -0.01377 global twist -48.62259 global supercoiling -0.01377
frame 6557 time 3278.5 binding_event at DNA_gyrase 16 enzyme gyrase with twist 115.16710 superhelical 0.10517 global twist -48.62259 global supercoiling -0.01385
frame 6558 time 3279.0 unbinding_event at gene tetA enzyme RNAP with twist -121.62793 superhelical -0.06972 global twist -51.31538 global supercoiling -0.01492
frame 6558 time 3279.0 unbinding_event at DNA_gyrase 16 enzyme gyrase with twist -54.00818 superhelical -0.06972 global twist -51.31538 global supercoiling -0.01492
frame 6608 time 3304.0 binding_event at DNA_gyrase 24 enzyme gyrase with twist -54.00818 superhelical -0.01530 global twist -54.00818 global supercoiling -0.01530
frame 6610 time 3305.0 binding_event at gene tetA enzyme RNAP with twist -55.91608 superhelical -0.01640 global twist -59.39376 global supercoiling -0.01717
frame 6613 time 3306.5 unbinding_event at DNA_gyrase 24 enzyme gyrase with twist -27.48993 superhelical -0.01163 global twist -67.47214 global supercoiling -0.01962
frame 6639 time 3319.5 binding_event at DNA_gyrase 10 enzyme gyrase with twist 62.26986 superhelical 0.04885 global twist -70.16494 global supercoiling -0.01998
frame 6645 time 3322.5 binding_event at DNA_topoI 47 enzyme topoI with twist -153.97714 superhelical -0.06568 global twist -86.32170 global supercoiling -0.02510
frame 6647 time 3323.5 binding_event at gene tetA enzyme RNAP with twist -57.69807 superhelical -0.06877 global twist -83.92811 global supercoiling -0.02492
frame 6647 time 3323.5 unbinding_event at DNA_gyrase 10 enzyme gyrase with twist 70.34824 superhelical 1.93691 global twist -83.92811 global supercoiling -0.02492
frame 6648 time 3324.0 unbinding_event at DNA_topoI 47 enzyme topoI with twist -107.37997 superhelical -0.06246 global twist -82.73131 global supercoiling -0.02419
frame 6650 time 3325.0 unbinding_event at gene tetA enzyme RNAP with twist 35.71903 superhelical -0.07038 global twist -78.84172 global supercoiling -0.02258
frame 6687 time 3343.5 unbinding_event at gene tetA enzyme RNAP with twist -78.84172 superhelical -0.10089 global twist -78.84172 global supercoiling -0.02245
frame 6706 time 3353.0 binding_event at DNA_topoI 41 enzyme topoI with twist -78.84172 superhelical -0.02233 global twist -78.84172 global supercoiling -0.02233
frame 6714 time 3357.0 unbinding_event at DNA_topoI 41 enzyme topoI with twist -43.83540 superhelical -0.00595 global twist -47.72499 global supercoiling -0.01380
frame 6751 time 3375.5 binding_event at DNA_gyrase 13 enzyme gyrase with twist -43.83540 superhelical -0.01242 global twist -43.83540 global supercoiling -0.01242
frame 6755 time 3377.5 unbinding_event at DNA_gyrase 13 enzyme gyrase with twist -57.29937 superhelical -0.01524 global twist -54.60657 global supercoiling -0.01579
frame 6870 time 3435.0 binding_event at gene tetA enzyme RNAP with twist -57.29937 superhelical -0.01623 global twist -57.29937 global supercoiling -0.01623
frame 6895 time 3447.5 binding_event at gene tetA enzyme RNAP with twist -117.76500 superhelical -0.05439 global twist -57.29937 global supercoiling -0.01632
frame 6905 time 3452.5 binding_event at DNA_topoI 39 enzyme topoI with twist -130.08965 superhelical -0.06862 global twist -57.29937 global supercoiling -0.01641
frame 6907 time 3453.5 unbinding_event at DNA_topoI 39 enzyme topoI with twist -129.19205 superhelical -0.06481 global twist -49.52019 global supercoiling -0.01448
frame 6910 time 3455.0 unbinding_event at gene tetA enzyme RNAP with twist 94.33263 superhelical -0.05488 global twist -45.63059 global supercoiling -0.01307
frame 6914 time 3457.0 binding_event at DNA_gyrase 19 enzyme gyrase with twist 105.10380 superhelical 0.07228 global twist -45.63059 global supercoiling -0.01299
frame 6919 time 3459.5 unbinding_event at DNA_gyrase 19 enzyme gyrase with twist 110.48939 superhelical 0.10106 global twist -59.09456 global supercoiling -0.01718
frame 6935 time 3467.5 unbinding_event at gene tetA enzyme RNAP with twist -61.78736 superhelical -0.09368 global twist -61.78736 global supercoiling -0.01760
frame 6939 time 3469.5 binding_event at DNA_topoI 32 enzyme topoI with twist -61.78736 superhelical -0.01750 global twist -61.78736 global supercoiling -0.01750
frame 6948 time 3474.0 unbinding_event at DNA_topoI 32 enzyme topoI with twist -22.89145 superhelical 0.03168 global twist -26.78104 global supercoiling -0.00774
frame 7057 time 3528.5 binding_event at DNA_gyrase 36 enzyme gyrase with twist -22.89145 superhelical -0.00648 global twist -22.89145 global supercoiling -0.00648
frame 7062 time 3531.0 binding_event at gene tetA enzyme RNAP with twist -25.12435 superhelical -0.00904 global twist -36.35542 global supercoiling -0.01051
frame 7073 time 3536.5 binding_event at DNA_gyrase 27 enzyme gyrase with twist -26.04143 superhelical -0.03831 global twist -65.97615 global supercoiling -0.01918
frame 7075 time 3537.5 binding_event at DNA_topoI 42 enzyme topoI with twist -72.95979 superhelical -0.06090 global twist -76.74732 global supercoiling -0.02279
frame 7075 time 3537.5 unbinding_event at DNA_gyrase 36 enzyme gyrase with twist -55.34635 superhelical -0.05690 global twist -76.74732 global supercoiling -0.02279
frame 7077 time 3538.5 unbinding_event at DNA_gyrase 27 enzyme gyrase with twist -62.31689 superhelical -0.24373 global twist -77.04652 global supercoiling -0.02288
frame 7078 time 3539.0 unbinding_event at DNA_topoI 42 enzyme topoI with twist -116.65398 superhelical -0.05436 global twist -75.84972 global supercoiling -0.02205
frame 7086 time 3543.0 binding_event at DNA_topoI 32 enzyme topoI with twist -141.78672 superhelical -0.06604 global twist -71.96013 global supercoiling -0.02049
frame 7087 time 3543.5 unbinding_event at DNA_topoI 32 enzyme topoI with twist -141.18832 superhelical -0.05841 global twist -68.07054 global supercoiling -0.01979
frame 7088 time 3544.0 binding_event at DNA_topoI 1 enzyme topoI with twist -141.18832 superhelical -0.06468 global twist -64.18095 global supercoiling -0.01828
frame 7090 time 3545.0 unbinding_event at DNA_topoI 1 enzyme topoI with twist -140.29072 superhelical -0.06356 global twist -56.40177 global supercoiling -0.01640
frame 7102 time 3551.0 unbinding_event at gene tetA enzyme RNAP with twist -52.51218 superhelical -0.07478 global twist -52.51218 global supercoiling -0.01495
frame 7159 time 3579.5 binding_event at gene tetA enzyme RNAP with twist -52.51218 superhelical -0.01487 global twist -52.51218 global supercoiling -0.01487
frame 7171 time 3585.5 binding_event at gene tetA enzyme RNAP with twist -68.75016 superhelical -0.03559 global twist -52.51218 global supercoiling -0.01495
frame 7177 time 3588.5 binding_event at DNA_gyrase 6 enzyme gyrase with twist 37.78033 superhelical 0.02566 global twist -52.51218 global supercoiling -0.01504
frame 7183 time 3591.5 binding_event at DNA_topoI 39 enzyme topoI with twist -104.77915 superhelical -0.05424 global twist -68.66894 global supercoiling -0.02008
frame 7184 time 3592.0 unbinding_event at DNA_topoI 39 enzyme topoI with twist -104.18075 superhelical -0.05199 global twist -67.47214 global supercoiling -0.02015
frame 7189 time 3594.5 binding_event at DNA_gyrase 12 enzyme gyrase with twist 37.90268 superhelical 0.03016 global twist -77.04652 global supercoiling -0.02253
frame 7191 time 3595.5 unbinding_event at DNA_gyrase 6 enzyme gyrase with twist -4.48526 superhelical 4.28484 global twist -87.81770 global supercoiling -0.02622
frame 7197 time 3598.5 unbinding_event at DNA_gyrase 12 enzyme gyrase with twist 45.98106 superhelical 0.25988 global twist -106.66725 global supercoiling -0.03119
frame 7199 time 3599.5 unbinding_event at gene tetA enzyme RNAP with twist 48.67658 superhelical -0.02285 global twist -109.36005 global supercoiling -0.03132
frame 7211 time 3605.5 unbinding_event at gene tetA enzyme RNAP with twist -109.36005 superhelical -0.08202 global twist -109.36005 global supercoiling -0.03114
frame 7288 time 3644.0 binding_event at DNA_topoI 6 enzyme topoI with twist -109.36005 superhelical -0.03098 global twist -109.36005 global supercoiling -0.03098
frame 7290 time 3645.0 unbinding_event at DNA_topoI 6 enzyme topoI with twist -97.69127 superhelical -0.02886 global twist -101.58086 global supercoiling -0.02937
frame 7354 time 3677.0 binding_event at gene mKalama1 enzyme RNAP with twist -97.69127 superhelical -0.02767 global twist -97.69127 global supercoiling -0.02767
frame 7381 time 3690.5 unbinding_event at gene mKalama1 enzyme RNAP with twist -97.69127 superhelical 0.56982 global twist -97.69127 global supercoiling -0.02782
frame 7386 time 3693.0 binding_event at gene tetA enzyme RNAP with twist -97.69127 superhelical -0.02767 global twist -97.69127 global supercoiling -0.02767
frame 7410 time 3705.0 binding_event at gene tetA enzyme RNAP with twist -133.91626 superhelical -0.06237 global twist -97.69127 global supercoiling -0.02782
frame 7414 time 3707.0 binding_event at DNA_topoI 7 enzyme topoI with twist -25.90956 superhelical -0.06293 global twist -97.69127 global supercoiling -0.02797
frame 7418 time 3709.0 unbinding_event at DNA_topoI 7 enzyme topoI with twist -6.46160 superhelical 0.01468 global twist -82.13291 global supercoiling -0.02401
frame 7426 time 3713.0 unbinding_event at gene tetA enzyme RNAP with twist 90.80004 superhelical -0.01569 global twist -78.24332 global supercoiling -0.02240
frame 7450 time 3725.0 unbinding_event at gene tetA enzyme RNAP with twist -78.24332 superhelical -0.10407 global twist -78.24332 global supercoiling -0.02228
frame 7500 time 3750.0 binding_event at gene tetA enzyme RNAP with twist -78.24332 superhelical -0.02216 global twist -78.24332 global supercoiling -0.02216
frame 7511 time 3755.5 binding_event at DNA_gyrase 42 enzyme gyrase with twist -77.73593 superhelical -0.04062 global twist -78.24332 global supercoiling -0.02228
frame 7514 time 3757.0 unbinding_event at DNA_gyrase 42 enzyme gyrase with twist -102.86867 superhelical -0.04705 global twist -86.32170 global supercoiling -0.02510
frame 7529 time 3764.5 binding_event at DNA_topoI 1 enzyme topoI with twist -153.13415 superhelical -0.06846 global twist -89.01449 global supercoiling -0.02535
frame 7534 time 3767.0 unbinding_event at DNA_topoI 1 enzyme topoI with twist -151.33896 superhelical -0.06409 global twist -69.56654 global supercoiling -0.02023
frame 7540 time 3770.0 binding_event at gene Raspberry enzyme RNAP with twist -169.29092 superhelical -0.06954 global twist -65.67695 global supercoiling -0.01870
frame 7540 time 3770.0 unbinding_event at gene tetA enzyme RNAP with twist -8.64834 superhelical -0.07010 global twist -65.67695 global supercoiling -0.01870
frame 7558 time 3779.0 binding_event at DNA_gyrase 13 enzyme gyrase with twist 52.38831 superhelical 0.02160 global twist -65.67695 global supercoiling -0.01870
frame 7559 time 3779.5 unbinding_event at DNA_gyrase 13 enzyme gyrase with twist 54.18351 superhelical 0.02583 global twist -68.36974 global supercoiling -0.01988
frame 7567 time 3783.5 unbinding_event at gene Raspberry enzyme RNAP with twist -71.06254 superhelical -0.12171 global twist -71.06254 global supercoiling -0.02024
frame 7581 time 3790.5 binding_event at DNA_gyrase 46 enzyme gyrase with twist -71.06254 superhelical -0.02013 global twist -71.06254 global supercoiling -0.02013
frame 7584 time 3792.0 unbinding_event at DNA_gyrase 46 enzyme gyrase with twist -81.83371 superhelical -0.02440 global twist -79.14092 global supercoiling -0.02288
frame 7597 time 3798.5 binding_event at DNA_gyrase 21 enzyme gyrase with twist -81.83371 superhelical -0.02318 global twist -81.83371 global supercoiling -0.02318
frame 7602 time 3801.0 unbinding_event at DNA_gyrase 21 enzyme gyrase with twist -97.99047 superhelical -0.02619 global twist -95.29768 global supercoiling -0.02755
frame 7664 time 3832.0 binding_event at DNA_topoI 49 enzyme topoI with twist -97.99047 superhelical -0.02776 global twist -97.99047 global supercoiling -0.02776
frame 7664 time 3832.0 unbinding_event at DNA_topoI 49 enzyme topoI with twist -94.10088 superhelical -0.02713 global twist -97.99047 global supercoiling -0.02776
frame 7667 time 3833.5 binding_event at gene tetA enzyme RNAP with twist -94.10088 superhelical -0.02665 global twist -94.10088 global supercoiling -0.02665
frame 7690 time 3845.0 binding_event at DNA_topoI 4 enzyme topoI with twist -128.57105 superhelical -0.06039 global twist -94.10088 global supercoiling -0.02680
frame 7693 time 3846.5 unbinding_event at DNA_topoI 4 enzyme topoI with twist -127.37426 superhelical -0.05855 global twist -82.43211 global supercoiling -0.02397
frame 7707 time 3853.5 unbinding_event at gene tetA enzyme RNAP with twist -78.54252 superhelical -0.07244 global twist -78.54252 global supercoiling -0.02237
