TORCphysics log file 

General information: 
---------------------------------------------------------------------------------------
Circuit name: Pleu500_93
Size: 6000
Structure: circle
Number of sites: 110
Number of frames: 10000
Simulation time: 2500.0
Simulation timestep: 0.25
Seed: 7069028624354393236
 
Overall simulation information 
---------------------------------------------------------------------------------------
Initial twist: -211.83310
Final twist: 203.97139
Initial superhelical density: -0.06000
Final superhelical density: 0.05809
 
Overall rates 
---------------------------------------------------------------------------------------
site type            site name            #binding events      #unbinding events    binding rates        
 DNA_topoI            DNA_topoI_global                     43.0                 43.0                0.0172 
DNA_gyrase           DNA_gyrase_global                    83.0                 83.0                0.0332 
EXT                  EXT                                   0.0                  0.0                   0.0 
gene                 tetA                                 49.0                 48.0                0.0196 
gene                 CDS                                   1.0                  1.0                0.0004 
origin               ori                                   0.0                  0.0                   0.0 
lacOP                lac1                                  0.0                  0.0                   0.0 
gene                 mKalama1                             11.0                 11.0                0.0044 
lacOP                lac2                                  0.0                  0.0                   0.0 
gene                 Raspberry                             5.0                  5.0                 0.002 
 
Events
---------------------------------------------------------------------------------------
frame 7 time 1.75 binding_event at DNA_topoI 48 enzyme topoI with twist -211.83310 superhelical -0.06000 global twist -211.83310 global supercoiling -0.06000
frame 8 time 2.0 unbinding_event at DNA_topoI 48 enzyme topoI with twist -207.94351 superhelical -0.05998 global twist -209.88831 global supercoiling -0.06068
frame 34 time 8.5 binding_event at DNA_topoI 7 enzyme topoI with twist -207.94351 superhelical -0.05890 global twist -207.94351 global supercoiling -0.05890
frame 36 time 9.0 unbinding_event at DNA_topoI 7 enzyme topoI with twist -202.10913 superhelical -0.05879 global twist -204.05392 global supercoiling -0.05900
frame 158 time 39.5 binding_event at gene tetA enzyme RNAP with twist -202.10913 superhelical -0.05725 global twist -202.10913 global supercoiling -0.05725
frame 196 time 49.0 binding_event at gene mKalama1 enzyme RNAP with twist -132.89007 superhelical -0.07043 global twist -202.10913 global supercoiling -0.05756
frame 204 time 51.0 binding_event at DNA_topoI 11 enzyme topoI with twist -62.03827 superhelical -0.03905 global twist -202.10913 global supercoiling -0.05787
frame 205 time 51.25 unbinding_event at DNA_topoI 11 enzyme topoI with twist -56.35348 superhelical -0.03446 global twist -200.16433 global supercoiling -0.05852
frame 256 time 64.0 binding_event at gene mKalama1 enzyme RNAP with twist -194.53099 superhelical -0.11061 global twist -198.21954 global supercoiling -0.05676
frame 257 time 64.25 binding_event at gene Raspberry enzyme RNAP with twist -168.35441 superhelical -0.11236 global twist -198.21954 global supercoiling -0.05707
frame 305 time 76.25 unbinding_event at gene mKalama1 enzyme RNAP with twist 24.69316 superhelical 0.34245 global twist -198.21954 global supercoiling -0.05739
frame 310 time 77.5 binding_event at gene tetA enzyme RNAP with twist -156.94690 superhelical -0.11381 global twist -198.21954 global supercoiling -0.05707
frame 321 time 80.25 unbinding_event at gene tetA enzyme RNAP with twist -28.75453 superhelical -0.11541 global twist -198.21954 global supercoiling -0.05739
frame 365 time 91.25 unbinding_event at gene mKalama1 enzyme RNAP with twist -128.53481 superhelical 0.51076 global twist -198.21954 global supercoiling -0.05707
frame 365 time 91.25 unbinding_event at gene Raspberry enzyme RNAP with twist -208.95931 superhelical 0.51076 global twist -198.21954 global supercoiling -0.05707
frame 412 time 103.0 binding_event at gene tetA enzyme RNAP with twist -250.24881 superhelical -0.11511 global twist -198.21954 global supercoiling -0.05645
frame 416 time 104.0 binding_event at gene Raspberry enzyme RNAP with twist -202.89992 superhelical -0.11700 global twist -198.21954 global supercoiling -0.05676
frame 435 time 108.75 binding_event at gene mKalama1 enzyme RNAP with twist -107.24783 superhelical -0.12653 global twist -198.21954 global supercoiling -0.05707
frame 473 time 118.25 unbinding_event at gene tetA enzyme RNAP with twist 56.74106 superhelical -0.11613 global twist -198.21954 global supercoiling -0.05739
frame 491 time 122.75 binding_event at gene Raspberry enzyme RNAP with twist -123.96359 superhelical -0.18132 global twist -198.21954 global supercoiling -0.05707
frame 524 time 131.0 unbinding_event at gene Raspberry enzyme RNAP with twist -171.92543 superhelical -0.18655 global twist -198.21954 global supercoiling -0.05739
frame 544 time 136.0 unbinding_event at gene mKalama1 enzyme RNAP with twist -146.76462 superhelical 0.09702 global twist -198.21954 global supercoiling -0.05707
frame 562 time 140.5 binding_event at DNA_gyrase 22 enzyme gyrase with twist 135.72967 superhelical 0.12097 global twist -198.21954 global supercoiling -0.05676
frame 569 time 142.25 binding_event at gene mKalama1 enzyme RNAP with twist -168.30697 superhelical -0.15130 global twist -207.64431 global supercoiling -0.06071
frame 575 time 143.75 unbinding_event at gene tetA enzyme RNAP with twist -58.11195 superhelical -0.13335 global twist -215.72270 global supercoiling -0.06342
frame 581 time 145.25 unbinding_event at DNA_gyrase 22 enzyme gyrase with twist -45.17174 superhelical -0.02736 global twist -223.80108 global supercoiling -0.06543
frame 582 time 145.5 binding_event at DNA_topoI 28 enzyme topoI with twist -88.00727 superhelical -0.14939 global twist -225.14747 global supercoiling -0.06447
frame 585 time 146.25 unbinding_event at DNA_topoI 28 enzyme topoI with twist -76.63770 superhelical -0.13319 global twist -219.31309 global supercoiling -0.06412
frame 599 time 149.75 unbinding_event at gene Raspberry enzyme RNAP with twist -153.29696 superhelical -0.17165 global twist -217.36829 global supercoiling -0.06224
frame 678 time 169.5 unbinding_event at gene mKalama1 enzyme RNAP with twist -217.36829 superhelical 0.04447 global twist -217.36829 global supercoiling -0.06190
frame 681 time 170.25 binding_event at gene tetA enzyme RNAP with twist -217.36829 superhelical -0.06157 global twist -217.36829 global supercoiling -0.06157
frame 767 time 191.75 binding_event at DNA_topoI 36 enzyme topoI with twist -183.43273 superhelical -0.08726 global twist -217.36829 global supercoiling -0.06190
frame 779 time 194.75 binding_event at gene tetA enzyme RNAP with twist -121.12058 superhelical -0.08624 global twist -194.03075 global supercoiling -0.05641
frame 779 time 194.75 unbinding_event at DNA_topoI 36 enzyme topoI with twist -133.03827 superhelical -0.07175 global twist -194.03075 global supercoiling -0.05641
frame 844 time 211.0 unbinding_event at gene tetA enzyme RNAP with twist -0.70382 superhelical -0.08743 global twist -192.08595 global supercoiling -0.05500
frame 942 time 235.5 unbinding_event at gene tetA enzyme RNAP with twist -192.08595 superhelical -0.11392 global twist -192.08595 global supercoiling -0.05470
frame 1137 time 284.25 binding_event at gene CDS enzyme RNAP with twist -192.08595 superhelical -0.05441 global twist -192.08595 global supercoiling -0.05441
frame 1154 time 288.5 binding_event at DNA_topoI 11 enzyme topoI with twist -169.01303 superhelical -0.05854 global twist -192.08595 global supercoiling -0.05470
frame 1154 time 288.5 unbinding_event at DNA_topoI 11 enzyme topoI with twist -167.96584 superhelical -0.05964 global twist -192.08595 global supercoiling -0.05470
frame 1156 time 289.0 binding_event at gene tetA enzyme RNAP with twist -168.86343 superhelical -0.05831 global twist -190.14116 global supercoiling -0.05415
frame 1166 time 291.5 unbinding_event at gene CDS enzyme RNAP with twist -79.52908 superhelical -0.05870 global twist -190.14116 global supercoiling -0.05445
frame 1177 time 294.25 binding_event at gene tetA enzyme RNAP with twist -119.58805 superhelical -0.06605 global twist -190.14116 global supercoiling -0.05415
frame 1202 time 300.5 binding_event at DNA_gyrase 3 enzyme gyrase with twist -5.01363 superhelical -0.06676 global twist -190.14116 global supercoiling -0.05445
frame 1202 time 300.5 unbinding_event at DNA_gyrase 3 enzyme gyrase with twist -6.36003 superhelical -0.04875 global twist -190.14116 global supercoiling -0.05445
frame 1319 time 329.75 unbinding_event at gene tetA enzyme RNAP with twist 51.44337 superhelical -0.08469 global twist -191.48755 global supercoiling -0.05483
frame 1320 time 330.0 binding_event at gene Raspberry enzyme RNAP with twist -242.93092 superhelical -0.10302 global twist -191.48755 global supercoiling -0.05453
frame 1340 time 335.0 unbinding_event at gene tetA enzyme RNAP with twist -93.45314 superhelical -0.10387 global twist -191.48755 global supercoiling -0.05483
frame 1397 time 349.25 binding_event at DNA_gyrase 23 enzyme gyrase with twist -43.18766 superhelical -0.01797 global twist -191.48755 global supercoiling -0.05453
frame 1412 time 353.0 unbinding_event at DNA_gyrase 23 enzyme gyrase with twist -50.36844 superhelical -0.01746 global twist -211.68350 global supercoiling -0.06154
frame 1420 time 355.0 binding_event at gene Raspberry enzyme RNAP with twist -168.94464 superhelical -0.13949 global twist -213.02990 global supercoiling -0.06067
frame 1428 time 357.0 unbinding_event at gene Raspberry enzyme RNAP with twist -96.90158 superhelical -0.14173 global twist -213.02990 global supercoiling -0.06100
frame 1472 time 368.0 binding_event at gene tetA enzyme RNAP with twist -58.30487 superhelical -0.02318 global twist -213.02990 global supercoiling -0.06067
frame 1521 time 380.25 binding_event at gene mKalama1 enzyme RNAP with twist -198.70733 superhelical -0.16346 global twist -213.02990 global supercoiling -0.06100
frame 1528 time 382.0 unbinding_event at gene Raspberry enzyme RNAP with twist -121.92038 superhelical -0.17000 global twist -213.02990 global supercoiling -0.06134
frame 1540 time 385.0 binding_event at gene tetA enzyme RNAP with twist -141.66753 superhelical -0.09838 global twist -213.02990 global supercoiling -0.06100
frame 1548 time 387.0 binding_event at gene mKalama1 enzyme RNAP with twist -127.51064 superhelical -0.10567 global twist -213.02990 global supercoiling -0.06134
frame 1562 time 390.5 binding_event at DNA_topoI 34 enzyme topoI with twist -10.95518 superhelical -0.10738 global twist -213.02990 global supercoiling -0.06168
frame 1600 time 400.0 unbinding_event at DNA_topoI 34 enzyme topoI with twist 38.86150 superhelical -0.02062 global twist -139.12767 global supercoiling -0.04114
frame 1605 time 401.25 binding_event at DNA_gyrase 20 enzyme gyrase with twist 77.45468 superhelical 0.06464 global twist -137.18288 global supercoiling -0.03972
frame 1605 time 401.25 unbinding_event at DNA_gyrase 20 enzyme gyrase with twist 77.00588 superhelical 0.06944 global twist -137.18288 global supercoiling -0.03972
frame 1630 time 407.5 unbinding_event at gene mKalama1 enzyme RNAP with twist 30.06972 superhelical -0.05717 global twist -138.52928 global supercoiling -0.04011
frame 1635 time 408.75 unbinding_event at gene tetA enzyme RNAP with twist 75.41536 superhelical -0.09970 global twist -138.52928 global supercoiling -0.03989
frame 1642 time 410.5 binding_event at DNA_topoI 3 enzyme topoI with twist -259.27352 superhelical -0.14411 global twist -138.52928 global supercoiling -0.03967
frame 1643 time 410.75 unbinding_event at DNA_topoI 3 enzyme topoI with twist -258.97432 superhelical -0.14913 global twist -136.58448 global supercoiling -0.03993
frame 1664 time 416.0 binding_event at gene tetA enzyme RNAP with twist -294.87824 superhelical -0.14769 global twist -134.63969 global supercoiling -0.03855
frame 1686 time 421.5 unbinding_event at gene mKalama1 enzyme RNAP with twist -175.69918 superhelical 0.52237 global twist -134.63969 global supercoiling -0.03877
frame 1690 time 422.5 binding_event at DNA_topoI 8 enzyme topoI with twist -80.13335 superhelical -0.14912 global twist -134.63969 global supercoiling -0.03855
frame 1690 time 422.5 unbinding_event at DNA_topoI 8 enzyme topoI with twist -78.18856 superhelical -0.16940 global twist -134.63969 global supercoiling -0.03855
frame 1703 time 425.75 unbinding_event at gene tetA enzyme RNAP with twist 58.26346 superhelical -0.14550 global twist -132.69489 global supercoiling -0.03800
frame 1734 time 433.5 binding_event at gene mKalama1 enzyme RNAP with twist -217.88629 superhelical -0.10731 global twist -132.69489 global supercoiling -0.03779
frame 1745 time 436.25 binding_event at DNA_gyrase 15 enzyme gyrase with twist 95.06497 superhelical 0.06640 global twist -132.69489 global supercoiling -0.03800
frame 1745 time 436.25 unbinding_event at DNA_gyrase 15 enzyme gyrase with twist 94.61617 superhelical 0.07072 global twist -132.69489 global supercoiling -0.03800
frame 1760 time 440.0 binding_event at gene mKalama1 enzyme RNAP with twist -194.41768 superhelical -0.12173 global twist -134.04129 global supercoiling -0.03838
frame 1784 time 446.0 binding_event at DNA_gyrase 18 enzyme gyrase with twist 128.72489 superhelical 0.10244 global twist -134.04129 global supercoiling -0.03859
frame 1787 time 446.75 unbinding_event at DNA_gyrase 18 enzyme gyrase with twist 126.92970 superhelical 0.11280 global twist -138.08048 global supercoiling -0.04060
frame 1827 time 456.75 unbinding_event at gene tetA enzyme RNAP with twist -141.63991 superhelical -0.14563 global twist -139.42687 global supercoiling -0.04014
frame 1843 time 460.75 unbinding_event at gene mKalama1 enzyme RNAP with twist 16.57460 superhelical 0.18592 global twist -139.42687 global supercoiling -0.03992
frame 1869 time 467.25 unbinding_event at gene mKalama1 enzyme RNAP with twist -139.42687 superhelical 0.25953 global twist -139.42687 global supercoiling -0.03971
frame 1896 time 474.0 binding_event at DNA_gyrase 17 enzyme gyrase with twist -139.42687 superhelical -0.03949 global twist -139.42687 global supercoiling -0.03949
frame 1896 time 474.0 unbinding_event at DNA_gyrase 17 enzyme gyrase with twist -140.77327 superhelical -0.04054 global twist -139.42687 global supercoiling -0.03949
frame 1897 time 474.25 binding_event at DNA_gyrase 35 enzyme gyrase with twist -140.77327 superhelical -0.03987 global twist -140.77327 global supercoiling -0.03987
frame 1902 time 475.5 unbinding_event at DNA_gyrase 35 enzyme gyrase with twist -148.85165 superhelical -0.04734 global twist -147.50526 global supercoiling -0.04265
frame 1938 time 484.5 binding_event at DNA_gyrase 22 enzyme gyrase with twist -148.85165 superhelical -0.04216 global twist -148.85165 global supercoiling -0.04216
frame 1939 time 484.75 unbinding_event at DNA_gyrase 22 enzyme gyrase with twist -151.54445 superhelical -0.04345 global twist -150.19805 global supercoiling -0.04343
frame 2012 time 503.0 binding_event at DNA_topoI 8 enzyme topoI with twist -151.54445 superhelical -0.04292 global twist -151.54445 global supercoiling -0.04292
frame 2014 time 503.5 unbinding_event at DNA_topoI 8 enzyme topoI with twist -145.71006 superhelical -0.04252 global twist -147.65485 global supercoiling -0.04269
frame 2042 time 510.5 binding_event at gene tetA enzyme RNAP with twist -145.71006 superhelical -0.04127 global twist -145.71006 global supercoiling -0.04127
frame 2205 time 551.25 unbinding_event at gene tetA enzyme RNAP with twist -145.71006 superhelical -0.08907 global twist -145.71006 global supercoiling -0.04150
frame 2210 time 552.5 binding_event at gene tetA enzyme RNAP with twist -145.71006 superhelical -0.04127 global twist -145.71006 global supercoiling -0.04127
frame 2228 time 557.0 binding_event at DNA_topoI 8 enzyme topoI with twist -58.33713 superhelical -0.03403 global twist -145.71006 global supercoiling -0.04150
frame 2236 time 559.0 unbinding_event at DNA_topoI 8 enzyme topoI with twist -32.75559 superhelical 0.00269 global twist -130.15170 global supercoiling -0.03784
frame 2291 time 572.75 binding_event at gene tetA enzyme RNAP with twist -143.92159 superhelical -0.06920 global twist -128.20690 global supercoiling -0.03651
frame 2300 time 575.0 binding_event at DNA_topoI 43 enzyme topoI with twist -127.94687 superhelical -0.07284 global twist -128.20690 global supercoiling -0.03671
frame 2334 time 583.5 unbinding_event at DNA_topoI 43 enzyme topoI with twist -91.29495 superhelical -0.04716 global twist -62.08385 global supercoiling -0.01815
frame 2341 time 585.25 binding_event at gene mKalama1 enzyme RNAP with twist -96.68054 superhelical -0.04982 global twist -60.13906 global supercoiling -0.01722
frame 2373 time 593.25 unbinding_event at gene tetA enzyme RNAP with twist 66.16221 superhelical -0.06984 global twist -60.13906 global supercoiling -0.01732
frame 2391 time 597.75 binding_event at DNA_topoI 35 enzyme topoI with twist -153.86221 superhelical -0.08931 global twist -60.13906 global supercoiling -0.01722
frame 2399 time 599.75 binding_event at gene tetA enzyme RNAP with twist -137.81625 superhelical -0.09060 global twist -44.58070 global supercoiling -0.01303
frame 2420 time 605.0 unbinding_event at DNA_topoI 35 enzyme topoI with twist -106.65667 superhelical -0.04395 global twist -3.73999 global supercoiling -0.00110
frame 2430 time 607.5 binding_event at DNA_topoI 2 enzyme topoI with twist -122.81344 superhelical -0.07733 global twist -1.79520 global supercoiling -0.00052
frame 2447 time 611.75 binding_event at DNA_topoI 35 enzyme topoI with twist -118.08843 superhelical -0.07210 global twist 31.26633 global supercoiling 0.00919
frame 2448 time 612.0 unbinding_event at DNA_topoI 2 enzyme topoI with twist -84.77991 superhelical -0.07202 global twist 35.15592 global supercoiling 0.01056
frame 2450 time 612.5 unbinding_event at gene mKalama1 enzyme RNAP with twist 35.00571 superhelical 0.43019 global twist 40.99030 global supercoiling 0.01205
frame 2454 time 613.5 unbinding_event at gene tetA enzyme RNAP with twist 96.15010 superhelical -0.09176 global twist 48.76949 global supercoiling 0.01426
frame 2456 time 614.0 unbinding_event at DNA_topoI 35 enzyme topoI with twist -43.34142 superhelical 0.06717 global twist 52.65908 global supercoiling 0.01531
frame 2500 time 625.0 binding_event at DNA_gyrase 9 enzyme gyrase with twist 136.54200 superhelical 0.10175 global twist 54.60387 global supercoiling 0.01555
frame 2511 time 627.75 binding_event at gene tetA enzyme RNAP with twist -91.81171 superhelical -0.04138 global twist 39.79351 global supercoiling 0.01157
frame 2518 time 629.5 unbinding_event at DNA_gyrase 9 enzyme gyrase with twist 128.01482 superhelical 0.34130 global twist 30.36873 global supercoiling 0.00888
frame 2539 time 634.75 binding_event at DNA_topoI 29 enzyme topoI with twist -96.76385 superhelical -0.05254 global twist 29.02233 global supercoiling 0.00831
frame 2544 time 636.0 unbinding_event at DNA_topoI 29 enzyme topoI with twist -90.48067 superhelical -0.02173 global twist 38.74631 global supercoiling 0.01133
frame 2562 time 640.5 unbinding_event at gene tetA enzyme RNAP with twist 147.32854 superhelical -0.04174 global twist 40.69110 global supercoiling 0.01165
frame 2625 time 656.25 binding_event at DNA_gyrase 9 enzyme gyrase with twist 202.97961 superhelical 0.15814 global twist 40.69110 global supercoiling 0.01159
frame 2633 time 658.25 unbinding_event at DNA_gyrase 9 enzyme gyrase with twist 198.94042 superhelical 0.36726 global twist 29.91993 global supercoiling 0.00870
frame 2638 time 659.5 binding_event at DNA_topoI 27 enzyme topoI with twist -173.95727 superhelical -0.07609 global twist 28.57353 global supercoiling 0.00814
frame 2644 time 661.0 unbinding_event at DNA_topoI 27 enzyme topoI with twist -166.62689 superhelical 0.12457 global twist 40.24231 global supercoiling 0.01170
frame 2669 time 667.25 binding_event at gene tetA enzyme RNAP with twist -188.16924 superhelical -0.07759 global twist 42.18710 global supercoiling 0.01201
frame 2674 time 668.5 unbinding_event at gene tetA enzyme RNAP with twist 181.78542 superhelical -0.07820 global twist 42.18710 global supercoiling 0.01208
frame 2707 time 676.75 binding_event at DNA_gyrase 10 enzyme gyrase with twist 210.50855 superhelical 0.12957 global twist 42.18710 global supercoiling 0.01201
frame 2710 time 677.5 unbinding_event at DNA_gyrase 10 enzyme gyrase with twist 208.71335 superhelical 0.14251 global twist 38.14791 global supercoiling 0.01109
frame 2724 time 681.0 binding_event at DNA_gyrase 15 enzyme gyrase with twist 220.38213 superhelical 0.14233 global twist 36.80151 global supercoiling 0.01048
frame 2744 time 686.0 unbinding_event at DNA_gyrase 15 enzyme gyrase with twist 210.95735 superhelical 0.17664 global twist 9.87358 global supercoiling 0.00287
frame 2763 time 690.75 binding_event at DNA_gyrase 15 enzyme gyrase with twist 227.11411 superhelical 0.16538 global twist 8.52718 global supercoiling 0.00243
frame 2766 time 691.5 unbinding_event at DNA_gyrase 15 enzyme gyrase with twist 225.31892 superhelical 0.18136 global twist 4.48799 global supercoiling 0.00130
frame 2796 time 699.0 binding_event at DNA_topoI 2 enzyme topoI with twist -248.20766 superhelical -0.10857 global twist 3.14159 global supercoiling 0.00089
frame 2807 time 701.75 unbinding_event at DNA_topoI 2 enzyme topoI with twist -235.64129 superhelical -0.10571 global twist 24.53434 global supercoiling 0.00713
frame 2820 time 705.0 binding_event at DNA_gyrase 21 enzyme gyrase with twist 272.89160 superhelical 0.24420 global twist 26.47914 global supercoiling 0.00754
frame 2832 time 708.0 unbinding_event at gene tetA enzyme RNAP with twist -51.60799 superhelical -0.10524 global twist 10.32238 global supercoiling 0.00300
frame 2846 time 711.5 unbinding_event at DNA_gyrase 21 enzyme gyrase with twist -9.87358 superhelical -0.01911 global twist -8.52718 global supercoiling -0.00247
frame 2962 time 740.5 binding_event at DNA_gyrase 9 enzyme gyrase with twist -9.87358 superhelical -0.00280 global twist -9.87358 global supercoiling -0.00280
frame 2966 time 741.5 unbinding_event at DNA_gyrase 9 enzyme gyrase with twist -16.60556 superhelical -0.00430 global twist -15.25916 global supercoiling -0.00441
frame 2983 time 745.75 binding_event at gene tetA enzyme RNAP with twist -16.60556 superhelical -0.00470 global twist -16.60556 global supercoiling -0.00470
frame 3074 time 768.5 binding_event at DNA_gyrase 23 enzyme gyrase with twist 73.19186 superhelical 0.05278 global twist -16.60556 global supercoiling -0.00473
frame 3077 time 769.25 unbinding_event at DNA_gyrase 23 enzyme gyrase with twist 71.39666 superhelical 0.05727 global twist -20.64475 global supercoiling -0.00600
frame 3146 time 786.5 unbinding_event at gene tetA enzyme RNAP with twist -21.99115 superhelical -0.06334 global twist -21.99115 global supercoiling -0.00626
frame 3220 time 805.0 binding_event at gene tetA enzyme RNAP with twist -21.99115 superhelical -0.00623 global twist -21.99115 global supercoiling -0.00623
frame 3271 time 817.75 binding_event at DNA_gyrase 14 enzyme gyrase with twist 34.53457 superhelical 0.02205 global twist -21.99115 global supercoiling -0.00626
frame 3287 time 821.75 unbinding_event at DNA_gyrase 14 enzyme gyrase with twist 26.90499 superhelical 0.03169 global twist -43.53350 global supercoiling -0.01266
frame 3328 time 832.0 binding_event at DNA_gyrase 10 enzyme gyrase with twist 62.80891 superhelical 0.04793 global twist -44.87990 global supercoiling -0.01278
frame 3341 time 835.25 unbinding_event at DNA_gyrase 10 enzyme gyrase with twist 56.52572 superhelical 0.10331 global twist -62.38305 global supercoiling -0.01814
frame 3368 time 842.0 binding_event at DNA_gyrase 18 enzyme gyrase with twist 79.86327 superhelical 0.07061 global twist -63.72945 global supercoiling -0.01815
frame 3373 time 843.25 unbinding_event at DNA_gyrase 18 enzyme gyrase with twist 77.17047 superhelical 0.08153 global twist -70.46144 global supercoiling -0.02049
frame 3383 time 845.75 unbinding_event at gene tetA enzyme RNAP with twist -71.80783 superhelical -0.06441 global twist -71.80783 global supercoiling -0.02045
frame 3400 time 850.0 binding_event at DNA_gyrase 25 enzyme gyrase with twist -71.80783 superhelical -0.02034 global twist -71.80783 global supercoiling -0.02034
frame 3401 time 850.25 unbinding_event at DNA_gyrase 25 enzyme gyrase with twist -74.50063 superhelical -0.02089 global twist -73.15423 global supercoiling -0.02115
frame 3648 time 912.0 binding_event at DNA_gyrase 7 enzyme gyrase with twist -74.50063 superhelical -0.02110 global twist -74.50063 global supercoiling -0.02110
frame 3665 time 916.25 unbinding_event at DNA_gyrase 7 enzyme gyrase with twist -98.73577 superhelical -0.02708 global twist -97.38937 global supercoiling -0.02816
frame 3719 time 929.75 binding_event at DNA_topoI 20 enzyme topoI with twist -98.73577 superhelical -0.02797 global twist -98.73577 global supercoiling -0.02797
frame 3725 time 931.25 unbinding_event at DNA_topoI 20 enzyme topoI with twist -85.12220 superhelical -0.02637 global twist -87.06700 global supercoiling -0.02517
frame 3824 time 956.0 binding_event at DNA_topoI 15 enzyme topoI with twist -85.12220 superhelical -0.02411 global twist -85.12220 global supercoiling -0.02411
frame 3827 time 956.75 unbinding_event at DNA_topoI 15 enzyme topoI with twist -77.34302 superhelical -0.02320 global twist -79.28781 global supercoiling -0.02292
frame 3921 time 980.25 binding_event at DNA_topoI 5 enzyme topoI with twist -77.34302 superhelical -0.02191 global twist -77.34302 global supercoiling -0.02191
frame 3940 time 985.0 unbinding_event at DNA_topoI 5 enzyme topoI with twist -38.44711 superhelical -0.01285 global twist -40.39191 global supercoiling -0.01168
frame 4008 time 1002.0 binding_event at gene tetA enzyme RNAP with twist -38.44711 superhelical -0.01089 global twist -38.44711 global supercoiling -0.01089
frame 4131 time 1032.75 binding_event at DNA_gyrase 25 enzyme gyrase with twist 90.74856 superhelical 0.07300 global twist -38.44711 global supercoiling -0.01095
frame 4131 time 1032.75 unbinding_event at DNA_gyrase 25 enzyme gyrase with twist 90.29976 superhelical 0.07520 global twist -38.44711 global supercoiling -0.01095
frame 4171 time 1042.75 unbinding_event at gene tetA enzyme RNAP with twist -39.79351 superhelical -0.06769 global twist -39.79351 global supercoiling -0.01133
frame 4262 time 1065.5 binding_event at gene mKalama1 enzyme RNAP with twist -39.79351 superhelical -0.01127 global twist -39.79351 global supercoiling -0.01127
frame 4321 time 1080.25 binding_event at DNA_topoI 15 enzyme topoI with twist -85.41426 superhelical -0.02730 global twist -39.79351 global supercoiling -0.01133
frame 4326 time 1081.5 unbinding_event at DNA_topoI 15 enzyme topoI with twist -79.13108 superhelical -0.02744 global twist -30.06953 global supercoiling -0.00874
frame 4337 time 1084.25 binding_event at gene tetA enzyme RNAP with twist -88.10706 superhelical -0.02753 global twist -28.12473 global supercoiling -0.00801
frame 4371 time 1092.75 unbinding_event at gene mKalama1 enzyme RNAP with twist -9.82352 superhelical 0.59431 global twist -28.12473 global supercoiling -0.00805
frame 4430 time 1107.5 binding_event at DNA_gyrase 18 enzyme gyrase with twist 33.75947 superhelical 0.02450 global twist -28.12473 global supercoiling -0.00801
frame 4497 time 1124.25 unbinding_event at DNA_gyrase 18 enzyme gyrase with twist 3.24114 superhelical 0.07039 global twist -118.33332 global supercoiling -0.03440
frame 4500 time 1125.0 unbinding_event at gene tetA enzyme RNAP with twist -119.67972 superhelical -0.05122 global twist -119.67972 global supercoiling -0.03408
frame 4637 time 1159.25 binding_event at DNA_topoI 29 enzyme topoI with twist -119.67972 superhelical -0.03390 global twist -119.67972 global supercoiling -0.03390
frame 4640 time 1160.0 unbinding_event at DNA_topoI 29 enzyme topoI with twist -111.90054 superhelical -0.01264 global twist -113.84533 global supercoiling -0.03292
frame 4825 time 1206.25 binding_event at gene tetA enzyme RNAP with twist -111.90054 superhelical -0.03169 global twist -111.90054 global supercoiling -0.03169
frame 4843 time 1210.75 binding_event at gene tetA enzyme RNAP with twist -70.84844 superhelical -0.03943 global twist -111.90054 global supercoiling -0.03187
frame 4857 time 1214.25 binding_event at DNA_topoI 38 enzyme topoI with twist -80.95860 superhelical -0.04551 global twist -111.90054 global supercoiling -0.03204
frame 4858 time 1214.5 binding_event at DNA_topoI 49 enzyme topoI with twist -41.83752 superhelical -0.04710 global twist -109.95574 global supercoiling -0.03215
frame 4864 time 1216.0 unbinding_event at DNA_topoI 38 enzyme topoI with twist -54.44725 superhelical -0.03797 global twist -86.61820 global supercoiling -0.02587
frame 4865 time 1216.25 unbinding_event at DNA_topoI 49 enzyme topoI with twist -57.92025 superhelical -0.03315 global twist -82.72861 global supercoiling -0.02419
frame 4971 time 1242.75 binding_event at gene tetA enzyme RNAP with twist -152.16803 superhelical -0.06643 global twist -80.78381 global supercoiling -0.02313
frame 4988 time 1247.0 unbinding_event at gene tetA enzyme RNAP with twist 87.54099 superhelical -0.03985 global twist -80.78381 global supercoiling -0.02326
frame 4996 time 1249.0 binding_event at DNA_topoI 43 enzyme topoI with twist -137.40779 superhelical -0.07515 global twist -80.78381 global supercoiling -0.02313
frame 5006 time 1251.5 unbinding_event at gene tetA enzyme RNAP with twist 66.49755 superhelical -0.06699 global twist -61.33586 global supercoiling -0.01793
frame 5013 time 1253.25 unbinding_event at DNA_topoI 43 enzyme topoI with twist -118.55823 superhelical -0.06342 global twist -47.72229 global supercoiling -0.01387
frame 5134 time 1283.5 unbinding_event at gene tetA enzyme RNAP with twist -45.77749 superhelical -0.09264 global twist -45.77749 global supercoiling -0.01304
frame 5225 time 1306.25 binding_event at gene tetA enzyme RNAP with twist -45.77749 superhelical -0.01297 global twist -45.77749 global supercoiling -0.01297
frame 5339 time 1334.75 binding_event at DNA_topoI 26 enzyme topoI with twist -124.70003 superhelical -0.05597 global twist -45.77749 global supercoiling -0.01304
frame 5343 time 1335.75 binding_event at gene tetA enzyme RNAP with twist -122.26178 superhelical -0.05527 global twist -37.99831 global supercoiling -0.01105
frame 5353 time 1338.25 unbinding_event at DNA_topoI 26 enzyme topoI with twist -80.53659 superhelical 0.32501 global twist -18.55036 global supercoiling -0.00542
frame 5388 time 1347.0 unbinding_event at gene tetA enzyme RNAP with twist 95.34696 superhelical -0.05575 global twist -16.60556 global supercoiling -0.00475
frame 5506 time 1376.5 unbinding_event at gene tetA enzyme RNAP with twist -16.60556 superhelical -0.08885 global twist -16.60556 global supercoiling -0.00473
frame 5530 time 1382.5 binding_event at gene tetA enzyme RNAP with twist -16.60556 superhelical -0.00470 global twist -16.60556 global supercoiling -0.00470
frame 5549 time 1387.25 binding_event at DNA_topoI 23 enzyme topoI with twist 8.56481 superhelical 0.00501 global twist -16.60556 global supercoiling -0.00473
frame 5564 time 1391.0 binding_event at DNA_gyrase 17 enzyme gyrase with twist 35.97649 superhelical 0.02483 global twist 12.56637 global supercoiling 0.00365
frame 5572 time 1393.0 unbinding_event at DNA_topoI 23 enzyme topoI with twist 36.04969 superhelical 0.03363 global twist 17.35356 global supercoiling 0.00515
frame 5578 time 1394.5 unbinding_event at DNA_gyrase 17 enzyme gyrase with twist 61.97188 superhelical 0.03152 global twist 11.21997 global supercoiling 0.00326
frame 5580 time 1395.0 binding_event at DNA_gyrase 9 enzyme gyrase with twist 62.86948 superhelical 0.04002 global twist 9.87358 global supercoiling 0.00281
frame 5580 time 1395.0 unbinding_event at DNA_gyrase 9 enzyme gyrase with twist 62.42068 superhelical 0.04307 global twist 9.87358 global supercoiling 0.00281
frame 5591 time 1397.75 binding_event at DNA_topoI 0 enzyme topoI with twist -62.86948 superhelical -0.03159 global twist 8.52718 global supercoiling 0.00243
frame 5599 time 1399.75 unbinding_event at DNA_topoI 0 enzyme topoI with twist -53.44470 superhelical -0.02758 global twist 24.08554 global supercoiling 0.00700
frame 5638 time 1409.5 binding_event at gene tetA enzyme RNAP with twist -87.55342 superhelical -0.03978 global twist 26.03034 global supercoiling 0.00741
frame 5693 time 1423.25 unbinding_event at gene tetA enzyme RNAP with twist 145.16670 superhelical -0.04013 global twist 26.03034 global supercoiling 0.00745
frame 5712 time 1428.0 binding_event at DNA_gyrase 11 enzyme gyrase with twist 161.32346 superhelical 0.11026 global twist 26.03034 global supercoiling 0.00741
frame 5714 time 1428.5 unbinding_event at DNA_gyrase 11 enzyme gyrase with twist 159.97707 superhelical 0.12162 global twist 23.33755 global supercoiling 0.00678
frame 5752 time 1438.0 binding_event at gene tetA enzyme RNAP with twist -171.19704 superhelical -0.07684 global twist 21.99115 global supercoiling 0.00626
frame 5801 time 1450.25 binding_event at DNA_topoI 34 enzyme topoI with twist -177.00671 superhelical -0.09142 global twist 21.99115 global supercoiling 0.00630
frame 5801 time 1450.25 unbinding_event at gene tetA enzyme RNAP with twist 199.89546 superhelical -0.07751 global twist 21.99115 global supercoiling 0.00630
frame 5804 time 1451.0 binding_event at DNA_gyrase 6 enzyme gyrase with twist 201.69065 superhelical 0.12914 global twist 27.82553 global supercoiling 0.00809
frame 5808 time 1452.0 unbinding_event at DNA_gyrase 6 enzyme gyrase with twist 199.44666 superhelical 0.16870 global twist 30.21913 global supercoiling 0.00897
frame 5811 time 1452.75 binding_event at DNA_gyrase 10 enzyme gyrase with twist 201.24185 superhelical 0.13150 global twist 34.70712 global supercoiling 0.01009
frame 5816 time 1454.0 unbinding_event at DNA_gyrase 10 enzyme gyrase with twist 198.54906 superhelical 0.15143 global twist 37.69911 global supercoiling 0.01119
frame 5817 time 1454.25 binding_event at DNA_topoI 49 enzyme topoI with twist -124.90379 superhelical -0.08922 global twist 38.29751 global supercoiling 0.01113
frame 5817 time 1454.25 unbinding_event at DNA_topoI 49 enzyme topoI with twist -122.88420 superhelical -0.09211 global twist 38.29751 global supercoiling 0.01113
frame 5824 time 1456.0 binding_event at DNA_gyrase 13 enzyme gyrase with twist 204.83224 superhelical 0.13915 global twist 53.85587 global supercoiling 0.01566
frame 5826 time 1456.5 unbinding_event at DNA_gyrase 13 enzyme gyrase with twist 203.48585 superhelical 0.15112 global twist 55.05267 global supercoiling 0.01635
frame 5826 time 1456.5 unbinding_event at DNA_topoI 34 enzyme topoI with twist -147.83478 superhelical -0.04779 global twist 55.05267 global supercoiling 0.01635
frame 5915 time 1478.75 unbinding_event at gene tetA enzyme RNAP with twist 55.65107 superhelical -0.09286 global twist 55.65107 global supercoiling 0.01585
frame 5946 time 1486.5 binding_event at DNA_gyrase 12 enzyme gyrase with twist 55.65107 superhelical 0.01576 global twist 55.65107 global supercoiling 0.01576
frame 5947 time 1486.75 unbinding_event at DNA_gyrase 12 enzyme gyrase with twist 52.95828 superhelical 0.01556 global twist 54.30467 global supercoiling 0.01570
frame 6011 time 1502.75 binding_event at DNA_gyrase 42 enzyme gyrase with twist 52.95828 superhelical 0.01500 global twist 52.95828 global supercoiling 0.01500
frame 6016 time 1504.0 unbinding_event at DNA_gyrase 42 enzyme gyrase with twist 44.87990 superhelical 0.01167 global twist 46.22629 global supercoiling 0.01337
frame 6100 time 1525.0 binding_event at DNA_gyrase 28 enzyme gyrase with twist 44.87990 superhelical 0.01271 global twist 44.87990 global supercoiling 0.01271
frame 6109 time 1527.25 unbinding_event at DNA_gyrase 28 enzyme gyrase with twist 31.41593 superhelical -0.05094 global twist 32.76232 global supercoiling 0.00947
frame 6158 time 1539.5 binding_event at DNA_gyrase 7 enzyme gyrase with twist 31.41593 superhelical 0.00890 global twist 31.41593 global supercoiling 0.00890
frame 6162 time 1540.5 unbinding_event at DNA_gyrase 7 enzyme gyrase with twist 24.68394 superhelical 0.00754 global twist 26.03034 global supercoiling 0.00753
frame 6335 time 1583.75 binding_event at gene tetA enzyme RNAP with twist 24.68394 superhelical 0.00699 global twist 24.68394 global supercoiling 0.00699
frame 6373 time 1593.25 binding_event at gene tetA enzyme RNAP with twist -22.04438 superhelical -0.01168 global twist 24.68394 global supercoiling 0.00703
frame 6498 time 1624.5 unbinding_event at gene tetA enzyme RNAP with twist 158.03866 superhelical -0.01180 global twist 24.68394 global supercoiling 0.00707
frame 6504 time 1626.0 binding_event at DNA_topoI 29 enzyme topoI with twist -137.84270 superhelical -0.05982 global twist 24.68394 global supercoiling 0.00703
frame 6505 time 1626.25 unbinding_event at DNA_topoI 29 enzyme topoI with twist -135.74831 superhelical -0.05077 global twist 26.62874 global supercoiling 0.00774
frame 6536 time 1634.0 unbinding_event at gene tetA enzyme RNAP with twist 28.57353 superhelical -0.06670 global twist 28.57353 global supercoiling 0.00814
frame 6747 time 1686.75 binding_event at gene tetA enzyme RNAP with twist 28.57353 superhelical 0.00809 global twist 28.57353 global supercoiling 0.00809
frame 6804 time 1701.0 binding_event at DNA_gyrase 1 enzyme gyrase with twist -37.19769 superhelical -0.01886 global twist 28.57353 global supercoiling 0.00814
frame 6812 time 1703.0 unbinding_event at DNA_gyrase 1 enzyme gyrase with twist -57.39365 superhelical -0.02302 global twist 17.80236 global supercoiling 0.00518
frame 6874 time 1718.5 binding_event at gene tetA enzyme RNAP with twist -112.14712 superhelical -0.04905 global twist 16.45596 global supercoiling 0.00469
frame 6877 time 1719.25 binding_event at DNA_gyrase 19 enzyme gyrase with twist 131.29587 superhelical 0.10835 global twist 16.45596 global supercoiling 0.00471
frame 6878 time 1719.5 unbinding_event at DNA_gyrase 19 enzyme gyrase with twist 130.39828 superhelical 0.11723 global twist 15.10956 global supercoiling 0.00442
frame 6894 time 1723.5 binding_event at DNA_topoI 45 enzyme topoI with twist -102.85045 superhelical -0.05695 global twist 13.76317 global supercoiling 0.00394
frame 6910 time 1727.5 unbinding_event at gene tetA enzyme RNAP with twist 131.87278 superhelical -0.04947 global twist 44.87990 global supercoiling 0.01312
frame 6911 time 1727.75 unbinding_event at DNA_topoI 45 enzyme topoI with twist -84.00089 superhelical -0.04611 global twist 46.82469 global supercoiling 0.01361
frame 6936 time 1734.0 binding_event at DNA_gyrase 14 enzyme gyrase with twist 154.31273 superhelical 0.10173 global twist 48.76949 global supercoiling 0.01389
frame 6937 time 1734.25 binding_event at DNA_topoI 3 enzyme topoI with twist -106.44084 superhelical -0.05325 global twist 47.42309 global supercoiling 0.01379
frame 6942 time 1735.5 binding_event at DNA_topoI 44 enzyme topoI with twist -100.10808 superhelical -0.05267 global twist 50.41508 global supercoiling 0.01497
frame 6942 time 1735.5 unbinding_event at DNA_topoI 3 enzyme topoI with twist -30.52474 superhelical -0.05136 global twist 50.41508 global supercoiling 0.01497
frame 6947 time 1736.75 unbinding_event at DNA_gyrase 14 enzyme gyrase with twist 148.92714 superhelical 0.12034 global twist 55.35187 global supercoiling 0.01644
frame 6952 time 1738.0 binding_event at gene tetA enzyme RNAP with twist -29.85154 superhelical -0.04033 global twist 63.72945 global supercoiling 0.01853
frame 6966 time 1741.5 unbinding_event at DNA_topoI 44 enzyme topoI with twist -59.38061 superhelical -0.03536 global twist 90.95659 global supercoiling 0.02659
frame 7037 time 1759.25 unbinding_event at gene tetA enzyme RNAP with twist 216.01145 superhelical -0.04140 global twist 92.90138 global supercoiling 0.02660
frame 7051 time 1762.75 binding_event at gene tetA enzyme RNAP with twist -134.77884 superhelical -0.06238 global twist 92.90138 global supercoiling 0.02646
frame 7102 time 1775.5 binding_event at DNA_topoI 31 enzyme topoI with twist -153.79641 superhelical -0.07907 global twist 92.90138 global supercoiling 0.02660
frame 7103 time 1775.75 binding_event at DNA_gyrase 13 enzyme gyrase with twist 274.35531 superhelical 0.24551 global twist 94.84618 global supercoiling 0.02773
frame 7108 time 1777.0 unbinding_event at DNA_topoI 31 enzyme topoI with twist -146.46603 superhelical -0.06088 global twist 97.83817 global supercoiling 0.02922
frame 7112 time 1778.0 binding_event at DNA_topoI 29 enzyme topoI with twist -149.15882 superhelical -0.07496 global twist 94.39738 global supercoiling 0.02760
frame 7115 time 1778.75 unbinding_event at gene tetA enzyme RNAP with twist 30.08635 superhelical -0.06294 global twist 96.19258 global supercoiling 0.02873
frame 7120 time 1780.0 unbinding_event at DNA_gyrase 13 enzyme gyrase with twist 239.51701 superhelical 0.05484 global twist 99.18457 global supercoiling 0.02945
frame 7140 time 1785.0 unbinding_event at DNA_topoI 29 enzyme topoI with twist -118.79010 superhelical 0.08144 global twist 136.73408 global supercoiling 0.03975
frame 7197 time 1799.25 binding_event at DNA_topoI 40 enzyme topoI with twist -169.05558 superhelical -0.07129 global twist 138.67888 global supercoiling 0.03949
frame 7198 time 1799.5 unbinding_event at DNA_topoI 40 enzyme topoI with twist -166.96118 superhelical -0.07150 global twist 140.62367 global supercoiling 0.04088
frame 7214 time 1803.5 unbinding_event at gene tetA enzyme RNAP with twist 142.56847 superhelical -0.07394 global twist 142.56847 global supercoiling 0.04060
frame 7216 time 1804.0 binding_event at DNA_gyrase 1 enzyme gyrase with twist 142.56847 superhelical 0.04038 global twist 142.56847 global supercoiling 0.04038
frame 7216 time 1804.0 unbinding_event at DNA_gyrase 1 enzyme gyrase with twist 141.22207 superhelical 0.04084 global twist 142.56847 global supercoiling 0.04038
frame 7274 time 1818.5 binding_event at DNA_gyrase 37 enzyme gyrase with twist 141.22207 superhelical 0.04000 global twist 141.22207 global supercoiling 0.04000
frame 7274 time 1818.5 unbinding_event at DNA_gyrase 37 enzyme gyrase with twist 139.87567 superhelical 0.03993 global twist 141.22207 global supercoiling 0.04000
frame 7282 time 1820.5 binding_event at DNA_gyrase 39 enzyme gyrase with twist 139.87567 superhelical 0.03962 global twist 139.87567 global supercoiling 0.03962
frame 7289 time 1822.25 unbinding_event at DNA_gyrase 39 enzyme gyrase with twist 129.10450 superhelical 0.03443 global twist 130.45089 global supercoiling 0.03772
frame 7346 time 1836.5 binding_event at DNA_gyrase 34 enzyme gyrase with twist 129.10450 superhelical 0.03657 global twist 129.10450 global supercoiling 0.03657
frame 7346 time 1836.5 unbinding_event at DNA_gyrase 34 enzyme gyrase with twist 127.75810 superhelical 0.03607 global twist 129.10450 global supercoiling 0.03657
frame 7358 time 1839.5 binding_event at DNA_gyrase 5 enzyme gyrase with twist 127.75810 superhelical 0.03619 global twist 127.75810 global supercoiling 0.03619
frame 7362 time 1840.5 unbinding_event at DNA_gyrase 5 enzyme gyrase with twist 121.02612 superhelical 0.03529 global twist 122.37251 global supercoiling 0.03538
frame 7387 time 1846.75 binding_event at DNA_gyrase 32 enzyme gyrase with twist 121.02612 superhelical 0.03428 global twist 121.02612 global supercoiling 0.03428
frame 7388 time 1847.0 unbinding_event at DNA_gyrase 32 enzyme gyrase with twist 118.33332 superhelical 0.03156 global twist 119.67972 global supercoiling 0.03460
frame 7420 time 1855.0 binding_event at DNA_gyrase 7 enzyme gyrase with twist 118.33332 superhelical 0.03352 global twist 118.33332 global supercoiling 0.03352
frame 7422 time 1855.5 binding_event at gene tetA enzyme RNAP with twist 73.50250 superhelical 0.03360 global twist 115.64053 global supercoiling 0.03343
frame 7428 time 1857.0 unbinding_event at DNA_gyrase 7 enzyme gyrase with twist 54.32974 superhelical 0.04015 global twist 107.56215 global supercoiling 0.03127
frame 7461 time 1865.25 binding_event at DNA_gyrase 20 enzyme gyrase with twist 83.05287 superhelical 0.05126 global twist 106.21575 global supercoiling 0.03025
frame 7462 time 1865.5 unbinding_event at DNA_gyrase 20 enzyme gyrase with twist 82.15527 superhelical 0.05441 global twist 104.86935 global supercoiling 0.03049
frame 7585 time 1896.25 unbinding_event at gene tetA enzyme RNAP with twist 103.52296 superhelical -0.03631 global twist 103.52296 global supercoiling 0.02948
frame 7606 time 1901.5 binding_event at DNA_gyrase 45 enzyme gyrase with twist 103.52296 superhelical 0.02932 global twist 103.52296 global supercoiling 0.02932
frame 7622 time 1905.5 unbinding_event at DNA_gyrase 45 enzyme gyrase with twist 80.63421 superhelical 0.02130 global twist 81.98061 global supercoiling 0.02370
frame 7640 time 1910.0 binding_event at DNA_gyrase 21 enzyme gyrase with twist 80.63421 superhelical 0.02284 global twist 80.63421 global supercoiling 0.02284
frame 7678 time 1919.5 unbinding_event at DNA_gyrase 21 enzyme gyrase with twist 28.12473 superhelical 0.01509 global twist 29.47113 global supercoiling 0.00852
frame 7703 time 1925.75 binding_event at DNA_gyrase 45 enzyme gyrase with twist 28.12473 superhelical 0.00797 global twist 28.12473 global supercoiling 0.00797
frame 7708 time 1927.0 unbinding_event at DNA_gyrase 45 enzyme gyrase with twist 20.04635 superhelical 0.00509 global twist 21.39275 global supercoiling 0.00619
frame 7733 time 1933.25 binding_event at gene tetA enzyme RNAP with twist 20.04635 superhelical 0.00568 global twist 20.04635 global supercoiling 0.00568
frame 7757 time 1939.25 binding_event at gene tetA enzyme RNAP with twist -11.74464 superhelical -0.00644 global twist 20.04635 global supercoiling 0.00571
frame 7764 time 1941.0 binding_event at gene tetA enzyme RNAP with twist -17.45150 superhelical -0.00999 global twist 20.04635 global supercoiling 0.00574
frame 7776 time 1944.0 binding_event at DNA_gyrase 13 enzyme gyrase with twist 48.84536 superhelical 0.03049 global twist 20.04635 global supercoiling 0.00577
frame 7783 time 1945.75 unbinding_event at DNA_gyrase 13 enzyme gyrase with twist 45.25496 superhelical 0.03641 global twist 10.62158 global supercoiling 0.00312
frame 7787 time 1946.75 binding_event at DNA_topoI 36 enzyme topoI with twist -37.97240 superhelical -0.02087 global twist 9.27518 global supercoiling 0.00267
frame 7788 time 1947.0 unbinding_event at DNA_topoI 36 enzyme topoI with twist -35.87800 superhelical -0.01887 global twist 11.21997 global supercoiling 0.00330
frame 7854 time 1963.5 binding_event at gene tetA enzyme RNAP with twist -94.22186 superhelical -0.04444 global twist 13.16477 global supercoiling 0.00379
frame 7896 time 1974.0 unbinding_event at gene tetA enzyme RNAP with twist 146.10720 superhelical -0.00651 global twist 13.16477 global supercoiling 0.00381
frame 7920 time 1980.0 unbinding_event at gene tetA enzyme RNAP with twist 167.52569 superhelical -0.01010 global twist 13.16477 global supercoiling 0.00379
frame 7927 time 1981.75 unbinding_event at gene tetA enzyme RNAP with twist 156.55321 superhelical -0.04485 global twist 13.16477 global supercoiling 0.00377
frame 7959 time 1989.75 binding_event at DNA_topoI 3 enzyme topoI with twist -171.21397 superhelical -0.07827 global twist 13.16477 global supercoiling 0.00375
frame 7962 time 1990.5 unbinding_event at DNA_topoI 3 enzyme topoI with twist -167.02518 superhelical -0.07888 global twist 18.99916 global supercoiling 0.00552
frame 7965 time 1991.25 binding_event at gene tetA enzyme RNAP with twist -168.82038 superhelical -0.07624 global twist 20.94395 global supercoiling 0.00596
frame 8013 time 2003.25 binding_event at DNA_topoI 10 enzyme topoI with twist -36.83814 superhelical -0.07690 global twist 20.94395 global supercoiling 0.00600
frame 8014 time 2003.5 unbinding_event at DNA_topoI 10 enzyme topoI with twist -32.94855 superhelical -0.06710 global twist 22.88875 global supercoiling 0.00669
frame 8017 time 2004.25 unbinding_event at gene tetA enzyme RNAP with twist 204.38847 superhelical -0.06878 global twist 24.83354 global supercoiling 0.00711
frame 8035 time 2008.75 binding_event at gene tetA enzyme RNAP with twist -194.81409 superhelical -0.09595 global twist 24.83354 global supercoiling 0.00707
frame 8041 time 2010.25 binding_event at DNA_gyrase 18 enzyme gyrase with twist 225.03322 superhelical 0.15476 global twist 24.83354 global supercoiling 0.00711
frame 8045 time 2011.25 unbinding_event at DNA_gyrase 18 enzyme gyrase with twist 222.78923 superhelical 0.16823 global twist 19.44795 global supercoiling 0.00569
frame 8053 time 2013.25 binding_event at DNA_topoI 36 enzyme topoI with twist -182.39503 superhelical -0.10150 global twist 18.10156 global supercoiling 0.00518
frame 8056 time 2014.0 binding_event at DNA_topoI 33 enzyme topoI with twist -68.95265 superhelical -0.10143 global twist 23.93594 global supercoiling 0.00700
frame 8059 time 2014.75 unbinding_event at DNA_topoI 36 enzyme topoI with twist -118.51044 superhelical -0.05925 global twist 35.60472 global supercoiling 0.01063
frame 8064 time 2016.0 unbinding_event at DNA_topoI 33 enzyme topoI with twist -162.04948 superhelical -0.09457 global twist 47.27349 global supercoiling 0.01382
frame 8102 time 2025.5 binding_event at DNA_gyrase 10 enzyme gyrase with twist 273.05471 superhelical 0.23134 global twist 49.21828 global supercoiling 0.01409
frame 8105 time 2026.25 unbinding_event at DNA_gyrase 10 enzyme gyrase with twist 271.25951 superhelical 0.39828 global twist 45.17909 global supercoiling 0.01321
frame 8128 time 2032.0 unbinding_event at gene tetA enzyme RNAP with twist 263.32844 superhelical -0.09686 global twist 43.83270 global supercoiling 0.01255
frame 8143 time 2035.75 binding_event at gene tetA enzyme RNAP with twist -232.06211 superhelical -0.10544 global twist 43.83270 global supercoiling 0.01248
frame 8147 time 2036.75 binding_event at DNA_gyrase 46 enzyme gyrase with twist -186.13404 superhelical -0.10733 global twist 43.83270 global supercoiling 0.01255
frame 8154 time 2038.5 unbinding_event at DNA_gyrase 46 enzyme gyrase with twist -204.08600 superhelical -0.11582 global twist 34.40792 global supercoiling 0.01006
frame 8169 time 2042.25 binding_event at gene mKalama1 enzyme RNAP with twist -216.65237 superhelical -0.11820 global twist 33.06152 global supercoiling 0.00947
frame 8198 time 2049.5 unbinding_event at gene tetA enzyme RNAP with twist 276.64183 superhelical -0.10636 global twist 33.06152 global supercoiling 0.00952
frame 8199 time 2049.75 binding_event at gene tetA enzyme RNAP with twist 276.64183 superhelical 0.19271 global twist 33.06152 global supercoiling 0.00947
frame 8214 time 2053.5 binding_event at DNA_gyrase 6 enzyme gyrase with twist 290.10580 superhelical 0.19648 global twist 502.87149 global supercoiling 0.14479
frame 8217 time 2054.25 binding_event at DNA_gyrase 9 enzyme gyrase with twist 275.29560 superhelical 0.20502 global twist 498.83230 global supercoiling 0.14666
frame 8218 time 2054.5 unbinding_event at DNA_gyrase 9 enzyme gyrase with twist 271.25640 superhelical 0.19785 global twist 496.13950 global supercoiling 0.14901
frame 8219 time 2054.75 unbinding_event at DNA_gyrase 6 enzyme gyrase with twist 284.72021 superhelical 0.40384 global twist 493.44671 global supercoiling 0.14508
frame 8243 time 2060.75 binding_event at DNA_gyrase 3 enzyme gyrase with twist 152.30593 superhelical 0.09645 global twist 492.10031 global supercoiling 0.14169
frame 8248 time 2062.0 unbinding_event at DNA_gyrase 3 enzyme gyrase with twist 133.45637 superhelical 0.08625 global twist 485.36833 global supercoiling 0.14270
frame 8278 time 2069.5 unbinding_event at gene mKalama1 enzyme RNAP with twist 100.99616 superhelical 0.13912 global twist 484.02193 global supercoiling 0.13936
frame 8290 time 2072.5 binding_event at DNA_gyrase 0 enzyme gyrase with twist 91.12258 superhelical 0.04289 global twist 484.02193 global supercoiling 0.13860
frame 8294 time 2073.5 unbinding_event at DNA_gyrase 0 enzyme gyrase with twist 79.90261 superhelical 0.04239 global twist 478.63634 global supercoiling 0.13993
frame 8295 time 2073.75 binding_event at gene tetA enzyme RNAP with twist 79.90261 superhelical 0.03721 global twist 477.28995 global supercoiling 0.13667
frame 8306 time 2076.5 binding_event at gene tetA enzyme RNAP with twist 54.56981 superhelical 0.03091 global twist 477.28995 global supercoiling 0.13742
frame 8306 time 2076.5 unbinding_event at gene tetA enzyme RNAP with twist 408.15851 superhelical 0.19531 global twist 477.28995 global supercoiling 0.13742
frame 8362 time 2090.5 unbinding_event at gene tetA enzyme RNAP with twist 473.88322 superhelical 0.03755 global twist 477.28995 global supercoiling 0.13742
frame 8458 time 2114.5 unbinding_event at gene tetA enzyme RNAP with twist 560.99686 superhelical 0.03125 global twist 477.28995 global supercoiling 0.13667
frame 8469 time 2117.25 unbinding_event at gene tetA enzyme RNAP with twist 477.28995 superhelical -0.03816 global twist 477.28995 global supercoiling 0.13593
frame 8484 time 2121.0 binding_event at DNA_gyrase 30 enzyme gyrase with twist 477.28995 superhelical 0.13519 global twist 477.28995 global supercoiling 0.13519
frame 8497 time 2124.25 unbinding_event at DNA_gyrase 30 enzyme gyrase with twist 458.44039 superhelical 0.10013 global twist 459.78679 global supercoiling 0.13293
frame 8522 time 2130.5 binding_event at DNA_gyrase 0 enzyme gyrase with twist 458.44039 superhelical 0.12985 global twist 458.44039 global supercoiling 0.12985
frame 8530 time 2132.5 unbinding_event at DNA_gyrase 0 enzyme gyrase with twist 446.32282 superhelical 0.12895 global twist 447.66922 global supercoiling 0.12943
frame 8575 time 2143.75 binding_event at DNA_gyrase 49 enzyme gyrase with twist 446.32282 superhelical 0.12642 global twist 446.32282 global supercoiling 0.12642
frame 8583 time 2145.75 binding_event at gene tetA enzyme RNAP with twist 232.75621 superhelical 0.12612 global twist 435.55165 global supercoiling 0.12593
frame 8583 time 2145.75 unbinding_event at DNA_gyrase 49 enzyme gyrase with twist 204.51714 superhelical 0.12529 global twist 435.55165 global supercoiling 0.12593
frame 8598 time 2149.5 binding_event at DNA_gyrase 20 enzyme gyrase with twist 242.25447 superhelical 0.14020 global twist 434.20525 global supercoiling 0.12366
frame 8598 time 2149.5 unbinding_event at DNA_gyrase 20 enzyme gyrase with twist 241.80568 superhelical 0.14695 global twist 434.20525 global supercoiling 0.12366
frame 8690 time 2172.5 binding_event at DNA_gyrase 44 enzyme gyrase with twist 109.37177 superhelical 0.04980 global twist 432.85885 global supercoiling 0.12327
frame 8692 time 2173.0 unbinding_event at DNA_gyrase 44 enzyme gyrase with twist 102.63978 superhelical 0.04987 global twist 430.16606 global supercoiling 0.12506
frame 8714 time 2178.5 binding_event at DNA_gyrase 22 enzyme gyrase with twist 345.02943 superhelical 0.28579 global twist 428.81966 global supercoiling 0.12212
frame 8723 time 2180.75 unbinding_event at DNA_gyrase 22 enzyme gyrase with twist 340.54144 superhelical 0.32158 global twist 416.70209 global supercoiling 0.12115
frame 8746 time 2186.5 unbinding_event at gene tetA enzyme RNAP with twist 415.35569 superhelical 0.02209 global twist 415.35569 global supercoiling 0.11829
frame 8747 time 2186.75 binding_event at DNA_gyrase 8 enzyme gyrase with twist 415.35569 superhelical 0.11765 global twist 415.35569 global supercoiling 0.11765
frame 8749 time 2187.25 unbinding_event at DNA_gyrase 8 enzyme gyrase with twist 411.31650 superhelical 0.11919 global twist 412.66290 global supercoiling 0.11931
frame 8763 time 2190.75 binding_event at DNA_gyrase 18 enzyme gyrase with twist 411.31650 superhelical 0.11650 global twist 411.31650 global supercoiling 0.11650
frame 8764 time 2191.0 unbinding_event at DNA_gyrase 18 enzyme gyrase with twist 408.62371 superhelical 0.11847 global twist 409.97011 global supercoiling 0.11853
frame 8772 time 2193.0 binding_event at DNA_gyrase 42 enzyme gyrase with twist 408.62371 superhelical 0.11574 global twist 408.62371 global supercoiling 0.11574
frame 8802 time 2200.5 unbinding_event at DNA_gyrase 42 enzyme gyrase with twist 366.88541 superhelical 0.09935 global twist 368.23180 global supercoiling 0.10646
frame 8829 time 2207.25 binding_event at DNA_gyrase 26 enzyme gyrase with twist 366.88541 superhelical 0.10392 global twist 366.88541 global supercoiling 0.10392
frame 8831 time 2207.75 unbinding_event at DNA_gyrase 26 enzyme gyrase with twist 362.84622 superhelical 0.05104 global twist 364.19261 global supercoiling 0.10530
frame 8927 time 2231.75 binding_event at gene tetA enzyme RNAP with twist 362.84622 superhelical 0.10277 global twist 362.84622 global supercoiling 0.10277
frame 9020 time 2255.0 binding_event at DNA_gyrase 35 enzyme gyrase with twist 93.86541 superhelical 0.04399 global twist 362.84622 global supercoiling 0.10333
frame 9024 time 2256.0 binding_event at DNA_gyrase 46 enzyme gyrase with twist 59.90344 superhelical 0.04070 global twist 357.46063 global supercoiling 0.10393
frame 9025 time 2256.25 unbinding_event at DNA_gyrase 35 enzyme gyrase with twist 51.67308 superhelical 0.03888 global twist 354.76783 global supercoiling 0.10534
frame 9034 time 2258.5 unbinding_event at DNA_gyrase 46 enzyme gyrase with twist 57.51270 superhelical 0.03263 global twist 341.30387 global supercoiling 0.09923
frame 9090 time 2272.5 unbinding_event at gene tetA enzyme RNAP with twist 339.95747 superhelical 0.00296 global twist 339.95747 global supercoiling 0.09682
frame 9206 time 2301.5 binding_event at DNA_gyrase 41 enzyme gyrase with twist 339.95747 superhelical 0.09629 global twist 339.95747 global supercoiling 0.09629
frame 9211 time 2302.75 unbinding_event at DNA_gyrase 41 enzyme gyrase with twist 331.87909 superhelical 0.09440 global twist 333.22548 global supercoiling 0.09634
frame 9239 time 2309.75 binding_event at DNA_gyrase 24 enzyme gyrase with twist 331.87909 superhelical 0.09400 global twist 331.87909 global supercoiling 0.09400
frame 9239 time 2309.75 unbinding_event at DNA_gyrase 24 enzyme gyrase with twist 330.53269 superhelical 0.09576 global twist 331.87909 global supercoiling 0.09400
frame 9256 time 2314.0 binding_event at DNA_gyrase 38 enzyme gyrase with twist 330.53269 superhelical 0.09362 global twist 330.53269 global supercoiling 0.09362
frame 9257 time 2314.25 unbinding_event at DNA_gyrase 38 enzyme gyrase with twist 327.83990 superhelical 0.09393 global twist 329.18629 global supercoiling 0.09518
frame 9309 time 2327.25 binding_event at DNA_gyrase 38 enzyme gyrase with twist 327.83990 superhelical 0.09286 global twist 327.83990 global supercoiling 0.09286
frame 9312 time 2328.0 unbinding_event at DNA_gyrase 38 enzyme gyrase with twist 322.45431 superhelical 0.09152 global twist 323.80071 global supercoiling 0.09362
frame 9449 time 2362.25 binding_event at DNA_gyrase 45 enzyme gyrase with twist 322.45431 superhelical 0.09133 global twist 322.45431 global supercoiling 0.09133
frame 9453 time 2363.25 binding_event at gene tetA enzyme RNAP with twist 196.13543 superhelical 0.09197 global twist 317.06872 global supercoiling 0.09167
frame 9466 time 2366.5 unbinding_event at DNA_gyrase 45 enzyme gyrase with twist 119.05984 superhelical 0.08409 global twist 299.56556 global supercoiling 0.08709
frame 9513 time 2378.25 binding_event at DNA_gyrase 43 enzyme gyrase with twist 77.77034 superhelical 0.03917 global twist 298.21917 global supercoiling 0.08493
frame 9516 time 2379.0 unbinding_event at DNA_gyrase 43 enzyme gyrase with twist 68.79436 superhelical 0.03836 global twist 294.17998 global supercoiling 0.08553
frame 9517 time 2379.25 binding_event at DNA_gyrase 36 enzyme gyrase with twist 68.79436 superhelical 0.03434 global twist 292.83358 global supercoiling 0.08340
frame 9542 time 2385.5 binding_event at DNA_gyrase 41 enzyme gyrase with twist 5.31429 superhelical 0.00390 global twist 259.17366 global supercoiling 0.07535
frame 9545 time 2386.25 unbinding_event at DNA_gyrase 36 enzyme gyrase with twist 0.48305 superhelical 0.00690 global twist 251.09528 global supercoiling 0.07456
frame 9546 time 2386.5 unbinding_event at DNA_gyrase 41 enzyme gyrase with twist -3.91107 superhelical -0.00018 global twist 248.40248 global supercoiling 0.07222
frame 9616 time 2404.0 unbinding_event at gene tetA enzyme RNAP with twist 247.05609 superhelical -0.02722 global twist 247.05609 global supercoiling 0.07036
frame 9637 time 2409.25 binding_event at DNA_gyrase 38 enzyme gyrase with twist 247.05609 superhelical 0.06998 global twist 247.05609 global supercoiling 0.06998
frame 9640 time 2410.0 unbinding_event at DNA_gyrase 38 enzyme gyrase with twist 241.67050 superhelical 0.06816 global twist 243.01690 global supercoiling 0.07026
frame 9679 time 2419.75 binding_event at DNA_gyrase 40 enzyme gyrase with twist 241.67050 superhelical 0.06845 global twist 241.67050 global supercoiling 0.06845
frame 9684 time 2421.0 unbinding_event at DNA_gyrase 40 enzyme gyrase with twist 233.59212 superhelical 0.06570 global twist 234.93851 global supercoiling 0.06793
frame 9721 time 2430.25 binding_event at DNA_gyrase 21 enzyme gyrase with twist 233.59212 superhelical 0.06616 global twist 233.59212 global supercoiling 0.06616
frame 9724 time 2431.0 unbinding_event at DNA_gyrase 21 enzyme gyrase with twist 228.20653 superhelical 0.06669 global twist 229.55293 global supercoiling 0.06637
frame 9747 time 2436.75 binding_event at DNA_gyrase 23 enzyme gyrase with twist 228.20653 superhelical 0.06464 global twist 228.20653 global supercoiling 0.06464
frame 9753 time 2438.25 unbinding_event at DNA_gyrase 23 enzyme gyrase with twist 218.78175 superhelical 0.06457 global twist 220.12815 global supercoiling 0.06364
frame 9759 time 2439.75 binding_event at DNA_gyrase 8 enzyme gyrase with twist 218.78175 superhelical 0.06197 global twist 218.78175 global supercoiling 0.06197
frame 9764 time 2441.0 unbinding_event at DNA_gyrase 8 enzyme gyrase with twist 210.70337 superhelical 0.06147 global twist 212.04977 global supercoiling 0.06131
frame 9901 time 2475.25 binding_event at DNA_gyrase 15 enzyme gyrase with twist 210.70337 superhelical 0.05968 global twist 210.70337 global supercoiling 0.05968
frame 9905 time 2476.25 unbinding_event at DNA_gyrase 15 enzyme gyrase with twist 203.97139 superhelical 0.05970 global twist 205.31778 global supercoiling 0.05936
frame 9944 time 2486.0 binding_event at gene tetA enzyme RNAP with twist 203.97139 superhelical 0.05777 global twist 203.97139 global supercoiling 0.05777
