TORCphysics log file 

General information: 
---------------------------------------------------------------------------------------
Circuit name: Pleu500_42
Size: 6000
Structure: circle
Number of sites: 110
Number of frames: 8000
Simulation time: 4000.0
Simulation timestep: 0.5
Seed: 4090089375118514616
 
Overall simulation information 
---------------------------------------------------------------------------------------
Initial twist: -211.83310
Final twist: 12.86557
Initial superhelical density: -0.06000
Final superhelical density: 0.00364
 
Overall rates 
---------------------------------------------------------------------------------------
site type            site name            #binding events      #unbinding events    binding rates        
 DNA_topoI            DNA_topoI_global                     46.0                 46.0                0.0115 
DNA_gyrase           DNA_gyrase_global                   100.0                100.0                 0.025 
EXT                  EXT                                   0.0                  0.0                   0.0 
gene                 tetA                                 68.0                 68.0                 0.017 
gene                 CDS                                   0.0                  0.0                   0.0 
origin               ori                                   0.0                  0.0                   0.0 
lacOP                lac1                                  0.0                  0.0                   0.0 
gene                 mKalama1                              7.0                  7.0               0.00175 
lacOP                lac2                                  0.0                  0.0                   0.0 
gene                 Raspberry                             8.0                  8.0                 0.002 
 
Events
---------------------------------------------------------------------------------------
frame 13 time 6.5 binding_event at DNA_topoI 33 enzyme topoI with twist -211.83310 superhelical -0.06000 global twist -211.83310 global supercoiling -0.06000
frame 20 time 10.0 unbinding_event at DNA_topoI 33 enzyme topoI with twist -180.71638 superhelical -0.02774 global twist -184.60597 global supercoiling -0.05337
frame 34 time 17.0 binding_event at DNA_topoI 15 enzyme topoI with twist -180.71638 superhelical -0.05119 global twist -180.71638 global supercoiling -0.05119
frame 36 time 18.0 unbinding_event at DNA_topoI 15 enzyme topoI with twist -169.04760 superhelical -0.05014 global twist -172.93720 global supercoiling -0.05000
frame 135 time 67.5 binding_event at DNA_topoI 48 enzyme topoI with twist -169.04760 superhelical -0.04788 global twist -169.04760 global supercoiling -0.04788
frame 136 time 68.0 binding_event at DNA_topoI 35 enzyme topoI with twist -73.39545 superhelical -0.04761 global twist -165.15801 global supercoiling -0.04775
frame 137 time 68.5 unbinding_event at DNA_topoI 35 enzyme topoI with twist -61.72668 superhelical -0.04354 global twist -157.37883 global supercoiling -0.04647
frame 137 time 68.5 unbinding_event at DNA_topoI 48 enzyme topoI with twist -149.59965 superhelical -0.04354 global twist -157.37883 global supercoiling -0.04647
frame 190 time 95.0 binding_event at DNA_gyrase 8 enzyme gyrase with twist -149.59965 superhelical -0.04237 global twist -149.59965 global supercoiling -0.04237
frame 190 time 95.0 unbinding_event at DNA_gyrase 8 enzyme gyrase with twist -152.29244 superhelical -0.04385 global twist -149.59965 global supercoiling -0.04237
frame 209 time 104.5 binding_event at DNA_gyrase 45 enzyme gyrase with twist -152.29244 superhelical -0.04314 global twist -152.29244 global supercoiling -0.04314
frame 209 time 104.5 unbinding_event at DNA_gyrase 45 enzyme gyrase with twist -154.98524 superhelical -0.04505 global twist -152.29244 global supercoiling -0.04314
frame 311 time 155.5 binding_event at DNA_topoI 11 enzyme topoI with twist -154.98524 superhelical -0.04390 global twist -154.98524 global supercoiling -0.04390
frame 315 time 157.5 unbinding_event at DNA_topoI 11 enzyme topoI with twist -135.53728 superhelical -0.04088 global twist -139.42687 global supercoiling -0.04031
frame 362 time 181.0 binding_event at DNA_topoI 44 enzyme topoI with twist -135.53728 superhelical -0.03839 global twist -135.53728 global supercoiling -0.03839
frame 380 time 190.0 unbinding_event at DNA_topoI 44 enzyme topoI with twist -61.63506 superhelical -0.00973 global twist -65.52465 global supercoiling -0.01894
frame 391 time 195.5 binding_event at gene tetA enzyme RNAP with twist -61.63506 superhelical -0.01746 global twist -61.63506 global supercoiling -0.01746
frame 431 time 215.5 unbinding_event at gene tetA enzyme RNAP with twist -61.63506 superhelical -0.07231 global twist -61.63506 global supercoiling -0.01755
frame 455 time 227.5 binding_event at DNA_topoI 14 enzyme topoI with twist -61.63506 superhelical -0.01746 global twist -61.63506 global supercoiling -0.01746
frame 456 time 228.0 binding_event at gene tetA enzyme RNAP with twist -45.99832 superhelical -0.01710 global twist -57.74546 global supercoiling -0.01670
frame 457 time 228.5 unbinding_event at DNA_topoI 14 enzyme topoI with twist -13.23282 superhelical -0.00585 global twist -53.85587 global supercoiling -0.01566
frame 477 time 238.5 binding_event at DNA_topoI 31 enzyme topoI with twist -104.95091 superhelical -0.05014 global twist -49.96628 global supercoiling -0.01423
frame 481 time 240.5 unbinding_event at DNA_topoI 31 enzyme topoI with twist -103.45491 superhelical -0.02160 global twist -34.40792 global supercoiling -0.01000
frame 487 time 243.5 binding_event at DNA_topoI 46 enzyme topoI with twist -121.40687 superhelical -0.05342 global twist -30.51833 global supercoiling -0.00869
frame 496 time 248.0 unbinding_event at gene tetA enzyme RNAP with twist 66.03850 superhelical -0.06183 global twist 4.48799 global supercoiling 0.00130
frame 507 time 253.5 unbinding_event at DNA_topoI 46 enzyme topoI with twist 51.16308 superhelical -0.02595 global twist 47.27349 global supercoiling 0.01367
frame 539 time 269.5 binding_event at DNA_gyrase 49 enzyme gyrase with twist 51.16308 superhelical 0.01449 global twist 51.16308 global supercoiling 0.01449
frame 540 time 270.0 unbinding_event at DNA_gyrase 49 enzyme gyrase with twist 45.77749 superhelical 0.01312 global twist 48.47029 global supercoiling 0.01401
frame 582 time 291.0 binding_event at gene tetA enzyme RNAP with twist 45.77749 superhelical 0.01297 global twist 45.77749 global supercoiling 0.01297
frame 588 time 294.0 binding_event at gene tetA enzyme RNAP with twist 0.83152 superhelical 0.00046 global twist 45.77749 global supercoiling 0.01304
frame 597 time 298.5 binding_event at DNA_gyrase 35 enzyme gyrase with twist -31.52281 superhelical -0.01679 global twist 45.77749 global supercoiling 0.01311
frame 600 time 300.0 unbinding_event at DNA_gyrase 35 enzyme gyrase with twist -56.65555 superhelical -0.02631 global twist 37.69911 global supercoiling 0.01102
frame 601 time 300.5 binding_event at DNA_topoI 42 enzyme topoI with twist -56.65555 superhelical -0.02906 global twist 35.00632 global supercoiling 0.01002
frame 611 time 305.5 unbinding_event at DNA_topoI 42 enzyme topoI with twist -53.36436 superhelical -0.01091 global twist 73.90223 global supercoiling 0.02161
frame 622 time 311.0 unbinding_event at gene tetA enzyme RNAP with twist 170.65049 superhelical 0.00046 global twist 77.79182 global supercoiling 0.02228
frame 628 time 314.0 unbinding_event at gene tetA enzyme RNAP with twist 77.79182 superhelical -0.04665 global twist 77.79182 global supercoiling 0.02215
frame 651 time 325.5 binding_event at gene tetA enzyme RNAP with twist 77.79182 superhelical 0.02203 global twist 77.79182 global supercoiling 0.02203
frame 671 time 335.5 binding_event at DNA_gyrase 25 enzyme gyrase with twist 111.57870 superhelical 0.07769 global twist 77.79182 global supercoiling 0.02215
frame 672 time 336.0 unbinding_event at DNA_gyrase 25 enzyme gyrase with twist 113.37390 superhelical 0.08471 global twist 75.09902 global supercoiling 0.02183
frame 691 time 345.5 unbinding_event at gene tetA enzyme RNAP with twist 72.40623 superhelical -0.04452 global twist 72.40623 global supercoiling 0.02062
frame 693 time 346.5 binding_event at DNA_gyrase 28 enzyme gyrase with twist 72.40623 superhelical 0.02051 global twist 72.40623 global supercoiling 0.02051
frame 695 time 347.5 unbinding_event at DNA_gyrase 28 enzyme gyrase with twist 64.32785 superhelical -0.01742 global twist 67.02064 global supercoiling 0.01938
frame 701 time 350.5 binding_event at DNA_gyrase 0 enzyme gyrase with twist 64.32785 superhelical 0.01822 global twist 64.32785 global supercoiling 0.01822
frame 708 time 354.0 unbinding_event at DNA_gyrase 0 enzyme gyrase with twist 42.78550 superhelical 0.01221 global twist 45.47829 global supercoiling 0.01315
frame 785 time 392.5 binding_event at gene tetA enzyme RNAP with twist 42.78550 superhelical 0.01212 global twist 42.78550 global supercoiling 0.01212
frame 806 time 403.0 binding_event at DNA_topoI 39 enzyme topoI with twist -54.48670 superhelical -0.02603 global twist 42.78550 global supercoiling 0.01218
frame 809 time 404.5 binding_event at DNA_gyrase 8 enzyme gyrase with twist 108.04338 superhelical 0.07919 global twist 54.45427 global supercoiling 0.01583
frame 811 time 405.5 unbinding_event at DNA_gyrase 8 enzyme gyrase with twist 110.73617 superhelical 0.36803 global twist 56.84787 global supercoiling 0.01688
frame 813 time 406.5 binding_event at DNA_gyrase 12 enzyme gyrase with twist 114.32656 superhelical 0.08845 global twist 61.93426 global supercoiling 0.01801
frame 813 time 406.5 unbinding_event at DNA_topoI 39 enzyme topoI with twist -52.09311 superhelical -0.00958 global twist 61.93426 global supercoiling 0.01801
frame 816 time 408.0 unbinding_event at DNA_gyrase 12 enzyme gyrase with twist 117.91695 superhelical 0.15991 global twist 57.74546 global supercoiling 0.01679
frame 825 time 412.5 unbinding_event at gene tetA enzyme RNAP with twist 55.05267 superhelical -0.03881 global twist 55.05267 global supercoiling 0.01568
frame 836 time 418.0 binding_event at DNA_gyrase 45 enzyme gyrase with twist 55.05267 superhelical 0.01559 global twist 55.05267 global supercoiling 0.01559
frame 841 time 420.5 unbinding_event at DNA_gyrase 45 enzyme gyrase with twist 38.89591 superhelical 0.00982 global twist 41.58870 global supercoiling 0.01202
frame 884 time 442.0 binding_event at gene tetA enzyme RNAP with twist 38.89591 superhelical 0.01102 global twist 38.89591 global supercoiling 0.01102
frame 924 time 462.0 unbinding_event at gene tetA enzyme RNAP with twist 38.89591 superhelical -0.05228 global twist 38.89591 global supercoiling 0.01108
frame 938 time 469.0 binding_event at DNA_gyrase 48 enzyme gyrase with twist 38.89591 superhelical 0.01102 global twist 38.89591 global supercoiling 0.01102
frame 939 time 469.5 unbinding_event at DNA_gyrase 48 enzyme gyrase with twist 33.51032 superhelical 0.00950 global twist 36.20312 global supercoiling 0.01047
frame 982 time 491.0 binding_event at DNA_gyrase 24 enzyme gyrase with twist 33.51032 superhelical 0.00949 global twist 33.51032 global supercoiling 0.00949
frame 998 time 499.0 unbinding_event at DNA_gyrase 24 enzyme gyrase with twist -12.26717 superhelical 0.00297 global twist -9.57438 global supercoiling -0.00277
frame 1006 time 503.0 binding_event at DNA_gyrase 18 enzyme gyrase with twist -12.26717 superhelical -0.00347 global twist -12.26717 global supercoiling -0.00347
frame 1013 time 506.5 unbinding_event at DNA_gyrase 18 enzyme gyrase with twist -33.80952 superhelical -0.00716 global twist -31.11673 global supercoiling -0.00900
frame 1021 time 510.5 binding_event at DNA_gyrase 3 enzyme gyrase with twist -33.80952 superhelical -0.00958 global twist -33.80952 global supercoiling -0.00958
frame 1030 time 515.0 unbinding_event at DNA_gyrase 3 enzyme gyrase with twist -60.73746 superhelical -0.01686 global twist -58.04466 global supercoiling -0.01678
frame 1112 time 556.0 binding_event at DNA_topoI 28 enzyme topoI with twist -60.73746 superhelical -0.01720 global twist -60.73746 global supercoiling -0.01720
frame 1114 time 557.0 binding_event at DNA_topoI 17 enzyme topoI with twist -54.99842 superhelical -0.01640 global twist -52.95828 global supercoiling -0.01531
frame 1114 time 557.0 unbinding_event at DNA_topoI 17 enzyme topoI with twist -49.16404 superhelical -0.01533 global twist -52.95828 global supercoiling -0.01531
frame 1117 time 558.5 unbinding_event at DNA_topoI 28 enzyme topoI with twist -33.51032 superhelical 0.09323 global twist -37.39991 global supercoiling -0.01081
frame 1122 time 561.0 binding_event at DNA_gyrase 16 enzyme gyrase with twist -33.51032 superhelical -0.00949 global twist -33.51032 global supercoiling -0.00949
frame 1123 time 561.5 binding_event at DNA_gyrase 40 enzyme gyrase with twist -28.80399 superhelical -0.01016 global twist -36.20312 global supercoiling -0.01047
frame 1126 time 563.0 unbinding_event at DNA_gyrase 16 enzyme gyrase with twist -42.27599 superhelical -0.01643 global twist -52.35988 global supercoiling -0.01546
frame 1128 time 564.0 unbinding_event at DNA_gyrase 40 enzyme gyrase with twist -63.13105 superhelical -0.01878 global twist -60.43826 global supercoiling -0.01747
frame 1132 time 566.0 binding_event at DNA_gyrase 4 enzyme gyrase with twist -63.13105 superhelical -0.01788 global twist -63.13105 global supercoiling -0.01788
frame 1137 time 568.5 unbinding_event at DNA_gyrase 4 enzyme gyrase with twist -79.28781 superhelical -0.02235 global twist -76.59502 global supercoiling -0.02215
frame 1274 time 637.0 binding_event at DNA_gyrase 25 enzyme gyrase with twist -79.28781 superhelical -0.02246 global twist -79.28781 global supercoiling -0.02246
frame 1277 time 638.5 unbinding_event at DNA_gyrase 25 enzyme gyrase with twist -90.05899 superhelical -0.02419 global twist -87.36620 global supercoiling -0.02526
frame 1309 time 654.5 binding_event at gene tetA enzyme RNAP with twist -90.05899 superhelical -0.02551 global twist -90.05899 global supercoiling -0.02551
frame 1349 time 674.5 unbinding_event at gene tetA enzyme RNAP with twist -90.05899 superhelical -0.07798 global twist -90.05899 global supercoiling -0.02565
frame 1357 time 678.5 binding_event at gene tetA enzyme RNAP with twist -90.05899 superhelical -0.02551 global twist -90.05899 global supercoiling -0.02551
frame 1388 time 694.0 binding_event at gene tetA enzyme RNAP with twist -155.31870 superhelical -0.06834 global twist -90.05899 global supercoiling -0.02565
frame 1397 time 698.5 unbinding_event at gene tetA enzyme RNAP with twist 64.12799 superhelical -0.06892 global twist -90.05899 global supercoiling -0.02579
frame 1421 time 710.5 binding_event at gene mKalama1 enzyme RNAP with twist -236.76599 superhelical -0.10256 global twist -90.05899 global supercoiling -0.02565
frame 1428 time 714.0 unbinding_event at gene tetA enzyme RNAP with twist -51.82425 superhelical -0.11779 global twist -90.05899 global supercoiling -0.02579
frame 1448 time 724.0 unbinding_event at gene mKalama1 enzyme RNAP with twist -90.05899 superhelical 0.23184 global twist -90.05899 global supercoiling -0.02565
frame 1462 time 731.0 binding_event at DNA_topoI 35 enzyme topoI with twist -90.05899 superhelical -0.02551 global twist -90.05899 global supercoiling -0.02551
frame 1463 time 731.5 unbinding_event at DNA_topoI 35 enzyme topoI with twist -82.27981 superhelical -0.01964 global twist -86.16940 global supercoiling -0.02491
frame 1466 time 733.0 binding_event at DNA_gyrase 2 enzyme gyrase with twist -82.27981 superhelical -0.02331 global twist -82.27981 global supercoiling -0.02331
frame 1466 time 733.0 unbinding_event at DNA_gyrase 2 enzyme gyrase with twist -84.97260 superhelical -0.02453 global twist -82.27981 global supercoiling -0.02331
frame 1536 time 768.0 binding_event at DNA_topoI 29 enzyme topoI with twist -84.97260 superhelical -0.02407 global twist -84.97260 global supercoiling -0.02407
frame 1537 time 768.5 unbinding_event at DNA_topoI 29 enzyme topoI with twist -77.19342 superhelical -0.00261 global twist -81.08301 global supercoiling -0.02344
frame 1588 time 794.0 binding_event at DNA_topoI 23 enzyme topoI with twist -77.19342 superhelical -0.02186 global twist -77.19342 global supercoiling -0.02186
frame 1588 time 794.0 unbinding_event at DNA_topoI 23 enzyme topoI with twist -73.30383 superhelical -0.02174 global twist -77.19342 global supercoiling -0.02186
frame 1636 time 818.0 binding_event at DNA_gyrase 38 enzyme gyrase with twist -73.30383 superhelical -0.02076 global twist -73.30383 global supercoiling -0.02076
frame 1636 time 818.0 unbinding_event at DNA_gyrase 38 enzyme gyrase with twist -75.99662 superhelical -0.02283 global twist -73.30383 global supercoiling -0.02076
frame 1668 time 834.0 binding_event at gene tetA enzyme RNAP with twist -75.99662 superhelical -0.02153 global twist -75.99662 global supercoiling -0.02153
frame 1708 time 854.0 unbinding_event at gene tetA enzyme RNAP with twist -75.99662 superhelical -0.07518 global twist -75.99662 global supercoiling -0.02164
frame 1779 time 889.5 binding_event at DNA_topoI 14 enzyme topoI with twist -75.99662 superhelical -0.02153 global twist -75.99662 global supercoiling -0.02153
frame 1785 time 892.5 unbinding_event at DNA_topoI 14 enzyme topoI with twist -48.76949 superhelical -0.01691 global twist -52.65908 global supercoiling -0.01522
frame 1790 time 895.0 binding_event at DNA_gyrase 16 enzyme gyrase with twist -48.76949 superhelical -0.01381 global twist -48.76949 global supercoiling -0.01381
frame 1794 time 897.0 unbinding_event at DNA_gyrase 16 enzyme gyrase with twist -62.23345 superhelical -0.01648 global twist -59.54066 global supercoiling -0.01721
frame 1809 time 904.5 binding_event at DNA_gyrase 46 enzyme gyrase with twist -62.23345 superhelical -0.01763 global twist -62.23345 global supercoiling -0.01763
frame 1809 time 904.5 unbinding_event at DNA_gyrase 46 enzyme gyrase with twist -64.92625 superhelical -0.01896 global twist -62.23345 global supercoiling -0.01763
frame 1835 time 917.5 binding_event at DNA_topoI 24 enzyme topoI with twist -64.92625 superhelical -0.01839 global twist -64.92625 global supercoiling -0.01839
frame 1837 time 918.5 unbinding_event at DNA_topoI 24 enzyme topoI with twist -53.25748 superhelical -0.01706 global twist -57.14707 global supercoiling -0.01652
frame 1888 time 944.0 binding_event at gene tetA enzyme RNAP with twist -53.25748 superhelical -0.01508 global twist -53.25748 global supercoiling -0.01508
frame 1896 time 948.0 binding_event at gene tetA enzyme RNAP with twist -54.75286 superhelical -0.02944 global twist -53.25748 global supercoiling -0.01517
frame 1904 time 952.0 binding_event at gene tetA enzyme RNAP with twist -79.77359 superhelical -0.04289 global twist -53.25748 global supercoiling -0.01525
frame 1908 time 954.0 binding_event at DNA_topoI 38 enzyme topoI with twist -88.74084 superhelical -0.04963 global twist -53.25748 global supercoiling -0.01533
frame 1916 time 958.0 unbinding_event at DNA_topoI 38 enzyme topoI with twist -86.04805 superhelical -0.03045 global twist -22.14075 global supercoiling -0.00651
frame 1925 time 962.5 binding_event at DNA_topoI 45 enzyme topoI with twist -114.77118 superhelical -0.05483 global twist -18.25116 global supercoiling -0.00525
frame 1928 time 964.0 unbinding_event at gene tetA enzyme RNAP with twist 116.27590 superhelical -0.02975 global twist -6.58238 global supercoiling -0.00194
frame 1930 time 965.0 unbinding_event at DNA_topoI 45 enzyme topoI with twist -112.97599 superhelical -0.04798 global twist 1.19680 global supercoiling 0.00035
frame 1934 time 967.0 binding_event at DNA_topoI 43 enzyme topoI with twist -123.74716 superhelical -0.05488 global twist 5.08639 global supercoiling 0.00146
frame 1936 time 968.0 binding_event at DNA_gyrase 17 enzyme gyrase with twist 141.40864 superhelical 0.13128 global twist 12.86557 global supercoiling 0.00376
frame 1936 time 968.0 unbinding_event at gene tetA enzyme RNAP with twist 60.48357 superhelical -0.04334 global twist 12.86557 global supercoiling 0.00376
frame 1936 time 968.0 unbinding_event at DNA_topoI 43 enzyme topoI with twist -122.84956 superhelical -0.05175 global twist 12.86557 global supercoiling 0.00376
frame 1943 time 971.5 unbinding_event at DNA_gyrase 17 enzyme gyrase with twist 143.19512 superhelical 0.16842 global twist -2.09440 global supercoiling -0.00061
frame 1944 time 972.0 unbinding_event at gene tetA enzyme RNAP with twist -4.78719 superhelical -0.06181 global twist -4.78719 global supercoiling -0.00136
frame 2027 time 1013.5 binding_event at DNA_gyrase 40 enzyme gyrase with twist -4.78719 superhelical -0.00136 global twist -4.78719 global supercoiling -0.00136
frame 2027 time 1013.5 unbinding_event at DNA_gyrase 40 enzyme gyrase with twist -7.47998 superhelical -0.00278 global twist -4.78719 global supercoiling -0.00136
frame 2042 time 1021.0 binding_event at DNA_gyrase 35 enzyme gyrase with twist -7.47998 superhelical -0.00212 global twist -7.47998 global supercoiling -0.00212
frame 2043 time 1021.5 unbinding_event at DNA_gyrase 35 enzyme gyrase with twist -12.86557 superhelical -0.00659 global twist -10.17278 global supercoiling -0.00294
frame 2249 time 1124.5 binding_event at DNA_gyrase 48 enzyme gyrase with twist -12.86557 superhelical -0.00364 global twist -12.86557 global supercoiling -0.00364
frame 2249 time 1124.5 unbinding_event at DNA_gyrase 48 enzyme gyrase with twist -15.55836 superhelical -0.00459 global twist -12.86557 global supercoiling -0.00364
frame 2267 time 1133.5 binding_event at gene tetA enzyme RNAP with twist -15.55836 superhelical -0.00441 global twist -15.55836 global supercoiling -0.00441
frame 2307 time 1153.5 unbinding_event at gene tetA enzyme RNAP with twist -15.55836 superhelical -0.06313 global twist -15.55836 global supercoiling -0.00443
frame 2322 time 1161.0 binding_event at DNA_gyrase 9 enzyme gyrase with twist -15.55836 superhelical -0.00441 global twist -15.55836 global supercoiling -0.00441
frame 2323 time 1161.5 unbinding_event at DNA_gyrase 9 enzyme gyrase with twist -20.94395 superhelical -0.00565 global twist -18.25116 global supercoiling -0.00528
frame 2324 time 1162.0 binding_event at gene tetA enzyme RNAP with twist -20.94395 superhelical -0.00593 global twist -20.94395 global supercoiling -0.00593
frame 2327 time 1163.5 binding_event at DNA_gyrase 32 enzyme gyrase with twist -21.00758 superhelical -0.01187 global twist -20.94395 global supercoiling -0.00596
frame 2333 time 1166.5 unbinding_event at DNA_gyrase 32 enzyme gyrase with twist -64.98988 superhelical -0.03638 global twist -37.10071 global supercoiling -0.01079
frame 2364 time 1182.0 unbinding_event at gene tetA enzyme RNAP with twist -39.79351 superhelical -0.07189 global twist -39.79351 global supercoiling -0.01133
frame 2495 time 1247.5 binding_event at DNA_topoI 15 enzyme topoI with twist -39.79351 superhelical -0.01127 global twist -39.79351 global supercoiling -0.01127
frame 2499 time 1249.5 unbinding_event at DNA_topoI 15 enzyme topoI with twist -20.34555 superhelical -0.00798 global twist -24.23514 global supercoiling -0.00701
frame 2542 time 1271.0 binding_event at DNA_gyrase 14 enzyme gyrase with twist -20.34555 superhelical -0.00576 global twist -20.34555 global supercoiling -0.00576
frame 2542 time 1271.0 unbinding_event at DNA_gyrase 14 enzyme gyrase with twist -23.03835 superhelical -0.00638 global twist -20.34555 global supercoiling -0.00576
frame 2614 time 1307.0 binding_event at DNA_gyrase 47 enzyme gyrase with twist -23.03835 superhelical -0.00653 global twist -23.03835 global supercoiling -0.00653
frame 2614 time 1307.0 unbinding_event at DNA_gyrase 47 enzyme gyrase with twist -25.73114 superhelical -0.00758 global twist -23.03835 global supercoiling -0.00653
frame 2684 time 1342.0 binding_event at DNA_gyrase 21 enzyme gyrase with twist -25.73114 superhelical -0.00729 global twist -25.73114 global supercoiling -0.00729
frame 2686 time 1343.0 unbinding_event at DNA_gyrase 21 enzyme gyrase with twist -33.80952 superhelical -0.00870 global twist -31.11673 global supercoiling -0.00900
frame 2700 time 1350.0 binding_event at DNA_gyrase 13 enzyme gyrase with twist -33.80952 superhelical -0.00958 global twist -33.80952 global supercoiling -0.00958
frame 2705 time 1352.5 unbinding_event at DNA_gyrase 13 enzyme gyrase with twist -49.96628 superhelical -0.01286 global twist -47.27349 global supercoiling -0.01367
frame 2858 time 1429.0 binding_event at gene tetA enzyme RNAP with twist -49.96628 superhelical -0.01415 global twist -49.96628 global supercoiling -0.01415
frame 2872 time 1436.0 binding_event at DNA_topoI 49 enzyme topoI with twist -74.68663 superhelical -0.03796 global twist -49.96628 global supercoiling -0.01423
frame 2874 time 1437.0 unbinding_event at DNA_topoI 49 enzyme topoI with twist -73.78903 superhelical -0.03578 global twist -42.18710 global supercoiling -0.01227
frame 2898 time 1449.0 unbinding_event at gene tetA enzyme RNAP with twist -38.29751 superhelical -0.06523 global twist -38.29751 global supercoiling -0.01091
frame 2924 time 1462.0 binding_event at DNA_gyrase 23 enzyme gyrase with twist -38.29751 superhelical -0.01085 global twist -38.29751 global supercoiling -0.01085
frame 2924 time 1462.0 unbinding_event at DNA_gyrase 23 enzyme gyrase with twist -40.99030 superhelical -0.01148 global twist -38.29751 global supercoiling -0.01085
frame 2942 time 1471.0 binding_event at gene tetA enzyme RNAP with twist -40.99030 superhelical -0.01161 global twist -40.99030 global supercoiling -0.01161
frame 2968 time 1484.0 binding_event at gene tetA enzyme RNAP with twist -113.38430 superhelical -0.05194 global twist -40.99030 global supercoiling -0.01167
frame 2982 time 1491.0 unbinding_event at gene tetA enzyme RNAP with twist 102.79537 superhelical -0.05240 global twist -40.99030 global supercoiling -0.01174
frame 3008 time 1504.0 unbinding_event at gene tetA enzyme RNAP with twist -40.99030 superhelical -0.09670 global twist -40.99030 global supercoiling -0.01167
frame 3064 time 1532.0 binding_event at gene tetA enzyme RNAP with twist -40.99030 superhelical -0.01161 global twist -40.99030 global supercoiling -0.01161
frame 3067 time 1533.5 binding_event at gene tetA enzyme RNAP with twist -30.80529 superhelical -0.01740 global twist -40.99030 global supercoiling -0.01167
frame 3071 time 1535.5 binding_event at DNA_gyrase 42 enzyme gyrase with twist -44.55623 superhelical -0.02492 global twist -40.99030 global supercoiling -0.01174
frame 3074 time 1537.0 binding_event at DNA_topoI 38 enzyme topoI with twist -32.87335 superhelical -0.02960 global twist -49.06869 global supercoiling -0.01435
frame 3074 time 1537.0 unbinding_event at DNA_topoI 38 enzyme topoI with twist -30.33015 superhelical -0.02928 global twist -49.06869 global supercoiling -0.01435
frame 3077 time 1538.5 unbinding_event at DNA_gyrase 42 enzyme gyrase with twist -84.64893 superhelical -0.03095 global twist -53.25748 global supercoiling -0.01557
frame 3079 time 1539.5 binding_event at DNA_topoI 42 enzyme topoI with twist -88.23932 superhelical -0.04568 global twist -55.95027 global supercoiling -0.01602
frame 3080 time 1540.0 binding_event at DNA_topoI 4 enzyme topoI with twist -0.61063 superhelical -0.01759 global twist -52.06068 global supercoiling -0.01522
frame 3084 time 1542.0 unbinding_event at DNA_topoI 42 enzyme topoI with twist -69.83857 superhelical -0.03694 global twist -20.94395 global supercoiling -0.00625
frame 3092 time 1546.0 unbinding_event at DNA_topoI 4 enzyme topoI with twist -76.23407 superhelical -0.02752 global twist 14.06237 global supercoiling 0.00411
frame 3104 time 1552.0 unbinding_event at gene tetA enzyme RNAP with twist 137.27073 superhelical 0.31754 global twist 17.95196 global supercoiling 0.00514
frame 3107 time 1553.5 unbinding_event at gene tetA enzyme RNAP with twist 17.95196 superhelical -0.05305 global twist 17.95196 global supercoiling 0.00511
frame 3114 time 1557.0 binding_event at gene tetA enzyme RNAP with twist 17.95196 superhelical 0.00508 global twist 17.95196 global supercoiling 0.00508
frame 3154 time 1577.0 unbinding_event at gene tetA enzyme RNAP with twist 17.95196 superhelical -0.05645 global twist 17.95196 global supercoiling 0.00511
frame 3177 time 1588.5 binding_event at gene tetA enzyme RNAP with twist 17.95196 superhelical 0.00508 global twist 17.95196 global supercoiling 0.00508
frame 3197 time 1598.5 binding_event at gene tetA enzyme RNAP with twist -63.03377 superhelical -0.03037 global twist 17.95196 global supercoiling 0.00511
frame 3209 time 1604.5 binding_event at DNA_gyrase 9 enzyme gyrase with twist 124.07042 superhelical 0.10164 global twist 17.95196 global supercoiling 0.00514
frame 3209 time 1604.5 unbinding_event at DNA_gyrase 9 enzyme gyrase with twist 124.96802 superhelical 1.27293 global twist 17.95196 global supercoiling 0.00514
frame 3217 time 1608.5 unbinding_event at gene tetA enzyme RNAP with twist 143.27114 superhelical -0.03066 global twist 15.25916 global supercoiling 0.00437
frame 3234 time 1617.0 binding_event at DNA_gyrase 18 enzyme gyrase with twist 200.71740 superhelical 0.17747 global twist 15.25916 global supercoiling 0.00435
frame 3235 time 1617.5 unbinding_event at DNA_gyrase 18 enzyme gyrase with twist 202.51260 superhelical 0.21033 global twist 12.56637 global supercoiling 0.00365
frame 3237 time 1618.5 unbinding_event at gene tetA enzyme RNAP with twist 9.87358 superhelical -0.08148 global twist 9.87358 global supercoiling 0.00281
frame 3238 time 1619.0 binding_event at gene tetA enzyme RNAP with twist 9.87358 superhelical 0.00280 global twist 9.87358 global supercoiling 0.00280
frame 3252 time 1626.0 binding_event at DNA_gyrase 11 enzyme gyrase with twist 55.31332 superhelical 0.03583 global twist 9.87358 global supercoiling 0.00281
frame 3252 time 1626.0 unbinding_event at DNA_gyrase 11 enzyme gyrase with twist 56.21092 superhelical 0.04378 global twist 9.87358 global supercoiling 0.00281
frame 3278 time 1639.0 unbinding_event at gene tetA enzyme RNAP with twist 7.18078 superhelical -0.05806 global twist 7.18078 global supercoiling 0.00204
frame 3295 time 1647.5 binding_event at DNA_gyrase 29 enzyme gyrase with twist 7.18078 superhelical 0.00203 global twist 7.18078 global supercoiling 0.00203
frame 3324 time 1662.0 unbinding_event at DNA_gyrase 29 enzyme gyrase with twist -73.60303 superhelical -0.22596 global twist -70.91023 global supercoiling -0.02050
frame 3343 time 1671.5 binding_event at DNA_gyrase 44 enzyme gyrase with twist -73.60303 superhelical -0.02085 global twist -73.60303 global supercoiling -0.02085
frame 3343 time 1671.5 unbinding_event at DNA_gyrase 44 enzyme gyrase with twist -76.29582 superhelical -0.02235 global twist -73.60303 global supercoiling -0.02085
frame 3359 time 1679.5 binding_event at gene tetA enzyme RNAP with twist -76.29582 superhelical -0.02161 global twist -76.29582 global supercoiling -0.02161
frame 3398 time 1699.0 binding_event at DNA_topoI 9 enzyme topoI with twist -177.31505 superhelical -0.07338 global twist -76.29582 global supercoiling -0.02173
frame 3399 time 1699.5 unbinding_event at gene tetA enzyme RNAP with twist 103.91318 superhelical -0.08736 global twist -72.40623 global supercoiling -0.02105
frame 3405 time 1702.5 unbinding_event at DNA_topoI 9 enzyme topoI with twist -45.17909 superhelical -0.06896 global twist -49.06869 global supercoiling -0.01419
frame 3485 time 1742.5 binding_event at gene tetA enzyme RNAP with twist -45.17909 superhelical -0.01280 global twist -45.17909 global supercoiling -0.01280
frame 3491 time 1745.5 binding_event at DNA_gyrase 16 enzyme gyrase with twist -1.55535 superhelical -0.00092 global twist -45.17909 global supercoiling -0.01287
frame 3492 time 1746.0 unbinding_event at DNA_gyrase 16 enzyme gyrase with twist 0.23985 superhelical 0.00370 global twist -47.87189 global supercoiling -0.01392
frame 3525 time 1762.5 unbinding_event at gene tetA enzyme RNAP with twist -50.56468 superhelical -0.06903 global twist -50.56468 global supercoiling -0.01440
frame 3534 time 1767.0 binding_event at DNA_gyrase 15 enzyme gyrase with twist -50.56468 superhelical -0.01432 global twist -50.56468 global supercoiling -0.01432
frame 3535 time 1767.5 binding_event at gene tetA enzyme RNAP with twist -41.72816 superhelical -0.01511 global twist -53.25748 global supercoiling -0.01540
frame 3536 time 1768.0 unbinding_event at DNA_gyrase 15 enzyme gyrase with twist -25.35487 superhelical -0.01123 global twist -55.95027 global supercoiling -0.01627
frame 3545 time 1772.5 binding_event at gene mKalama1 enzyme RNAP with twist -62.01132 superhelical -0.03271 global twist -58.64306 global supercoiling -0.01670
frame 3572 time 1786.0 unbinding_event at gene mKalama1 enzyme RNAP with twist -162.54229 superhelical 0.54647 global twist -58.64306 global supercoiling -0.01679
frame 3575 time 1787.5 unbinding_event at gene tetA enzyme RNAP with twist -58.64306 superhelical -0.07068 global twist -58.64306 global supercoiling -0.01670
frame 3606 time 1803.0 binding_event at gene Raspberry enzyme RNAP with twist -58.64306 superhelical -0.01661 global twist -58.64306 global supercoiling -0.01661
frame 3633 time 1816.5 unbinding_event at gene Raspberry enzyme RNAP with twist -58.64306 superhelical -0.08953 global twist -58.64306 global supercoiling -0.01670
frame 3670 time 1835.0 binding_event at DNA_topoI 47 enzyme topoI with twist -58.64306 superhelical -0.01661 global twist -58.64306 global supercoiling -0.01661
frame 3674 time 1837.0 unbinding_event at DNA_topoI 47 enzyme topoI with twist -39.19511 superhelical -0.01034 global twist -43.08470 global supercoiling -0.01246
frame 3698 time 1849.0 binding_event at DNA_gyrase 4 enzyme gyrase with twist -39.19511 superhelical -0.01110 global twist -39.19511 global supercoiling -0.01110
frame 3701 time 1850.5 binding_event at gene tetA enzyme RNAP with twist -26.38990 superhelical -0.01338 global twist -47.27349 global supercoiling -0.01367
frame 3704 time 1852.0 unbinding_event at DNA_gyrase 4 enzyme gyrase with twist -20.49492 superhelical 0.03496 global twist -55.35187 global supercoiling -0.01609
frame 3714 time 1857.0 binding_event at DNA_gyrase 18 enzyme gyrase with twist 11.81861 superhelical 0.00757 global twist -58.04466 global supercoiling -0.01653
frame 3717 time 1858.5 unbinding_event at DNA_gyrase 18 enzyme gyrase with twist 15.40900 superhelical 0.01812 global twist -66.12305 global supercoiling -0.01922
frame 3719 time 1859.5 binding_event at gene tetA enzyme RNAP with twist -87.81523 superhelical -0.04306 global twist -68.81584 global supercoiling -0.01960
frame 3741 time 1870.5 unbinding_event at gene tetA enzyme RNAP with twist 88.36449 superhelical -0.04347 global twist -68.81584 global supercoiling -0.01971
frame 3746 time 1873.0 binding_event at gene tetA enzyme RNAP with twist -171.54190 superhelical -0.07794 global twist -68.81584 global supercoiling -0.01960
frame 3759 time 1879.5 unbinding_event at gene tetA enzyme RNAP with twist 116.38716 superhelical -0.07863 global twist -68.81584 global supercoiling -0.01971
frame 3765 time 1882.5 binding_event at gene Raspberry enzyme RNAP with twist -203.15495 superhelical -0.09875 global twist -68.81584 global supercoiling -0.01960
frame 3782 time 1891.0 binding_event at DNA_gyrase 16 enzyme gyrase with twist 195.37577 superhelical 0.17005 global twist -68.81584 global supercoiling -0.01971
frame 3782 time 1891.0 unbinding_event at DNA_gyrase 16 enzyme gyrase with twist 196.27337 superhelical 0.19405 global twist -68.81584 global supercoiling -0.01971
frame 3786 time 1893.0 unbinding_event at gene tetA enzyme RNAP with twist 83.46924 superhelical -0.09968 global twist -71.50863 global supercoiling -0.02048
frame 3792 time 1896.0 unbinding_event at gene Raspberry enzyme RNAP with twist -71.50863 superhelical -0.13954 global twist -71.50863 global supercoiling -0.02036
frame 3795 time 1897.5 binding_event at gene mKalama1 enzyme RNAP with twist -71.50863 superhelical -0.02025 global twist -71.50863 global supercoiling -0.02025
frame 3815 time 1907.5 binding_event at DNA_topoI 25 enzyme topoI with twist -130.13099 superhelical -0.04038 global twist -71.50863 global supercoiling -0.02036
frame 3818 time 1909.0 unbinding_event at DNA_topoI 25 enzyme topoI with twist -128.93420 superhelical -0.04187 global twist -59.83986 global supercoiling -0.01740
frame 3822 time 1911.0 unbinding_event at gene mKalama1 enzyme RNAP with twist -55.95027 superhelical 0.60316 global twist -55.95027 global supercoiling -0.01593
frame 3831 time 1915.5 binding_event at DNA_topoI 22 enzyme topoI with twist -55.95027 superhelical -0.01585 global twist -55.95027 global supercoiling -0.01585
frame 3834 time 1917.0 unbinding_event at DNA_topoI 22 enzyme topoI with twist -40.39191 superhelical -0.01379 global twist -44.28150 global supercoiling -0.01280
frame 3845 time 1922.5 binding_event at gene tetA enzyme RNAP with twist -40.39191 superhelical -0.01144 global twist -40.39191 global supercoiling -0.01144
frame 3871 time 1935.5 binding_event at DNA_topoI 27 enzyme topoI with twist -113.09183 superhelical -0.05181 global twist -40.39191 global supercoiling -0.01150
frame 3872 time 1936.0 unbinding_event at DNA_topoI 27 enzyme topoI with twist -112.49343 superhelical 0.06250 global twist -36.50231 global supercoiling -0.01061
frame 3885 time 1942.5 unbinding_event at gene tetA enzyme RNAP with twist -32.61272 superhelical -0.06491 global twist -32.61272 global supercoiling -0.00929
frame 3988 time 1994.0 binding_event at gene tetA enzyme RNAP with twist -32.61272 superhelical -0.00924 global twist -32.61272 global supercoiling -0.00924
frame 4028 time 2014.0 unbinding_event at gene tetA enzyme RNAP with twist -32.61272 superhelical -0.06653 global twist -32.61272 global supercoiling -0.00929
frame 4041 time 2020.5 binding_event at DNA_gyrase 21 enzyme gyrase with twist -32.61272 superhelical -0.00924 global twist -32.61272 global supercoiling -0.00924
frame 4044 time 2022.0 unbinding_event at DNA_gyrase 21 enzyme gyrase with twist -43.38390 superhelical -0.01112 global twist -40.69110 global supercoiling -0.01176
frame 4103 time 2051.5 binding_event at gene tetA enzyme RNAP with twist -43.38390 superhelical -0.01229 global twist -43.38390 global supercoiling -0.01229
frame 4109 time 2054.5 binding_event at gene tetA enzyme RNAP with twist -42.74634 superhelical -0.02344 global twist -43.38390 global supercoiling -0.01236
frame 4123 time 2061.5 binding_event at DNA_gyrase 14 enzyme gyrase with twist 49.62792 superhelical 0.03456 global twist -43.38390 global supercoiling -0.01242
frame 4128 time 2064.0 unbinding_event at DNA_gyrase 14 enzyme gyrase with twist 55.01351 superhelical 0.07197 global twist -56.84787 global supercoiling -0.01662
frame 4143 time 2071.5 unbinding_event at gene tetA enzyme RNAP with twist 106.77175 superhelical -0.02369 global twist -59.54066 global supercoiling -0.01705
frame 4149 time 2074.5 unbinding_event at gene tetA enzyme RNAP with twist -59.54066 superhelical -0.07661 global twist -59.54066 global supercoiling -0.01696
frame 4185 time 2092.5 binding_event at gene tetA enzyme RNAP with twist -59.54066 superhelical -0.01686 global twist -59.54066 global supercoiling -0.01686
frame 4225 time 2112.5 unbinding_event at gene tetA enzyme RNAP with twist -59.54066 superhelical -0.07190 global twist -59.54066 global supercoiling -0.01696
frame 4353 time 2176.5 binding_event at gene tetA enzyme RNAP with twist -59.54066 superhelical -0.01686 global twist -59.54066 global supercoiling -0.01686
frame 4364 time 2182.0 binding_event at DNA_gyrase 31 enzyme gyrase with twist -68.59496 superhelical -0.03584 global twist -59.54066 global supercoiling -0.01696
frame 4367 time 2183.5 unbinding_event at DNA_gyrase 31 enzyme gyrase with twist -93.72770 superhelical -0.05403 global twist -67.61904 global supercoiling -0.01966
frame 4376 time 2188.0 binding_event at DNA_gyrase 19 enzyme gyrase with twist 52.13900 superhelical 0.03772 global twist -70.31184 global supercoiling -0.02002
frame 4384 time 2192.0 binding_event at DNA_topoI 49 enzyme topoI with twist -151.17396 superhelical -0.06652 global twist -91.85419 global supercoiling -0.02670
frame 4384 time 2192.0 unbinding_event at DNA_gyrase 19 enzyme gyrase with twist 60.21738 superhelical 0.07578 global twist -91.85419 global supercoiling -0.02670
frame 4386 time 2193.0 unbinding_event at DNA_topoI 49 enzyme topoI with twist -150.27637 superhelical -0.06507 global twist -86.76780 global supercoiling -0.02523
frame 4393 time 2196.5 unbinding_event at gene tetA enzyme RNAP with twist -82.87821 superhelical -0.07153 global twist -82.87821 global supercoiling -0.02360
frame 4411 time 2205.5 binding_event at gene tetA enzyme RNAP with twist -82.87821 superhelical -0.02347 global twist -82.87821 global supercoiling -0.02347
frame 4436 time 2218.0 binding_event at gene mKalama1 enzyme RNAP with twist -130.26673 superhelical -0.06017 global twist -82.87821 global supercoiling -0.02360
frame 4451 time 2225.5 unbinding_event at gene tetA enzyme RNAP with twist -101.01923 superhelical -0.09931 global twist -82.87821 global supercoiling -0.02373
frame 4463 time 2231.5 unbinding_event at gene mKalama1 enzyme RNAP with twist -82.87821 superhelical 0.42279 global twist -82.87821 global supercoiling -0.02360
frame 4498 time 2249.0 binding_event at gene tetA enzyme RNAP with twist -82.87821 superhelical -0.02347 global twist -82.87821 global supercoiling -0.02347
frame 4502 time 2251.0 binding_event at gene tetA enzyme RNAP with twist -54.86850 superhelical -0.03069 global twist -82.87821 global supercoiling -0.02360
frame 4538 time 2269.0 unbinding_event at gene tetA enzyme RNAP with twist 103.20135 superhelical -0.03102 global twist -82.87821 global supercoiling -0.02373
frame 4542 time 2271.0 unbinding_event at gene tetA enzyme RNAP with twist -82.87821 superhelical -0.08174 global twist -82.87821 global supercoiling -0.02360
frame 4558 time 2279.0 binding_event at gene tetA enzyme RNAP with twist -82.87821 superhelical -0.02347 global twist -82.87821 global supercoiling -0.02347
frame 4594 time 2297.0 binding_event at DNA_topoI 9 enzyme topoI with twist -169.76103 superhelical -0.07186 global twist -82.87821 global supercoiling -0.02360
frame 4598 time 2299.0 unbinding_event at gene tetA enzyme RNAP with twist 93.69466 superhelical -0.22703 global twist -67.31984 global supercoiling -0.01957
frame 4599 time 2299.5 binding_event at DNA_topoI 40 enzyme topoI with twist -157.12491 superhelical -0.06740 global twist -63.43025 global supercoiling -0.01834
frame 4604 time 2302.0 unbinding_event at DNA_topoI 40 enzyme topoI with twist -122.11859 superhelical -0.05747 global twist -24.53434 global supercoiling -0.00724
frame 4606 time 2303.0 unbinding_event at DNA_topoI 9 enzyme topoI with twist -8.97598 superhelical -0.05071 global twist -12.86557 global supercoiling -0.00372
frame 4661 time 2330.5 binding_event at DNA_gyrase 2 enzyme gyrase with twist -8.97598 superhelical -0.00254 global twist -8.97598 global supercoiling -0.00254
frame 4662 time 2331.0 unbinding_event at DNA_gyrase 2 enzyme gyrase with twist -14.36157 superhelical -0.00407 global twist -11.66877 global supercoiling -0.00337
frame 4735 time 2367.5 binding_event at gene Raspberry enzyme RNAP with twist -14.36157 superhelical -0.00407 global twist -14.36157 global supercoiling -0.00407
frame 4762 time 2381.0 unbinding_event at gene Raspberry enzyme RNAP with twist -14.36157 superhelical -0.08194 global twist -14.36157 global supercoiling -0.00409
frame 4825 time 2412.5 binding_event at gene mKalama1 enzyme RNAP with twist -14.36157 superhelical -0.00407 global twist -14.36157 global supercoiling -0.00407
frame 4837 time 2418.5 binding_event at DNA_gyrase 4 enzyme gyrase with twist -54.79814 superhelical -0.01780 global twist -14.36157 global supercoiling -0.00409
frame 4837 time 2418.5 unbinding_event at DNA_gyrase 4 enzyme gyrase with twist -61.08132 superhelical -0.02122 global twist -14.36157 global supercoiling -0.00409
frame 4852 time 2426.0 unbinding_event at gene mKalama1 enzyme RNAP with twist -17.05436 superhelical 0.67593 global twist -17.05436 global supercoiling -0.00486
frame 4869 time 2434.5 binding_event at DNA_gyrase 29 enzyme gyrase with twist -17.05436 superhelical -0.00483 global twist -17.05436 global supercoiling -0.00483
frame 4870 time 2435.0 unbinding_event at DNA_gyrase 29 enzyme gyrase with twist -22.43995 superhelical -0.02013 global twist -19.74715 global supercoiling -0.00571
frame 4945 time 2472.5 binding_event at DNA_gyrase 19 enzyme gyrase with twist -22.43995 superhelical -0.00636 global twist -22.43995 global supercoiling -0.00636
frame 4945 time 2472.5 unbinding_event at DNA_gyrase 19 enzyme gyrase with twist -25.13274 superhelical -0.00693 global twist -22.43995 global supercoiling -0.00636
frame 4997 time 2498.5 binding_event at gene tetA enzyme RNAP with twist -25.13274 superhelical -0.00712 global twist -25.13274 global supercoiling -0.00712
frame 5015 time 2507.5 binding_event at DNA_topoI 26 enzyme topoI with twist -76.91074 superhelical -0.03771 global twist -25.13274 global supercoiling -0.00716
frame 5018 time 2509.0 unbinding_event at DNA_topoI 26 enzyme topoI with twist -75.71394 superhelical 0.16550 global twist -13.46397 global supercoiling -0.00391
frame 5037 time 2518.5 unbinding_event at gene tetA enzyme RNAP with twist -9.57438 superhelical -0.05869 global twist -9.57438 global supercoiling -0.00273
frame 5078 time 2539.0 binding_event at gene tetA enzyme RNAP with twist -9.57438 superhelical -0.00271 global twist -9.57438 global supercoiling -0.00271
frame 5101 time 2550.5 binding_event at gene tetA enzyme RNAP with twist -87.25851 superhelical -0.04098 global twist -9.57438 global supercoiling -0.00273
frame 5106 time 2553.0 binding_event at gene tetA enzyme RNAP with twist -88.92683 superhelical -0.04924 global twist -9.57438 global supercoiling -0.00274
frame 5118 time 2559.0 unbinding_event at gene tetA enzyme RNAP with twist 126.02754 superhelical -0.04136 global twist -9.57438 global supercoiling -0.00276
frame 5139 time 2569.5 binding_event at DNA_gyrase 17 enzyme gyrase with twist 197.83538 superhelical 0.17775 global twist -9.57438 global supercoiling -0.00274
frame 5139 time 2569.5 unbinding_event at DNA_gyrase 17 enzyme gyrase with twist 198.73297 superhelical 0.20203 global twist -9.57438 global supercoiling -0.00274
frame 5141 time 2570.5 unbinding_event at gene tetA enzyme RNAP with twist 202.39957 superhelical -0.04977 global twist -12.26717 global supercoiling -0.00351
frame 5146 time 2573.0 unbinding_event at gene tetA enzyme RNAP with twist -12.26717 superhelical -0.09486 global twist -12.26717 global supercoiling -0.00349
frame 5150 time 2575.0 binding_event at gene Raspberry enzyme RNAP with twist -12.26717 superhelical -0.00347 global twist -12.26717 global supercoiling -0.00347
frame 5166 time 2583.0 binding_event at DNA_gyrase 8 enzyme gyrase with twist 47.84242 superhelical 0.01943 global twist -12.26717 global supercoiling -0.00349
frame 5170 time 2585.0 unbinding_event at DNA_gyrase 8 enzyme gyrase with twist 52.33041 superhelical 0.03184 global twist -23.03835 global supercoiling -0.00670
frame 5176 time 2588.0 binding_event at DNA_gyrase 22 enzyme gyrase with twist 70.28236 superhelical 0.03079 global twist -25.73114 global supercoiling -0.00733
frame 5177 time 2588.5 unbinding_event at gene Raspberry enzyme RNAP with twist -34.58839 superhelical -0.08158 global twist -28.42393 global supercoiling -0.00826
frame 5179 time 2589.5 unbinding_event at DNA_gyrase 22 enzyme gyrase with twist -36.50231 superhelical -0.01142 global twist -33.80952 global supercoiling -0.00978
frame 5191 time 2595.5 binding_event at DNA_gyrase 36 enzyme gyrase with twist -36.50231 superhelical -0.01034 global twist -36.50231 global supercoiling -0.01034
frame 5195 time 2597.5 unbinding_event at DNA_gyrase 36 enzyme gyrase with twist -49.96628 superhelical -0.02046 global twist -47.27349 global supercoiling -0.01367
frame 5252 time 2626.0 binding_event at DNA_gyrase 23 enzyme gyrase with twist -49.96628 superhelical -0.01415 global twist -49.96628 global supercoiling -0.01415
frame 5257 time 2628.5 unbinding_event at DNA_gyrase 23 enzyme gyrase with twist -66.12305 superhelical -0.01687 global twist -63.43025 global supercoiling -0.01834
frame 5307 time 2653.5 binding_event at gene tetA enzyme RNAP with twist -66.12305 superhelical -0.01873 global twist -66.12305 global supercoiling -0.01873
frame 5313 time 2656.5 binding_event at DNA_gyrase 28 enzyme gyrase with twist -53.86016 superhelical -0.02953 global twist -66.12305 global supercoiling -0.01883
frame 5316 time 2658.0 unbinding_event at DNA_gyrase 28 enzyme gyrase with twist -78.99290 superhelical -0.08188 global twist -74.20143 global supercoiling -0.02157
frame 5329 time 2664.5 binding_event at DNA_topoI 39 enzyme topoI with twist -122.07760 superhelical -0.05783 global twist -76.89422 global supercoiling -0.02190
frame 5344 time 2672.0 binding_event at gene Raspberry enzyme RNAP with twist -24.41612 superhelical -0.02727 global twist -18.55036 global supercoiling -0.00539
frame 5347 time 2673.5 unbinding_event at gene tetA enzyme RNAP with twist 13.64495 superhelical -0.06717 global twist -6.88158 global supercoiling -0.00201
frame 5349 time 2674.5 binding_event at gene tetA enzyme RNAP with twist 15.58974 superhelical 0.00608 global twist 0.89760 global supercoiling 0.00026
frame 5358 time 2679.0 unbinding_event at DNA_topoI 39 enzyme topoI with twist -48.22249 superhelical -0.04061 global twist 35.90392 global supercoiling 0.01050
frame 5371 time 2685.5 unbinding_event at gene Raspberry enzyme RNAP with twist -53.78485 superhelical -0.07502 global twist 39.79351 global supercoiling 0.01139
frame 5389 time 2694.5 unbinding_event at gene tetA enzyme RNAP with twist 39.79351 superhelical -0.04829 global twist 39.79351 global supercoiling 0.01133
frame 5479 time 2739.5 binding_event at DNA_gyrase 6 enzyme gyrase with twist 39.79351 superhelical 0.01127 global twist 39.79351 global supercoiling 0.01127
frame 5479 time 2739.5 unbinding_event at DNA_gyrase 6 enzyme gyrase with twist 37.10071 superhelical 0.01087 global twist 39.79351 global supercoiling 0.01127
frame 5521 time 2760.5 binding_event at DNA_gyrase 30 enzyme gyrase with twist 37.10071 superhelical 0.01051 global twist 37.10071 global supercoiling 0.01051
frame 5526 time 2763.0 unbinding_event at DNA_gyrase 30 enzyme gyrase with twist 20.94395 superhelical -0.02173 global twist 23.63674 global supercoiling 0.00683
frame 5535 time 2767.5 binding_event at DNA_gyrase 45 enzyme gyrase with twist 20.94395 superhelical 0.00593 global twist 20.94395 global supercoiling 0.00593
frame 5537 time 2768.5 unbinding_event at DNA_gyrase 45 enzyme gyrase with twist 12.86557 superhelical 0.00301 global twist 15.55836 global supercoiling 0.00450
frame 5539 time 2769.5 binding_event at gene tetA enzyme RNAP with twist 12.86557 superhelical 0.00364 global twist 12.86557 global supercoiling 0.00364
frame 5544 time 2772.0 binding_event at gene tetA enzyme RNAP with twist -11.66388 superhelical -0.00646 global twist 12.86557 global supercoiling 0.00366
frame 5562 time 2781.0 binding_event at gene tetA enzyme RNAP with twist -75.83000 superhelical -0.03718 global twist 12.86557 global supercoiling 0.00368
frame 5576 time 2788.0 binding_event at DNA_gyrase 16 enzyme gyrase with twist 139.42198 superhelical 0.12328 global twist 12.86557 global supercoiling 0.00370
frame 5576 time 2788.0 unbinding_event at DNA_gyrase 16 enzyme gyrase with twist 140.31958 superhelical 0.14270 global twist 12.86557 global supercoiling 0.00370
frame 5579 time 2789.5 unbinding_event at gene tetA enzyme RNAP with twist 150.62982 superhelical -0.00653 global twist 10.17278 global supercoiling 0.00293
frame 5584 time 2792.0 unbinding_event at gene tetA enzyme RNAP with twist 157.17134 superhelical -0.03754 global twist 10.17278 global supercoiling 0.00291
frame 5589 time 2794.5 binding_event at DNA_gyrase 19 enzyme gyrase with twist 171.53291 superhelical 0.13089 global twist 10.17278 global supercoiling 0.00290
frame 5590 time 2795.0 unbinding_event at DNA_gyrase 19 enzyme gyrase with twist 173.32810 superhelical 0.15040 global twist 7.47998 global supercoiling 0.00217
frame 5595 time 2797.5 binding_event at DNA_topoI 42 enzyme topoI with twist -182.90248 superhelical -0.07923 global twist 4.78719 global supercoiling 0.00136
frame 5601 time 2800.5 binding_event at DNA_topoI 4 enzyme topoI with twist -101.96092 superhelical -0.08263 global twist 28.12473 global supercoiling 0.00818
frame 5602 time 2801.0 unbinding_event at gene tetA enzyme RNAP with twist 180.46472 superhelical -0.08808 global twist 35.90392 global supercoiling 0.01066
frame 5611 time 2805.5 unbinding_event at DNA_topoI 4 enzyme topoI with twist 171.44935 superhelical -0.03357 global twist 105.91655 global supercoiling 0.03127
frame 5622 time 2811.0 unbinding_event at DNA_topoI 42 enzyme topoI with twist 156.48123 superhelical -0.03274 global twist 152.59164 global supercoiling 0.04412
frame 5640 time 2820.0 binding_event at DNA_gyrase 12 enzyme gyrase with twist 156.48123 superhelical 0.04432 global twist 156.48123 global supercoiling 0.04432
frame 5641 time 2820.5 unbinding_event at DNA_gyrase 12 enzyme gyrase with twist 151.09565 superhelical 0.04418 global twist 153.78844 global supercoiling 0.04446
frame 5646 time 2823.0 binding_event at gene tetA enzyme RNAP with twist 151.09565 superhelical 0.04280 global twist 151.09565 global supercoiling 0.04280
frame 5654 time 2827.0 binding_event at gene tetA enzyme RNAP with twist 45.12525 superhelical 0.02426 global twist 151.09565 global supercoiling 0.04303
frame 5675 time 2837.5 binding_event at DNA_topoI 29 enzyme topoI with twist -33.32436 superhelical -0.01592 global twist 151.09565 global supercoiling 0.04327
frame 5679 time 2839.5 binding_event at DNA_gyrase 17 enzyme gyrase with twist 195.73019 superhelical 0.16273 global twist 166.65401 global supercoiling 0.04872
frame 5682 time 2841.0 unbinding_event at DNA_gyrase 17 enzyme gyrase with twist 199.32058 superhelical 0.21534 global twist 170.24440 global supercoiling 0.05084
frame 5686 time 2843.0 unbinding_event at gene tetA enzyme RNAP with twist 216.73353 superhelical 0.02452 global twist 183.10997 global supercoiling 0.05353
frame 5688 time 2844.0 unbinding_event at DNA_topoI 29 enzyme topoI with twist -29.13557 superhelical 0.13723 global twist 190.88915 global supercoiling 0.05550
frame 5694 time 2847.0 unbinding_event at gene tetA enzyme RNAP with twist 194.77874 superhelical -0.02067 global twist 194.77874 global supercoiling 0.05547
frame 5736 time 2868.0 binding_event at gene tetA enzyme RNAP with twist 194.77874 superhelical 0.05517 global twist 194.77874 global supercoiling 0.05517
frame 5738 time 2869.0 binding_event at gene tetA enzyme RNAP with twist 88.01783 superhelical 0.05024 global twist 194.77874 global supercoiling 0.05547
frame 5740 time 2870.0 binding_event at DNA_gyrase 47 enzyme gyrase with twist 79.98604 superhelical 0.04565 global twist 194.77874 global supercoiling 0.05577
frame 5743 time 2871.5 unbinding_event at DNA_gyrase 47 enzyme gyrase with twist 54.85330 superhelical 0.04394 global twist 186.70036 global supercoiling 0.05458
frame 5744 time 2872.0 binding_event at DNA_gyrase 22 enzyme gyrase with twist 128.30327 superhelical 0.07769 global twist 184.00757 global supercoiling 0.05269
frame 5744 time 2872.0 unbinding_event at DNA_gyrase 22 enzyme gyrase with twist 129.20087 superhelical 0.08392 global twist 184.00757 global supercoiling 0.05269
frame 5776 time 2888.0 unbinding_event at gene tetA enzyme RNAP with twist 244.94440 superhelical 0.05079 global twist 181.31478 global supercoiling 0.05192
frame 5778 time 2889.0 unbinding_event at gene tetA enzyme RNAP with twist 181.31478 superhelical -0.02888 global twist 181.31478 global supercoiling 0.05164
frame 5809 time 2904.5 binding_event at gene tetA enzyme RNAP with twist 181.31478 superhelical 0.05136 global twist 181.31478 global supercoiling 0.05136
frame 5839 time 2919.5 binding_event at gene mKalama1 enzyme RNAP with twist -19.09369 superhelical -0.00847 global twist 181.31478 global supercoiling 0.05164
frame 5849 time 2924.5 unbinding_event at gene tetA enzyme RNAP with twist 147.35028 superhelical -0.04667 global twist 181.31478 global supercoiling 0.05192
frame 5850 time 2925.0 binding_event at DNA_gyrase 45 enzyme gyrase with twist 147.35028 superhelical 0.04813 global twist 181.31478 global supercoiling 0.05164
frame 5852 time 2926.0 binding_event at DNA_gyrase 30 enzyme gyrase with twist 41.14528 superhelical 0.09936 global twist 175.92919 global supercoiling 0.05115
frame 5853 time 2926.5 unbinding_event at DNA_gyrase 45 enzyme gyrase with twist 122.21754 superhelical 0.02421 global twist 170.54360 global supercoiling 0.05064
frame 5854 time 2927.0 unbinding_event at DNA_gyrase 30 enzyme gyrase with twist 43.83807 superhelical 0.10398 global twist 165.15801 global supercoiling 0.04802
frame 5866 time 2933.0 unbinding_event at gene mKalama1 enzyme RNAP with twist 162.46522 superhelical 0.60024 global twist 162.46522 global supercoiling 0.04627
frame 5905 time 2952.5 binding_event at DNA_gyrase 37 enzyme gyrase with twist 162.46522 superhelical 0.04602 global twist 162.46522 global supercoiling 0.04602
frame 5905 time 2952.5 unbinding_event at DNA_gyrase 37 enzyme gyrase with twist 159.77243 superhelical 0.04518 global twist 162.46522 global supercoiling 0.04602
frame 5921 time 2960.5 binding_event at DNA_gyrase 1 enzyme gyrase with twist 159.77243 superhelical 0.04525 global twist 159.77243 global supercoiling 0.04525
frame 5922 time 2961.0 unbinding_event at DNA_gyrase 1 enzyme gyrase with twist 154.38684 superhelical 0.04466 global twist 157.07963 global supercoiling 0.04542
frame 5926 time 2963.0 binding_event at DNA_gyrase 22 enzyme gyrase with twist 154.38684 superhelical 0.04373 global twist 154.38684 global supercoiling 0.04373
frame 5937 time 2968.5 unbinding_event at DNA_gyrase 22 enzyme gyrase with twist 122.07331 superhelical 0.03969 global twist 124.76611 global supercoiling 0.03607
frame 5958 time 2979.0 binding_event at gene tetA enzyme RNAP with twist 122.07331 superhelical 0.03458 global twist 122.07331 global supercoiling 0.03458
frame 5998 time 2999.0 unbinding_event at gene tetA enzyme RNAP with twist 122.07331 superhelical -0.03570 global twist 122.07331 global supercoiling 0.03476
frame 6034 time 3017.0 binding_event at DNA_gyrase 35 enzyme gyrase with twist 122.07331 superhelical 0.03458 global twist 122.07331 global supercoiling 0.03458
frame 6034 time 3017.0 unbinding_event at DNA_gyrase 35 enzyme gyrase with twist 119.38052 superhelical 0.03308 global twist 122.07331 global supercoiling 0.03458
frame 6043 time 3021.5 binding_event at gene Raspberry enzyme RNAP with twist 119.38052 superhelical 0.03381 global twist 119.38052 global supercoiling 0.03381
frame 6047 time 3023.5 binding_event at DNA_gyrase 34 enzyme gyrase with twist 11.55711 superhelical 0.01385 global twist 119.38052 global supercoiling 0.03400
frame 6051 time 3025.5 unbinding_event at DNA_gyrase 34 enzyme gyrase with twist -19.85882 superhelical 0.00260 global twist 108.60935 global supercoiling 0.03158
frame 6064 time 3032.0 binding_event at gene tetA enzyme RNAP with twist 168.86007 superhelical 0.07119 global twist 105.91655 global supercoiling 0.03016
frame 6065 time 3032.5 binding_event at gene mKalama1 enzyme RNAP with twist -66.53391 superhelical -0.05749 global twist 105.91655 global supercoiling 0.03033
frame 6070 time 3035.0 unbinding_event at gene Raspberry enzyme RNAP with twist -31.74432 superhelical -0.10164 global twist 105.91655 global supercoiling 0.03050
frame 6092 time 3046.0 unbinding_event at gene mKalama1 enzyme RNAP with twist -127.04006 superhelical 0.43285 global twist 105.91655 global supercoiling 0.03033
frame 6094 time 3047.0 binding_event at DNA_gyrase 13 enzyme gyrase with twist 236.54700 superhelical 0.18824 global twist 105.91655 global supercoiling 0.03016
frame 6095 time 3047.5 unbinding_event at DNA_gyrase 13 enzyme gyrase with twist 238.34220 superhelical 0.23740 global twist 103.22376 global supercoiling 0.03001
frame 6104 time 3052.0 unbinding_event at gene tetA enzyme RNAP with twist 100.53096 superhelical -0.06938 global twist 100.53096 global supercoiling 0.02863
frame 6133 time 3066.5 binding_event at DNA_gyrase 0 enzyme gyrase with twist 100.53096 superhelical 0.02847 global twist 100.53096 global supercoiling 0.02847
frame 6142 time 3071.0 unbinding_event at DNA_gyrase 0 enzyme gyrase with twist 73.60303 superhelical 0.02108 global twist 76.29582 global supercoiling 0.02206
frame 6176 time 3088.0 binding_event at gene tetA enzyme RNAP with twist 73.60303 superhelical 0.02085 global twist 73.60303 global supercoiling 0.02085
frame 6216 time 3108.0 unbinding_event at gene tetA enzyme RNAP with twist 73.60303 superhelical -0.04536 global twist 73.60303 global supercoiling 0.02096
frame 6231 time 3115.5 binding_event at DNA_gyrase 26 enzyme gyrase with twist 73.60303 superhelical 0.02085 global twist 73.60303 global supercoiling 0.02085
frame 6242 time 3121.0 unbinding_event at DNA_gyrase 26 enzyme gyrase with twist 41.28950 superhelical -0.40106 global twist 43.98230 global supercoiling 0.01272
frame 6290 time 3145.0 binding_event at DNA_gyrase 14 enzyme gyrase with twist 41.28950 superhelical 0.01169 global twist 41.28950 global supercoiling 0.01169
frame 6293 time 3146.5 unbinding_event at DNA_gyrase 14 enzyme gyrase with twist 30.51833 superhelical 0.00994 global twist 33.21112 global supercoiling 0.00960
frame 6332 time 3166.0 binding_event at DNA_gyrase 1 enzyme gyrase with twist 30.51833 superhelical 0.00864 global twist 30.51833 global supercoiling 0.00864
frame 6334 time 3167.0 binding_event at gene tetA enzyme RNAP with twist 12.80925 superhelical 0.00729 global twist 25.13274 global supercoiling 0.00727
frame 6335 time 3167.5 binding_event at DNA_gyrase 26 enzyme gyrase with twist 9.06007 superhelical 0.00522 global twist 22.43995 global supercoiling 0.00652
frame 6337 time 3168.5 unbinding_event at DNA_gyrase 1 enzyme gyrase with twist -0.35833 superhelical -0.00215 global twist 11.66877 global supercoiling 0.00346
frame 6338 time 3169.0 unbinding_event at DNA_gyrase 26 enzyme gyrase with twist -10.48117 superhelical -0.13541 global twist 6.28319 global supercoiling 0.00183
frame 6358 time 3179.0 binding_event at DNA_topoI 4 enzyme topoI with twist -78.69861 superhelical -0.03665 global twist 3.59039 global supercoiling 0.00102
frame 6366 time 3183.0 unbinding_event at DNA_topoI 4 enzyme topoI with twist -76.00581 superhelical -0.02905 global twist 34.70712 global supercoiling 0.01009
frame 6374 time 3187.0 unbinding_event at gene tetA enzyme RNAP with twist 38.59671 superhelical -0.04271 global twist 38.59671 global supercoiling 0.01099
frame 6436 time 3218.0 binding_event at gene tetA enzyme RNAP with twist 38.59671 superhelical 0.01093 global twist 38.59671 global supercoiling 0.01093
frame 6476 time 3238.0 unbinding_event at gene tetA enzyme RNAP with twist 38.59671 superhelical -0.05234 global twist 38.59671 global supercoiling 0.01099
frame 6480 time 3240.0 binding_event at DNA_gyrase 2 enzyme gyrase with twist 38.59671 superhelical 0.01093 global twist 38.59671 global supercoiling 0.01093
frame 6481 time 3240.5 binding_event at DNA_gyrase 24 enzyme gyrase with twist 16.84347 superhelical 0.01033 global twist 35.90392 global supercoiling 0.01038
frame 6481 time 3240.5 unbinding_event at DNA_gyrase 24 enzyme gyrase with twist 12.80428 superhelical 0.00902 global twist 35.90392 global supercoiling 0.01038
frame 6482 time 3241.0 unbinding_event at DNA_gyrase 2 enzyme gyrase with twist 27.82553 superhelical 0.00895 global twist 30.51833 global supercoiling 0.00882
frame 6497 time 3248.5 binding_event at DNA_gyrase 32 enzyme gyrase with twist 27.82553 superhelical 0.00788 global twist 27.82553 global supercoiling 0.00788
frame 6499 time 3249.5 unbinding_event at DNA_gyrase 32 enzyme gyrase with twist 19.74715 superhelical -0.00224 global twist 22.43995 global supercoiling 0.00649
frame 6588 time 3294.0 binding_event at DNA_gyrase 4 enzyme gyrase with twist 19.74715 superhelical 0.00559 global twist 19.74715 global supercoiling 0.00559
frame 6590 time 3295.0 unbinding_event at DNA_gyrase 4 enzyme gyrase with twist 11.66877 superhelical 0.00366 global twist 14.36157 global supercoiling 0.00415
frame 6677 time 3338.5 binding_event at DNA_gyrase 39 enzyme gyrase with twist 11.66877 superhelical 0.00331 global twist 11.66877 global supercoiling 0.00331
frame 6686 time 3343.0 unbinding_event at DNA_gyrase 39 enzyme gyrase with twist -15.25916 superhelical -0.01167 global twist -12.56637 global supercoiling -0.00363
frame 6713 time 3356.5 binding_event at DNA_topoI 37 enzyme topoI with twist -15.25916 superhelical -0.00432 global twist -15.25916 global supercoiling -0.00432
frame 6717 time 3358.5 unbinding_event at DNA_topoI 37 enzyme topoI with twist 4.18879 superhelical 0.00853 global twist 0.29920 global supercoiling 0.00009
frame 6760 time 3380.0 binding_event at gene tetA enzyme RNAP with twist 4.18879 superhelical 0.00119 global twist 4.18879 global supercoiling 0.00119
frame 6769 time 3384.5 binding_event at gene tetA enzyme RNAP with twist -30.26624 superhelical -0.01612 global twist 4.18879 global supercoiling 0.00119
frame 6800 time 3400.0 binding_event at DNA_topoI 26 enzyme topoI with twist -139.24920 superhelical -0.06127 global twist 4.18879 global supercoiling 0.00120
frame 6800 time 3400.0 unbinding_event at gene tetA enzyme RNAP with twist 147.02839 superhelical -0.01628 global twist 4.18879 global supercoiling 0.00120
frame 6801 time 3400.5 unbinding_event at DNA_topoI 26 enzyme topoI with twist -138.65081 superhelical 0.04042 global twist 8.07838 global supercoiling 0.00235
frame 6805 time 3402.5 binding_event at DNA_gyrase 13 enzyme gyrase with twist 161.38995 superhelical 0.14047 global twist 11.96797 global supercoiling 0.00341
frame 6809 time 3404.5 unbinding_event at gene tetA enzyme RNAP with twist -120.64818 superhelical -0.06825 global twist 1.19680 global supercoiling 0.00035
frame 6817 time 3408.5 unbinding_event at DNA_gyrase 13 enzyme gyrase with twist -23.03835 superhelical -0.05019 global twist -20.34555 global supercoiling -0.00588
frame 6834 time 3417.0 binding_event at DNA_gyrase 21 enzyme gyrase with twist -23.03835 superhelical -0.00653 global twist -23.03835 global supercoiling -0.00653
frame 6838 time 3419.0 unbinding_event at DNA_gyrase 21 enzyme gyrase with twist -36.50231 superhelical -0.00877 global twist -33.80952 global supercoiling -0.00978
frame 6920 time 3460.0 binding_event at DNA_gyrase 34 enzyme gyrase with twist -36.50231 superhelical -0.01034 global twist -36.50231 global supercoiling -0.01034
frame 6922 time 3461.0 unbinding_event at DNA_gyrase 34 enzyme gyrase with twist -44.58070 superhelical -0.01809 global twist -41.88790 global supercoiling -0.01211
frame 6972 time 3486.0 binding_event at DNA_gyrase 8 enzyme gyrase with twist -44.58070 superhelical -0.01263 global twist -44.58070 global supercoiling -0.01263
frame 6973 time 3486.5 unbinding_event at DNA_gyrase 8 enzyme gyrase with twist -49.96628 superhelical -0.01408 global twist -47.27349 global supercoiling -0.01367
frame 7165 time 3582.5 binding_event at gene tetA enzyme RNAP with twist -49.96628 superhelical -0.01415 global twist -49.96628 global supercoiling -0.01415
frame 7172 time 3586.0 binding_event at DNA_gyrase 22 enzyme gyrase with twist -0.41239 superhelical -0.00025 global twist -49.96628 global supercoiling -0.01423
frame 7175 time 3587.5 unbinding_event at DNA_gyrase 22 enzyme gyrase with twist 3.17800 superhelical 0.00647 global twist -58.04466 global supercoiling -0.01688
frame 7205 time 3602.5 unbinding_event at gene tetA enzyme RNAP with twist -60.73746 superhelical -0.06999 global twist -60.73746 global supercoiling -0.01730
frame 7233 time 3616.5 binding_event at DNA_topoI 22 enzyme topoI with twist -60.73746 superhelical -0.01720 global twist -60.73746 global supercoiling -0.01720
frame 7245 time 3622.5 unbinding_event at DNA_topoI 22 enzyme topoI with twist -10.17278 superhelical -0.00982 global twist -14.06237 global supercoiling -0.00407
frame 7489 time 3744.5 binding_event at gene Raspberry enzyme RNAP with twist -10.17278 superhelical -0.00288 global twist -10.17278 global supercoiling -0.00288
frame 7503 time 3751.5 binding_event at gene tetA enzyme RNAP with twist 42.30132 superhelical 0.01694 global twist -10.17278 global supercoiling -0.00290
frame 7516 time 3758.0 unbinding_event at gene Raspberry enzyme RNAP with twist -91.07658 superhelical -0.08122 global twist -10.17278 global supercoiling -0.00291
frame 7527 time 3763.5 binding_event at DNA_topoI 38 enzyme topoI with twist -126.98050 superhelical -0.05914 global twist -10.17278 global supercoiling -0.00290
frame 7529 time 3764.5 unbinding_event at DNA_topoI 38 enzyme topoI with twist -126.08290 superhelical -0.05410 global twist -2.39359 global supercoiling -0.00070
frame 7543 time 3771.5 unbinding_event at gene tetA enzyme RNAP with twist 1.49600 superhelical -0.07191 global twist 1.49600 global supercoiling 0.00043
frame 7561 time 3780.5 binding_event at gene tetA enzyme RNAP with twist 1.49600 superhelical 0.00042 global twist 1.49600 global supercoiling 0.00042
frame 7569 time 3784.5 binding_event at gene tetA enzyme RNAP with twist -27.99196 superhelical -0.01505 global twist 1.49600 global supercoiling 0.00043
frame 7594 time 3797.0 binding_event at DNA_topoI 43 enzyme topoI with twist -115.85893 superhelical -0.05351 global twist 1.49600 global supercoiling 0.00043
frame 7601 time 3800.5 unbinding_event at gene tetA enzyme RNAP with twist 146.07806 superhelical -0.01521 global twist 28.72313 global supercoiling 0.00840
frame 7609 time 3804.5 unbinding_event at gene tetA enzyme RNAP with twist 98.06076 superhelical -0.06406 global twist 59.83986 global supercoiling 0.01740
frame 7611 time 3805.5 binding_event at gene Raspberry enzyme RNAP with twist -32.38652 superhelical -0.02739 global twist 67.61904 global supercoiling 0.01955
frame 7614 time 3807.0 binding_event at gene tetA enzyme RNAP with twist 105.83994 superhelical 0.04650 global twist 79.28781 global supercoiling 0.02305
frame 7624 time 3812.0 unbinding_event at DNA_topoI 43 enzyme topoI with twist 69.89088 superhelical 0.44339 global twist 118.18372 global supercoiling 0.03455
frame 7638 time 3819.0 unbinding_event at gene Raspberry enzyme RNAP with twist -51.86459 superhelical -0.09625 global twist 122.07331 global supercoiling 0.03496
frame 7643 time 3821.5 binding_event at DNA_gyrase 9 enzyme gyrase with twist 188.29947 superhelical 0.14773 global twist 122.07331 global supercoiling 0.03476
frame 7643 time 3821.5 unbinding_event at DNA_gyrase 9 enzyme gyrase with twist 189.19706 superhelical 0.24454 global twist 122.07331 global supercoiling 0.03476
frame 7654 time 3827.0 unbinding_event at gene tetA enzyme RNAP with twist 119.38052 superhelical -0.04458 global twist 119.38052 global supercoiling 0.03400
frame 7730 time 3865.0 binding_event at DNA_gyrase 48 enzyme gyrase with twist 119.38052 superhelical 0.03381 global twist 119.38052 global supercoiling 0.03381
frame 7741 time 3870.5 unbinding_event at DNA_gyrase 48 enzyme gyrase with twist 87.06700 superhelical 0.02403 global twist 89.75979 global supercoiling 0.02595
frame 7803 time 3901.5 binding_event at DNA_gyrase 18 enzyme gyrase with twist 87.06700 superhelical 0.02466 global twist 87.06700 global supercoiling 0.02466
frame 7803 time 3901.5 unbinding_event at DNA_gyrase 18 enzyme gyrase with twist 84.37420 superhelical 0.02472 global twist 87.06700 global supercoiling 0.02466
frame 7841 time 3920.5 binding_event at gene tetA enzyme RNAP with twist 84.37420 superhelical 0.02390 global twist 84.37420 global supercoiling 0.02390
frame 7859 time 3929.5 binding_event at DNA_gyrase 46 enzyme gyrase with twist -23.38894 superhelical -0.01147 global twist 84.37420 global supercoiling 0.02403
frame 7862 time 3931.0 binding_event at DNA_gyrase 12 enzyme gyrase with twist 118.53432 superhelical 0.08358 global twist 76.29582 global supercoiling 0.02218
frame 7867 time 3933.5 binding_event at DNA_topoI 27 enzyme topoI with twist -27.38814 superhelical -0.01959 global twist 49.36788 global supercoiling 0.01466
frame 7868 time 3934.0 unbinding_event at DNA_gyrase 12 enzyme gyrase with twist 124.81750 superhelical 0.17474 global twist 47.87189 global supercoiling 0.01452
frame 7869 time 3934.5 unbinding_event at DNA_gyrase 46 enzyme gyrase with twist -85.97747 superhelical -0.01927 global twist 46.37589 global supercoiling 0.01377
frame 7876 time 3938.0 unbinding_event at DNA_topoI 27 enzyme topoI with twist -78.74081 superhelical 0.55970 global twist 70.91023 global supercoiling 0.02062
frame 7881 time 3940.5 unbinding_event at gene tetA enzyme RNAP with twist 74.79983 superhelical -0.03943 global twist 74.79983 global supercoiling 0.02130
frame 7911 time 3955.5 binding_event at DNA_gyrase 40 enzyme gyrase with twist 74.79983 superhelical 0.02119 global twist 74.79983 global supercoiling 0.02119
frame 7912 time 3956.0 unbinding_event at DNA_gyrase 40 enzyme gyrase with twist 69.41424 superhelical 0.01884 global twist 72.10703 global supercoiling 0.02085
frame 7915 time 3957.5 binding_event at DNA_gyrase 25 enzyme gyrase with twist 69.41424 superhelical 0.01966 global twist 69.41424 global supercoiling 0.01966
frame 7915 time 3957.5 unbinding_event at DNA_gyrase 25 enzyme gyrase with twist 66.72144 superhelical 0.01944 global twist 69.41424 global supercoiling 0.01966
frame 7930 time 3965.0 binding_event at DNA_gyrase 24 enzyme gyrase with twist 66.72144 superhelical 0.01890 global twist 66.72144 global supercoiling 0.01890
frame 7941 time 3970.5 unbinding_event at DNA_gyrase 24 enzyme gyrase with twist 34.40792 superhelical 0.01455 global twist 37.10071 global supercoiling 0.01073
frame 7980 time 3990.0 binding_event at DNA_gyrase 2 enzyme gyrase with twist 34.40792 superhelical 0.00975 global twist 34.40792 global supercoiling 0.00975
frame 7983 time 3991.5 unbinding_event at DNA_gyrase 2 enzyme gyrase with twist 23.63674 superhelical 0.00700 global twist 26.32954 global supercoiling 0.00761
frame 7997 time 3998.5 binding_event at DNA_gyrase 26 enzyme gyrase with twist 23.63674 superhelical 0.00669 global twist 23.63674 global supercoiling 0.00669
frame 8000 time 4000.0 unbinding_event at DNA_gyrase 26 enzyme gyrase with twist 12.86557 superhelical -0.13394 global twist 15.55836 global supercoiling 0.00450
