TORCphysics log file 

General information: 
---------------------------------------------------------------------------------------
Circuit name: Pleu500_3
Size: 6000
Structure: circle
Number of sites: 110
Number of frames: 8000
Simulation time: 4000.0
Simulation timestep: 0.5
Seed: 4667835774387190224
 
Overall simulation information 
---------------------------------------------------------------------------------------
Initial twist: -211.83310
Final twist: -21.87532
Initial superhelical density: -0.06000
Final superhelical density: -0.00620
 
Overall rates 
---------------------------------------------------------------------------------------
site type            site name            #binding events      #unbinding events    binding rates        
 DNA_topoI            DNA_topoI_global                     40.0                 40.0                  0.01 
DNA_gyrase           DNA_gyrase_global                    83.0                 83.0               0.02075 
EXT                  EXT                                   0.0                  0.0                   0.0 
gene                 tetA                                 52.0                 52.0                 0.013 
gene                 CDS                                   1.0                  1.0               0.00025 
origin               ori                                   0.0                  0.0                   0.0 
lacOP                lac1                                  0.0                  0.0                   0.0 
gene                 mKalama1                              8.0                  8.0                 0.002 
lacOP                lac2                                  0.0                  0.0                   0.0 
gene                 Raspberry                             7.0                  7.0               0.00175 
 
Events
---------------------------------------------------------------------------------------
frame 62 time 31.0 binding_event at DNA_gyrase 2 enzyme gyrase with twist -211.83310 superhelical -0.06000 global twist -211.83310 global supercoiling -0.06000
frame 66 time 33.0 unbinding_event at DNA_gyrase 2 enzyme gyrase with twist -225.29707 superhelical -0.06493 global twist -222.60428 global supercoiling -0.06436
frame 69 time 34.5 binding_event at gene tetA enzyme RNAP with twist -225.29707 superhelical -0.06381 global twist -225.29707 global supercoiling -0.06381
frame 74 time 37.0 binding_event at DNA_topoI 24 enzyme topoI with twist -97.23059 superhelical -0.05701 global twist -225.29707 global supercoiling -0.06416
frame 79 time 39.5 unbinding_event at DNA_topoI 24 enzyme topoI with twist -52.35070 superhelical -0.04136 global twist -205.84912 global supercoiling -0.05985
frame 100 time 50.0 binding_event at DNA_topoI 4 enzyme topoI with twist -221.41666 superhelical -0.09742 global twist -201.95953 global supercoiling -0.05752
frame 102 time 51.0 unbinding_event at DNA_topoI 4 enzyme topoI with twist -220.51906 superhelical -0.09764 global twist -194.18035 global supercoiling -0.05645
frame 109 time 54.5 unbinding_event at gene tetA enzyme RNAP with twist -190.29076 superhelical -0.10017 global twist -190.29076 global supercoiling -0.05419
frame 220 time 110.0 binding_event at gene tetA enzyme RNAP with twist -190.29076 superhelical -0.05390 global twist -190.29076 global supercoiling -0.05390
frame 223 time 111.5 binding_event at DNA_topoI 45 enzyme topoI with twist -103.77627 superhelical -0.05863 global twist -190.29076 global supercoiling -0.05419
frame 223 time 111.5 unbinding_event at DNA_topoI 45 enzyme topoI with twist -103.47707 superhelical -0.05964 global twist -190.29076 global supercoiling -0.05419
frame 260 time 130.0 unbinding_event at gene tetA enzyme RNAP with twist -186.40116 superhelical -0.09637 global twist -186.40116 global supercoiling -0.05308
frame 267 time 133.5 binding_event at gene tetA enzyme RNAP with twist -186.40116 superhelical -0.05280 global twist -186.40116 global supercoiling -0.05280
frame 307 time 153.5 unbinding_event at gene tetA enzyme RNAP with twist -186.40116 superhelical -0.09718 global twist -186.40116 global supercoiling -0.05308
frame 313 time 156.5 binding_event at DNA_topoI 22 enzyme topoI with twist -186.40116 superhelical -0.05280 global twist -186.40116 global supercoiling -0.05280
frame 317 time 158.5 unbinding_event at DNA_topoI 22 enzyme topoI with twist -166.95321 superhelical -0.05091 global twist -170.84280 global supercoiling -0.04939
frame 321 time 160.5 binding_event at gene tetA enzyme RNAP with twist -166.95321 superhelical -0.04729 global twist -166.95321 global supercoiling -0.04729
frame 350 time 175.0 binding_event at DNA_topoI 5 enzyme topoI with twist -185.72016 superhelical -0.08303 global twist -166.95321 global supercoiling -0.04755
frame 358 time 179.0 unbinding_event at DNA_topoI 5 enzyme topoI with twist -183.02737 superhelical -0.07722 global twist -135.83648 global supercoiling -0.03949
frame 360 time 180.0 binding_event at DNA_topoI 38 enzyme topoI with twist -186.61776 superhelical -0.07723 global twist -131.94689 global supercoiling -0.03758
frame 361 time 180.5 unbinding_event at gene tetA enzyme RNAP with twist -62.51722 superhelical -0.07988 global twist -128.05730 global supercoiling -0.03723
frame 367 time 183.5 unbinding_event at DNA_topoI 38 enzyme topoI with twist -100.83016 superhelical -0.06070 global twist -104.71976 global supercoiling -0.03028
frame 455 time 227.5 binding_event at gene tetA enzyme RNAP with twist -100.83016 superhelical -0.02856 global twist -100.83016 global supercoiling -0.02856
frame 465 time 232.5 binding_event at gene tetA enzyme RNAP with twist -85.18492 superhelical -0.04494 global twist -100.83016 global supercoiling -0.02872
frame 488 time 244.0 binding_event at DNA_gyrase 14 enzyme gyrase with twist 66.93376 superhelical 0.05565 global twist -100.83016 global supercoiling -0.02887
frame 488 time 244.0 unbinding_event at DNA_gyrase 14 enzyme gyrase with twist 67.83136 superhelical 0.06878 global twist -100.83016 global supercoiling -0.02887
frame 495 time 247.5 binding_event at DNA_gyrase 17 enzyme gyrase with twist 89.37371 superhelical 0.08297 global twist -103.52296 global supercoiling -0.02964
frame 495 time 247.5 unbinding_event at gene tetA enzyme RNAP with twist 35.18233 superhelical -0.04539 global twist -103.52296 global supercoiling -0.02964
frame 499 time 249.5 unbinding_event at DNA_gyrase 17 enzyme gyrase with twist 86.58186 superhelical 0.08145 global twist -114.29413 global supercoiling -0.03323
frame 505 time 252.5 unbinding_event at gene tetA enzyme RNAP with twist -116.98693 superhelical -0.09180 global twist -116.98693 global supercoiling -0.03332
frame 664 time 332.0 binding_event at DNA_topoI 20 enzyme topoI with twist -116.98693 superhelical -0.03314 global twist -116.98693 global supercoiling -0.03314
frame 667 time 333.5 unbinding_event at DNA_topoI 20 enzyme topoI with twist -101.42856 superhelical -0.03133 global twist -105.31815 global supercoiling -0.03045
frame 758 time 379.0 binding_event at DNA_gyrase 20 enzyme gyrase with twist -101.42856 superhelical -0.02873 global twist -101.42856 global supercoiling -0.02873
frame 763 time 381.5 unbinding_event at DNA_gyrase 20 enzyme gyrase with twist -117.58533 superhelical -0.03191 global twist -114.89253 global supercoiling -0.03322
frame 858 time 429.0 binding_event at DNA_topoI 19 enzyme topoI with twist -117.58533 superhelical -0.03331 global twist -117.58533 global supercoiling -0.03331
frame 859 time 429.5 unbinding_event at DNA_topoI 19 enzyme topoI with twist -109.80614 superhelical -0.03272 global twist -113.69573 global supercoiling -0.03287
frame 898 time 449.0 binding_event at gene tetA enzyme RNAP with twist -109.80614 superhelical -0.03110 global twist -109.80614 global supercoiling -0.03110
frame 901 time 450.5 binding_event at DNA_topoI 1 enzyme topoI with twist -64.43921 superhelical -0.03641 global twist -109.80614 global supercoiling -0.03127
frame 901 time 450.5 unbinding_event at DNA_topoI 1 enzyme topoI with twist -64.14001 superhelical -0.03439 global twist -109.80614 global supercoiling -0.03127
frame 916 time 458.0 binding_event at DNA_topoI 2 enzyme topoI with twist -114.40549 superhelical -0.05610 global twist -105.91655 global supercoiling -0.03016
frame 927 time 463.5 unbinding_event at DNA_topoI 2 enzyme topoI with twist -110.81510 superhelical -0.04538 global twist -63.13105 global supercoiling -0.01835
frame 938 time 469.0 unbinding_event at gene tetA enzyme RNAP with twist -59.24146 superhelical -0.06129 global twist -59.24146 global supercoiling -0.01687
frame 988 time 494.0 binding_event at DNA_gyrase 22 enzyme gyrase with twist -59.24146 superhelical -0.01678 global twist -59.24146 global supercoiling -0.01678
frame 1008 time 504.0 unbinding_event at DNA_gyrase 22 enzyme gyrase with twist -115.79013 superhelical -0.02579 global twist -113.09734 global supercoiling -0.03270
frame 1041 time 520.5 binding_event at gene tetA enzyme RNAP with twist -115.79013 superhelical -0.03280 global twist -115.79013 global supercoiling -0.03280
frame 1078 time 539.0 binding_event at DNA_topoI 26 enzyme topoI with twist -189.43721 superhelical -0.07958 global twist -115.79013 global supercoiling -0.03298
frame 1078 time 539.0 unbinding_event at DNA_topoI 26 enzyme topoI with twist -189.13801 superhelical -0.02864 global twist -115.79013 global supercoiling -0.03298
frame 1081 time 540.5 unbinding_event at gene tetA enzyme RNAP with twist -111.90054 superhelical -0.08152 global twist -111.90054 global supercoiling -0.03187
frame 1084 time 542.0 binding_event at DNA_topoI 43 enzyme topoI with twist -111.90054 superhelical -0.03169 global twist -111.90054 global supercoiling -0.03169
frame 1084 time 542.0 unbinding_event at DNA_topoI 43 enzyme topoI with twist -108.01095 superhelical -0.03071 global twist -111.90054 global supercoiling -0.03169
frame 1120 time 560.0 binding_event at gene mKalama1 enzyme RNAP with twist -108.01095 superhelical -0.03059 global twist -108.01095 global supercoiling -0.03059
frame 1147 time 573.5 unbinding_event at gene mKalama1 enzyme RNAP with twist -108.01095 superhelical 0.55668 global twist -108.01095 global supercoiling -0.03076
frame 1192 time 596.0 binding_event at DNA_gyrase 0 enzyme gyrase with twist -108.01095 superhelical -0.03059 global twist -108.01095 global supercoiling -0.03059
frame 1192 time 596.0 unbinding_event at DNA_gyrase 0 enzyme gyrase with twist -110.70374 superhelical -0.03203 global twist -108.01095 global supercoiling -0.03059
frame 1328 time 664.0 binding_event at DNA_gyrase 8 enzyme gyrase with twist -110.70374 superhelical -0.03136 global twist -110.70374 global supercoiling -0.03136
frame 1329 time 664.5 unbinding_event at DNA_gyrase 8 enzyme gyrase with twist -116.08933 superhelical -0.03320 global twist -113.39653 global supercoiling -0.03279
frame 1356 time 678.0 binding_event at DNA_topoI 27 enzyme topoI with twist -116.08933 superhelical -0.03288 global twist -116.08933 global supercoiling -0.03288
frame 1356 time 678.0 unbinding_event at DNA_topoI 27 enzyme topoI with twist -112.19974 superhelical 0.02447 global twist -116.08933 global supercoiling -0.03288
frame 1366 time 683.0 binding_event at DNA_gyrase 10 enzyme gyrase with twist -112.19974 superhelical -0.03178 global twist -112.19974 global supercoiling -0.03178
frame 1368 time 684.0 unbinding_event at DNA_gyrase 10 enzyme gyrase with twist -120.27812 superhelical -0.03412 global twist -117.58533 global supercoiling -0.03400
frame 1385 time 692.5 binding_event at DNA_topoI 17 enzyme topoI with twist -120.27812 superhelical -0.03407 global twist -120.27812 global supercoiling -0.03407
frame 1387 time 693.5 unbinding_event at DNA_topoI 17 enzyme topoI with twist -108.60935 superhelical -0.03277 global twist -112.49894 global supercoiling -0.03253
frame 1425 time 712.5 binding_event at gene tetA enzyme RNAP with twist -108.60935 superhelical -0.03076 global twist -108.60935 global supercoiling -0.03076
frame 1465 time 732.5 unbinding_event at gene tetA enzyme RNAP with twist -108.60935 superhelical -0.08168 global twist -108.60935 global supercoiling -0.03093
frame 1554 time 777.0 binding_event at gene Raspberry enzyme RNAP with twist -108.60935 superhelical -0.03076 global twist -108.60935 global supercoiling -0.03076
frame 1565 time 782.5 binding_event at gene mKalama1 enzyme RNAP with twist -63.07446 superhelical -0.06571 global twist -108.60935 global supercoiling -0.03093
frame 1581 time 790.5 unbinding_event at gene Raspberry enzyme RNAP with twist -126.23216 superhelical -0.15686 global twist -108.60935 global supercoiling -0.03110
frame 1582 time 791.0 binding_event at DNA_topoI 45 enzyme topoI with twist -126.23216 superhelical -0.03983 global twist -108.60935 global supercoiling -0.03093
frame 1582 time 791.0 unbinding_event at DNA_topoI 45 enzyme topoI with twist -125.93296 superhelical -0.04169 global twist -108.60935 global supercoiling -0.03093
frame 1592 time 796.0 unbinding_event at gene mKalama1 enzyme RNAP with twist -104.71976 superhelical 0.39442 global twist -104.71976 global supercoiling -0.02982
frame 1817 time 908.5 binding_event at DNA_topoI 46 enzyme topoI with twist -104.71976 superhelical -0.02966 global twist -104.71976 global supercoiling -0.02966
frame 1830 time 915.0 unbinding_event at DNA_topoI 46 enzyme topoI with twist -50.26548 superhelical -0.01080 global twist -54.15507 global supercoiling -0.01566
frame 1862 time 931.0 binding_event at DNA_gyrase 28 enzyme gyrase with twist -50.26548 superhelical -0.01424 global twist -50.26548 global supercoiling -0.01424
frame 1867 time 933.5 unbinding_event at DNA_gyrase 28 enzyme gyrase with twist -66.42224 superhelical -0.09124 global twist -63.72945 global supercoiling -0.01843
frame 1878 time 939.0 binding_event at DNA_gyrase 30 enzyme gyrase with twist -66.42224 superhelical -0.01881 global twist -66.42224 global supercoiling -0.01881
frame 1887 time 943.5 unbinding_event at DNA_gyrase 30 enzyme gyrase with twist -93.35018 superhelical -0.07329 global twist -90.65739 global supercoiling -0.02621
frame 1993 time 996.5 binding_event at DNA_topoI 18 enzyme topoI with twist -93.35018 superhelical -0.02644 global twist -93.35018 global supercoiling -0.02644
frame 1997 time 998.5 unbinding_event at DNA_topoI 18 enzyme topoI with twist -73.90223 superhelical -0.02372 global twist -77.79182 global supercoiling -0.02249
frame 2099 time 1049.5 binding_event at gene tetA enzyme RNAP with twist -73.90223 superhelical -0.02093 global twist -73.90223 global supercoiling -0.02093
frame 2132 time 1066.0 binding_event at DNA_gyrase 25 enzyme gyrase with twist 80.70060 superhelical 0.06709 global twist -73.90223 global supercoiling -0.02105
frame 2137 time 1068.5 binding_event at gene tetA enzyme RNAP with twist -172.55478 superhelical -0.07195 global twist -87.36620 global supercoiling -0.02540
frame 2139 time 1069.5 unbinding_event at gene tetA enzyme RNAP with twist 49.08562 superhelical -0.07253 global twist -92.75178 global supercoiling -0.02712
frame 2144 time 1072.0 unbinding_event at DNA_gyrase 25 enzyme gyrase with twist 44.28318 superhelical 0.03766 global twist -106.21575 global supercoiling -0.03088
frame 2162 time 1081.0 binding_event at DNA_topoI 48 enzyme topoI with twist -214.22838 superhelical -0.09895 global twist -108.90855 global supercoiling -0.03102
frame 2173 time 1086.5 unbinding_event at DNA_topoI 48 enzyme topoI with twist -210.63799 superhelical -0.08721 global twist -66.12305 global supercoiling -0.01922
frame 2176 time 1088.0 binding_event at DNA_topoI 28 enzyme topoI with twist -217.81877 superhelical -0.09014 global twist -62.23345 global supercoiling -0.01772
frame 2177 time 1088.5 unbinding_event at gene tetA enzyme RNAP with twist -48.55925 superhelical -0.09289 global twist -58.34386 global supercoiling -0.01696
frame 2177 time 1088.5 unbinding_event at DNA_topoI 28 enzyme topoI with twist -54.45427 superhelical -0.05597 global twist -58.34386 global supercoiling -0.01696
frame 2209 time 1104.5 binding_event at DNA_gyrase 49 enzyme gyrase with twist -54.45427 superhelical -0.01542 global twist -54.45427 global supercoiling -0.01542
frame 2212 time 1106.0 unbinding_event at DNA_gyrase 49 enzyme gyrase with twist -65.22545 superhelical -0.01908 global twist -62.53265 global supercoiling -0.01808
frame 2276 time 1138.0 binding_event at gene tetA enzyme RNAP with twist -65.22545 superhelical -0.01847 global twist -65.22545 global supercoiling -0.01847
frame 2316 time 1158.0 unbinding_event at gene tetA enzyme RNAP with twist -65.22545 superhelical -0.07303 global twist -65.22545 global supercoiling -0.01858
frame 2362 time 1181.0 binding_event at DNA_topoI 39 enzyme topoI with twist -65.22545 superhelical -0.01847 global twist -65.22545 global supercoiling -0.01847
frame 2365 time 1182.5 unbinding_event at DNA_topoI 39 enzyme topoI with twist -49.66708 superhelical -0.01017 global twist -53.55667 global supercoiling -0.01548
frame 2384 time 1192.0 binding_event at gene mKalama1 enzyme RNAP with twist -49.66708 superhelical -0.01407 global twist -49.66708 global supercoiling -0.01407
frame 2410 time 1205.0 binding_event at DNA_topoI 47 enzyme topoI with twist -133.85916 superhelical -0.04019 global twist -49.66708 global supercoiling -0.01414
frame 2411 time 1205.5 unbinding_event at gene mKalama1 enzyme RNAP with twist 35.92428 superhelical 0.63097 global twist -45.77749 global supercoiling -0.01331
frame 2411 time 1205.5 unbinding_event at DNA_topoI 47 enzyme topoI with twist -41.88790 superhelical 0.63097 global twist -45.77749 global supercoiling -0.01331
frame 2595 time 1297.5 binding_event at gene tetA enzyme RNAP with twist -41.88790 superhelical -0.01186 global twist -41.88790 global supercoiling -0.01186
frame 2635 time 1317.5 unbinding_event at gene tetA enzyme RNAP with twist -41.88790 superhelical -0.06838 global twist -41.88790 global supercoiling -0.01193
frame 2644 time 1322.0 binding_event at gene tetA enzyme RNAP with twist -41.88790 superhelical -0.01186 global twist -41.88790 global supercoiling -0.01186
frame 2671 time 1335.5 binding_event at DNA_topoI 27 enzyme topoI with twist -117.41339 superhelical -0.05335 global twist -41.88790 global supercoiling -0.01193
frame 2681 time 1340.5 binding_event at DNA_gyrase 19 enzyme gyrase with twist 111.42941 superhelical 0.09853 global twist -2.99199 global supercoiling -0.00087
frame 2684 time 1342.0 unbinding_event at gene tetA enzyme RNAP with twist -61.25922 superhelical -0.05906 global twist 0.59840 global supercoiling 0.00018
frame 2686 time 1343.0 unbinding_event at DNA_gyrase 19 enzyme gyrase with twist -25.07995 superhelical -0.02040 global twist 2.99199 global supercoiling 0.00088
frame 2690 time 1345.0 binding_event at gene tetA enzyme RNAP with twist -19.24556 superhelical -0.00562 global twist 15.85756 global supercoiling 0.00458
frame 2703 time 1351.5 unbinding_event at DNA_topoI 27 enzyme topoI with twist 30.18983 superhelical 1.86003 global twist 66.42224 global supercoiling 0.01931
frame 2730 time 1365.0 unbinding_event at gene tetA enzyme RNAP with twist 70.31184 superhelical -0.02722 global twist 70.31184 global supercoiling 0.02002
frame 2793 time 1396.5 binding_event at DNA_gyrase 39 enzyme gyrase with twist 70.31184 superhelical 0.01992 global twist 70.31184 global supercoiling 0.01992
frame 2799 time 1399.5 unbinding_event at DNA_gyrase 39 enzyme gyrase with twist 51.46228 superhelical 0.00980 global twist 54.15507 global supercoiling 0.01566
frame 2823 time 1411.5 binding_event at DNA_gyrase 10 enzyme gyrase with twist 51.46228 superhelical 0.01458 global twist 51.46228 global supercoiling 0.01458
frame 2839 time 1419.5 binding_event at gene tetA enzyme RNAP with twist 14.21414 superhelical 0.00591 global twist 8.37758 global supercoiling 0.00242
frame 2840 time 1420.0 unbinding_event at DNA_gyrase 10 enzyme gyrase with twist -0.05969 superhelical 0.01340 global twist 5.68479 global supercoiling 0.00165
frame 2879 time 1439.5 unbinding_event at gene tetA enzyme RNAP with twist 2.99199 superhelical -0.05586 global twist 2.99199 global supercoiling 0.00085
frame 2891 time 1445.5 binding_event at DNA_gyrase 9 enzyme gyrase with twist 2.99199 superhelical 0.00085 global twist 2.99199 global supercoiling 0.00085
frame 2892 time 1446.0 unbinding_event at DNA_gyrase 9 enzyme gyrase with twist -2.39359 superhelical -0.00029 global twist 0.29920 global supercoiling 0.00009
frame 2980 time 1490.0 binding_event at DNA_gyrase 36 enzyme gyrase with twist -2.39359 superhelical -0.00068 global twist -2.39359 global supercoiling -0.00068
frame 2985 time 1492.5 unbinding_event at DNA_gyrase 36 enzyme gyrase with twist -18.55036 superhelical -0.01258 global twist -15.85756 global supercoiling -0.00458
frame 3086 time 1543.0 binding_event at DNA_gyrase 17 enzyme gyrase with twist -18.55036 superhelical -0.00525 global twist -18.55036 global supercoiling -0.00525
frame 3092 time 1546.0 unbinding_event at DNA_gyrase 17 enzyme gyrase with twist -37.39991 superhelical -0.00861 global twist -34.70712 global supercoiling -0.01003
frame 3198 time 1599.0 binding_event at gene tetA enzyme RNAP with twist -37.39991 superhelical -0.01059 global twist -37.39991 global supercoiling -0.01059
frame 3238 time 1619.0 unbinding_event at gene tetA enzyme RNAP with twist -37.39991 superhelical -0.06748 global twist -37.39991 global supercoiling -0.01065
frame 3258 time 1629.0 binding_event at DNA_gyrase 16 enzyme gyrase with twist -37.39991 superhelical -0.01059 global twist -37.39991 global supercoiling -0.01059
frame 3261 time 1630.5 unbinding_event at DNA_gyrase 16 enzyme gyrase with twist -48.17109 superhelical -0.01271 global twist -45.47829 global supercoiling -0.01315
frame 3301 time 1650.5 binding_event at DNA_topoI 13 enzyme topoI with twist -48.17109 superhelical -0.01364 global twist -48.17109 global supercoiling -0.01364
frame 3302 time 1651.0 unbinding_event at DNA_topoI 13 enzyme topoI with twist -40.39191 superhelical -0.01244 global twist -44.28150 global supercoiling -0.01280
frame 3317 time 1658.5 binding_event at DNA_gyrase 37 enzyme gyrase with twist -40.39191 superhelical -0.01144 global twist -40.39191 global supercoiling -0.01144
frame 3321 time 1660.5 unbinding_event at DNA_gyrase 37 enzyme gyrase with twist -53.85587 superhelical -0.02064 global twist -51.16308 global supercoiling -0.01479
frame 3388 time 1694.0 binding_event at DNA_gyrase 7 enzyme gyrase with twist -53.85587 superhelical -0.01525 global twist -53.85587 global supercoiling -0.01525
frame 3388 time 1694.0 unbinding_event at DNA_gyrase 7 enzyme gyrase with twist -56.54867 superhelical -0.01619 global twist -53.85587 global supercoiling -0.01525
frame 3389 time 1694.5 binding_event at DNA_topoI 17 enzyme topoI with twist -56.54867 superhelical -0.01602 global twist -56.54867 global supercoiling -0.01602
frame 3395 time 1697.5 unbinding_event at DNA_topoI 17 enzyme topoI with twist -29.32153 superhelical -0.01166 global twist -33.21112 global supercoiling -0.00960
frame 3407 time 1703.5 binding_event at gene Raspberry enzyme RNAP with twist -29.32153 superhelical -0.00831 global twist -29.32153 global supercoiling -0.00831
frame 3434 time 1717.0 unbinding_event at gene Raspberry enzyme RNAP with twist -29.32153 superhelical -0.08450 global twist -29.32153 global supercoiling -0.00835
frame 3494 time 1747.0 binding_event at gene mKalama1 enzyme RNAP with twist -29.32153 superhelical -0.00831 global twist -29.32153 global supercoiling -0.00831
frame 3521 time 1760.5 unbinding_event at gene mKalama1 enzyme RNAP with twist -29.32153 superhelical 0.65688 global twist -29.32153 global supercoiling -0.00835
frame 3577 time 1788.5 binding_event at DNA_gyrase 21 enzyme gyrase with twist -29.32153 superhelical -0.00831 global twist -29.32153 global supercoiling -0.00831
frame 3577 time 1788.5 unbinding_event at DNA_gyrase 21 enzyme gyrase with twist -32.01433 superhelical -0.00890 global twist -29.32153 global supercoiling -0.00831
frame 3625 time 1812.5 binding_event at DNA_gyrase 11 enzyme gyrase with twist -32.01433 superhelical -0.00907 global twist -32.01433 global supercoiling -0.00907
frame 3627 time 1813.5 unbinding_event at DNA_gyrase 11 enzyme gyrase with twist -40.09271 superhelical -0.01089 global twist -37.39991 global supercoiling -0.01081
frame 3837 time 1918.5 binding_event at gene mKalama1 enzyme RNAP with twist -40.09271 superhelical -0.01136 global twist -40.09271 global supercoiling -0.01136
frame 3864 time 1932.0 unbinding_event at gene mKalama1 enzyme RNAP with twist -40.09271 superhelical 0.64316 global twist -40.09271 global supercoiling -0.01142
frame 3869 time 1934.5 binding_event at gene tetA enzyme RNAP with twist -40.09271 superhelical -0.01136 global twist -40.09271 global supercoiling -0.01136
frame 3896 time 1948.0 binding_event at DNA_topoI 26 enzyme topoI with twist -116.53599 superhelical -0.05295 global twist -40.09271 global supercoiling -0.01142
frame 3897 time 1948.5 unbinding_event at DNA_topoI 26 enzyme topoI with twist -115.93759 superhelical 0.04873 global twist -36.20312 global supercoiling -0.01053
frame 3905 time 1952.5 binding_event at DNA_topoI 38 enzyme topoI with twist -141.07033 superhelical -0.05971 global twist -32.31352 global supercoiling -0.00920
frame 3906 time 1953.0 unbinding_event at DNA_topoI 38 enzyme topoI with twist -140.47193 superhelical -0.05686 global twist -28.42393 global supercoiling -0.00826
frame 3909 time 1954.5 unbinding_event at gene tetA enzyme RNAP with twist -24.53434 superhelical -0.06168 global twist -24.53434 global supercoiling -0.00699
frame 3936 time 1968.0 binding_event at DNA_gyrase 23 enzyme gyrase with twist -24.53434 superhelical -0.00695 global twist -24.53434 global supercoiling -0.00695
frame 3937 time 1968.5 unbinding_event at DNA_gyrase 23 enzyme gyrase with twist -29.91993 superhelical -0.00790 global twist -27.22714 global supercoiling -0.00787
frame 4020 time 2010.0 binding_event at gene tetA enzyme RNAP with twist -29.91993 superhelical -0.00847 global twist -29.91993 global supercoiling -0.00847
frame 4028 time 2014.0 binding_event at gene tetA enzyme RNAP with twist -43.34658 superhelical -0.02331 global twist -29.91993 global supercoiling -0.00852
frame 4033 time 2016.5 binding_event at gene tetA enzyme RNAP with twist -58.36743 superhelical -0.03232 global twist -29.91993 global supercoiling -0.00857
frame 4042 time 2021.0 binding_event at DNA_topoI 30 enzyme topoI with twist -88.37440 superhelical -0.04706 global twist -29.91993 global supercoiling -0.00861
frame 4043 time 2021.5 unbinding_event at DNA_topoI 30 enzyme topoI with twist -87.77600 superhelical -0.03331 global twist -26.03034 global supercoiling -0.00765
frame 4045 time 2022.5 binding_event at DNA_topoI 39 enzyme topoI with twist -91.36639 superhelical -0.04730 global twist -22.14075 global supercoiling -0.00637
frame 4045 time 2022.5 unbinding_event at DNA_topoI 39 enzyme topoI with twist -91.06719 superhelical -0.04695 global twist -22.14075 global supercoiling -0.00637
frame 4056 time 2028.0 binding_event at DNA_topoI 38 enzyme topoI with twist -126.97111 superhelical -0.05964 global twist -18.25116 global supercoiling -0.00525
frame 4060 time 2030.0 unbinding_event at gene tetA enzyme RNAP with twist 128.97846 superhelical -0.02355 global twist -2.69279 global supercoiling -0.00079
frame 4062 time 2031.0 unbinding_event at DNA_topoI 38 enzyme topoI with twist -124.87672 superhelical -0.04518 global twist 5.08639 global supercoiling 0.00149
frame 4068 time 2034.0 unbinding_event at gene tetA enzyme RNAP with twist 155.39504 superhelical -0.03267 global twist 8.97598 global supercoiling 0.00257
frame 4073 time 2036.5 unbinding_event at gene tetA enzyme RNAP with twist 8.97598 superhelical -0.06703 global twist 8.97598 global supercoiling 0.00256
frame 4078 time 2039.0 binding_event at DNA_gyrase 8 enzyme gyrase with twist 8.97598 superhelical 0.00254 global twist 8.97598 global supercoiling 0.00254
frame 4081 time 2040.5 binding_event at DNA_gyrase 36 enzyme gyrase with twist 1.82470 superhelical 0.00081 global twist 0.89760 global supercoiling 0.00026
frame 4081 time 2040.5 unbinding_event at DNA_gyrase 36 enzyme gyrase with twist -2.21449 superhelical -0.00115 global twist 0.89760 global supercoiling 0.00026
frame 4086 time 2043.0 unbinding_event at DNA_gyrase 8 enzyme gyrase with twist -17.95196 superhelical -0.00396 global twist -15.25916 global supercoiling -0.00441
frame 4175 time 2087.5 binding_event at DNA_gyrase 38 enzyme gyrase with twist -17.95196 superhelical -0.00508 global twist -17.95196 global supercoiling -0.00508
frame 4176 time 2088.0 unbinding_event at DNA_gyrase 38 enzyme gyrase with twist -23.33755 superhelical -0.00846 global twist -20.64475 global supercoiling -0.00597
frame 4202 time 2101.0 binding_event at gene mKalama1 enzyme RNAP with twist -23.33755 superhelical -0.00661 global twist -23.33755 global supercoiling -0.00661
frame 4229 time 2114.5 unbinding_event at gene mKalama1 enzyme RNAP with twist -23.33755 superhelical 0.66450 global twist -23.33755 global supercoiling -0.00665
frame 4264 time 2132.0 binding_event at DNA_topoI 9 enzyme topoI with twist -23.33755 superhelical -0.00661 global twist -23.33755 global supercoiling -0.00661
frame 4267 time 2133.5 unbinding_event at DNA_topoI 9 enzyme topoI with twist -7.77918 superhelical -0.00341 global twist -11.66877 global supercoiling -0.00337
frame 4381 time 2190.5 binding_event at gene tetA enzyme RNAP with twist -7.77918 superhelical -0.00220 global twist -7.77918 global supercoiling -0.00220
frame 4406 time 2203.0 binding_event at DNA_gyrase 13 enzyme gyrase with twist 85.78270 superhelical 0.06371 global twist -7.77918 global supercoiling -0.00222
frame 4409 time 2204.5 unbinding_event at DNA_gyrase 13 enzyme gyrase with twist 89.37309 superhelical 0.10538 global twist -15.85756 global supercoiling -0.00461
frame 4421 time 2210.5 unbinding_event at gene tetA enzyme RNAP with twist -18.55036 superhelical -0.06158 global twist -18.55036 global supercoiling -0.00528
frame 4422 time 2211.0 binding_event at DNA_topoI 45 enzyme topoI with twist -18.55036 superhelical -0.00525 global twist -18.55036 global supercoiling -0.00525
frame 4428 time 2214.0 unbinding_event at DNA_topoI 45 enzyme topoI with twist 8.67678 superhelical 0.00490 global twist 4.78719 global supercoiling 0.00138
frame 4478 time 2239.0 binding_event at gene tetA enzyme RNAP with twist 8.67678 superhelical 0.00246 global twist 8.67678 global supercoiling 0.00246
frame 4479 time 2239.5 binding_event at DNA_gyrase 13 enzyme gyrase with twist 8.02637 superhelical 0.00452 global twist 8.67678 global supercoiling 0.00247
frame 4482 time 2241.0 binding_event at gene Raspberry enzyme RNAP with twist -10.12077 superhelical -0.00566 global twist 0.59840 global supercoiling 0.00017
frame 4482 time 2241.0 unbinding_event at DNA_gyrase 13 enzyme gyrase with twist 11.61676 superhelical 0.01644 global twist 0.59840 global supercoiling 0.00017
frame 4498 time 2249.0 binding_event at DNA_gyrase 1 enzyme gyrase with twist -5.75884 superhelical -0.00572 global twist -2.09440 global supercoiling -0.00060
frame 4499 time 2249.5 unbinding_event at DNA_gyrase 1 enzyme gyrase with twist -11.14443 superhelical 0.00038 global twist -4.78719 global supercoiling -0.00140
frame 4505 time 2252.5 binding_event at DNA_topoI 33 enzyme topoI with twist -86.94093 superhelical -0.07398 global twist -7.47998 global supercoiling -0.00214
frame 4509 time 2254.5 unbinding_event at gene Raspberry enzyme RNAP with twist -69.72649 superhelical -0.08038 global twist 8.07838 global supercoiling 0.00236
frame 4513 time 2256.5 unbinding_event at DNA_topoI 33 enzyme topoI with twist -95.39257 superhelical -0.04110 global twist 23.63674 global supercoiling 0.00687
frame 4518 time 2259.0 unbinding_event at gene tetA enzyme RNAP with twist 27.52634 superhelical -0.04622 global twist 27.52634 global supercoiling 0.00784
frame 4748 time 2374.0 binding_event at gene tetA enzyme RNAP with twist 27.52634 superhelical 0.00780 global twist 27.52634 global supercoiling 0.00780
frame 4750 time 2375.0 binding_event at DNA_gyrase 8 enzyme gyrase with twist 21.25355 superhelical 0.01208 global twist 27.52634 global supercoiling 0.00784
frame 4750 time 2375.0 unbinding_event at DNA_gyrase 8 enzyme gyrase with twist 22.15115 superhelical 0.01785 global twist 27.52634 global supercoiling 0.00784
frame 4785 time 2392.5 binding_event at gene tetA enzyme RNAP with twist -119.39092 superhelical -0.05016 global twist 24.83354 global supercoiling 0.00707
frame 4788 time 2394.0 unbinding_event at gene tetA enzyme RNAP with twist 125.96986 superhelical -0.05056 global twist 24.83354 global supercoiling 0.00711
frame 4812 time 2406.0 binding_event at gene CDS enzyme RNAP with twist 208.54887 superhelical 0.15914 global twist 24.83354 global supercoiling 0.00707
frame 4819 time 2409.5 unbinding_event at gene CDS enzyme RNAP with twist 237.27200 superhelical 0.16150 global twist 24.83354 global supercoiling 0.00711
frame 4825 time 2412.5 unbinding_event at gene tetA enzyme RNAP with twist 24.83354 superhelical -0.09542 global twist 24.83354 global supercoiling 0.00707
frame 4922 time 2461.0 binding_event at gene tetA enzyme RNAP with twist 24.83354 superhelical 0.00703 global twist 24.83354 global supercoiling 0.00703
frame 4962 time 2481.0 unbinding_event at gene tetA enzyme RNAP with twist 24.83354 superhelical -0.05508 global twist 24.83354 global supercoiling 0.00707
frame 5017 time 2508.5 binding_event at gene tetA enzyme RNAP with twist 24.83354 superhelical 0.00703 global twist 24.83354 global supercoiling 0.00703
frame 5046 time 2523.0 binding_event at gene tetA enzyme RNAP with twist -91.98390 superhelical -0.04112 global twist 24.83354 global supercoiling 0.00707
frame 5057 time 2528.5 unbinding_event at gene tetA enzyme RNAP with twist 139.10276 superhelical -0.04148 global twist 24.83354 global supercoiling 0.00711
frame 5071 time 2535.5 binding_event at DNA_topoI 44 enzyme topoI with twist -160.94431 superhelical -0.07434 global twist 24.83354 global supercoiling 0.00707
frame 5072 time 2536.0 unbinding_event at DNA_topoI 44 enzyme topoI with twist -160.34591 superhelical -0.07379 global twist 28.72313 global supercoiling 0.00835
frame 5078 time 2539.0 binding_event at gene tetA enzyme RNAP with twist -178.29787 superhelical -0.07784 global twist 32.61272 global supercoiling 0.00929
frame 5086 time 2543.0 unbinding_event at gene tetA enzyme RNAP with twist 199.63602 superhelical -0.07849 global twist 32.61272 global supercoiling 0.00934
frame 5089 time 2544.5 binding_event at DNA_topoI 49 enzyme topoI with twist -174.20408 superhelical -0.09103 global twist 32.61272 global supercoiling 0.00929
frame 5090 time 2545.0 unbinding_event at DNA_topoI 49 enzyme topoI with twist -173.60568 superhelical -0.09217 global twist 36.50231 global supercoiling 0.01061
frame 5093 time 2546.5 binding_event at DNA_gyrase 5 enzyme gyrase with twist 221.17837 superhelical 0.14495 global twist 40.39191 global supercoiling 0.01150
frame 5098 time 2549.0 unbinding_event at DNA_gyrase 5 enzyme gyrase with twist 2.07107 superhelical -0.09678 global twist 26.92794 global supercoiling 0.00783
frame 5118 time 2559.0 unbinding_event at gene tetA enzyme RNAP with twist 24.23514 superhelical -0.02844 global twist 24.23514 global supercoiling 0.00690
frame 5134 time 2567.0 binding_event at DNA_gyrase 12 enzyme gyrase with twist 24.23514 superhelical 0.00686 global twist 24.23514 global supercoiling 0.00686
frame 5137 time 2568.5 unbinding_event at DNA_gyrase 12 enzyme gyrase with twist 13.46397 superhelical 0.00489 global twist 16.15676 global supercoiling 0.00467
frame 5191 time 2595.5 binding_event at DNA_gyrase 13 enzyme gyrase with twist 13.46397 superhelical 0.00381 global twist 13.46397 global supercoiling 0.00381
frame 5193 time 2596.5 unbinding_event at DNA_gyrase 13 enzyme gyrase with twist 5.38559 superhelical 0.00235 global twist 8.07838 global supercoiling 0.00234
frame 5255 time 2627.5 binding_event at DNA_gyrase 41 enzyme gyrase with twist 5.38559 superhelical 0.00153 global twist 5.38559 global supercoiling 0.00153
frame 5256 time 2628.0 unbinding_event at DNA_gyrase 41 enzyme gyrase with twist -0.00000 superhelical -0.00104 global twist 2.69279 global supercoiling 0.00078
frame 5278 time 2639.0 binding_event at DNA_gyrase 46 enzyme gyrase with twist -0.00000 superhelical -0.00000 global twist -0.00000 global supercoiling -0.00000
frame 5282 time 2641.0 unbinding_event at DNA_gyrase 46 enzyme gyrase with twist -13.46397 superhelical -0.00482 global twist -10.77117 global supercoiling -0.00311
frame 5287 time 2643.5 binding_event at gene tetA enzyme RNAP with twist -13.46397 superhelical -0.00381 global twist -13.46397 global supercoiling -0.00381
frame 5321 time 2660.5 binding_event at DNA_topoI 37 enzyme topoI with twist -128.65386 superhelical -0.05530 global twist -13.46397 global supercoiling -0.00383
frame 5326 time 2663.0 unbinding_event at DNA_topoI 37 enzyme topoI with twist -126.85867 superhelical -0.04153 global twist 5.98399 global supercoiling 0.00174
frame 5327 time 2663.5 unbinding_event at gene tetA enzyme RNAP with twist 9.87358 superhelical -0.05320 global twist 9.87358 global supercoiling 0.00281
frame 5343 time 2671.5 binding_event at DNA_topoI 23 enzyme topoI with twist 9.87358 superhelical 0.00280 global twist 9.87358 global supercoiling 0.00280
frame 5379 time 2689.5 unbinding_event at DNA_topoI 23 enzyme topoI with twist 153.78844 superhelical 0.02442 global twist 149.89885 global supercoiling 0.04334
frame 5382 time 2691.0 binding_event at DNA_gyrase 29 enzyme gyrase with twist 153.78844 superhelical 0.04356 global twist 153.78844 global supercoiling 0.04356
frame 5389 time 2694.5 unbinding_event at DNA_gyrase 29 enzyme gyrase with twist 132.24609 superhelical -0.01635 global twist 134.93888 global supercoiling 0.03901
frame 5410 time 2705.0 binding_event at gene tetA enzyme RNAP with twist 132.24609 superhelical 0.03746 global twist 132.24609 global supercoiling 0.03746
frame 5450 time 2725.0 unbinding_event at gene tetA enzyme RNAP with twist 132.24609 superhelical -0.03367 global twist 132.24609 global supercoiling 0.03766
frame 5566 time 2783.0 binding_event at DNA_gyrase 6 enzyme gyrase with twist 132.24609 superhelical 0.03746 global twist 132.24609 global supercoiling 0.03746
frame 5566 time 2783.0 unbinding_event at DNA_gyrase 6 enzyme gyrase with twist 129.55330 superhelical 0.03760 global twist 132.24609 global supercoiling 0.03746
frame 5579 time 2789.5 binding_event at DNA_gyrase 2 enzyme gyrase with twist 129.55330 superhelical 0.03669 global twist 129.55330 global supercoiling 0.03669
frame 5580 time 2790.0 binding_event at DNA_gyrase 14 enzyme gyrase with twist 59.70952 superhelical 0.03663 global twist 126.86050 global supercoiling 0.03668
frame 5584 time 2792.0 unbinding_event at DNA_gyrase 2 enzyme gyrase with twist 77.22253 superhelical 0.03304 global twist 105.31815 global supercoiling 0.03110
frame 5595 time 2797.5 unbinding_event at DNA_gyrase 14 enzyme gyrase with twist 70.31184 superhelical 0.02320 global twist 73.00463 global supercoiling 0.02111
frame 5606 time 2803.0 binding_event at DNA_gyrase 12 enzyme gyrase with twist 70.31184 superhelical 0.01992 global twist 70.31184 global supercoiling 0.01992
frame 5607 time 2803.5 unbinding_event at DNA_gyrase 12 enzyme gyrase with twist 64.92625 superhelical 0.01927 global twist 67.61904 global supercoiling 0.01955
frame 5609 time 2804.5 binding_event at DNA_gyrase 35 enzyme gyrase with twist 64.92625 superhelical 0.01839 global twist 64.92625 global supercoiling 0.01839
frame 5610 time 2805.0 unbinding_event at DNA_gyrase 35 enzyme gyrase with twist 59.54066 superhelical 0.01434 global twist 62.23345 global supercoiling 0.01799
frame 5641 time 2820.5 binding_event at gene tetA enzyme RNAP with twist 59.54066 superhelical 0.01686 global twist 59.54066 global supercoiling 0.01686
frame 5667 time 2833.5 binding_event at gene tetA enzyme RNAP with twist -64.24953 superhelical -0.02943 global twist 59.54066 global supercoiling 0.01696
frame 5681 time 2840.5 unbinding_event at gene tetA enzyme RNAP with twist 164.35551 superhelical -0.02969 global twist 59.54066 global supercoiling 0.01705
frame 5707 time 2853.5 unbinding_event at gene tetA enzyme RNAP with twist 59.54066 superhelical -0.08081 global twist 59.54066 global supercoiling 0.01696
frame 5739 time 2869.5 binding_event at DNA_gyrase 14 enzyme gyrase with twist 59.54066 superhelical 0.01686 global twist 59.54066 global supercoiling 0.01686
frame 5739 time 2869.5 unbinding_event at DNA_gyrase 14 enzyme gyrase with twist 56.84787 superhelical 0.01671 global twist 59.54066 global supercoiling 0.01686
frame 5820 time 2910.0 binding_event at gene tetA enzyme RNAP with twist 56.84787 superhelical 0.01610 global twist 56.84787 global supercoiling 0.01610
frame 5834 time 2917.0 binding_event at DNA_gyrase 49 enzyme gyrase with twist -22.48094 superhelical -0.01143 global twist 56.84787 global supercoiling 0.01619
frame 5837 time 2918.5 unbinding_event at DNA_gyrase 49 enzyme gyrase with twist -47.61368 superhelical -0.01520 global twist 48.76949 global supercoiling 0.01418
frame 5860 time 2930.0 unbinding_event at gene tetA enzyme RNAP with twist 46.07669 superhelical -0.05309 global twist 46.07669 global supercoiling 0.01312
frame 5887 time 2943.5 binding_event at DNA_gyrase 48 enzyme gyrase with twist 46.07669 superhelical 0.01305 global twist 46.07669 global supercoiling 0.01305
frame 5891 time 2945.5 unbinding_event at DNA_gyrase 48 enzyme gyrase with twist 32.61272 superhelical 0.00895 global twist 35.30552 global supercoiling 0.01021
frame 5929 time 2964.5 binding_event at gene tetA enzyme RNAP with twist 32.61272 superhelical 0.00924 global twist 32.61272 global supercoiling 0.00924
frame 5969 time 2984.5 unbinding_event at gene tetA enzyme RNAP with twist 32.61272 superhelical -0.05353 global twist 32.61272 global supercoiling 0.00929
frame 6011 time 3005.5 binding_event at gene tetA enzyme RNAP with twist 32.61272 superhelical 0.00924 global twist 32.61272 global supercoiling 0.00924
frame 6013 time 3006.5 binding_event at DNA_gyrase 20 enzyme gyrase with twist 23.85395 superhelical 0.01356 global twist 32.61272 global supercoiling 0.00929
frame 6014 time 3007.0 unbinding_event at DNA_gyrase 20 enzyme gyrase with twist 25.64915 superhelical 0.01794 global twist 29.91993 global supercoiling 0.00870
frame 6016 time 3008.0 binding_event at gene tetA enzyme RNAP with twist -2.01241 superhelical -0.00111 global twist 27.22714 global supercoiling 0.00775
frame 6028 time 3014.0 binding_event at DNA_gyrase 9 enzyme gyrase with twist 72.32424 superhelical 0.04854 global twist 27.22714 global supercoiling 0.00780
frame 6034 time 3017.0 unbinding_event at DNA_gyrase 9 enzyme gyrase with twist 78.60743 superhelical 0.18491 global twist 11.07037 global supercoiling 0.00324
frame 6039 time 3019.5 binding_event at DNA_gyrase 27 enzyme gyrase with twist -84.51189 superhelical -0.03969 global twist 8.37758 global supercoiling 0.00240
frame 6040 time 3020.0 unbinding_event at DNA_gyrase 27 enzyme gyrase with twist -97.07826 superhelical -0.12144 global twist 5.68479 global supercoiling 0.00166
frame 6050 time 3025.0 binding_event at gene tetA enzyme RNAP with twist -129.39178 superhelical -0.05561 global twist 2.99199 global supercoiling 0.00086
frame 6051 time 3025.5 unbinding_event at gene tetA enzyme RNAP with twist 139.56456 superhelical -0.00113 global twist 2.99199 global supercoiling 0.00086
frame 6054 time 3027.0 binding_event at DNA_gyrase 25 enzyme gyrase with twist 146.74534 superhelical 0.13184 global twist 2.99199 global supercoiling 0.00086
frame 6056 time 3028.0 unbinding_event at gene tetA enzyme RNAP with twist 117.40857 superhelical -0.05608 global twist -2.39359 global supercoiling -0.00070
frame 6057 time 3028.5 unbinding_event at DNA_gyrase 25 enzyme gyrase with twist 117.18244 superhelical 0.07472 global twist -5.08639 global supercoiling -0.00148
frame 6058 time 3029.0 binding_event at DNA_gyrase 9 enzyme gyrase with twist 117.18244 superhelical 0.07095 global twist -7.77918 global supercoiling -0.00222
frame 6058 time 3029.0 unbinding_event at DNA_gyrase 9 enzyme gyrase with twist 118.08004 superhelical 0.08241 global twist -7.77918 global supercoiling -0.00222
frame 6073 time 3036.5 binding_event at DNA_topoI 47 enzyme topoI with twist -178.81750 superhelical -0.08399 global twist -10.47198 global supercoiling -0.00298
frame 6090 time 3045.0 unbinding_event at gene tetA enzyme RNAP with twist 152.27599 superhelical -0.08860 global twist 55.65107 global supercoiling 0.01618
frame 6092 time 3046.0 unbinding_event at DNA_topoI 47 enzyme topoI with twist 67.31984 superhelical -0.06045 global twist 63.43025 global supercoiling 0.01834
frame 6124 time 3062.0 binding_event at gene tetA enzyme RNAP with twist 67.31984 superhelical 0.01907 global twist 67.31984 global supercoiling 0.01907
frame 6134 time 3067.0 binding_event at DNA_gyrase 21 enzyme gyrase with twist 70.32101 superhelical 0.04352 global twist 67.31984 global supercoiling 0.01917
frame 6135 time 3067.5 unbinding_event at DNA_gyrase 21 enzyme gyrase with twist 72.11621 superhelical 0.05048 global twist 64.62705 global supercoiling 0.01879
frame 6144 time 3072.0 binding_event at DNA_topoI 4 enzyme topoI with twist -38.90509 superhelical -0.01875 global twist 61.93426 global supercoiling 0.01764
frame 6145 time 3072.5 unbinding_event at DNA_topoI 4 enzyme topoI with twist -38.30669 superhelical -0.01745 global twist 65.82385 global supercoiling 0.01914
frame 6164 time 3082.0 unbinding_event at gene tetA enzyme RNAP with twist 69.71344 superhelical -0.04344 global twist 69.71344 global supercoiling 0.01985
frame 6187 time 3093.5 binding_event at DNA_gyrase 9 enzyme gyrase with twist 69.71344 superhelical 0.01975 global twist 69.71344 global supercoiling 0.01975
frame 6197 time 3098.5 unbinding_event at DNA_gyrase 9 enzyme gyrase with twist 40.09271 superhelical 0.01380 global twist 42.78550 global supercoiling 0.01237
frame 6252 time 3126.0 binding_event at DNA_gyrase 36 enzyme gyrase with twist 40.09271 superhelical 0.01136 global twist 40.09271 global supercoiling 0.01136
frame 6258 time 3129.0 unbinding_event at DNA_gyrase 36 enzyme gyrase with twist 21.24315 superhelical -0.00227 global twist 23.93594 global supercoiling 0.00692
frame 6303 time 3151.5 binding_event at DNA_gyrase 21 enzyme gyrase with twist 21.24315 superhelical 0.00602 global twist 21.24315 global supercoiling 0.00602
frame 6307 time 3153.5 unbinding_event at DNA_gyrase 21 enzyme gyrase with twist 7.77918 superhelical 0.00403 global twist 10.47198 global supercoiling 0.00303
frame 6313 time 3156.5 binding_event at gene tetA enzyme RNAP with twist 7.77918 superhelical 0.00220 global twist 7.77918 global supercoiling 0.00220
frame 6335 time 3167.5 binding_event at DNA_gyrase 10 enzyme gyrase with twist 82.96570 superhelical 0.05925 global twist 7.77918 global supercoiling 0.00222
frame 6336 time 3168.0 unbinding_event at DNA_gyrase 10 enzyme gyrase with twist 84.76090 superhelical 0.09086 global twist 5.08639 global supercoiling 0.00148
frame 6346 time 3173.0 binding_event at DNA_topoI 34 enzyme topoI with twist -114.68083 superhelical -0.04968 global twist 2.39359 global supercoiling 0.00068
frame 6353 time 3176.5 unbinding_event at gene tetA enzyme RNAP with twist 45.44100 superhelical -0.05442 global twist 29.62073 global supercoiling 0.00861
frame 6355 time 3177.5 unbinding_event at DNA_topoI 34 enzyme topoI with twist 41.28950 superhelical -0.01500 global twist 37.39991 global supercoiling 0.01081
frame 6395 time 3197.5 binding_event at DNA_gyrase 38 enzyme gyrase with twist 41.28950 superhelical 0.01169 global twist 41.28950 global supercoiling 0.01169
frame 6396 time 3198.0 unbinding_event at DNA_gyrase 38 enzyme gyrase with twist 35.90392 superhelical 0.00867 global twist 38.59671 global supercoiling 0.01116
frame 6412 time 3206.0 binding_event at DNA_gyrase 43 enzyme gyrase with twist 35.90392 superhelical 0.01017 global twist 35.90392 global supercoiling 0.01017
frame 6412 time 3206.0 unbinding_event at DNA_gyrase 43 enzyme gyrase with twist 33.21112 superhelical 0.00924 global twist 35.90392 global supercoiling 0.01017
frame 6429 time 3214.5 binding_event at gene tetA enzyme RNAP with twist 33.21112 superhelical 0.00941 global twist 33.21112 global supercoiling 0.00941
frame 6469 time 3234.5 unbinding_event at gene tetA enzyme RNAP with twist 33.21112 superhelical -0.05341 global twist 33.21112 global supercoiling 0.00946
frame 6489 time 3244.5 binding_event at DNA_gyrase 39 enzyme gyrase with twist 33.21112 superhelical 0.00941 global twist 33.21112 global supercoiling 0.00941
frame 6490 time 3245.0 unbinding_event at DNA_gyrase 39 enzyme gyrase with twist 27.82553 superhelical 0.00659 global twist 30.51833 global supercoiling 0.00882
frame 6518 time 3259.0 binding_event at gene tetA enzyme RNAP with twist 27.82553 superhelical 0.00788 global twist 27.82553 global supercoiling 0.00788
frame 6522 time 3261.0 binding_event at gene Raspberry enzyme RNAP with twist -0.76177 superhelical -0.00043 global twist 27.82553 global supercoiling 0.00792
frame 6530 time 3265.0 binding_event at gene tetA enzyme RNAP with twist -0.43345 superhelical -0.00043 global twist 27.82553 global supercoiling 0.00797
frame 6549 time 3274.5 unbinding_event at gene Raspberry enzyme RNAP with twist -101.20656 superhelical -0.07973 global twist 27.82553 global supercoiling 0.00801
frame 6558 time 3279.0 unbinding_event at gene tetA enzyme RNAP with twist 161.34562 superhelical -0.00044 global twist 27.82553 global supercoiling 0.00797
frame 6570 time 3285.0 unbinding_event at gene tetA enzyme RNAP with twist 27.82553 superhelical -0.07202 global twist 27.82553 global supercoiling 0.00792
frame 6602 time 3301.0 binding_event at gene mKalama1 enzyme RNAP with twist 27.82553 superhelical 0.00788 global twist 27.82553 global supercoiling 0.00788
frame 6629 time 3314.5 unbinding_event at gene mKalama1 enzyme RNAP with twist 27.82553 superhelical 0.72965 global twist 27.82553 global supercoiling 0.00792
frame 6698 time 3349.0 binding_event at DNA_gyrase 35 enzyme gyrase with twist 27.82553 superhelical 0.00788 global twist 27.82553 global supercoiling 0.00788
frame 6703 time 3351.5 unbinding_event at DNA_gyrase 35 enzyme gyrase with twist 11.66877 superhelical -0.00524 global twist 14.36157 global supercoiling 0.00415
frame 6719 time 3359.5 binding_event at gene tetA enzyme RNAP with twist 11.66877 superhelical 0.00331 global twist 11.66877 global supercoiling 0.00331
frame 6720 time 3360.0 binding_event at gene tetA enzyme RNAP with twist 2.11275 superhelical 0.00122 global twist 11.66877 global supercoiling 0.00332
frame 6759 time 3379.5 unbinding_event at gene tetA enzyme RNAP with twist 153.17316 superhelical 0.00123 global twist 11.66877 global supercoiling 0.00334
frame 6760 time 3380.0 binding_event at gene tetA enzyme RNAP with twist 153.17316 superhelical 0.06292 global twist 11.66877 global supercoiling 0.00332
frame 6760 time 3380.0 unbinding_event at gene tetA enzyme RNAP with twist 201.09116 superhelical 0.06342 global twist 11.66877 global supercoiling 0.00332
frame 6766 time 3383.0 binding_event at DNA_gyrase 10 enzyme gyrase with twist 219.04312 superhelical 0.12980 global twist 306.34632 global supercoiling 0.08724
frame 6771 time 3385.5 unbinding_event at DNA_gyrase 10 enzyme gyrase with twist 224.42871 superhelical 0.19761 global twist 292.88235 global supercoiling 0.08515
frame 6773 time 3386.5 binding_event at DNA_gyrase 46 enzyme gyrase with twist 62.17045 superhelical 0.03189 global twist 290.18955 global supercoiling 0.08264
frame 6779 time 3389.5 unbinding_event at DNA_gyrase 46 enzyme gyrase with twist 18.18816 superhelical 0.02637 global twist 274.03279 global supercoiling 0.07967
frame 6781 time 3390.5 binding_event at gene mKalama1 enzyme RNAP with twist 14.59776 superhelical 0.00697 global twist 271.34000 global supercoiling 0.07727
frame 6800 time 3400.0 unbinding_event at gene tetA enzyme RNAP with twist 194.97510 superhelical -0.06228 global twist 271.34000 global supercoiling 0.07770
frame 6808 time 3404.0 unbinding_event at gene mKalama1 enzyme RNAP with twist 271.34000 superhelical 0.72568 global twist 271.34000 global supercoiling 0.07727
frame 6831 time 3415.5 binding_event at DNA_gyrase 13 enzyme gyrase with twist 271.34000 superhelical 0.07685 global twist 271.34000 global supercoiling 0.07685
frame 6836 time 3418.0 unbinding_event at DNA_gyrase 13 enzyme gyrase with twist 255.18324 superhelical 0.07537 global twist 257.87603 global supercoiling 0.07456
frame 6875 time 3437.5 binding_event at DNA_gyrase 31 enzyme gyrase with twist 255.18324 superhelical 0.07228 global twist 255.18324 global supercoiling 0.07228
frame 6879 time 3439.5 unbinding_event at DNA_gyrase 31 enzyme gyrase with twist 241.71927 superhelical 0.05279 global twist 244.41206 global supercoiling 0.07066
frame 6895 time 3447.5 binding_event at DNA_gyrase 12 enzyme gyrase with twist 241.71927 superhelical 0.06847 global twist 241.71927 global supercoiling 0.06847
frame 6898 time 3449.0 unbinding_event at DNA_gyrase 12 enzyme gyrase with twist 230.94809 superhelical 0.06777 global twist 233.64089 global supercoiling 0.06755
frame 6936 time 3468.0 binding_event at gene tetA enzyme RNAP with twist 230.94809 superhelical 0.06541 global twist 230.94809 global supercoiling 0.06541
frame 6954 time 3477.0 binding_event at gene Raspberry enzyme RNAP with twist 48.24942 superhelical 0.02366 global twist 230.94809 global supercoiling 0.06577
frame 6970 time 3485.0 binding_event at DNA_gyrase 29 enzyme gyrase with twist -39.23840 superhelical -0.03738 global twist 230.94809 global supercoiling 0.06613
frame 6971 time 3485.5 unbinding_event at DNA_gyrase 29 enzyme gyrase with twist -51.80477 superhelical -0.05533 global twist 228.25530 global supercoiling 0.06673
frame 6976 time 3488.0 unbinding_event at gene tetA enzyme RNAP with twist 295.31923 superhelical 0.02388 global twist 225.56251 global supercoiling 0.06459
frame 6981 time 3490.5 unbinding_event at gene Raspberry enzyme RNAP with twist 225.56251 superhelical -0.06933 global twist 225.56251 global supercoiling 0.06424
frame 7013 time 3506.5 binding_event at gene tetA enzyme RNAP with twist 225.56251 superhelical 0.06389 global twist 225.56251 global supercoiling 0.06389
frame 7053 time 3526.5 unbinding_event at gene tetA enzyme RNAP with twist 225.56251 superhelical -0.01507 global twist 225.56251 global supercoiling 0.06424
frame 7077 time 3538.5 binding_event at DNA_gyrase 12 enzyme gyrase with twist 225.56251 superhelical 0.06389 global twist 225.56251 global supercoiling 0.06389
frame 7077 time 3538.5 unbinding_event at DNA_gyrase 12 enzyme gyrase with twist 222.86971 superhelical 0.06469 global twist 225.56251 global supercoiling 0.06389
frame 7144 time 3572.0 binding_event at DNA_gyrase 36 enzyme gyrase with twist 222.86971 superhelical 0.06313 global twist 222.86971 global supercoiling 0.06313
frame 7153 time 3576.5 unbinding_event at DNA_gyrase 36 enzyme gyrase with twist 195.94177 superhelical 0.04463 global twist 198.63457 global supercoiling 0.05743
frame 7154 time 3577.0 binding_event at DNA_gyrase 19 enzyme gyrase with twist 195.94177 superhelical 0.05550 global twist 195.94177 global supercoiling 0.05550
frame 7155 time 3577.5 unbinding_event at DNA_gyrase 19 enzyme gyrase with twist 190.55619 superhelical 0.05577 global twist 193.24898 global supercoiling 0.05587
frame 7163 time 3581.5 binding_event at gene tetA enzyme RNAP with twist 190.55619 superhelical 0.05397 global twist 190.55619 global supercoiling 0.05397
frame 7183 time 3591.5 binding_event at DNA_gyrase 18 enzyme gyrase with twist 169.22920 superhelical 0.11783 global twist 190.55619 global supercoiling 0.05427
frame 7185 time 3592.5 unbinding_event at DNA_gyrase 18 enzyme gyrase with twist 171.92199 superhelical 0.14021 global twist 185.17060 global supercoiling 0.05383
frame 7203 time 3601.5 unbinding_event at gene tetA enzyme RNAP with twist 182.47781 superhelical -0.02205 global twist 182.47781 global supercoiling 0.05197
frame 7212 time 3606.0 binding_event at DNA_gyrase 17 enzyme gyrase with twist 182.47781 superhelical 0.05169 global twist 182.47781 global supercoiling 0.05169
frame 7212 time 3606.0 unbinding_event at DNA_gyrase 17 enzyme gyrase with twist 179.78501 superhelical 0.05230 global twist 182.47781 global supercoiling 0.05169
frame 7314 time 3657.0 binding_event at DNA_gyrase 36 enzyme gyrase with twist 179.78501 superhelical 0.05092 global twist 179.78501 global supercoiling 0.05092
frame 7320 time 3660.0 unbinding_event at DNA_gyrase 36 enzyme gyrase with twist 160.93546 superhelical 0.03812 global twist 163.62825 global supercoiling 0.04731
frame 7368 time 3684.0 binding_event at DNA_gyrase 28 enzyme gyrase with twist 160.93546 superhelical 0.04558 global twist 160.93546 global supercoiling 0.04558
frame 7379 time 3689.5 unbinding_event at DNA_gyrase 28 enzyme gyrase with twist 128.62193 superhelical -0.10688 global twist 131.31473 global supercoiling 0.03797
frame 7383 time 3691.5 binding_event at DNA_gyrase 32 enzyme gyrase with twist 128.62193 superhelical 0.03643 global twist 128.62193 global supercoiling 0.03643
frame 7384 time 3692.0 unbinding_event at DNA_gyrase 32 enzyme gyrase with twist 123.23634 superhelical 0.03033 global twist 125.92914 global supercoiling 0.03641
frame 7412 time 3706.0 binding_event at DNA_gyrase 29 enzyme gyrase with twist 123.23634 superhelical 0.03491 global twist 123.23634 global supercoiling 0.03491
frame 7419 time 3709.5 unbinding_event at DNA_gyrase 29 enzyme gyrase with twist 101.69400 superhelical -0.02518 global twist 104.38679 global supercoiling 0.03018
frame 7457 time 3728.5 binding_event at DNA_gyrase 0 enzyme gyrase with twist 101.69400 superhelical 0.02880 global twist 101.69400 global supercoiling 0.02880
frame 7468 time 3734.0 unbinding_event at DNA_gyrase 0 enzyme gyrase with twist 69.38047 superhelical 0.01981 global twist 72.07326 global supercoiling 0.02084
frame 7507 time 3753.5 binding_event at gene tetA enzyme RNAP with twist 69.38047 superhelical 0.01965 global twist 69.38047 global supercoiling 0.01965
frame 7519 time 3759.5 binding_event at DNA_gyrase 8 enzyme gyrase with twist 78.55529 superhelical 0.04973 global twist 69.38047 global supercoiling 0.01976
frame 7520 time 3760.0 unbinding_event at DNA_gyrase 8 enzyme gyrase with twist 80.35048 superhelical 0.07540 global twist 66.68768 global supercoiling 0.01939
frame 7547 time 3773.5 unbinding_event at gene tetA enzyme RNAP with twist 63.99488 superhelical -0.04620 global twist 63.99488 global supercoiling 0.01822
frame 7588 time 3794.0 binding_event at gene Raspberry enzyme RNAP with twist 63.99488 superhelical 0.01813 global twist 63.99488 global supercoiling 0.01813
frame 7599 time 3799.5 binding_event at DNA_gyrase 21 enzyme gyrase with twist 89.59528 superhelical 0.03511 global twist 63.99488 global supercoiling 0.01822
frame 7600 time 3800.0 unbinding_event at DNA_gyrase 21 enzyme gyrase with twist 91.39047 superhelical 0.03879 global twist 61.30209 global supercoiling 0.01782
frame 7615 time 3807.5 unbinding_event at gene Raspberry enzyme RNAP with twist 58.60930 superhelical -0.06849 global twist 58.60930 global supercoiling 0.01669
frame 7624 time 3812.0 binding_event at DNA_gyrase 18 enzyme gyrase with twist 58.60930 superhelical 0.01660 global twist 58.60930 global supercoiling 0.01660
frame 7624 time 3812.0 unbinding_event at DNA_gyrase 18 enzyme gyrase with twist 55.91650 superhelical 0.01649 global twist 58.60930 global supercoiling 0.01660
frame 7626 time 3813.0 binding_event at gene Raspberry enzyme RNAP with twist 55.91650 superhelical 0.01584 global twist 55.91650 global supercoiling 0.01584
frame 7628 time 3814.0 binding_event at DNA_gyrase 36 enzyme gyrase with twist 4.95923 superhelical 0.00621 global twist 55.91650 global supercoiling 0.01592
frame 7628 time 3814.0 unbinding_event at DNA_gyrase 36 enzyme gyrase with twist -1.32395 superhelical 0.00485 global twist 55.91650 global supercoiling 0.01592
frame 7645 time 3822.5 binding_event at DNA_topoI 28 enzyme topoI with twist -58.77022 superhelical -0.05326 global twist 53.22371 global supercoiling 0.01516
frame 7651 time 3825.5 unbinding_event at DNA_topoI 28 enzyme topoI with twist -56.67582 superhelical 0.07229 global twist 76.56125 global supercoiling 0.02226
frame 7653 time 3826.5 unbinding_event at gene Raspberry enzyme RNAP with twist 80.45084 superhelical -0.05048 global twist 80.45084 global supercoiling 0.02291
frame 7671 time 3835.5 binding_event at DNA_gyrase 5 enzyme gyrase with twist 80.45084 superhelical 0.02279 global twist 80.45084 global supercoiling 0.02279
frame 7673 time 3836.5 unbinding_event at DNA_gyrase 5 enzyme gyrase with twist 72.37246 superhelical 0.02128 global twist 75.06526 global supercoiling 0.02170
frame 7755 time 3877.5 binding_event at gene tetA enzyme RNAP with twist 72.37246 superhelical 0.02050 global twist 72.37246 global supercoiling 0.02050
frame 7768 time 3884.0 binding_event at gene tetA enzyme RNAP with twist -11.30286 superhelical -0.00580 global twist 72.37246 global supercoiling 0.02061
frame 7795 time 3897.5 unbinding_event at gene tetA enzyme RNAP with twist 182.95198 superhelical -0.00586 global twist 72.37246 global supercoiling 0.02072
frame 7808 time 3904.0 unbinding_event at gene tetA enzyme RNAP with twist 72.37246 superhelical -0.06413 global twist 72.37246 global supercoiling 0.02061
frame 7896 time 3948.0 binding_event at DNA_gyrase 31 enzyme gyrase with twist 72.37246 superhelical 0.02050 global twist 72.37246 global supercoiling 0.02050
frame 7898 time 3949.0 unbinding_event at DNA_gyrase 31 enzyme gyrase with twist 64.29408 superhelical 0.00833 global twist 66.98688 global supercoiling 0.01937
frame 7936 time 3968.0 binding_event at DNA_gyrase 3 enzyme gyrase with twist 64.29408 superhelical 0.01821 global twist 64.29408 global supercoiling 0.01821
frame 7964 time 3982.0 unbinding_event at DNA_gyrase 3 enzyme gyrase with twist -13.79693 superhelical -0.00196 global twist -11.10414 global supercoiling -0.00321
frame 7978 time 3989.0 binding_event at DNA_gyrase 1 enzyme gyrase with twist -13.79693 superhelical -0.00391 global twist -13.79693 global supercoiling -0.00391
frame 7980 time 3990.0 unbinding_event at DNA_gyrase 1 enzyme gyrase with twist -21.87532 superhelical -0.00629 global twist -19.18252 global supercoiling -0.00555
