TORCphysics log file 

General information: 
---------------------------------------------------------------------------------------
Circuit name: Pleu500_43
Size: 6000
Structure: circle
Number of sites: 110
Number of frames: 8000
Simulation time: 4000.0
Simulation timestep: 0.5
Seed: 2457829039263303562
 
Overall simulation information 
---------------------------------------------------------------------------------------
Initial twist: -211.83310
Final twist: -11.81025
Initial superhelical density: -0.06000
Final superhelical density: -0.00335
 
Overall rates 
---------------------------------------------------------------------------------------
site type            site name            #binding events      #unbinding events    binding rates        
 DNA_topoI            DNA_topoI_global                     50.0                 50.0                0.0125 
DNA_gyrase           DNA_gyrase_global                   118.0                118.0                0.0295 
EXT                  EXT                                   0.0                  0.0                   0.0 
gene                 tetA                                 67.0                 67.0               0.01675 
gene                 CDS                                   0.0                  0.0                   0.0 
origin               ori                                   0.0                  0.0                   0.0 
lacOP                lac1                                  0.0                  0.0                   0.0 
gene                 mKalama1                              8.0                  8.0                 0.002 
lacOP                lac2                                  0.0                  0.0                   0.0 
gene                 Raspberry                            10.0                 10.0                0.0025 
 
Events
---------------------------------------------------------------------------------------
frame 19 time 9.5 binding_event at DNA_topoI 11 enzyme topoI with twist -211.83310 superhelical -0.06000 global twist -211.83310 global supercoiling -0.06000
frame 19 time 9.5 unbinding_event at DNA_topoI 11 enzyme topoI with twist -207.94351 superhelical -0.06046 global twist -211.83310 global supercoiling -0.06000
frame 22 time 11.0 binding_event at DNA_topoI 49 enzyme topoI with twist -207.94351 superhelical -0.05890 global twist -207.94351 global supercoiling -0.05890
frame 27 time 13.5 unbinding_event at DNA_topoI 49 enzyme topoI with twist -184.60597 superhelical -0.05289 global twist -188.49556 global supercoiling -0.05450
frame 95 time 47.5 binding_event at gene tetA enzyme RNAP with twist -184.60597 superhelical -0.05229 global twist -184.60597 global supercoiling -0.05229
frame 103 time 51.5 binding_event at DNA_topoI 41 enzyme topoI with twist -118.94977 superhelical -0.06396 global twist -184.60597 global supercoiling -0.05257
frame 106 time 53.0 unbinding_event at DNA_topoI 41 enzyme topoI with twist -117.75297 superhelical -0.05904 global twist -172.93720 global supercoiling -0.05028
frame 135 time 67.5 unbinding_event at gene tetA enzyme RNAP with twist -169.04760 superhelical -0.09048 global twist -169.04760 global supercoiling -0.04814
frame 147 time 73.5 binding_event at DNA_topoI 24 enzyme topoI with twist -169.04760 superhelical -0.04788 global twist -169.04760 global supercoiling -0.04788
frame 151 time 75.5 unbinding_event at DNA_topoI 24 enzyme topoI with twist -149.59965 superhelical -0.04602 global twist -153.48924 global supercoiling -0.04438
frame 154 time 77.0 binding_event at gene tetA enzyme RNAP with twist -149.59965 superhelical -0.04237 global twist -149.59965 global supercoiling -0.04237
frame 187 time 93.5 binding_event at DNA_topoI 45 enzyme topoI with twist -191.60013 superhelical -0.08299 global twist -149.59965 global supercoiling -0.04260
frame 190 time 95.0 binding_event at DNA_topoI 31 enzyme topoI with twist -107.75200 superhelical -0.08126 global twist -137.93088 global supercoiling -0.04010
frame 190 time 95.0 unbinding_event at DNA_topoI 31 enzyme topoI with twist -101.91761 superhelical -0.07985 global twist -137.93088 global supercoiling -0.04010
frame 191 time 95.5 unbinding_event at DNA_topoI 45 enzyme topoI with twist -186.21455 superhelical -0.07539 global twist -130.15170 global supercoiling -0.03784
frame 194 time 97.0 unbinding_event at gene tetA enzyme RNAP with twist -126.26210 superhelical -0.08033 global twist -126.26210 global supercoiling -0.03596
frame 221 time 110.5 binding_event at gene tetA enzyme RNAP with twist -126.26210 superhelical -0.03576 global twist -126.26210 global supercoiling -0.03576
frame 245 time 122.5 binding_event at DNA_topoI 48 enzyme topoI with twist -147.88032 superhelical -0.06888 global twist -126.26210 global supercoiling -0.03596
frame 246 time 123.0 unbinding_event at DNA_topoI 48 enzyme topoI with twist -147.28193 superhelical -0.06874 global twist -122.37251 global supercoiling -0.03558
frame 261 time 130.5 unbinding_event at gene tetA enzyme RNAP with twist -118.48292 superhelical -0.08202 global twist -118.48292 global supercoiling -0.03374
frame 326 time 163.0 binding_event at gene tetA enzyme RNAP with twist -118.48292 superhelical -0.03356 global twist -118.48292 global supercoiling -0.03356
frame 336 time 168.0 binding_event at DNA_topoI 34 enzyme topoI with twist -93.81275 superhelical -0.04949 global twist -118.48292 global supercoiling -0.03374
frame 336 time 168.0 unbinding_event at DNA_topoI 34 enzyme topoI with twist -93.51355 superhelical -0.04781 global twist -118.48292 global supercoiling -0.03374
frame 344 time 172.0 binding_event at DNA_topoI 43 enzyme topoI with twist -118.64629 superhelical -0.05818 global twist -114.59333 global supercoiling -0.03263
frame 349 time 174.5 unbinding_event at DNA_topoI 43 enzyme topoI with twist -116.85109 superhelical -0.05043 global twist -95.14538 global supercoiling -0.02766
frame 366 time 183.0 unbinding_event at gene tetA enzyme RNAP with twist -91.25579 superhelical -0.07254 global twist -91.25579 global supercoiling -0.02599
frame 371 time 185.5 binding_event at DNA_gyrase 37 enzyme gyrase with twist -91.25579 superhelical -0.02585 global twist -91.25579 global supercoiling -0.02585
frame 376 time 188.0 unbinding_event at DNA_gyrase 37 enzyme gyrase with twist -107.41255 superhelical -0.03713 global twist -104.71976 global supercoiling -0.03028
frame 379 time 189.5 binding_event at gene tetA enzyme RNAP with twist -107.41255 superhelical -0.03042 global twist -107.41255 global supercoiling -0.03042
frame 384 time 192.0 binding_event at gene tetA enzyme RNAP with twist -70.45012 superhelical -0.03901 global twist -107.41255 global supercoiling -0.03059
frame 419 time 209.5 unbinding_event at gene tetA enzyme RNAP with twist 89.50763 superhelical -0.03943 global twist -107.41255 global supercoiling -0.03076
frame 424 time 212.0 unbinding_event at gene tetA enzyme RNAP with twist -107.41255 superhelical -0.08762 global twist -107.41255 global supercoiling -0.03059
frame 426 time 213.0 binding_event at DNA_gyrase 34 enzyme gyrase with twist -107.41255 superhelical -0.03042 global twist -107.41255 global supercoiling -0.03042
frame 435 time 217.5 unbinding_event at DNA_gyrase 34 enzyme gyrase with twist -134.34049 superhelical -0.05617 global twist -131.64769 global supercoiling -0.03806
frame 436 time 218.0 binding_event at DNA_topoI 46 enzyme topoI with twist -134.34049 superhelical -0.03805 global twist -134.34049 global supercoiling -0.03805
frame 442 time 221.0 unbinding_event at DNA_topoI 46 enzyme topoI with twist -107.11335 superhelical -0.02910 global twist -111.00294 global supercoiling -0.03209
frame 499 time 249.5 binding_event at DNA_topoI 48 enzyme topoI with twist -107.11335 superhelical -0.03034 global twist -107.11335 global supercoiling -0.03034
frame 499 time 249.5 unbinding_event at DNA_topoI 48 enzyme topoI with twist -103.22376 superhelical -0.02971 global twist -107.11335 global supercoiling -0.03034
frame 503 time 251.5 binding_event at DNA_gyrase 39 enzyme gyrase with twist -103.22376 superhelical -0.02924 global twist -103.22376 global supercoiling -0.02924
frame 508 time 254.0 unbinding_event at DNA_gyrase 39 enzyme gyrase with twist -119.38052 superhelical -0.03887 global twist -116.68773 global supercoiling -0.03374
frame 509 time 254.5 binding_event at gene Raspberry enzyme RNAP with twist -119.38052 superhelical -0.03381 global twist -119.38052 global supercoiling -0.03381
frame 525 time 262.5 binding_event at gene tetA enzyme RNAP with twist -36.01558 superhelical -0.01463 global twist -119.38052 global supercoiling -0.03400
frame 536 time 268.0 unbinding_event at gene Raspberry enzyme RNAP with twist -135.99615 superhelical -0.09996 global twist -119.38052 global supercoiling -0.03418
frame 544 time 272.0 binding_event at gene tetA enzyme RNAP with twist -161.12889 superhelical -0.07832 global twist -119.38052 global supercoiling -0.03400
frame 553 time 276.5 binding_event at DNA_topoI 27 enzyme topoI with twist -167.99105 superhelical -0.08946 global twist -119.38052 global supercoiling -0.03418
frame 555 time 277.5 unbinding_event at DNA_topoI 27 enzyme topoI with twist -167.09346 superhelical 0.08109 global twist -111.60134 global supercoiling -0.03263
frame 565 time 282.5 unbinding_event at gene tetA enzyme RNAP with twist 95.28562 superhelical -0.07906 global twist -107.71175 global supercoiling -0.03084
frame 575 time 287.5 binding_event at DNA_topoI 28 enzyme topoI with twist -235.31090 superhelical -0.10354 global twist -107.71175 global supercoiling -0.03067
frame 584 time 292.0 unbinding_event at gene tetA enzyme RNAP with twist -77.00367 superhelical -0.10571 global twist -72.70543 global supercoiling -0.02114
frame 587 time 293.5 binding_event at gene mKalama1 enzyme RNAP with twist -73.11408 superhelical -0.02180 global twist -61.03666 global supercoiling -0.01765
frame 590 time 295.0 unbinding_event at DNA_topoI 28 enzyme topoI with twist 31.68370 superhelical 0.18854 global twist -49.36788 global supercoiling -0.01435
frame 614 time 307.0 unbinding_event at gene mKalama1 enzyme RNAP with twist -45.47829 superhelical 0.81383 global twist -45.47829 global supercoiling -0.01295
frame 645 time 322.5 binding_event at DNA_gyrase 39 enzyme gyrase with twist -45.47829 superhelical -0.01288 global twist -45.47829 global supercoiling -0.01288
frame 645 time 322.5 unbinding_event at DNA_gyrase 39 enzyme gyrase with twist -48.17109 superhelical -0.01465 global twist -45.47829 global supercoiling -0.01288
frame 670 time 335.0 binding_event at gene tetA enzyme RNAP with twist -48.17109 superhelical -0.01364 global twist -48.17109 global supercoiling -0.01364
frame 701 time 350.5 binding_event at DNA_topoI 47 enzyme topoI with twist -134.84588 superhelical -0.05933 global twist -48.17109 global supercoiling -0.01372
frame 705 time 352.5 binding_event at DNA_topoI 8 enzyme topoI with twist -51.38436 superhelical -0.06399 global twist -32.61272 global supercoiling -0.00948
frame 705 time 352.5 unbinding_event at DNA_topoI 8 enzyme topoI with twist -49.14037 superhelical -0.06485 global twist -32.61272 global supercoiling -0.00948
frame 706 time 353.0 unbinding_event at DNA_topoI 47 enzyme topoI with twist -129.16110 superhelical -0.05333 global twist -24.83354 global supercoiling -0.00722
frame 710 time 355.0 unbinding_event at gene tetA enzyme RNAP with twist -20.94395 superhelical -0.05853 global twist -20.94395 global supercoiling -0.00596
frame 755 time 377.5 binding_event at gene tetA enzyme RNAP with twist -20.94395 superhelical -0.00593 global twist -20.94395 global supercoiling -0.00593
frame 756 time 378.0 binding_event at DNA_gyrase 21 enzyme gyrase with twist -7.11715 superhelical -0.00400 global twist -20.94395 global supercoiling -0.00596
frame 760 time 380.0 unbinding_event at DNA_gyrase 21 enzyme gyrase with twist -2.62916 superhelical 0.00386 global twist -31.71513 global supercoiling -0.00922
frame 795 time 397.5 unbinding_event at gene tetA enzyme RNAP with twist -34.40792 superhelical -0.06420 global twist -34.40792 global supercoiling -0.00980
frame 807 time 403.5 binding_event at gene tetA enzyme RNAP with twist -34.40792 superhelical -0.00975 global twist -34.40792 global supercoiling -0.00975
frame 810 time 405.0 binding_event at DNA_gyrase 15 enzyme gyrase with twist -6.81979 superhelical -0.00392 global twist -34.40792 global supercoiling -0.00980
frame 818 time 409.0 unbinding_event at DNA_gyrase 15 enzyme gyrase with twist 1.25860 superhelical 0.01999 global twist -55.95027 global supercoiling -0.01627
frame 827 time 413.5 binding_event at gene tetA enzyme RNAP with twist -88.62479 superhelical -0.04271 global twist -58.64306 global supercoiling -0.01670
frame 847 time 423.5 unbinding_event at gene tetA enzyme RNAP with twist 90.72952 superhelical -0.04310 global twist -58.64306 global supercoiling -0.01679
frame 850 time 425.0 binding_event at DNA_topoI 30 enzyme topoI with twist -156.55337 superhelical -0.07353 global twist -58.64306 global supercoiling -0.01670
frame 858 time 429.0 unbinding_event at DNA_topoI 30 enzyme topoI with twist -153.86057 superhelical -0.00578 global twist -27.52634 global supercoiling -0.00800
frame 867 time 433.5 unbinding_event at gene tetA enzyme RNAP with twist -23.63674 superhelical -0.07592 global twist -23.63674 global supercoiling -0.00673
frame 900 time 450.0 binding_event at DNA_gyrase 19 enzyme gyrase with twist -23.63674 superhelical -0.00669 global twist -23.63674 global supercoiling -0.00669
frame 903 time 451.5 unbinding_event at DNA_gyrase 19 enzyme gyrase with twist -34.40792 superhelical -0.00860 global twist -31.71513 global supercoiling -0.00917
frame 944 time 472.0 binding_event at DNA_gyrase 5 enzyme gyrase with twist -34.40792 superhelical -0.00975 global twist -34.40792 global supercoiling -0.00975
frame 945 time 472.5 unbinding_event at DNA_gyrase 5 enzyme gyrase with twist -39.79351 superhelical -0.01127 global twist -37.10071 global supercoiling -0.01073
frame 964 time 482.0 binding_event at gene tetA enzyme RNAP with twist -39.79351 superhelical -0.01127 global twist -39.79351 global supercoiling -0.01127
frame 1004 time 502.0 unbinding_event at gene tetA enzyme RNAP with twist -39.79351 superhelical -0.06796 global twist -39.79351 global supercoiling -0.01133
frame 1076 time 538.0 binding_event at DNA_topoI 11 enzyme topoI with twist -39.79351 superhelical -0.01127 global twist -39.79351 global supercoiling -0.01127
frame 1076 time 538.0 unbinding_event at DNA_topoI 11 enzyme topoI with twist -35.90392 superhelical -0.01072 global twist -39.79351 global supercoiling -0.01127
frame 1128 time 564.0 binding_event at gene tetA enzyme RNAP with twist -35.90392 superhelical -0.01017 global twist -35.90392 global supercoiling -0.01017
frame 1137 time 568.5 binding_event at gene Raspberry enzyme RNAP with twist -49.86166 superhelical -0.02655 global twist -35.90392 global supercoiling -0.01022
frame 1164 time 582.0 unbinding_event at gene Raspberry enzyme RNAP with twist -150.39262 superhelical -0.09564 global twist -35.90392 global supercoiling -0.01028
frame 1168 time 584.0 unbinding_event at gene tetA enzyme RNAP with twist -35.90392 superhelical -0.06719 global twist -35.90392 global supercoiling -0.01022
frame 1216 time 608.0 binding_event at DNA_topoI 21 enzyme topoI with twist -35.90392 superhelical -0.01017 global twist -35.90392 global supercoiling -0.01017
frame 1221 time 610.5 unbinding_event at DNA_topoI 21 enzyme topoI with twist -12.56637 superhelical -0.00673 global twist -16.45596 global supercoiling -0.00476
frame 1291 time 645.5 binding_event at DNA_gyrase 15 enzyme gyrase with twist -12.56637 superhelical -0.00356 global twist -12.56637 global supercoiling -0.00356
frame 1292 time 646.0 unbinding_event at DNA_gyrase 15 enzyme gyrase with twist -17.95196 superhelical -0.00461 global twist -15.25916 global supercoiling -0.00441
frame 1301 time 650.5 binding_event at gene tetA enzyme RNAP with twist -17.95196 superhelical -0.00508 global twist -17.95196 global supercoiling -0.00508
frame 1308 time 654.0 binding_event at gene tetA enzyme RNAP with twist -33.90681 superhelical -0.01841 global twist -17.95196 global supercoiling -0.00511
frame 1324 time 662.0 binding_event at DNA_topoI 43 enzyme topoI with twist -89.37165 superhelical -0.04461 global twist -17.95196 global supercoiling -0.00514
frame 1324 time 662.0 unbinding_event at DNA_topoI 43 enzyme topoI with twist -89.07245 superhelical -0.04462 global twist -17.95196 global supercoiling -0.00514
frame 1341 time 670.5 unbinding_event at gene tetA enzyme RNAP with twist 136.04674 superhelical -0.01860 global twist -14.06237 global supercoiling -0.00403
frame 1348 time 674.0 unbinding_event at gene tetA enzyme RNAP with twist -14.06237 superhelical -0.07146 global twist -14.06237 global supercoiling -0.00400
frame 1352 time 676.0 binding_event at DNA_gyrase 0 enzyme gyrase with twist -14.06237 superhelical -0.00398 global twist -14.06237 global supercoiling -0.00398
frame 1357 time 678.5 unbinding_event at DNA_gyrase 0 enzyme gyrase with twist -30.21913 superhelical -0.00886 global twist -27.52634 global supercoiling -0.00796
frame 1401 time 700.5 binding_event at gene tetA enzyme RNAP with twist -30.21913 superhelical -0.00856 global twist -30.21913 global supercoiling -0.00856
frame 1441 time 720.5 unbinding_event at gene tetA enzyme RNAP with twist -30.21913 superhelical -0.06605 global twist -30.21913 global supercoiling -0.00861
frame 1443 time 721.5 binding_event at gene tetA enzyme RNAP with twist -30.21913 superhelical -0.00856 global twist -30.21913 global supercoiling -0.00856
frame 1459 time 729.5 binding_event at DNA_topoI 30 enzyme topoI with twist -72.21594 superhelical -0.03605 global twist -30.21913 global supercoiling -0.00861
frame 1460 time 730.0 unbinding_event at DNA_topoI 30 enzyme topoI with twist -71.61754 superhelical -0.02176 global twist -26.32954 global supercoiling -0.00765
frame 1465 time 732.5 binding_event at DNA_gyrase 9 enzyme gyrase with twist 63.53916 superhelical 0.04538 global twist -22.43995 global supercoiling -0.00639
frame 1471 time 735.5 unbinding_event at DNA_gyrase 9 enzyme gyrase with twist 69.82235 superhelical 0.33588 global twist -38.59671 global supercoiling -0.01122
frame 1483 time 741.5 unbinding_event at gene tetA enzyme RNAP with twist -41.28950 superhelical -0.06288 global twist -41.28950 global supercoiling -0.01176
frame 1591 time 795.5 binding_event at DNA_gyrase 26 enzyme gyrase with twist -41.28950 superhelical -0.01169 global twist -41.28950 global supercoiling -0.01169
frame 1595 time 797.5 unbinding_event at DNA_gyrase 26 enzyme gyrase with twist -54.75347 superhelical -0.18746 global twist -52.06068 global supercoiling -0.01505
frame 1607 time 803.5 binding_event at DNA_gyrase 12 enzyme gyrase with twist -54.75347 superhelical -0.01551 global twist -54.75347 global supercoiling -0.01551
frame 1608 time 804.0 unbinding_event at DNA_gyrase 12 enzyme gyrase with twist -60.13906 superhelical -0.01689 global twist -57.44627 global supercoiling -0.01661
frame 1665 time 832.5 binding_event at DNA_gyrase 29 enzyme gyrase with twist -60.13906 superhelical -0.01703 global twist -60.13906 global supercoiling -0.01703
frame 1672 time 836.0 unbinding_event at DNA_gyrase 29 enzyme gyrase with twist -81.68141 superhelical -0.07820 global twist -78.98862 global supercoiling -0.02284
frame 1723 time 861.5 binding_event at gene tetA enzyme RNAP with twist -81.68141 superhelical -0.02314 global twist -81.68141 global supercoiling -0.02314
frame 1735 time 867.5 binding_event at DNA_topoI 3 enzyme topoI with twist -83.00670 superhelical -0.04297 global twist -81.68141 global supercoiling -0.02326
frame 1735 time 867.5 unbinding_event at DNA_topoI 3 enzyme topoI with twist -82.70750 superhelical -0.04174 global twist -81.68141 global supercoiling -0.02326
frame 1748 time 874.0 binding_event at DNA_gyrase 20 enzyme gyrase with twist 48.00038 superhelical 0.03565 global twist -77.79182 global supercoiling -0.02215
frame 1759 time 879.5 unbinding_event at DNA_gyrase 20 enzyme gyrase with twist 58.77155 superhelical 0.08621 global twist -107.41255 global supercoiling -0.03123
frame 1763 time 881.5 unbinding_event at gene tetA enzyme RNAP with twist -110.10534 superhelical -0.07472 global twist -110.10534 global supercoiling -0.03136
frame 1765 time 882.5 binding_event at gene tetA enzyme RNAP with twist -110.10534 superhelical -0.03119 global twist -110.10534 global supercoiling -0.03119
frame 1773 time 886.5 binding_event at DNA_topoI 28 enzyme topoI with twist -82.53740 superhelical -0.04438 global twist -110.10534 global supercoiling -0.03136
frame 1774 time 887.0 unbinding_event at DNA_topoI 28 enzyme topoI with twist -81.93900 superhelical -0.00923 global twist -106.21575 global supercoiling -0.03088
frame 1775 time 887.5 binding_event at DNA_topoI 47 enzyme topoI with twist -81.93900 superhelical -0.04322 global twist -102.32616 global supercoiling -0.02914
frame 1776 time 888.0 unbinding_event at DNA_topoI 47 enzyme topoI with twist -81.34060 superhelical -0.04228 global twist -98.43657 global supercoiling -0.02862
frame 1781 time 890.5 binding_event at DNA_topoI 0 enzyme topoI with twist -95.70217 superhelical -0.04777 global twist -94.54698 global supercoiling -0.02693
frame 1782 time 891.0 unbinding_event at DNA_topoI 0 enzyme topoI with twist -95.10377 superhelical -0.04724 global twist -90.65739 global supercoiling -0.02636
frame 1802 time 901.0 binding_event at DNA_topoI 47 enzyme topoI with twist -163.32121 superhelical -0.06861 global twist -86.76780 global supercoiling -0.02471
frame 1803 time 901.5 binding_event at DNA_gyrase 21 enzyme gyrase with twist 80.14381 superhelical 0.07201 global twist -82.87821 global supercoiling -0.02410
frame 1803 time 901.5 unbinding_event at DNA_gyrase 21 enzyme gyrase with twist 81.04140 superhelical 0.08176 global twist -82.87821 global supercoiling -0.02410
frame 1804 time 902.0 unbinding_event at DNA_topoI 47 enzyme topoI with twist -162.42361 superhelical -0.06677 global twist -81.68141 global supercoiling -0.02375
frame 1805 time 902.5 unbinding_event at gene tetA enzyme RNAP with twist -77.79182 superhelical -0.06770 global twist -77.79182 global supercoiling -0.02215
frame 1836 time 918.0 binding_event at gene tetA enzyme RNAP with twist -77.79182 superhelical -0.02203 global twist -77.79182 global supercoiling -0.02203
frame 1840 time 920.0 binding_event at gene mKalama1 enzyme RNAP with twist -52.38252 superhelical -0.02930 global twist -77.79182 global supercoiling -0.02215
frame 1854 time 927.0 binding_event at DNA_gyrase 26 enzyme gyrase with twist 31.09164 superhelical 0.07849 global twist -77.79182 global supercoiling -0.02228
frame 1857 time 928.5 unbinding_event at DNA_gyrase 26 enzyme gyrase with twist 34.68203 superhelical -0.06308 global twist -85.87020 global supercoiling -0.02510
frame 1867 time 933.5 unbinding_event at gene mKalama1 enzyme RNAP with twist -163.68466 superhelical 0.48743 global twist -88.56299 global supercoiling -0.02536
frame 1876 time 938.0 unbinding_event at gene tetA enzyme RNAP with twist -88.56299 superhelical -0.07993 global twist -88.56299 global supercoiling -0.02522
frame 1919 time 959.5 binding_event at DNA_topoI 17 enzyme topoI with twist -88.56299 superhelical -0.02508 global twist -88.56299 global supercoiling -0.02508
frame 1920 time 960.0 unbinding_event at DNA_topoI 17 enzyme topoI with twist -80.78381 superhelical -0.02427 global twist -84.67340 global supercoiling -0.02448
frame 1935 time 967.5 binding_event at DNA_gyrase 35 enzyme gyrase with twist -80.78381 superhelical -0.02288 global twist -80.78381 global supercoiling -0.02288
frame 1937 time 968.5 unbinding_event at DNA_gyrase 35 enzyme gyrase with twist -88.86219 superhelical -0.03000 global twist -86.16940 global supercoiling -0.02491
frame 1985 time 992.5 binding_event at DNA_topoI 34 enzyme topoI with twist -88.86219 superhelical -0.02517 global twist -88.86219 global supercoiling -0.02517
frame 1986 time 993.0 unbinding_event at DNA_topoI 34 enzyme topoI with twist -81.08301 superhelical -0.01844 global twist -84.97260 global supercoiling -0.02457
frame 2016 time 1008.0 binding_event at DNA_gyrase 1 enzyme gyrase with twist -81.08301 superhelical -0.02297 global twist -81.08301 global supercoiling -0.02297
frame 2018 time 1009.0 unbinding_event at DNA_gyrase 1 enzyme gyrase with twist -89.16139 superhelical -0.02574 global twist -86.46860 global supercoiling -0.02500
frame 2073 time 1036.5 binding_event at DNA_gyrase 47 enzyme gyrase with twist -89.16139 superhelical -0.02525 global twist -89.16139 global supercoiling -0.02525
frame 2075 time 1037.5 unbinding_event at DNA_gyrase 47 enzyme gyrase with twist -97.23977 superhelical -0.02853 global twist -94.54698 global supercoiling -0.02734
frame 2144 time 1072.0 binding_event at gene tetA enzyme RNAP with twist -97.23977 superhelical -0.02754 global twist -97.23977 global supercoiling -0.02754
frame 2184 time 1092.0 unbinding_event at gene tetA enzyme RNAP with twist -97.23977 superhelical -0.07941 global twist -97.23977 global supercoiling -0.02769
frame 2189 time 1094.5 binding_event at gene tetA enzyme RNAP with twist -97.23977 superhelical -0.02754 global twist -97.23977 global supercoiling -0.02754
frame 2229 time 1114.5 unbinding_event at gene tetA enzyme RNAP with twist -97.23977 superhelical -0.07941 global twist -97.23977 global supercoiling -0.02769
frame 2244 time 1122.0 binding_event at DNA_gyrase 34 enzyme gyrase with twist -97.23977 superhelical -0.02754 global twist -97.23977 global supercoiling -0.02754
frame 2246 time 1123.0 binding_event at DNA_gyrase 25 enzyme gyrase with twist -84.85872 superhelical -0.02904 global twist -102.62536 global supercoiling -0.02967
frame 2246 time 1123.0 unbinding_event at DNA_gyrase 34 enzyme gyrase with twist -106.03285 superhelical -0.03565 global twist -102.62536 global supercoiling -0.02967
frame 2247 time 1123.5 unbinding_event at DNA_gyrase 25 enzyme gyrase with twist -110.70374 superhelical -0.03085 global twist -108.01095 global supercoiling -0.03123
frame 2251 time 1125.5 binding_event at gene tetA enzyme RNAP with twist -110.70374 superhelical -0.03136 global twist -110.70374 global supercoiling -0.03136
frame 2291 time 1145.5 unbinding_event at gene tetA enzyme RNAP with twist -110.70374 superhelical -0.08209 global twist -110.70374 global supercoiling -0.03153
frame 2293 time 1146.5 binding_event at gene tetA enzyme RNAP with twist -110.70374 superhelical -0.03136 global twist -110.70374 global supercoiling -0.03136
frame 2319 time 1159.5 binding_event at gene tetA enzyme RNAP with twist -147.45692 superhelical -0.06755 global twist -110.70374 global supercoiling -0.03153
frame 2332 time 1166.0 binding_event at DNA_topoI 47 enzyme topoI with twist -163.62931 superhelical -0.08393 global twist -110.70374 global supercoiling -0.03170
frame 2333 time 1166.5 unbinding_event at gene tetA enzyme RNAP with twist 60.10635 superhelical -0.06815 global twist -106.81415 global supercoiling -0.03123
frame 2342 time 1171.0 unbinding_event at DNA_topoI 47 enzyme topoI with twist -160.33811 superhelical -0.07258 global twist -71.80783 global supercoiling -0.02088
frame 2359 time 1179.5 unbinding_event at gene tetA enzyme RNAP with twist -67.91824 superhelical -0.09027 global twist -67.91824 global supercoiling -0.01934
frame 2437 time 1218.5 binding_event at gene tetA enzyme RNAP with twist -67.91824 superhelical -0.01924 global twist -67.91824 global supercoiling -0.01924
frame 2441 time 1220.5 binding_event at gene tetA enzyme RNAP with twist -47.55678 superhelical -0.02660 global twist -67.91824 global supercoiling -0.01934
frame 2446 time 1223.0 binding_event at gene tetA enzyme RNAP with twist -64.09298 superhelical -0.03549 global twist -67.91824 global supercoiling -0.01945
frame 2456 time 1228.0 binding_event at gene tetA enzyme RNAP with twist -97.46408 superhelical -0.05141 global twist -67.91824 global supercoiling -0.01956
frame 2460 time 1230.0 binding_event at DNA_topoI 0 enzyme topoI with twist -103.49645 superhelical -0.05788 global twist -67.91824 global supercoiling -0.01966
frame 2468 time 1234.0 unbinding_event at DNA_topoI 0 enzyme topoI with twist -100.80365 superhelical -0.04992 global twist -36.80151 global supercoiling -0.01088
frame 2476 time 1238.0 binding_event at DNA_topoI 43 enzyme topoI with twist -125.93639 superhelical -0.06069 global twist -32.91192 global supercoiling -0.00953
frame 2477 time 1238.5 unbinding_event at gene tetA enzyme RNAP with twist 111.06727 superhelical -0.02689 global twist -29.02233 global supercoiling -0.00858
frame 2477 time 1238.5 unbinding_event at DNA_topoI 43 enzyme topoI with twist -125.33800 superhelical -0.05957 global twist -29.02233 global supercoiling -0.00858
frame 2481 time 1240.5 unbinding_event at gene tetA enzyme RNAP with twist 122.89602 superhelical -0.03587 global twist -25.13274 global supercoiling -0.00724
frame 2486 time 1243.0 unbinding_event at gene tetA enzyme RNAP with twist 132.51878 superhelical -0.05194 global twist -25.13274 global supercoiling -0.00720
frame 2487 time 1243.5 binding_event at gene tetA enzyme RNAP with twist 132.51878 superhelical 0.05831 global twist -25.13274 global supercoiling -0.00716
frame 2496 time 1248.0 unbinding_event at gene tetA enzyme RNAP with twist 200.02170 superhelical 0.05880 global twist 265.03756 global supercoiling 0.07589
frame 2527 time 1263.5 unbinding_event at gene tetA enzyme RNAP with twist 265.03756 superhelical -0.01888 global twist 265.03756 global supercoiling 0.07548
frame 2529 time 1264.5 binding_event at DNA_gyrase 20 enzyme gyrase with twist 265.03756 superhelical 0.07507 global twist 265.03756 global supercoiling 0.07507
frame 2530 time 1265.0 unbinding_event at DNA_gyrase 20 enzyme gyrase with twist 259.65197 superhelical 0.07577 global twist 262.34476 global supercoiling 0.07585
frame 2615 time 1307.5 binding_event at DNA_gyrase 3 enzyme gyrase with twist 259.65197 superhelical 0.07354 global twist 259.65197 global supercoiling 0.07354
frame 2616 time 1308.0 unbinding_event at DNA_gyrase 3 enzyme gyrase with twist 254.26638 superhelical 0.07365 global twist 256.95918 global supercoiling 0.07429
frame 2631 time 1315.5 binding_event at gene Raspberry enzyme RNAP with twist 254.26638 superhelical 0.07202 global twist 254.26638 global supercoiling 0.07202
frame 2656 time 1328.0 binding_event at gene Raspberry enzyme RNAP with twist -34.55608 superhelical -0.02853 global twist 254.26638 global supercoiling 0.07241
frame 2658 time 1329.0 unbinding_event at gene Raspberry enzyme RNAP with twist 287.13818 superhelical -0.02899 global twist 254.26638 global supercoiling 0.07281
frame 2663 time 1331.5 binding_event at DNA_gyrase 3 enzyme gyrase with twist 301.49975 superhelical 0.11493 global twist 254.26638 global supercoiling 0.07241
frame 2663 time 1331.5 unbinding_event at DNA_gyrase 3 enzyme gyrase with twist 302.39735 superhelical 0.12264 global twist 254.26638 global supercoiling 0.07241
frame 2683 time 1341.5 unbinding_event at gene Raspberry enzyme RNAP with twist 251.57359 superhelical -0.09694 global twist 251.57359 global supercoiling 0.07164
frame 2691 time 1345.5 binding_event at DNA_gyrase 19 enzyme gyrase with twist 251.57359 superhelical 0.07126 global twist 251.57359 global supercoiling 0.07126
frame 2692 time 1346.0 unbinding_event at DNA_gyrase 19 enzyme gyrase with twist 246.18800 superhelical 0.07185 global twist 248.88080 global supercoiling 0.07196
frame 2701 time 1350.5 binding_event at DNA_gyrase 49 enzyme gyrase with twist 246.18800 superhelical 0.06973 global twist 246.18800 global supercoiling 0.06973
frame 2706 time 1353.0 unbinding_event at DNA_gyrase 49 enzyme gyrase with twist 230.03124 superhelical 0.06617 global twist 232.72403 global supercoiling 0.06729
frame 2826 time 1413.0 binding_event at DNA_gyrase 10 enzyme gyrase with twist 230.03124 superhelical 0.06515 global twist 230.03124 global supercoiling 0.06515
frame 2826 time 1413.0 unbinding_event at DNA_gyrase 10 enzyme gyrase with twist 227.33845 superhelical 0.06595 global twist 230.03124 global supercoiling 0.06515
frame 2837 time 1418.5 binding_event at DNA_gyrase 42 enzyme gyrase with twist 227.33845 superhelical 0.06439 global twist 227.33845 global supercoiling 0.06439
frame 2839 time 1419.5 unbinding_event at DNA_gyrase 42 enzyme gyrase with twist 219.26006 superhelical 0.06209 global twist 221.95286 global supercoiling 0.06417
frame 2863 time 1431.5 binding_event at gene tetA enzyme RNAP with twist 219.26006 superhelical 0.06210 global twist 219.26006 global supercoiling 0.06210
frame 2870 time 1435.0 binding_event at DNA_gyrase 42 enzyme gyrase with twist 82.03118 superhelical 0.04454 global twist 219.26006 global supercoiling 0.06244
frame 2872 time 1436.0 unbinding_event at DNA_gyrase 42 enzyme gyrase with twist 63.18162 superhelical 0.04271 global twist 213.87448 global supercoiling 0.06218
frame 2873 time 1436.5 binding_event at gene Raspberry enzyme RNAP with twist 63.18162 superhelical 0.03333 global twist 211.18168 global supercoiling 0.06014
frame 2888 time 1444.0 binding_event at DNA_gyrase 22 enzyme gyrase with twist 201.85594 superhelical 0.14992 global twist 211.18168 global supercoiling 0.06047
frame 2892 time 1446.0 binding_event at gene Raspberry enzyme RNAP with twist -42.54991 superhelical -0.03856 global twist 200.41051 global supercoiling 0.05859
frame 2893 time 1446.5 binding_event at DNA_gyrase 19 enzyme gyrase with twist 182.37106 superhelical 0.18404 global twist 197.71771 global supercoiling 0.05813
frame 2893 time 1446.5 unbinding_event at DNA_gyrase 22 enzyme gyrase with twist 48.42915 superhelical 0.17966 global twist 197.71771 global supercoiling 0.05813
frame 2899 time 1449.5 binding_event at DNA_gyrase 47 enzyme gyrase with twist 37.51409 superhelical 0.03367 global twist 178.86816 global supercoiling 0.05259
frame 2900 time 1450.0 unbinding_event at DNA_gyrase 19 enzyme gyrase with twist 210.83192 superhelical 0.27192 global twist 173.48257 global supercoiling 0.05210
frame 2900 time 1450.0 unbinding_event at gene Raspberry enzyme RNAP with twist -0.17751 superhelical -0.03924 global twist 173.48257 global supercoiling 0.05210
frame 2901 time 1450.5 unbinding_event at DNA_gyrase 47 enzyme gyrase with twist 16.80223 superhelical 0.00406 global twist 168.09698 global supercoiling 0.04914
frame 2903 time 1451.5 unbinding_event at gene tetA enzyme RNAP with twist 238.40533 superhelical 0.01155 global twist 165.40419 global supercoiling 0.04736
frame 2909 time 1454.5 binding_event at gene tetA enzyme RNAP with twist 256.35728 superhelical 0.10490 global twist 165.40419 global supercoiling 0.04710
frame 2911 time 1455.5 binding_event at DNA_gyrase 12 enzyme gyrase with twist 196.98134 superhelical 0.11197 global twist 165.40419 global supercoiling 0.04736
frame 2912 time 1456.0 unbinding_event at DNA_gyrase 12 enzyme gyrase with twist 198.77653 superhelical 0.12847 global twist 162.71140 global supercoiling 0.04757
frame 2919 time 1459.5 unbinding_event at gene Raspberry enzyme RNAP with twist -63.89067 superhelical -0.10312 global twist 160.01860 global supercoiling 0.04582
frame 2927 time 1463.5 binding_event at DNA_topoI 0 enzyme topoI with twist -89.02341 superhelical -0.04365 global twist 160.01860 global supercoiling 0.04557
frame 2929 time 1464.5 unbinding_event at DNA_topoI 0 enzyme topoI with twist -88.12582 superhelical -0.04178 global twist 167.79778 global supercoiling 0.04878
frame 2936 time 1468.0 binding_event at DNA_gyrase 16 enzyme gyrase with twist 281.35554 superhelical 0.21469 global twist 171.68738 global supercoiling 0.04889
frame 2937 time 1468.5 unbinding_event at DNA_gyrase 16 enzyme gyrase with twist 283.15074 superhelical 0.24901 global twist 168.99458 global supercoiling 0.04913
frame 2949 time 1474.5 unbinding_event at gene tetA enzyme RNAP with twist 166.30179 superhelical -0.06522 global twist 166.30179 global supercoiling 0.04736
frame 2955 time 1477.5 binding_event at DNA_gyrase 44 enzyme gyrase with twist 166.30179 superhelical 0.04710 global twist 166.30179 global supercoiling 0.04710
frame 2965 time 1482.5 unbinding_event at DNA_gyrase 44 enzyme gyrase with twist 136.68106 superhelical 0.03627 global twist 139.37385 global supercoiling 0.04030
frame 2979 time 1489.5 binding_event at DNA_gyrase 9 enzyme gyrase with twist 136.68106 superhelical 0.03871 global twist 136.68106 global supercoiling 0.03871
frame 2985 time 1492.5 unbinding_event at DNA_gyrase 9 enzyme gyrase with twist 117.83150 superhelical 0.03547 global twist 120.52430 global supercoiling 0.03485
frame 3049 time 1524.5 binding_event at DNA_gyrase 18 enzyme gyrase with twist 117.83150 superhelical 0.03337 global twist 117.83150 global supercoiling 0.03337
frame 3053 time 1526.5 unbinding_event at DNA_gyrase 18 enzyme gyrase with twist 104.36753 superhelical 0.03181 global twist 107.06033 global supercoiling 0.03095
frame 3072 time 1536.0 binding_event at DNA_gyrase 37 enzyme gyrase with twist 104.36753 superhelical 0.02956 global twist 104.36753 global supercoiling 0.02956
frame 3074 time 1537.0 binding_event at DNA_gyrase 45 enzyme gyrase with twist 78.99557 superhelical 0.02918 global twist 98.98195 global supercoiling 0.02862
frame 3081 time 1540.5 unbinding_event at DNA_gyrase 37 enzyme gyrase with twist 2.74013 superhelical 0.01226 global twist 61.28283 global supercoiling 0.01809
frame 3085 time 1542.5 unbinding_event at DNA_gyrase 45 enzyme gyrase with twist 45.12607 superhelical -0.00199 global twist 47.81887 global supercoiling 0.01383
frame 3148 time 1574.0 binding_event at DNA_gyrase 28 enzyme gyrase with twist 45.12607 superhelical 0.01278 global twist 45.12607 global supercoiling 0.01278
frame 3148 time 1574.0 unbinding_event at DNA_gyrase 28 enzyme gyrase with twist 42.43328 superhelical 0.00026 global twist 45.12607 global supercoiling 0.01278
frame 3165 time 1582.5 binding_event at DNA_gyrase 48 enzyme gyrase with twist 42.43328 superhelical 0.01202 global twist 42.43328 global supercoiling 0.01202
frame 3170 time 1585.0 unbinding_event at DNA_gyrase 48 enzyme gyrase with twist 26.27652 superhelical 0.00703 global twist 28.96931 global supercoiling 0.00838
frame 3192 time 1596.0 binding_event at gene tetA enzyme RNAP with twist 26.27652 superhelical 0.00744 global twist 26.27652 global supercoiling 0.00744
frame 3232 time 1616.0 unbinding_event at gene tetA enzyme RNAP with twist 26.27652 superhelical -0.05479 global twist 26.27652 global supercoiling 0.00748
frame 3270 time 1635.0 binding_event at DNA_gyrase 15 enzyme gyrase with twist 26.27652 superhelical 0.00744 global twist 26.27652 global supercoiling 0.00744
frame 3274 time 1637.0 unbinding_event at DNA_gyrase 15 enzyme gyrase with twist 12.81255 superhelical 0.00516 global twist 15.50534 global supercoiling 0.00448
frame 3346 time 1673.0 binding_event at gene Raspberry enzyme RNAP with twist 12.81255 superhelical 0.00363 global twist 12.81255 global supercoiling 0.00363
frame 3373 time 1686.5 unbinding_event at gene Raspberry enzyme RNAP with twist 12.81255 superhelical -0.07727 global twist 12.81255 global supercoiling 0.00365
frame 3377 time 1688.5 binding_event at DNA_gyrase 12 enzyme gyrase with twist 12.81255 superhelical 0.00363 global twist 12.81255 global supercoiling 0.00363
frame 3379 time 1689.5 unbinding_event at DNA_gyrase 12 enzyme gyrase with twist 4.73417 superhelical 0.00212 global twist 7.42696 global supercoiling 0.00215
frame 3407 time 1703.5 binding_event at gene tetA enzyme RNAP with twist 4.73417 superhelical 0.00134 global twist 4.73417 global supercoiling 0.00134
frame 3433 time 1716.5 binding_event at gene tetA enzyme RNAP with twist -91.03635 superhelical -0.04170 global twist 4.73417 global supercoiling 0.00135
frame 3447 time 1723.5 unbinding_event at gene tetA enzyme RNAP with twist 130.79475 superhelical -0.04207 global twist 4.73417 global supercoiling 0.00136
frame 3450 time 1725.0 binding_event at DNA_gyrase 12 enzyme gyrase with twist 137.97554 superhelical 0.09260 global twist 4.73417 global supercoiling 0.00135
frame 3455 time 1727.5 unbinding_event at DNA_gyrase 12 enzyme gyrase with twist 143.36112 superhelical 0.15737 global twist -8.72980 global supercoiling -0.00254
frame 3456 time 1728.0 binding_event at gene tetA enzyme RNAP with twist 143.36112 superhelical 0.06733 global twist -11.42260 global supercoiling -0.00325
frame 3471 time 1735.5 binding_event at DNA_gyrase 40 enzyme gyrase with twist 62.75210 superhelical 0.03161 global twist 286.72225 global supercoiling 0.08210
frame 3473 time 1736.5 unbinding_event at gene tetA enzyme RNAP with twist 234.74133 superhelical 0.06795 global twist 281.33666 global supercoiling 0.08225
frame 3473 time 1736.5 unbinding_event at DNA_gyrase 40 enzyme gyrase with twist 43.90254 superhelical 0.02861 global twist 281.33666 global supercoiling 0.08225
frame 3496 time 1748.0 unbinding_event at gene tetA enzyme RNAP with twist 278.64387 superhelical -0.01577 global twist 278.64387 global supercoiling 0.07935
frame 3506 time 1753.0 binding_event at DNA_gyrase 17 enzyme gyrase with twist 278.64387 superhelical 0.07892 global twist 278.64387 global supercoiling 0.07892
frame 3508 time 1754.0 binding_event at DNA_gyrase 44 enzyme gyrase with twist 231.40662 superhelical 0.07964 global twist 273.25828 global supercoiling 0.07901
frame 3511 time 1755.5 unbinding_event at DNA_gyrase 44 enzyme gyrase with twist 215.24986 superhelical 0.07736 global twist 257.10152 global supercoiling 0.07591
frame 3516 time 1758.0 unbinding_event at DNA_gyrase 17 enzyme gyrase with twist 238.25196 superhelical 0.07176 global twist 240.94475 global supercoiling 0.06966
frame 3572 time 1786.0 binding_event at DNA_gyrase 47 enzyme gyrase with twist 238.25196 superhelical 0.06748 global twist 238.25196 global supercoiling 0.06748
frame 3572 time 1786.0 unbinding_event at DNA_gyrase 47 enzyme gyrase with twist 235.55917 superhelical 0.06797 global twist 238.25196 global supercoiling 0.06748
frame 3597 time 1798.5 binding_event at DNA_gyrase 5 enzyme gyrase with twist 235.55917 superhelical 0.06672 global twist 235.55917 global supercoiling 0.06672
frame 3600 time 1800.0 unbinding_event at DNA_gyrase 5 enzyme gyrase with twist 224.78799 superhelical 0.06547 global twist 227.48078 global supercoiling 0.06577
frame 3604 time 1802.0 binding_event at DNA_gyrase 34 enzyme gyrase with twist 224.78799 superhelical 0.06367 global twist 224.78799 global supercoiling 0.06367
frame 3604 time 1802.0 unbinding_event at DNA_gyrase 34 enzyme gyrase with twist 222.09520 superhelical 0.06248 global twist 224.78799 global supercoiling 0.06367
frame 3617 time 1808.5 binding_event at DNA_gyrase 33 enzyme gyrase with twist 222.09520 superhelical 0.06291 global twist 222.09520 global supercoiling 0.06291
frame 3617 time 1808.5 unbinding_event at DNA_gyrase 33 enzyme gyrase with twist 219.40240 superhelical 0.06131 global twist 222.09520 global supercoiling 0.06291
frame 3626 time 1813.0 binding_event at DNA_gyrase 3 enzyme gyrase with twist 219.40240 superhelical 0.06214 global twist 219.40240 global supercoiling 0.06214
frame 3629 time 1814.5 unbinding_event at DNA_gyrase 3 enzyme gyrase with twist 208.63123 superhelical 0.06060 global twist 211.32402 global supercoiling 0.06110
frame 3648 time 1824.0 binding_event at DNA_gyrase 44 enzyme gyrase with twist 208.63123 superhelical 0.05909 global twist 208.63123 global supercoiling 0.05909
frame 3649 time 1824.5 unbinding_event at DNA_gyrase 44 enzyme gyrase with twist 203.24564 superhelical 0.05817 global twist 205.93844 global supercoiling 0.05954
frame 3699 time 1849.5 binding_event at DNA_gyrase 49 enzyme gyrase with twist 203.24564 superhelical 0.05757 global twist 203.24564 global supercoiling 0.05757
frame 3699 time 1849.5 unbinding_event at DNA_gyrase 49 enzyme gyrase with twist 200.55285 superhelical 0.05793 global twist 203.24564 global supercoiling 0.05757
frame 3713 time 1856.5 binding_event at DNA_gyrase 30 enzyme gyrase with twist 200.55285 superhelical 0.05680 global twist 200.55285 global supercoiling 0.05680
frame 3715 time 1857.5 unbinding_event at DNA_gyrase 30 enzyme gyrase with twist 192.47447 superhelical 0.04176 global twist 195.16726 global supercoiling 0.05643
frame 3761 time 1880.5 binding_event at gene tetA enzyme RNAP with twist 192.47447 superhelical 0.05452 global twist 192.47447 global supercoiling 0.05452
frame 3801 time 1900.5 unbinding_event at gene tetA enzyme RNAP with twist 192.47447 superhelical -0.02167 global twist 192.47447 global supercoiling 0.05481
frame 3810 time 1905.0 binding_event at DNA_gyrase 38 enzyme gyrase with twist 192.47447 superhelical 0.05452 global twist 192.47447 global supercoiling 0.05452
frame 3810 time 1905.0 unbinding_event at DNA_gyrase 38 enzyme gyrase with twist 189.78167 superhelical 0.05401 global twist 192.47447 global supercoiling 0.05452
frame 3847 time 1923.5 binding_event at DNA_gyrase 39 enzyme gyrase with twist 189.78167 superhelical 0.05375 global twist 189.78167 global supercoiling 0.05375
frame 3847 time 1923.5 unbinding_event at DNA_gyrase 39 enzyme gyrase with twist 187.08888 superhelical 0.05337 global twist 189.78167 global supercoiling 0.05375
frame 3862 time 1931.0 binding_event at DNA_gyrase 20 enzyme gyrase with twist 187.08888 superhelical 0.05299 global twist 187.08888 global supercoiling 0.05299
frame 3867 time 1933.5 unbinding_event at DNA_gyrase 20 enzyme gyrase with twist 170.93212 superhelical 0.05150 global twist 173.62491 global supercoiling 0.05020
frame 3902 time 1951.0 binding_event at DNA_gyrase 14 enzyme gyrase with twist 170.93212 superhelical 0.04842 global twist 170.93212 global supercoiling 0.04842
frame 3905 time 1952.5 binding_event at DNA_gyrase 25 enzyme gyrase with twist 33.93258 superhelical 0.04416 global twist 162.85374 global supercoiling 0.04708
frame 3905 time 1952.5 unbinding_event at DNA_gyrase 25 enzyme gyrase with twist 29.89339 superhelical 0.04213 global twist 162.85374 global supercoiling 0.04708
frame 3909 time 1954.5 unbinding_event at DNA_gyrase 14 enzyme gyrase with twist 146.69697 superhelical 0.04542 global twist 149.38977 global supercoiling 0.04319
frame 3914 time 1957.0 binding_event at DNA_gyrase 23 enzyme gyrase with twist 146.69697 superhelical 0.04155 global twist 146.69697 global supercoiling 0.04155
frame 3917 time 1958.5 unbinding_event at DNA_gyrase 23 enzyme gyrase with twist 135.92580 superhelical 0.04080 global twist 138.61859 global supercoiling 0.04008
frame 3940 time 1970.0 binding_event at gene tetA enzyme RNAP with twist 135.92580 superhelical 0.03850 global twist 135.92580 global supercoiling 0.03850
frame 3980 time 1990.0 unbinding_event at gene tetA enzyme RNAP with twist 135.92580 superhelical -0.03294 global twist 135.92580 global supercoiling 0.03871
frame 4031 time 2015.5 binding_event at DNA_gyrase 12 enzyme gyrase with twist 135.92580 superhelical 0.03850 global twist 135.92580 global supercoiling 0.03850
frame 4035 time 2017.5 unbinding_event at DNA_gyrase 12 enzyme gyrase with twist 122.46183 superhelical 0.03666 global twist 125.15462 global supercoiling 0.03618
frame 4083 time 2041.5 binding_event at DNA_gyrase 0 enzyme gyrase with twist 122.46183 superhelical 0.03469 global twist 122.46183 global supercoiling 0.03469
frame 4091 time 2045.5 unbinding_event at DNA_gyrase 0 enzyme gyrase with twist 98.22669 superhelical 0.02822 global twist 100.91948 global supercoiling 0.02918
frame 4100 time 2050.0 binding_event at DNA_gyrase 4 enzyme gyrase with twist 98.22669 superhelical 0.02782 global twist 98.22669 global supercoiling 0.02782
frame 4105 time 2052.5 unbinding_event at DNA_gyrase 4 enzyme gyrase with twist 82.06992 superhelical 0.02430 global twist 84.76272 global supercoiling 0.02451
frame 4143 time 2071.5 binding_event at gene tetA enzyme RNAP with twist 82.06992 superhelical 0.02325 global twist 82.06992 global supercoiling 0.02325
frame 4183 time 2091.5 unbinding_event at gene tetA enzyme RNAP with twist 82.06992 superhelical -0.04367 global twist 82.06992 global supercoiling 0.02337
frame 4187 time 2093.5 binding_event at DNA_gyrase 26 enzyme gyrase with twist 82.06992 superhelical 0.02325 global twist 82.06992 global supercoiling 0.02325
frame 4189 time 2094.5 binding_event at DNA_gyrase 21 enzyme gyrase with twist 78.48809 superhelical 0.02244 global twist 76.68434 global supercoiling 0.02217
frame 4194 time 2097.0 unbinding_event at DNA_gyrase 21 enzyme gyrase with twist 54.25294 superhelical 0.01780 global twist 49.75640 global supercoiling 0.01469
frame 4196 time 2098.0 unbinding_event at DNA_gyrase 26 enzyme gyrase with twist 38.98523 superhelical -0.32835 global twist 41.67802 global supercoiling 0.01205
frame 4212 time 2106.0 binding_event at DNA_gyrase 27 enzyme gyrase with twist 38.98523 superhelical 0.01104 global twist 38.98523 global supercoiling 0.01104
frame 4212 time 2106.0 unbinding_event at DNA_gyrase 27 enzyme gyrase with twist 36.29243 superhelical -0.02891 global twist 38.98523 global supercoiling 0.01104
frame 4370 time 2185.0 binding_event at DNA_gyrase 47 enzyme gyrase with twist 36.29243 superhelical 0.01028 global twist 36.29243 global supercoiling 0.01028
frame 4372 time 2186.0 unbinding_event at DNA_gyrase 47 enzyme gyrase with twist 28.21405 superhelical 0.00774 global twist 30.90684 global supercoiling 0.00894
frame 4413 time 2206.5 binding_event at gene tetA enzyme RNAP with twist 28.21405 superhelical 0.00799 global twist 28.21405 global supercoiling 0.00799
frame 4427 time 2213.5 binding_event at gene mKalama1 enzyme RNAP with twist -36.47579 superhelical -0.01854 global twist 28.21405 global supercoiling 0.00803
frame 4445 time 2222.5 binding_event at DNA_gyrase 30 enzyme gyrase with twist 52.50579 superhelical 0.16189 global twist 28.21405 global supercoiling 0.00808
frame 4449 time 2224.5 binding_event at DNA_topoI 44 enzyme topoI with twist -182.33177 superhelical -0.08721 global twist 17.44288 global supercoiling 0.00510
frame 4450 time 2225.0 unbinding_event at DNA_topoI 44 enzyme topoI with twist -84.32399 superhelical 0.01346 global twist 18.63967 global supercoiling 0.00557
frame 4453 time 2226.5 unbinding_event at gene tetA enzyme RNAP with twist 62.49606 superhelical -0.04651 global twist 14.45088 global supercoiling 0.00422
frame 4454 time 2227.0 unbinding_event at gene mKalama1 enzyme RNAP with twist -52.08437 superhelical 0.43490 global twist 11.75809 global supercoiling 0.00342
frame 4462 time 2231.0 unbinding_event at DNA_gyrase 30 enzyme gyrase with twist -12.47705 superhelical -0.25250 global twist -9.78426 global supercoiling -0.00283
frame 4516 time 2258.0 binding_event at DNA_gyrase 13 enzyme gyrase with twist -12.47705 superhelical -0.00353 global twist -12.47705 global supercoiling -0.00353
frame 4517 time 2258.5 unbinding_event at DNA_gyrase 13 enzyme gyrase with twist -17.86264 superhelical -0.00464 global twist -15.16985 global supercoiling -0.00439
frame 4530 time 2265.0 binding_event at DNA_gyrase 14 enzyme gyrase with twist -17.86264 superhelical -0.00506 global twist -17.86264 global supercoiling -0.00506
frame 4530 time 2265.0 unbinding_event at DNA_gyrase 14 enzyme gyrase with twist -20.55544 superhelical -0.00566 global twist -17.86264 global supercoiling -0.00506
frame 4549 time 2274.5 binding_event at DNA_gyrase 21 enzyme gyrase with twist -20.55544 superhelical -0.00582 global twist -20.55544 global supercoiling -0.00582
frame 4551 time 2275.5 unbinding_event at DNA_gyrase 21 enzyme gyrase with twist -28.63382 superhelical -0.00721 global twist -25.94102 global supercoiling -0.00750
frame 4559 time 2279.5 binding_event at DNA_gyrase 26 enzyme gyrase with twist -28.63382 superhelical -0.00811 global twist -28.63382 global supercoiling -0.00811
frame 4563 time 2281.5 unbinding_event at DNA_gyrase 26 enzyme gyrase with twist -42.09778 superhelical -0.18388 global twist -39.40499 global supercoiling -0.01139
frame 4597 time 2298.5 binding_event at gene tetA enzyme RNAP with twist -42.09778 superhelical -0.01192 global twist -42.09778 global supercoiling -0.01192
frame 4634 time 2317.0 binding_event at DNA_topoI 45 enzyme topoI with twist -153.41989 superhelical -0.06445 global twist -42.09778 global supercoiling -0.01199
frame 4635 time 2317.5 unbinding_event at DNA_topoI 45 enzyme topoI with twist -152.82149 superhelical -0.06352 global twist -38.20819 global supercoiling -0.01111
frame 4637 time 2318.5 unbinding_event at gene tetA enzyme RNAP with twist -34.31860 superhelical -0.06525 global twist -34.31860 global supercoiling -0.00977
frame 4655 time 2327.5 binding_event at DNA_gyrase 2 enzyme gyrase with twist -34.31860 superhelical -0.00972 global twist -34.31860 global supercoiling -0.00972
frame 4663 time 2331.5 unbinding_event at DNA_gyrase 2 enzyme gyrase with twist -58.55375 superhelical -0.01655 global twist -55.86095 global supercoiling -0.01615
frame 4773 time 2386.5 binding_event at gene mKalama1 enzyme RNAP with twist -58.55375 superhelical -0.01658 global twist -58.55375 global supercoiling -0.01658
frame 4800 time 2400.0 unbinding_event at gene mKalama1 enzyme RNAP with twist -58.55375 superhelical 0.61966 global twist -58.55375 global supercoiling -0.01668
frame 4843 time 2421.5 binding_event at DNA_gyrase 11 enzyme gyrase with twist -58.55375 superhelical -0.01658 global twist -58.55375 global supercoiling -0.01658
frame 4847 time 2423.5 unbinding_event at DNA_gyrase 11 enzyme gyrase with twist -72.01771 superhelical -0.01965 global twist -69.32492 global supercoiling -0.02004
frame 4864 time 2432.0 binding_event at gene tetA enzyme RNAP with twist -72.01771 superhelical -0.02040 global twist -72.01771 global supercoiling -0.02040
frame 4885 time 2442.5 binding_event at DNA_topoI 45 enzyme topoI with twist -110.59707 superhelical -0.05284 global twist -72.01771 global supercoiling -0.02051
frame 4885 time 2442.5 unbinding_event at DNA_topoI 45 enzyme topoI with twist -110.29787 superhelical -0.05325 global twist -72.01771 global supercoiling -0.02051
frame 4898 time 2449.0 binding_event at DNA_topoI 38 enzyme topoI with twist -153.38257 superhelical -0.06593 global twist -68.12812 global supercoiling -0.01940
frame 4902 time 2451.0 unbinding_event at DNA_topoI 38 enzyme topoI with twist -151.88657 superhelical -0.05622 global twist -52.56976 global supercoiling -0.01528
frame 4904 time 2452.0 unbinding_event at gene tetA enzyme RNAP with twist -48.68017 superhelical -0.06487 global twist -48.68017 global supercoiling -0.01386
frame 4945 time 2472.5 binding_event at gene tetA enzyme RNAP with twist -48.68017 superhelical -0.01379 global twist -48.68017 global supercoiling -0.01379
frame 4952 time 2476.0 binding_event at gene tetA enzyme RNAP with twist -48.92530 superhelical -0.02656 global twist -48.68017 global supercoiling -0.01386
frame 4985 time 2492.5 unbinding_event at gene tetA enzyme RNAP with twist 119.45938 superhelical -0.02684 global twist -48.68017 global supercoiling -0.01394
frame 4987 time 2493.5 binding_event at DNA_gyrase 10 enzyme gyrase with twist 123.04977 superhelical 0.10545 global twist -48.68017 global supercoiling -0.01386
frame 4992 time 2496.0 unbinding_event at gene tetA enzyme RNAP with twist 123.94737 superhelical 4.54515 global twist -62.14414 global supercoiling -0.01807
frame 4993 time 2496.5 binding_event at gene tetA enzyme RNAP with twist 123.94737 superhelical 0.05158 global twist -64.83693 global supercoiling -0.01875
frame 4996 time 2498.0 binding_event at DNA_gyrase 25 enzyme gyrase with twist 119.90818 superhelical 0.11360 global twist 239.81636 global supercoiling 0.06972
frame 4999 time 2499.5 unbinding_event at DNA_gyrase 25 enzyme gyrase with twist 103.75142 superhelical 0.10606 global twist 223.65960 global supercoiling 0.06641
frame 5002 time 2501.0 unbinding_event at DNA_gyrase 10 enzyme gyrase with twist 156.87237 superhelical 0.11706 global twist 212.88842 global supercoiling 0.06189
frame 5033 time 2516.5 unbinding_event at gene tetA enzyme RNAP with twist 210.19563 superhelical -0.02364 global twist 210.19563 global supercoiling 0.05986
frame 5054 time 2527.0 binding_event at DNA_gyrase 10 enzyme gyrase with twist 210.19563 superhelical 0.05954 global twist 210.19563 global supercoiling 0.05954
frame 5055 time 2527.5 unbinding_event at DNA_gyrase 10 enzyme gyrase with twist 204.81004 superhelical 0.05965 global twist 207.50284 global supercoiling 0.05999
frame 5103 time 2551.5 binding_event at DNA_gyrase 28 enzyme gyrase with twist 204.81004 superhelical 0.05801 global twist 204.81004 global supercoiling 0.05801
frame 5105 time 2552.5 binding_event at DNA_gyrase 7 enzyme gyrase with twist 195.88082 superhelical 0.05841 global twist 199.42446 global supercoiling 0.05766
frame 5109 time 2554.5 unbinding_event at DNA_gyrase 7 enzyme gyrase with twist 175.68487 superhelical 0.05299 global twist 177.88211 global supercoiling 0.05252
frame 5111 time 2555.5 unbinding_event at DNA_gyrase 28 enzyme gyrase with twist 167.11093 superhelical -0.05584 global twist 169.80372 global supercoiling 0.04909
frame 5116 time 2558.0 binding_event at gene tetA enzyme RNAP with twist 167.11093 superhelical 0.04733 global twist 167.11093 global supercoiling 0.04733
frame 5156 time 2578.0 unbinding_event at gene tetA enzyme RNAP with twist 167.11093 superhelical -0.02672 global twist 167.11093 global supercoiling 0.04759
frame 5247 time 2623.5 binding_event at DNA_gyrase 5 enzyme gyrase with twist 167.11093 superhelical 0.04733 global twist 167.11093 global supercoiling 0.04733
frame 5247 time 2623.5 unbinding_event at DNA_gyrase 5 enzyme gyrase with twist 164.41814 superhelical 0.04766 global twist 167.11093 global supercoiling 0.04733
frame 5293 time 2646.5 binding_event at DNA_gyrase 22 enzyme gyrase with twist 164.41814 superhelical 0.04657 global twist 164.41814 global supercoiling 0.04657
frame 5294 time 2647.0 unbinding_event at DNA_gyrase 22 enzyme gyrase with twist 159.03255 superhelical 0.04671 global twist 161.72534 global supercoiling 0.04676
frame 5384 time 2692.0 binding_event at DNA_gyrase 32 enzyme gyrase with twist 159.03255 superhelical 0.04504 global twist 159.03255 global supercoiling 0.04504
frame 5394 time 2697.0 unbinding_event at DNA_gyrase 32 enzyme gyrase with twist 129.41182 superhelical 0.00825 global twist 132.10461 global supercoiling 0.03819
frame 5406 time 2703.0 binding_event at DNA_gyrase 0 enzyme gyrase with twist 129.41182 superhelical 0.03665 global twist 129.41182 global supercoiling 0.03665
frame 5406 time 2703.0 unbinding_event at DNA_gyrase 0 enzyme gyrase with twist 126.71903 superhelical 0.03662 global twist 129.41182 global supercoiling 0.03665
frame 5436 time 2718.0 binding_event at DNA_gyrase 21 enzyme gyrase with twist 126.71903 superhelical 0.03589 global twist 126.71903 global supercoiling 0.03589
frame 5438 time 2719.0 unbinding_event at DNA_gyrase 21 enzyme gyrase with twist 118.64064 superhelical 0.03537 global twist 121.33344 global supercoiling 0.03508
frame 5444 time 2722.0 binding_event at gene tetA enzyme RNAP with twist 118.64064 superhelical 0.03360 global twist 118.64064 global supercoiling 0.03360
frame 5452 time 2726.0 binding_event at DNA_gyrase 31 enzyme gyrase with twist 29.26279 superhelical 0.01573 global twist 118.64064 global supercoiling 0.03379
frame 5453 time 2726.5 unbinding_event at DNA_gyrase 31 enzyme gyrase with twist 16.69641 superhelical 0.00797 global twist 115.94785 global supercoiling 0.03371
frame 5465 time 2732.5 binding_event at DNA_gyrase 15 enzyme gyrase with twist 136.05295 superhelical 0.09593 global twist 113.25506 global supercoiling 0.03225
frame 5472 time 2736.0 unbinding_event at DNA_gyrase 15 enzyme gyrase with twist 143.23373 superhelical 0.16518 global twist 94.40550 global supercoiling 0.02745
frame 5484 time 2742.0 unbinding_event at gene tetA enzyme RNAP with twist 91.71271 superhelical -0.03858 global twist 91.71271 global supercoiling 0.02612
frame 5485 time 2742.5 binding_event at gene tetA enzyme RNAP with twist 91.71271 superhelical 0.02598 global twist 91.71271 global supercoiling 0.02598
frame 5506 time 2753.0 binding_event at gene mKalama1 enzyme RNAP with twist -30.57340 superhelical -0.01461 global twist 91.71271 global supercoiling 0.02612
frame 5514 time 2757.0 binding_event at gene tetA enzyme RNAP with twist -78.47540 superhelical -0.04579 global twist 91.71271 global supercoiling 0.02626
frame 5525 time 2762.5 unbinding_event at gene tetA enzyme RNAP with twist 170.87276 superhelical -0.04631 global twist 91.71271 global supercoiling 0.02641
frame 5527 time 2763.5 binding_event at DNA_gyrase 5 enzyme gyrase with twist 174.46315 superhelical 0.11171 global twist 91.71271 global supercoiling 0.02626
frame 5533 time 2766.5 unbinding_event at gene mKalama1 enzyme RNAP with twist -105.63919 superhelical 0.62831 global twist 75.55595 global supercoiling 0.02209
frame 5554 time 2777.0 unbinding_event at gene tetA enzyme RNAP with twist 150.22801 superhelical 0.14555 global twist 19.00728 global supercoiling 0.00553
frame 5559 time 2779.5 unbinding_event at DNA_gyrase 5 enzyme gyrase with twist 2.85052 superhelical -0.06880 global twist 5.54331 global supercoiling 0.00160
frame 5576 time 2788.0 binding_event at DNA_gyrase 37 enzyme gyrase with twist 2.85052 superhelical 0.00081 global twist 2.85052 global supercoiling 0.00081
frame 5584 time 2792.0 unbinding_event at DNA_gyrase 37 enzyme gyrase with twist -21.38463 superhelical -0.01530 global twist -18.69183 global supercoiling -0.00540
frame 5617 time 2808.5 binding_event at DNA_gyrase 27 enzyme gyrase with twist -21.38463 superhelical -0.00606 global twist -21.38463 global supercoiling -0.00606
frame 5621 time 2810.5 unbinding_event at DNA_gyrase 27 enzyme gyrase with twist -34.84860 superhelical -0.20708 global twist -32.15580 global supercoiling -0.00930
frame 5648 time 2824.0 binding_event at DNA_gyrase 45 enzyme gyrase with twist -34.84860 superhelical -0.00987 global twist -34.84860 global supercoiling -0.00987
frame 5649 time 2824.5 unbinding_event at DNA_gyrase 45 enzyme gyrase with twist -40.23418 superhelical -0.01211 global twist -37.54139 global supercoiling -0.01085
frame 5729 time 2864.5 binding_event at DNA_topoI 10 enzyme topoI with twist -40.23418 superhelical -0.01140 global twist -40.23418 global supercoiling -0.01140
frame 5739 time 2869.5 unbinding_event at DNA_topoI 10 enzyme topoI with twist 2.55132 superhelical -0.00273 global twist -1.33828 global supercoiling -0.00039
frame 5746 time 2873.0 binding_event at DNA_gyrase 23 enzyme gyrase with twist 2.55132 superhelical 0.00072 global twist 2.55132 global supercoiling 0.00072
frame 5747 time 2873.5 unbinding_event at DNA_gyrase 23 enzyme gyrase with twist -2.83427 superhelical -0.00007 global twist -0.14148 global supercoiling -0.00004
frame 5752 time 2876.0 binding_event at gene tetA enzyme RNAP with twist -2.83427 superhelical -0.00080 global twist -2.83427 global supercoiling -0.00080
frame 5767 time 2883.5 binding_event at DNA_topoI 40 enzyme topoI with twist -55.24113 superhelical -0.02782 global twist -2.83427 global supercoiling -0.00081
frame 5767 time 2883.5 unbinding_event at DNA_topoI 40 enzyme topoI with twist -54.94193 superhelical -0.02686 global twist -2.83427 global supercoiling -0.00081
frame 5784 time 2892.0 binding_event at DNA_topoI 34 enzyme topoI with twist -112.38820 superhelical -0.04906 global twist 1.05532 global supercoiling 0.00030
frame 5787 time 2893.5 unbinding_event at DNA_topoI 34 enzyme topoI with twist -111.19140 superhelical -0.03614 global twist 12.72409 global supercoiling 0.00370
frame 5792 time 2896.0 unbinding_event at gene tetA enzyme RNAP with twist 16.61368 superhelical -0.05266 global twist 16.61368 global supercoiling 0.00473
frame 5807 time 2903.5 binding_event at gene mKalama1 enzyme RNAP with twist 16.61368 superhelical 0.00471 global twist 16.61368 global supercoiling 0.00471
frame 5812 time 2906.0 binding_event at gene tetA enzyme RNAP with twist -4.40167 superhelical -0.00149 global twist 16.61368 global supercoiling 0.00473
frame 5825 time 2912.5 binding_event at DNA_topoI 40 enzyme topoI with twist -95.05915 superhelical -0.05919 global twist 16.61368 global supercoiling 0.00476
frame 5829 time 2914.5 unbinding_event at DNA_topoI 40 enzyme topoI with twist -111.51511 superhelical -0.06570 global twist 32.17205 global supercoiling 0.00941
frame 5834 time 2917.0 unbinding_event at gene mKalama1 enzyme RNAP with twist -43.82467 superhelical 0.71537 global twist 36.06164 global supercoiling 0.01033
frame 5852 time 2926.0 unbinding_event at gene tetA enzyme RNAP with twist 36.06164 superhelical -0.04423 global twist 36.06164 global supercoiling 0.01027
frame 5881 time 2940.5 binding_event at DNA_gyrase 1 enzyme gyrase with twist 36.06164 superhelical 0.01021 global twist 36.06164 global supercoiling 0.01021
frame 5881 time 2940.5 unbinding_event at DNA_gyrase 1 enzyme gyrase with twist 33.36884 superhelical 0.00966 global twist 36.06164 global supercoiling 0.01021
frame 5922 time 2961.0 binding_event at DNA_gyrase 44 enzyme gyrase with twist 33.36884 superhelical 0.00945 global twist 33.36884 global supercoiling 0.00945
frame 5923 time 2961.5 unbinding_event at DNA_gyrase 44 enzyme gyrase with twist 27.98326 superhelical 0.00750 global twist 30.67605 global supercoiling 0.00887
frame 5943 time 2971.5 binding_event at DNA_gyrase 18 enzyme gyrase with twist 27.98326 superhelical 0.00793 global twist 27.98326 global supercoiling 0.00793
frame 5948 time 2974.0 unbinding_event at DNA_gyrase 18 enzyme gyrase with twist 11.82649 superhelical 0.00538 global twist 14.51929 global supercoiling 0.00420
frame 6048 time 3024.0 binding_event at DNA_gyrase 49 enzyme gyrase with twist 11.82649 superhelical 0.00335 global twist 11.82649 global supercoiling 0.00335
frame 6057 time 3028.5 unbinding_event at DNA_gyrase 49 enzyme gyrase with twist -15.10144 superhelical -0.00493 global twist -12.40865 global supercoiling -0.00359
frame 6071 time 3035.5 binding_event at DNA_gyrase 28 enzyme gyrase with twist -15.10144 superhelical -0.00428 global twist -15.10144 global supercoiling -0.00428
frame 6075 time 3037.5 unbinding_event at DNA_gyrase 28 enzyme gyrase with twist -28.56541 superhelical -0.06829 global twist -25.87262 global supercoiling -0.00748
frame 6170 time 3085.0 binding_event at DNA_gyrase 46 enzyme gyrase with twist -28.56541 superhelical -0.00809 global twist -28.56541 global supercoiling -0.00809
frame 6170 time 3085.0 unbinding_event at DNA_gyrase 46 enzyme gyrase with twist -31.25821 superhelical -0.00922 global twist -28.56541 global supercoiling -0.00809
frame 6227 time 3113.5 binding_event at DNA_gyrase 26 enzyme gyrase with twist -31.25821 superhelical -0.00885 global twist -31.25821 global supercoiling -0.00885
frame 6231 time 3115.5 binding_event at DNA_gyrase 18 enzyme gyrase with twist -36.30518 superhelical -0.01038 global twist -42.02938 global supercoiling -0.01215
frame 6232 time 3116.0 unbinding_event at DNA_gyrase 18 enzyme gyrase with twist -44.38356 superhelical -0.01243 global twist -47.41497 global supercoiling -0.01400
frame 6235 time 3117.5 unbinding_event at DNA_gyrase 26 enzyme gyrase with twist -60.87894 superhelical -0.32525 global twist -58.18614 global supercoiling -0.01682
frame 6325 time 3162.5 binding_event at gene tetA enzyme RNAP with twist -60.87894 superhelical -0.01724 global twist -60.87894 global supercoiling -0.01724
frame 6333 time 3166.5 binding_event at DNA_topoI 44 enzyme topoI with twist -58.47787 superhelical -0.03144 global twist -60.87894 global supercoiling -0.01734
frame 6333 time 3166.5 unbinding_event at DNA_topoI 44 enzyme topoI with twist -58.17867 superhelical -0.03115 global twist -60.87894 global supercoiling -0.01734
frame 6365 time 3182.5 unbinding_event at gene tetA enzyme RNAP with twist -56.98934 superhelical -0.07058 global twist -56.98934 global supercoiling -0.01623
frame 6378 time 3189.0 binding_event at gene tetA enzyme RNAP with twist -56.98934 superhelical -0.01614 global twist -56.98934 global supercoiling -0.01614
frame 6399 time 3199.5 binding_event at gene tetA enzyme RNAP with twist -103.25191 superhelical -0.04933 global twist -56.98934 global supercoiling -0.01623
frame 6418 time 3209.0 binding_event at DNA_topoI 35 enzyme topoI with twist -153.65497 superhelical -0.07469 global twist -56.98934 global supercoiling -0.01632
frame 6418 time 3209.0 unbinding_event at gene tetA enzyme RNAP with twist 100.25602 superhelical -0.04978 global twist -56.98934 global supercoiling -0.01632
frame 6424 time 3212.0 binding_event at gene tetA enzyme RNAP with twist -116.47808 superhelical -0.07842 global twist -33.65180 global supercoiling -0.00978
frame 6425 time 3212.5 unbinding_event at DNA_topoI 35 enzyme topoI with twist -117.12617 superhelical -0.05180 global twist -29.76221 global supercoiling -0.00870
frame 6426 time 3213.0 binding_event at DNA_topoI 30 enzyme topoI with twist -117.12617 superhelical -0.06685 global twist -25.87262 global supercoiling -0.00741
frame 6428 time 3214.0 unbinding_event at DNA_topoI 30 enzyme topoI with twist -116.22857 superhelical -0.04627 global twist -18.09344 global supercoiling -0.00529
frame 6434 time 3217.0 binding_event at DNA_topoI 0 enzyme topoI with twist -134.18053 superhelical -0.07078 global twist -14.20385 global supercoiling -0.00407
frame 6439 time 3219.5 unbinding_event at gene tetA enzyme RNAP with twist 141.51903 superhelical -0.07945 global twist 5.24411 global supercoiling 0.00153
frame 6442 time 3221.0 unbinding_event at DNA_topoI 0 enzyme topoI with twist -131.48773 superhelical -0.06318 global twist 16.91288 global supercoiling 0.00492
frame 6449 time 3224.5 binding_event at DNA_gyrase 7 enzyme gyrase with twist 173.83256 superhelical 0.12911 global twist 20.80247 global supercoiling 0.00592
frame 6450 time 3225.0 unbinding_event at DNA_gyrase 7 enzyme gyrase with twist 175.62775 superhelical 0.15404 global twist 18.10968 global supercoiling 0.00527
frame 6455 time 3227.5 binding_event at DNA_gyrase 23 enzyme gyrase with twist 189.98932 superhelical 0.15338 global twist 15.41689 global supercoiling 0.00439
frame 6461 time 3230.5 unbinding_event at DNA_gyrase 23 enzyme gyrase with twist 196.27250 superhelical 0.20217 global twist -0.73988 global supercoiling -0.00022
frame 6464 time 3232.0 unbinding_event at gene tetA enzyme RNAP with twist -3.43267 superhelical -0.08583 global twist -3.43267 global supercoiling -0.00098
frame 6552 time 3276.0 binding_event at DNA_gyrase 26 enzyme gyrase with twist -3.43267 superhelical -0.00097 global twist -3.43267 global supercoiling -0.00097
frame 6552 time 3276.0 unbinding_event at DNA_gyrase 26 enzyme gyrase with twist -6.12546 superhelical -0.03613 global twist -3.43267 global supercoiling -0.00097
frame 6602 time 3301.0 binding_event at gene tetA enzyme RNAP with twist -6.12546 superhelical -0.00173 global twist -6.12546 global supercoiling -0.00173
frame 6635 time 3317.5 binding_event at gene tetA enzyme RNAP with twist -121.47676 superhelical -0.05262 global twist -6.12546 global supercoiling -0.00174
frame 6638 time 3319.0 binding_event at DNA_gyrase 23 enzyme gyrase with twist 126.12247 superhelical 0.10977 global twist -6.12546 global supercoiling -0.00175
frame 6639 time 3319.5 unbinding_event at DNA_gyrase 23 enzyme gyrase with twist 127.91767 superhelical 0.12655 global twist -8.81826 global supercoiling -0.00258
frame 6642 time 3321.0 binding_event at gene tetA enzyme RNAP with twist -116.19269 superhelical -0.06308 global twist -11.51105 global supercoiling -0.00330
frame 6642 time 3321.0 unbinding_event at gene tetA enzyme RNAP with twist 108.27203 superhelical -0.05306 global twist -11.51105 global supercoiling -0.00330
frame 6675 time 3337.5 unbinding_event at gene tetA enzyme RNAP with twist 219.96496 superhelical -0.06375 global twist -11.51105 global supercoiling -0.00330
frame 6679 time 3339.5 binding_event at gene Raspberry enzyme RNAP with twist -242.24719 superhelical -0.10177 global twist -11.51105 global supercoiling -0.00328
frame 6682 time 3341.0 unbinding_event at gene tetA enzyme RNAP with twist 81.06210 superhelical -0.10259 global twist -11.51105 global supercoiling -0.00330
frame 6695 time 3347.5 binding_event at gene tetA enzyme RNAP with twist 124.14680 superhelical 0.05043 global twist -11.51105 global supercoiling -0.00328
frame 6700 time 3350.0 binding_event at DNA_topoI 37 enzyme topoI with twist -153.60981 superhelical -0.13482 global twist -11.51105 global supercoiling -0.00330
frame 6700 time 3350.0 unbinding_event at DNA_topoI 37 enzyme topoI with twist -153.31061 superhelical -0.14130 global twist -11.51105 global supercoiling -0.00330
frame 6706 time 3353.0 unbinding_event at gene Raspberry enzyme RNAP with twist -141.94585 superhelical -0.13822 global twist -7.62146 global supercoiling -0.00218
frame 6708 time 3354.0 binding_event at DNA_topoI 35 enzyme topoI with twist -145.53624 superhelical -0.07465 global twist -7.62146 global supercoiling -0.00217
frame 6709 time 3354.5 unbinding_event at DNA_topoI 35 enzyme topoI with twist -144.93784 superhelical -0.07111 global twist -3.73187 global supercoiling -0.00108
frame 6734 time 3367.0 binding_event at DNA_gyrase 20 enzyme gyrase with twist 231.26496 superhelical 0.21119 global twist 0.15772 global supercoiling 0.00004
frame 6735 time 3367.5 unbinding_event at gene tetA enzyme RNAP with twist -78.81194 superhelical -0.09717 global twist -2.53507 global supercoiling -0.00074
frame 6736 time 3368.0 unbinding_event at DNA_gyrase 20 enzyme gyrase with twist -7.92066 superhelical -0.02568 global twist -5.22787 global supercoiling -0.00151
frame 6744 time 3372.0 binding_event at gene tetA enzyme RNAP with twist -7.92066 superhelical -0.00224 global twist -7.92066 global supercoiling -0.00224
frame 6769 time 3384.5 binding_event at gene tetA enzyme RNAP with twist -93.63103 superhelical -0.04325 global twist -7.92066 global supercoiling -0.00226
frame 6776 time 3388.0 binding_event at DNA_topoI 27 enzyme topoI with twist -100.01668 superhelical -0.05430 global twist -7.92066 global supercoiling -0.00227
frame 6778 time 3389.0 unbinding_event at DNA_topoI 27 enzyme topoI with twist -99.11908 superhelical 0.11760 global twist -0.14148 global supercoiling -0.00004
frame 6784 time 3392.0 unbinding_event at gene tetA enzyme RNAP with twist 124.40954 superhelical -0.04363 global twist 3.74811 global supercoiling 0.00107
frame 6809 time 3404.5 unbinding_event at gene tetA enzyme RNAP with twist 3.74811 superhelical -0.08581 global twist 3.74811 global supercoiling 0.00107
frame 6823 time 3411.5 binding_event at DNA_gyrase 29 enzyme gyrase with twist 3.74811 superhelical 0.00106 global twist 3.74811 global supercoiling 0.00106
frame 6828 time 3414.0 unbinding_event at DNA_gyrase 29 enzyme gyrase with twist -12.40865 superhelical -0.04452 global twist -9.71586 global supercoiling -0.00281
frame 6938 time 3469.0 binding_event at DNA_gyrase 2 enzyme gyrase with twist -12.40865 superhelical -0.00351 global twist -12.40865 global supercoiling -0.00351
frame 6941 time 3470.5 unbinding_event at DNA_gyrase 2 enzyme gyrase with twist -23.17982 superhelical -0.00653 global twist -20.48703 global supercoiling -0.00592
frame 7023 time 3511.5 binding_event at DNA_gyrase 31 enzyme gyrase with twist -23.17982 superhelical -0.00657 global twist -23.17982 global supercoiling -0.00657
frame 7024 time 3512.0 unbinding_event at DNA_gyrase 31 enzyme gyrase with twist -28.56541 superhelical -0.01510 global twist -25.87262 global supercoiling -0.00748
frame 7028 time 3514.0 binding_event at DNA_gyrase 19 enzyme gyrase with twist -28.56541 superhelical -0.00809 global twist -28.56541 global supercoiling -0.00809
frame 7036 time 3518.0 unbinding_event at DNA_gyrase 19 enzyme gyrase with twist -52.80055 superhelical -0.01223 global twist -50.10776 global supercoiling -0.01449
frame 7107 time 3553.5 binding_event at DNA_gyrase 34 enzyme gyrase with twist -52.80055 superhelical -0.01496 global twist -52.80055 global supercoiling -0.01496
frame 7108 time 3554.0 unbinding_event at DNA_gyrase 34 enzyme gyrase with twist -58.18614 superhelical -0.02029 global twist -55.49335 global supercoiling -0.01604
frame 7132 time 3566.0 binding_event at DNA_gyrase 19 enzyme gyrase with twist -58.18614 superhelical -0.01648 global twist -58.18614 global supercoiling -0.01648
frame 7134 time 3567.0 unbinding_event at DNA_gyrase 19 enzyme gyrase with twist -66.26452 superhelical -0.01815 global twist -63.57173 global supercoiling -0.01838
frame 7140 time 3570.0 binding_event at DNA_gyrase 11 enzyme gyrase with twist -66.26452 superhelical -0.01877 global twist -66.26452 global supercoiling -0.01877
frame 7142 time 3571.0 unbinding_event at DNA_gyrase 11 enzyme gyrase with twist -74.34290 superhelical -0.02079 global twist -71.65011 global supercoiling -0.02072
frame 7172 time 3586.0 binding_event at DNA_topoI 0 enzyme topoI with twist -74.34290 superhelical -0.02106 global twist -74.34290 global supercoiling -0.02106
frame 7179 time 3589.5 unbinding_event at DNA_topoI 0 enzyme topoI with twist -43.22618 superhelical -0.01226 global twist -47.11577 global supercoiling -0.01362
frame 7213 time 3606.5 binding_event at DNA_gyrase 39 enzyme gyrase with twist -43.22618 superhelical -0.01224 global twist -43.22618 global supercoiling -0.01224
frame 7216 time 3608.0 unbinding_event at DNA_gyrase 39 enzyme gyrase with twist -53.99735 superhelical -0.01851 global twist -51.30456 global supercoiling -0.01483
frame 7284 time 3642.0 binding_event at DNA_gyrase 17 enzyme gyrase with twist -53.99735 superhelical -0.01529 global twist -53.99735 global supercoiling -0.01529
frame 7288 time 3644.0 unbinding_event at DNA_gyrase 17 enzyme gyrase with twist -67.46132 superhelical -0.01793 global twist -64.76853 global supercoiling -0.01873
frame 7289 time 3644.5 binding_event at gene tetA enzyme RNAP with twist -67.46132 superhelical -0.01911 global twist -67.46132 global supercoiling -0.01911
frame 7309 time 3654.5 binding_event at DNA_topoI 47 enzyme topoI with twist -104.77972 superhelical -0.05049 global twist -67.46132 global supercoiling -0.01921
frame 7315 time 3657.5 binding_event at DNA_topoI 31 enzyme topoI with twist -65.19473 superhelical -0.04436 global twist -44.12378 global supercoiling -0.01283
frame 7315 time 3657.5 unbinding_event at DNA_topoI 31 enzyme topoI with twist -59.36034 superhelical -0.04058 global twist -44.12378 global supercoiling -0.01283
frame 7317 time 3658.5 binding_event at gene Raspberry enzyme RNAP with twist -57.41555 superhelical -0.03907 global twist -32.45500 global supercoiling -0.00944
frame 7318 time 3659.0 unbinding_event at DNA_topoI 47 enzyme topoI with twist -60.54103 superhelical -0.02479 global twist -28.56541 global supercoiling -0.00835
frame 7329 time 3664.5 unbinding_event at gene tetA enzyme RNAP with twist 52.17559 superhelical -0.04212 global twist -24.67582 global supercoiling -0.00707
frame 7344 time 3672.0 unbinding_event at gene Raspberry enzyme RNAP with twist -24.67582 superhelical -0.10332 global twist -24.67582 global supercoiling -0.00703
frame 7411 time 3705.5 binding_event at gene Raspberry enzyme RNAP with twist -24.67582 superhelical -0.00699 global twist -24.67582 global supercoiling -0.00699
frame 7438 time 3719.0 unbinding_event at gene Raspberry enzyme RNAP with twist -24.67582 superhelical -0.08371 global twist -24.67582 global supercoiling -0.00703
frame 7475 time 3737.5 binding_event at gene mKalama1 enzyme RNAP with twist -24.67582 superhelical -0.00699 global twist -24.67582 global supercoiling -0.00699
frame 7502 time 3751.0 unbinding_event at gene mKalama1 enzyme RNAP with twist -24.67582 superhelical 0.66280 global twist -24.67582 global supercoiling -0.00703
frame 7517 time 3758.5 binding_event at gene tetA enzyme RNAP with twist -24.67582 superhelical -0.00699 global twist -24.67582 global supercoiling -0.00699
frame 7521 time 3760.5 binding_event at gene tetA enzyme RNAP with twist -26.42194 superhelical -0.01478 global twist -24.67582 global supercoiling -0.00703
frame 7540 time 3770.0 binding_event at DNA_gyrase 47 enzyme gyrase with twist -93.85280 superhelical -0.04562 global twist -24.67582 global supercoiling -0.00707
frame 7544 time 3772.0 unbinding_event at DNA_gyrase 47 enzyme gyrase with twist -125.26872 superhelical -0.05185 global twist -35.44700 global supercoiling -0.01036
frame 7552 time 3776.0 binding_event at DNA_gyrase 17 enzyme gyrase with twist 113.04826 superhelical 0.09688 global twist -38.13979 global supercoiling -0.01092
frame 7553 time 3776.5 unbinding_event at DNA_gyrase 17 enzyme gyrase with twist 114.84345 superhelical 0.11942 global twist -40.83258 global supercoiling -0.01194
frame 7557 time 3778.5 unbinding_event at gene tetA enzyme RNAP with twist 128.41844 superhelical -0.01494 global twist -43.52538 global supercoiling -0.01246
frame 7561 time 3780.5 unbinding_event at gene tetA enzyme RNAP with twist -43.52538 superhelical -0.07597 global twist -43.52538 global supercoiling -0.01240
frame 7604 time 3802.0 binding_event at gene mKalama1 enzyme RNAP with twist -43.52538 superhelical -0.01233 global twist -43.52538 global supercoiling -0.01233
frame 7631 time 3815.5 unbinding_event at gene mKalama1 enzyme RNAP with twist -43.52538 superhelical 0.63879 global twist -43.52538 global supercoiling -0.01240
frame 7640 time 3820.0 binding_event at DNA_gyrase 4 enzyme gyrase with twist -43.52538 superhelical -0.01233 global twist -43.52538 global supercoiling -0.01233
frame 7646 time 3823.0 unbinding_event at DNA_gyrase 4 enzyme gyrase with twist -62.37493 superhelical -0.01736 global twist -59.68214 global supercoiling -0.01726
frame 7659 time 3829.5 binding_event at gene tetA enzyme RNAP with twist -62.37493 superhelical -0.01767 global twist -62.37493 global supercoiling -0.01767
frame 7699 time 3849.5 unbinding_event at gene tetA enzyme RNAP with twist -62.37493 superhelical -0.07246 global twist -62.37493 global supercoiling -0.01776
frame 7718 time 3859.0 binding_event at gene tetA enzyme RNAP with twist -62.37493 superhelical -0.01767 global twist -62.37493 global supercoiling -0.01767
frame 7758 time 3879.0 unbinding_event at gene tetA enzyme RNAP with twist -62.37493 superhelical -0.07246 global twist -62.37493 global supercoiling -0.01776
frame 7810 time 3905.0 binding_event at DNA_topoI 13 enzyme topoI with twist -62.37493 superhelical -0.01767 global twist -62.37493 global supercoiling -0.01767
frame 7822 time 3911.0 unbinding_event at DNA_topoI 13 enzyme topoI with twist -11.81025 superhelical -0.00838 global twist -15.69984 global supercoiling -0.00454
