TORCphysics log file 

General information: 
---------------------------------------------------------------------------------------
Circuit name: Pleu500_58
Size: 6000
Structure: circle
Number of sites: 110
Number of frames: 10000
Simulation time: 2500.0
Simulation timestep: 0.25
Seed: 2551286020743157451
 
Overall simulation information 
---------------------------------------------------------------------------------------
Initial twist: -211.83310
Final twist: -20.04635
Initial superhelical density: -0.06000
Final superhelical density: -0.00574
 
Overall rates 
---------------------------------------------------------------------------------------
site type            site name            #binding events      #unbinding events    binding rates        
 DNA_topoI            DNA_topoI_global                     40.0                 40.0                 0.016 
DNA_gyrase           DNA_gyrase_global                    57.0                 57.0                0.0228 
EXT                  EXT                                   0.0                  0.0                   0.0 
gene                 tetA                                 45.0                 43.0                 0.018 
gene                 CDS                                   0.0                  0.0                   0.0 
origin               ori                                   0.0                  0.0                   0.0 
lacOP                lac1                                  0.0                  0.0                   0.0 
gene                 mKalama1                              8.0                  8.0                0.0032 
lacOP                lac2                                  0.0                  0.0                   0.0 
gene                 Raspberry                             6.0                  6.0                0.0024 
 
Events
---------------------------------------------------------------------------------------
frame 37 time 9.25 binding_event at gene tetA enzyme RNAP with twist -211.83310 superhelical -0.06000 global twist -211.83310 global supercoiling -0.06000
frame 142 time 35.5 binding_event at DNA_topoI 37 enzyme topoI with twist -197.78175 superhelical -0.09042 global twist -211.83310 global supercoiling -0.06033
frame 154 time 38.5 unbinding_event at DNA_topoI 37 enzyme topoI with twist -184.16818 superhelical -0.07667 global twist -188.49556 global supercoiling -0.05480
frame 200 time 50.0 unbinding_event at gene tetA enzyme RNAP with twist -186.55076 superhelical -0.09194 global twist -186.55076 global supercoiling -0.05313
frame 299 time 74.75 binding_event at gene mKalama1 enzyme RNAP with twist -186.55076 superhelical -0.05284 global twist -186.55076 global supercoiling -0.05284
frame 306 time 76.5 binding_event at DNA_topoI 13 enzyme topoI with twist -158.43587 superhelical -0.05472 global twist -186.55076 global supercoiling -0.05313
frame 329 time 82.25 unbinding_event at DNA_topoI 13 enzyme topoI with twist -133.30313 superhelical -0.05236 global twist -141.82047 global supercoiling -0.04123
frame 340 time 85.0 binding_event at DNA_topoI 1 enzyme topoI with twist -142.27911 superhelical -0.04668 global twist -139.87567 global supercoiling -0.03983
frame 341 time 85.25 unbinding_event at DNA_topoI 1 enzyme topoI with twist -140.18471 superhelical -0.04736 global twist -137.93088 global supercoiling -0.04010
frame 366 time 91.5 binding_event at DNA_topoI 13 enzyme topoI with twist -161.72706 superhelical -0.05110 global twist -135.98608 global supercoiling -0.03873
frame 368 time 92.0 unbinding_event at DNA_topoI 13 enzyme topoI with twist -158.58547 superhelical -0.05188 global twist -132.09649 global supercoiling -0.03840
frame 386 time 96.5 binding_event at gene tetA enzyme RNAP with twist -173.84463 superhelical -0.05342 global twist -130.15170 global supercoiling -0.03707
frame 408 time 102.0 unbinding_event at gene mKalama1 enzyme RNAP with twist -54.33221 superhelical 0.41835 global twist -130.15170 global supercoiling -0.03727
frame 465 time 116.25 binding_event at DNA_gyrase 19 enzyme gyrase with twist -25.55400 superhelical -0.01774 global twist -130.15170 global supercoiling -0.03707
frame 476 time 119.0 unbinding_event at DNA_gyrase 19 enzyme gyrase with twist -30.93959 superhelical -0.01681 global twist -144.96206 global supercoiling -0.04215
frame 549 time 137.25 unbinding_event at gene tetA enzyme RNAP with twist -146.30846 superhelical -0.07377 global twist -146.30846 global supercoiling -0.04167
frame 595 time 148.75 binding_event at DNA_topoI 12 enzyme topoI with twist -146.30846 superhelical -0.04144 global twist -146.30846 global supercoiling -0.04144
frame 597 time 149.25 unbinding_event at DNA_topoI 12 enzyme topoI with twist -140.47407 superhelical -0.04116 global twist -142.41887 global supercoiling -0.04118
frame 629 time 157.25 binding_event at DNA_topoI 38 enzyme topoI with twist -140.47407 superhelical -0.03979 global twist -140.47407 global supercoiling -0.03979
frame 634 time 158.5 unbinding_event at DNA_topoI 38 enzyme topoI with twist -128.80530 superhelical -0.03353 global twist -130.75009 global supercoiling -0.03780
frame 669 time 167.25 binding_event at DNA_topoI 45 enzyme topoI with twist -128.80530 superhelical -0.03648 global twist -128.80530 global supercoiling -0.03648
frame 674 time 168.5 unbinding_event at DNA_topoI 45 enzyme topoI with twist -117.13653 superhelical -0.03284 global twist -119.08132 global supercoiling -0.03443
frame 720 time 180.0 binding_event at gene tetA enzyme RNAP with twist -117.13653 superhelical -0.03318 global twist -117.13653 global supercoiling -0.03318
frame 739 time 184.75 binding_event at gene Raspberry enzyme RNAP with twist -74.30514 superhelical -0.04125 global twist -117.13653 global supercoiling -0.03336
frame 785 time 196.25 binding_event at DNA_gyrase 20 enzyme gyrase with twist -1.54189 superhelical -0.00103 global twist -117.13653 global supercoiling -0.03354
frame 791 time 197.75 unbinding_event at DNA_gyrase 20 enzyme gyrase with twist -4.68348 superhelical 0.00037 global twist -125.21491 global supercoiling -0.03661
frame 820 time 205.0 binding_event at DNA_gyrase 13 enzyme gyrase with twist 20.44926 superhelical 0.01519 global twist -126.56130 global supercoiling -0.03624
frame 823 time 205.75 binding_event at gene tetA enzyme RNAP with twist -42.52245 superhelical -0.04169 global twist -130.60049 global supercoiling -0.03818
frame 839 time 209.75 unbinding_event at DNA_gyrase 13 enzyme gyrase with twist 11.47328 superhelical 0.03324 global twist -152.14284 global supercoiling -0.04473
frame 847 time 211.75 unbinding_event at gene Raspberry enzyme RNAP with twist -153.31648 superhelical -0.10357 global twist -153.48924 global supercoiling -0.04419
frame 883 time 220.75 unbinding_event at gene tetA enzyme RNAP with twist 32.14076 superhelical -0.04249 global twist -153.48924 global supercoiling -0.04395
frame 909 time 227.25 binding_event at DNA_gyrase 7 enzyme gyrase with twist 54.58071 superhelical 0.03873 global twist -153.48924 global supercoiling -0.04371
frame 911 time 227.75 unbinding_event at DNA_gyrase 7 enzyme gyrase with twist 53.23431 superhelical 0.06390 global twist -156.18203 global supercoiling -0.04541
frame 977 time 244.25 binding_event at gene tetA enzyme RNAP with twist -269.10661 superhelical -0.11179 global twist -157.52843 global supercoiling -0.04486
frame 986 time 246.5 unbinding_event at gene tetA enzyme RNAP with twist 44.83210 superhelical -0.11268 global twist -157.52843 global supercoiling -0.04511
frame 1001 time 250.25 binding_event at gene Raspberry enzyme RNAP with twist -214.92690 superhelical -0.11784 global twist -157.52843 global supercoiling -0.04486
frame 1007 time 251.75 binding_event at DNA_topoI 41 enzyme topoI with twist -124.13881 superhelical -0.11909 global twist -157.52843 global supercoiling -0.04511
frame 1010 time 252.5 binding_event at gene Raspberry enzyme RNAP with twist -98.86647 superhelical -0.12316 global twist -151.69405 global supercoiling -0.04435
frame 1019 time 254.75 unbinding_event at DNA_topoI 41 enzyme topoI with twist -98.85647 superhelical -0.02997 global twist -134.19089 global supercoiling -0.03945
frame 1037 time 259.25 binding_event at DNA_gyrase 23 enzyme gyrase with twist 89.71200 superhelical 0.05879 global twist -132.24609 global supercoiling -0.03808
frame 1042 time 260.5 unbinding_event at DNA_gyrase 23 enzyme gyrase with twist 87.01920 superhelical 0.06400 global twist -138.97808 global supercoiling -0.04086
frame 1109 time 277.25 unbinding_event at gene Raspberry enzyme RNAP with twist -101.53670 superhelical -0.12617 global twist -140.32447 global supercoiling -0.04040
frame 1118 time 279.5 unbinding_event at gene Raspberry enzyme RNAP with twist -295.56111 superhelical -0.15503 global twist -140.32447 global supercoiling -0.04018
frame 1140 time 285.0 unbinding_event at gene tetA enzyme RNAP with twist -140.32447 superhelical -0.12858 global twist -140.32447 global supercoiling -0.03996
frame 1288 time 322.0 binding_event at DNA_topoI 3 enzyme topoI with twist -140.32447 superhelical -0.03975 global twist -140.32447 global supercoiling -0.03975
frame 1301 time 325.25 unbinding_event at DNA_topoI 3 enzyme topoI with twist -113.09734 superhelical -0.03341 global twist -115.04213 global supercoiling -0.03326
frame 1303 time 325.75 binding_event at gene mKalama1 enzyme RNAP with twist -113.09734 superhelical -0.03203 global twist -113.09734 global supercoiling -0.03203
frame 1362 time 340.5 binding_event at gene tetA enzyme RNAP with twist -145.20160 superhelical -0.04641 global twist -113.09734 global supercoiling -0.03221
frame 1412 time 353.0 unbinding_event at gene mKalama1 enzyme RNAP with twist -75.04825 superhelical 0.50642 global twist -113.09734 global supercoiling -0.03239
frame 1421 time 355.25 binding_event at gene tetA enzyme RNAP with twist -82.22903 superhelical -0.04151 global twist -113.09734 global supercoiling -0.03221
frame 1525 time 381.25 unbinding_event at gene tetA enzyme RNAP with twist 53.08361 superhelical -0.04191 global twist -113.09734 global supercoiling -0.03239
frame 1526 time 381.5 binding_event at DNA_gyrase 14 enzyme gyrase with twist 53.08361 superhelical 0.04009 global twist -113.09734 global supercoiling -0.03221
frame 1529 time 382.25 unbinding_event at DNA_gyrase 14 enzyme gyrase with twist 51.28841 superhelical 0.04595 global twist -117.13653 global supercoiling -0.03406
frame 1536 time 384.0 binding_event at DNA_gyrase 23 enzyme gyrase with twist 56.67400 superhelical 0.04431 global twist -118.48292 global supercoiling -0.03374
frame 1540 time 385.0 unbinding_event at DNA_gyrase 23 enzyme gyrase with twist 54.43000 superhelical 0.04899 global twist -123.86851 global supercoiling -0.03601
frame 1565 time 391.25 binding_event at gene tetA enzyme RNAP with twist -201.18726 superhelical -0.08516 global twist -125.21491 global supercoiling -0.03566
frame 1584 time 396.0 unbinding_event at gene tetA enzyme RNAP with twist 40.08257 superhelical -0.08586 global twist -125.21491 global supercoiling -0.03586
frame 1618 time 404.5 binding_event at gene Raspberry enzyme RNAP with twist -194.91821 superhelical -0.09975 global twist -125.21491 global supercoiling -0.03566
frame 1635 time 408.75 binding_event at DNA_topoI 1 enzyme topoI with twist -118.12037 superhelical -0.10074 global twist -125.21491 global supercoiling -0.03586
frame 1646 time 411.5 unbinding_event at DNA_topoI 1 enzyme topoI with twist -94.78283 superhelical -0.08760 global twist -103.82216 global supercoiling -0.03035
frame 1700 time 425.0 binding_event at DNA_topoI 7 enzyme topoI with twist -94.78283 superhelical -0.08083 global twist -101.87736 global supercoiling -0.02917
frame 1706 time 426.5 binding_event at gene mKalama1 enzyme RNAP with twist -155.78645 superhelical -0.13461 global twist -90.20859 global supercoiling -0.02637
frame 1716 time 429.0 unbinding_event at DNA_topoI 7 enzyme topoI with twist -61.72131 superhelical -0.05989 global twist -70.76063 global supercoiling -0.02080
frame 1726 time 431.5 unbinding_event at gene Raspberry enzyme RNAP with twist -166.58387 superhelical -0.15440 global twist -68.81584 global supercoiling -0.01981
frame 1728 time 432.0 unbinding_event at gene tetA enzyme RNAP with twist -0.83759 superhelical -0.09009 global twist -68.81584 global supercoiling -0.01971
frame 1803 time 450.75 binding_event at gene tetA enzyme RNAP with twist -67.25984 superhelical -0.02039 global twist -68.81584 global supercoiling -0.01960
frame 1815 time 453.75 unbinding_event at gene mKalama1 enzyme RNAP with twist -43.67361 superhelical 0.06576 global twist -68.81584 global supercoiling -0.01971
frame 1830 time 457.5 binding_event at DNA_gyrase 20 enzyme gyrase with twist -12.57586 superhelical -0.00751 global twist -68.81584 global supercoiling -0.01960
frame 1834 time 458.5 unbinding_event at DNA_gyrase 20 enzyme gyrase with twist -14.81986 superhelical -0.00709 global twist -74.20143 global supercoiling -0.02157
frame 1858 time 464.5 binding_event at gene tetA enzyme RNAP with twist -81.37272 superhelical -0.04145 global twist -75.54782 global supercoiling -0.02151
frame 1966 time 491.5 unbinding_event at gene tetA enzyme RNAP with twist 94.13180 superhelical -0.04186 global twist -75.54782 global supercoiling -0.02163
frame 1998 time 499.5 binding_event at DNA_gyrase 24 enzyme gyrase with twist 121.95734 superhelical 0.10452 global twist -75.54782 global supercoiling -0.02151
frame 2000 time 500.0 unbinding_event at DNA_gyrase 24 enzyme gyrase with twist 120.61094 superhelical 0.11348 global twist -78.24062 global supercoiling -0.02275
frame 2021 time 505.25 unbinding_event at gene tetA enzyme RNAP with twist -79.58701 superhelical -0.08933 global twist -79.58701 global supercoiling -0.02267
frame 2031 time 507.75 binding_event at DNA_topoI 8 enzyme topoI with twist -79.58701 superhelical -0.02254 global twist -79.58701 global supercoiling -0.02254
frame 2044 time 511.0 unbinding_event at DNA_topoI 8 enzyme topoI with twist -52.35988 superhelical -0.01699 global twist -54.30467 global supercoiling -0.01570
frame 2064 time 516.0 binding_event at gene tetA enzyme RNAP with twist -52.35988 superhelical -0.01483 global twist -52.35988 global supercoiling -0.01483
frame 2142 time 535.5 binding_event at DNA_topoI 43 enzyme topoI with twist -95.60366 superhelical -0.04627 global twist -52.35988 global supercoiling -0.01491
frame 2148 time 537.0 unbinding_event at DNA_topoI 43 enzyme topoI with twist -88.27328 superhelical -0.04218 global twist -40.69110 global supercoiling -0.01183
frame 2227 time 556.75 unbinding_event at gene tetA enzyme RNAP with twist -38.74631 superhelical -0.06491 global twist -38.74631 global supercoiling -0.01103
frame 2413 time 603.25 binding_event at DNA_gyrase 18 enzyme gyrase with twist -38.74631 superhelical -0.01097 global twist -38.74631 global supercoiling -0.01097
frame 2438 time 609.5 unbinding_event at DNA_gyrase 18 enzyme gyrase with twist -73.75263 superhelical -0.01708 global twist -72.40623 global supercoiling -0.02093
frame 2593 time 648.25 binding_event at DNA_gyrase 37 enzyme gyrase with twist -73.75263 superhelical -0.02089 global twist -73.75263 global supercoiling -0.02089
frame 2593 time 648.25 unbinding_event at DNA_gyrase 37 enzyme gyrase with twist -75.09902 superhelical -0.02222 global twist -73.75263 global supercoiling -0.02089
frame 2651 time 662.75 binding_event at gene tetA enzyme RNAP with twist -75.09902 superhelical -0.02127 global twist -75.09902 global supercoiling -0.02127
frame 2760 time 690.0 binding_event at DNA_gyrase 16 enzyme gyrase with twist 59.44399 superhelical 0.04552 global twist -75.09902 global supercoiling -0.02139
frame 2766 time 691.5 unbinding_event at DNA_gyrase 16 enzyme gyrase with twist 56.30239 superhelical 0.05350 global twist -83.17741 global supercoiling -0.02418
frame 2791 time 697.75 binding_event at DNA_gyrase 21 enzyme gyrase with twist 77.84474 superhelical 0.06671 global twist -84.52380 global supercoiling -0.02407
frame 2791 time 697.75 unbinding_event at DNA_gyrase 21 enzyme gyrase with twist 77.39594 superhelical 0.07175 global twist -84.52380 global supercoiling -0.02407
frame 2814 time 703.5 unbinding_event at gene tetA enzyme RNAP with twist -85.87020 superhelical -0.07500 global twist -85.87020 global supercoiling -0.02445
frame 2817 time 704.25 binding_event at DNA_topoI 13 enzyme topoI with twist -85.87020 superhelical -0.02432 global twist -85.87020 global supercoiling -0.02432
frame 2818 time 704.5 unbinding_event at DNA_topoI 13 enzyme topoI with twist -81.98061 superhelical -0.02408 global twist -83.92540 global supercoiling -0.02426
frame 2988 time 747.0 binding_event at gene tetA enzyme RNAP with twist -81.98061 superhelical -0.02322 global twist -81.98061 global supercoiling -0.02322
frame 3053 time 763.25 binding_event at gene tetA enzyme RNAP with twist -98.41210 superhelical -0.04901 global twist -81.98061 global supercoiling -0.02335
frame 3078 time 769.5 binding_event at gene tetA enzyme RNAP with twist -107.36424 superhelical -0.05872 global twist -81.98061 global supercoiling -0.02347
frame 3082 time 770.5 binding_event at DNA_gyrase 17 enzyme gyrase with twist 42.46183 superhelical 0.03092 global twist -81.98061 global supercoiling -0.02360
frame 3083 time 770.75 unbinding_event at DNA_gyrase 17 enzyme gyrase with twist 41.56423 superhelical 0.03363 global twist -83.32701 global supercoiling -0.02450
frame 3102 time 775.5 binding_event at DNA_topoI 48 enzyme topoI with twist -123.38480 superhelical -0.06765 global twist -84.67340 global supercoiling -0.02438
frame 3120 time 780.0 unbinding_event at DNA_topoI 48 enzyme topoI with twist -103.48804 superhelical -0.05844 global twist -49.66708 global supercoiling -0.01460
frame 3124 time 781.0 binding_event at gene tetA enzyme RNAP with twist -106.18084 superhelical -0.05523 global twist -47.72229 global supercoiling -0.01374
frame 3144 time 786.0 binding_event at DNA_topoI 33 enzyme topoI with twist -113.68495 superhelical -0.06295 global twist -47.72229 global supercoiling -0.01382
frame 3149 time 787.25 unbinding_event at DNA_topoI 33 enzyme topoI with twist -107.40176 superhelical -0.05299 global twist -37.99831 global supercoiling -0.01123
frame 3151 time 787.75 unbinding_event at gene tetA enzyme RNAP with twist 89.11308 superhelical -0.04948 global twist -36.05352 global supercoiling -0.01044
frame 3177 time 794.25 binding_event at gene tetA enzyme RNAP with twist -131.63691 superhelical -0.06737 global twist -36.05352 global supercoiling -0.01038
frame 3216 time 804.0 unbinding_event at gene tetA enzyme RNAP with twist 141.93515 superhelical -0.05934 global twist -36.05352 global supercoiling -0.01044
frame 3238 time 809.5 binding_event at DNA_topoI 46 enzyme topoI with twist -171.51075 superhelical -0.08619 global twist -36.05352 global supercoiling -0.01038
frame 3241 time 810.25 unbinding_event at gene tetA enzyme RNAP with twist 153.92726 superhelical -0.05578 global twist -30.21913 global supercoiling -0.00888
frame 3250 time 812.5 binding_event at DNA_gyrase 17 enzyme gyrase with twist 161.10804 superhelical 0.13101 global twist -12.71597 global supercoiling -0.00372
frame 3253 time 813.25 unbinding_event at DNA_topoI 46 enzyme topoI with twist -154.75559 superhelical -0.07828 global twist -10.92077 global supercoiling -0.00326
frame 3259 time 814.75 unbinding_event at DNA_gyrase 17 enzyme gyrase with twist 156.62005 superhelical 0.15429 global twist -17.05436 global supercoiling -0.00499
frame 3287 time 821.75 unbinding_event at gene tetA enzyme RNAP with twist 166.87316 superhelical -0.06803 global twist -18.40076 global supercoiling -0.00527
frame 3340 time 835.0 unbinding_event at gene tetA enzyme RNAP with twist -18.40076 superhelical -0.09495 global twist -18.40076 global supercoiling -0.00524
frame 3399 time 849.75 binding_event at gene tetA enzyme RNAP with twist -18.40076 superhelical -0.00521 global twist -18.40076 global supercoiling -0.00521
frame 3531 time 882.75 binding_event at DNA_topoI 26 enzyme topoI with twist -127.47634 superhelical -0.05522 global twist -18.40076 global supercoiling -0.00524
frame 3562 time 890.5 unbinding_event at gene tetA enzyme RNAP with twist 14.82629 superhelical -0.05084 global twist 41.88790 global supercoiling 0.01218
frame 3574 time 893.5 unbinding_event at DNA_topoI 26 enzyme topoI with twist 67.17024 superhelical 1.06208 global twist 65.22545 global supercoiling 0.01886
frame 3648 time 912.0 binding_event at DNA_gyrase 1 enzyme gyrase with twist 67.17024 superhelical 0.01903 global twist 67.17024 global supercoiling 0.01903
frame 3650 time 912.5 unbinding_event at DNA_gyrase 1 enzyme gyrase with twist 63.13105 superhelical 0.01827 global twist 64.47745 global supercoiling 0.01864
frame 3668 time 917.0 binding_event at gene tetA enzyme RNAP with twist 63.13105 superhelical 0.01788 global twist 63.13105 global supercoiling 0.01788
frame 3755 time 938.75 binding_event at DNA_gyrase 24 enzyme gyrase with twist 110.36661 superhelical 0.07857 global twist 63.13105 global supercoiling 0.01798
frame 3759 time 939.75 unbinding_event at DNA_gyrase 24 enzyme gyrase with twist 108.12261 superhelical 0.08516 global twist 57.74546 global supercoiling 0.01679
frame 3831 time 957.75 unbinding_event at gene tetA enzyme RNAP with twist 56.39907 superhelical -0.04745 global twist 56.39907 global supercoiling 0.01606
frame 3859 time 964.75 binding_event at gene tetA enzyme RNAP with twist 56.39907 superhelical 0.01597 global twist 56.39907 global supercoiling 0.01597
frame 3876 time 969.0 binding_event at DNA_gyrase 11 enzyme gyrase with twist 44.09304 superhelical 0.02565 global twist 56.39907 global supercoiling 0.01606
frame 3883 time 970.75 unbinding_event at DNA_gyrase 11 enzyme gyrase with twist 40.50265 superhelical 0.03116 global twist 46.97429 global supercoiling 0.01366
frame 3949 time 987.25 binding_event at DNA_gyrase 22 enzyme gyrase with twist 98.84652 superhelical 0.07105 global twist 45.62789 global supercoiling 0.01299
frame 3954 time 988.5 binding_event at DNA_gyrase 10 enzyme gyrase with twist 85.44413 superhelical 0.07745 global twist 38.89591 global supercoiling 0.01131
frame 3956 time 989.0 unbinding_event at DNA_gyrase 22 enzyme gyrase with twist 70.53984 superhelical 0.07773 global twist 33.51032 global supercoiling 0.00995
frame 3957 time 989.25 unbinding_event at DNA_gyrase 10 enzyme gyrase with twist 90.76813 superhelical 0.09352 global twist 30.81753 global supercoiling 0.00896
frame 4022 time 1005.5 unbinding_event at gene tetA enzyme RNAP with twist 29.47113 superhelical -0.04879 global twist 29.47113 global supercoiling 0.00839
frame 4145 time 1036.25 binding_event at DNA_gyrase 12 enzyme gyrase with twist 29.47113 superhelical 0.00835 global twist 29.47113 global supercoiling 0.00835
frame 4153 time 1038.25 unbinding_event at DNA_gyrase 12 enzyme gyrase with twist 17.35356 superhelical 0.00614 global twist 18.69996 global supercoiling 0.00541
frame 4196 time 1049.0 binding_event at DNA_gyrase 8 enzyme gyrase with twist 17.35356 superhelical 0.00492 global twist 17.35356 global supercoiling 0.00492
frame 4200 time 1050.0 unbinding_event at DNA_gyrase 8 enzyme gyrase with twist 10.62158 superhelical 0.00353 global twist 11.96797 global supercoiling 0.00346
frame 4205 time 1051.25 binding_event at gene tetA enzyme RNAP with twist 10.62158 superhelical 0.00301 global twist 10.62158 global supercoiling 0.00301
frame 4206 time 1051.5 binding_event at DNA_gyrase 25 enzyme gyrase with twist 6.32785 superhelical 0.00353 global twist 10.62158 global supercoiling 0.00302
frame 4206 time 1051.5 unbinding_event at DNA_gyrase 25 enzyme gyrase with twist 5.87905 superhelical 0.00373 global twist 10.62158 global supercoiling 0.00302
frame 4289 time 1072.25 binding_event at DNA_topoI 45 enzyme topoI with twist -70.20690 superhelical -0.03354 global twist 9.27518 global supercoiling 0.00264
frame 4294 time 1073.5 binding_event at gene tetA enzyme RNAP with twist -23.77651 superhelical -0.03313 global twist 18.99916 global supercoiling 0.00552
frame 4296 time 1074.0 unbinding_event at DNA_topoI 45 enzyme topoI with twist -48.88716 superhelical -0.02887 global twist 22.88875 global supercoiling 0.00669
frame 4368 time 1092.0 unbinding_event at gene tetA enzyme RNAP with twist 138.34775 superhelical -0.03403 global twist 24.83354 global supercoiling 0.00711
frame 4457 time 1114.25 unbinding_event at gene tetA enzyme RNAP with twist 24.83354 superhelical -0.07887 global twist 24.83354 global supercoiling 0.00707
frame 4504 time 1126.0 binding_event at gene tetA enzyme RNAP with twist 24.83354 superhelical 0.00703 global twist 24.83354 global supercoiling 0.00703
frame 4544 time 1136.0 binding_event at DNA_gyrase 42 enzyme gyrase with twist -23.76646 superhelical -0.01254 global twist 24.83354 global supercoiling 0.00707
frame 4546 time 1136.5 unbinding_event at DNA_gyrase 42 enzyme gyrase with twist -30.49844 superhelical -0.01485 global twist 22.14075 global supercoiling 0.00644
frame 4585 time 1146.25 binding_event at DNA_topoI 32 enzyme topoI with twist -64.60716 superhelical -0.03107 global twist 20.79435 global supercoiling 0.00592
frame 4585 time 1146.25 unbinding_event at DNA_topoI 32 enzyme topoI with twist -63.55997 superhelical -0.02970 global twist 20.79435 global supercoiling 0.00592
frame 4592 time 1148.0 binding_event at DNA_gyrase 17 enzyme gyrase with twist 91.68470 superhelical 0.06548 global twist 22.73915 global supercoiling 0.00648
frame 4596 time 1149.0 unbinding_event at DNA_gyrase 17 enzyme gyrase with twist 89.44071 superhelical 0.07256 global twist 17.35356 global supercoiling 0.00505
frame 4667 time 1166.75 unbinding_event at gene tetA enzyme RNAP with twist 16.00716 superhelical -0.05593 global twist 16.00716 global supercoiling 0.00456
frame 4757 time 1189.25 binding_event at DNA_gyrase 13 enzyme gyrase with twist 16.00716 superhelical 0.00453 global twist 16.00716 global supercoiling 0.00453
frame 4759 time 1189.75 unbinding_event at DNA_gyrase 13 enzyme gyrase with twist 11.96797 superhelical 0.00386 global twist 13.31437 global supercoiling 0.00385
frame 4761 time 1190.25 binding_event at DNA_gyrase 37 enzyme gyrase with twist 11.96797 superhelical 0.00339 global twist 11.96797 global supercoiling 0.00339
frame 4762 time 1190.5 unbinding_event at DNA_gyrase 37 enzyme gyrase with twist 9.27518 superhelical 0.00167 global twist 10.62158 global supercoiling 0.00307
frame 4775 time 1193.75 binding_event at DNA_gyrase 24 enzyme gyrase with twist 9.27518 superhelical 0.00263 global twist 9.27518 global supercoiling 0.00263
frame 4775 time 1193.75 unbinding_event at DNA_gyrase 24 enzyme gyrase with twist 7.92878 superhelical 0.00248 global twist 9.27518 global supercoiling 0.00263
frame 4913 time 1228.25 binding_event at gene tetA enzyme RNAP with twist 7.92878 superhelical 0.00225 global twist 7.92878 global supercoiling 0.00225
frame 4931 time 1232.75 binding_event at DNA_gyrase 4 enzyme gyrase with twist 20.21033 superhelical 0.01179 global twist 7.92878 global supercoiling 0.00226
frame 4947 time 1236.75 unbinding_event at DNA_gyrase 4 enzyme gyrase with twist 12.58075 superhelical 0.07181 global twist -13.61357 global supercoiling -0.00396
frame 4999 time 1249.75 binding_event at DNA_gyrase 13 enzyme gyrase with twist 58.35824 superhelical 0.04141 global twist -14.95997 global supercoiling -0.00426
frame 4999 time 1249.75 unbinding_event at DNA_gyrase 13 enzyme gyrase with twist 57.90944 superhelical 0.04449 global twist -14.95997 global supercoiling -0.00426
frame 5031 time 1257.75 binding_event at DNA_gyrase 27 enzyme gyrase with twist -102.04134 superhelical -0.04544 global twist -16.30636 global supercoiling -0.00464
frame 5035 time 1258.75 unbinding_event at DNA_gyrase 27 enzyme gyrase with twist -113.26131 superhelical -0.14738 global twist -21.69195 global supercoiling -0.00631
frame 5047 time 1261.75 binding_event at gene tetA enzyme RNAP with twist -123.13489 superhelical -0.05313 global twist -23.03835 global supercoiling -0.00656
frame 5076 time 1269.0 unbinding_event at gene tetA enzyme RNAP with twist 95.83202 superhelical -0.05357 global twist -23.03835 global supercoiling -0.00660
frame 5110 time 1277.5 binding_event at DNA_topoI 47 enzyme topoI with twist -148.49110 superhelical -0.07428 global twist -23.03835 global supercoiling -0.00656
frame 5120 time 1280.0 unbinding_event at DNA_topoI 47 enzyme topoI with twist -136.97192 superhelical -0.06977 global twist -3.59039 global supercoiling -0.00104
frame 5151 time 1287.75 binding_event at DNA_gyrase 2 enzyme gyrase with twist -163.89986 superhelical -0.07508 global twist -1.64560 global supercoiling -0.00047
frame 5170 time 1292.5 unbinding_event at DNA_gyrase 2 enzyme gyrase with twist -208.77976 superhelical -0.08500 global twist -27.22714 global supercoiling -0.00792
frame 5205 time 1301.25 binding_event at gene tetA enzyme RNAP with twist -239.29808 superhelical -0.09867 global twist -28.57353 global supercoiling -0.00814
frame 5210 time 1302.5 unbinding_event at gene tetA enzyme RNAP with twist 147.49271 superhelical -0.09945 global twist -28.57353 global supercoiling -0.00818
frame 5223 time 1305.75 binding_event at DNA_topoI 26 enzyme topoI with twist -186.83741 superhelical -0.10397 global twist -28.57353 global supercoiling -0.00814
frame 5227 time 1306.75 unbinding_event at DNA_topoI 26 enzyme topoI with twist -181.60143 superhelical 0.02326 global twist -20.79435 global supercoiling -0.00605
frame 5232 time 1308.0 binding_event at DNA_gyrase 7 enzyme gyrase with twist 166.34226 superhelical 0.09937 global twist -18.84956 global supercoiling -0.00537
frame 5233 time 1308.25 binding_event at DNA_gyrase 21 enzyme gyrase with twist 131.28234 superhelical 0.10329 global twist -20.19595 global supercoiling -0.00587
frame 5245 time 1311.25 unbinding_event at DNA_gyrase 7 enzyme gyrase with twist 122.22099 superhelical 0.13983 global twist -52.50948 global supercoiling -0.01559
frame 5245 time 1311.25 unbinding_event at DNA_gyrase 21 enzyme gyrase with twist 142.55592 superhelical 0.13983 global twist -52.50948 global supercoiling -0.01559
frame 5248 time 1312.0 binding_event at gene mKalama1 enzyme RNAP with twist -199.55339 superhelical -0.10452 global twist -55.20227 global supercoiling -0.01572
frame 5262 time 1315.5 binding_event at DNA_gyrase 25 enzyme gyrase with twist 156.91748 superhelical 0.10194 global twist -55.20227 global supercoiling -0.01581
frame 5264 time 1316.0 unbinding_event at DNA_gyrase 25 enzyme gyrase with twist 155.57109 superhelical 0.10528 global twist -57.89506 global supercoiling -0.01693
frame 5275 time 1318.75 binding_event at gene Raspberry enzyme RNAP with twist -179.66313 superhelical -0.12099 global twist -59.24146 global supercoiling -0.01696
frame 5305 time 1326.25 binding_event at gene mKalama1 enzyme RNAP with twist -80.44411 superhelical -0.16546 global twist -59.24146 global supercoiling -0.01706
frame 5320 time 1330.0 binding_event at gene Raspberry enzyme RNAP with twist -66.60889 superhelical -0.18248 global twist -59.24146 global supercoiling -0.01715
frame 5345 time 1336.25 binding_event at DNA_gyrase 26 enzyme gyrase with twist 18.70646 superhelical 0.08818 global twist -59.24146 global supercoiling -0.01725
frame 5346 time 1336.5 unbinding_event at DNA_gyrase 26 enzyme gyrase with twist 17.80886 superhelical 0.05108 global twist -60.58786 global supercoiling -0.01802
frame 5357 time 1339.25 unbinding_event at gene mKalama1 enzyme RNAP with twist -13.08072 superhelical 0.18000 global twist -61.93426 global supercoiling -0.01803
frame 5368 time 1342.0 unbinding_event at gene tetA enzyme RNAP with twist 95.84637 superhelical -0.12257 global twist -61.93426 global supercoiling -0.01793
frame 5383 time 1345.75 unbinding_event at gene Raspberry enzyme RNAP with twist 74.10443 superhelical -0.19258 global twist -61.93426 global supercoiling -0.01783
frame 5387 time 1346.75 binding_event at gene tetA enzyme RNAP with twist 76.79723 superhelical 0.03137 global twist -61.93426 global supercoiling -0.01773
frame 5414 time 1353.5 unbinding_event at gene mKalama1 enzyme RNAP with twist -163.86422 superhelical 0.24763 global twist -61.93426 global supercoiling -0.01783
frame 5420 time 1355.0 binding_event at gene tetA enzyme RNAP with twist 20.04352 superhelical 0.03161 global twist -61.93426 global supercoiling -0.01773
frame 5428 time 1357.0 unbinding_event at gene Raspberry enzyme RNAP with twist -160.59085 superhelical -0.14097 global twist -61.93426 global supercoiling -0.01783
frame 5532 time 1383.0 binding_event at DNA_gyrase 13 enzyme gyrase with twist 186.90540 superhelical 0.16332 global twist -61.93426 global supercoiling -0.01773
frame 5537 time 1384.25 unbinding_event at DNA_gyrase 13 enzyme gyrase with twist 184.21261 superhelical 0.20363 global twist -68.66624 global supercoiling -0.02008
frame 5550 time 1387.5 unbinding_event at gene tetA enzyme RNAP with twist 200.08516 superhelical 0.03260 global twist -70.01264 global supercoiling -0.02005
frame 5583 time 1395.75 unbinding_event at gene tetA enzyme RNAP with twist -70.01264 superhelical -0.12222 global twist -70.01264 global supercoiling -0.01994
frame 5648 time 1412.0 binding_event at DNA_gyrase 39 enzyme gyrase with twist -70.01264 superhelical -0.01983 global twist -70.01264 global supercoiling -0.01983
frame 5648 time 1412.0 unbinding_event at DNA_gyrase 39 enzyme gyrase with twist -71.35903 superhelical -0.02099 global twist -70.01264 global supercoiling -0.01983
frame 5686 time 1421.5 binding_event at DNA_gyrase 30 enzyme gyrase with twist -71.35903 superhelical -0.02021 global twist -71.35903 global supercoiling -0.02021
frame 5692 time 1423.0 unbinding_event at DNA_gyrase 30 enzyme gyrase with twist -80.78381 superhelical -0.03956 global twist -79.43741 global supercoiling -0.02297
frame 5736 time 1434.0 binding_event at DNA_topoI 48 enzyme topoI with twist -80.78381 superhelical -0.02288 global twist -80.78381 global supercoiling -0.02288
frame 5741 time 1435.25 unbinding_event at DNA_topoI 48 enzyme topoI with twist -69.11504 superhelical -0.01957 global twist -71.05983 global supercoiling -0.02054
frame 5881 time 1470.25 binding_event at gene mKalama1 enzyme RNAP with twist -69.11504 superhelical -0.01958 global twist -69.11504 global supercoiling -0.01958
frame 5990 time 1497.5 unbinding_event at gene mKalama1 enzyme RNAP with twist -69.11504 superhelical 0.55916 global twist -69.11504 global supercoiling -0.01968
frame 6158 time 1539.5 binding_event at gene tetA enzyme RNAP with twist -69.11504 superhelical -0.01958 global twist -69.11504 global supercoiling -0.01958
frame 6160 time 1540.0 binding_event at gene tetA enzyme RNAP with twist -35.57535 superhelical -0.02062 global twist -69.11504 global supercoiling -0.01968
frame 6201 time 1550.25 binding_event at DNA_topoI 34 enzyme topoI with twist -72.16723 superhelical -0.03798 global twist -69.11504 global supercoiling -0.01979
frame 6209 time 1552.25 unbinding_event at DNA_topoI 34 enzyme topoI with twist -62.74245 superhelical -0.02315 global twist -53.55667 global supercoiling -0.01566
frame 6230 time 1557.5 binding_event at DNA_gyrase 42 enzyme gyrase with twist -80.69441 superhelical -0.03974 global twist -51.61188 global supercoiling -0.01478
frame 6237 time 1559.25 unbinding_event at DNA_gyrase 42 enzyme gyrase with twist -98.64637 superhelical -0.04605 global twist -61.03666 global supercoiling -0.01784
frame 6271 time 1567.75 binding_event at gene tetA enzyme RNAP with twist -128.26710 superhelical -0.05792 global twist -62.38305 global supercoiling -0.01786
frame 6321 time 1580.25 unbinding_event at gene tetA enzyme RNAP with twist 111.66154 superhelical -0.02061 global twist -62.38305 global supercoiling -0.01796
frame 6323 time 1580.75 unbinding_event at gene tetA enzyme RNAP with twist 85.46769 superhelical -0.05843 global twist -62.38305 global supercoiling -0.01786
frame 6352 time 1588.0 binding_event at gene tetA enzyme RNAP with twist -172.98349 superhelical -0.08318 global twist -62.38305 global supercoiling -0.01777
frame 6380 time 1595.0 binding_event at DNA_topoI 48 enzyme topoI with twist -169.20611 superhelical -0.09187 global twist -62.38305 global supercoiling -0.01786
frame 6388 time 1597.0 unbinding_event at DNA_topoI 48 enzyme topoI with twist -159.78133 superhelical -0.08992 global twist -46.82469 global supercoiling -0.01369
frame 6434 time 1608.5 unbinding_event at gene tetA enzyme RNAP with twist 156.19094 superhelical -0.08395 global twist -44.87990 global supercoiling -0.01285
frame 6496 time 1624.0 binding_event at DNA_gyrase 21 enzyme gyrase with twist 210.94441 superhelical 0.18360 global twist -44.87990 global supercoiling -0.01278
frame 6499 time 1624.75 unbinding_event at DNA_gyrase 21 enzyme gyrase with twist 209.14921 superhelical 0.20140 global twist -48.91909 global supercoiling -0.01422
frame 6515 time 1628.75 unbinding_event at gene tetA enzyme RNAP with twist -50.26548 superhelical -0.11164 global twist -50.26548 global supercoiling -0.01431
frame 6804 time 1701.0 binding_event at DNA_gyrase 31 enzyme gyrase with twist -50.26548 superhelical -0.01424 global twist -50.26548 global supercoiling -0.01424
frame 6818 time 1704.5 unbinding_event at DNA_gyrase 31 enzyme gyrase with twist -70.46144 superhelical -0.04602 global twist -69.11504 global supercoiling -0.01998
frame 6866 time 1716.5 binding_event at DNA_gyrase 18 enzyme gyrase with twist -70.46144 superhelical -0.01996 global twist -70.46144 global supercoiling -0.01996
frame 6889 time 1722.25 unbinding_event at DNA_gyrase 18 enzyme gyrase with twist -102.77496 superhelical -0.02580 global twist -101.42856 global supercoiling -0.02933
frame 7101 time 1775.25 binding_event at DNA_topoI 40 enzyme topoI with twist -102.77496 superhelical -0.02911 global twist -102.77496 global supercoiling -0.02911
frame 7106 time 1776.5 unbinding_event at DNA_topoI 40 enzyme topoI with twist -91.10619 superhelical -0.02368 global twist -93.05098 global supercoiling -0.02690
frame 7428 time 1857.0 binding_event at gene tetA enzyme RNAP with twist -91.10619 superhelical -0.02581 global twist -91.10619 global supercoiling -0.02581
frame 7489 time 1872.25 binding_event at DNA_gyrase 9 enzyme gyrase with twist 8.17567 superhelical 0.00537 global twist -91.10619 global supercoiling -0.02595
frame 7490 time 1872.5 unbinding_event at DNA_gyrase 9 enzyme gyrase with twist 7.27807 superhelical 0.00723 global twist -92.45258 global supercoiling -0.02688
frame 7501 time 1875.25 binding_event at DNA_gyrase 23 enzyme gyrase with twist 16.25405 superhelical 0.01108 global twist -93.79898 global supercoiling -0.02671
frame 7510 time 1877.5 unbinding_event at DNA_gyrase 23 enzyme gyrase with twist 11.76606 superhelical 0.01390 global twist -105.91655 global supercoiling -0.03079
frame 7545 time 1886.25 binding_event at DNA_topoI 36 enzyme topoI with twist -149.54734 superhelical -0.06672 global twist -107.26295 global supercoiling -0.03055
frame 7552 time 1888.0 unbinding_event at DNA_topoI 36 enzyme topoI with twist -141.16976 superhelical -0.05749 global twist -93.64938 global supercoiling -0.02723
frame 7591 time 1897.75 unbinding_event at gene tetA enzyme RNAP with twist -91.70459 superhelical -0.07184 global twist -91.70459 global supercoiling -0.02612
frame 7625 time 1906.25 binding_event at DNA_topoI 44 enzyme topoI with twist -91.70459 superhelical -0.02597 global twist -91.70459 global supercoiling -0.02597
frame 7632 time 1908.0 unbinding_event at DNA_topoI 44 enzyme topoI with twist -76.14622 superhelical -0.02031 global twist -78.09102 global supercoiling -0.02258
frame 7638 time 1909.5 binding_event at gene tetA enzyme RNAP with twist -76.14622 superhelical -0.02157 global twist -76.14622 global supercoiling -0.02157
frame 7696 time 1924.0 binding_event at DNA_gyrase 15 enzyme gyrase with twist 13.13112 superhelical 0.00856 global twist -76.14622 global supercoiling -0.02169
frame 7703 time 1925.75 unbinding_event at DNA_gyrase 15 enzyme gyrase with twist 9.54073 superhelical 0.01187 global twist -85.57100 global supercoiling -0.02488
frame 7721 time 1930.25 binding_event at gene tetA enzyme RNAP with twist -111.71729 superhelical -0.05349 global twist -86.91740 global supercoiling -0.02475
frame 7779 time 1944.75 binding_event at DNA_gyrase 24 enzyme gyrase with twist 76.86057 superhelical 0.06612 global twist -86.91740 global supercoiling -0.02489
frame 7785 time 1946.25 unbinding_event at DNA_gyrase 24 enzyme gyrase with twist 73.71898 superhelical 0.07423 global twist -94.99578 global supercoiling -0.02777
frame 7801 time 1950.25 unbinding_event at gene tetA enzyme RNAP with twist 69.00607 superhelical -0.05398 global twist -96.34217 global supercoiling -0.02759
frame 7884 time 1971.0 unbinding_event at gene tetA enzyme RNAP with twist -96.34217 superhelical -0.09781 global twist -96.34217 global supercoiling -0.02744
frame 7906 time 1976.5 binding_event at gene tetA enzyme RNAP with twist -96.34217 superhelical -0.02729 global twist -96.34217 global supercoiling -0.02729
frame 7932 time 1983.0 binding_event at DNA_topoI 40 enzyme topoI with twist -70.42503 superhelical -0.03842 global twist -96.34217 global supercoiling -0.02744
frame 7939 time 1984.75 unbinding_event at DNA_topoI 40 enzyme topoI with twist -62.04745 superhelical -0.03194 global twist -82.72861 global supercoiling -0.02405
frame 7983 time 1995.75 binding_event at DNA_topoI 3 enzyme topoI with twist -100.64416 superhelical -0.04881 global twist -80.78381 global supercoiling -0.02301
frame 7991 time 1997.75 binding_event at DNA_gyrase 11 enzyme gyrase with twist 27.04113 superhelical 0.01913 global twist -65.22545 global supercoiling -0.01896
frame 7993 time 1998.25 unbinding_event at DNA_gyrase 11 enzyme gyrase with twist 25.69473 superhelical 0.02289 global twist -64.02865 global supercoiling -0.01901
frame 7994 time 1998.5 unbinding_event at DNA_topoI 3 enzyme topoI with twist -88.07779 superhelical -0.04444 global twist -63.43025 global supercoiling -0.01844
frame 8006 time 2001.5 binding_event at DNA_gyrase 18 enzyme gyrase with twist 36.46591 superhelical 0.02708 global twist -61.48546 global supercoiling -0.01751
frame 8018 time 2004.5 binding_event at DNA_topoI 49 enzyme topoI with twist -108.72254 superhelical -0.04900 global twist -77.64222 global supercoiling -0.02257
frame 8026 time 2006.5 unbinding_event at DNA_gyrase 18 enzyme gyrase with twist 27.04113 superhelical 0.03921 global twist -72.85503 global supercoiling -0.02163
frame 8026 time 2006.5 unbinding_event at DNA_topoI 49 enzyme topoI with twist -99.29776 superhelical -0.04521 global twist -72.85503 global supercoiling -0.02163
frame 8069 time 2017.25 unbinding_event at gene tetA enzyme RNAP with twist -72.25663 superhelical -0.05623 global twist -72.25663 global supercoiling -0.02058
frame 8161 time 2040.25 binding_event at gene tetA enzyme RNAP with twist -72.25663 superhelical -0.02047 global twist -72.25663 global supercoiling -0.02047
frame 8191 time 2047.75 binding_event at gene tetA enzyme RNAP with twist -62.24355 superhelical -0.03363 global twist -72.25663 global supercoiling -0.02058
frame 8324 time 2081.0 unbinding_event at gene tetA enzyme RNAP with twist 106.34050 superhelical -0.03398 global twist -72.25663 global supercoiling -0.02069
frame 8354 time 2088.5 unbinding_event at gene tetA enzyme RNAP with twist -72.25663 superhelical -0.08381 global twist -72.25663 global supercoiling -0.02058
frame 8422 time 2105.5 binding_event at DNA_gyrase 20 enzyme gyrase with twist -72.25663 superhelical -0.02047 global twist -72.25663 global supercoiling -0.02047
frame 8425 time 2106.25 binding_event at gene mKalama1 enzyme RNAP with twist -67.22558 superhelical -0.02154 global twist -76.29582 global supercoiling -0.02206
frame 8431 time 2107.75 unbinding_event at DNA_gyrase 20 enzyme gyrase with twist -77.97252 superhelical -0.02582 global twist -84.37420 global supercoiling -0.02453
frame 8452 time 2113.0 binding_event at DNA_topoI 40 enzyme topoI with twist -95.92448 superhelical -0.03213 global twist -85.72060 global supercoiling -0.02441
frame 8454 time 2113.5 unbinding_event at DNA_topoI 40 enzyme topoI with twist -92.78289 superhelical -0.03139 global twist -81.83101 global supercoiling -0.02379
frame 8501 time 2125.25 binding_event at DNA_gyrase 26 enzyme gyrase with twist 54.18618 superhelical 0.17686 global twist -79.88621 global supercoiling -0.02275
frame 8504 time 2126.0 unbinding_event at DNA_gyrase 26 enzyme gyrase with twist 52.39098 superhelical 0.10383 global twist -83.92540 global supercoiling -0.02440
frame 8534 time 2133.5 unbinding_event at gene mKalama1 enzyme RNAP with twist -85.27180 superhelical 0.51577 global twist -85.27180 global supercoiling -0.02428
frame 8540 time 2135.0 binding_event at gene tetA enzyme RNAP with twist -85.27180 superhelical -0.02415 global twist -85.27180 global supercoiling -0.02415
frame 8652 time 2163.0 binding_event at gene tetA enzyme RNAP with twist -142.20778 superhelical -0.06409 global twist -85.27180 global supercoiling -0.02428
frame 8703 time 2175.75 unbinding_event at gene tetA enzyme RNAP with twist 72.35321 superhelical -0.06465 global twist -85.27180 global supercoiling -0.02442
frame 8706 time 2176.5 binding_event at DNA_topoI 26 enzyme topoI with twist -159.42021 superhelical -0.08140 global twist -85.27180 global supercoiling -0.02428
frame 8708 time 2177.0 unbinding_event at DNA_topoI 26 enzyme topoI with twist -156.27861 superhelical -0.00503 global twist -81.38221 global supercoiling -0.02366
frame 8815 time 2203.75 unbinding_event at gene tetA enzyme RNAP with twist -79.43741 superhelical -0.10289 global twist -79.43741 global supercoiling -0.02262
frame 9349 time 2337.25 binding_event at DNA_gyrase 25 enzyme gyrase with twist -79.43741 superhelical -0.02250 global twist -79.43741 global supercoiling -0.02250
frame 9356 time 2339.0 unbinding_event at DNA_gyrase 25 enzyme gyrase with twist -90.20859 superhelical -0.02423 global twist -88.86219 global supercoiling -0.02569
frame 9411 time 2352.75 binding_event at gene tetA enzyme RNAP with twist -90.20859 superhelical -0.02555 global twist -90.20859 global supercoiling -0.02555
frame 9454 time 2363.5 binding_event at gene tetA enzyme RNAP with twist -82.68639 superhelical -0.04331 global twist -90.20859 global supercoiling -0.02569
frame 9523 time 2380.75 binding_event at DNA_topoI 42 enzyme topoI with twist -137.01564 superhelical -0.06763 global twist -90.20859 global supercoiling -0.02583
frame 9524 time 2381.0 unbinding_event at DNA_topoI 42 enzyme topoI with twist -134.92125 superhelical -0.06837 global twist -88.26379 global supercoiling -0.02580
frame 9533 time 2383.25 binding_event at DNA_topoI 41 enzyme topoI with twist -142.10203 superhelical -0.06862 global twist -86.31900 global supercoiling -0.02472
frame 9534 time 2383.5 unbinding_event at DNA_topoI 41 enzyme topoI with twist -140.00764 superhelical -0.06922 global twist -84.37420 global supercoiling -0.02467
frame 9537 time 2384.25 binding_event at DNA_topoI 47 enzyme topoI with twist -141.80283 superhelical -0.06789 global twist -82.42941 global supercoiling -0.02360
frame 9538 time 2384.5 unbinding_event at DNA_topoI 47 enzyme topoI with twist -139.70844 superhelical -0.06898 global twist -80.48461 global supercoiling -0.02353
frame 9548 time 2387.0 binding_event at gene tetA enzyme RNAP with twist -147.78682 superhelical -0.06912 global twist -78.53982 global supercoiling -0.02249
frame 9552 time 2388.0 binding_event at DNA_topoI 1 enzyme topoI with twist -28.08826 superhelical -0.06975 global twist -78.53982 global supercoiling -0.02261
frame 9567 time 2391.75 unbinding_event at DNA_topoI 1 enzyme topoI with twist -6.84511 superhelical 1.04732 global twist -49.36788 global supercoiling -0.01451
frame 9574 time 2393.5 unbinding_event at gene tetA enzyme RNAP with twist 93.48214 superhelical -0.04375 global twist -47.42309 global supercoiling -0.01365
frame 9610 time 2402.5 binding_event at DNA_gyrase 20 enzyme gyrase with twist 124.89807 superhelical 0.11405 global twist -47.42309 global supercoiling -0.01358
frame 9611 time 2402.75 unbinding_event at DNA_gyrase 20 enzyme gyrase with twist 124.00047 superhelical 0.12434 global twist -48.76949 global supercoiling -0.01426
frame 9613 time 2403.25 binding_event at DNA_gyrase 17 enzyme gyrase with twist 124.89807 superhelical 0.11547 global twist -50.11588 global supercoiling -0.01435
frame 9617 time 2404.25 unbinding_event at gene tetA enzyme RNAP with twist 50.78633 superhelical -0.01514 global twist -55.50147 global supercoiling -0.01623
frame 9617 time 2404.25 unbinding_event at DNA_gyrase 17 enzyme gyrase with twist 115.80897 superhelical -0.01514 global twist -55.50147 global supercoiling -0.01623
frame 9627 time 2406.75 binding_event at DNA_topoI 3 enzyme topoI with twist -180.73521 superhelical -0.08941 global twist -56.84787 global supercoiling -0.01619
frame 9628 time 2407.0 unbinding_event at DNA_topoI 3 enzyme topoI with twist -178.64082 superhelical -0.09168 global twist -54.90307 global supercoiling -0.01596
frame 9642 time 2410.5 binding_event at DNA_gyrase 19 enzyme gyrase with twist 137.35132 superhelical 0.09654 global twist -52.95828 global supercoiling -0.01508
frame 9647 time 2411.75 unbinding_event at DNA_gyrase 19 enzyme gyrase with twist 134.65852 superhelical 0.10614 global twist -59.69026 global supercoiling -0.01735
frame 9655 time 2413.75 binding_event at DNA_topoI 4 enzyme topoI with twist -201.97836 superhelical -0.09407 global twist -61.03666 global supercoiling -0.01738
frame 9658 time 2414.5 unbinding_event at DNA_topoI 4 enzyme topoI with twist -197.78957 superhelical -0.09536 global twist -55.20227 global supercoiling -0.01605
frame 9714 time 2428.5 binding_event at DNA_topoI 7 enzyme topoI with twist -247.15746 superhelical -0.10248 global twist -53.25748 global supercoiling -0.01517
frame 9722 time 2430.5 unbinding_event at gene tetA enzyme RNAP with twist 186.56626 superhelical -0.07999 global twist -37.69911 global supercoiling -0.01096
frame 9731 time 2432.75 binding_event at gene mKalama1 enzyme RNAP with twist -214.54140 superhelical -0.09807 global twist -20.19595 global supercoiling -0.00584
frame 9737 time 2434.25 binding_event at DNA_gyrase 10 enzyme gyrase with twist 200.17983 superhelical 0.15750 global twist -8.52718 global supercoiling -0.00248
frame 9741 time 2435.25 unbinding_event at DNA_gyrase 10 enzyme gyrase with twist 198.30983 superhelical 0.17735 global twist -6.13359 global supercoiling -0.00182
frame 9755 time 2438.75 unbinding_event at DNA_topoI 7 enzyme topoI with twist 63.30658 superhelical -0.09099 global twist 19.74715 global supercoiling 0.00574
frame 9767 time 2441.75 binding_event at DNA_gyrase 4 enzyme gyrase with twist 53.43300 superhelical 0.01766 global twist 21.69195 global supercoiling 0.00618
frame 9797 time 2449.25 unbinding_event at DNA_gyrase 4 enzyme gyrase with twist -16.13083 superhelical -0.01379 global twist -18.69996 global supercoiling -0.00544
frame 9840 time 2460.0 unbinding_event at gene mKalama1 enzyme RNAP with twist -20.04635 superhelical 0.22551 global twist -20.04635 global supercoiling -0.00571
frame 9891 time 2472.75 binding_event at gene tetA enzyme RNAP with twist -20.04635 superhelical -0.00568 global twist -20.04635 global supercoiling -0.00568
frame 9938 time 2484.5 binding_event at gene tetA enzyme RNAP with twist -51.98481 superhelical -0.02698 global twist -20.04635 global supercoiling -0.00571
