TORCphysics log file 

General information: 
---------------------------------------------------------------------------------------
Circuit name: Pleu500_12
Size: 6000
Structure: circle
Number of sites: 110
Number of frames: 8000
Simulation time: 4000.0
Simulation timestep: 0.5
Seed: 6613084731543168425
 
Overall simulation information 
---------------------------------------------------------------------------------------
Initial twist: -211.83310
Final twist: -82.27981
Initial superhelical density: -0.06000
Final superhelical density: -0.02331
 
Overall rates 
---------------------------------------------------------------------------------------
site type            site name            #binding events      #unbinding events    binding rates        
 DNA_topoI            DNA_topoI_global                     59.0                 59.0               0.01475 
DNA_gyrase           DNA_gyrase_global                    74.0                 74.0                0.0185 
EXT                  EXT                                   0.0                  0.0                   0.0 
gene                 tetA                                 70.0                 70.0                0.0175 
gene                 CDS                                   1.0                  1.0               0.00025 
origin               ori                                   0.0                  0.0                   0.0 
lacOP                lac1                                  0.0                  0.0                   0.0 
gene                 mKalama1                              3.0                  3.0               0.00075 
lacOP                lac2                                  0.0                  0.0                   0.0 
gene                 Raspberry                             9.0                  9.0               0.00225 
 
Events
---------------------------------------------------------------------------------------
frame 48 time 24.0 binding_event at DNA_topoI 48 enzyme topoI with twist -211.83310 superhelical -0.06000 global twist -211.83310 global supercoiling -0.06000
frame 52 time 26.0 unbinding_event at DNA_topoI 48 enzyme topoI with twist -192.38515 superhelical -0.05494 global twist -196.27474 global supercoiling -0.05675
frame 62 time 31.0 binding_event at DNA_topoI 30 enzyme topoI with twist -192.38515 superhelical -0.05449 global twist -192.38515 global supercoiling -0.05449
frame 62 time 31.0 unbinding_event at DNA_topoI 30 enzyme topoI with twist -188.49556 superhelical -0.04781 global twist -192.38515 global supercoiling -0.05449
frame 91 time 45.5 binding_event at DNA_topoI 45 enzyme topoI with twist -188.49556 superhelical -0.05339 global twist -188.49556 global supercoiling -0.05339
frame 92 time 46.0 binding_event at DNA_topoI 39 enzyme topoI with twist -70.32271 superhelical -0.05303 global twist -184.60597 global supercoiling -0.05337
frame 93 time 46.5 unbinding_event at DNA_topoI 39 enzyme topoI with twist -58.65393 superhelical -0.05172 global twist -176.82679 global supercoiling -0.05221
frame 97 time 48.5 binding_event at gene tetA enzyme RNAP with twist -104.55928 superhelical -0.04903 global twist -157.37883 global supercoiling -0.04550
frame 97 time 48.5 unbinding_event at DNA_topoI 45 enzyme topoI with twist -68.26937 superhelical -0.03837 global twist -157.37883 global supercoiling -0.04550
frame 110 time 55.0 binding_event at DNA_topoI 12 enzyme topoI with twist -42.13517 superhelical -0.02698 global twist -153.48924 global supercoiling -0.04371
frame 112 time 56.0 unbinding_event at DNA_topoI 12 enzyme topoI with twist -19.69523 superhelical 0.00049 global twist -145.71006 global supercoiling -0.04236
frame 127 time 63.5 binding_event at DNA_topoI 4 enzyme topoI with twist -172.39072 superhelical -0.07646 global twist -141.82047 global supercoiling -0.04039
frame 127 time 63.5 unbinding_event at DNA_topoI 4 enzyme topoI with twist -172.09153 superhelical -0.07799 global twist -141.82047 global supercoiling -0.04039
frame 137 time 68.5 unbinding_event at gene tetA enzyme RNAP with twist -137.93088 superhelical -0.08482 global twist -137.93088 global supercoiling -0.03928
frame 189 time 94.5 binding_event at gene tetA enzyme RNAP with twist -137.93088 superhelical -0.03907 global twist -137.93088 global supercoiling -0.03907
frame 213 time 106.5 binding_event at DNA_topoI 33 enzyme topoI with twist -153.58347 superhelical -0.07153 global twist -137.93088 global supercoiling -0.03928
frame 216 time 108.0 unbinding_event at DNA_topoI 33 enzyme topoI with twist -152.38667 superhelical -0.05725 global twist -126.26210 global supercoiling -0.03671
frame 229 time 114.5 binding_event at DNA_topoI 8 enzyme topoI with twist -195.47137 superhelical -0.08030 global twist -122.37251 global supercoiling -0.03485
frame 229 time 114.5 unbinding_event at gene tetA enzyme RNAP with twist 66.52767 superhelical -0.08407 global twist -122.37251 global supercoiling -0.03485
frame 234 time 117.0 unbinding_event at DNA_topoI 8 enzyme topoI with twist -99.03497 superhelical -0.07758 global twist -102.92456 global supercoiling -0.02976
frame 279 time 139.5 binding_event at DNA_gyrase 3 enzyme gyrase with twist -99.03497 superhelical -0.02805 global twist -99.03497 global supercoiling -0.02805
frame 286 time 143.0 binding_event at gene tetA enzyme RNAP with twist -63.84261 superhelical -0.03359 global twist -117.88452 global supercoiling -0.03408
frame 291 time 145.5 binding_event at DNA_topoI 9 enzyme topoI with twist -60.77390 superhelical -0.03900 global twist -131.34849 global supercoiling -0.03819
frame 292 time 146.0 unbinding_event at DNA_gyrase 3 enzyme gyrase with twist -3.37943 superhelical 0.25582 global twist -130.15170 global supercoiling -0.03865
frame 293 time 146.5 unbinding_event at DNA_topoI 9 enzyme topoI with twist -38.10407 superhelical 0.00477 global twist -128.95490 global supercoiling -0.03749
frame 308 time 154.0 binding_event at DNA_topoI 35 enzyme topoI with twist -137.22672 superhelical -0.06500 global twist -125.06531 global supercoiling -0.03562
frame 311 time 155.5 unbinding_event at DNA_topoI 35 enzyme topoI with twist -136.02992 superhelical -0.05449 global twist -113.39653 global supercoiling -0.03297
frame 320 time 160.0 binding_event at gene CDS enzyme RNAP with twist 55.24611 superhelical 0.04663 global twist -109.50694 global supercoiling -0.03119
frame 321 time 160.5 binding_event at DNA_topoI 34 enzyme topoI with twist -168.34345 superhelical -0.07180 global twist -109.50694 global supercoiling -0.03136
frame 326 time 163.0 unbinding_event at gene tetA enzyme RNAP with twist -116.46646 superhelical -0.07510 global twist -90.05899 global supercoiling -0.02633
frame 327 time 163.5 unbinding_event at gene CDS enzyme RNAP with twist -56.17886 superhelical -0.05034 global twist -86.16940 global supercoiling -0.02505
frame 329 time 164.5 unbinding_event at DNA_topoI 34 enzyme topoI with twist -74.50063 superhelical -0.04143 global twist -78.39022 global supercoiling -0.02266
frame 388 time 194.0 binding_event at DNA_topoI 2 enzyme topoI with twist -74.50063 superhelical -0.02110 global twist -74.50063 global supercoiling -0.02110
frame 394 time 197.0 unbinding_event at DNA_topoI 2 enzyme topoI with twist -47.27349 superhelical -0.01410 global twist -51.16308 global supercoiling -0.01479
frame 528 time 264.0 binding_event at gene tetA enzyme RNAP with twist -47.27349 superhelical -0.01339 global twist -47.27349 global supercoiling -0.01339
frame 568 time 284.0 unbinding_event at gene tetA enzyme RNAP with twist -47.27349 superhelical -0.06945 global twist -47.27349 global supercoiling -0.01346
frame 589 time 294.5 binding_event at DNA_gyrase 5 enzyme gyrase with twist -47.27349 superhelical -0.01339 global twist -47.27349 global supercoiling -0.01339
frame 590 time 295.0 unbinding_event at DNA_gyrase 5 enzyme gyrase with twist -52.65908 superhelical -0.01499 global twist -49.96628 global supercoiling -0.01445
frame 606 time 303.0 binding_event at DNA_topoI 11 enzyme topoI with twist -52.65908 superhelical -0.01492 global twist -52.65908 global supercoiling -0.01492
frame 613 time 306.5 unbinding_event at DNA_topoI 11 enzyme topoI with twist -21.54235 superhelical -0.00894 global twist -25.43194 global supercoiling -0.00735
frame 641 time 320.5 binding_event at gene tetA enzyme RNAP with twist -21.54235 superhelical -0.00610 global twist -21.54235 global supercoiling -0.00610
frame 657 time 328.5 binding_event at DNA_gyrase 13 enzyme gyrase with twist 46.43279 superhelical 0.03079 global twist -21.54235 global supercoiling -0.00613
frame 668 time 334.0 unbinding_event at DNA_gyrase 13 enzyme gyrase with twist 57.20397 superhelical 0.12139 global twist -51.16308 global supercoiling -0.01487
frame 681 time 340.5 unbinding_event at gene tetA enzyme RNAP with twist -53.85587 superhelical -0.06432 global twist -53.85587 global supercoiling -0.01534
frame 692 time 346.0 binding_event at gene tetA enzyme RNAP with twist -53.85587 superhelical -0.01525 global twist -53.85587 global supercoiling -0.01525
frame 710 time 355.0 binding_event at DNA_topoI 48 enzyme topoI with twist -90.94924 superhelical -0.04460 global twist -53.85587 global supercoiling -0.01534
frame 710 time 355.0 unbinding_event at DNA_topoI 48 enzyme topoI with twist -90.65005 superhelical -0.04496 global twist -53.85587 global supercoiling -0.01534
frame 711 time 355.5 binding_event at DNA_gyrase 25 enzyme gyrase with twist 40.68376 superhelical 0.02798 global twist -49.96628 global supercoiling -0.01423
frame 712 time 356.0 unbinding_event at DNA_gyrase 25 enzyme gyrase with twist 42.47896 superhelical 0.03257 global twist -52.65908 global supercoiling -0.01531
frame 718 time 359.0 binding_event at gene Raspberry enzyme RNAP with twist -115.78279 superhelical -0.05304 global twist -55.35187 global supercoiling -0.01576
frame 732 time 366.0 unbinding_event at gene tetA enzyme RNAP with twist 39.29694 superhelical -0.05351 global twist -55.35187 global supercoiling -0.01585
frame 737 time 368.5 binding_event at DNA_topoI 32 enzyme topoI with twist -109.01038 superhelical -0.09879 global twist -55.35187 global supercoiling -0.01576
frame 738 time 369.0 unbinding_event at DNA_topoI 32 enzyme topoI with twist -108.41198 superhelical -0.09576 global twist -51.46228 global supercoiling -0.01496
frame 743 time 371.5 binding_event at DNA_topoI 31 enzyme topoI with twist -122.77355 superhelical -0.10137 global twist -47.57269 global supercoiling -0.01355
frame 744 time 372.0 unbinding_event at DNA_topoI 31 enzyme topoI with twist -122.17515 superhelical -0.09563 global twist -43.68310 global supercoiling -0.01270
frame 745 time 372.5 unbinding_event at gene Raspberry enzyme RNAP with twist -39.79351 superhelical -0.09942 global twist -39.79351 global supercoiling -0.01133
frame 805 time 402.5 binding_event at DNA_gyrase 30 enzyme gyrase with twist -39.79351 superhelical -0.01127 global twist -39.79351 global supercoiling -0.01127
frame 812 time 406.0 unbinding_event at DNA_gyrase 30 enzyme gyrase with twist -61.33586 superhelical -0.05477 global twist -58.64306 global supercoiling -0.01696
frame 834 time 417.0 binding_event at DNA_topoI 15 enzyme topoI with twist -61.33586 superhelical -0.01737 global twist -61.33586 global supercoiling -0.01737
frame 837 time 418.5 unbinding_event at DNA_topoI 15 enzyme topoI with twist -45.77749 superhelical -0.01492 global twist -49.66708 global supercoiling -0.01436
frame 870 time 435.0 binding_event at gene tetA enzyme RNAP with twist -45.77749 superhelical -0.01297 global twist -45.77749 global supercoiling -0.01297
frame 876 time 438.0 binding_event at DNA_gyrase 22 enzyme gyrase with twist -1.86128 superhelical -0.00110 global twist -45.77749 global supercoiling -0.01304
frame 879 time 439.5 unbinding_event at DNA_gyrase 22 enzyme gyrase with twist 1.72911 superhelical 0.00544 global twist -53.85587 global supercoiling -0.01566
frame 897 time 448.5 binding_event at gene tetA enzyme RNAP with twist -119.31444 superhelical -0.05421 global twist -56.54867 global supercoiling -0.01610
frame 898 time 449.0 binding_event at DNA_topoI 46 enzyme topoI with twist -97.44498 superhelical -0.05619 global twist -56.54867 global supercoiling -0.01619
frame 898 time 449.0 unbinding_event at DNA_topoI 46 enzyme topoI with twist -97.14578 superhelical -0.05723 global twist -56.54867 global supercoiling -0.01619
frame 901 time 450.5 binding_event at DNA_gyrase 38 enzyme gyrase with twist -104.32656 superhelical -0.05835 global twist -52.65908 global supercoiling -0.01508
frame 908 time 454.0 unbinding_event at DNA_gyrase 38 enzyme gyrase with twist -154.59204 superhelical -0.07387 global twist -71.50863 global supercoiling -0.02091
frame 910 time 455.0 unbinding_event at gene tetA enzyme RNAP with twist 87.57140 superhelical -0.05469 global twist -74.20143 global supercoiling -0.02125
frame 923 time 461.5 binding_event at gene tetA enzyme RNAP with twist -204.85752 superhelical -0.09384 global twist -74.20143 global supercoiling -0.02113
frame 937 time 468.5 unbinding_event at gene tetA enzyme RNAP with twist 142.13547 superhelical -0.09467 global twist -74.20143 global supercoiling -0.02125
frame 946 time 473.0 binding_event at gene Raspberry enzyme RNAP with twist -245.06003 superhelical -0.11510 global twist -74.20143 global supercoiling -0.02113
frame 963 time 481.5 unbinding_event at gene tetA enzyme RNAP with twist 78.96972 superhelical -0.11614 global twist -74.20143 global supercoiling -0.02125
frame 969 time 484.5 binding_event at gene mKalama1 enzyme RNAP with twist -171.12310 superhelical -0.14561 global twist -74.20143 global supercoiling -0.02113
frame 973 time 486.5 unbinding_event at gene Raspberry enzyme RNAP with twist 3.68264 superhelical -0.16158 global twist -74.20143 global supercoiling -0.02125
frame 996 time 498.0 unbinding_event at gene mKalama1 enzyme RNAP with twist -74.20143 superhelical 0.03242 global twist -74.20143 global supercoiling -0.02113
frame 1000 time 500.0 binding_event at DNA_topoI 14 enzyme topoI with twist -74.20143 superhelical -0.02102 global twist -74.20143 global supercoiling -0.02102
frame 1001 time 500.5 unbinding_event at DNA_topoI 14 enzyme topoI with twist -66.42224 superhelical -0.02001 global twist -70.31184 global supercoiling -0.02033
frame 1026 time 513.0 binding_event at gene Raspberry enzyme RNAP with twist -66.42224 superhelical -0.01881 global twist -66.42224 global supercoiling -0.01881
frame 1053 time 526.5 unbinding_event at gene Raspberry enzyme RNAP with twist -66.42224 superhelical -0.09087 global twist -66.42224 global supercoiling -0.01892
frame 1086 time 543.0 binding_event at DNA_gyrase 46 enzyme gyrase with twist -66.42224 superhelical -0.01881 global twist -66.42224 global supercoiling -0.01881
frame 1091 time 545.5 unbinding_event at DNA_gyrase 46 enzyme gyrase with twist -82.57901 superhelical -0.02498 global twist -79.88621 global supercoiling -0.02310
frame 1100 time 550.0 binding_event at DNA_gyrase 9 enzyme gyrase with twist -82.57901 superhelical -0.02339 global twist -82.57901 global supercoiling -0.02339
frame 1102 time 551.0 unbinding_event at DNA_gyrase 9 enzyme gyrase with twist -90.65739 superhelical -0.02561 global twist -87.96459 global supercoiling -0.02543
frame 1125 time 562.5 binding_event at gene tetA enzyme RNAP with twist -90.65739 superhelical -0.02568 global twist -90.65739 global supercoiling -0.02568
frame 1154 time 577.0 binding_event at DNA_gyrase 25 enzyme gyrase with twist 57.77300 superhelical 0.04533 global twist -90.65739 global supercoiling -0.02582
frame 1161 time 580.5 unbinding_event at DNA_gyrase 25 enzyme gyrase with twist 64.95378 superhelical 0.06915 global twist -109.50694 global supercoiling -0.03184
frame 1165 time 582.5 unbinding_event at gene tetA enzyme RNAP with twist -112.19974 superhelical -0.07810 global twist -112.19974 global supercoiling -0.03195
frame 1204 time 602.0 binding_event at DNA_topoI 5 enzyme topoI with twist -112.19974 superhelical -0.03178 global twist -112.19974 global supercoiling -0.03178
frame 1207 time 603.5 unbinding_event at DNA_topoI 5 enzyme topoI with twist -96.64137 superhelical -0.02863 global twist -100.53096 global supercoiling -0.02907
frame 1210 time 605.0 binding_event at gene tetA enzyme RNAP with twist -96.64137 superhelical -0.02737 global twist -96.64137 global supercoiling -0.02737
frame 1247 time 623.5 binding_event at DNA_gyrase 19 enzyme gyrase with twist 83.43683 superhelical 0.07377 global twist -96.64137 global supercoiling -0.02752
frame 1247 time 623.5 unbinding_event at DNA_gyrase 19 enzyme gyrase with twist 84.33443 superhelical 0.08457 global twist -96.64137 global supercoiling -0.02752
frame 1250 time 625.0 unbinding_event at gene tetA enzyme RNAP with twist -99.33417 superhelical -0.07929 global twist -99.33417 global supercoiling -0.02829
frame 1261 time 630.5 binding_event at DNA_topoI 48 enzyme topoI with twist -99.33417 superhelical -0.02814 global twist -99.33417 global supercoiling -0.02814
frame 1262 time 631.0 unbinding_event at DNA_topoI 48 enzyme topoI with twist -91.55499 superhelical -0.02620 global twist -95.44458 global supercoiling -0.02760
frame 1282 time 641.0 binding_event at gene tetA enzyme RNAP with twist -91.55499 superhelical -0.02593 global twist -91.55499 global supercoiling -0.02593
frame 1308 time 654.0 binding_event at gene tetA enzyme RNAP with twist -138.09792 superhelical -0.06326 global twist -91.55499 global supercoiling -0.02607
frame 1314 time 657.0 binding_event at DNA_topoI 34 enzyme topoI with twist -131.07355 superhelical -0.07186 global twist -91.55499 global supercoiling -0.02622
frame 1314 time 657.0 unbinding_event at DNA_topoI 34 enzyme topoI with twist -130.77435 superhelical -0.07118 global twist -91.55499 global supercoiling -0.02622
frame 1322 time 661.0 unbinding_event at gene tetA enzyme RNAP with twist 71.83209 superhelical -0.06382 global twist -87.66540 global supercoiling -0.02510
frame 1325 time 662.5 binding_event at DNA_gyrase 12 enzyme gyrase with twist 79.01287 superhelical 0.05303 global twist -87.66540 global supercoiling -0.02497
frame 1334 time 667.0 unbinding_event at DNA_gyrase 12 enzyme gyrase with twist 87.98885 superhelical 0.15501 global twist -111.90054 global supercoiling -0.03253
frame 1341 time 670.5 binding_event at gene tetA enzyme RNAP with twist -224.12453 superhelical -0.09708 global twist -114.59333 global supercoiling -0.03263
frame 1348 time 674.0 unbinding_event at gene tetA enzyme RNAP with twist 82.13533 superhelical -0.09789 global twist -114.59333 global supercoiling -0.03281
frame 1379 time 689.5 binding_event at gene tetA enzyme RNAP with twist -304.44041 superhelical -0.12694 global twist -114.59333 global supercoiling -0.03263
frame 1381 time 690.5 unbinding_event at gene tetA enzyme RNAP with twist 115.77923 superhelical -0.12796 global twist -114.59333 global supercoiling -0.03281
frame 1385 time 692.5 binding_event at gene Raspberry enzyme RNAP with twist -241.14373 superhelical -0.13221 global twist -114.59333 global supercoiling -0.03263
frame 1412 time 706.0 unbinding_event at gene Raspberry enzyme RNAP with twist -341.67470 superhelical -0.15999 global twist -114.59333 global supercoiling -0.03281
frame 1418 time 709.0 binding_event at DNA_topoI 10 enzyme topoI with twist -359.62666 superhelical -0.14883 global twist -114.59333 global supercoiling -0.03263
frame 1419 time 709.5 unbinding_event at gene tetA enzyme RNAP with twist 240.35621 superhelical -0.52147 global twist -110.70374 global supercoiling -0.03219
frame 1429 time 714.5 binding_event at DNA_topoI 36 enzyme topoI with twist -329.66720 superhelical -0.13718 global twist -71.80783 global supercoiling -0.02076
frame 1429 time 714.5 unbinding_event at DNA_topoI 10 enzyme topoI with twist 30.15128 superhelical -0.13905 global twist -71.80783 global supercoiling -0.02076
frame 1431 time 715.5 unbinding_event at DNA_topoI 36 enzyme topoI with twist -56.24947 superhelical -0.13282 global twist -60.13906 global supercoiling -0.01739
frame 1537 time 768.5 binding_event at gene tetA enzyme RNAP with twist -56.24947 superhelical -0.01593 global twist -56.24947 global supercoiling -0.01593
frame 1558 time 779.0 binding_event at DNA_gyrase 6 enzyme gyrase with twist 46.64083 superhelical 0.03289 global twist -56.24947 global supercoiling -0.01602
frame 1559 time 779.5 unbinding_event at DNA_gyrase 6 enzyme gyrase with twist 48.43602 superhelical 0.14274 global twist -58.94226 global supercoiling -0.01714
frame 1577 time 788.5 unbinding_event at gene tetA enzyme RNAP with twist -61.63506 superhelical -0.07124 global twist -61.63506 global supercoiling -0.01755
frame 1580 time 790.0 binding_event at DNA_gyrase 8 enzyme gyrase with twist -61.63506 superhelical -0.01746 global twist -61.63506 global supercoiling -0.01746
frame 1585 time 792.5 binding_event at gene tetA enzyme RNAP with twist -46.99738 superhelical -0.02080 global twist -75.09902 global supercoiling -0.02171
frame 1585 time 792.5 unbinding_event at DNA_gyrase 8 enzyme gyrase with twist -38.20023 superhelical -0.01729 global twist -75.09902 global supercoiling -0.02171
frame 1592 time 796.0 binding_event at gene tetA enzyme RNAP with twist -61.13394 superhelical -0.03319 global twist -77.79182 global supercoiling -0.02215
frame 1604 time 802.0 binding_event at DNA_topoI 17 enzyme topoI with twist 26.42682 superhelical 0.01817 global twist -77.79182 global supercoiling -0.02228
frame 1607 time 803.5 unbinding_event at DNA_topoI 17 enzyme topoI with twist 56.34675 superhelical 0.05016 global twist -66.12305 global supercoiling -0.01933
frame 1625 time 812.5 unbinding_event at gene tetA enzyme RNAP with twist 117.40130 superhelical -0.03354 global twist -62.23345 global supercoiling -0.01782
frame 1632 time 816.0 unbinding_event at gene tetA enzyme RNAP with twist -62.23345 superhelical -0.08350 global twist -62.23345 global supercoiling -0.01772
frame 1635 time 817.5 binding_event at gene tetA enzyme RNAP with twist -62.23345 superhelical -0.01763 global twist -62.23345 global supercoiling -0.01763
frame 1655 time 827.5 binding_event at DNA_gyrase 7 enzyme gyrase with twist 39.99114 superhelical 0.02785 global twist -62.23345 global supercoiling -0.01772
frame 1659 time 829.5 binding_event at DNA_topoI 46 enzyme topoI with twist -116.58616 superhelical -0.05430 global twist -73.00463 global supercoiling -0.02122
frame 1659 time 829.5 unbinding_event at DNA_topoI 46 enzyme topoI with twist -116.28696 superhelical -0.05479 global twist -73.00463 global supercoiling -0.02122
frame 1664 time 832.0 unbinding_event at DNA_gyrase 7 enzyme gyrase with twist -114.48717 superhelical -0.05828 global twist -82.57901 global supercoiling -0.02401
frame 1675 time 837.5 unbinding_event at gene tetA enzyme RNAP with twist -85.27180 superhelical -0.06279 global twist -85.27180 global supercoiling -0.02428
frame 1824 time 912.0 binding_event at DNA_topoI 23 enzyme topoI with twist -85.27180 superhelical -0.02415 global twist -85.27180 global supercoiling -0.02415
frame 1824 time 912.0 unbinding_event at DNA_topoI 23 enzyme topoI with twist -81.38221 superhelical -0.02407 global twist -85.27180 global supercoiling -0.02415
frame 1908 time 954.0 binding_event at gene tetA enzyme RNAP with twist -81.38221 superhelical -0.02305 global twist -81.38221 global supercoiling -0.02305
frame 1940 time 970.0 binding_event at DNA_topoI 37 enzyme topoI with twist -154.66829 superhelical -0.06752 global twist -81.38221 global supercoiling -0.02318
frame 1946 time 973.0 unbinding_event at DNA_topoI 37 enzyme topoI with twist -152.57390 superhelical -0.05159 global twist -58.04466 global supercoiling -0.01688
frame 1948 time 974.0 unbinding_event at gene tetA enzyme RNAP with twist -54.15507 superhelical -0.06515 global twist -54.15507 global supercoiling -0.01542
frame 1968 time 984.0 binding_event at gene tetA enzyme RNAP with twist -54.15507 superhelical -0.01534 global twist -54.15507 global supercoiling -0.01534
frame 2008 time 1004.0 unbinding_event at gene tetA enzyme RNAP with twist -54.15507 superhelical -0.07082 global twist -54.15507 global supercoiling -0.01542
frame 2054 time 1027.0 binding_event at gene tetA enzyme RNAP with twist -54.15507 superhelical -0.01534 global twist -54.15507 global supercoiling -0.01534
frame 2067 time 1033.5 binding_event at gene tetA enzyme RNAP with twist -73.14352 superhelical -0.03752 global twist -54.15507 global supercoiling -0.01542
frame 2080 time 1040.0 binding_event at DNA_gyrase 21 enzyme gyrase with twist 65.66354 superhelical 0.04943 global twist -54.15507 global supercoiling -0.01551
frame 2083 time 1041.5 unbinding_event at DNA_gyrase 21 enzyme gyrase with twist 69.25393 superhelical 0.06610 global twist -62.23345 global supercoiling -0.01819
frame 2094 time 1047.0 unbinding_event at gene tetA enzyme RNAP with twist 100.63126 superhelical -0.03789 global twist -64.92625 global supercoiling -0.01859
frame 2107 time 1053.5 unbinding_event at gene tetA enzyme RNAP with twist -64.92625 superhelical -0.08655 global twist -64.92625 global supercoiling -0.01849
frame 2114 time 1057.0 binding_event at DNA_gyrase 35 enzyme gyrase with twist -64.92625 superhelical -0.01839 global twist -64.92625 global supercoiling -0.01839
frame 2120 time 1060.0 binding_event at gene Raspberry enzyme RNAP with twist -61.59199 superhelical -0.02161 global twist -81.08301 global supercoiling -0.02344
frame 2120 time 1060.0 unbinding_event at DNA_gyrase 35 enzyme gyrase with twist -27.57042 superhelical -0.03427 global twist -81.08301 global supercoiling -0.02344
frame 2147 time 1073.5 unbinding_event at gene Raspberry enzyme RNAP with twist -83.77580 superhelical -0.09843 global twist -83.77580 global supercoiling -0.02386
frame 2210 time 1105.0 binding_event at DNA_gyrase 35 enzyme gyrase with twist -83.77580 superhelical -0.02373 global twist -83.77580 global supercoiling -0.02373
frame 2214 time 1107.0 unbinding_event at DNA_gyrase 35 enzyme gyrase with twist -97.23977 superhelical -0.03529 global twist -94.54698 global supercoiling -0.02734
frame 2236 time 1118.0 binding_event at gene tetA enzyme RNAP with twist -97.23977 superhelical -0.02754 global twist -97.23977 global supercoiling -0.02754
frame 2242 time 1121.0 binding_event at DNA_topoI 32 enzyme topoI with twist -69.06854 superhelical -0.03787 global twist -97.23977 global supercoiling -0.02769
frame 2246 time 1123.0 unbinding_event at DNA_topoI 32 enzyme topoI with twist -67.57254 superhelical -0.01465 global twist -81.68141 global supercoiling -0.02375
frame 2255 time 1127.5 binding_event at DNA_gyrase 15 enzyme gyrase with twist 18.50386 superhelical 0.01273 global twist -77.79182 global supercoiling -0.02215
frame 2259 time 1129.5 unbinding_event at DNA_gyrase 15 enzyme gyrase with twist 22.99184 superhelical 0.03423 global twist -88.56299 global supercoiling -0.02575
frame 2276 time 1138.0 unbinding_event at gene tetA enzyme RNAP with twist -91.25579 superhelical -0.07148 global twist -91.25579 global supercoiling -0.02599
frame 2384 time 1192.0 binding_event at DNA_topoI 27 enzyme topoI with twist -91.25579 superhelical -0.02585 global twist -91.25579 global supercoiling -0.02585
frame 2385 time 1192.5 unbinding_event at DNA_topoI 27 enzyme topoI with twist -83.47660 superhelical 0.08969 global twist -87.36620 global supercoiling -0.02526
frame 2399 time 1199.5 binding_event at DNA_gyrase 14 enzyme gyrase with twist -83.47660 superhelical -0.02364 global twist -83.47660 global supercoiling -0.02364
frame 2404 time 1202.0 unbinding_event at DNA_gyrase 14 enzyme gyrase with twist -99.63337 superhelical -0.02714 global twist -96.94057 global supercoiling -0.02803
frame 2498 time 1249.0 binding_event at gene tetA enzyme RNAP with twist -99.63337 superhelical -0.02822 global twist -99.63337 global supercoiling -0.02822
frame 2508 time 1254.0 binding_event at gene tetA enzyme RNAP with twist -84.59998 superhelical -0.04463 global twist -99.63337 global supercoiling -0.02837
frame 2517 time 1258.5 binding_event at gene tetA enzyme RNAP with twist -109.68366 superhelical -0.05841 global twist -99.63337 global supercoiling -0.02853
frame 2524 time 1262.0 binding_event at DNA_topoI 5 enzyme topoI with twist -7.22985 superhelical -0.04508 global twist -99.63337 global supercoiling -0.02869
frame 2528 time 1264.0 unbinding_event at DNA_topoI 5 enzyme topoI with twist -11.03345 superhelical 0.02856 global twist -84.07500 global supercoiling -0.02472
frame 2538 time 1269.0 unbinding_event at gene tetA enzyme RNAP with twist 111.11570 superhelical 0.09258 global twist -80.18541 global supercoiling -0.02309
frame 2548 time 1274.0 unbinding_event at gene tetA enzyme RNAP with twist 135.98617 superhelical -0.07747 global twist -80.18541 global supercoiling -0.02296
frame 2551 time 1275.5 binding_event at gene Raspberry enzyme RNAP with twist -223.35237 superhelical -0.09600 global twist -80.18541 global supercoiling -0.02284
frame 2553 time 1276.5 binding_event at DNA_topoI 45 enzyme topoI with twist -149.55804 superhelical -0.09680 global twist -80.18541 global supercoiling -0.02296
frame 2554 time 1277.0 unbinding_event at DNA_topoI 45 enzyme topoI with twist -141.77886 superhelical -0.08581 global twist -76.29582 global supercoiling -0.02231
frame 2557 time 1278.5 unbinding_event at gene tetA enzyme RNAP with twist 26.52083 superhelical -0.09176 global twist -72.40623 global supercoiling -0.02073
frame 2565 time 1282.5 binding_event at gene Raspberry enzyme RNAP with twist -124.05981 superhelical -0.12238 global twist -72.40623 global supercoiling -0.02062
frame 2578 time 1289.0 unbinding_event at gene Raspberry enzyme RNAP with twist 72.95684 superhelical -0.12474 global twist -72.40623 global supercoiling -0.02073
frame 2592 time 1296.0 unbinding_event at gene Raspberry enzyme RNAP with twist -72.40623 superhelical -0.15465 global twist -72.40623 global supercoiling -0.02062
frame 2669 time 1334.5 binding_event at gene tetA enzyme RNAP with twist -72.40623 superhelical -0.02051 global twist -72.40623 global supercoiling -0.02051
frame 2680 time 1340.0 binding_event at gene tetA enzyme RNAP with twist -74.88304 superhelical -0.03913 global twist -72.40623 global supercoiling -0.02062
frame 2693 time 1346.5 binding_event at DNA_topoI 2 enzyme topoI with twist -114.50976 superhelical -0.05874 global twist -72.40623 global supercoiling -0.02073
frame 2695 time 1347.5 unbinding_event at DNA_topoI 2 enzyme topoI with twist -113.61216 superhelical -0.05779 global twist -64.62705 global supercoiling -0.01889
frame 2709 time 1354.5 unbinding_event at gene tetA enzyme RNAP with twist 103.14018 superhelical -0.03953 global twist -60.73746 global supercoiling -0.01739
frame 2720 time 1360.0 unbinding_event at gene tetA enzyme RNAP with twist -60.73746 superhelical -0.08293 global twist -60.73746 global supercoiling -0.01730
frame 2728 time 1364.0 binding_event at DNA_gyrase 40 enzyme gyrase with twist -60.73746 superhelical -0.01720 global twist -60.73746 global supercoiling -0.01720
frame 2732 time 1366.0 unbinding_event at DNA_gyrase 40 enzyme gyrase with twist -74.20143 superhelical -0.02452 global twist -71.50863 global supercoiling -0.02067
frame 2741 time 1370.5 binding_event at DNA_gyrase 14 enzyme gyrase with twist -74.20143 superhelical -0.02102 global twist -74.20143 global supercoiling -0.02102
frame 2746 time 1373.0 unbinding_event at DNA_gyrase 14 enzyme gyrase with twist -90.35819 superhelical -0.02446 global twist -87.66540 global supercoiling -0.02535
frame 2748 time 1374.0 binding_event at DNA_gyrase 18 enzyme gyrase with twist -90.35819 superhelical -0.02559 global twist -90.35819 global supercoiling -0.02559
frame 2756 time 1378.0 unbinding_event at DNA_gyrase 18 enzyme gyrase with twist -114.59333 superhelical -0.03019 global twist -111.90054 global supercoiling -0.03235
frame 2760 time 1380.0 binding_event at gene tetA enzyme RNAP with twist -114.59333 superhelical -0.03246 global twist -114.59333 global supercoiling -0.03246
frame 2790 time 1395.0 binding_event at gene mKalama1 enzyme RNAP with twist -163.71953 superhelical -0.07261 global twist -114.59333 global supercoiling -0.03263
frame 2800 time 1400.0 unbinding_event at gene tetA enzyme RNAP with twist -106.67208 superhelical -0.09848 global twist -114.59333 global supercoiling -0.03281
frame 2806 time 1403.0 binding_event at gene tetA enzyme RNAP with twist -124.62404 superhelical -0.03955 global twist -114.59333 global supercoiling -0.03263
frame 2817 time 1408.5 unbinding_event at gene mKalama1 enzyme RNAP with twist -86.24660 superhelical 0.36679 global twist -114.59333 global supercoiling -0.03281
frame 2846 time 1423.0 unbinding_event at gene tetA enzyme RNAP with twist -114.59333 superhelical -0.07763 global twist -114.59333 global supercoiling -0.03263
frame 2847 time 1423.5 binding_event at gene tetA enzyme RNAP with twist -114.59333 superhelical -0.03246 global twist -114.59333 global supercoiling -0.03246
frame 2873 time 1436.5 binding_event at DNA_topoI 42 enzyme topoI with twist -149.35797 superhelical -0.06842 global twist -114.59333 global supercoiling -0.03263
frame 2874 time 1437.0 unbinding_event at DNA_topoI 42 enzyme topoI with twist -148.75957 superhelical -0.06725 global twist -110.70374 global supercoiling -0.03219
frame 2877 time 1438.5 binding_event at DNA_topoI 48 enzyme topoI with twist -155.94035 superhelical -0.06916 global twist -106.81415 global supercoiling -0.03042
frame 2879 time 1439.5 unbinding_event at DNA_topoI 48 enzyme topoI with twist -155.04275 superhelical -0.06765 global twist -99.03497 global supercoiling -0.02879
frame 2887 time 1443.5 unbinding_event at gene tetA enzyme RNAP with twist -95.14538 superhelical -0.07494 global twist -95.14538 global supercoiling -0.02710
frame 2892 time 1446.0 binding_event at gene tetA enzyme RNAP with twist -95.14538 superhelical -0.02695 global twist -95.14538 global supercoiling -0.02695
frame 2894 time 1447.0 binding_event at gene tetA enzyme RNAP with twist -53.68333 superhelical -0.03064 global twist -95.14538 global supercoiling -0.02710
frame 2928 time 1464.0 binding_event at DNA_topoI 5 enzyme topoI with twist -175.23761 superhelical -0.07532 global twist -95.14538 global supercoiling -0.02724
frame 2929 time 1464.5 unbinding_event at DNA_topoI 5 enzyme topoI with twist -174.63921 superhelical -0.07582 global twist -91.25579 global supercoiling -0.02668
frame 2932 time 1466.0 unbinding_event at gene tetA enzyme RNAP with twist 98.04419 superhelical -0.03098 global twist -87.36620 global supercoiling -0.02502
frame 2934 time 1467.0 unbinding_event at gene tetA enzyme RNAP with twist -87.36620 superhelical -0.07854 global twist -87.36620 global supercoiling -0.02488
frame 3034 time 1517.0 binding_event at DNA_topoI 16 enzyme topoI with twist -87.36620 superhelical -0.02475 global twist -87.36620 global supercoiling -0.02475
frame 3036 time 1518.0 unbinding_event at DNA_topoI 16 enzyme topoI with twist -75.69742 superhelical -0.02320 global twist -79.58701 global supercoiling -0.02301
frame 3095 time 1547.5 binding_event at gene tetA enzyme RNAP with twist -75.69742 superhelical -0.02144 global twist -75.69742 global supercoiling -0.02144
frame 3104 time 1552.0 binding_event at gene tetA enzyme RNAP with twist -69.31083 superhelical -0.03691 global twist -75.69742 global supercoiling -0.02156
frame 3135 time 1567.5 unbinding_event at gene tetA enzyme RNAP with twist 103.19494 superhelical -0.03729 global twist -75.69742 global supercoiling -0.02168
frame 3142 time 1571.0 binding_event at DNA_gyrase 12 enzyme gyrase with twist 124.73729 superhelical 0.11207 global twist -75.69742 global supercoiling -0.02156
frame 3143 time 1571.5 binding_event at DNA_gyrase 19 enzyme gyrase with twist 107.90626 superhelical 0.11832 global twist -78.39022 global supercoiling -0.02279
frame 3144 time 1572.0 unbinding_event at gene tetA enzyme RNAP with twist -188.98927 superhelical -0.08613 global twist -83.77580 global supercoiling -0.02488
frame 3144 time 1572.0 unbinding_event at DNA_gyrase 19 enzyme gyrase with twist 99.82788 superhelical 0.11594 global twist -83.77580 global supercoiling -0.02488
frame 3148 time 1574.0 binding_event at gene tetA enzyme RNAP with twist -193.02846 superhelical -0.07579 global twist -97.23977 global supercoiling -0.02811
frame 3155 time 1577.5 unbinding_event at DNA_gyrase 12 enzyme gyrase with twist 41.00295 superhelical -0.06591 global twist -116.08933 global supercoiling -0.03375
frame 3167 time 1583.5 binding_event at DNA_gyrase 7 enzyme gyrase with twist 80.49726 superhelical 0.05536 global twist -118.78212 global supercoiling -0.03383
frame 3168 time 1584.0 unbinding_event at DNA_gyrase 7 enzyme gyrase with twist 82.29245 superhelical 0.14549 global twist -121.47492 global supercoiling -0.03532
frame 3171 time 1585.5 binding_event at DNA_gyrase 20 enzyme gyrase with twist 89.47324 superhelical 0.06473 global twist -124.16771 global supercoiling -0.03536
frame 3173 time 1586.5 unbinding_event at DNA_gyrase 20 enzyme gyrase with twist 92.16603 superhelical 0.07960 global twist -129.55330 global supercoiling -0.03767
frame 3188 time 1594.0 unbinding_event at gene tetA enzyme RNAP with twist -132.24609 superhelical -0.11348 global twist -132.24609 global supercoiling -0.03766
frame 3200 time 1600.0 binding_event at gene tetA enzyme RNAP with twist -132.24609 superhelical -0.03746 global twist -132.24609 global supercoiling -0.03746
frame 3231 time 1615.5 binding_event at DNA_topoI 48 enzyme topoI with twist -175.93775 superhelical -0.07741 global twist -132.24609 global supercoiling -0.03766
frame 3231 time 1615.5 unbinding_event at DNA_topoI 48 enzyme topoI with twist -175.63856 superhelical -0.07868 global twist -132.24609 global supercoiling -0.03766
frame 3240 time 1620.0 unbinding_event at gene tetA enzyme RNAP with twist -128.35650 superhelical -0.08480 global twist -128.35650 global supercoiling -0.03655
frame 3329 time 1664.5 binding_event at gene tetA enzyme RNAP with twist -128.35650 superhelical -0.03636 global twist -128.35650 global supercoiling -0.03636
frame 3369 time 1684.5 unbinding_event at gene tetA enzyme RNAP with twist -128.35650 superhelical -0.08561 global twist -128.35650 global supercoiling -0.03655
frame 3392 time 1696.0 binding_event at gene tetA enzyme RNAP with twist -128.35650 superhelical -0.03636 global twist -128.35650 global supercoiling -0.03636
frame 3412 time 1706.0 binding_event at DNA_topoI 46 enzyme topoI with twist -134.54240 superhelical -0.06483 global twist -128.35650 global supercoiling -0.03655
frame 3415 time 1707.5 binding_event at gene tetA enzyme RNAP with twist -45.60492 superhelical -0.06916 global twist -116.68773 global supercoiling -0.03392
frame 3420 time 1710.0 binding_event at DNA_topoI 26 enzyme topoI with twist -78.31590 superhelical -0.05603 global twist -97.23977 global supercoiling -0.02843
frame 3422 time 1711.0 unbinding_event at DNA_topoI 26 enzyme topoI with twist -60.81274 superhelical 0.09651 global twist -81.68141 global supercoiling -0.02439
frame 3429 time 1714.5 unbinding_event at DNA_topoI 46 enzyme topoI with twist -89.44314 superhelical -0.03377 global twist -50.56468 global supercoiling -0.01478
frame 3432 time 1716.0 unbinding_event at gene tetA enzyme RNAP with twist 53.53923 superhelical -0.07123 global twist -46.67509 global supercoiling -0.01337
frame 3455 time 1727.5 unbinding_event at gene tetA enzyme RNAP with twist -46.67509 superhelical -0.07454 global twist -46.67509 global supercoiling -0.01329
frame 3467 time 1733.5 binding_event at DNA_gyrase 2 enzyme gyrase with twist -46.67509 superhelical -0.01322 global twist -46.67509 global supercoiling -0.01322
frame 3475 time 1737.5 unbinding_event at DNA_gyrase 2 enzyme gyrase with twist -70.91023 superhelical -0.02012 global twist -68.21744 global supercoiling -0.01972
frame 3522 time 1761.0 binding_event at gene tetA enzyme RNAP with twist -70.91023 superhelical -0.02008 global twist -70.91023 global supercoiling -0.02008
frame 3562 time 1781.0 unbinding_event at gene tetA enzyme RNAP with twist -70.91023 superhelical -0.07416 global twist -70.91023 global supercoiling -0.02019
frame 3563 time 1781.5 binding_event at DNA_gyrase 32 enzyme gyrase with twist -70.91023 superhelical -0.02008 global twist -70.91023 global supercoiling -0.02008
frame 3563 time 1781.5 unbinding_event at DNA_gyrase 32 enzyme gyrase with twist -73.60303 superhelical -0.02393 global twist -70.91023 global supercoiling -0.02008
frame 3756 time 1878.0 binding_event at DNA_gyrase 32 enzyme gyrase with twist -73.60303 superhelical -0.02085 global twist -73.60303 global supercoiling -0.02085
frame 3756 time 1878.0 unbinding_event at DNA_gyrase 32 enzyme gyrase with twist -76.29582 superhelical -0.02471 global twist -73.60303 global supercoiling -0.02085
frame 3825 time 1912.5 binding_event at DNA_gyrase 49 enzyme gyrase with twist -76.29582 superhelical -0.02161 global twist -76.29582 global supercoiling -0.02161
frame 3828 time 1914.0 unbinding_event at DNA_gyrase 49 enzyme gyrase with twist -87.06700 superhelical -0.02540 global twist -84.37420 global supercoiling -0.02439
frame 3869 time 1934.5 binding_event at DNA_topoI 38 enzyme topoI with twist -87.06700 superhelical -0.02466 global twist -87.06700 global supercoiling -0.02466
frame 3872 time 1936.0 unbinding_event at DNA_topoI 38 enzyme topoI with twist -71.50863 superhelical -0.01573 global twist -75.39822 global supercoiling -0.02180
frame 3899 time 1949.5 binding_event at gene tetA enzyme RNAP with twist -71.50863 superhelical -0.02025 global twist -71.50863 global supercoiling -0.02025
frame 3939 time 1969.5 unbinding_event at gene tetA enzyme RNAP with twist -71.50863 superhelical -0.07428 global twist -71.50863 global supercoiling -0.02036
frame 4117 time 2058.5 binding_event at DNA_gyrase 22 enzyme gyrase with twist -71.50863 superhelical -0.02025 global twist -71.50863 global supercoiling -0.02025
frame 4119 time 2059.5 unbinding_event at DNA_gyrase 22 enzyme gyrase with twist -79.58701 superhelical -0.02191 global twist -76.89422 global supercoiling -0.02223
frame 4242 time 2121.0 binding_event at DNA_topoI 39 enzyme topoI with twist -79.58701 superhelical -0.02254 global twist -79.58701 global supercoiling -0.02254
frame 4254 time 2127.0 unbinding_event at DNA_topoI 39 enzyme topoI with twist -29.02233 superhelical 0.00523 global twist -32.91192 global supercoiling -0.00952
frame 4286 time 2143.0 binding_event at DNA_topoI 6 enzyme topoI with twist -29.02233 superhelical -0.00822 global twist -29.02233 global supercoiling -0.00822
frame 4286 time 2143.0 unbinding_event at DNA_topoI 6 enzyme topoI with twist -25.13274 superhelical -0.00747 global twist -29.02233 global supercoiling -0.00822
frame 4304 time 2152.0 binding_event at DNA_gyrase 19 enzyme gyrase with twist -25.13274 superhelical -0.00712 global twist -25.13274 global supercoiling -0.00712
frame 4305 time 2152.5 unbinding_event at DNA_gyrase 19 enzyme gyrase with twist -30.51833 superhelical -0.00815 global twist -27.82553 global supercoiling -0.00804
frame 4307 time 2153.5 binding_event at gene tetA enzyme RNAP with twist -30.51833 superhelical -0.00864 global twist -30.51833 global supercoiling -0.00864
frame 4347 time 2173.5 unbinding_event at gene tetA enzyme RNAP with twist -30.51833 superhelical -0.06611 global twist -30.51833 global supercoiling -0.00869
frame 4450 time 2225.0 binding_event at DNA_topoI 4 enzyme topoI with twist -30.51833 superhelical -0.00864 global twist -30.51833 global supercoiling -0.00864
frame 4450 time 2225.0 unbinding_event at DNA_topoI 4 enzyme topoI with twist -26.62874 superhelical -0.00784 global twist -30.51833 global supercoiling -0.00864
frame 4571 time 2285.5 binding_event at DNA_gyrase 14 enzyme gyrase with twist -26.62874 superhelical -0.00754 global twist -26.62874 global supercoiling -0.00754
frame 4572 time 2286.0 unbinding_event at DNA_gyrase 14 enzyme gyrase with twist -32.01433 superhelical -0.00870 global twist -29.32153 global supercoiling -0.00848
frame 4576 time 2288.0 binding_event at gene Raspberry enzyme RNAP with twist -32.01433 superhelical -0.00907 global twist -32.01433 global supercoiling -0.00907
frame 4594 time 2297.0 binding_event at gene tetA enzyme RNAP with twist 39.56335 superhelical 0.01631 global twist -32.01433 global supercoiling -0.00912
frame 4601 time 2300.5 binding_event at DNA_gyrase 25 enzyme gyrase with twist 54.64294 superhelical 0.03273 global twist -32.01433 global supercoiling -0.00917
frame 4603 time 2301.5 unbinding_event at gene Raspberry enzyme RNAP with twist -97.42844 superhelical -0.08496 global twist -37.39991 global supercoiling -0.01093
frame 4606 time 2303.0 unbinding_event at DNA_gyrase 25 enzyme gyrase with twist 60.02853 superhelical 0.04458 global twist -45.47829 global supercoiling -0.01322
frame 4630 time 2315.0 binding_event at DNA_topoI 40 enzyme topoI with twist -190.77863 superhelical -0.08075 global twist -48.17109 global supercoiling -0.01372
frame 4630 time 2315.0 unbinding_event at DNA_topoI 40 enzyme topoI with twist -190.47943 superhelical -0.08127 global twist -48.17109 global supercoiling -0.01372
frame 4634 time 2317.0 unbinding_event at gene tetA enzyme RNAP with twist -44.28150 superhelical -0.08353 global twist -44.28150 global supercoiling -0.01261
frame 4673 time 2336.5 binding_event at gene tetA enzyme RNAP with twist -44.28150 superhelical -0.01254 global twist -44.28150 global supercoiling -0.01254
frame 4685 time 2342.5 binding_event at DNA_gyrase 25 enzyme gyrase with twist 20.44590 superhelical 0.01294 global twist -44.28150 global supercoiling -0.01261
frame 4687 time 2343.5 unbinding_event at DNA_gyrase 25 enzyme gyrase with twist 23.13869 superhelical 0.01823 global twist -49.66708 global supercoiling -0.01444
frame 4699 time 2349.5 binding_event at DNA_topoI 47 enzyme topoI with twist -114.99288 superhelical -0.05268 global twist -52.35988 global supercoiling -0.01491
frame 4710 time 2355.0 unbinding_event at DNA_topoI 47 enzyme topoI with twist -111.40248 superhelical -0.03859 global twist -9.57438 global supercoiling -0.00278
frame 4713 time 2356.5 unbinding_event at gene tetA enzyme RNAP with twist -5.68479 superhelical -0.04982 global twist -5.68479 global supercoiling -0.00162
frame 5007 time 2503.5 binding_event at gene tetA enzyme RNAP with twist -5.68479 superhelical -0.00161 global twist -5.68479 global supercoiling -0.00161
frame 5047 time 2523.5 unbinding_event at gene tetA enzyme RNAP with twist -5.68479 superhelical -0.06116 global twist -5.68479 global supercoiling -0.00162
frame 5107 time 2553.5 binding_event at DNA_gyrase 37 enzyme gyrase with twist -5.68479 superhelical -0.00161 global twist -5.68479 global supercoiling -0.00161
frame 5107 time 2553.5 unbinding_event at DNA_gyrase 37 enzyme gyrase with twist -8.37758 superhelical -0.00343 global twist -5.68479 global supercoiling -0.00161
frame 5124 time 2562.0 binding_event at DNA_gyrase 31 enzyme gyrase with twist -8.37758 superhelical -0.00237 global twist -8.37758 global supercoiling -0.00237
frame 5125 time 2562.5 unbinding_event at DNA_gyrase 31 enzyme gyrase with twist -13.76317 superhelical -0.01082 global twist -11.07037 global supercoiling -0.00320
frame 5147 time 2573.5 binding_event at DNA_gyrase 46 enzyme gyrase with twist -13.76317 superhelical -0.00390 global twist -13.76317 global supercoiling -0.00390
frame 5154 time 2577.0 unbinding_event at DNA_gyrase 46 enzyme gyrase with twist -35.30552 superhelical -0.01168 global twist -32.61272 global supercoiling -0.00943
frame 5202 time 2601.0 binding_event at DNA_gyrase 11 enzyme gyrase with twist -35.30552 superhelical -0.01000 global twist -35.30552 global supercoiling -0.01000
frame 5205 time 2602.5 unbinding_event at DNA_gyrase 11 enzyme gyrase with twist -46.07669 superhelical -0.01238 global twist -43.38390 global supercoiling -0.01254
frame 5226 time 2613.0 binding_event at DNA_gyrase 30 enzyme gyrase with twist -46.07669 superhelical -0.01305 global twist -46.07669 global supercoiling -0.01305
frame 5230 time 2615.0 unbinding_event at DNA_gyrase 30 enzyme gyrase with twist -59.54066 superhelical -0.04037 global twist -56.84787 global supercoiling -0.01644
frame 5242 time 2621.0 binding_event at DNA_topoI 46 enzyme topoI with twist -59.54066 superhelical -0.01686 global twist -59.54066 global supercoiling -0.01686
frame 5242 time 2621.0 unbinding_event at DNA_topoI 46 enzyme topoI with twist -55.65107 superhelical -0.01582 global twist -59.54066 global supercoiling -0.01686
frame 5253 time 2626.5 binding_event at DNA_gyrase 18 enzyme gyrase with twist -55.65107 superhelical -0.01576 global twist -55.65107 global supercoiling -0.01576
frame 5261 time 2630.5 unbinding_event at DNA_gyrase 18 enzyme gyrase with twist -79.88621 superhelical -0.02016 global twist -77.19342 global supercoiling -0.02232
frame 5346 time 2673.0 binding_event at gene tetA enzyme RNAP with twist -79.88621 superhelical -0.02263 global twist -79.88621 global supercoiling -0.02263
frame 5385 time 2692.5 binding_event at DNA_gyrase 13 enzyme gyrase with twist 99.18365 superhelical 0.09057 global twist -79.88621 global supercoiling -0.02275
frame 5386 time 2693.0 unbinding_event at gene tetA enzyme RNAP with twist -164.01400 superhelical -0.07595 global twist -82.57901 global supercoiling -0.02401
frame 5387 time 2693.5 unbinding_event at DNA_gyrase 13 enzyme gyrase with twist -87.96459 superhelical -0.06315 global twist -85.27180 global supercoiling -0.02465
frame 5407 time 2703.5 binding_event at gene tetA enzyme RNAP with twist -87.96459 superhelical -0.02492 global twist -87.96459 global supercoiling -0.02492
frame 5447 time 2723.5 binding_event at DNA_topoI 30 enzyme topoI with twist -186.60858 superhelical -0.07666 global twist -87.96459 global supercoiling -0.02505
frame 5447 time 2723.5 unbinding_event at gene tetA enzyme RNAP with twist -66.35689 superhelical -0.07910 global twist -87.96459 global supercoiling -0.02505
frame 5476 time 2738.0 unbinding_event at DNA_topoI 30 enzyme topoI with twist 28.72313 superhelical 0.15539 global twist 24.83354 global supercoiling 0.00718
frame 5490 time 2745.0 binding_event at gene tetA enzyme RNAP with twist 28.72313 superhelical 0.00814 global twist 28.72313 global supercoiling 0.00814
frame 5530 time 2765.0 unbinding_event at gene tetA enzyme RNAP with twist 28.72313 superhelical -0.05430 global twist 28.72313 global supercoiling 0.00818
frame 5538 time 2769.0 binding_event at DNA_gyrase 34 enzyme gyrase with twist 28.72313 superhelical 0.00814 global twist 28.72313 global supercoiling 0.00814
frame 5538 time 2769.0 unbinding_event at DNA_gyrase 34 enzyme gyrase with twist 26.03034 superhelical 0.00579 global twist 28.72313 global supercoiling 0.00814
frame 5577 time 2788.5 binding_event at DNA_gyrase 24 enzyme gyrase with twist 26.03034 superhelical 0.00737 global twist 26.03034 global supercoiling 0.00737
frame 5577 time 2788.5 unbinding_event at DNA_gyrase 24 enzyme gyrase with twist 23.33755 superhelical 0.00713 global twist 26.03034 global supercoiling 0.00737
frame 5590 time 2795.0 binding_event at DNA_gyrase 9 enzyme gyrase with twist 23.33755 superhelical 0.00661 global twist 23.33755 global supercoiling 0.00661
frame 5593 time 2796.5 unbinding_event at DNA_gyrase 9 enzyme gyrase with twist 12.56637 superhelical 0.00444 global twist 15.25916 global supercoiling 0.00441
frame 5610 time 2805.0 binding_event at gene tetA enzyme RNAP with twist 12.56637 superhelical 0.00356 global twist 12.56637 global supercoiling 0.00356
frame 5616 time 2808.0 binding_event at gene tetA enzyme RNAP with twist -15.40050 superhelical -0.00844 global twist 12.56637 global supercoiling 0.00358
frame 5643 time 2821.5 binding_event at DNA_gyrase 21 enzyme gyrase with twist 124.90745 superhelical 0.10385 global twist 12.56637 global supercoiling 0.00360
frame 5650 time 2825.0 unbinding_event at gene tetA enzyme RNAP with twist 112.76034 superhelical -0.00853 global twist -6.28319 global supercoiling -0.00184
frame 5650 time 2825.0 unbinding_event at DNA_gyrase 21 enzyme gyrase with twist 131.33250 superhelical -0.00853 global twist -6.28319 global supercoiling -0.00184
frame 5656 time 2828.0 unbinding_event at gene tetA enzyme RNAP with twist -8.97598 superhelical -0.06600 global twist -8.97598 global supercoiling -0.00256
frame 5676 time 2838.0 binding_event at DNA_gyrase 48 enzyme gyrase with twist -8.97598 superhelical -0.00254 global twist -8.97598 global supercoiling -0.00254
frame 5686 time 2843.0 unbinding_event at DNA_gyrase 48 enzyme gyrase with twist -38.59671 superhelical -0.01220 global twist -35.90392 global supercoiling -0.01038
frame 5760 time 2880.0 binding_event at gene tetA enzyme RNAP with twist -38.59671 superhelical -0.01093 global twist -38.59671 global supercoiling -0.01093
frame 5800 time 2900.0 unbinding_event at gene tetA enzyme RNAP with twist -38.59671 superhelical -0.06772 global twist -38.59671 global supercoiling -0.01099
frame 5934 time 2967.0 binding_event at gene tetA enzyme RNAP with twist -38.59671 superhelical -0.01093 global twist -38.59671 global supercoiling -0.01093
frame 5974 time 2987.0 unbinding_event at gene tetA enzyme RNAP with twist -38.59671 superhelical -0.06772 global twist -38.59671 global supercoiling -0.01099
frame 5978 time 2989.0 binding_event at DNA_gyrase 0 enzyme gyrase with twist -38.59671 superhelical -0.01093 global twist -38.59671 global supercoiling -0.01093
frame 5978 time 2989.0 unbinding_event at DNA_gyrase 0 enzyme gyrase with twist -41.28950 superhelical -0.01196 global twist -38.59671 global supercoiling -0.01093
frame 6004 time 3002.0 binding_event at gene tetA enzyme RNAP with twist -41.28950 superhelical -0.01169 global twist -41.28950 global supercoiling -0.01169
frame 6018 time 3009.0 binding_event at gene tetA enzyme RNAP with twist -70.44583 superhelical -0.03580 global twist -41.28950 global supercoiling -0.01176
frame 6044 time 3022.0 unbinding_event at gene tetA enzyme RNAP with twist 117.70225 superhelical -0.03616 global twist -41.28950 global supercoiling -0.01182
frame 6051 time 3025.5 binding_event at DNA_topoI 34 enzyme topoI with twist -180.53410 superhelical -0.07820 global twist -41.28950 global supercoiling -0.01176
frame 6056 time 3028.0 unbinding_event at DNA_topoI 34 enzyme topoI with twist -178.73891 superhelical -0.05895 global twist -21.84155 global supercoiling -0.00635
frame 6058 time 3029.0 unbinding_event at gene tetA enzyme RNAP with twist -17.95196 superhelical -0.07582 global twist -17.95196 global supercoiling -0.00511
frame 6098 time 3049.0 binding_event at DNA_gyrase 2 enzyme gyrase with twist -17.95196 superhelical -0.00508 global twist -17.95196 global supercoiling -0.00508
frame 6099 time 3049.5 unbinding_event at DNA_gyrase 2 enzyme gyrase with twist -23.33755 superhelical -0.00666 global twist -20.64475 global supercoiling -0.00597
frame 6106 time 3053.0 binding_event at gene Raspberry enzyme RNAP with twist -23.33755 superhelical -0.00661 global twist -23.33755 global supercoiling -0.00661
frame 6133 time 3066.5 unbinding_event at gene Raspberry enzyme RNAP with twist -23.33755 superhelical -0.08348 global twist -23.33755 global supercoiling -0.00665
frame 6137 time 3068.5 binding_event at DNA_gyrase 17 enzyme gyrase with twist -23.33755 superhelical -0.00661 global twist -23.33755 global supercoiling -0.00661
frame 6138 time 3069.0 unbinding_event at DNA_gyrase 17 enzyme gyrase with twist -28.72313 superhelical -0.00767 global twist -26.03034 global supercoiling -0.00753
frame 6160 time 3080.0 binding_event at DNA_gyrase 20 enzyme gyrase with twist -28.72313 superhelical -0.00814 global twist -28.72313 global supercoiling -0.00814
frame 6160 time 3080.0 unbinding_event at DNA_gyrase 20 enzyme gyrase with twist -31.41593 superhelical -0.00874 global twist -28.72313 global supercoiling -0.00814
frame 6181 time 3090.5 binding_event at DNA_gyrase 20 enzyme gyrase with twist -31.41593 superhelical -0.00890 global twist -31.41593 global supercoiling -0.00890
frame 6182 time 3091.0 unbinding_event at DNA_gyrase 20 enzyme gyrase with twist -36.80151 superhelical -0.00995 global twist -34.10872 global supercoiling -0.00986
frame 6187 time 3093.5 binding_event at gene tetA enzyme RNAP with twist -36.80151 superhelical -0.01042 global twist -36.80151 global supercoiling -0.01042
frame 6206 time 3103.0 binding_event at gene tetA enzyme RNAP with twist -86.20427 superhelical -0.04190 global twist -36.80151 global supercoiling -0.01048
frame 6227 time 3113.5 unbinding_event at gene tetA enzyme RNAP with twist 114.77485 superhelical -0.04230 global twist -36.80151 global supercoiling -0.01054
frame 6246 time 3123.0 unbinding_event at gene tetA enzyme RNAP with twist -36.80151 superhelical -0.08963 global twist -36.80151 global supercoiling -0.01048
frame 6259 time 3129.5 binding_event at DNA_gyrase 32 enzyme gyrase with twist -36.80151 superhelical -0.01042 global twist -36.80151 global supercoiling -0.01042
frame 6262 time 3131.0 unbinding_event at DNA_gyrase 32 enzyme gyrase with twist -47.57269 superhelical -0.02436 global twist -44.87990 global supercoiling -0.01298
frame 6274 time 3137.0 binding_event at DNA_gyrase 39 enzyme gyrase with twist -47.57269 superhelical -0.01347 global twist -47.57269 global supercoiling -0.01347
frame 6276 time 3138.0 unbinding_event at DNA_gyrase 39 enzyme gyrase with twist -55.65107 superhelical -0.01827 global twist -52.95828 global supercoiling -0.01531
frame 6353 time 3176.5 binding_event at DNA_topoI 48 enzyme topoI with twist -55.65107 superhelical -0.01576 global twist -55.65107 global supercoiling -0.01576
frame 6357 time 3178.5 unbinding_event at DNA_topoI 48 enzyme topoI with twist -36.20312 superhelical -0.00978 global twist -40.09271 global supercoiling -0.01159
frame 6403 time 3201.5 binding_event at DNA_topoI 27 enzyme topoI with twist -36.20312 superhelical -0.01025 global twist -36.20312 global supercoiling -0.01025
frame 6414 time 3207.0 unbinding_event at DNA_topoI 27 enzyme topoI with twist 10.47198 superhelical 0.68596 global twist 6.58238 global supercoiling 0.00190
frame 6420 time 3210.0 binding_event at gene tetA enzyme RNAP with twist 10.47198 superhelical 0.00297 global twist 10.47198 global supercoiling 0.00297
frame 6423 time 3211.5 binding_event at DNA_gyrase 10 enzyme gyrase with twist 16.12495 superhelical 0.00926 global twist 10.47198 global supercoiling 0.00298
frame 6423 time 3211.5 unbinding_event at DNA_gyrase 10 enzyme gyrase with twist 17.02254 superhelical 0.01371 global twist 10.47198 global supercoiling 0.00298
frame 6453 time 3226.5 binding_event at gene tetA enzyme RNAP with twist -113.36472 superhelical -0.04910 global twist 7.77918 global supercoiling 0.00222
frame 6457 time 3228.5 binding_event at DNA_gyrase 10 enzyme gyrase with twist 135.50547 superhelical 0.11981 global twist 7.77918 global supercoiling 0.00223
frame 6460 time 3230.0 unbinding_event at gene tetA enzyme RNAP with twist 134.60787 superhelical 5.38630 global twist -0.29920 global supercoiling -0.00009
frame 6464 time 3232.0 binding_event at DNA_topoI 0 enzyme topoI with twist -124.47340 superhelical -0.06504 global twist -11.07037 global supercoiling -0.00322
frame 6464 time 3232.0 unbinding_event at DNA_topoI 0 enzyme topoI with twist -124.17420 superhelical -0.06643 global twist -11.07037 global supercoiling -0.00322
frame 6464 time 3232.0 unbinding_event at DNA_gyrase 10 enzyme gyrase with twist 114.30062 superhelical -0.03298 global twist -11.07037 global supercoiling -0.00322
frame 6465 time 3232.5 binding_event at DNA_gyrase 22 enzyme gyrase with twist 114.30062 superhelical 0.07235 global twist -9.87358 global supercoiling -0.00281
frame 6468 time 3234.0 unbinding_event at DNA_gyrase 22 enzyme gyrase with twist 117.89102 superhelical 0.08740 global twist -17.95196 global supercoiling -0.00522
frame 6471 time 3235.5 binding_event at DNA_topoI 37 enzyme topoI with twist -145.71655 superhelical -0.07145 global twist -20.64475 global supercoiling -0.00588
frame 6471 time 3235.5 unbinding_event at DNA_topoI 37 enzyme topoI with twist -145.41735 superhelical -0.07147 global twist -20.64475 global supercoiling -0.00588
frame 6493 time 3246.5 unbinding_event at gene tetA enzyme RNAP with twist -16.75516 superhelical -0.09151 global twist -16.75516 global supercoiling -0.00477
frame 6499 time 3249.5 binding_event at DNA_gyrase 32 enzyme gyrase with twist -16.75516 superhelical -0.00475 global twist -16.75516 global supercoiling -0.00475
frame 6505 time 3252.5 unbinding_event at DNA_gyrase 32 enzyme gyrase with twist -35.60472 superhelical -0.02885 global twist -32.91192 global supercoiling -0.00952
frame 6524 time 3262.0 binding_event at gene tetA enzyme RNAP with twist -35.60472 superhelical -0.01008 global twist -35.60472 global supercoiling -0.01008
frame 6564 time 3282.0 unbinding_event at gene tetA enzyme RNAP with twist -35.60472 superhelical -0.06713 global twist -35.60472 global supercoiling -0.01014
frame 6683 time 3341.5 binding_event at DNA_topoI 20 enzyme topoI with twist -35.60472 superhelical -0.01008 global twist -35.60472 global supercoiling -0.01008
frame 6691 time 3345.5 unbinding_event at DNA_topoI 20 enzyme topoI with twist -0.59840 superhelical -0.00469 global twist -4.48799 global supercoiling -0.00130
frame 6737 time 3368.5 binding_event at DNA_gyrase 45 enzyme gyrase with twist -0.59840 superhelical -0.00017 global twist -0.59840 global supercoiling -0.00017
frame 6744 time 3372.0 unbinding_event at DNA_gyrase 45 enzyme gyrase with twist -22.14075 superhelical -0.00830 global twist -19.44795 global supercoiling -0.00562
frame 6752 time 3376.0 binding_event at gene tetA enzyme RNAP with twist -22.14075 superhelical -0.00627 global twist -22.14075 global supercoiling -0.00627
frame 6792 time 3396.0 unbinding_event at gene tetA enzyme RNAP with twist -22.14075 superhelical -0.06444 global twist -22.14075 global supercoiling -0.00631
frame 6814 time 3407.0 binding_event at DNA_gyrase 20 enzyme gyrase with twist -22.14075 superhelical -0.00627 global twist -22.14075 global supercoiling -0.00627
frame 6814 time 3407.0 unbinding_event at DNA_gyrase 20 enzyme gyrase with twist -24.83354 superhelical -0.00683 global twist -22.14075 global supercoiling -0.00627
frame 6857 time 3428.5 binding_event at DNA_topoI 9 enzyme topoI with twist -24.83354 superhelical -0.00703 global twist -24.83354 global supercoiling -0.00703
frame 6861 time 3430.5 unbinding_event at DNA_topoI 9 enzyme topoI with twist -5.38559 superhelical -0.00301 global twist -9.27518 global supercoiling -0.00268
frame 6999 time 3499.5 binding_event at DNA_gyrase 4 enzyme gyrase with twist -5.38559 superhelical -0.00153 global twist -5.38559 global supercoiling -0.00153
frame 6999 time 3499.5 unbinding_event at DNA_gyrase 4 enzyme gyrase with twist -8.07838 superhelical -0.00224 global twist -5.38559 global supercoiling -0.00153
frame 7048 time 3524.0 binding_event at DNA_gyrase 43 enzyme gyrase with twist -8.07838 superhelical -0.00229 global twist -8.07838 global supercoiling -0.00229
frame 7052 time 3526.0 unbinding_event at DNA_gyrase 43 enzyme gyrase with twist -21.54235 superhelical -0.00803 global twist -18.84956 global supercoiling -0.00545
frame 7062 time 3531.0 binding_event at DNA_gyrase 14 enzyme gyrase with twist -21.54235 superhelical -0.00610 global twist -21.54235 global supercoiling -0.00610
frame 7063 time 3531.5 unbinding_event at DNA_gyrase 14 enzyme gyrase with twist -26.92794 superhelical -0.00723 global twist -24.23514 global supercoiling -0.00701
frame 7088 time 3544.0 binding_event at DNA_gyrase 5 enzyme gyrase with twist -26.92794 superhelical -0.00763 global twist -26.92794 global supercoiling -0.00763
frame 7088 time 3544.0 unbinding_event at DNA_gyrase 5 enzyme gyrase with twist -29.62073 superhelical -0.00844 global twist -26.92794 global supercoiling -0.00763
frame 7214 time 3607.0 binding_event at gene tetA enzyme RNAP with twist -29.62073 superhelical -0.00839 global twist -29.62073 global supercoiling -0.00839
frame 7254 time 3627.0 unbinding_event at gene tetA enzyme RNAP with twist -29.62073 superhelical -0.06593 global twist -29.62073 global supercoiling -0.00844
frame 7277 time 3638.5 binding_event at gene tetA enzyme RNAP with twist -29.62073 superhelical -0.00839 global twist -29.62073 global supercoiling -0.00839
frame 7281 time 3640.5 binding_event at gene tetA enzyme RNAP with twist -28.83877 superhelical -0.01613 global twist -29.62073 global supercoiling -0.00844
frame 7282 time 3641.0 binding_event at DNA_gyrase 47 enzyme gyrase with twist -31.57064 superhelical -0.01821 global twist -29.62073 global supercoiling -0.00848
frame 7283 time 3641.5 unbinding_event at DNA_gyrase 47 enzyme gyrase with twist -44.13701 superhelical -0.02082 global twist -32.31352 global supercoiling -0.00945
frame 7285 time 3642.5 binding_event at DNA_gyrase 36 enzyme gyrase with twist -47.72740 superhelical -0.02669 global twist -35.00632 global supercoiling -0.01002
frame 7287 time 3643.5 unbinding_event at DNA_gyrase 36 enzyme gyrase with twist -66.57695 superhelical -0.03375 global twist -40.39191 global supercoiling -0.01181
frame 7308 time 3654.0 binding_event at DNA_topoI 3 enzyme topoI with twist -138.38479 superhelical -0.06288 global twist -43.08470 global supercoiling -0.01234
frame 7317 time 3658.5 unbinding_event at gene tetA enzyme RNAP with twist 131.20400 superhelical -0.01630 global twist -8.07838 global supercoiling -0.00236
frame 7318 time 3659.0 unbinding_event at DNA_topoI 3 enzyme topoI with twist -135.09359 superhelical -0.05374 global twist -4.18879 global supercoiling -0.00122
frame 7321 time 3660.5 binding_event at DNA_topoI 27 enzyme topoI with twist -142.27438 superhelical -0.05845 global twist -0.29920 global supercoiling -0.00009
frame 7321 time 3660.5 unbinding_event at gene tetA enzyme RNAP with twist 3.66367 superhelical -0.06046 global twist -0.29920 global supercoiling -0.00009
frame 7324 time 3662.0 unbinding_event at DNA_topoI 27 enzyme topoI with twist 15.25916 superhelical 0.17192 global twist 11.36957 global supercoiling 0.00329
frame 7335 time 3667.5 binding_event at DNA_gyrase 6 enzyme gyrase with twist 15.25916 superhelical 0.00432 global twist 15.25916 global supercoiling 0.00432
frame 7338 time 3669.0 unbinding_event at DNA_gyrase 6 enzyme gyrase with twist 4.48799 superhelical 0.00187 global twist 7.18078 global supercoiling 0.00208
frame 7346 time 3673.0 binding_event at gene tetA enzyme RNAP with twist 4.48799 superhelical 0.00127 global twist 4.48799 global supercoiling 0.00127
frame 7386 time 3693.0 unbinding_event at gene tetA enzyme RNAP with twist 4.48799 superhelical -0.05913 global twist 4.48799 global supercoiling 0.00128
frame 7435 time 3717.5 binding_event at gene tetA enzyme RNAP with twist 4.48799 superhelical 0.00127 global twist 4.48799 global supercoiling 0.00127
frame 7457 time 3728.5 binding_event at DNA_gyrase 9 enzyme gyrase with twist 81.28309 superhelical 0.05805 global twist 4.48799 global supercoiling 0.00128
frame 7460 time 3730.0 binding_event at DNA_gyrase 24 enzyme gyrase with twist 64.94159 superhelical 0.05760 global twist -3.59039 global supercoiling -0.00104
frame 7473 time 3736.5 unbinding_event at DNA_gyrase 9 enzyme gyrase with twist -113.68173 superhelical -0.05527 global twist -73.60303 global supercoiling -0.02186
frame 7473 time 3736.5 unbinding_event at DNA_gyrase 24 enzyme gyrase with twist 34.69312 superhelical 0.05185 global twist -73.60303 global supercoiling -0.02186
frame 7475 time 3737.5 unbinding_event at gene tetA enzyme RNAP with twist -78.98862 superhelical -0.04929 global twist -78.98862 global supercoiling -0.02249
frame 7478 time 3739.0 binding_event at gene tetA enzyme RNAP with twist -78.98862 superhelical -0.02237 global twist -78.98862 global supercoiling -0.02237
frame 7480 time 3740.0 binding_event at gene mKalama1 enzyme RNAP with twist -45.78667 superhelical -0.02613 global twist -78.98862 global supercoiling -0.02249
frame 7490 time 3745.0 binding_event at gene tetA enzyme RNAP with twist -100.48774 superhelical -0.06956 global twist -78.98862 global supercoiling -0.02262
frame 7494 time 3747.0 binding_event at DNA_topoI 38 enzyme topoI with twist -115.37377 superhelical -0.08405 global twist -78.98862 global supercoiling -0.02274
frame 7495 time 3747.5 unbinding_event at DNA_topoI 38 enzyme topoI with twist -121.95616 superhelical -0.08893 global twist -75.09902 global supercoiling -0.02208
frame 7500 time 3750.0 binding_event at DNA_topoI 41 enzyme topoI with twist -150.67929 superhelical -0.09488 global twist -71.20943 global supercoiling -0.02050
frame 7501 time 3750.5 unbinding_event at DNA_topoI 41 enzyme topoI with twist -157.26167 superhelical -0.09901 global twist -67.31984 global supercoiling -0.01979
frame 7507 time 3753.5 unbinding_event at gene mKalama1 enzyme RNAP with twist -116.92217 superhelical 0.57608 global twist -63.43025 global supercoiling -0.01826
frame 7518 time 3759.0 unbinding_event at gene tetA enzyme RNAP with twist 92.98623 superhelical -0.07050 global twist -63.43025 global supercoiling -0.01816
frame 7530 time 3765.0 unbinding_event at gene tetA enzyme RNAP with twist -63.43025 superhelical -0.08135 global twist -63.43025 global supercoiling -0.01806
frame 7776 time 3888.0 binding_event at DNA_gyrase 49 enzyme gyrase with twist -63.43025 superhelical -0.01797 global twist -63.43025 global supercoiling -0.01797
frame 7778 time 3889.0 unbinding_event at DNA_gyrase 49 enzyme gyrase with twist -71.50863 superhelical -0.02084 global twist -68.81584 global supercoiling -0.01990
frame 7838 time 3919.0 binding_event at gene tetA enzyme RNAP with twist -71.50863 superhelical -0.02025 global twist -71.50863 global supercoiling -0.02025
frame 7878 time 3939.0 unbinding_event at gene tetA enzyme RNAP with twist -71.50863 superhelical -0.07428 global twist -71.50863 global supercoiling -0.02036
frame 7883 time 3941.5 binding_event at DNA_gyrase 16 enzyme gyrase with twist -71.50863 superhelical -0.02025 global twist -71.50863 global supercoiling -0.02025
frame 7883 time 3941.5 unbinding_event at DNA_gyrase 16 enzyme gyrase with twist -74.20143 superhelical -0.02115 global twist -71.50863 global supercoiling -0.02025
frame 7948 time 3974.0 binding_event at DNA_gyrase 17 enzyme gyrase with twist -74.20143 superhelical -0.02102 global twist -74.20143 global supercoiling -0.02102
frame 7948 time 3974.0 unbinding_event at DNA_gyrase 17 enzyme gyrase with twist -76.89422 superhelical -0.02192 global twist -74.20143 global supercoiling -0.02102
frame 7980 time 3990.0 binding_event at DNA_gyrase 8 enzyme gyrase with twist -76.89422 superhelical -0.02178 global twist -76.89422 global supercoiling -0.02178
frame 7981 time 3990.5 unbinding_event at DNA_gyrase 8 enzyme gyrase with twist -82.27981 superhelical -0.02342 global twist -79.58701 global supercoiling -0.02301
