TORCphysics log file 

General information: 
---------------------------------------------------------------------------------------
Circuit name: Pleu500_32
Size: 6000
Structure: circle
Number of sites: 110
Number of frames: 8000
Simulation time: 4000.0
Simulation timestep: 0.5
Seed: 1302247551260472399
 
Overall simulation information 
---------------------------------------------------------------------------------------
Initial twist: -211.83310
Final twist: -8.07838
Initial superhelical density: -0.06000
Final superhelical density: -0.00229
 
Overall rates 
---------------------------------------------------------------------------------------
site type            site name            #binding events      #unbinding events    binding rates        
 DNA_topoI            DNA_topoI_global                     53.0                 53.0               0.01325 
DNA_gyrase           DNA_gyrase_global                    70.0                 70.0                0.0175 
EXT                  EXT                                   0.0                  0.0                   0.0 
gene                 tetA                                 79.0                 79.0               0.01975 
gene                 CDS                                   0.0                  0.0                   0.0 
origin               ori                                   0.0                  0.0                   0.0 
lacOP                lac1                                  0.0                  0.0                   0.0 
gene                 mKalama1                             10.0                 10.0                0.0025 
lacOP                lac2                                  0.0                  0.0                   0.0 
gene                 Raspberry                            10.0                 10.0                0.0025 
 
Events
---------------------------------------------------------------------------------------
frame 13 time 6.5 binding_event at DNA_topoI 28 enzyme topoI with twist -211.83310 superhelical -0.06000 global twist -211.83310 global supercoiling -0.06000
frame 15 time 7.5 unbinding_event at DNA_topoI 28 enzyme topoI with twist -200.16433 superhelical -0.00585 global twist -204.05392 global supercoiling -0.05900
frame 39 time 19.5 binding_event at gene tetA enzyme RNAP with twist -200.16433 superhelical -0.05669 global twist -200.16433 global supercoiling -0.05669
frame 71 time 35.5 binding_event at DNA_topoI 3 enzyme topoI with twist -212.72336 superhelical -0.09287 global twist -200.16433 global supercoiling -0.05700
frame 72 time 36.0 unbinding_event at DNA_topoI 3 enzyme topoI with twist -212.12496 superhelical -0.09382 global twist -196.27474 global supercoiling -0.05706
frame 79 time 39.5 unbinding_event at gene tetA enzyme RNAP with twist -192.38515 superhelical -0.09675 global twist -192.38515 global supercoiling -0.05479
frame 103 time 51.5 binding_event at gene tetA enzyme RNAP with twist -192.38515 superhelical -0.05449 global twist -192.38515 global supercoiling -0.05449
frame 116 time 58.0 binding_event at DNA_topoI 38 enzyme topoI with twist -140.70382 superhelical -0.07217 global twist -192.38515 global supercoiling -0.05479
frame 116 time 58.0 unbinding_event at DNA_topoI 38 enzyme topoI with twist -140.40463 superhelical -0.07257 global twist -192.38515 global supercoiling -0.05479
frame 122 time 61.0 binding_event at DNA_topoI 30 enzyme topoI with twist -158.35658 superhelical -0.07697 global twist -188.49556 global supercoiling -0.05368
frame 124 time 62.0 binding_event at DNA_topoI 38 enzyme topoI with twist -141.79354 superhelical -0.08000 global twist -180.71638 global supercoiling -0.05254
frame 127 time 63.5 unbinding_event at DNA_topoI 30 enzyme topoI with twist -34.53652 superhelical -0.03288 global twist -157.37883 global supercoiling -0.04673
frame 129 time 64.5 unbinding_event at DNA_topoI 38 enzyme topoI with twist -140.40463 superhelical -0.03722 global twist -145.71006 global supercoiling -0.04236
frame 143 time 71.5 unbinding_event at gene tetA enzyme RNAP with twist -141.82047 superhelical -0.07775 global twist -141.82047 global supercoiling -0.04039
frame 166 time 83.0 binding_event at gene tetA enzyme RNAP with twist -141.82047 superhelical -0.04017 global twist -141.82047 global supercoiling -0.04017
frame 171 time 85.5 binding_event at gene tetA enzyme RNAP with twist -87.26707 superhelical -0.04832 global twist -141.82047 global supercoiling -0.04039
frame 185 time 92.5 binding_event at gene Raspberry enzyme RNAP with twist -134.08396 superhelical -0.06815 global twist -141.82047 global supercoiling -0.04061
frame 206 time 103.0 unbinding_event at gene tetA enzyme RNAP with twist 71.25211 superhelical -0.04884 global twist -141.82047 global supercoiling -0.04083
frame 208 time 104.0 binding_event at DNA_topoI 30 enzyme topoI with twist -135.04306 superhelical -0.11491 global twist -141.82047 global supercoiling -0.04061
frame 211 time 105.5 unbinding_event at gene tetA enzyme RNAP with twist 7.58416 superhelical -0.06882 global twist -130.15170 global supercoiling -0.03805
frame 212 time 106.0 unbinding_event at gene Raspberry enzyme RNAP with twist -101.63125 superhelical -0.11946 global twist -126.26210 global supercoiling -0.03671
frame 224 time 112.0 unbinding_event at DNA_topoI 30 enzyme topoI with twist -75.69742 superhelical 0.01043 global twist -79.58701 global supercoiling -0.02301
frame 274 time 137.0 binding_event at gene Raspberry enzyme RNAP with twist -75.69742 superhelical -0.02144 global twist -75.69742 global supercoiling -0.02144
frame 301 time 150.5 binding_event at DNA_gyrase 8 enzyme gyrase with twist 37.67780 superhelical 0.01664 global twist -75.69742 global supercoiling -0.02156
frame 301 time 150.5 unbinding_event at gene Raspberry enzyme RNAP with twist -97.65144 superhelical -0.09246 global twist -75.69742 global supercoiling -0.02156
frame 307 time 153.5 unbinding_event at DNA_gyrase 8 enzyme gyrase with twist -94.54698 superhelical -0.04679 global twist -91.85419 global supercoiling -0.02656
frame 505 time 252.5 binding_event at gene tetA enzyme RNAP with twist -94.54698 superhelical -0.02678 global twist -94.54698 global supercoiling -0.02678
frame 529 time 264.5 binding_event at DNA_topoI 0 enzyme topoI with twist -132.37948 superhelical -0.06166 global twist -94.54698 global supercoiling -0.02693
frame 530 time 265.0 unbinding_event at DNA_topoI 0 enzyme topoI with twist -131.78108 superhelical -0.06148 global twist -90.65739 global supercoiling -0.02636
frame 532 time 266.0 binding_event at DNA_topoI 33 enzyme topoI with twist -135.37147 superhelical -0.06151 global twist -86.76780 global supercoiling -0.02471
frame 532 time 266.0 unbinding_event at DNA_topoI 33 enzyme topoI with twist -135.07227 superhelical -0.05939 global twist -86.76780 global supercoiling -0.02471
frame 534 time 267.0 binding_event at gene Raspberry enzyme RNAP with twist -138.66266 superhelical -0.06199 global twist -82.87821 global supercoiling -0.02360
frame 540 time 270.0 binding_event at DNA_topoI 28 enzyme topoI with twist -69.20998 superhelical -0.07955 global twist -82.87821 global supercoiling -0.02373
frame 545 time 272.5 unbinding_event at gene tetA enzyme RNAP with twist 7.87412 superhelical -0.06253 global twist -63.43025 global supercoiling -0.01854
frame 546 time 273.0 unbinding_event at DNA_topoI 28 enzyme topoI with twist -67.11558 superhelical 0.04256 global twist -59.54066 global supercoiling -0.01731
frame 555 time 277.5 binding_event at DNA_gyrase 19 enzyme gyrase with twist 40.18765 superhelical 0.01694 global twist -55.65107 global supercoiling -0.01585
frame 561 time 280.5 unbinding_event at gene Raspberry enzyme RNAP with twist -72.22682 superhelical -0.09563 global twist -71.80783 global supercoiling -0.02088
frame 563 time 281.5 unbinding_event at DNA_gyrase 19 enzyme gyrase with twist -79.88621 superhelical -0.02457 global twist -77.19342 global supercoiling -0.02232
frame 585 time 292.5 binding_event at DNA_gyrase 37 enzyme gyrase with twist -79.88621 superhelical -0.02263 global twist -79.88621 global supercoiling -0.02263
frame 588 time 294.0 unbinding_event at DNA_gyrase 37 enzyme gyrase with twist -90.65739 superhelical -0.03026 global twist -87.96459 global supercoiling -0.02543
frame 603 time 301.5 binding_event at DNA_topoI 8 enzyme topoI with twist -90.65739 superhelical -0.02568 global twist -90.65739 global supercoiling -0.02568
frame 612 time 306.0 unbinding_event at DNA_topoI 8 enzyme topoI with twist -51.76148 superhelical -0.01760 global twist -55.65107 global supercoiling -0.01609
frame 653 time 326.5 binding_event at DNA_gyrase 39 enzyme gyrase with twist -51.76148 superhelical -0.01466 global twist -51.76148 global supercoiling -0.01466
frame 661 time 330.5 unbinding_event at DNA_gyrase 39 enzyme gyrase with twist -75.99662 superhelical -0.02850 global twist -73.30383 global supercoiling -0.02119
frame 794 time 397.0 binding_event at DNA_gyrase 15 enzyme gyrase with twist -75.99662 superhelical -0.02153 global twist -75.99662 global supercoiling -0.02153
frame 797 time 398.5 unbinding_event at DNA_gyrase 15 enzyme gyrase with twist -86.76780 superhelical -0.02392 global twist -84.07500 global supercoiling -0.02431
frame 813 time 406.5 binding_event at gene tetA enzyme RNAP with twist -86.76780 superhelical -0.02458 global twist -86.76780 global supercoiling -0.02458
frame 824 time 412.0 binding_event at DNA_gyrase 6 enzyme gyrase with twist -4.86551 superhelical -0.00305 global twist -86.76780 global supercoiling -0.02471
frame 824 time 412.0 unbinding_event at DNA_gyrase 6 enzyme gyrase with twist -3.96791 superhelical 0.01005 global twist -86.76780 global supercoiling -0.02471
frame 839 time 419.5 binding_event at DNA_topoI 26 enzyme topoI with twist -135.75816 superhelical -0.06219 global twist -89.46059 global supercoiling -0.02548
frame 844 time 422.0 unbinding_event at DNA_topoI 26 enzyme topoI with twist -133.96297 superhelical 0.24263 global twist -70.01264 global supercoiling -0.02035
frame 845 time 422.5 binding_event at gene tetA enzyme RNAP with twist -133.96297 superhelical -0.05848 global twist -66.12305 global supercoiling -0.01883
frame 851 time 425.5 binding_event at DNA_gyrase 22 enzyme gyrase with twist 89.38227 superhelical 0.08031 global twist -66.12305 global supercoiling -0.01893
frame 853 time 426.5 unbinding_event at gene tetA enzyme RNAP with twist 46.72102 superhelical -0.05898 global twist -71.50863 global supercoiling -0.02091
frame 858 time 429.0 unbinding_event at DNA_gyrase 22 enzyme gyrase with twist 63.81342 superhelical 0.04533 global twist -84.97260 global supercoiling -0.02470
frame 885 time 442.5 unbinding_event at gene tetA enzyme RNAP with twist -87.66540 superhelical -0.10130 global twist -87.66540 global supercoiling -0.02497
frame 972 time 486.0 binding_event at DNA_gyrase 13 enzyme gyrase with twist -87.66540 superhelical -0.02483 global twist -87.66540 global supercoiling -0.02483
frame 973 time 486.5 unbinding_event at DNA_gyrase 13 enzyme gyrase with twist -93.05098 superhelical -0.02637 global twist -90.35819 global supercoiling -0.02612
frame 997 time 498.5 binding_event at gene tetA enzyme RNAP with twist -93.05098 superhelical -0.02636 global twist -93.05098 global supercoiling -0.02636
frame 999 time 499.5 binding_event at DNA_topoI 27 enzyme topoI with twist -52.65969 superhelical -0.03005 global twist -93.05098 global supercoiling -0.02650
frame 1003 time 501.5 unbinding_event at DNA_topoI 27 enzyme topoI with twist -51.16369 superhelical 0.25884 global twist -77.49262 global supercoiling -0.02253
frame 1007 time 503.5 binding_event at DNA_topoI 43 enzyme topoI with twist -61.93487 superhelical -0.03267 global twist -73.60303 global supercoiling -0.02096
frame 1010 time 505.0 unbinding_event at DNA_topoI 43 enzyme topoI with twist -60.73807 superhelical -0.02738 global twist -61.93426 global supercoiling -0.01801
frame 1037 time 518.5 unbinding_event at gene tetA enzyme RNAP with twist -58.04466 superhelical -0.06430 global twist -58.04466 global supercoiling -0.01653
frame 1114 time 557.0 binding_event at gene tetA enzyme RNAP with twist -58.04466 superhelical -0.01644 global twist -58.04466 global supercoiling -0.01644
frame 1149 time 574.5 binding_event at DNA_gyrase 10 enzyme gyrase with twist 95.98852 superhelical 0.08226 global twist -58.04466 global supercoiling -0.01653
frame 1151 time 575.5 unbinding_event at DNA_gyrase 10 enzyme gyrase with twist 98.68131 superhelical 0.70980 global twist -63.43025 global supercoiling -0.01844
frame 1154 time 577.0 unbinding_event at gene tetA enzyme RNAP with twist -66.12305 superhelical -0.07160 global twist -66.12305 global supercoiling -0.01883
frame 1165 time 582.5 binding_event at DNA_topoI 21 enzyme topoI with twist -66.12305 superhelical -0.01873 global twist -66.12305 global supercoiling -0.01873
frame 1167 time 583.5 unbinding_event at DNA_topoI 21 enzyme topoI with twist -54.45427 superhelical -0.01729 global twist -58.34386 global supercoiling -0.01687
frame 1191 time 595.5 binding_event at gene tetA enzyme RNAP with twist -54.45427 superhelical -0.01542 global twist -54.45427 global supercoiling -0.01542
frame 1217 time 608.5 binding_event at gene tetA enzyme RNAP with twist -119.96485 superhelical -0.05496 global twist -54.45427 global supercoiling -0.01551
frame 1225 time 612.5 binding_event at gene tetA enzyme RNAP with twist -123.87224 superhelical -0.06660 global twist -54.45427 global supercoiling -0.01559
frame 1231 time 615.5 unbinding_event at gene tetA enzyme RNAP with twist 94.55071 superhelical -0.05544 global twist -54.45427 global supercoiling -0.01568
frame 1235 time 617.5 binding_event at DNA_topoI 49 enzyme topoI with twist -151.39988 superhelical -0.07986 global twist -54.45427 global supercoiling -0.01559
frame 1241 time 620.5 unbinding_event at DNA_topoI 49 enzyme topoI with twist -149.30549 superhelical -0.07457 global twist -31.11673 global supercoiling -0.00910
frame 1257 time 628.5 unbinding_event at gene tetA enzyme RNAP with twist 179.52462 superhelical -0.06730 global twist -27.22714 global supercoiling -0.00780
frame 1265 time 632.5 unbinding_event at gene tetA enzyme RNAP with twist -27.22714 superhelical -0.09602 global twist -27.22714 global supercoiling -0.00775
frame 1291 time 645.5 binding_event at DNA_topoI 6 enzyme topoI with twist -27.22714 superhelical -0.00771 global twist -27.22714 global supercoiling -0.00771
frame 1292 time 646.0 unbinding_event at DNA_topoI 6 enzyme topoI with twist -19.44795 superhelical -0.00603 global twist -23.33755 global supercoiling -0.00675
frame 1322 time 661.0 binding_event at gene tetA enzyme RNAP with twist -19.44795 superhelical -0.00551 global twist -19.44795 global supercoiling -0.00551
frame 1362 time 681.0 unbinding_event at gene tetA enzyme RNAP with twist -19.44795 superhelical -0.06391 global twist -19.44795 global supercoiling -0.00554
frame 1386 time 693.0 binding_event at gene mKalama1 enzyme RNAP with twist -19.44795 superhelical -0.00551 global twist -19.44795 global supercoiling -0.00551
frame 1402 time 701.0 binding_event at gene tetA enzyme RNAP with twist -73.30821 superhelical -0.02326 global twist -19.44795 global supercoiling -0.00554
frame 1413 time 706.5 unbinding_event at gene mKalama1 enzyme RNAP with twist -20.51419 superhelical 0.66945 global twist -19.44795 global supercoiling -0.00557
frame 1424 time 712.0 binding_event at DNA_gyrase 9 enzyme gyrase with twist 36.97015 superhelical 0.02640 global twist -19.44795 global supercoiling -0.00554
frame 1441 time 720.5 unbinding_event at DNA_gyrase 9 enzyme gyrase with twist -120.63761 superhelical -0.04711 global twist -65.22545 global supercoiling -0.01896
frame 1442 time 721.0 unbinding_event at gene tetA enzyme RNAP with twist -67.91824 superhelical -0.05066 global twist -67.91824 global supercoiling -0.01934
frame 1449 time 724.5 binding_event at gene tetA enzyme RNAP with twist -67.91824 superhelical -0.01924 global twist -67.91824 global supercoiling -0.01924
frame 1463 time 731.5 binding_event at gene tetA enzyme RNAP with twist -83.46070 superhelical -0.04242 global twist -67.91824 global supercoiling -0.01934
frame 1473 time 736.5 binding_event at gene tetA enzyme RNAP with twist -109.41905 superhelical -0.05772 global twist -67.91824 global supercoiling -0.01945
frame 1489 time 744.5 unbinding_event at gene tetA enzyme RNAP with twist 102.53747 superhelical -0.04284 global twist -67.91824 global supercoiling -0.01956
frame 1503 time 751.5 unbinding_event at gene tetA enzyme RNAP with twist 143.45209 superhelical -0.05831 global twist -67.91824 global supercoiling -0.01945
frame 1513 time 756.5 unbinding_event at gene tetA enzyme RNAP with twist -67.91824 superhelical -0.10084 global twist -67.91824 global supercoiling -0.01934
frame 1602 time 801.0 binding_event at gene tetA enzyme RNAP with twist -67.91824 superhelical -0.01924 global twist -67.91824 global supercoiling -0.01924
frame 1642 time 821.0 unbinding_event at gene tetA enzyme RNAP with twist -67.91824 superhelical -0.07357 global twist -67.91824 global supercoiling -0.01934
frame 1669 time 834.5 binding_event at DNA_gyrase 10 enzyme gyrase with twist -67.91824 superhelical -0.01924 global twist -67.91824 global supercoiling -0.01924
frame 1673 time 836.5 unbinding_event at DNA_gyrase 10 enzyme gyrase with twist -81.38221 superhelical -0.02244 global twist -78.68942 global supercoiling -0.02275
frame 1693 time 846.5 binding_event at gene tetA enzyme RNAP with twist -81.38221 superhelical -0.02305 global twist -81.38221 global supercoiling -0.02305
frame 1705 time 852.5 binding_event at gene tetA enzyme RNAP with twist -82.86046 superhelical -0.04290 global twist -81.38221 global supercoiling -0.02318
frame 1726 time 863.0 binding_event at gene tetA enzyme RNAP with twist -149.75486 superhelical -0.07154 global twist -81.38221 global supercoiling -0.02330
frame 1728 time 864.0 binding_event at gene tetA enzyme RNAP with twist -131.09796 superhelical -0.07482 global twist -81.38221 global supercoiling -0.02343
frame 1733 time 866.5 unbinding_event at gene tetA enzyme RNAP with twist 97.09578 superhelical -0.04333 global twist -81.38221 global supercoiling -0.02356
frame 1745 time 872.5 unbinding_event at gene tetA enzyme RNAP with twist 114.34280 superhelical -0.07220 global twist -81.38221 global supercoiling -0.02343
frame 1756 time 878.0 binding_event at gene mKalama1 enzyme RNAP with twist -230.36140 superhelical -0.10382 global twist -81.38221 global supercoiling -0.02330
frame 1761 time 880.5 binding_event at DNA_topoI 1 enzyme topoI with twist -198.46036 superhelical -0.11460 global twist -81.38221 global supercoiling -0.02343
frame 1765 time 882.5 unbinding_event at DNA_topoI 1 enzyme topoI with twist -214.91632 superhelical -0.11759 global twist -65.82385 global supercoiling -0.01935
frame 1766 time 883.0 unbinding_event at gene tetA enzyme RNAP with twist 188.47350 superhelical -0.07565 global twist -61.93426 global supercoiling -0.01783
frame 1768 time 884.0 unbinding_event at gene tetA enzyme RNAP with twist -40.80438 superhelical -0.11712 global twist -61.93426 global supercoiling -0.01773
frame 1783 time 891.5 unbinding_event at gene mKalama1 enzyme RNAP with twist -61.93426 superhelical 0.22599 global twist -61.93426 global supercoiling -0.01764
frame 1798 time 899.0 binding_event at DNA_gyrase 22 enzyme gyrase with twist -61.93426 superhelical -0.01754 global twist -61.93426 global supercoiling -0.01754
frame 1798 time 899.0 unbinding_event at DNA_gyrase 22 enzyme gyrase with twist -64.62705 superhelical -0.01832 global twist -61.93426 global supercoiling -0.01754
frame 1812 time 906.0 binding_event at DNA_gyrase 2 enzyme gyrase with twist -64.62705 superhelical -0.01831 global twist -64.62705 global supercoiling -0.01831
frame 1812 time 906.0 unbinding_event at DNA_gyrase 2 enzyme gyrase with twist -67.31984 superhelical -0.01942 global twist -64.62705 global supercoiling -0.01831
frame 1901 time 950.5 binding_event at DNA_gyrase 17 enzyme gyrase with twist -67.31984 superhelical -0.01907 global twist -67.31984 global supercoiling -0.01907
frame 1905 time 952.5 unbinding_event at DNA_gyrase 17 enzyme gyrase with twist -80.78381 superhelical -0.02178 global twist -78.09102 global supercoiling -0.02258
frame 1907 time 953.5 binding_event at DNA_gyrase 27 enzyme gyrase with twist -80.78381 superhelical -0.02288 global twist -80.78381 global supercoiling -0.02288
frame 1916 time 958.0 unbinding_event at DNA_gyrase 27 enzyme gyrase with twist -107.71175 superhelical -0.42514 global twist -105.01895 global supercoiling -0.03036
frame 1920 time 960.0 binding_event at gene tetA enzyme RNAP with twist -107.71175 superhelical -0.03051 global twist -107.71175 global supercoiling -0.03051
frame 1933 time 966.5 binding_event at DNA_topoI 2 enzyme topoI with twist -99.31948 superhelical -0.05094 global twist -107.71175 global supercoiling -0.03067
frame 1934 time 967.0 unbinding_event at DNA_topoI 2 enzyme topoI with twist -98.72108 superhelical -0.05077 global twist -103.82216 global supercoiling -0.03018
frame 1956 time 978.0 binding_event at gene tetA enzyme RNAP with twist -174.11931 superhelical -0.07370 global twist -99.93257 global supercoiling -0.02846
frame 1960 time 980.0 unbinding_event at gene tetA enzyme RNAP with twist 45.54089 superhelical -0.07430 global twist -99.93257 global supercoiling -0.02862
frame 1964 time 982.0 binding_event at DNA_topoI 27 enzyme topoI with twist -156.24463 superhelical -0.08401 global twist -99.93257 global supercoiling -0.02846
frame 1965 time 982.5 unbinding_event at DNA_topoI 27 enzyme topoI with twist -155.64623 superhelical 0.02869 global twist -96.04298 global supercoiling -0.02792
frame 1970 time 985.0 binding_event at DNA_topoI 42 enzyme topoI with twist -170.00780 superhelical -0.08641 global twist -92.15338 global supercoiling -0.02624
frame 1971 time 985.5 binding_event at gene tetA enzyme RNAP with twist -72.05287 superhelical -0.08972 global twist -88.26379 global supercoiling -0.02566
frame 1977 time 988.5 unbinding_event at DNA_topoI 42 enzyme topoI with twist -144.62329 superhelical -0.07567 global twist -64.92625 global supercoiling -0.01898
frame 1996 time 998.0 unbinding_event at gene tetA enzyme RNAP with twist 151.80407 superhelical -0.09192 global twist -61.03666 global supercoiling -0.01748
frame 2006 time 1003.0 binding_event at gene mKalama1 enzyme RNAP with twist -245.15425 superhelical -0.10456 global twist -61.03666 global supercoiling -0.01738
frame 2011 time 1005.5 unbinding_event at gene tetA enzyme RNAP with twist -14.31938 superhelical -0.11619 global twist -61.03666 global supercoiling -0.01748
frame 2033 time 1016.5 unbinding_event at gene mKalama1 enzyme RNAP with twist -61.03666 superhelical 0.22285 global twist -61.03666 global supercoiling -0.01738
frame 2059 time 1029.5 binding_event at gene tetA enzyme RNAP with twist -61.03666 superhelical -0.01729 global twist -61.03666 global supercoiling -0.01729
frame 2085 time 1042.5 binding_event at gene tetA enzyme RNAP with twist -123.18200 superhelical -0.05643 global twist -61.03666 global supercoiling -0.01738
frame 2099 time 1049.5 unbinding_event at gene tetA enzyme RNAP with twist 90.51999 superhelical -0.05693 global twist -61.03666 global supercoiling -0.01748
frame 2125 time 1062.5 unbinding_event at gene tetA enzyme RNAP with twist -61.03666 superhelical -0.09987 global twist -61.03666 global supercoiling -0.01738
frame 2138 time 1069.0 binding_event at gene tetA enzyme RNAP with twist -61.03666 superhelical -0.01729 global twist -61.03666 global supercoiling -0.01729
frame 2149 time 1074.5 binding_event at DNA_topoI 36 enzyme topoI with twist -69.32613 superhelical -0.03623 global twist -61.03666 global supercoiling -0.01738
frame 2151 time 1075.5 unbinding_event at DNA_topoI 36 enzyme topoI with twist -68.42853 superhelical -0.02906 global twist -53.25748 global supercoiling -0.01548
frame 2178 time 1089.0 unbinding_event at gene tetA enzyme RNAP with twist -49.36788 superhelical -0.06744 global twist -49.36788 global supercoiling -0.01406
frame 2187 time 1093.5 binding_event at DNA_gyrase 48 enzyme gyrase with twist -49.36788 superhelical -0.01398 global twist -49.36788 global supercoiling -0.01398
frame 2190 time 1095.0 unbinding_event at DNA_gyrase 48 enzyme gyrase with twist -60.13906 superhelical -0.01777 global twist -57.44627 global supercoiling -0.01661
frame 2292 time 1146.0 binding_event at DNA_gyrase 17 enzyme gyrase with twist -60.13906 superhelical -0.01703 global twist -60.13906 global supercoiling -0.01703
frame 2293 time 1146.5 unbinding_event at DNA_gyrase 17 enzyme gyrase with twist -65.52465 superhelical -0.01831 global twist -62.83185 global supercoiling -0.01817
frame 2330 time 1165.0 binding_event at DNA_topoI 45 enzyme topoI with twist -65.52465 superhelical -0.01856 global twist -65.52465 global supercoiling -0.01856
frame 2330 time 1165.0 unbinding_event at DNA_topoI 45 enzyme topoI with twist -61.63506 superhelical -0.01748 global twist -65.52465 global supercoiling -0.01856
frame 2337 time 1168.5 binding_event at DNA_topoI 9 enzyme topoI with twist -61.63506 superhelical -0.01746 global twist -61.63506 global supercoiling -0.01746
frame 2350 time 1175.0 unbinding_event at DNA_topoI 9 enzyme topoI with twist -7.18078 superhelical -0.00614 global twist -11.07037 global supercoiling -0.00320
frame 2500 time 1250.0 binding_event at gene tetA enzyme RNAP with twist -7.18078 superhelical -0.00203 global twist -7.18078 global supercoiling -0.00203
frame 2505 time 1252.5 binding_event at gene Raspberry enzyme RNAP with twist -21.46158 superhelical -0.01188 global twist -7.18078 global supercoiling -0.00204
frame 2532 time 1266.0 unbinding_event at gene Raspberry enzyme RNAP with twist -121.99255 superhelical -0.08671 global twist -7.18078 global supercoiling -0.00206
frame 2540 time 1270.0 unbinding_event at gene tetA enzyme RNAP with twist -7.18078 superhelical -0.06146 global twist -7.18078 global supercoiling -0.00204
frame 2601 time 1300.5 binding_event at gene tetA enzyme RNAP with twist -7.18078 superhelical -0.00203 global twist -7.18078 global supercoiling -0.00203
frame 2641 time 1320.5 binding_event at gene tetA enzyme RNAP with twist -147.12529 superhelical -0.06044 global twist -7.18078 global supercoiling -0.00204
frame 2641 time 1320.5 unbinding_event at gene tetA enzyme RNAP with twist 100.95751 superhelical -0.06092 global twist -7.18078 global supercoiling -0.00204
frame 2647 time 1323.5 binding_event at DNA_gyrase 7 enzyme gyrase with twist 118.90947 superhelical 0.07047 global twist -7.18078 global supercoiling -0.00204
frame 2658 time 1329.0 unbinding_event at DNA_gyrase 7 enzyme gyrase with twist 129.68064 superhelical 0.40459 global twist -36.80151 global supercoiling -0.01070
frame 2659 time 1329.5 binding_event at DNA_gyrase 10 enzyme gyrase with twist 129.68064 superhelical 0.08809 global twist -39.49431 global supercoiling -0.01125
frame 2660 time 1330.0 unbinding_event at DNA_gyrase 10 enzyme gyrase with twist 131.47584 superhelical 0.11792 global twist -42.18710 global supercoiling -0.01227
frame 2666 time 1333.0 binding_event at DNA_topoI 32 enzyme topoI with twist -194.30769 superhelical -0.08975 global twist -44.87990 global supercoiling -0.01278
frame 2670 time 1335.0 unbinding_event at DNA_topoI 32 enzyme topoI with twist -192.81170 superhelical -0.06806 global twist -29.32153 global supercoiling -0.00852
frame 2681 time 1340.5 unbinding_event at gene tetA enzyme RNAP with twist -25.43194 superhelical -0.09473 global twist -25.43194 global supercoiling -0.00724
frame 2694 time 1347.0 binding_event at gene tetA enzyme RNAP with twist -25.43194 superhelical -0.00720 global twist -25.43194 global supercoiling -0.00720
frame 2695 time 1347.5 binding_event at DNA_gyrase 20 enzyme gyrase with twist -9.41162 superhelical -0.00530 global twist -25.43194 global supercoiling -0.00724
frame 2695 time 1347.5 unbinding_event at DNA_gyrase 20 enzyme gyrase with twist -8.51403 superhelical -0.00393 global twist -25.43194 global supercoiling -0.00724
frame 2702 time 1351.0 binding_event at gene tetA enzyme RNAP with twist -41.15306 superhelical -0.02213 global twist -28.12473 global supercoiling -0.00801
frame 2706 time 1353.0 binding_event at DNA_gyrase 12 enzyme gyrase with twist 27.38989 superhelical 0.01734 global twist -28.12473 global supercoiling -0.00805
frame 2718 time 1359.0 unbinding_event at DNA_gyrase 12 enzyme gyrase with twist 39.05866 superhelical 0.11030 global twist -60.43826 global supercoiling -0.01767
frame 2722 time 1361.0 binding_event at DNA_topoI 44 enzyme topoI with twist -110.17811 superhelical -0.05309 global twist -63.13105 global supercoiling -0.01808
frame 2722 time 1361.0 unbinding_event at DNA_topoI 44 enzyme topoI with twist -109.87891 superhelical -0.05344 global twist -63.13105 global supercoiling -0.01808
frame 2734 time 1367.0 unbinding_event at gene tetA enzyme RNAP with twist 93.72215 superhelical -0.02236 global twist -59.24146 global supercoiling -0.01696
frame 2736 time 1368.0 binding_event at gene mKalama1 enzyme RNAP with twist -156.55400 superhelical -0.06729 global twist -59.24146 global supercoiling -0.01687
frame 2742 time 1371.0 unbinding_event at gene tetA enzyme RNAP with twist -40.44489 superhelical -0.08523 global twist -59.24146 global supercoiling -0.01696
frame 2763 time 1381.5 unbinding_event at gene mKalama1 enzyme RNAP with twist -59.24146 superhelical 0.39086 global twist -59.24146 global supercoiling -0.01687
frame 2809 time 1404.5 binding_event at gene tetA enzyme RNAP with twist -59.24146 superhelical -0.01678 global twist -59.24146 global supercoiling -0.01678
frame 2827 time 1413.5 binding_event at gene Raspberry enzyme RNAP with twist -93.58146 superhelical -0.04589 global twist -59.24146 global supercoiling -0.01687
frame 2849 time 1424.5 unbinding_event at gene tetA enzyme RNAP with twist 58.65235 superhelical -0.04632 global twist -59.24146 global supercoiling -0.01696
frame 2854 time 1427.0 unbinding_event at gene Raspberry enzyme RNAP with twist -59.24146 superhelical -0.10739 global twist -59.24146 global supercoiling -0.01687
frame 2879 time 1439.5 binding_event at gene mKalama1 enzyme RNAP with twist -59.24146 superhelical -0.01678 global twist -59.24146 global supercoiling -0.01678
frame 2895 time 1447.5 binding_event at gene tetA enzyme RNAP with twist -105.76420 superhelical -0.03356 global twist -59.24146 global supercoiling -0.01687
frame 2906 time 1453.0 unbinding_event at gene mKalama1 enzyme RNAP with twist -41.70472 superhelical 0.61878 global twist -59.24146 global supercoiling -0.01696
frame 2935 time 1467.5 unbinding_event at gene tetA enzyme RNAP with twist -59.24146 superhelical -0.05947 global twist -59.24146 global supercoiling -0.01687
frame 3001 time 1500.5 binding_event at gene mKalama1 enzyme RNAP with twist -59.24146 superhelical -0.01678 global twist -59.24146 global supercoiling -0.01678
frame 3022 time 1511.0 binding_event at gene tetA enzyme RNAP with twist -123.71616 superhelical -0.03817 global twist -59.24146 global supercoiling -0.01687
frame 3028 time 1514.0 unbinding_event at gene mKalama1 enzyme RNAP with twist -15.43875 superhelical 0.61878 global twist -59.24146 global supercoiling -0.01696
frame 3062 time 1531.0 unbinding_event at gene tetA enzyme RNAP with twist -59.24146 superhelical -0.05608 global twist -59.24146 global supercoiling -0.01687
frame 3119 time 1559.5 binding_event at gene tetA enzyme RNAP with twist -59.24146 superhelical -0.01678 global twist -59.24146 global supercoiling -0.01678
frame 3135 time 1567.5 binding_event at DNA_topoI 32 enzyme topoI with twist -86.40068 superhelical -0.04313 global twist -59.24146 global supercoiling -0.01687
frame 3141 time 1570.5 unbinding_event at DNA_topoI 32 enzyme topoI with twist -84.30629 superhelical -0.01005 global twist -35.90392 global supercoiling -0.01044
frame 3148 time 1574.0 binding_event at gene tetA enzyme RNAP with twist -105.84864 superhelical -0.04732 global twist -32.01433 global supercoiling -0.00912
frame 3159 time 1579.5 unbinding_event at gene tetA enzyme RNAP with twist 92.98454 superhelical -0.04773 global twist -32.01433 global supercoiling -0.00917
frame 3163 time 1581.5 binding_event at DNA_gyrase 20 enzyme gyrase with twist 103.75571 superhelical 0.06800 global twist -32.01433 global supercoiling -0.00912
frame 3164 time 1582.0 unbinding_event at DNA_gyrase 20 enzyme gyrase with twist 105.55091 superhelical 0.07788 global twist -34.70712 global supercoiling -0.01009
frame 3179 time 1589.5 binding_event at DNA_topoI 31 enzyme topoI with twist -193.21630 superhelical -0.08502 global twist -37.39991 global supercoiling -0.01065
frame 3182 time 1591.0 unbinding_event at DNA_topoI 31 enzyme topoI with twist -192.01951 superhelical -0.06354 global twist -25.73114 global supercoiling -0.00748
frame 3188 time 1594.0 unbinding_event at gene tetA enzyme RNAP with twist -21.84155 superhelical -0.08709 global twist -21.84155 global supercoiling -0.00622
frame 3198 time 1599.0 binding_event at DNA_gyrase 28 enzyme gyrase with twist -21.84155 superhelical -0.00619 global twist -21.84155 global supercoiling -0.00619
frame 3200 time 1600.0 unbinding_event at DNA_gyrase 28 enzyme gyrase with twist -29.91993 superhelical -0.04467 global twist -27.22714 global supercoiling -0.00787
frame 3201 time 1600.5 binding_event at DNA_gyrase 30 enzyme gyrase with twist -29.91993 superhelical -0.00847 global twist -29.91993 global supercoiling -0.00847
frame 3201 time 1600.5 unbinding_event at DNA_gyrase 30 enzyme gyrase with twist -32.61272 superhelical -0.01406 global twist -29.91993 global supercoiling -0.00847
frame 3243 time 1621.5 binding_event at gene tetA enzyme RNAP with twist -32.61272 superhelical -0.00924 global twist -32.61272 global supercoiling -0.00924
frame 3251 time 1625.5 binding_event at gene mKalama1 enzyme RNAP with twist -44.66268 superhelical -0.02401 global twist -32.61272 global supercoiling -0.00929
frame 3278 time 1639.0 unbinding_event at gene mKalama1 enzyme RNAP with twist -145.19365 superhelical 0.58573 global twist -32.61272 global supercoiling -0.00934
frame 3283 time 1641.5 unbinding_event at gene tetA enzyme RNAP with twist -32.61272 superhelical -0.06653 global twist -32.61272 global supercoiling -0.00929
frame 3334 time 1667.0 binding_event at DNA_gyrase 46 enzyme gyrase with twist -32.61272 superhelical -0.00924 global twist -32.61272 global supercoiling -0.00924
frame 3338 time 1669.0 unbinding_event at DNA_gyrase 46 enzyme gyrase with twist -46.07669 superhelical -0.01424 global twist -43.38390 global supercoiling -0.01254
frame 3358 time 1679.0 binding_event at DNA_gyrase 33 enzyme gyrase with twist -46.07669 superhelical -0.01305 global twist -46.07669 global supercoiling -0.01305
frame 3358 time 1679.0 unbinding_event at DNA_gyrase 33 enzyme gyrase with twist -48.76949 superhelical -0.01622 global twist -46.07669 global supercoiling -0.01305
frame 3419 time 1709.5 binding_event at gene tetA enzyme RNAP with twist -48.76949 superhelical -0.01381 global twist -48.76949 global supercoiling -0.01381
frame 3444 time 1722.0 binding_event at DNA_gyrase 18 enzyme gyrase with twist 64.82652 superhelical 0.04815 global twist -48.76949 global supercoiling -0.01389
frame 3446 time 1723.0 unbinding_event at DNA_gyrase 18 enzyme gyrase with twist 67.51931 superhelical 0.06367 global twist -54.15507 global supercoiling -0.01574
frame 3455 time 1727.5 binding_event at DNA_topoI 35 enzyme topoI with twist -153.09031 superhelical -0.06480 global twist -56.84787 global supercoiling -0.01619
frame 3459 time 1729.5 unbinding_event at gene tetA enzyme RNAP with twist -6.49177 superhelical -0.06809 global twist -41.28950 global supercoiling -0.01200
frame 3464 time 1732.0 unbinding_event at DNA_topoI 35 enzyme topoI with twist -17.95196 superhelical -0.03484 global twist -21.84155 global supercoiling -0.00631
frame 3490 time 1745.0 binding_event at gene tetA enzyme RNAP with twist -17.95196 superhelical -0.00508 global twist -17.95196 global supercoiling -0.00508
frame 3491 time 1745.5 binding_event at DNA_gyrase 28 enzyme gyrase with twist -12.36446 superhelical -0.00713 global twist -17.95196 global supercoiling -0.00511
frame 3504 time 1752.0 unbinding_event at DNA_gyrase 28 enzyme gyrase with twist -100.32905 superhelical -0.18642 global twist -52.95828 global supercoiling -0.01540
frame 3530 time 1765.0 unbinding_event at gene tetA enzyme RNAP with twist -55.65107 superhelical -0.07898 global twist -55.65107 global supercoiling -0.01585
frame 3605 time 1802.5 binding_event at DNA_topoI 36 enzyme topoI with twist -55.65107 superhelical -0.01576 global twist -55.65107 global supercoiling -0.01576
frame 3608 time 1804.0 unbinding_event at DNA_topoI 36 enzyme topoI with twist -40.09271 superhelical -0.00465 global twist -43.98230 global supercoiling -0.01272
frame 3690 time 1845.0 binding_event at DNA_gyrase 33 enzyme gyrase with twist -40.09271 superhelical -0.01136 global twist -40.09271 global supercoiling -0.01136
frame 3692 time 1846.0 binding_event at gene tetA enzyme RNAP with twist -37.40281 superhelical -0.01249 global twist -45.47829 global supercoiling -0.01315
frame 3699 time 1849.5 binding_event at DNA_topoI 47 enzyme topoI with twist -49.39226 superhelical -0.03783 global twist -64.32785 global supercoiling -0.01870
frame 3699 time 1849.5 unbinding_event at DNA_topoI 47 enzyme topoI with twist -50.43946 superhelical -0.03939 global twist -64.32785 global supercoiling -0.01870
frame 3703 time 1851.5 unbinding_event at DNA_gyrase 33 enzyme gyrase with twist -94.41886 superhelical -0.05218 global twist -71.20943 global supercoiling -0.02070
frame 3732 time 1866.0 unbinding_event at gene tetA enzyme RNAP with twist -73.90223 superhelical -0.08096 global twist -73.90223 global supercoiling -0.02105
frame 3751 time 1875.5 binding_event at gene tetA enzyme RNAP with twist -73.90223 superhelical -0.02093 global twist -73.90223 global supercoiling -0.02093
frame 3755 time 1877.5 binding_event at gene tetA enzyme RNAP with twist -50.48147 superhelical -0.02823 global twist -73.90223 global supercoiling -0.02105
frame 3791 time 1895.5 unbinding_event at gene tetA enzyme RNAP with twist 107.92090 superhelical -0.02854 global twist -73.90223 global supercoiling -0.02116
frame 3795 time 1897.5 unbinding_event at gene tetA enzyme RNAP with twist -73.90223 superhelical -0.08000 global twist -73.90223 global supercoiling -0.02105
frame 3814 time 1907.0 binding_event at gene tetA enzyme RNAP with twist -73.90223 superhelical -0.02093 global twist -73.90223 global supercoiling -0.02093
frame 3824 time 1912.0 binding_event at gene tetA enzyme RNAP with twist -72.02382 superhelical -0.03799 global twist -73.90223 global supercoiling -0.02105
frame 3852 time 1926.0 binding_event at DNA_gyrase 17 enzyme gyrase with twist 98.65256 superhelical 0.08863 global twist -73.90223 global supercoiling -0.02116
frame 3854 time 1927.0 unbinding_event at gene tetA enzyme RNAP with twist 46.84153 superhelical -0.03838 global twist -79.28781 global supercoiling -0.02318
frame 3856 time 1928.0 unbinding_event at DNA_gyrase 17 enzyme gyrase with twist 96.98545 superhelical 0.08880 global twist -84.67340 global supercoiling -0.02462
frame 3864 time 1932.0 unbinding_event at gene tetA enzyme RNAP with twist -87.36620 superhelical -0.08689 global twist -87.36620 global supercoiling -0.02488
frame 3927 time 1963.5 binding_event at gene tetA enzyme RNAP with twist -87.36620 superhelical -0.02475 global twist -87.36620 global supercoiling -0.02475
frame 3952 time 1976.0 binding_event at gene tetA enzyme RNAP with twist -132.46024 superhelical -0.06118 global twist -87.36620 global supercoiling -0.02488
frame 3967 time 1983.5 unbinding_event at gene tetA enzyme RNAP with twist 76.01871 superhelical -0.06173 global twist -87.36620 global supercoiling -0.02502
frame 3979 time 1989.5 binding_event at gene tetA enzyme RNAP with twist -202.87922 superhelical -0.09218 global twist -87.36620 global supercoiling -0.02488
frame 3992 time 1996.0 unbinding_event at gene tetA enzyme RNAP with twist 122.48722 superhelical -0.09299 global twist -87.36620 global supercoiling -0.02502
frame 3998 time 1999.0 binding_event at gene tetA enzyme RNAP with twist -227.80537 superhelical -0.11073 global twist -87.36620 global supercoiling -0.02488
frame 4019 time 2009.5 unbinding_event at gene tetA enzyme RNAP with twist 183.44444 superhelical -0.11177 global twist -87.36620 global supercoiling -0.02502
frame 4032 time 2016.0 binding_event at DNA_topoI 27 enzyme topoI with twist -313.89533 superhelical -0.13492 global twist -87.36620 global supercoiling -0.02488
frame 4037 time 2018.5 unbinding_event at DNA_topoI 27 enzyme topoI with twist -312.10014 superhelical 0.20900 global twist -67.91824 global supercoiling -0.01975
frame 4038 time 2019.0 unbinding_event at gene tetA enzyme RNAP with twist -64.02865 superhelical -0.12874 global twist -64.02865 global supercoiling -0.01823
frame 4045 time 2022.5 binding_event at gene tetA enzyme RNAP with twist -64.02865 superhelical -0.01814 global twist -64.02865 global supercoiling -0.01814
frame 4085 time 2042.5 unbinding_event at gene tetA enzyme RNAP with twist -64.02865 superhelical -0.07279 global twist -64.02865 global supercoiling -0.01823
frame 4095 time 2047.5 binding_event at DNA_gyrase 11 enzyme gyrase with twist -64.02865 superhelical -0.01814 global twist -64.02865 global supercoiling -0.01814
frame 4096 time 2048.0 unbinding_event at DNA_gyrase 11 enzyme gyrase with twist -69.41424 superhelical -0.01960 global twist -66.72144 global supercoiling -0.01929
frame 4140 time 2070.0 binding_event at gene tetA enzyme RNAP with twist -69.41424 superhelical -0.01966 global twist -69.41424 global supercoiling -0.01966
frame 4146 time 2073.0 binding_event at DNA_topoI 32 enzyme topoI with twist -55.46874 superhelical -0.03041 global twist -69.41424 global supercoiling -0.01977
frame 4153 time 2076.5 unbinding_event at DNA_topoI 32 enzyme topoI with twist -53.07514 superhelical 0.00798 global twist -42.18710 global supercoiling -0.01227
frame 4157 time 2078.5 binding_event at gene Raspberry enzyme RNAP with twist -63.84632 superhelical -0.03159 global twist -38.29751 global supercoiling -0.01091
frame 4180 time 2090.0 unbinding_event at gene tetA enzyme RNAP with twist 72.18157 superhelical -0.03189 global twist -38.29751 global supercoiling -0.01097
frame 4184 time 2092.0 unbinding_event at gene Raspberry enzyme RNAP with twist -38.29751 superhelical -0.09869 global twist -38.29751 global supercoiling -0.01091
frame 4306 time 2153.0 binding_event at DNA_gyrase 44 enzyme gyrase with twist -38.29751 superhelical -0.01085 global twist -38.29751 global supercoiling -0.01085
frame 4315 time 2157.5 unbinding_event at DNA_gyrase 44 enzyme gyrase with twist -65.22545 superhelical -0.02181 global twist -62.53265 global supercoiling -0.01808
frame 4326 time 2163.0 binding_event at gene tetA enzyme RNAP with twist -65.22545 superhelical -0.01847 global twist -65.22545 global supercoiling -0.01847
frame 4353 time 2176.5 binding_event at DNA_gyrase 21 enzyme gyrase with twist 63.59423 superhelical 0.04853 global twist -65.22545 global supercoiling -0.01858
frame 4355 time 2177.5 unbinding_event at DNA_gyrase 21 enzyme gyrase with twist 66.28702 superhelical 0.06167 global twist -70.61103 global supercoiling -0.02053
frame 4366 time 2183.0 unbinding_event at gene tetA enzyme RNAP with twist -73.30383 superhelical -0.07303 global twist -73.30383 global supercoiling -0.02088
frame 4371 time 2185.5 binding_event at DNA_gyrase 37 enzyme gyrase with twist -73.30383 superhelical -0.02076 global twist -73.30383 global supercoiling -0.02076
frame 4376 time 2188.0 unbinding_event at DNA_gyrase 37 enzyme gyrase with twist -89.46059 superhelical -0.03194 global twist -86.76780 global supercoiling -0.02509
frame 4384 time 2192.0 binding_event at DNA_gyrase 15 enzyme gyrase with twist -89.46059 superhelical -0.02534 global twist -89.46059 global supercoiling -0.02534
frame 4386 time 2193.0 unbinding_event at DNA_gyrase 15 enzyme gyrase with twist -97.53897 superhelical -0.02733 global twist -94.84618 global supercoiling -0.02742
frame 4390 time 2195.0 binding_event at DNA_gyrase 33 enzyme gyrase with twist -97.53897 superhelical -0.02763 global twist -97.53897 global supercoiling -0.02763
frame 4390 time 2195.0 unbinding_event at DNA_gyrase 33 enzyme gyrase with twist -100.23177 superhelical -0.03110 global twist -97.53897 global supercoiling -0.02763
frame 4402 time 2201.0 binding_event at gene tetA enzyme RNAP with twist -100.23177 superhelical -0.02839 global twist -100.23177 global supercoiling -0.02839
frame 4413 time 2206.5 binding_event at DNA_gyrase 11 enzyme gyrase with twist -11.74893 superhelical -0.00735 global twist -100.23177 global supercoiling -0.02854
frame 4429 time 2214.5 unbinding_event at DNA_gyrase 11 enzyme gyrase with twist 3.51024 superhelical 0.14337 global twist -143.31646 global supercoiling -0.04167
frame 4442 time 2221.0 unbinding_event at gene tetA enzyme RNAP with twist -146.00926 superhelical -0.08001 global twist -146.00926 global supercoiling -0.04158
frame 4460 time 2230.0 binding_event at DNA_topoI 23 enzyme topoI with twist -146.00926 superhelical -0.04136 global twist -146.00926 global supercoiling -0.04136
frame 4476 time 2238.0 unbinding_event at DNA_topoI 23 enzyme topoI with twist -79.88621 superhelical -0.03231 global twist -83.77580 global supercoiling -0.02422
frame 4484 time 2242.0 binding_event at gene mKalama1 enzyme RNAP with twist -79.88621 superhelical -0.02263 global twist -79.88621 global supercoiling -0.02263
frame 4511 time 2255.5 unbinding_event at gene mKalama1 enzyme RNAP with twist -79.88621 superhelical 0.59250 global twist -79.88621 global supercoiling -0.02275
frame 4564 time 2282.0 binding_event at DNA_topoI 44 enzyme topoI with twist -79.88621 superhelical -0.02263 global twist -79.88621 global supercoiling -0.02263
frame 4573 time 2286.5 binding_event at gene tetA enzyme RNAP with twist -33.41394 superhelical -0.01516 global twist -44.87990 global supercoiling -0.01298
frame 4581 time 2290.5 unbinding_event at DNA_topoI 44 enzyme topoI with twist -14.73863 superhelical 0.00481 global twist -13.76317 global supercoiling -0.00400
frame 4613 time 2306.5 unbinding_event at gene tetA enzyme RNAP with twist -9.87358 superhelical -0.05286 global twist -9.87358 global supercoiling -0.00281
frame 4690 time 2345.0 binding_event at gene tetA enzyme RNAP with twist -9.87358 superhelical -0.00280 global twist -9.87358 global supercoiling -0.00280
frame 4714 time 2357.0 binding_event at gene tetA enzyme RNAP with twist -90.99513 superhelical -0.04238 global twist -9.87358 global supercoiling -0.00281
frame 4717 time 2358.5 binding_event at DNA_topoI 29 enzyme topoI with twist -84.16095 superhelical -0.04755 global twist -9.87358 global supercoiling -0.00283
frame 4719 time 2359.5 binding_event at DNA_gyrase 25 enzyme gyrase with twist 99.07352 superhelical 0.07773 global twist -2.09440 global supercoiling -0.00061
frame 4720 time 2360.0 unbinding_event at DNA_gyrase 25 enzyme gyrase with twist 100.86871 superhelical 0.08570 global twist -0.89760 global supercoiling -0.00027
frame 4724 time 2362.0 unbinding_event at DNA_topoI 29 enzyme topoI with twist -81.76736 superhelical 0.03828 global twist 11.96797 global supercoiling 0.00350
frame 4730 time 2365.0 unbinding_event at gene tetA enzyme RNAP with twist 119.16727 superhelical -0.04276 global twist 15.85756 global supercoiling 0.00454
frame 4748 time 2374.0 binding_event at gene tetA enzyme RNAP with twist -164.34636 superhelical -0.07064 global twist 15.85756 global supercoiling 0.00452
frame 4754 time 2377.0 unbinding_event at gene tetA enzyme RNAP with twist 163.22717 superhelical -0.07123 global twist 15.85756 global supercoiling 0.00454
frame 4757 time 2378.5 binding_event at DNA_topoI 42 enzyme topoI with twist -154.55039 superhelical -0.08231 global twist 15.85756 global supercoiling 0.00452
frame 4757 time 2378.5 unbinding_event at DNA_topoI 42 enzyme topoI with twist -154.25120 superhelical -0.08383 global twist 15.85756 global supercoiling 0.00452
frame 4767 time 2383.5 binding_event at DNA_gyrase 20 enzyme gyrase with twist 206.31187 superhelical 0.14188 global twist 19.74715 global supercoiling 0.00562
frame 4779 time 2389.5 unbinding_event at DNA_gyrase 20 enzyme gyrase with twist 217.98065 superhelical 0.22813 global twist -12.56637 global supercoiling -0.00365
frame 4788 time 2394.0 unbinding_event at gene tetA enzyme RNAP with twist -15.25916 superhelical -0.10829 global twist -15.25916 global supercoiling -0.00435
frame 4807 time 2403.5 binding_event at DNA_topoI 39 enzyme topoI with twist -15.25916 superhelical -0.00432 global twist -15.25916 global supercoiling -0.00432
frame 4813 time 2406.5 unbinding_event at DNA_topoI 39 enzyme topoI with twist 11.96797 superhelical 0.01080 global twist 8.07838 global supercoiling 0.00234
frame 4912 time 2456.0 binding_event at DNA_gyrase 31 enzyme gyrase with twist 11.96797 superhelical 0.00339 global twist 11.96797 global supercoiling 0.00339
frame 4912 time 2456.0 unbinding_event at DNA_gyrase 31 enzyme gyrase with twist 9.27518 superhelical -0.00074 global twist 11.96797 global supercoiling 0.00339
frame 4926 time 2463.0 binding_event at DNA_gyrase 20 enzyme gyrase with twist 9.27518 superhelical 0.00263 global twist 9.27518 global supercoiling 0.00263
frame 4937 time 2468.5 unbinding_event at DNA_gyrase 20 enzyme gyrase with twist -23.03835 superhelical -0.00249 global twist -20.34555 global supercoiling -0.00588
frame 4940 time 2470.0 binding_event at gene tetA enzyme RNAP with twist -23.03835 superhelical -0.00653 global twist -23.03835 global supercoiling -0.00653
frame 4980 time 2490.0 unbinding_event at gene tetA enzyme RNAP with twist -23.03835 superhelical -0.06462 global twist -23.03835 global supercoiling -0.00656
frame 5057 time 2528.5 binding_event at DNA_topoI 28 enzyme topoI with twist -23.03835 superhelical -0.00653 global twist -23.03835 global supercoiling -0.00653
frame 5057 time 2528.5 unbinding_event at DNA_topoI 28 enzyme topoI with twist -19.14876 superhelical 0.01181 global twist -23.03835 global supercoiling -0.00653
frame 5102 time 2551.0 binding_event at DNA_gyrase 37 enzyme gyrase with twist -19.14876 superhelical -0.00542 global twist -19.14876 global supercoiling -0.00542
frame 5104 time 2552.0 binding_event at DNA_gyrase 34 enzyme gyrase with twist -6.85384 superhelical -0.00912 global twist -24.53434 global supercoiling -0.00709
frame 5106 time 2553.0 unbinding_event at DNA_gyrase 34 enzyme gyrase with twist -18.97141 superhelical -0.01762 global twist -35.30552 global supercoiling -0.01042
frame 5106 time 2553.0 unbinding_event at DNA_gyrase 37 enzyme gyrase with twist -40.69110 superhelical -0.01762 global twist -35.30552 global supercoiling -0.01042
frame 5125 time 2562.5 binding_event at DNA_gyrase 32 enzyme gyrase with twist -40.69110 superhelical -0.01153 global twist -40.69110 global supercoiling -0.01153
frame 5129 time 2564.5 unbinding_event at DNA_gyrase 32 enzyme gyrase with twist -54.15507 superhelical -0.02891 global twist -51.46228 global supercoiling -0.01488
frame 5131 time 2565.5 binding_event at gene Raspberry enzyme RNAP with twist -54.15507 superhelical -0.01534 global twist -54.15507 global supercoiling -0.01534
frame 5147 time 2573.5 binding_event at DNA_gyrase 1 enzyme gyrase with twist 15.04879 superhelical 0.00611 global twist -54.15507 global supercoiling -0.01542
frame 5154 time 2577.0 unbinding_event at DNA_gyrase 1 enzyme gyrase with twist 22.22957 superhelical 0.04092 global twist -73.00463 global supercoiling -0.02122
frame 5158 time 2579.0 unbinding_event at gene Raspberry enzyme RNAP with twist -75.69742 superhelical -0.08876 global twist -75.69742 global supercoiling -0.02156
frame 5213 time 2606.5 binding_event at DNA_gyrase 45 enzyme gyrase with twist -75.69742 superhelical -0.02144 global twist -75.69742 global supercoiling -0.02144
frame 5214 time 2607.0 unbinding_event at DNA_gyrase 45 enzyme gyrase with twist -81.08301 superhelical -0.02392 global twist -78.39022 global supercoiling -0.02266
frame 5228 time 2614.0 binding_event at DNA_gyrase 35 enzyme gyrase with twist -81.08301 superhelical -0.02297 global twist -81.08301 global supercoiling -0.02297
frame 5236 time 2618.0 unbinding_event at DNA_gyrase 35 enzyme gyrase with twist -105.31815 superhelical -0.04337 global twist -102.62536 global supercoiling -0.02967
frame 5290 time 2645.0 binding_event at gene tetA enzyme RNAP with twist -105.31815 superhelical -0.02983 global twist -105.31815 global supercoiling -0.02983
frame 5330 time 2665.0 unbinding_event at gene tetA enzyme RNAP with twist -105.31815 superhelical -0.08102 global twist -105.31815 global supercoiling -0.02999
frame 5382 time 2691.0 binding_event at DNA_gyrase 21 enzyme gyrase with twist -105.31815 superhelical -0.02983 global twist -105.31815 global supercoiling -0.02983
frame 5382 time 2691.0 unbinding_event at DNA_gyrase 21 enzyme gyrase with twist -108.01095 superhelical -0.03087 global twist -105.31815 global supercoiling -0.02983
frame 5421 time 2710.5 binding_event at DNA_gyrase 1 enzyme gyrase with twist -108.01095 superhelical -0.03059 global twist -108.01095 global supercoiling -0.03059
frame 5421 time 2710.5 unbinding_event at DNA_gyrase 1 enzyme gyrase with twist -110.70374 superhelical -0.03199 global twist -108.01095 global supercoiling -0.03059
frame 5430 time 2715.0 binding_event at DNA_gyrase 11 enzyme gyrase with twist -110.70374 superhelical -0.03136 global twist -110.70374 global supercoiling -0.03136
frame 5438 time 2719.0 unbinding_event at DNA_gyrase 11 enzyme gyrase with twist -134.93888 superhelical -0.03690 global twist -132.24609 global supercoiling -0.03824
frame 5479 time 2739.5 binding_event at DNA_topoI 26 enzyme topoI with twist -134.93888 superhelical -0.03822 global twist -134.93888 global supercoiling -0.03822
frame 5482 time 2741.0 unbinding_event at DNA_topoI 26 enzyme topoI with twist -119.38052 superhelical 0.16496 global twist -123.27011 global supercoiling -0.03564
frame 5499 time 2749.5 binding_event at DNA_topoI 49 enzyme topoI with twist -119.38052 superhelical -0.03381 global twist -119.38052 global supercoiling -0.03381
frame 5500 time 2750.0 binding_event at DNA_gyrase 26 enzyme gyrase with twist -53.73858 superhelical -0.03331 global twist -115.49093 global supercoiling -0.03339
frame 5503 time 2751.5 unbinding_event at DNA_gyrase 26 enzyme gyrase with twist -56.73057 superhelical -0.17384 global twist -111.90054 global supercoiling -0.03304
frame 5503 time 2751.5 unbinding_event at DNA_topoI 49 enzyme topoI with twist -110.70374 superhelical -0.17384 global twist -111.90054 global supercoiling -0.03304
frame 5554 time 2777.0 binding_event at DNA_topoI 45 enzyme topoI with twist -110.70374 superhelical -0.03136 global twist -110.70374 global supercoiling -0.03136
frame 5555 time 2777.5 unbinding_event at DNA_topoI 45 enzyme topoI with twist -102.92456 superhelical -0.02907 global twist -106.81415 global supercoiling -0.03088
frame 5656 time 2828.0 binding_event at gene tetA enzyme RNAP with twist -102.92456 superhelical -0.02915 global twist -102.92456 global supercoiling -0.02915
frame 5657 time 2828.5 binding_event at gene tetA enzyme RNAP with twist -53.89503 superhelical -0.03108 global twist -102.92456 global supercoiling -0.02931
frame 5676 time 2838.0 binding_event at gene tetA enzyme RNAP with twist -122.07492 superhelical -0.05934 global twist -102.92456 global supercoiling -0.02947
frame 5696 time 2848.0 unbinding_event at gene tetA enzyme RNAP with twist 94.54858 superhelical -0.03138 global twist -102.92456 global supercoiling -0.02963
frame 5697 time 2848.5 unbinding_event at gene tetA enzyme RNAP with twist 78.85644 superhelical -0.05990 global twist -102.92456 global supercoiling -0.02947
frame 5698 time 2849.0 binding_event at gene Raspberry enzyme RNAP with twist -181.78100 superhelical -0.08611 global twist -102.92456 global supercoiling -0.02931
frame 5709 time 2854.5 binding_event at DNA_topoI 8 enzyme topoI with twist -115.53701 superhelical -0.08689 global twist -102.92456 global supercoiling -0.02947
frame 5709 time 2854.5 unbinding_event at DNA_topoI 8 enzyme topoI with twist -111.64742 superhelical -0.08553 global twist -102.92456 global supercoiling -0.02947
frame 5714 time 2857.0 binding_event at DNA_gyrase 14 enzyme gyrase with twist 136.30271 superhelical 0.12246 global twist -99.03497 global supercoiling -0.02836
frame 5716 time 2858.0 unbinding_event at gene tetA enzyme RNAP with twist -69.19472 superhelical -0.08397 global twist -104.42056 global supercoiling -0.03053
frame 5718 time 2859.0 unbinding_event at DNA_gyrase 14 enzyme gyrase with twist 29.14328 superhelical -0.04224 global twist -109.80614 global supercoiling -0.03192
frame 5724 time 2862.0 binding_event at DNA_gyrase 21 enzyme gyrase with twist 47.09524 superhelical 0.02064 global twist -112.49894 global supercoiling -0.03204
frame 5725 time 2862.5 unbinding_event at DNA_gyrase 21 enzyme gyrase with twist 48.89043 superhelical 0.02406 global twist -115.19173 global supercoiling -0.03349
frame 5725 time 2862.5 unbinding_event at gene Raspberry enzyme RNAP with twist -117.88452 superhelical -0.13184 global twist -115.19173 global supercoiling -0.03349
frame 5750 time 2875.0 binding_event at DNA_topoI 34 enzyme topoI with twist -117.88452 superhelical -0.03339 global twist -117.88452 global supercoiling -0.03339
frame 5759 time 2879.5 unbinding_event at DNA_topoI 34 enzyme topoI with twist -78.98862 superhelical 0.00219 global twist -82.87821 global supercoiling -0.02396
frame 5807 time 2903.5 binding_event at DNA_topoI 26 enzyme topoI with twist -78.98862 superhelical -0.02237 global twist -78.98862 global supercoiling -0.02237
frame 5807 time 2903.5 unbinding_event at DNA_topoI 26 enzyme topoI with twist -75.09902 superhelical 0.02844 global twist -78.98862 global supercoiling -0.02237
frame 5838 time 2919.0 binding_event at gene mKalama1 enzyme RNAP with twist -75.09902 superhelical -0.02127 global twist -75.09902 global supercoiling -0.02127
frame 5864 time 2932.0 binding_event at gene mKalama1 enzyme RNAP with twist -154.60170 superhelical -0.04642 global twist -75.09902 global supercoiling -0.02139
frame 5865 time 2932.5 unbinding_event at gene mKalama1 enzyme RNAP with twist 65.78681 superhelical 0.59859 global twist -75.09902 global supercoiling -0.02150
frame 5891 time 2945.5 unbinding_event at gene mKalama1 enzyme RNAP with twist -75.09902 superhelical 1.09892 global twist -75.09902 global supercoiling -0.02139
frame 5899 time 2949.5 binding_event at DNA_gyrase 7 enzyme gyrase with twist -75.09902 superhelical -0.02127 global twist -75.09902 global supercoiling -0.02127
frame 5903 time 2951.5 unbinding_event at DNA_gyrase 7 enzyme gyrase with twist -88.56299 superhelical -0.02479 global twist -85.87020 global supercoiling -0.02483
frame 6001 time 3000.5 binding_event at gene tetA enzyme RNAP with twist -88.56299 superhelical -0.02508 global twist -88.56299 global supercoiling -0.02508
frame 6041 time 3020.5 unbinding_event at gene tetA enzyme RNAP with twist -88.56299 superhelical -0.07768 global twist -88.56299 global supercoiling -0.02522
frame 6077 time 3038.5 binding_event at DNA_gyrase 2 enzyme gyrase with twist -88.56299 superhelical -0.02508 global twist -88.56299 global supercoiling -0.02508
frame 6080 time 3040.0 unbinding_event at DNA_gyrase 2 enzyme gyrase with twist -99.33417 superhelical -0.02855 global twist -96.64137 global supercoiling -0.02794
frame 6239 time 3119.5 binding_event at gene tetA enzyme RNAP with twist -99.33417 superhelical -0.02814 global twist -99.33417 global supercoiling -0.02814
frame 6272 time 3136.0 binding_event at DNA_gyrase 23 enzyme gyrase with twist 67.69858 superhelical 0.05629 global twist -99.33417 global supercoiling -0.02829
frame 6273 time 3136.5 unbinding_event at DNA_gyrase 23 enzyme gyrase with twist 69.49378 superhelical 0.06668 global twist -102.02696 global supercoiling -0.02966
frame 6279 time 3139.5 unbinding_event at gene tetA enzyme RNAP with twist -104.71976 superhelical -0.07983 global twist -104.71976 global supercoiling -0.02982
frame 6355 time 3177.5 binding_event at DNA_topoI 49 enzyme topoI with twist -104.71976 superhelical -0.02966 global twist -104.71976 global supercoiling -0.02966
frame 6363 time 3181.5 unbinding_event at DNA_topoI 49 enzyme topoI with twist -69.71344 superhelical -0.01943 global twist -73.60303 global supercoiling -0.02128
frame 6427 time 3213.5 binding_event at gene tetA enzyme RNAP with twist -69.71344 superhelical -0.01975 global twist -69.71344 global supercoiling -0.01975
frame 6445 time 3222.5 binding_event at DNA_gyrase 23 enzyme gyrase with twist 28.98623 superhelical 0.01969 global twist -69.71344 global supercoiling -0.01985
frame 6446 time 3223.0 unbinding_event at DNA_gyrase 23 enzyme gyrase with twist 30.78143 superhelical 0.02491 global twist -72.40623 global supercoiling -0.02105
frame 6456 time 3228.0 binding_event at gene tetA enzyme RNAP with twist -138.19398 superhelical -0.06178 global twist -75.09902 global supercoiling -0.02139
frame 6467 time 3233.5 unbinding_event at gene tetA enzyme RNAP with twist 74.93126 superhelical -0.06232 global twist -75.09902 global supercoiling -0.02150
frame 6477 time 3238.5 binding_event at DNA_gyrase 12 enzyme gyrase with twist 107.24478 superhelical 0.07562 global twist -75.09902 global supercoiling -0.02139
frame 6485 time 3242.5 unbinding_event at DNA_gyrase 12 enzyme gyrase with twist 115.32316 superhelical 0.20083 global twist -96.64137 global supercoiling -0.02810
frame 6496 time 3248.0 unbinding_event at gene tetA enzyme RNAP with twist -99.33417 superhelical -0.10364 global twist -99.33417 global supercoiling -0.02829
frame 6563 time 3281.5 binding_event at gene tetA enzyme RNAP with twist -99.33417 superhelical -0.02814 global twist -99.33417 global supercoiling -0.02814
frame 6603 time 3301.5 unbinding_event at gene tetA enzyme RNAP with twist -99.33417 superhelical -0.07983 global twist -99.33417 global supercoiling -0.02829
frame 6606 time 3303.0 binding_event at gene tetA enzyme RNAP with twist -99.33417 superhelical -0.02814 global twist -99.33417 global supercoiling -0.02814
frame 6620 time 3310.0 binding_event at DNA_topoI 41 enzyme topoI with twist -98.81531 superhelical -0.05022 global twist -99.33417 global supercoiling -0.02829
frame 6623 time 3311.5 unbinding_event at DNA_topoI 41 enzyme topoI with twist -97.61851 superhelical -0.04464 global twist -87.66540 global supercoiling -0.02549
frame 6638 time 3319.0 binding_event at DNA_topoI 26 enzyme topoI with twist -147.88400 superhelical -0.06456 global twist -83.77580 global supercoiling -0.02386
frame 6641 time 3320.5 unbinding_event at DNA_topoI 26 enzyme topoI with twist -146.68720 superhelical 0.13870 global twist -72.10703 global supercoiling -0.02096
frame 6646 time 3323.0 unbinding_event at gene tetA enzyme RNAP with twist -68.21744 superhelical -0.06714 global twist -68.21744 global supercoiling -0.01943
frame 6698 time 3349.0 binding_event at DNA_gyrase 6 enzyme gyrase with twist -68.21744 superhelical -0.01932 global twist -68.21744 global supercoiling -0.01932
frame 6700 time 3350.0 unbinding_event at DNA_gyrase 6 enzyme gyrase with twist -76.29582 superhelical -0.02163 global twist -73.60303 global supercoiling -0.02128
frame 6713 time 3356.5 binding_event at DNA_gyrase 23 enzyme gyrase with twist -76.29582 superhelical -0.02161 global twist -76.29582 global supercoiling -0.02161
frame 6713 time 3356.5 unbinding_event at DNA_gyrase 23 enzyme gyrase with twist -78.98862 superhelical -0.02246 global twist -76.29582 global supercoiling -0.02161
frame 6812 time 3406.0 binding_event at gene tetA enzyme RNAP with twist -78.98862 superhelical -0.02237 global twist -78.98862 global supercoiling -0.02237
frame 6852 time 3426.0 unbinding_event at gene tetA enzyme RNAP with twist -78.98862 superhelical -0.07577 global twist -78.98862 global supercoiling -0.02249
frame 6859 time 3429.5 binding_event at DNA_gyrase 2 enzyme gyrase with twist -78.98862 superhelical -0.02237 global twist -78.98862 global supercoiling -0.02237
frame 6866 time 3433.0 unbinding_event at DNA_gyrase 2 enzyme gyrase with twist -100.53096 superhelical -0.02873 global twist -97.83817 global supercoiling -0.02829
frame 6877 time 3438.5 binding_event at DNA_gyrase 5 enzyme gyrase with twist -100.53096 superhelical -0.02847 global twist -100.53096 global supercoiling -0.02847
frame 6880 time 3440.0 unbinding_event at DNA_gyrase 5 enzyme gyrase with twist -111.30214 superhelical -0.03170 global twist -108.60935 global supercoiling -0.03140
frame 6881 time 3440.5 binding_event at DNA_topoI 8 enzyme topoI with twist -111.30214 superhelical -0.03153 global twist -111.30214 global supercoiling -0.03153
frame 6882 time 3441.0 unbinding_event at DNA_topoI 8 enzyme topoI with twist -103.52296 superhelical -0.03046 global twist -107.41255 global supercoiling -0.03106
frame 6904 time 3452.0 binding_event at gene tetA enzyme RNAP with twist -103.52296 superhelical -0.02932 global twist -103.52296 global supercoiling -0.02932
frame 6941 time 3470.5 binding_event at DNA_gyrase 17 enzyme gyrase with twist 79.91864 superhelical 0.07066 global twist -103.52296 global supercoiling -0.02948
frame 6941 time 3470.5 unbinding_event at DNA_gyrase 17 enzyme gyrase with twist 80.81624 superhelical 0.08282 global twist -103.52296 global supercoiling -0.02948
frame 6944 time 3472.0 unbinding_event at gene tetA enzyme RNAP with twist -106.21575 superhelical -0.08066 global twist -106.21575 global supercoiling -0.03025
frame 6967 time 3483.5 binding_event at DNA_gyrase 19 enzyme gyrase with twist -106.21575 superhelical -0.03008 global twist -106.21575 global supercoiling -0.03008
frame 6967 time 3483.5 unbinding_event at DNA_gyrase 19 enzyme gyrase with twist -108.90855 superhelical -0.03115 global twist -106.21575 global supercoiling -0.03008
frame 6988 time 3494.0 binding_event at gene Raspberry enzyme RNAP with twist -108.90855 superhelical -0.03085 global twist -108.90855 global supercoiling -0.03085
frame 7015 time 3507.5 unbinding_event at gene Raspberry enzyme RNAP with twist -108.90855 superhelical -0.09816 global twist -108.90855 global supercoiling -0.03102
frame 7083 time 3541.5 binding_event at DNA_gyrase 12 enzyme gyrase with twist -108.90855 superhelical -0.03085 global twist -108.90855 global supercoiling -0.03085
frame 7084 time 3542.0 unbinding_event at DNA_gyrase 12 enzyme gyrase with twist -114.29413 superhelical -0.03255 global twist -111.60134 global supercoiling -0.03227
frame 7107 time 3553.5 binding_event at gene tetA enzyme RNAP with twist -114.29413 superhelical -0.03237 global twist -114.29413 global supercoiling -0.03237
frame 7147 time 3573.5 unbinding_event at gene tetA enzyme RNAP with twist -114.29413 superhelical -0.08281 global twist -114.29413 global supercoiling -0.03255
frame 7156 time 3578.0 binding_event at gene tetA enzyme RNAP with twist -114.29413 superhelical -0.03237 global twist -114.29413 global supercoiling -0.03237
frame 7196 time 3598.0 unbinding_event at gene tetA enzyme RNAP with twist -114.29413 superhelical -0.08281 global twist -114.29413 global supercoiling -0.03255
frame 7219 time 3609.5 binding_event at DNA_topoI 44 enzyme topoI with twist -114.29413 superhelical -0.03237 global twist -114.29413 global supercoiling -0.03237
frame 7220 time 3610.0 unbinding_event at DNA_topoI 44 enzyme topoI with twist -106.51495 superhelical -0.02994 global twist -110.40454 global supercoiling -0.03192
frame 7336 time 3668.0 binding_event at gene tetA enzyme RNAP with twist -106.51495 superhelical -0.03017 global twist -106.51495 global supercoiling -0.03017
frame 7355 time 3677.5 binding_event at DNA_topoI 45 enzyme topoI with twist -120.27690 superhelical -0.05846 global twist -106.51495 global supercoiling -0.03033
frame 7355 time 3677.5 unbinding_event at DNA_topoI 45 enzyme topoI with twist -119.97770 superhelical -0.05911 global twist -106.51495 global supercoiling -0.03033
frame 7376 time 3688.0 unbinding_event at gene tetA enzyme RNAP with twist -102.62536 superhelical -0.07967 global twist -102.62536 global supercoiling -0.02923
frame 7423 time 3711.5 binding_event at DNA_topoI 16 enzyme topoI with twist -102.62536 superhelical -0.02907 global twist -102.62536 global supercoiling -0.02907
frame 7432 time 3716.0 unbinding_event at DNA_topoI 16 enzyme topoI with twist -63.72945 superhelical -0.02281 global twist -67.61904 global supercoiling -0.01955
frame 7445 time 3722.5 binding_event at gene tetA enzyme RNAP with twist -63.72945 superhelical -0.01805 global twist -63.72945 global supercoiling -0.01805
frame 7485 time 3742.5 unbinding_event at gene tetA enzyme RNAP with twist -63.72945 superhelical -0.07273 global twist -63.72945 global supercoiling -0.01815
frame 7505 time 3752.5 binding_event at gene tetA enzyme RNAP with twist -63.72945 superhelical -0.01805 global twist -63.72945 global supercoiling -0.01805
frame 7537 time 3768.5 binding_event at DNA_topoI 37 enzyme topoI with twist -146.04046 superhelical -0.06375 global twist -63.72945 global supercoiling -0.01815
frame 7545 time 3772.5 unbinding_event at gene tetA enzyme RNAP with twist 3.24157 superhelical -0.06838 global twist -32.61272 global supercoiling -0.00948
frame 7575 time 3787.5 unbinding_event at DNA_topoI 37 enzyme topoI with twist 87.96459 superhelical 0.03510 global twist 84.07500 global supercoiling 0.02431
frame 7604 time 3802.0 binding_event at gene tetA enzyme RNAP with twist 87.96459 superhelical 0.02492 global twist 87.96459 global supercoiling 0.02492
frame 7624 time 3812.0 binding_event at gene tetA enzyme RNAP with twist -28.81491 superhelical -0.01389 global twist 87.96459 global supercoiling 0.02505
frame 7635 time 3817.5 binding_event at DNA_topoI 44 enzyme topoI with twist -63.54587 superhelical -0.03321 global twist 87.96459 global supercoiling 0.02519
frame 7637 time 3818.5 unbinding_event at DNA_topoI 44 enzyme topoI with twist -62.64827 superhelical -0.02985 global twist 95.74378 global supercoiling 0.02799
frame 7644 time 3822.0 unbinding_event at gene tetA enzyme RNAP with twist 187.41438 superhelical -0.01401 global twist 99.63337 global supercoiling 0.02853
frame 7664 time 3832.0 unbinding_event at gene tetA enzyme RNAP with twist 99.63337 superhelical -0.06508 global twist 99.63337 global supercoiling 0.02837
frame 7681 time 3840.5 binding_event at DNA_gyrase 11 enzyme gyrase with twist 99.63337 superhelical 0.02822 global twist 99.63337 global supercoiling 0.02822
frame 7687 time 3843.5 unbinding_event at DNA_gyrase 11 enzyme gyrase with twist 80.78381 superhelical 0.02500 global twist 83.47660 global supercoiling 0.02413
frame 7716 time 3858.0 binding_event at DNA_gyrase 16 enzyme gyrase with twist 80.78381 superhelical 0.02288 global twist 80.78381 global supercoiling 0.02288
frame 7737 time 3868.5 binding_event at gene Raspberry enzyme RNAP with twist 37.91808 superhelical 0.01338 global twist 24.23514 global supercoiling 0.00701
frame 7737 time 3868.5 unbinding_event at DNA_gyrase 16 enzyme gyrase with twist 14.86326 superhelical 0.01469 global twist 24.23514 global supercoiling 0.00701
frame 7764 time 3882.0 unbinding_event at gene Raspberry enzyme RNAP with twist 21.54235 superhelical -0.07135 global twist 21.54235 global supercoiling 0.00613
frame 7766 time 3883.0 binding_event at DNA_gyrase 49 enzyme gyrase with twist 21.54235 superhelical 0.00610 global twist 21.54235 global supercoiling 0.00610
frame 7769 time 3884.5 unbinding_event at DNA_gyrase 49 enzyme gyrase with twist 10.77117 superhelical 0.00289 global twist 13.46397 global supercoiling 0.00389
frame 7840 time 3920.0 binding_event at DNA_gyrase 38 enzyme gyrase with twist 10.77117 superhelical 0.00305 global twist 10.77117 global supercoiling 0.00305
frame 7845 time 3922.5 unbinding_event at DNA_gyrase 38 enzyme gyrase with twist -5.38559 superhelical -0.00670 global twist -2.69279 global supercoiling -0.00078
frame 7889 time 3944.5 binding_event at DNA_gyrase 15 enzyme gyrase with twist -5.38559 superhelical -0.00153 global twist -5.38559 global supercoiling -0.00153
frame 7889 time 3944.5 unbinding_event at DNA_gyrase 15 enzyme gyrase with twist -8.07838 superhelical -0.00204 global twist -5.38559 global supercoiling -0.00153
frame 7917 time 3958.5 binding_event at gene tetA enzyme RNAP with twist -8.07838 superhelical -0.00229 global twist -8.07838 global supercoiling -0.00229
frame 7957 time 3978.5 unbinding_event at gene tetA enzyme RNAP with twist -8.07838 superhelical -0.06164 global twist -8.07838 global supercoiling -0.00230
