TORCphysics log file 

General information: 
---------------------------------------------------------------------------------------
Circuit name: Pleu500_34
Size: 6000
Structure: circle
Number of sites: 110
Number of frames: 8000
Simulation time: 4000.0
Simulation timestep: 0.5
Seed: 1388440046290413554
 
Overall simulation information 
---------------------------------------------------------------------------------------
Initial twist: -211.83310
Final twist: -53.06617
Initial superhelical density: -0.06000
Final superhelical density: -0.01503
 
Overall rates 
---------------------------------------------------------------------------------------
site type            site name            #binding events      #unbinding events    binding rates        
 DNA_topoI            DNA_topoI_global                     56.0                 56.0                 0.014 
DNA_gyrase           DNA_gyrase_global                    86.0                 86.0                0.0215 
EXT                  EXT                                   0.0                  0.0                   0.0 
gene                 tetA                                 65.0                 65.0               0.01625 
gene                 CDS                                   1.0                  1.0               0.00025 
origin               ori                                   0.0                  0.0                   0.0 
lacOP                lac1                                  0.0                  0.0                   0.0 
gene                 mKalama1                              9.0                  9.0               0.00225 
lacOP                lac2                                  0.0                  0.0                   0.0 
gene                 Raspberry                            11.0                 11.0               0.00275 
 
Events
---------------------------------------------------------------------------------------
frame 46 time 23.0 binding_event at DNA_topoI 48 enzyme topoI with twist -211.83310 superhelical -0.06000 global twist -211.83310 global supercoiling -0.06000
frame 48 time 24.0 unbinding_event at DNA_topoI 48 enzyme topoI with twist -200.16433 superhelical -0.05746 global twist -204.05392 global supercoiling -0.05900
frame 66 time 33.0 binding_event at gene tetA enzyme RNAP with twist -200.16433 superhelical -0.05669 global twist -200.16433 global supercoiling -0.05669
frame 106 time 53.0 unbinding_event at gene tetA enzyme RNAP with twist -200.16433 superhelical -0.09992 global twist -200.16433 global supercoiling -0.05700
frame 271 time 135.5 binding_event at DNA_topoI 6 enzyme topoI with twist -200.16433 superhelical -0.05669 global twist -200.16433 global supercoiling -0.05669
frame 273 time 136.5 unbinding_event at DNA_topoI 6 enzyme topoI with twist -188.49556 superhelical -0.05511 global twist -192.38515 global supercoiling -0.05562
frame 293 time 146.5 binding_event at DNA_topoI 12 enzyme topoI with twist -188.49556 superhelical -0.05339 global twist -188.49556 global supercoiling -0.05339
frame 295 time 147.5 unbinding_event at DNA_topoI 12 enzyme topoI with twist -176.82679 superhelical -0.05221 global twist -180.71638 global supercoiling -0.05225
frame 326 time 163.0 binding_event at gene mKalama1 enzyme RNAP with twist -176.82679 superhelical -0.05008 global twist -176.82679 global supercoiling -0.05008
frame 342 time 171.0 binding_event at DNA_topoI 25 enzyme topoI with twist -201.66798 superhelical -0.06400 global twist -176.82679 global supercoiling -0.05036
frame 344 time 172.0 binding_event at DNA_gyrase 26 enzyme gyrase with twist 32.02197 superhelical 0.09873 global twist -169.04760 global supercoiling -0.04915
frame 348 time 174.0 unbinding_event at DNA_gyrase 26 enzyme gyrase with twist 36.50996 superhelical -0.07849 global twist -164.26042 global supercoiling -0.04877
frame 352 time 176.0 binding_event at gene Raspberry enzyme RNAP with twist -216.73259 superhelical -0.06607 global twist -151.39485 global supercoiling -0.04402
frame 353 time 176.5 unbinding_event at gene mKalama1 enzyme RNAP with twist 2.71895 superhelical 0.37609 global twist -147.50526 global supercoiling -0.04312
frame 355 time 177.5 unbinding_event at DNA_topoI 25 enzyme topoI with twist -131.37465 superhelical -0.05984 global twist -139.72607 global supercoiling -0.04062
frame 376 time 188.0 binding_event at gene tetA enzyme RNAP with twist -59.56682 superhelical -0.02570 global twist -135.83648 global supercoiling -0.03868
frame 379 time 189.5 unbinding_event at gene Raspberry enzyme RNAP with twist -103.68570 superhelical -0.07164 global twist -135.83648 global supercoiling -0.03890
frame 405 time 202.5 binding_event at gene tetA enzyme RNAP with twist -193.44549 superhelical -0.08648 global twist -135.83648 global supercoiling -0.03868
frame 408 time 204.0 binding_event at DNA_topoI 38 enzyme topoI with twist -160.47480 superhelical -0.09066 global twist -135.83648 global supercoiling -0.03890
frame 409 time 204.5 unbinding_event at DNA_topoI 38 enzyme topoI with twist -159.87641 superhelical -0.08977 global twist -131.94689 global supercoiling -0.03858
frame 416 time 208.0 unbinding_event at gene tetA enzyme RNAP with twist 56.95185 superhelical -0.08723 global twist -128.05730 global supercoiling -0.03667
frame 439 time 219.5 binding_event at DNA_gyrase 11 enzyme gyrase with twist 135.94046 superhelical 0.11473 global twist -128.05730 global supercoiling -0.03647
frame 442 time 221.0 unbinding_event at DNA_gyrase 11 enzyme gyrase with twist 139.53085 superhelical 0.43106 global twist -136.13568 global supercoiling -0.03958
frame 445 time 222.5 unbinding_event at gene tetA enzyme RNAP with twist -138.82848 superhelical -0.11790 global twist -138.82848 global supercoiling -0.03954
frame 616 time 308.0 binding_event at DNA_topoI 18 enzyme topoI with twist -138.82848 superhelical -0.03932 global twist -138.82848 global supercoiling -0.03932
frame 616 time 308.0 unbinding_event at DNA_topoI 18 enzyme topoI with twist -134.93888 superhelical -0.03949 global twist -138.82848 global supercoiling -0.03932
frame 622 time 311.0 binding_event at DNA_topoI 14 enzyme topoI with twist -134.93888 superhelical -0.03822 global twist -134.93888 global supercoiling -0.03822
frame 622 time 311.0 unbinding_event at DNA_topoI 14 enzyme topoI with twist -131.04929 superhelical -0.03829 global twist -134.93888 global supercoiling -0.03822
frame 623 time 311.5 binding_event at DNA_gyrase 45 enzyme gyrase with twist -131.04929 superhelical -0.03712 global twist -131.04929 global supercoiling -0.03712
frame 634 time 317.0 unbinding_event at DNA_gyrase 45 enzyme gyrase with twist -163.36282 superhelical -0.05007 global twist -160.67002 global supercoiling -0.04645
frame 662 time 331.0 binding_event at gene tetA enzyme RNAP with twist -163.36282 superhelical -0.04627 global twist -163.36282 global supercoiling -0.04627
frame 702 time 351.0 unbinding_event at gene tetA enzyme RNAP with twist -163.36282 superhelical -0.09259 global twist -163.36282 global supercoiling -0.04652
frame 762 time 381.0 binding_event at DNA_topoI 38 enzyme topoI with twist -163.36282 superhelical -0.04627 global twist -163.36282 global supercoiling -0.04627
frame 764 time 382.0 unbinding_event at DNA_topoI 38 enzyme topoI with twist -151.69405 superhelical -0.04015 global twist -155.58364 global supercoiling -0.04498
frame 785 time 392.5 binding_event at gene tetA enzyme RNAP with twist -151.69405 superhelical -0.04297 global twist -151.69405 global supercoiling -0.04297
frame 825 time 412.5 unbinding_event at gene tetA enzyme RNAP with twist -151.69405 superhelical -0.09026 global twist -151.69405 global supercoiling -0.04320
frame 836 time 418.0 binding_event at DNA_gyrase 34 enzyme gyrase with twist -151.69405 superhelical -0.04297 global twist -151.69405 global supercoiling -0.04297
frame 839 time 419.5 unbinding_event at DNA_gyrase 34 enzyme gyrase with twist -162.46522 superhelical -0.05390 global twist -159.77243 global supercoiling -0.04619
frame 872 time 436.0 binding_event at gene tetA enzyme RNAP with twist -162.46522 superhelical -0.04602 global twist -162.46522 global supercoiling -0.04602
frame 912 time 456.0 unbinding_event at gene tetA enzyme RNAP with twist -162.46522 superhelical -0.09241 global twist -162.46522 global supercoiling -0.04627
frame 992 time 496.0 binding_event at DNA_topoI 27 enzyme topoI with twist -162.46522 superhelical -0.04602 global twist -162.46522 global supercoiling -0.04602
frame 995 time 497.5 unbinding_event at DNA_topoI 27 enzyme topoI with twist -146.90686 superhelical 0.18517 global twist -150.79645 global supercoiling -0.04360
frame 1017 time 508.5 binding_event at DNA_topoI 4 enzyme topoI with twist -146.90686 superhelical -0.04161 global twist -146.90686 global supercoiling -0.04161
frame 1020 time 510.0 unbinding_event at DNA_topoI 4 enzyme topoI with twist -131.34849 superhelical -0.03853 global twist -135.23808 global supercoiling -0.03910
frame 1038 time 519.0 binding_event at gene tetA enzyme RNAP with twist -131.34849 superhelical -0.03720 global twist -131.34849 global supercoiling -0.03720
frame 1078 time 539.0 unbinding_event at gene tetA enzyme RNAP with twist -131.34849 superhelical -0.08621 global twist -131.34849 global supercoiling -0.03741
frame 1094 time 547.0 binding_event at gene tetA enzyme RNAP with twist -131.34849 superhelical -0.03720 global twist -131.34849 global supercoiling -0.03720
frame 1134 time 567.0 unbinding_event at gene tetA enzyme RNAP with twist -131.34849 superhelical -0.08621 global twist -131.34849 global supercoiling -0.03741
frame 1225 time 612.5 binding_event at DNA_topoI 9 enzyme topoI with twist -131.34849 superhelical -0.03720 global twist -131.34849 global supercoiling -0.03720
frame 1240 time 620.0 unbinding_event at DNA_topoI 9 enzyme topoI with twist -69.11504 superhelical -0.02463 global twist -73.00463 global supercoiling -0.02111
frame 1303 time 651.5 binding_event at DNA_topoI 11 enzyme topoI with twist -69.11504 superhelical -0.01958 global twist -69.11504 global supercoiling -0.01958
frame 1305 time 652.5 unbinding_event at DNA_topoI 11 enzyme topoI with twist -57.44627 superhelical -0.01763 global twist -61.33586 global supercoiling -0.01773
frame 1309 time 654.5 binding_event at DNA_topoI 27 enzyme topoI with twist -57.44627 superhelical -0.01627 global twist -57.44627 global supercoiling -0.01627
frame 1309 time 654.5 unbinding_event at DNA_topoI 27 enzyme topoI with twist -53.55667 superhelical 0.04143 global twist -57.44627 global supercoiling -0.01627
frame 1411 time 705.5 binding_event at gene Raspberry enzyme RNAP with twist -53.55667 superhelical -0.01517 global twist -53.55667 global supercoiling -0.01517
frame 1415 time 707.5 binding_event at DNA_gyrase 27 enzyme gyrase with twist -25.98924 superhelical -0.03116 global twist -53.55667 global supercoiling -0.01525
frame 1418 time 709.0 unbinding_event at DNA_gyrase 27 enzyme gyrase with twist -51.12198 superhelical -0.19480 global twist -61.63506 global supercoiling -0.01792
frame 1434 time 717.0 binding_event at DNA_topoI 28 enzyme topoI with twist -104.97786 superhelical -0.08932 global twist -64.32785 global supercoiling -0.01832
frame 1436 time 718.0 binding_event at gene Raspberry enzyme RNAP with twist -98.24947 superhelical -0.09502 global twist -56.54867 global supercoiling -0.01644
frame 1438 time 719.0 unbinding_event at DNA_topoI 28 enzyme topoI with twist -61.88804 superhelical -0.00281 global twist -48.76949 global supercoiling -0.01426
frame 1438 time 719.0 unbinding_event at gene Raspberry enzyme RNAP with twist 17.00815 superhelical -0.09681 global twist -48.76949 global supercoiling -0.01426
frame 1439 time 719.5 binding_event at DNA_gyrase 24 enzyme gyrase with twist 17.00815 superhelical 0.00631 global twist -44.87990 global supercoiling -0.01278
frame 1440 time 720.0 unbinding_event at DNA_gyrase 24 enzyme gyrase with twist 18.80334 superhelical 0.00834 global twist -47.57269 global supercoiling -0.01383
frame 1453 time 726.5 binding_event at DNA_gyrase 16 enzyme gyrase with twist 61.88804 superhelical 0.02532 global twist -50.26548 global supercoiling -0.01431
frame 1455 time 727.5 unbinding_event at DNA_gyrase 16 enzyme gyrase with twist 64.58083 superhelical 0.03090 global twist -55.65107 global supercoiling -0.01618
frame 1463 time 731.5 unbinding_event at gene Raspberry enzyme RNAP with twist -58.34386 superhelical -0.11988 global twist -58.34386 global supercoiling -0.01662
frame 1464 time 732.0 binding_event at gene tetA enzyme RNAP with twist -58.34386 superhelical -0.01653 global twist -58.34386 global supercoiling -0.01653
frame 1496 time 748.0 binding_event at DNA_topoI 8 enzyme topoI with twist -143.40824 superhelical -0.06261 global twist -58.34386 global supercoiling -0.01662
frame 1497 time 748.5 unbinding_event at DNA_topoI 8 enzyme topoI with twist -142.80985 superhelical -0.06062 global twist -54.45427 global supercoiling -0.01583
frame 1504 time 752.0 unbinding_event at gene tetA enzyme RNAP with twist -50.56468 superhelical -0.06849 global twist -50.56468 global supercoiling -0.01440
frame 1532 time 766.0 binding_event at DNA_topoI 12 enzyme topoI with twist -50.56468 superhelical -0.01432 global twist -50.56468 global supercoiling -0.01432
frame 1533 time 766.5 unbinding_event at DNA_topoI 12 enzyme topoI with twist -42.78550 superhelical -0.01309 global twist -46.67509 global supercoiling -0.01349
frame 1547 time 773.5 binding_event at DNA_gyrase 11 enzyme gyrase with twist -42.78550 superhelical -0.01212 global twist -42.78550 global supercoiling -0.01212
frame 1550 time 775.0 unbinding_event at DNA_gyrase 11 enzyme gyrase with twist -53.55667 superhelical -0.01455 global twist -50.86388 global supercoiling -0.01471
frame 1580 time 790.0 binding_event at DNA_topoI 32 enzyme topoI with twist -53.55667 superhelical -0.01517 global twist -53.55667 global supercoiling -0.01517
frame 1580 time 790.0 unbinding_event at DNA_topoI 32 enzyme topoI with twist -49.66708 superhelical -0.01053 global twist -53.55667 global supercoiling -0.01517
frame 1614 time 807.0 binding_event at DNA_gyrase 48 enzyme gyrase with twist -49.66708 superhelical -0.01407 global twist -49.66708 global supercoiling -0.01407
frame 1614 time 807.0 unbinding_event at DNA_gyrase 48 enzyme gyrase with twist -52.35988 superhelical -0.01523 global twist -49.66708 global supercoiling -0.01407
frame 1643 time 821.5 binding_event at gene tetA enzyme RNAP with twist -52.35988 superhelical -0.01483 global twist -52.35988 global supercoiling -0.01483
frame 1657 time 828.5 binding_event at gene tetA enzyme RNAP with twist -75.85651 superhelical -0.03855 global twist -52.35988 global supercoiling -0.01491
frame 1672 time 836.0 binding_event at DNA_topoI 43 enzyme topoI with twist -120.67297 superhelical -0.06078 global twist -52.35988 global supercoiling -0.01499
frame 1677 time 838.5 unbinding_event at DNA_topoI 43 enzyme topoI with twist -118.87777 superhelical -0.05319 global twist -32.91192 global supercoiling -0.00962
frame 1683 time 841.5 unbinding_event at gene tetA enzyme RNAP with twist 111.39779 superhelical -0.03893 global twist -29.02233 global supercoiling -0.00831
frame 1684 time 842.0 binding_event at DNA_gyrase 0 enzyme gyrase with twist 111.39779 superhelical 0.05061 global twist -29.02233 global supercoiling -0.00827
frame 1694 time 847.0 unbinding_event at DNA_gyrase 0 enzyme gyrase with twist 42.28275 superhelical 0.04353 global twist 195.86764 global supercoiling 0.05694
frame 1697 time 848.5 unbinding_event at gene tetA enzyme RNAP with twist 193.17485 superhelical 0.01285 global twist 193.17485 global supercoiling 0.05501
frame 1712 time 856.0 binding_event at DNA_gyrase 18 enzyme gyrase with twist 193.17485 superhelical 0.05472 global twist 193.17485 global supercoiling 0.05472
frame 1729 time 864.5 unbinding_event at DNA_gyrase 18 enzyme gyrase with twist 144.70456 superhelical 0.04771 global twist 147.39736 global supercoiling 0.04262
frame 1756 time 878.0 binding_event at gene tetA enzyme RNAP with twist 144.70456 superhelical 0.04099 global twist 144.70456 global supercoiling 0.04099
frame 1789 time 894.5 binding_event at gene tetA enzyme RNAP with twist -47.75820 superhelical -0.02069 global twist 144.70456 global supercoiling 0.04121
frame 1792 time 896.0 binding_event at DNA_topoI 0 enzyme topoI with twist -46.57110 superhelical -0.02631 global twist 144.70456 global supercoiling 0.04144
frame 1796 time 898.0 unbinding_event at gene tetA enzyme RNAP with twist 209.22762 superhelical -0.02086 global twist 160.26293 global supercoiling 0.04685
frame 1797 time 898.5 unbinding_event at DNA_topoI 0 enzyme topoI with twist -44.77590 superhelical -0.02050 global twist 164.15252 global supercoiling 0.04772
frame 1829 time 914.5 unbinding_event at gene tetA enzyme RNAP with twist 168.04211 superhelical -0.06511 global twist 168.04211 global supercoiling 0.04786
frame 1835 time 917.5 binding_event at DNA_gyrase 18 enzyme gyrase with twist 168.04211 superhelical 0.04760 global twist 168.04211 global supercoiling 0.04760
frame 1835 time 917.5 unbinding_event at DNA_gyrase 18 enzyme gyrase with twist 165.34932 superhelical 0.04813 global twist 168.04211 global supercoiling 0.04760
frame 1836 time 918.0 binding_event at DNA_gyrase 27 enzyme gyrase with twist 165.34932 superhelical 0.04683 global twist 165.34932 global supercoiling 0.04683
frame 1847 time 923.5 unbinding_event at DNA_gyrase 27 enzyme gyrase with twist 133.03579 superhelical -0.43434 global twist 135.72858 global supercoiling 0.03924
frame 1849 time 924.5 binding_event at DNA_gyrase 36 enzyme gyrase with twist 133.03579 superhelical 0.03768 global twist 133.03579 global supercoiling 0.03768
frame 1854 time 927.0 unbinding_event at DNA_gyrase 36 enzyme gyrase with twist 116.87903 superhelical 0.02658 global twist 119.57182 global supercoiling 0.03457
frame 1944 time 972.0 binding_event at DNA_gyrase 40 enzyme gyrase with twist 116.87903 superhelical 0.03311 global twist 116.87903 global supercoiling 0.03311
frame 1947 time 973.5 unbinding_event at DNA_gyrase 40 enzyme gyrase with twist 106.10785 superhelical 0.02822 global twist 108.80065 global supercoiling 0.03146
frame 1980 time 990.0 binding_event at gene tetA enzyme RNAP with twist 106.10785 superhelical 0.03005 global twist 106.10785 global supercoiling 0.03005
frame 2020 time 1010.0 unbinding_event at gene tetA enzyme RNAP with twist 106.10785 superhelical -0.03888 global twist 106.10785 global supercoiling 0.03022
frame 2057 time 1028.5 binding_event at gene tetA enzyme RNAP with twist 106.10785 superhelical 0.03005 global twist 106.10785 global supercoiling 0.03005
frame 2097 time 1048.5 unbinding_event at gene tetA enzyme RNAP with twist 106.10785 superhelical -0.03888 global twist 106.10785 global supercoiling 0.03022
frame 2129 time 1064.5 binding_event at gene tetA enzyme RNAP with twist 106.10785 superhelical 0.03005 global twist 106.10785 global supercoiling 0.03005
frame 2131 time 1065.5 binding_event at DNA_gyrase 24 enzyme gyrase with twist 61.42815 superhelical 0.03492 global twist 106.10785 global supercoiling 0.03022
frame 2136 time 1068.0 unbinding_event at DNA_gyrase 24 enzyme gyrase with twist 66.81374 superhelical 0.04777 global twist 92.64389 global supercoiling 0.02693
frame 2146 time 1073.0 binding_event at DNA_gyrase 14 enzyme gyrase with twist 99.12726 superhelical 0.06653 global twist 89.95109 global supercoiling 0.02562
frame 2151 time 1075.5 unbinding_event at DNA_gyrase 14 enzyme gyrase with twist 104.51285 superhelical 0.10862 global twist 76.48712 global supercoiling 0.02224
frame 2169 time 1084.5 unbinding_event at gene tetA enzyme RNAP with twist 73.79433 superhelical -0.03888 global twist 73.79433 global supercoiling 0.02102
frame 2212 time 1106.0 binding_event at DNA_gyrase 13 enzyme gyrase with twist 73.79433 superhelical 0.02090 global twist 73.79433 global supercoiling 0.02090
frame 2212 time 1106.0 unbinding_event at DNA_gyrase 13 enzyme gyrase with twist 71.10154 superhelical 0.02082 global twist 73.79433 global supercoiling 0.02090
frame 2299 time 1149.5 binding_event at DNA_gyrase 4 enzyme gyrase with twist 71.10154 superhelical 0.02014 global twist 71.10154 global supercoiling 0.02014
frame 2300 time 1150.0 unbinding_event at DNA_gyrase 4 enzyme gyrase with twist 65.71595 superhelical 0.01919 global twist 68.40874 global supercoiling 0.01978
frame 2321 time 1160.5 binding_event at DNA_gyrase 0 enzyme gyrase with twist 65.71595 superhelical 0.01861 global twist 65.71595 global supercoiling 0.01861
frame 2321 time 1160.5 unbinding_event at DNA_gyrase 0 enzyme gyrase with twist 63.02315 superhelical 0.01820 global twist 65.71595 global supercoiling 0.01861
frame 2334 time 1167.0 binding_event at DNA_gyrase 12 enzyme gyrase with twist 63.02315 superhelical 0.01785 global twist 63.02315 global supercoiling 0.01785
frame 2334 time 1167.0 unbinding_event at DNA_gyrase 12 enzyme gyrase with twist 60.33036 superhelical 0.01769 global twist 63.02315 global supercoiling 0.01785
frame 2377 time 1188.5 binding_event at DNA_gyrase 44 enzyme gyrase with twist 60.33036 superhelical 0.01709 global twist 60.33036 global supercoiling 0.01709
frame 2379 time 1189.5 unbinding_event at DNA_gyrase 44 enzyme gyrase with twist 52.25198 superhelical 0.01422 global twist 54.94477 global supercoiling 0.01589
frame 2412 time 1206.0 binding_event at DNA_gyrase 19 enzyme gyrase with twist 52.25198 superhelical 0.01480 global twist 52.25198 global supercoiling 0.01480
frame 2413 time 1206.5 unbinding_event at DNA_gyrase 19 enzyme gyrase with twist 46.86639 superhelical 0.01422 global twist 49.55919 global supercoiling 0.01433
frame 2487 time 1243.5 binding_event at gene tetA enzyme RNAP with twist 46.86639 superhelical 0.01327 global twist 46.86639 global supercoiling 0.01327
frame 2495 time 1247.5 binding_event at DNA_gyrase 12 enzyme gyrase with twist 52.68346 superhelical 0.03190 global twist 46.86639 global supercoiling 0.01335
frame 2501 time 1250.5 unbinding_event at DNA_gyrase 12 enzyme gyrase with twist 58.96664 superhelical 0.07005 global twist 30.70963 global supercoiling 0.00893
frame 2508 time 1254.0 binding_event at DNA_gyrase 1 enzyme gyrase with twist -52.49215 superhelical -0.02508 global twist 28.01684 global supercoiling 0.00798
frame 2509 time 1254.5 unbinding_event at DNA_gyrase 1 enzyme gyrase with twist -65.05853 superhelical -0.02750 global twist 25.32404 global supercoiling 0.00736
frame 2527 time 1263.5 unbinding_event at gene tetA enzyme RNAP with twist 22.63125 superhelical -0.05288 global twist 22.63125 global supercoiling 0.00645
frame 2537 time 1268.5 binding_event at gene Raspberry enzyme RNAP with twist 22.63125 superhelical 0.00641 global twist 22.63125 global supercoiling 0.00641
frame 2550 time 1275.0 binding_event at DNA_gyrase 15 enzyme gyrase with twist 64.39288 superhelical 0.02560 global twist 22.63125 global supercoiling 0.00645
frame 2552 time 1276.0 unbinding_event at DNA_gyrase 15 enzyme gyrase with twist 67.08567 superhelical 0.03116 global twist 17.24566 global supercoiling 0.00501
frame 2564 time 1282.0 unbinding_event at gene Raspberry enzyme RNAP with twist 14.55287 superhelical -0.07559 global twist 14.55287 global supercoiling 0.00414
frame 2567 time 1283.5 binding_event at gene tetA enzyme RNAP with twist 14.55287 superhelical 0.00412 global twist 14.55287 global supercoiling 0.00412
frame 2582 time 1291.0 binding_event at gene tetA enzyme RNAP with twist -46.74312 superhelical -0.02354 global twist 14.55287 global supercoiling 0.00414
frame 2583 time 1291.5 binding_event at gene tetA enzyme RNAP with twist -44.38749 superhelical -0.02560 global twist 14.55287 global supercoiling 0.00417
frame 2586 time 1293.0 binding_event at DNA_topoI 0 enzyme topoI with twist -55.12774 superhelical -0.03114 global twist 14.55287 global supercoiling 0.00419
frame 2593 time 1296.5 unbinding_event at DNA_topoI 0 enzyme topoI with twist -52.73414 superhelical -0.02323 global twist 41.78000 global supercoiling 0.01228
frame 2597 time 1298.5 binding_event at DNA_gyrase 31 enzyme gyrase with twist -63.50532 superhelical -0.03228 global twist 45.66960 global supercoiling 0.01315
frame 2597 time 1298.5 unbinding_event at DNA_gyrase 31 enzyme gyrase with twist -69.78850 superhelical -0.03770 global twist 45.66960 global supercoiling 0.01315
frame 2607 time 1303.5 unbinding_event at gene tetA enzyme RNAP with twist 148.70015 superhelical -0.02377 global twist 42.97680 global supercoiling 0.01237
frame 2622 time 1311.0 unbinding_event at gene tetA enzyme RNAP with twist 202.52509 superhelical -0.02585 global twist 42.97680 global supercoiling 0.01231
frame 2623 time 1311.5 unbinding_event at gene tetA enzyme RNAP with twist 42.97680 superhelical -0.06653 global twist 42.97680 global supercoiling 0.01224
frame 2667 time 1333.5 binding_event at DNA_topoI 6 enzyme topoI with twist 42.97680 superhelical 0.01217 global twist 42.97680 global supercoiling 0.01217
frame 2672 time 1336.0 unbinding_event at DNA_topoI 6 enzyme topoI with twist 66.31435 superhelical 0.01794 global twist 62.42476 global supercoiling 0.01805
frame 2719 time 1359.5 binding_event at DNA_gyrase 18 enzyme gyrase with twist 66.31435 superhelical 0.01878 global twist 66.31435 global supercoiling 0.01878
frame 2719 time 1359.5 unbinding_event at DNA_gyrase 18 enzyme gyrase with twist 63.62155 superhelical 0.01872 global twist 66.31435 global supercoiling 0.01878
frame 2752 time 1376.0 binding_event at DNA_gyrase 3 enzyme gyrase with twist 63.62155 superhelical 0.01802 global twist 63.62155 global supercoiling 0.01802
frame 2763 time 1381.5 unbinding_event at DNA_gyrase 3 enzyme gyrase with twist 31.30803 superhelical 0.00989 global twist 34.00082 global supercoiling 0.00983
frame 2789 time 1394.5 binding_event at gene tetA enzyme RNAP with twist 31.30803 superhelical 0.00887 global twist 31.30803 global supercoiling 0.00887
frame 2808 time 1404.0 binding_event at DNA_gyrase 45 enzyme gyrase with twist -52.91556 superhelical -0.02572 global twist 31.30803 global supercoiling 0.00892
frame 2811 time 1405.5 binding_event at gene tetA enzyme RNAP with twist -32.38509 superhelical -0.04540 global twist 23.22965 global supercoiling 0.00675
frame 2812 time 1406.0 unbinding_event at DNA_gyrase 45 enzyme gyrase with twist -66.79887 superhelical -0.03173 global twist 20.53685 global supercoiling 0.00600
frame 2829 time 1414.5 unbinding_event at gene tetA enzyme RNAP with twist 145.67959 superhelical -0.04665 global twist 17.84406 global supercoiling 0.00511
frame 2830 time 1415.0 binding_event at DNA_topoI 48 enzyme topoI with twist -127.83553 superhelical -0.06214 global twist 17.84406 global supercoiling 0.00508
frame 2831 time 1415.5 unbinding_event at DNA_topoI 48 enzyme topoI with twist -127.23713 superhelical -0.06186 global twist 21.73365 global supercoiling 0.00632
frame 2851 time 1425.5 unbinding_event at gene tetA enzyme RNAP with twist 25.62324 superhelical -0.08117 global twist 25.62324 global supercoiling 0.00730
frame 2903 time 1451.5 binding_event at gene tetA enzyme RNAP with twist 25.62324 superhelical 0.00726 global twist 25.62324 global supercoiling 0.00726
frame 2906 time 1453.0 binding_event at DNA_gyrase 2 enzyme gyrase with twist 23.87099 superhelical 0.01371 global twist 25.62324 global supercoiling 0.00730
frame 2907 time 1453.5 binding_event at DNA_gyrase 22 enzyme gyrase with twist 21.95990 superhelical 0.01347 global twist 22.93045 global supercoiling 0.00667
frame 2908 time 1454.0 binding_event at DNA_gyrase 1 enzyme gyrase with twist -5.42853 superhelical -0.00301 global twist 17.54486 global supercoiling 0.00521
frame 2908 time 1454.0 unbinding_event at DNA_gyrase 1 enzyme gyrase with twist -11.71172 superhelical -0.00382 global twist 17.54486 global supercoiling 0.00521
frame 2909 time 1454.5 binding_event at DNA_gyrase 25 enzyme gyrase with twist 0.03954 superhelical 0.00020 global twist 9.46648 global supercoiling 0.00281
frame 2909 time 1454.5 unbinding_event at DNA_gyrase 2 enzyme gyrase with twist 20.68985 superhelical 0.29525 global twist 9.46648 global supercoiling 0.00281
frame 2909 time 1454.5 unbinding_event at DNA_gyrase 25 enzyme gyrase with twist -3.99965 superhelical -0.01851 global twist 9.46648 global supercoiling 0.00281
frame 2911 time 1455.5 binding_event at DNA_gyrase 19 enzyme gyrase with twist 22.93385 superhelical 0.01655 global twist -1.30469 global supercoiling -0.00038
frame 2911 time 1455.5 unbinding_event at DNA_gyrase 22 enzyme gyrase with twist -6.87880 superhelical -0.00130 global twist -1.30469 global supercoiling -0.00038
frame 2915 time 1457.5 unbinding_event at DNA_gyrase 19 enzyme gyrase with twist 19.38300 superhelical 0.02928 global twist -14.76866 global supercoiling -0.00429
frame 2942 time 1471.0 binding_event at DNA_gyrase 18 enzyme gyrase with twist 112.73318 superhelical 0.10295 global twist -17.46146 global supercoiling -0.00497
frame 2943 time 1471.5 unbinding_event at gene tetA enzyme RNAP with twist -73.15863 superhelical -0.05602 global twist -20.15425 global supercoiling -0.00586
frame 2952 time 1476.0 unbinding_event at DNA_gyrase 18 enzyme gyrase with twist -47.08219 superhelical -0.02864 global twist -44.38939 global supercoiling -0.01283
frame 3073 time 1536.5 binding_event at gene mKalama1 enzyme RNAP with twist -47.08219 superhelical -0.01334 global twist -47.08219 global supercoiling -0.01334
frame 3094 time 1547.0 binding_event at gene mKalama1 enzyme RNAP with twist -113.79893 superhelical -0.03511 global twist -47.08219 global supercoiling -0.01341
frame 3096 time 1548.0 binding_event at DNA_gyrase 35 enzyme gyrase with twist -12.63963 superhelical -0.03532 global twist -47.08219 global supercoiling -0.01348
frame 3097 time 1548.5 unbinding_event at DNA_gyrase 35 enzyme gyrase with twist -118.01063 superhelical -8.87727 global twist -49.77498 global supercoiling -0.01455
frame 3100 time 1550.0 unbinding_event at gene mKalama1 enzyme RNAP with twist 76.31403 superhelical 0.63427 global twist -52.46778 global supercoiling -0.01502
frame 3121 time 1560.5 unbinding_event at gene mKalama1 enzyme RNAP with twist -52.46778 superhelical 1.04765 global twist -52.46778 global supercoiling -0.01494
frame 3167 time 1583.5 binding_event at DNA_gyrase 31 enzyme gyrase with twist -52.46778 superhelical -0.01486 global twist -52.46778 global supercoiling -0.01486
frame 3169 time 1584.5 unbinding_event at DNA_gyrase 31 enzyme gyrase with twist -60.54616 superhelical -0.02776 global twist -57.85336 global supercoiling -0.01673
frame 3170 time 1585.0 binding_event at gene tetA enzyme RNAP with twist -60.54616 superhelical -0.01715 global twist -60.54616 global supercoiling -0.01715
frame 3171 time 1585.5 binding_event at DNA_gyrase 5 enzyme gyrase with twist -27.36368 superhelical -0.01540 global twist -60.54616 global supercoiling -0.01724
frame 3177 time 1588.5 unbinding_event at DNA_gyrase 5 enzyme gyrase with twist -21.08049 superhelical 0.06686 global twist -76.70292 global supercoiling -0.02230
frame 3210 time 1605.0 unbinding_event at gene tetA enzyme RNAP with twist -79.39571 superhelical -0.07210 global twist -79.39571 global supercoiling -0.02261
frame 3319 time 1659.5 binding_event at DNA_gyrase 29 enzyme gyrase with twist -79.39571 superhelical -0.02249 global twist -79.39571 global supercoiling -0.02249
frame 3321 time 1660.5 unbinding_event at DNA_gyrase 29 enzyme gyrase with twist -87.47409 superhelical -0.04576 global twist -84.78130 global supercoiling -0.02451
frame 3443 time 1721.5 binding_event at gene mKalama1 enzyme RNAP with twist -87.47409 superhelical -0.02478 global twist -87.47409 global supercoiling -0.02478
frame 3445 time 1722.5 binding_event at DNA_gyrase 25 enzyme gyrase with twist -78.52554 superhelical -0.02708 global twist -87.47409 global supercoiling -0.02491
frame 3452 time 1726.0 unbinding_event at DNA_gyrase 25 enzyme gyrase with twist -128.79102 superhelical -0.03923 global twist -106.32365 global supercoiling -0.03091
frame 3454 time 1727.0 binding_event at gene tetA enzyme RNAP with twist -132.38141 superhelical -0.04324 global twist -109.01644 global supercoiling -0.03105
frame 3470 time 1735.0 unbinding_event at gene mKalama1 enzyme RNAP with twist -91.93661 superhelical 0.58283 global twist -109.01644 global supercoiling -0.03122
frame 3471 time 1735.5 binding_event at DNA_topoI 11 enzyme topoI with twist -17.07983 superhelical -0.01146 global twist -109.01644 global supercoiling -0.03105
frame 3472 time 1736.0 unbinding_event at DNA_topoI 11 enzyme topoI with twist -2.11987 superhelical 0.01465 global twist -105.12685 global supercoiling -0.03056
frame 3494 time 1747.0 unbinding_event at gene tetA enzyme RNAP with twist -101.23726 superhelical -0.07263 global twist -101.23726 global supercoiling -0.02883
frame 3499 time 1749.5 binding_event at gene tetA enzyme RNAP with twist -101.23726 superhelical -0.02867 global twist -101.23726 global supercoiling -0.02867
frame 3533 time 1766.5 binding_event at DNA_topoI 34 enzyme topoI with twist -171.55328 superhelical -0.07374 global twist -101.23726 global supercoiling -0.02883
frame 3535 time 1767.5 unbinding_event at DNA_topoI 34 enzyme topoI with twist -170.65569 superhelical -0.06520 global twist -93.45808 global supercoiling -0.02717
frame 3539 time 1769.5 unbinding_event at gene tetA enzyme RNAP with twist -89.56849 superhelical -0.07545 global twist -89.56849 global supercoiling -0.02551
frame 3564 time 1782.0 binding_event at DNA_gyrase 29 enzyme gyrase with twist -89.56849 superhelical -0.02537 global twist -89.56849 global supercoiling -0.02537
frame 3570 time 1785.0 binding_event at DNA_topoI 23 enzyme topoI with twist -93.05997 superhelical -0.02836 global twist -105.72525 global supercoiling -0.03057
frame 3570 time 1785.0 unbinding_event at DNA_topoI 23 enzyme topoI with twist -90.51678 superhelical -0.02880 global twist -105.72525 global supercoiling -0.03057
frame 3575 time 1787.5 unbinding_event at DNA_gyrase 29 enzyme gyrase with twist -117.99242 superhelical -0.11711 global twist -115.29963 global supercoiling -0.03334
frame 3646 time 1823.0 binding_event at DNA_topoI 16 enzyme topoI with twist -117.99242 superhelical -0.03342 global twist -117.99242 global supercoiling -0.03342
frame 3652 time 1826.0 unbinding_event at DNA_topoI 16 enzyme topoI with twist -90.76529 superhelical -0.02931 global twist -94.65488 global supercoiling -0.02737
frame 3664 time 1832.0 binding_event at DNA_gyrase 6 enzyme gyrase with twist -90.76529 superhelical -0.02571 global twist -90.76529 global supercoiling -0.02571
frame 3664 time 1832.0 unbinding_event at DNA_gyrase 6 enzyme gyrase with twist -93.45808 superhelical -0.02688 global twist -90.76529 global supercoiling -0.02571
frame 3689 time 1844.5 binding_event at gene tetA enzyme RNAP with twist -93.45808 superhelical -0.02647 global twist -93.45808 global supercoiling -0.02647
frame 3729 time 1864.5 unbinding_event at gene tetA enzyme RNAP with twist -93.45808 superhelical -0.07866 global twist -93.45808 global supercoiling -0.02662
frame 3798 time 1899.0 binding_event at gene tetA enzyme RNAP with twist -93.45808 superhelical -0.02647 global twist -93.45808 global supercoiling -0.02647
frame 3815 time 1907.5 binding_event at DNA_gyrase 30 enzyme gyrase with twist -106.71453 superhelical -0.05279 global twist -93.45808 global supercoiling -0.02662
frame 3818 time 1909.0 binding_event at DNA_topoI 32 enzyme topoI with twist -107.89898 superhelical -0.06150 global twist -101.53646 global supercoiling -0.02952
frame 3819 time 1909.5 unbinding_event at DNA_gyrase 30 enzyme gyrase with twist -23.76561 superhelical -0.08178 global twist -100.33966 global supercoiling -0.02979
frame 3825 time 1912.5 unbinding_event at DNA_topoI 32 enzyme topoI with twist -128.55608 superhelical -0.03082 global twist -79.69491 global supercoiling -0.02317
frame 3838 time 1919.0 unbinding_event at gene tetA enzyme RNAP with twist -75.80532 superhelical -0.07146 global twist -75.80532 global supercoiling -0.02159
frame 3882 time 1941.0 binding_event at DNA_gyrase 15 enzyme gyrase with twist -75.80532 superhelical -0.02147 global twist -75.80532 global supercoiling -0.02147
frame 3897 time 1948.5 unbinding_event at DNA_gyrase 15 enzyme gyrase with twist -118.89002 superhelical -0.02972 global twist -116.19723 global supercoiling -0.03360
frame 3926 time 1963.0 binding_event at DNA_topoI 15 enzyme topoI with twist -118.89002 superhelical -0.03367 global twist -118.89002 global supercoiling -0.03367
frame 3926 time 1963.0 unbinding_event at DNA_topoI 15 enzyme topoI with twist -115.00043 superhelical -0.03367 global twist -118.89002 global supercoiling -0.03367
frame 3958 time 1979.0 binding_event at DNA_topoI 2 enzyme topoI with twist -115.00043 superhelical -0.03257 global twist -115.00043 global supercoiling -0.03257
frame 3963 time 1981.5 unbinding_event at DNA_topoI 2 enzyme topoI with twist -91.66288 superhelical -0.02687 global twist -95.55247 global supercoiling -0.02763
frame 4003 time 2001.5 binding_event at gene tetA enzyme RNAP with twist -91.66288 superhelical -0.02596 global twist -91.66288 global supercoiling -0.02596
frame 4020 time 2010.0 binding_event at gene tetA enzyme RNAP with twist -105.83713 superhelical -0.05236 global twist -91.66288 global supercoiling -0.02610
frame 4037 time 2018.5 binding_event at DNA_gyrase 18 enzyme gyrase with twist 75.21090 superhelical 0.06348 global twist -91.66288 global supercoiling -0.02625
frame 4043 time 2021.5 unbinding_event at gene tetA enzyme RNAP with twist 43.28876 superhelical -0.05286 global twist -107.81965 global supercoiling -0.03152
frame 4060 time 2030.0 unbinding_event at gene tetA enzyme RNAP with twist -156.48693 superhelical -0.09702 global twist -153.59714 global supercoiling -0.04466
frame 4060 time 2030.0 unbinding_event at DNA_gyrase 18 enzyme gyrase with twist -156.28993 superhelical -0.09702 global twist -153.59714 global supercoiling -0.04466
frame 4088 time 2044.0 binding_event at gene tetA enzyme RNAP with twist -156.28993 superhelical -0.04427 global twist -156.28993 global supercoiling -0.04427
frame 4103 time 2051.5 binding_event at DNA_topoI 5 enzyme topoI with twist -26.04695 superhelical -0.01707 global twist -156.28993 global supercoiling -0.04451
frame 4105 time 2052.5 unbinding_event at DNA_topoI 5 enzyme topoI with twist -3.60701 superhelical 1.10699 global twist -148.51075 global supercoiling -0.04318
frame 4125 time 2062.5 binding_event at DNA_gyrase 19 enzyme gyrase with twist 64.61043 superhelical 0.05713 global twist -144.62116 global supercoiling -0.04119
frame 4125 time 2062.5 unbinding_event at DNA_gyrase 19 enzyme gyrase with twist 65.50803 superhelical 0.06629 global twist -144.62116 global supercoiling -0.04119
frame 4127 time 2063.5 binding_event at DNA_topoI 40 enzyme topoI with twist -216.41238 superhelical -0.08956 global twist -147.31395 global supercoiling -0.04195
frame 4128 time 2064.0 unbinding_event at gene tetA enzyme RNAP with twist -54.16392 superhelical -0.09229 global twist -143.42436 global supercoiling -0.04170
frame 4131 time 2065.5 unbinding_event at DNA_topoI 40 enzyme topoI with twist -127.86600 superhelical -0.08225 global twist -131.75559 global supercoiling -0.03809
frame 4234 time 2117.0 binding_event at DNA_topoI 33 enzyme topoI with twist -127.86600 superhelical -0.03622 global twist -127.86600 global supercoiling -0.03622
frame 4237 time 2118.5 unbinding_event at DNA_topoI 33 enzyme topoI with twist -112.30764 superhelical -0.02022 global twist -116.19723 global supercoiling -0.03360
frame 4241 time 2120.5 binding_event at DNA_topoI 41 enzyme topoI with twist -112.30764 superhelical -0.03181 global twist -112.30764 global supercoiling -0.03181
frame 4246 time 2123.0 unbinding_event at DNA_topoI 41 enzyme topoI with twist -88.97009 superhelical -0.02124 global twist -92.85968 global supercoiling -0.02685
frame 4252 time 2126.0 binding_event at gene tetA enzyme RNAP with twist -88.97009 superhelical -0.02520 global twist -88.97009 global supercoiling -0.02520
frame 4292 time 2146.0 unbinding_event at gene tetA enzyme RNAP with twist -88.97009 superhelical -0.07776 global twist -88.97009 global supercoiling -0.02534
frame 4318 time 2159.0 binding_event at DNA_gyrase 46 enzyme gyrase with twist -88.97009 superhelical -0.02520 global twist -88.97009 global supercoiling -0.02520
frame 4322 time 2161.0 unbinding_event at DNA_gyrase 46 enzyme gyrase with twist -102.43406 superhelical -0.03054 global twist -99.74126 global supercoiling -0.02884
frame 4327 time 2163.5 binding_event at DNA_topoI 25 enzyme topoI with twist -102.43406 superhelical -0.02901 global twist -102.43406 global supercoiling -0.02901
frame 4332 time 2166.0 unbinding_event at DNA_topoI 25 enzyme topoI with twist -79.09651 superhelical -0.02590 global twist -82.98610 global supercoiling -0.02399
frame 4334 time 2167.0 binding_event at gene tetA enzyme RNAP with twist -79.09651 superhelical -0.02240 global twist -79.09651 global supercoiling -0.02240
frame 4338 time 2169.0 binding_event at gene Raspberry enzyme RNAP with twist -53.02019 superhelical -0.02965 global twist -79.09651 global supercoiling -0.02253
frame 4339 time 2169.5 binding_event at DNA_topoI 39 enzyme topoI with twist -30.16913 superhelical -0.02997 global twist -79.09651 global supercoiling -0.02265
frame 4339 time 2169.5 unbinding_event at DNA_topoI 39 enzyme topoI with twist -26.27954 superhelical 0.03143 global twist -79.09651 global supercoiling -0.02265
frame 4363 time 2181.5 binding_event at gene mKalama1 enzyme RNAP with twist -112.61085 superhelical -0.09298 global twist -75.20692 global supercoiling -0.02154
frame 4364 time 2182.0 binding_event at DNA_gyrase 3 enzyme gyrase with twist -26.27954 superhelical -0.02611 global twist -75.20692 global supercoiling -0.02165
frame 4364 time 2182.0 unbinding_event at DNA_gyrase 3 enzyme gyrase with twist -28.97234 superhelical -0.02537 global twist -75.20692 global supercoiling -0.02165
frame 4365 time 2182.5 unbinding_event at gene Raspberry enzyme RNAP with twist -101.95840 superhelical -0.11190 global twist -77.89972 global supercoiling -0.02243
frame 4373 time 2186.5 binding_event at gene tetA enzyme RNAP with twist -152.22388 superhelical -0.07890 global twist -77.89972 global supercoiling -0.02231
frame 4374 time 2187.0 unbinding_event at gene tetA enzyme RNAP with twist 52.49787 superhelical -0.07969 global twist -77.89972 global supercoiling -0.02243
frame 4390 time 2195.0 unbinding_event at gene mKalama1 enzyme RNAP with twist -187.84385 superhelical 0.27183 global twist -77.89972 global supercoiling -0.02231
frame 4406 time 2203.0 binding_event at DNA_topoI 6 enzyme topoI with twist -241.69973 superhelical -0.10469 global twist -77.89972 global supercoiling -0.02218
frame 4409 time 2204.5 unbinding_event at DNA_topoI 6 enzyme topoI with twist -240.50293 superhelical -0.10438 global twist -66.23094 global supercoiling -0.01926
frame 4413 time 2206.5 unbinding_event at gene tetA enzyme RNAP with twist -62.34135 superhelical -0.10393 global twist -62.34135 global supercoiling -0.01775
frame 4474 time 2237.0 binding_event at DNA_gyrase 8 enzyme gyrase with twist -62.34135 superhelical -0.01766 global twist -62.34135 global supercoiling -0.01766
frame 4474 time 2237.0 unbinding_event at DNA_gyrase 8 enzyme gyrase with twist -65.03415 superhelical -0.01862 global twist -62.34135 global supercoiling -0.01766
frame 4498 time 2249.0 binding_event at DNA_topoI 18 enzyme topoI with twist -65.03415 superhelical -0.01842 global twist -65.03415 global supercoiling -0.01842
frame 4504 time 2252.0 unbinding_event at DNA_topoI 18 enzyme topoI with twist -37.80701 superhelical -0.01423 global twist -41.69660 global supercoiling -0.01206
frame 4509 time 2254.5 binding_event at gene tetA enzyme RNAP with twist -37.80701 superhelical -0.01071 global twist -37.80701 global supercoiling -0.01071
frame 4538 time 2269.0 binding_event at DNA_topoI 27 enzyme topoI with twist -122.59963 superhelical -0.05481 global twist -37.80701 global supercoiling -0.01077
frame 4538 time 2269.0 unbinding_event at DNA_topoI 27 enzyme topoI with twist -122.30043 superhelical 0.00141 global twist -37.80701 global supercoiling -0.01077
frame 4549 time 2274.5 unbinding_event at gene tetA enzyme RNAP with twist -33.91742 superhelical -0.06598 global twist -33.91742 global supercoiling -0.00966
frame 4675 time 2337.5 binding_event at DNA_topoI 6 enzyme topoI with twist -33.91742 superhelical -0.00961 global twist -33.91742 global supercoiling -0.00961
frame 4682 time 2341.0 unbinding_event at DNA_topoI 6 enzyme topoI with twist -2.80069 superhelical -0.00245 global twist -6.69028 global supercoiling -0.00193
frame 4712 time 2356.0 binding_event at DNA_gyrase 7 enzyme gyrase with twist -2.80069 superhelical -0.00079 global twist -2.80069 global supercoiling -0.00079
frame 4712 time 2356.0 unbinding_event at DNA_gyrase 7 enzyme gyrase with twist -5.49349 superhelical -0.00143 global twist -2.80069 global supercoiling -0.00079
frame 4723 time 2361.5 binding_event at DNA_topoI 36 enzyme topoI with twist -5.49349 superhelical -0.00156 global twist -5.49349 global supercoiling -0.00156
frame 4743 time 2371.5 unbinding_event at DNA_topoI 36 enzyme topoI with twist 76.18792 superhelical 0.05849 global twist 72.29833 global supercoiling 0.02090
frame 4753 time 2376.5 binding_event at DNA_gyrase 40 enzyme gyrase with twist 76.18792 superhelical 0.02158 global twist 76.18792 global supercoiling 0.02158
frame 4760 time 2380.0 unbinding_event at DNA_gyrase 40 enzyme gyrase with twist 54.64557 superhelical 0.01089 global twist 57.33837 global supercoiling 0.01658
frame 4786 time 2393.0 binding_event at DNA_gyrase 0 enzyme gyrase with twist 54.64557 superhelical 0.01548 global twist 54.64557 global supercoiling 0.01548
frame 4791 time 2395.5 unbinding_event at DNA_gyrase 0 enzyme gyrase with twist 38.48881 superhelical 0.01101 global twist 41.18161 global supercoiling 0.01191
frame 4804 time 2402.0 binding_event at DNA_gyrase 13 enzyme gyrase with twist 38.48881 superhelical 0.01090 global twist 38.48881 global supercoiling 0.01090
frame 4808 time 2404.0 unbinding_event at DNA_gyrase 13 enzyme gyrase with twist 25.02484 superhelical 0.00856 global twist 27.71764 global supercoiling 0.00801
frame 4820 time 2410.0 binding_event at DNA_gyrase 11 enzyme gyrase with twist 25.02484 superhelical 0.00709 global twist 25.02484 global supercoiling 0.00709
frame 4827 time 2413.5 unbinding_event at DNA_gyrase 11 enzyme gyrase with twist 3.48249 superhelical 0.00288 global twist 6.17529 global supercoiling 0.00179
frame 4866 time 2433.0 binding_event at gene tetA enzyme RNAP with twist 3.48249 superhelical 0.00099 global twist 3.48249 global supercoiling 0.00099
frame 4889 time 2444.5 binding_event at DNA_gyrase 20 enzyme gyrase with twist 84.35942 superhelical 0.06103 global twist 3.48249 global supercoiling 0.00099
frame 4893 time 2446.5 unbinding_event at DNA_gyrase 20 enzyme gyrase with twist 88.84741 superhelical 0.08362 global twist -7.28868 global supercoiling -0.00212
frame 4906 time 2453.0 unbinding_event at gene tetA enzyme RNAP with twist -9.98147 superhelical -0.05934 global twist -9.98147 global supercoiling -0.00284
frame 4921 time 2460.5 binding_event at gene tetA enzyme RNAP with twist -9.98147 superhelical -0.00283 global twist -9.98147 global supercoiling -0.00283
frame 4959 time 2479.5 binding_event at DNA_gyrase 10 enzyme gyrase with twist 131.33188 superhelical 0.11800 global twist -9.98147 global supercoiling -0.00284
frame 4960 time 2480.0 unbinding_event at DNA_gyrase 10 enzyme gyrase with twist -22.96429 superhelical -0.06086 global twist -12.67427 global supercoiling -0.00368
frame 4961 time 2480.5 unbinding_event at gene tetA enzyme RNAP with twist -15.36706 superhelical -0.01083 global twist -15.36706 global supercoiling -0.00438
frame 4968 time 2484.0 binding_event at gene tetA enzyme RNAP with twist -15.36706 superhelical -0.00435 global twist -15.36706 global supercoiling -0.00435
frame 4989 time 2494.5 binding_event at DNA_gyrase 11 enzyme gyrase with twist 67.54185 superhelical 0.04762 global twist -15.36706 global supercoiling -0.00438
frame 5000 time 2500.0 unbinding_event at DNA_gyrase 11 enzyme gyrase with twist 78.31303 superhelical 0.30650 global twist -44.98779 global supercoiling -0.01308
frame 5008 time 2504.0 unbinding_event at gene tetA enzyme RNAP with twist -47.68059 superhelical -0.06309 global twist -47.68059 global supercoiling -0.01358
frame 5014 time 2507.0 binding_event at DNA_gyrase 30 enzyme gyrase with twist -47.68059 superhelical -0.01351 global twist -47.68059 global supercoiling -0.01351
frame 5027 time 2513.5 unbinding_event at DNA_gyrase 30 enzyme gyrase with twist -85.37970 superhelical -0.08951 global twist -82.68690 global supercoiling -0.02391
frame 5044 time 2522.0 binding_event at gene tetA enzyme RNAP with twist -85.37970 superhelical -0.02418 global twist -85.37970 global supercoiling -0.02418
frame 5084 time 2542.0 unbinding_event at gene tetA enzyme RNAP with twist -85.37970 superhelical -0.07705 global twist -85.37970 global supercoiling -0.02431
frame 5095 time 2547.5 binding_event at gene tetA enzyme RNAP with twist -85.37970 superhelical -0.02418 global twist -85.37970 global supercoiling -0.02418
frame 5124 time 2562.0 binding_event at gene tetA enzyme RNAP with twist -145.85090 superhelical -0.06520 global twist -85.37970 global supercoiling -0.02431
frame 5135 time 2567.5 unbinding_event at gene tetA enzyme RNAP with twist 70.57613 superhelical -0.06577 global twist -85.37970 global supercoiling -0.02445
frame 5148 time 2574.0 binding_event at DNA_topoI 3 enzyme topoI with twist -199.04052 superhelical -0.09270 global twist -85.37970 global supercoiling -0.02431
frame 5152 time 2576.0 unbinding_event at DNA_topoI 3 enzyme topoI with twist -197.54453 superhelical -0.09080 global twist -69.82133 global supercoiling -0.02030
frame 5164 time 2582.0 binding_event at gene Raspberry enzyme RNAP with twist -237.03883 superhelical -0.09738 global twist -65.93174 global supercoiling -0.01878
frame 5164 time 2582.0 unbinding_event at gene tetA enzyme RNAP with twist 12.48211 superhelical -0.09815 global twist -65.93174 global supercoiling -0.01878
frame 5182 time 2591.0 binding_event at DNA_gyrase 1 enzyme gyrase with twist 73.51876 superhelical 0.03031 global twist -65.93174 global supercoiling -0.01878
frame 5183 time 2591.5 binding_event at DNA_gyrase 7 enzyme gyrase with twist 51.80240 superhelical 0.03044 global twist -68.62454 global supercoiling -0.01995
frame 5186 time 2593.0 unbinding_event at DNA_gyrase 1 enzyme gyrase with twist 32.22899 superhelical 0.05616 global twist -84.78130 global supercoiling -0.02517
frame 5189 time 2594.5 unbinding_event at DNA_gyrase 7 enzyme gyrase with twist 69.92837 superhelical 0.04147 global twist -95.55247 global supercoiling -0.02778
frame 5191 time 2595.5 binding_event at DNA_topoI 39 enzyme topoI with twist -171.76403 superhelical -0.13773 global twist -98.24527 global supercoiling -0.02798
frame 5191 time 2595.5 unbinding_event at gene Raspberry enzyme RNAP with twist 34.53404 superhelical -0.14287 global twist -98.24527 global supercoiling -0.02798
frame 5200 time 2600.0 unbinding_event at DNA_topoI 39 enzyme topoI with twist -59.34936 superhelical -0.12443 global twist -63.23895 global supercoiling -0.01828
frame 5297 time 2648.5 binding_event at gene Raspberry enzyme RNAP with twist -59.34936 superhelical -0.01681 global twist -59.34936 global supercoiling -0.01681
frame 5324 time 2662.0 unbinding_event at gene Raspberry enzyme RNAP with twist -59.34936 superhelical -0.08966 global twist -59.34936 global supercoiling -0.01690
frame 5340 time 2670.0 binding_event at gene tetA enzyme RNAP with twist -59.34936 superhelical -0.01681 global twist -59.34936 global supercoiling -0.01681
frame 5357 time 2678.5 binding_event at DNA_topoI 3 enzyme topoI with twist -90.04381 superhelical -0.04455 global twist -59.34936 global supercoiling -0.01690
frame 5359 time 2679.5 unbinding_event at DNA_topoI 3 enzyme topoI with twist -89.14621 superhelical -0.04312 global twist -51.57018 global supercoiling -0.01499
frame 5370 time 2685.0 binding_event at DNA_topoI 40 enzyme topoI with twist -125.05013 superhelical -0.05546 global twist -47.68059 global supercoiling -0.01358
frame 5371 time 2685.5 binding_event at gene tetA enzyme RNAP with twist -71.30071 superhelical -0.05778 global twist -43.79100 global supercoiling -0.01273
frame 5380 time 2690.0 unbinding_event at gene tetA enzyme RNAP with twist 85.32294 superhelical -0.05870 global twist -8.78468 global supercoiling -0.00257
frame 5387 time 2693.5 unbinding_event at DNA_topoI 40 enzyme topoI with twist -88.12363 superhelical -0.02108 global twist 18.44246 global supercoiling 0.00536
frame 5397 time 2698.5 binding_event at DNA_gyrase 22 enzyme gyrase with twist 142.76921 superhelical 0.10747 global twist 22.33205 global supercoiling 0.00636
frame 5402 time 2701.0 unbinding_event at DNA_gyrase 22 enzyme gyrase with twist 148.15480 superhelical 0.14052 global twist 8.86808 global supercoiling 0.00258
frame 5411 time 2705.5 unbinding_event at gene tetA enzyme RNAP with twist 6.17529 superhelical -0.07108 global twist 6.17529 global supercoiling 0.00176
frame 5490 time 2745.0 binding_event at DNA_gyrase 40 enzyme gyrase with twist 6.17529 superhelical 0.00175 global twist 6.17529 global supercoiling 0.00175
frame 5490 time 2745.0 unbinding_event at DNA_gyrase 40 enzyme gyrase with twist 3.48249 superhelical 0.00039 global twist 6.17529 global supercoiling 0.00175
frame 5515 time 2757.5 binding_event at DNA_gyrase 9 enzyme gyrase with twist 3.48249 superhelical 0.00099 global twist 3.48249 global supercoiling 0.00099
frame 5517 time 2758.5 unbinding_event at DNA_gyrase 9 enzyme gyrase with twist -4.59589 superhelical -0.00073 global twist -1.90309 global supercoiling -0.00055
frame 5537 time 2768.5 binding_event at gene tetA enzyme RNAP with twist -4.59589 superhelical -0.00130 global twist -4.59589 global supercoiling -0.00130
frame 5574 time 2787.0 binding_event at DNA_gyrase 22 enzyme gyrase with twist 130.49485 superhelical 0.11538 global twist -4.59589 global supercoiling -0.00131
frame 5575 time 2787.5 unbinding_event at DNA_gyrase 22 enzyme gyrase with twist 132.29005 superhelical 0.13395 global twist -7.28868 global supercoiling -0.00212
frame 5577 time 2788.5 unbinding_event at gene tetA enzyme RNAP with twist -9.98147 superhelical -0.06095 global twist -9.98147 global supercoiling -0.00284
frame 5588 time 2794.0 binding_event at DNA_gyrase 27 enzyme gyrase with twist -9.98147 superhelical -0.00283 global twist -9.98147 global supercoiling -0.00283
frame 5588 time 2794.0 unbinding_event at DNA_gyrase 27 enzyme gyrase with twist -12.67427 superhelical -0.04306 global twist -9.98147 global supercoiling -0.00283
frame 5601 time 2800.5 binding_event at DNA_gyrase 49 enzyme gyrase with twist -12.67427 superhelical -0.00359 global twist -12.67427 global supercoiling -0.00359
frame 5601 time 2800.5 unbinding_event at DNA_gyrase 49 enzyme gyrase with twist -15.36706 superhelical -0.00450 global twist -12.67427 global supercoiling -0.00359
frame 5619 time 2809.5 binding_event at gene tetA enzyme RNAP with twist -15.36706 superhelical -0.00435 global twist -15.36706 global supercoiling -0.00435
frame 5633 time 2816.5 binding_event at gene tetA enzyme RNAP with twist -57.77617 superhelical -0.02936 global twist -15.36706 global supercoiling -0.00438
frame 5645 time 2822.5 binding_event at DNA_topoI 44 enzyme topoI with twist -93.97600 superhelical -0.04865 global twist -15.36706 global supercoiling -0.00440
frame 5650 time 2825.0 binding_event at gene tetA enzyme RNAP with twist -38.82763 superhelical -0.05584 global twist 4.08089 global supercoiling 0.00119
frame 5651 time 2825.5 unbinding_event at DNA_topoI 44 enzyme topoI with twist -75.45717 superhelical -0.03968 global twist 7.97048 global supercoiling 0.00234
frame 5659 time 2829.5 unbinding_event at gene tetA enzyme RNAP with twist 132.46481 superhelical -0.02965 global twist 11.86007 global supercoiling 0.00341
frame 5673 time 2836.5 unbinding_event at gene tetA enzyme RNAP with twist 166.30586 superhelical -0.05742 global twist 11.86007 global supercoiling 0.00340
frame 5684 time 2842.0 binding_event at gene tetA enzyme RNAP with twist -190.34970 superhelical -0.08182 global twist 11.86007 global supercoiling 0.00338
frame 5690 time 2845.0 unbinding_event at gene tetA enzyme RNAP with twist 178.57034 superhelical -0.08249 global twist 11.86007 global supercoiling 0.00340
frame 5694 time 2847.0 binding_event at DNA_topoI 38 enzyme topoI with twist -177.48144 superhelical -0.09362 global twist 11.86007 global supercoiling 0.00338
frame 5696 time 2848.0 unbinding_event at DNA_topoI 38 enzyme topoI with twist -176.58385 superhelical -0.09022 global twist 19.63926 global supercoiling 0.00571
frame 5698 time 2849.0 binding_event at gene Raspberry enzyme RNAP with twist -180.17424 superhelical -0.09157 global twist 23.52885 global supercoiling 0.00670
frame 5709 time 2854.5 binding_event at DNA_topoI 27 enzyme topoI with twist -109.99246 superhelical -0.11460 global twist 23.52885 global supercoiling 0.00674
frame 5711 time 2855.5 unbinding_event at DNA_topoI 27 enzyme topoI with twist -109.09486 superhelical 0.05025 global twist 31.30803 global supercoiling 0.00915
frame 5722 time 2861.0 binding_event at DNA_gyrase 15 enzyme gyrase with twist 289.87248 superhelical 0.26044 global twist 35.19762 global supercoiling 0.01008
frame 5724 time 2862.0 unbinding_event at gene tetA enzyme RNAP with twist -6.98632 superhelical -0.09247 global twist 29.81203 global supercoiling 0.00872
frame 5724 time 2862.0 unbinding_event at DNA_gyrase 15 enzyme gyrase with twist 182.88919 superhelical -0.09247 global twist 29.81203 global supercoiling 0.00872
frame 5725 time 2862.5 unbinding_event at gene Raspberry enzyme RNAP with twist 27.11924 superhelical -0.12598 global twist 27.11924 global supercoiling 0.00772
frame 5737 time 2868.5 binding_event at gene tetA enzyme RNAP with twist 27.11924 superhelical 0.00768 global twist 27.11924 global supercoiling 0.00768
frame 5777 time 2888.5 unbinding_event at gene tetA enzyme RNAP with twist 27.11924 superhelical -0.05462 global twist 27.11924 global supercoiling 0.00772
frame 5794 time 2897.0 binding_event at DNA_gyrase 3 enzyme gyrase with twist 27.11924 superhelical 0.00768 global twist 27.11924 global supercoiling 0.00768
frame 5801 time 2900.5 unbinding_event at DNA_gyrase 3 enzyme gyrase with twist 5.57689 superhelical 0.00217 global twist 8.26968 global supercoiling 0.00239
frame 5827 time 2913.5 binding_event at gene Raspberry enzyme RNAP with twist 5.57689 superhelical 0.00158 global twist 5.57689 global supercoiling 0.00158
frame 5854 time 2927.0 unbinding_event at gene Raspberry enzyme RNAP with twist 5.57689 superhelical -0.07851 global twist 5.57689 global supercoiling 0.00159
frame 5918 time 2959.0 binding_event at gene tetA enzyme RNAP with twist 5.57689 superhelical 0.00158 global twist 5.57689 global supercoiling 0.00158
frame 5943 time 2971.5 binding_event at gene mKalama1 enzyme RNAP with twist -87.03407 superhelical -0.04020 global twist 5.57689 global supercoiling 0.00159
frame 5958 time 2979.0 unbinding_event at gene tetA enzyme RNAP with twist -25.60868 superhelical -0.08475 global twist 5.57689 global supercoiling 0.00160
frame 5969 time 2984.5 binding_event at gene tetA enzyme RNAP with twist -61.51259 superhelical -0.01847 global twist 5.57689 global supercoiling 0.00159
frame 5970 time 2985.0 unbinding_event at gene mKalama1 enzyme RNAP with twist 31.74229 superhelical 0.51287 global twist 5.57689 global supercoiling 0.00160
frame 5984 time 2992.0 binding_event at gene tetA enzyme RNAP with twist -14.93280 superhelical -0.00752 global twist 5.57689 global supercoiling 0.00159
frame 5999 time 2999.5 binding_event at DNA_gyrase 8 enzyme gyrase with twist 74.36556 superhelical 0.05918 global twist 5.57689 global supercoiling 0.00160
frame 6000 time 3000.0 unbinding_event at DNA_gyrase 8 enzyme gyrase with twist 67.54676 superhelical 0.00157 global twist 2.88410 global supercoiling 0.00084
frame 6004 time 3002.0 binding_event at gene tetA enzyme RNAP with twist -84.84109 superhelical -0.04088 global twist 0.19130 global supercoiling 0.00005
frame 6009 time 3004.5 unbinding_event at gene tetA enzyme RNAP with twist 106.57474 superhelical 0.27005 global twist 0.19130 global supercoiling 0.00006
frame 6024 time 3012.0 unbinding_event at gene tetA enzyme RNAP with twist 146.40566 superhelical -0.04126 global twist 0.19130 global supercoiling 0.00005
frame 6027 time 3013.5 binding_event at DNA_topoI 48 enzyme topoI with twist -153.39514 superhelical -0.07205 global twist 0.19130 global supercoiling 0.00005
frame 6028 time 3014.0 unbinding_event at DNA_topoI 48 enzyme topoI with twist -152.79674 superhelical -0.07204 global twist 4.08089 global supercoiling 0.00119
frame 6044 time 3022.0 unbinding_event at gene tetA enzyme RNAP with twist 7.97048 superhelical -0.08574 global twist 7.97048 global supercoiling 0.00227
frame 6155 time 3077.5 binding_event at DNA_gyrase 5 enzyme gyrase with twist 7.97048 superhelical 0.00226 global twist 7.97048 global supercoiling 0.00226
frame 6160 time 3080.0 unbinding_event at DNA_gyrase 5 enzyme gyrase with twist -8.18628 superhelical -0.00165 global twist -5.49349 global supercoiling -0.00159
frame 6180 time 3090.0 binding_event at gene tetA enzyme RNAP with twist -8.18628 superhelical -0.00232 global twist -8.18628 global supercoiling -0.00232
frame 6190 time 3095.0 binding_event at DNA_gyrase 10 enzyme gyrase with twist 31.71870 superhelical 0.01963 global twist -8.18628 global supercoiling -0.00233
frame 6195 time 3097.5 unbinding_event at DNA_gyrase 10 enzyme gyrase with twist 37.10429 superhelical 0.06174 global twist -21.65025 global supercoiling -0.00629
frame 6220 time 3110.0 unbinding_event at gene tetA enzyme RNAP with twist -24.34304 superhelical -0.06166 global twist -24.34304 global supercoiling -0.00693
frame 6271 time 3135.5 binding_event at gene tetA enzyme RNAP with twist -24.34304 superhelical -0.00689 global twist -24.34304 global supercoiling -0.00689
frame 6301 time 3150.5 binding_event at DNA_gyrase 41 enzyme gyrase with twist -119.60947 superhelical -0.05305 global twist -24.34304 global supercoiling -0.00693
frame 6307 time 3153.5 unbinding_event at DNA_gyrase 41 enzyme gyrase with twist -163.59177 superhelical -0.06386 global twist -40.49980 global supercoiling -0.01177
frame 6311 time 3155.5 unbinding_event at gene tetA enzyme RNAP with twist -43.19260 superhelical -0.07257 global twist -43.19260 global supercoiling -0.01230
frame 6322 time 3161.0 binding_event at DNA_topoI 34 enzyme topoI with twist -43.19260 superhelical -0.01223 global twist -43.19260 global supercoiling -0.01223
frame 6327 time 3163.5 unbinding_event at DNA_topoI 34 enzyme topoI with twist -19.85505 superhelical 0.00928 global twist -23.74464 global supercoiling -0.00687
frame 6333 time 3166.5 binding_event at DNA_gyrase 6 enzyme gyrase with twist -19.85505 superhelical -0.00562 global twist -19.85505 global supercoiling -0.00562
frame 6337 time 3168.5 unbinding_event at DNA_gyrase 6 enzyme gyrase with twist -33.31902 superhelical -0.00892 global twist -30.62623 global supercoiling -0.00885
frame 6375 time 3187.5 binding_event at gene mKalama1 enzyme RNAP with twist -33.31902 superhelical -0.00944 global twist -33.31902 global supercoiling -0.00944
frame 6402 time 3201.0 unbinding_event at gene mKalama1 enzyme RNAP with twist -33.31902 superhelical 0.65179 global twist -33.31902 global supercoiling -0.00949
frame 6436 time 3218.0 binding_event at gene tetA enzyme RNAP with twist -33.31902 superhelical -0.00944 global twist -33.31902 global supercoiling -0.00944
frame 6440 time 3220.0 binding_event at DNA_gyrase 15 enzyme gyrase with twist -2.67270 superhelical -0.00155 global twist -33.31902 global supercoiling -0.00949
frame 6440 time 3220.0 unbinding_event at DNA_gyrase 15 enzyme gyrase with twist -1.77510 superhelical 0.00075 global twist -33.31902 global supercoiling -0.00949
frame 6476 time 3238.0 unbinding_event at gene tetA enzyme RNAP with twist -36.01181 superhelical -0.06667 global twist -36.01181 global supercoiling -0.01026
frame 6521 time 3260.5 binding_event at gene mKalama1 enzyme RNAP with twist -36.01181 superhelical -0.01020 global twist -36.01181 global supercoiling -0.01020
frame 6532 time 3266.0 binding_event at DNA_gyrase 28 enzyme gyrase with twist 32.85409 superhelical 0.07301 global twist -36.01181 global supercoiling -0.01026
frame 6534 time 3267.0 unbinding_event at DNA_gyrase 28 enzyme gyrase with twist 35.54689 superhelical 0.04852 global twist -41.39740 global supercoiling -0.01204
frame 6548 time 3274.0 unbinding_event at gene mKalama1 enzyme RNAP with twist -44.09019 superhelical 0.59258 global twist -44.09019 global supercoiling -0.01256
frame 6576 time 3288.0 binding_event at gene tetA enzyme RNAP with twist -44.09019 superhelical -0.01249 global twist -44.09019 global supercoiling -0.01249
frame 6600 time 3300.0 binding_event at DNA_gyrase 13 enzyme gyrase with twist 63.62840 superhelical 0.04664 global twist -44.09019 global supercoiling -0.01256
frame 6601 time 3300.5 unbinding_event at DNA_gyrase 13 enzyme gyrase with twist 65.42359 superhelical 0.06425 global twist -46.78299 global supercoiling -0.01360
frame 6616 time 3308.0 unbinding_event at gene tetA enzyme RNAP with twist -49.47578 superhelical -0.06882 global twist -49.47578 global supercoiling -0.01409
frame 6623 time 3311.5 binding_event at gene mKalama1 enzyme RNAP with twist -49.47578 superhelical -0.01401 global twist -49.47578 global supercoiling -0.01401
frame 6650 time 3325.0 unbinding_event at gene mKalama1 enzyme RNAP with twist -49.47578 superhelical 0.63122 global twist -49.47578 global supercoiling -0.01409
frame 6672 time 3336.0 binding_event at gene tetA enzyme RNAP with twist -49.47578 superhelical -0.01401 global twist -49.47578 global supercoiling -0.01401
frame 6712 time 3356.0 unbinding_event at gene tetA enzyme RNAP with twist -49.47578 superhelical -0.06989 global twist -49.47578 global supercoiling -0.01409
frame 6769 time 3384.5 binding_event at gene tetA enzyme RNAP with twist -49.47578 superhelical -0.01401 global twist -49.47578 global supercoiling -0.01401
frame 6797 time 3398.5 binding_event at DNA_topoI 29 enzyme topoI with twist -124.71238 superhelical -0.05621 global twist -49.47578 global supercoiling -0.01409
frame 6809 time 3404.5 unbinding_event at gene tetA enzyme RNAP with twist -13.90502 superhelical -0.06164 global twist -2.80069 global supercoiling -0.00081
frame 6809 time 3404.5 unbinding_event at DNA_topoI 29 enzyme topoI with twist 1.08890 superhelical 0.08465 global twist -2.80069 global supercoiling -0.00081
frame 6826 time 3413.0 binding_event at DNA_gyrase 6 enzyme gyrase with twist 1.08890 superhelical 0.00031 global twist 1.08890 global supercoiling 0.00031
frame 6845 time 3422.5 unbinding_event at DNA_gyrase 6 enzyme gyrase with twist -52.76697 superhelical -0.01241 global twist -50.07418 global supercoiling -0.01448
frame 6858 time 3429.0 binding_event at gene tetA enzyme RNAP with twist -52.76697 superhelical -0.01495 global twist -52.76697 global supercoiling -0.01495
frame 6866 time 3433.0 binding_event at gene tetA enzyme RNAP with twist -54.51313 superhelical -0.02931 global twist -52.76697 global supercoiling -0.01503
frame 6898 time 3449.0 unbinding_event at gene tetA enzyme RNAP with twist 116.54288 superhelical -0.02962 global twist -52.76697 global supercoiling -0.01511
frame 6906 time 3453.0 unbinding_event at gene tetA enzyme RNAP with twist -52.76697 superhelical -0.08076 global twist -52.76697 global supercoiling -0.01503
frame 6987 time 3493.5 binding_event at gene Raspberry enzyme RNAP with twist -52.76697 superhelical -0.01495 global twist -52.76697 global supercoiling -0.01495
frame 7014 time 3507.0 unbinding_event at gene Raspberry enzyme RNAP with twist -52.76697 superhelical -0.08853 global twist -52.76697 global supercoiling -0.01503
frame 7036 time 3518.0 binding_event at DNA_gyrase 34 enzyme gyrase with twist -52.76697 superhelical -0.01495 global twist -52.76697 global supercoiling -0.01495
frame 7039 time 3519.5 unbinding_event at DNA_gyrase 34 enzyme gyrase with twist -63.53815 superhelical -0.02530 global twist -60.84536 global supercoiling -0.01759
frame 7062 time 3531.0 binding_event at gene Raspberry enzyme RNAP with twist -63.53815 superhelical -0.01800 global twist -63.53815 global supercoiling -0.01800
frame 7078 time 3539.0 binding_event at DNA_gyrase 12 enzyme gyrase with twist 7.70287 superhelical 0.00313 global twist -63.53815 global supercoiling -0.01809
frame 7083 time 3541.5 unbinding_event at DNA_gyrase 12 enzyme gyrase with twist 13.08846 superhelical 0.01330 global twist -77.00212 global supercoiling -0.02239
frame 7089 time 3544.5 unbinding_event at gene Raspberry enzyme RNAP with twist -79.69491 superhelical -0.09038 global twist -79.69491 global supercoiling -0.02270
frame 7163 time 3581.5 binding_event at gene tetA enzyme RNAP with twist -79.69491 superhelical -0.02257 global twist -79.69491 global supercoiling -0.02257
frame 7179 time 3589.5 binding_event at gene tetA enzyme RNAP with twist -96.39736 superhelical -0.04812 global twist -79.69491 global supercoiling -0.02270
frame 7200 time 3600.0 binding_event at DNA_topoI 38 enzyme topoI with twist -158.77205 superhelical -0.07585 global twist -79.69491 global supercoiling -0.02282
frame 7200 time 3600.0 unbinding_event at DNA_topoI 38 enzyme topoI with twist -158.47285 superhelical -0.07618 global twist -79.69491 global supercoiling -0.02282
frame 7203 time 3601.5 unbinding_event at gene tetA enzyme RNAP with twist 93.43871 superhelical -0.04858 global twist -75.80532 global supercoiling -0.02171
frame 7219 time 3609.5 unbinding_event at gene tetA enzyme RNAP with twist -75.80532 superhelical -0.09244 global twist -75.80532 global supercoiling -0.02159
frame 7265 time 3632.5 binding_event at DNA_gyrase 14 enzyme gyrase with twist -75.80532 superhelical -0.02147 global twist -75.80532 global supercoiling -0.02147
frame 7266 time 3633.0 unbinding_event at DNA_gyrase 14 enzyme gyrase with twist -81.19091 superhelical -0.02292 global twist -78.49811 global supercoiling -0.02270
frame 7291 time 3645.5 binding_event at DNA_topoI 49 enzyme topoI with twist -81.19091 superhelical -0.02300 global twist -81.19091 global supercoiling -0.02300
frame 7291 time 3645.5 unbinding_event at DNA_topoI 49 enzyme topoI with twist -77.30132 superhelical -0.02227 global twist -81.19091 global supercoiling -0.02300
frame 7322 time 3661.0 binding_event at DNA_gyrase 12 enzyme gyrase with twist -77.30132 superhelical -0.02189 global twist -77.30132 global supercoiling -0.02189
frame 7323 time 3661.5 unbinding_event at DNA_gyrase 12 enzyme gyrase with twist -82.68690 superhelical -0.02341 global twist -79.99411 global supercoiling -0.02313
frame 7387 time 3693.5 binding_event at DNA_gyrase 6 enzyme gyrase with twist -82.68690 superhelical -0.02342 global twist -82.68690 global supercoiling -0.02342
frame 7390 time 3695.0 unbinding_event at DNA_gyrase 6 enzyme gyrase with twist -93.45808 superhelical -0.02645 global twist -90.76529 global supercoiling -0.02624
frame 7529 time 3764.5 binding_event at DNA_gyrase 44 enzyme gyrase with twist -93.45808 superhelical -0.02647 global twist -93.45808 global supercoiling -0.02647
frame 7529 time 3764.5 unbinding_event at DNA_gyrase 44 enzyme gyrase with twist -96.15087 superhelical -0.02809 global twist -93.45808 global supercoiling -0.02647
frame 7558 time 3779.0 binding_event at DNA_topoI 18 enzyme topoI with twist -96.15087 superhelical -0.02723 global twist -96.15087 global supercoiling -0.02723
frame 7561 time 3780.5 unbinding_event at DNA_topoI 18 enzyme topoI with twist -80.59251 superhelical -0.02519 global twist -84.48210 global supercoiling -0.02443
frame 7594 time 3797.0 binding_event at DNA_topoI 41 enzyme topoI with twist -80.59251 superhelical -0.02283 global twist -80.59251 global supercoiling -0.02283
frame 7595 time 3797.5 unbinding_event at DNA_topoI 41 enzyme topoI with twist -72.81333 superhelical -0.01956 global twist -76.70292 global supercoiling -0.02218
frame 7625 time 3812.5 binding_event at gene tetA enzyme RNAP with twist -72.81333 superhelical -0.02062 global twist -72.81333 global supercoiling -0.02062
frame 7665 time 3832.5 unbinding_event at gene tetA enzyme RNAP with twist -72.81333 superhelical -0.07454 global twist -72.81333 global supercoiling -0.02074
frame 7730 time 3865.0 binding_event at gene tetA enzyme RNAP with twist -72.81333 superhelical -0.02062 global twist -72.81333 global supercoiling -0.02062
frame 7750 time 3875.0 binding_event at DNA_topoI 44 enzyme topoI with twist -107.39553 superhelical -0.05175 global twist -72.81333 global supercoiling -0.02074
frame 7754 time 3877.0 unbinding_event at DNA_topoI 44 enzyme topoI with twist -105.89954 superhelical -0.04585 global twist -57.25496 global supercoiling -0.01665
frame 7770 time 3885.0 unbinding_event at gene tetA enzyme RNAP with twist -53.36537 superhelical -0.06661 global twist -53.36537 global supercoiling -0.01520
frame 7791 time 3895.5 binding_event at gene CDS enzyme RNAP with twist -53.36537 superhelical -0.01512 global twist -53.36537 global supercoiling -0.01512
frame 7794 time 3897.0 binding_event at DNA_gyrase 5 enzyme gyrase with twist -53.48712 superhelical -0.01867 global twist -53.36537 global supercoiling -0.01520
frame 7798 time 3899.0 unbinding_event at gene CDS enzyme RNAP with twist -20.94758 superhelical -0.04654 global twist -64.13655 global supercoiling -0.01865
frame 7801 time 3900.5 unbinding_event at DNA_gyrase 5 enzyme gyrase with twist -74.90772 superhelical -0.02442 global twist -72.21493 global supercoiling -0.02088
frame 7868 time 3934.0 binding_event at DNA_topoI 34 enzyme topoI with twist -74.90772 superhelical -0.02122 global twist -74.90772 global supercoiling -0.02122
frame 7874 time 3937.0 unbinding_event at DNA_topoI 34 enzyme topoI with twist -47.68059 superhelical 0.00373 global twist -51.57018 global supercoiling -0.01491
frame 7901 time 3950.5 binding_event at DNA_gyrase 47 enzyme gyrase with twist -47.68059 superhelical -0.01351 global twist -47.68059 global supercoiling -0.01351
frame 7902 time 3951.0 unbinding_event at DNA_gyrase 47 enzyme gyrase with twist -53.06617 superhelical -0.01562 global twist -50.37338 global supercoiling -0.01456
