TORCphysics log file 

General information: 
---------------------------------------------------------------------------------------
Circuit name: Pleu500_9
Size: 6000
Structure: circle
Number of sites: 110
Number of frames: 8000
Simulation time: 4000.0
Simulation timestep: 0.5
Seed: 2437432875566379197
 
Overall simulation information 
---------------------------------------------------------------------------------------
Initial twist: -211.83310
Final twist: -120.57732
Initial superhelical density: -0.06000
Final superhelical density: -0.03415
 
Overall rates 
---------------------------------------------------------------------------------------
site type            site name            #binding events      #unbinding events    binding rates        
 DNA_topoI            DNA_topoI_global                     61.0                 61.0               0.01525 
DNA_gyrase           DNA_gyrase_global                    75.0                 75.0               0.01875 
EXT                  EXT                                   0.0                  0.0                   0.0 
gene                 tetA                                 72.0                 72.0                 0.018 
gene                 CDS                                   0.0                  0.0                   0.0 
origin               ori                                   0.0                  0.0                   0.0 
lacOP                lac1                                  0.0                  0.0                   0.0 
gene                 mKalama1                             11.0                 11.0               0.00275 
lacOP                lac2                                  0.0                  0.0                   0.0 
gene                 Raspberry                            12.0                 12.0                 0.003 
 
Events
---------------------------------------------------------------------------------------
frame 29 time 14.5 binding_event at DNA_gyrase 10 enzyme gyrase with twist -211.83310 superhelical -0.06000 global twist -211.83310 global supercoiling -0.06000
frame 31 time 15.5 unbinding_event at DNA_gyrase 10 enzyme gyrase with twist -219.91149 superhelical -0.06293 global twist -217.21869 global supercoiling -0.06280
frame 90 time 45.0 binding_event at DNA_topoI 31 enzyme topoI with twist -219.91149 superhelical -0.06229 global twist -219.91149 global supercoiling -0.06229
frame 103 time 51.5 unbinding_event at DNA_topoI 31 enzyme topoI with twist -165.45721 superhelical 0.02131 global twist -169.34680 global supercoiling -0.04896
frame 204 time 102.0 binding_event at DNA_topoI 47 enzyme topoI with twist -165.45721 superhelical -0.04686 global twist -165.45721 global supercoiling -0.04686
frame 204 time 102.0 unbinding_event at DNA_topoI 47 enzyme topoI with twist -161.56762 superhelical -0.04651 global twist -165.45721 global supercoiling -0.04686
frame 213 time 106.5 binding_event at gene tetA enzyme RNAP with twist -161.56762 superhelical -0.04576 global twist -161.56762 global supercoiling -0.04576
frame 214 time 107.0 binding_event at gene tetA enzyme RNAP with twist -82.55698 superhelical -0.04761 global twist -161.56762 global supercoiling -0.04601
frame 241 time 120.5 binding_event at DNA_topoI 38 enzyme topoI with twist -179.44002 superhelical -0.08153 global twist -161.56762 global supercoiling -0.04626
frame 248 time 124.0 unbinding_event at DNA_topoI 38 enzyme topoI with twist -177.04643 superhelical -0.06538 global twist -134.34049 global supercoiling -0.03928
frame 253 time 126.5 unbinding_event at gene tetA enzyme RNAP with twist 64.54749 superhelical -0.04807 global twist -130.45089 global supercoiling -0.03735
frame 254 time 127.0 unbinding_event at gene tetA enzyme RNAP with twist -130.45089 superhelical -0.08098 global twist -130.45089 global supercoiling -0.03715
frame 258 time 129.0 binding_event at DNA_topoI 18 enzyme topoI with twist -130.45089 superhelical -0.03695 global twist -130.45089 global supercoiling -0.03695
frame 259 time 129.5 unbinding_event at DNA_topoI 18 enzyme topoI with twist -122.67171 superhelical -0.03641 global twist -126.56130 global supercoiling -0.03659
frame 292 time 146.0 binding_event at gene Raspberry enzyme RNAP with twist -122.67171 superhelical -0.03475 global twist -122.67171 global supercoiling -0.03475
frame 297 time 148.5 binding_event at gene mKalama1 enzyme RNAP with twist -44.58518 superhelical -0.05232 global twist -122.67171 global supercoiling -0.03494
frame 305 time 152.5 binding_event at DNA_gyrase 12 enzyme gyrase with twist -49.36340 superhelical -0.01962 global twist -122.67171 global supercoiling -0.03513
frame 319 time 159.5 unbinding_event at DNA_gyrase 12 enzyme gyrase with twist -35.89943 superhelical 0.00215 global twist -160.37082 global supercoiling -0.04689
frame 319 time 159.5 unbinding_event at gene Raspberry enzyme RNAP with twist -210.98661 superhelical -0.17313 global twist -160.37082 global supercoiling -0.04689
frame 324 time 162.0 unbinding_event at gene mKalama1 enzyme RNAP with twist -163.06362 superhelical 0.45490 global twist -163.06362 global supercoiling -0.04644
frame 359 time 179.5 binding_event at DNA_gyrase 8 enzyme gyrase with twist -163.06362 superhelical -0.04619 global twist -163.06362 global supercoiling -0.04619
frame 360 time 180.0 binding_event at DNA_topoI 22 enzyme topoI with twist -57.88264 superhelical -0.04827 global twist -165.75641 global supercoiling -0.04792
frame 362 time 181.0 unbinding_event at DNA_topoI 22 enzyme topoI with twist -50.25306 superhelical -0.04942 global twist -163.36282 global supercoiling -0.04823
frame 365 time 182.5 unbinding_event at DNA_gyrase 8 enzyme gyrase with twist -170.24440 superhelical -0.05132 global twist -167.55161 global supercoiling -0.04844
frame 385 time 192.5 binding_event at gene tetA enzyme RNAP with twist -170.24440 superhelical -0.04822 global twist -170.24440 global supercoiling -0.04822
frame 403 time 201.5 binding_event at DNA_topoI 38 enzyme topoI with twist -147.83444 superhelical -0.07249 global twist -170.24440 global supercoiling -0.04848
frame 406 time 203.0 unbinding_event at DNA_topoI 38 enzyme topoI with twist -146.63764 superhelical -0.06569 global twist -158.57563 global supercoiling -0.04610
frame 425 time 212.5 unbinding_event at gene tetA enzyme RNAP with twist -154.68604 superhelical -0.08762 global twist -154.68604 global supercoiling -0.04405
frame 462 time 231.0 binding_event at gene tetA enzyme RNAP with twist -154.68604 superhelical -0.04381 global twist -154.68604 global supercoiling -0.04381
frame 496 time 248.0 binding_event at DNA_gyrase 32 enzyme gyrase with twist -197.67651 superhelical -0.08496 global twist -154.68604 global supercoiling -0.04405
frame 498 time 249.0 unbinding_event at DNA_gyrase 32 enzyme gyrase with twist -216.52607 superhelical -0.09796 global twist -160.07163 global supercoiling -0.04654
frame 502 time 251.0 unbinding_event at gene tetA enzyme RNAP with twist -162.76442 superhelical -0.09415 global twist -162.76442 global supercoiling -0.04635
frame 591 time 295.5 binding_event at DNA_topoI 34 enzyme topoI with twist -162.76442 superhelical -0.04610 global twist -162.76442 global supercoiling -0.04610
frame 604 time 302.0 unbinding_event at DNA_topoI 34 enzyme topoI with twist -108.31015 superhelical 0.00372 global twist -112.19974 global supercoiling -0.03244
frame 614 time 307.0 binding_event at DNA_topoI 35 enzyme topoI with twist -108.31015 superhelical -0.03068 global twist -108.31015 global supercoiling -0.03068
frame 616 time 308.0 unbinding_event at DNA_topoI 35 enzyme topoI with twist -96.64137 superhelical -0.02172 global twist -100.53096 global supercoiling -0.02907
frame 624 time 312.0 binding_event at DNA_topoI 11 enzyme topoI with twist -96.64137 superhelical -0.02737 global twist -96.64137 global supercoiling -0.02737
frame 624 time 312.0 unbinding_event at DNA_topoI 11 enzyme topoI with twist -92.75178 superhelical -0.02716 global twist -96.64137 global supercoiling -0.02737
frame 628 time 314.0 binding_event at gene tetA enzyme RNAP with twist -92.75178 superhelical -0.02627 global twist -92.75178 global supercoiling -0.02627
frame 668 time 334.0 unbinding_event at gene tetA enzyme RNAP with twist -92.75178 superhelical -0.07852 global twist -92.75178 global supercoiling -0.02641
frame 739 time 369.5 binding_event at DNA_topoI 8 enzyme topoI with twist -92.75178 superhelical -0.02627 global twist -92.75178 global supercoiling -0.02627
frame 739 time 369.5 unbinding_event at DNA_topoI 8 enzyme topoI with twist -88.86219 superhelical -0.02596 global twist -92.75178 global supercoiling -0.02627
frame 816 time 408.0 binding_event at DNA_gyrase 8 enzyme gyrase with twist -88.86219 superhelical -0.02517 global twist -88.86219 global supercoiling -0.02517
frame 821 time 410.5 unbinding_event at DNA_gyrase 8 enzyme gyrase with twist -105.01895 superhelical -0.02927 global twist -102.32616 global supercoiling -0.02958
frame 901 time 450.5 binding_event at DNA_topoI 6 enzyme topoI with twist -105.01895 superhelical -0.02975 global twist -105.01895 global supercoiling -0.02975
frame 902 time 451.0 unbinding_event at DNA_topoI 6 enzyme topoI with twist -97.23977 superhelical -0.02853 global twist -101.12936 global supercoiling -0.02924
frame 952 time 476.0 binding_event at DNA_topoI 0 enzyme topoI with twist -97.23977 superhelical -0.02754 global twist -97.23977 global supercoiling -0.02754
frame 952 time 476.0 unbinding_event at DNA_topoI 0 enzyme topoI with twist -93.35018 superhelical -0.02696 global twist -97.23977 global supercoiling -0.02754
frame 978 time 489.0 binding_event at gene tetA enzyme RNAP with twist -93.35018 superhelical -0.02644 global twist -93.35018 global supercoiling -0.02644
frame 979 time 489.5 binding_event at gene tetA enzyme RNAP with twist -49.21553 superhelical -0.02838 global twist -93.35018 global supercoiling -0.02658
frame 996 time 498.0 binding_event at DNA_topoI 37 enzyme topoI with twist -110.21789 superhelical -0.05453 global twist -93.35018 global supercoiling -0.02673
frame 997 time 498.5 unbinding_event at DNA_topoI 37 enzyme topoI with twist -109.61949 superhelical -0.05136 global twist -89.46059 global supercoiling -0.02615
frame 1018 time 509.0 unbinding_event at gene tetA enzyme RNAP with twist 99.44672 superhelical -0.02866 global twist -85.57100 global supercoiling -0.02450
frame 1019 time 509.5 unbinding_event at gene tetA enzyme RNAP with twist -85.57100 superhelical -0.07691 global twist -85.57100 global supercoiling -0.02437
frame 1093 time 546.5 binding_event at gene tetA enzyme RNAP with twist -85.57100 superhelical -0.02424 global twist -85.57100 global supercoiling -0.02424
frame 1133 time 566.5 unbinding_event at gene tetA enzyme RNAP with twist -85.57100 superhelical -0.07708 global twist -85.57100 global supercoiling -0.02437
frame 1135 time 567.5 binding_event at gene tetA enzyme RNAP with twist -85.57100 superhelical -0.02424 global twist -85.57100 global supercoiling -0.02424
frame 1155 time 577.5 binding_event at DNA_topoI 35 enzyme topoI with twist -113.63088 superhelical -0.05476 global twist -85.57100 global supercoiling -0.02437
frame 1166 time 583.0 unbinding_event at DNA_topoI 35 enzyme topoI with twist -110.04049 superhelical -0.01833 global twist -42.78550 global supercoiling -0.01244
frame 1175 time 587.5 unbinding_event at gene tetA enzyme RNAP with twist -38.89591 superhelical -0.05805 global twist -38.89591 global supercoiling -0.01108
frame 1247 time 623.5 binding_event at DNA_topoI 2 enzyme topoI with twist -38.89591 superhelical -0.01102 global twist -38.89591 global supercoiling -0.01102
frame 1249 time 624.5 unbinding_event at DNA_topoI 2 enzyme topoI with twist -27.22714 superhelical -0.00806 global twist -31.11673 global supercoiling -0.00900
frame 1273 time 636.5 binding_event at DNA_gyrase 15 enzyme gyrase with twist -27.22714 superhelical -0.00771 global twist -27.22714 global supercoiling -0.00771
frame 1275 time 637.5 unbinding_event at DNA_gyrase 15 enzyme gyrase with twist -35.30552 superhelical -0.00933 global twist -32.61272 global supercoiling -0.00943
frame 1324 time 662.0 binding_event at gene tetA enzyme RNAP with twist -35.30552 superhelical -0.01000 global twist -35.30552 global supercoiling -0.01000
frame 1364 time 682.0 unbinding_event at gene tetA enzyme RNAP with twist -35.30552 superhelical -0.06707 global twist -35.30552 global supercoiling -0.01005
frame 1396 time 698.0 binding_event at gene tetA enzyme RNAP with twist -35.30552 superhelical -0.01000 global twist -35.30552 global supercoiling -0.01000
frame 1426 time 713.0 binding_event at gene tetA enzyme RNAP with twist -124.96741 superhelical -0.05542 global twist -35.30552 global supercoiling -0.01005
frame 1436 time 718.0 unbinding_event at gene tetA enzyme RNAP with twist 100.12202 superhelical -0.05590 global twist -35.30552 global supercoiling -0.01011
frame 1454 time 727.0 binding_event at DNA_topoI 4 enzyme topoI with twist -196.46419 superhelical -0.08854 global twist -35.30552 global supercoiling -0.01005
frame 1457 time 728.5 unbinding_event at DNA_topoI 4 enzyme topoI with twist -195.26739 superhelical -0.08756 global twist -23.63674 global supercoiling -0.00687
frame 1466 time 733.0 unbinding_event at gene tetA enzyme RNAP with twist -19.74715 superhelical -0.09281 global twist -19.74715 global supercoiling -0.00562
frame 1477 time 738.5 binding_event at gene tetA enzyme RNAP with twist -19.74715 superhelical -0.00559 global twist -19.74715 global supercoiling -0.00559
frame 1504 time 752.0 binding_event at gene Raspberry enzyme RNAP with twist -106.59205 superhelical -0.04843 global twist -19.74715 global supercoiling -0.00562
frame 1517 time 758.5 unbinding_event at gene tetA enzyme RNAP with twist 67.76415 superhelical -0.04886 global twist -19.74715 global supercoiling -0.00565
frame 1531 time 765.5 unbinding_event at gene Raspberry enzyme RNAP with twist -19.74715 superhelical -0.10891 global twist -19.74715 global supercoiling -0.00562
frame 1565 time 782.5 binding_event at DNA_gyrase 49 enzyme gyrase with twist -19.74715 superhelical -0.00559 global twist -19.74715 global supercoiling -0.00559
frame 1565 time 782.5 unbinding_event at DNA_gyrase 49 enzyme gyrase with twist -22.43995 superhelical -0.00654 global twist -19.74715 global supercoiling -0.00559
frame 1566 time 783.0 binding_event at DNA_gyrase 14 enzyme gyrase with twist -22.43995 superhelical -0.00636 global twist -22.43995 global supercoiling -0.00636
frame 1568 time 784.0 binding_event at gene tetA enzyme RNAP with twist -20.14781 superhelical -0.00749 global twist -27.82553 global supercoiling -0.00804
frame 1568 time 784.0 unbinding_event at DNA_gyrase 14 enzyme gyrase with twist -13.98351 superhelical -0.00529 global twist -27.82553 global supercoiling -0.00804
frame 1572 time 786.0 binding_event at DNA_gyrase 46 enzyme gyrase with twist -27.30599 superhelical -0.01527 global twist -30.51833 global supercoiling -0.00869
frame 1572 time 786.0 unbinding_event at DNA_gyrase 46 enzyme gyrase with twist -33.58918 superhelical -0.01687 global twist -30.51833 global supercoiling -0.00869
frame 1594 time 797.0 binding_event at gene mKalama1 enzyme RNAP with twist -108.98740 superhelical -0.04993 global twist -33.21112 global supercoiling -0.00946
frame 1608 time 804.0 unbinding_event at gene tetA enzyme RNAP with twist -54.45517 superhelical -0.08958 global twist -33.21112 global supercoiling -0.00951
frame 1621 time 810.5 unbinding_event at gene mKalama1 enzyme RNAP with twist -33.21112 superhelical 0.46901 global twist -33.21112 global supercoiling -0.00946
frame 1643 time 821.5 binding_event at DNA_gyrase 34 enzyme gyrase with twist -33.21112 superhelical -0.00941 global twist -33.21112 global supercoiling -0.00941
frame 1651 time 825.5 unbinding_event at DNA_gyrase 34 enzyme gyrase with twist -57.44627 superhelical -0.03220 global twist -54.75347 global supercoiling -0.01583
frame 1694 time 847.0 binding_event at DNA_gyrase 44 enzyme gyrase with twist -57.44627 superhelical -0.01627 global twist -57.44627 global supercoiling -0.01627
frame 1694 time 847.0 unbinding_event at DNA_gyrase 44 enzyme gyrase with twist -60.13906 superhelical -0.01768 global twist -57.44627 global supercoiling -0.01627
frame 1702 time 851.0 binding_event at DNA_topoI 17 enzyme topoI with twist -60.13906 superhelical -0.01703 global twist -60.13906 global supercoiling -0.01703
frame 1709 time 854.5 unbinding_event at DNA_topoI 17 enzyme topoI with twist -29.02233 superhelical -0.01203 global twist -32.91192 global supercoiling -0.00952
frame 1722 time 861.0 binding_event at gene tetA enzyme RNAP with twist -29.02233 superhelical -0.00822 global twist -29.02233 global supercoiling -0.00822
frame 1762 time 881.0 binding_event at DNA_topoI 4 enzyme topoI with twist -157.80040 superhelical -0.06482 global twist -29.02233 global supercoiling -0.00827
frame 1762 time 881.0 unbinding_event at gene tetA enzyme RNAP with twist 104.66262 superhelical -0.06789 global twist -29.02233 global supercoiling -0.00827
frame 1766 time 883.0 unbinding_event at DNA_topoI 4 enzyme topoI with twist -9.57438 superhelical -0.06186 global twist -13.46397 global supercoiling -0.00389
frame 1789 time 894.5 binding_event at DNA_gyrase 42 enzyme gyrase with twist -9.57438 superhelical -0.00271 global twist -9.57438 global supercoiling -0.00271
frame 1792 time 896.0 unbinding_event at DNA_gyrase 42 enzyme gyrase with twist -20.34555 superhelical -0.00762 global twist -17.65276 global supercoiling -0.00510
frame 1798 time 899.0 binding_event at DNA_gyrase 45 enzyme gyrase with twist -20.34555 superhelical -0.00576 global twist -20.34555 global supercoiling -0.00576
frame 1798 time 899.0 unbinding_event at DNA_gyrase 45 enzyme gyrase with twist -23.03835 superhelical -0.00690 global twist -20.34555 global supercoiling -0.00576
frame 1852 time 926.0 binding_event at DNA_gyrase 0 enzyme gyrase with twist -23.03835 superhelical -0.00653 global twist -23.03835 global supercoiling -0.00653
frame 1858 time 929.0 unbinding_event at DNA_gyrase 0 enzyme gyrase with twist -41.88790 superhelical -0.01225 global twist -39.19511 global supercoiling -0.01133
frame 1875 time 937.5 binding_event at gene tetA enzyme RNAP with twist -41.88790 superhelical -0.01186 global twist -41.88790 global supercoiling -0.01186
frame 1915 time 957.5 unbinding_event at gene tetA enzyme RNAP with twist -41.88790 superhelical -0.06838 global twist -41.88790 global supercoiling -0.01193
frame 1937 time 968.5 binding_event at gene tetA enzyme RNAP with twist -41.88790 superhelical -0.01186 global twist -41.88790 global supercoiling -0.01186
frame 1954 time 977.0 binding_event at DNA_gyrase 12 enzyme gyrase with twist 39.62157 superhelical 0.02659 global twist -41.88790 global supercoiling -0.01193
frame 1956 time 978.0 unbinding_event at DNA_gyrase 12 enzyme gyrase with twist 42.31437 superhelical 0.04614 global twist -47.27349 global supercoiling -0.01374
frame 1962 time 981.0 binding_event at DNA_gyrase 25 enzyme gyrase with twist 60.26633 superhelical 0.04476 global twist -49.96628 global supercoiling -0.01423
frame 1970 time 985.0 binding_event at gene Raspberry enzyme RNAP with twist -138.95574 superhelical -0.06019 global twist -71.50863 global supercoiling -0.02079
frame 1977 time 988.5 unbinding_event at gene tetA enzyme RNAP with twist 2.49938 superhelical -0.06069 global twist -90.35819 global supercoiling -0.02642
frame 1985 time 992.5 unbinding_event at DNA_gyrase 25 enzyme gyrase with twist -10.87691 superhelical 0.00848 global twist -111.90054 global supercoiling -0.03253
frame 1986 time 993.0 binding_event at gene mKalama1 enzyme RNAP with twist -103.71642 superhelical -0.09882 global twist -114.59333 global supercoiling -0.03263
frame 1990 time 995.0 binding_event at DNA_topoI 26 enzyme topoI with twist -50.80752 superhelical -0.08826 global twist -114.59333 global supercoiling -0.03281
frame 1997 time 998.5 unbinding_event at gene Raspberry enzyme RNAP with twist -92.50894 superhelical -0.15325 global twist -87.36620 global supercoiling -0.02554
frame 1998 time 999.0 unbinding_event at DNA_topoI 26 enzyme topoI with twist 16.51232 superhelical 0.36950 global twist -83.47660 global supercoiling -0.02427
frame 2013 time 1006.5 unbinding_event at gene mKalama1 enzyme RNAP with twist -79.58701 superhelical 0.48593 global twist -79.58701 global supercoiling -0.02267
frame 2052 time 1026.0 binding_event at DNA_gyrase 38 enzyme gyrase with twist -79.58701 superhelical -0.02254 global twist -79.58701 global supercoiling -0.02254
frame 2054 time 1027.0 unbinding_event at DNA_gyrase 38 enzyme gyrase with twist -87.66540 superhelical -0.02792 global twist -84.97260 global supercoiling -0.02457
frame 2107 time 1053.5 binding_event at DNA_topoI 23 enzyme topoI with twist -87.66540 superhelical -0.02483 global twist -87.66540 global supercoiling -0.02483
frame 2113 time 1056.5 unbinding_event at DNA_topoI 23 enzyme topoI with twist -60.43826 superhelical -0.02127 global twist -64.32785 global supercoiling -0.01860
frame 2133 time 1066.5 binding_event at DNA_gyrase 29 enzyme gyrase with twist -60.43826 superhelical -0.01712 global twist -60.43826 global supercoiling -0.01712
frame 2144 time 1072.0 unbinding_event at DNA_gyrase 29 enzyme gyrase with twist -92.75178 superhelical -0.10869 global twist -90.05899 global supercoiling -0.02604
frame 2163 time 1081.5 binding_event at DNA_topoI 31 enzyme topoI with twist -92.75178 superhelical -0.02627 global twist -92.75178 global supercoiling -0.02627
frame 2164 time 1082.0 binding_event at gene mKalama1 enzyme RNAP with twist -82.20578 superhelical -0.02620 global twist -88.86219 global supercoiling -0.02569
frame 2164 time 1082.0 unbinding_event at DNA_topoI 31 enzyme topoI with twist -5.89547 superhelical -0.01469 global twist -88.86219 global supercoiling -0.02569
frame 2189 time 1094.5 binding_event at gene Raspberry enzyme RNAP with twist -165.24653 superhelical -0.04988 global twist -84.97260 global supercoiling -0.02420
frame 2191 time 1095.5 unbinding_event at gene mKalama1 enzyme RNAP with twist 42.18183 superhelical 0.62871 global twist -84.97260 global supercoiling -0.02433
frame 2216 time 1108.0 unbinding_event at gene Raspberry enzyme RNAP with twist -84.97260 superhelical -0.03761 global twist -84.97260 global supercoiling -0.02420
frame 2230 time 1115.0 binding_event at gene tetA enzyme RNAP with twist -84.97260 superhelical -0.02407 global twist -84.97260 global supercoiling -0.02407
frame 2253 time 1126.5 binding_event at DNA_topoI 35 enzyme topoI with twist -124.10958 superhelical -0.05829 global twist -84.97260 global supercoiling -0.02420
frame 2253 time 1126.5 unbinding_event at DNA_topoI 35 enzyme topoI with twist -123.81038 superhelical -0.05713 global twist -84.97260 global supercoiling -0.02420
frame 2255 time 1127.5 binding_event at DNA_gyrase 15 enzyme gyrase with twist 46.31776 superhelical 0.03440 global twist -81.08301 global supercoiling -0.02309
frame 2261 time 1130.5 unbinding_event at DNA_gyrase 15 enzyme gyrase with twist 52.60095 superhelical 0.08116 global twist -97.23977 global supercoiling -0.02827
frame 2270 time 1135.0 unbinding_event at gene tetA enzyme RNAP with twist -99.93257 superhelical -0.07538 global twist -99.93257 global supercoiling -0.02846
frame 2288 time 1144.0 binding_event at gene tetA enzyme RNAP with twist -99.93257 superhelical -0.02831 global twist -99.93257 global supercoiling -0.02831
frame 2293 time 1146.5 binding_event at DNA_topoI 16 enzyme topoI with twist -33.13831 superhelical -0.01943 global twist -99.93257 global supercoiling -0.02846
frame 2293 time 1146.5 unbinding_event at DNA_topoI 16 enzyme topoI with twist -25.65833 superhelical -0.01507 global twist -99.93257 global supercoiling -0.02846
frame 2315 time 1157.5 binding_event at gene tetA enzyme RNAP with twist -145.78287 superhelical -0.06624 global twist -96.04298 global supercoiling -0.02735
frame 2328 time 1164.0 unbinding_event at gene tetA enzyme RNAP with twist 68.89757 superhelical -0.06682 global twist -96.04298 global supercoiling -0.02750
frame 2333 time 1166.5 binding_event at DNA_gyrase 5 enzyme gyrase with twist 83.25913 superhelical 0.05656 global twist -96.04298 global supercoiling -0.02735
frame 2335 time 1167.5 unbinding_event at DNA_gyrase 5 enzyme gyrase with twist -114.38291 superhelical -0.09079 global twist -101.42856 global supercoiling -0.02949
frame 2349 time 1174.5 binding_event at DNA_gyrase 15 enzyme gyrase with twist 56.93664 superhelical 0.04805 global twist -104.12136 global supercoiling -0.02965
frame 2353 time 1176.5 unbinding_event at DNA_gyrase 15 enzyme gyrase with twist 61.42463 superhelical 0.09955 global twist -114.89253 global supercoiling -0.03340
frame 2355 time 1177.5 unbinding_event at gene tetA enzyme RNAP with twist -117.58533 superhelical -0.07593 global twist -117.58533 global supercoiling -0.03349
frame 2361 time 1180.5 binding_event at DNA_topoI 30 enzyme topoI with twist -117.58533 superhelical -0.03331 global twist -117.58533 global supercoiling -0.03331
frame 2364 time 1182.0 binding_event at DNA_gyrase 24 enzyme gyrase with twist -103.28805 superhelical -0.03218 global twist -105.91655 global supercoiling -0.03062
frame 2365 time 1182.5 unbinding_event at DNA_gyrase 24 enzyme gyrase with twist -104.78405 superhelical -0.03253 global twist -104.71976 global supercoiling -0.03092
frame 2377 time 1188.5 unbinding_event at DNA_topoI 30 enzyme topoI with twist -56.84787 superhelical 0.09882 global twist -60.73746 global supercoiling -0.01756
frame 2378 time 1189.0 binding_event at gene tetA enzyme RNAP with twist -56.84787 superhelical -0.01610 global twist -56.84787 global supercoiling -0.01610
frame 2402 time 1201.0 binding_event at DNA_gyrase 17 enzyme gyrase with twist 57.10607 superhelical 0.04186 global twist -56.84787 global supercoiling -0.01619
frame 2409 time 1204.5 unbinding_event at DNA_gyrase 17 enzyme gyrase with twist 64.28685 superhelical 0.08495 global twist -75.69742 global supercoiling -0.02201
frame 2418 time 1209.0 binding_event at DNA_topoI 29 enzyme topoI with twist -171.40020 superhelical -0.07041 global twist -78.39022 global supercoiling -0.02232
frame 2418 time 1209.0 unbinding_event at gene tetA enzyme RNAP with twist -63.59475 superhelical -0.07271 global twist -78.39022 global supercoiling -0.02232
frame 2419 time 1209.5 unbinding_event at DNA_topoI 29 enzyme topoI with twist -70.61103 superhelical -0.05059 global twist -74.50063 global supercoiling -0.02154
frame 2446 time 1223.0 binding_event at DNA_gyrase 0 enzyme gyrase with twist -70.61103 superhelical -0.02000 global twist -70.61103 global supercoiling -0.02000
frame 2446 time 1223.0 unbinding_event at DNA_gyrase 0 enzyme gyrase with twist -73.30383 superhelical -0.02121 global twist -70.61103 global supercoiling -0.02000
frame 2508 time 1254.0 binding_event at gene tetA enzyme RNAP with twist -73.30383 superhelical -0.02076 global twist -73.30383 global supercoiling -0.02076
frame 2538 time 1269.0 binding_event at DNA_gyrase 37 enzyme gyrase with twist -143.53918 superhelical -0.06366 global twist -73.30383 global supercoiling -0.02088
frame 2540 time 1270.0 unbinding_event at DNA_gyrase 37 enzyme gyrase with twist -162.38874 superhelical -0.07113 global twist -78.68942 global supercoiling -0.02288
frame 2548 time 1274.0 unbinding_event at gene tetA enzyme RNAP with twist -81.38221 superhelical -0.07793 global twist -81.38221 global supercoiling -0.02318
frame 2593 time 1296.5 binding_event at gene tetA enzyme RNAP with twist -81.38221 superhelical -0.02305 global twist -81.38221 global supercoiling -0.02305
frame 2602 time 1301.0 binding_event at DNA_gyrase 14 enzyme gyrase with twist -9.29292 superhelical -0.00569 global twist -81.38221 global supercoiling -0.02318
frame 2602 time 1301.0 unbinding_event at DNA_gyrase 14 enzyme gyrase with twist -8.39532 superhelical -0.00319 global twist -81.38221 global supercoiling -0.02318
frame 2633 time 1316.5 unbinding_event at gene tetA enzyme RNAP with twist -84.07500 superhelical -0.07625 global twist -84.07500 global supercoiling -0.02394
frame 2678 time 1339.0 binding_event at gene tetA enzyme RNAP with twist -84.07500 superhelical -0.02381 global twist -84.07500 global supercoiling -0.02381
frame 2689 time 1344.5 binding_event at DNA_gyrase 24 enzyme gyrase with twist -3.48882 superhelical -0.00218 global twist -84.07500 global supercoiling -0.02394
frame 2692 time 1346.0 binding_event at DNA_gyrase 49 enzyme gyrase with twist -91.35736 superhelical -0.04643 global twist -92.15338 global supercoiling -0.02679
frame 2692 time 1346.0 unbinding_event at DNA_gyrase 24 enzyme gyrase with twist 0.10157 superhelical 0.00399 global twist -92.15338 global supercoiling -0.02679
frame 2705 time 1352.5 unbinding_event at DNA_gyrase 49 enzyme gyrase with twist -179.32195 superhelical -0.05988 global twist -129.85250 global supercoiling -0.03775
frame 2718 time 1359.0 unbinding_event at gene tetA enzyme RNAP with twist -132.54529 superhelical -0.09216 global twist -132.54529 global supercoiling -0.03775
frame 2778 time 1389.0 binding_event at DNA_gyrase 45 enzyme gyrase with twist -132.54529 superhelical -0.03754 global twist -132.54529 global supercoiling -0.03754
frame 2778 time 1389.0 unbinding_event at DNA_gyrase 45 enzyme gyrase with twist -135.23808 superhelical -0.03934 global twist -132.54529 global supercoiling -0.03754
frame 2789 time 1394.5 binding_event at gene tetA enzyme RNAP with twist -135.23808 superhelical -0.03831 global twist -135.23808 global supercoiling -0.03831
frame 2811 time 1405.5 binding_event at DNA_topoI 0 enzyme topoI with twist -145.08657 superhelical -0.06872 global twist -135.23808 global supercoiling -0.03851
frame 2812 time 1406.0 unbinding_event at DNA_topoI 0 enzyme topoI with twist -144.48818 superhelical -0.06884 global twist -131.34849 global supercoiling -0.03819
frame 2819 time 1409.5 binding_event at DNA_topoI 48 enzyme topoI with twist -166.03053 superhelical -0.07364 global twist -127.45890 global supercoiling -0.03630
frame 2820 time 1410.0 unbinding_event at DNA_topoI 48 enzyme topoI with twist -165.43213 superhelical -0.07353 global twist -123.56931 global supercoiling -0.03593
frame 2829 time 1414.5 unbinding_event at gene tetA enzyme RNAP with twist -119.67972 superhelical -0.08064 global twist -119.67972 global supercoiling -0.03408
frame 2832 time 1416.0 binding_event at gene tetA enzyme RNAP with twist -119.67972 superhelical -0.03390 global twist -119.67972 global supercoiling -0.03390
frame 2872 time 1436.0 unbinding_event at gene tetA enzyme RNAP with twist -119.67972 superhelical -0.08388 global twist -119.67972 global supercoiling -0.03408
frame 2876 time 1438.0 binding_event at gene tetA enzyme RNAP with twist -119.67972 superhelical -0.03390 global twist -119.67972 global supercoiling -0.03390
frame 2887 time 1443.5 binding_event at DNA_gyrase 48 enzyme gyrase with twist -97.98808 superhelical -0.05120 global twist -119.67972 global supercoiling -0.03408
frame 2888 time 1444.0 unbinding_event at DNA_gyrase 48 enzyme gyrase with twist -110.55445 superhelical -0.05495 global twist -122.37251 global supercoiling -0.03558
frame 2916 time 1458.0 unbinding_event at gene tetA enzyme RNAP with twist -125.06531 superhelical -0.08608 global twist -125.06531 global supercoiling -0.03562
frame 2988 time 1494.0 binding_event at DNA_gyrase 31 enzyme gyrase with twist -125.06531 superhelical -0.03542 global twist -125.06531 global supercoiling -0.03542
frame 2992 time 1496.0 binding_event at DNA_topoI 5 enzyme topoI with twist -118.85314 superhelical -0.03788 global twist -135.83648 global supercoiling -0.03927
frame 2993 time 1496.5 unbinding_event at DNA_topoI 5 enzyme topoI with twist -113.76676 superhelical -0.03804 global twist -134.63969 global supercoiling -0.03975
frame 2995 time 1497.5 unbinding_event at DNA_gyrase 31 enzyme gyrase with twist -138.82848 superhelical -0.06974 global twist -136.13568 global supercoiling -0.03936
frame 3044 time 1522.0 binding_event at gene tetA enzyme RNAP with twist -138.82848 superhelical -0.03932 global twist -138.82848 global supercoiling -0.03932
frame 3048 time 1524.0 binding_event at DNA_topoI 36 enzyme topoI with twist -82.21434 superhelical -0.04598 global twist -138.82848 global supercoiling -0.03954
frame 3051 time 1525.5 binding_event at gene Raspberry enzyme RNAP with twist -54.58645 superhelical -0.05007 global twist -127.15970 global supercoiling -0.03697
frame 3054 time 1527.0 unbinding_event at DNA_topoI 36 enzyme topoI with twist -26.08241 superhelical -0.02788 global twist -115.49093 global supercoiling -0.03376
frame 3062 time 1531.0 binding_event at gene tetA enzyme RNAP with twist -54.03754 superhelical -0.05096 global twist -111.60134 global supercoiling -0.03196
frame 3065 time 1532.5 binding_event at gene tetA enzyme RNAP with twist -38.26106 superhelical -0.05190 global twist -111.60134 global supercoiling -0.03213
frame 3069 time 1534.5 binding_event at gene tetA enzyme RNAP with twist -36.41178 superhelical -0.05328 global twist -111.60134 global supercoiling -0.03231
frame 3077 time 1538.5 binding_event at DNA_topoI 8 enzyme topoI with twist -15.77648 superhelical -0.05190 global twist -111.60134 global supercoiling -0.03249
frame 3078 time 1539.0 unbinding_event at DNA_topoI 8 enzyme topoI with twist -7.99729 superhelical -0.01559 global twist -107.71175 global supercoiling -0.03203
frame 3078 time 1539.0 unbinding_event at gene Raspberry enzyme RNAP with twist -145.77688 superhelical -0.08874 global twist -107.71175 global supercoiling -0.03203
frame 3084 time 1542.0 unbinding_event at gene tetA enzyme RNAP with twist 68.23306 superhelical -0.02631 global twist -103.82216 global supercoiling -0.03006
frame 3094 time 1547.0 binding_event at DNA_gyrase 22 enzyme gyrase with twist 100.54658 superhelical 0.08237 global twist -103.82216 global supercoiling -0.02989
frame 3097 time 1548.5 unbinding_event at DNA_gyrase 22 enzyme gyrase with twist 104.13697 superhelical 0.10479 global twist -111.90054 global supercoiling -0.03290
frame 3102 time 1551.0 unbinding_event at gene tetA enzyme RNAP with twist 120.23965 superhelical -0.05328 global twist -114.59333 global supercoiling -0.03299
frame 3105 time 1552.5 unbinding_event at gene tetA enzyme RNAP with twist 128.12412 superhelical -0.05482 global twist -114.59333 global supercoiling -0.03281
frame 3109 time 1554.5 unbinding_event at gene tetA enzyme RNAP with twist -114.59333 superhelical -0.10483 global twist -114.59333 global supercoiling -0.03263
frame 3133 time 1566.5 binding_event at gene mKalama1 enzyme RNAP with twist -114.59333 superhelical -0.03246 global twist -114.59333 global supercoiling -0.03246
frame 3160 time 1580.0 binding_event at gene tetA enzyme RNAP with twist -190.40405 superhelical -0.05686 global twist -114.59333 global supercoiling -0.03263
frame 3160 time 1580.0 unbinding_event at gene mKalama1 enzyme RNAP with twist -15.52158 superhelical 0.54830 global twist -114.59333 global supercoiling -0.03263
frame 3200 time 1600.0 unbinding_event at gene tetA enzyme RNAP with twist -114.59333 superhelical -0.06489 global twist -114.59333 global supercoiling -0.03263
frame 3229 time 1614.5 binding_event at DNA_gyrase 48 enzyme gyrase with twist -114.59333 superhelical -0.03246 global twist -114.59333 global supercoiling -0.03246
frame 3240 time 1620.0 unbinding_event at DNA_gyrase 48 enzyme gyrase with twist -146.90686 superhelical -0.04361 global twist -144.21406 global supercoiling -0.04170
frame 3269 time 1634.5 binding_event at gene Raspberry enzyme RNAP with twist -146.90686 superhelical -0.04161 global twist -146.90686 global supercoiling -0.04161
frame 3296 time 1648.0 unbinding_event at gene Raspberry enzyme RNAP with twist -146.90686 superhelical -0.10468 global twist -146.90686 global supercoiling -0.04184
frame 3306 time 1653.0 binding_event at DNA_topoI 18 enzyme topoI with twist -146.90686 superhelical -0.04161 global twist -146.90686 global supercoiling -0.04161
frame 3306 time 1653.0 unbinding_event at DNA_topoI 18 enzyme topoI with twist -143.01727 superhelical -0.04182 global twist -146.90686 global supercoiling -0.04161
frame 3362 time 1681.0 binding_event at DNA_topoI 24 enzyme topoI with twist -143.01727 superhelical -0.04051 global twist -143.01727 global supercoiling -0.04051
frame 3362 time 1681.0 unbinding_event at DNA_topoI 24 enzyme topoI with twist -139.12767 superhelical -0.04078 global twist -143.01727 global supercoiling -0.04051
frame 3367 time 1683.5 binding_event at gene Raspberry enzyme RNAP with twist -139.12767 superhelical -0.03941 global twist -139.12767 global supercoiling -0.03941
frame 3379 time 1689.5 binding_event at gene tetA enzyme RNAP with twist -65.83700 superhelical -0.02599 global twist -139.12767 global supercoiling -0.03962
frame 3394 time 1697.0 unbinding_event at gene Raspberry enzyme RNAP with twist -149.56989 superhelical -0.10335 global twist -139.12767 global supercoiling -0.03984
frame 3419 time 1709.5 unbinding_event at gene tetA enzyme RNAP with twist -139.12767 superhelical -0.09760 global twist -139.12767 global supercoiling -0.03962
frame 3474 time 1737.0 binding_event at gene tetA enzyme RNAP with twist -139.12767 superhelical -0.03941 global twist -139.12767 global supercoiling -0.03941
frame 3502 time 1751.0 binding_event at gene tetA enzyme RNAP with twist -168.52997 superhelical -0.07595 global twist -139.12767 global supercoiling -0.03962
frame 3510 time 1755.0 binding_event at DNA_topoI 43 enzyme topoI with twist -160.20952 superhelical -0.08614 global twist -139.12767 global supercoiling -0.03984
frame 3510 time 1755.0 unbinding_event at DNA_topoI 43 enzyme topoI with twist -159.91032 superhelical -0.08796 global twist -139.12767 global supercoiling -0.03984
frame 3514 time 1757.0 unbinding_event at gene tetA enzyme RNAP with twist 39.03380 superhelical -0.07661 global twist -135.23808 global supercoiling -0.03873
frame 3542 time 1771.0 unbinding_event at gene tetA enzyme RNAP with twist -135.23808 superhelical -0.11206 global twist -135.23808 global supercoiling -0.03851
frame 3602 time 1801.0 binding_event at DNA_gyrase 35 enzyme gyrase with twist -135.23808 superhelical -0.03831 global twist -135.23808 global supercoiling -0.03831
frame 3606 time 1803.0 unbinding_event at DNA_gyrase 35 enzyme gyrase with twist -148.70205 superhelical -0.05017 global twist -146.00926 global supercoiling -0.04221
frame 3650 time 1825.0 binding_event at gene tetA enzyme RNAP with twist -148.70205 superhelical -0.04212 global twist -148.70205 global supercoiling -0.04212
frame 3668 time 1834.0 binding_event at DNA_gyrase 7 enzyme gyrase with twist -11.39650 superhelical -0.00774 global twist -148.70205 global supercoiling -0.04235
frame 3668 time 1834.0 unbinding_event at DNA_gyrase 7 enzyme gyrase with twist -10.49890 superhelical 0.01071 global twist -148.70205 global supercoiling -0.04235
frame 3677 time 1838.5 binding_event at gene tetA enzyme RNAP with twist -169.61908 superhelical -0.07707 global twist -151.39485 global supercoiling -0.04312
frame 3684 time 1842.0 binding_event at DNA_topoI 36 enzyme topoI with twist -158.55773 superhelical -0.08609 global twist -151.39485 global supercoiling -0.04335
frame 3686 time 1843.0 unbinding_event at DNA_topoI 36 enzyme topoI with twist -157.66014 superhelical -0.08099 global twist -143.61566 global supercoiling -0.04199
frame 3690 time 1845.0 unbinding_event at gene tetA enzyme RNAP with twist 32.29563 superhelical -0.07774 global twist -139.72607 global supercoiling -0.04001
frame 3708 time 1854.0 binding_event at DNA_gyrase 16 enzyme gyrase with twist 93.33229 superhelical 0.07535 global twist -139.72607 global supercoiling -0.03979
frame 3710 time 1855.0 unbinding_event at DNA_gyrase 16 enzyme gyrase with twist 96.02508 superhelical 0.10259 global twist -145.11166 global supercoiling -0.04219
frame 3717 time 1858.5 unbinding_event at gene tetA enzyme RNAP with twist -147.80445 superhelical -0.10968 global twist -147.80445 global supercoiling -0.04209
frame 3767 time 1883.5 binding_event at gene mKalama1 enzyme RNAP with twist -147.80445 superhelical -0.04186 global twist -147.80445 global supercoiling -0.04186
frame 3794 time 1897.0 unbinding_event at gene mKalama1 enzyme RNAP with twist -147.80445 superhelical 0.50602 global twist -147.80445 global supercoiling -0.04209
frame 3857 time 1928.5 binding_event at DNA_topoI 30 enzyme topoI with twist -147.80445 superhelical -0.04186 global twist -147.80445 global supercoiling -0.04186
frame 3867 time 1933.5 unbinding_event at DNA_topoI 30 enzyme topoI with twist -105.01895 superhelical 0.04320 global twist -108.90855 global supercoiling -0.03149
frame 3977 time 1988.5 binding_event at gene tetA enzyme RNAP with twist -105.01895 superhelical -0.02975 global twist -105.01895 global supercoiling -0.02975
frame 3991 time 1995.5 binding_event at gene tetA enzyme RNAP with twist -101.59376 superhelical -0.05164 global twist -105.01895 global supercoiling -0.02991
frame 4011 time 2005.5 binding_event at DNA_topoI 42 enzyme topoI with twist -161.29521 superhelical -0.07772 global twist -105.01895 global supercoiling -0.03007
frame 4014 time 2007.0 unbinding_event at DNA_topoI 42 enzyme topoI with twist -160.09842 superhelical -0.07350 global twist -93.35018 global supercoiling -0.02729
frame 4017 time 2008.5 unbinding_event at gene tetA enzyme RNAP with twist 81.40900 superhelical -0.05214 global twist -89.46059 global supercoiling -0.02562
frame 4031 time 2015.5 unbinding_event at gene tetA enzyme RNAP with twist -89.46059 superhelical -0.09018 global twist -89.46059 global supercoiling -0.02548
frame 4062 time 2031.0 binding_event at DNA_topoI 6 enzyme topoI with twist -89.46059 superhelical -0.02534 global twist -89.46059 global supercoiling -0.02534
frame 4066 time 2033.0 unbinding_event at DNA_topoI 6 enzyme topoI with twist -70.01264 superhelical -0.02127 global twist -73.90223 global supercoiling -0.02137
frame 4077 time 2038.5 binding_event at gene tetA enzyme RNAP with twist -70.01264 superhelical -0.01983 global twist -70.01264 global supercoiling -0.01983
frame 4095 time 2047.5 binding_event at gene tetA enzyme RNAP with twist -98.84590 superhelical -0.04847 global twist -70.01264 global supercoiling -0.01994
frame 4117 time 2058.5 unbinding_event at gene tetA enzyme RNAP with twist 96.53854 superhelical -0.04893 global twist -70.01264 global supercoiling -0.02005
frame 4130 time 2065.0 binding_event at DNA_topoI 43 enzyme topoI with twist -209.63588 superhelical -0.08942 global twist -70.01264 global supercoiling -0.01994
frame 4130 time 2065.0 unbinding_event at DNA_topoI 43 enzyme topoI with twist -209.33668 superhelical -0.09060 global twist -70.01264 global supercoiling -0.01994
frame 4135 time 2067.5 unbinding_event at gene tetA enzyme RNAP with twist -66.12305 superhelical -0.09269 global twist -66.12305 global supercoiling -0.01883
frame 4195 time 2097.5 binding_event at DNA_topoI 12 enzyme topoI with twist -66.12305 superhelical -0.01873 global twist -66.12305 global supercoiling -0.01873
frame 4196 time 2098.0 unbinding_event at DNA_topoI 12 enzyme topoI with twist -58.34386 superhelical -0.01759 global twist -62.23345 global supercoiling -0.01799
frame 4276 time 2138.0 binding_event at gene tetA enzyme RNAP with twist -58.34386 superhelical -0.01653 global twist -58.34386 global supercoiling -0.01653
frame 4296 time 2148.0 binding_event at DNA_gyrase 14 enzyme gyrase with twist 41.97968 superhelical 0.02923 global twist -58.34386 global supercoiling -0.01662
frame 4302 time 2151.0 unbinding_event at DNA_gyrase 14 enzyme gyrase with twist 48.26287 superhelical 0.07239 global twist -74.50063 global supercoiling -0.02166
frame 4316 time 2158.0 unbinding_event at gene tetA enzyme RNAP with twist -77.19342 superhelical -0.07166 global twist -77.19342 global supercoiling -0.02198
frame 4372 time 2186.0 binding_event at DNA_topoI 43 enzyme topoI with twist -77.19342 superhelical -0.02186 global twist -77.19342 global supercoiling -0.02186
frame 4385 time 2192.5 unbinding_event at DNA_topoI 43 enzyme topoI with twist -22.73915 superhelical 0.00071 global twist -26.62874 global supercoiling -0.00770
frame 4417 time 2208.5 binding_event at DNA_gyrase 26 enzyme gyrase with twist -22.73915 superhelical -0.00644 global twist -22.73915 global supercoiling -0.00644
frame 4417 time 2208.5 unbinding_event at DNA_gyrase 26 enzyme gyrase with twist -25.43194 superhelical -0.04159 global twist -22.73915 global supercoiling -0.00644
frame 4524 time 2262.0 binding_event at DNA_gyrase 8 enzyme gyrase with twist -25.43194 superhelical -0.00720 global twist -25.43194 global supercoiling -0.00720
frame 4525 time 2262.5 unbinding_event at DNA_gyrase 8 enzyme gyrase with twist -30.81753 superhelical -0.00854 global twist -28.12473 global supercoiling -0.00813
frame 4587 time 2293.5 binding_event at DNA_gyrase 39 enzyme gyrase with twist -30.81753 superhelical -0.00873 global twist -30.81753 global supercoiling -0.00873
frame 4589 time 2294.5 unbinding_event at DNA_gyrase 39 enzyme gyrase with twist -38.89591 superhelical -0.01342 global twist -36.20312 global supercoiling -0.01047
frame 4627 time 2313.5 binding_event at DNA_topoI 40 enzyme topoI with twist -38.89591 superhelical -0.01102 global twist -38.89591 global supercoiling -0.01102
frame 4628 time 2314.0 unbinding_event at DNA_topoI 40 enzyme topoI with twist -31.11673 superhelical -0.00722 global twist -35.00632 global supercoiling -0.01012
frame 4639 time 2319.5 binding_event at DNA_gyrase 15 enzyme gyrase with twist -31.11673 superhelical -0.00881 global twist -31.11673 global supercoiling -0.00881
frame 4656 time 2328.0 binding_event at DNA_topoI 27 enzyme topoI with twist -47.73906 superhelical -0.01728 global twist -76.89422 global supercoiling -0.02223
frame 4656 time 2328.0 unbinding_event at DNA_gyrase 15 enzyme gyrase with twist -77.04760 superhelical -0.01752 global twist -76.89422 global supercoiling -0.02223
frame 4664 time 2332.0 unbinding_event at DNA_topoI 27 enzyme topoI with twist -44.58070 superhelical 0.50458 global twist -48.47029 global supercoiling -0.01401
frame 4718 time 2359.0 binding_event at gene Raspberry enzyme RNAP with twist -44.58070 superhelical -0.01263 global twist -44.58070 global supercoiling -0.01263
frame 4745 time 2372.5 unbinding_event at gene Raspberry enzyme RNAP with twist -44.58070 superhelical -0.08712 global twist -44.58070 global supercoiling -0.01270
frame 4797 time 2398.5 binding_event at DNA_gyrase 42 enzyme gyrase with twist -44.58070 superhelical -0.01263 global twist -44.58070 global supercoiling -0.01263
frame 4797 time 2398.5 unbinding_event at DNA_gyrase 42 enzyme gyrase with twist -47.27349 superhelical -0.01410 global twist -44.58070 global supercoiling -0.01263
frame 4827 time 2413.5 binding_event at gene tetA enzyme RNAP with twist -47.27349 superhelical -0.01339 global twist -47.27349 global supercoiling -0.01339
frame 4836 time 2418.0 binding_event at DNA_topoI 32 enzyme topoI with twist -55.41856 superhelical -0.02951 global twist -47.27349 global supercoiling -0.01346
frame 4844 time 2422.0 unbinding_event at DNA_topoI 32 enzyme topoI with twist -52.72577 superhelical 0.01390 global twist -16.15676 global supercoiling -0.00470
frame 4863 time 2431.5 binding_event at gene tetA enzyme RNAP with twist -117.35282 superhelical -0.04967 global twist -12.26717 global supercoiling -0.00349
frame 4867 time 2433.5 unbinding_event at gene tetA enzyme RNAP with twist 91.63164 superhelical -0.05008 global twist -12.26717 global supercoiling -0.00351
frame 4874 time 2437.0 binding_event at DNA_gyrase 23 enzyme gyrase with twist 113.17399 superhelical 0.07083 global twist -12.26717 global supercoiling -0.00349
frame 4878 time 2439.0 binding_event at DNA_gyrase 21 enzyme gyrase with twist 113.09605 superhelical 0.08490 global twist -23.03835 global supercoiling -0.00670
frame 4878 time 2439.0 unbinding_event at DNA_gyrase 23 enzyme gyrase with twist 6.07336 superhelical 0.05224 global twist -23.03835 global supercoiling -0.00670
frame 4883 time 2441.5 binding_event at DNA_topoI 39 enzyme topoI with twist -157.75469 superhelical -0.07602 global twist -39.19511 global supercoiling -0.01140
frame 4883 time 2441.5 unbinding_event at DNA_gyrase 21 enzyme gyrase with twist 119.45718 superhelical 0.11115 global twist -39.19511 global supercoiling -0.01140
frame 4888 time 2444.0 unbinding_event at DNA_topoI 39 enzyme topoI with twist -155.95949 superhelical -0.06571 global twist -22.43995 global supercoiling -0.00652
frame 4893 time 2446.5 binding_event at gene tetA enzyme RNAP with twist -170.32106 superhelical -0.07554 global twist -18.55036 global supercoiling -0.00528
frame 4896 time 2448.0 binding_event at gene tetA enzyme RNAP with twist -141.52085 superhelical -0.07995 global twist -18.55036 global supercoiling -0.00531
frame 4903 time 2451.5 unbinding_event at gene tetA enzyme RNAP with twist 151.69363 superhelical -0.07619 global twist -18.55036 global supercoiling -0.00534
frame 4928 time 2464.0 binding_event at gene mKalama1 enzyme RNAP with twist -253.60812 superhelical -0.11071 global twist -18.55036 global supercoiling -0.00531
frame 4933 time 2466.5 binding_event at gene tetA enzyme RNAP with twist -217.22437 superhelical -0.12044 global twist -18.55036 global supercoiling -0.00534
frame 4933 time 2466.5 unbinding_event at gene tetA enzyme RNAP with twist 256.60011 superhelical -0.08083 global twist -18.55036 global supercoiling -0.00534
frame 4934 time 2467.0 binding_event at gene mKalama1 enzyme RNAP with twist -145.87803 superhelical -0.12412 global twist -18.55036 global supercoiling -0.00534
frame 4936 time 2468.0 unbinding_event at gene tetA enzyme RNAP with twist 188.84417 superhelical -0.12173 global twist -18.55036 global supercoiling -0.00537
frame 4948 time 2474.0 binding_event at DNA_gyrase 15 enzyme gyrase with twist 228.33847 superhelical 0.14964 global twist -18.55036 global supercoiling -0.00534
frame 4950 time 2475.0 unbinding_event at DNA_gyrase 15 enzyme gyrase with twist 231.03127 superhelical 0.17861 global twist -23.93594 global supercoiling -0.00704
frame 4955 time 2477.5 unbinding_event at gene mKalama1 enzyme RNAP with twist 17.06838 superhelical 0.19503 global twist -26.62874 global supercoiling -0.00767
frame 4961 time 2480.5 unbinding_event at gene mKalama1 enzyme RNAP with twist -297.15431 superhelical 0.26663 global twist -26.62874 global supercoiling -0.00763
frame 4973 time 2486.5 binding_event at gene Raspberry enzyme RNAP with twist -336.64862 superhelical -0.13829 global twist -26.62874 global supercoiling -0.00758
frame 4973 time 2486.5 unbinding_event at gene tetA enzyme RNAP with twist 83.22784 superhelical -0.13939 global twist -26.62874 global supercoiling -0.00758
frame 4977 time 2488.5 binding_event at gene tetA enzyme RNAP with twist 93.99902 superhelical 0.03511 global twist -26.62874 global supercoiling -0.00758
frame 5000 time 2500.0 unbinding_event at gene Raspberry enzyme RNAP with twist -176.28239 superhelical -0.16347 global twist -26.62874 global supercoiling -0.00763
frame 5012 time 2506.0 binding_event at DNA_topoI 33 enzyme topoI with twist -215.77670 superhelical -0.09203 global twist -26.62874 global supercoiling -0.00758
frame 5012 time 2506.0 unbinding_event at DNA_topoI 33 enzyme topoI with twist -215.47750 superhelical -0.09075 global twist -26.62874 global supercoiling -0.00758
frame 5017 time 2508.5 unbinding_event at gene tetA enzyme RNAP with twist -22.73915 superhelical -0.09519 global twist -22.73915 global supercoiling -0.00648
frame 5107 time 2553.5 binding_event at DNA_gyrase 33 enzyme gyrase with twist -22.73915 superhelical -0.00644 global twist -22.73915 global supercoiling -0.00644
frame 5111 time 2555.5 unbinding_event at DNA_gyrase 33 enzyme gyrase with twist -36.20312 superhelical -0.02107 global twist -33.51032 global supercoiling -0.00969
frame 5247 time 2623.5 binding_event at gene tetA enzyme RNAP with twist -36.20312 superhelical -0.01025 global twist -36.20312 global supercoiling -0.01025
frame 5249 time 2624.5 binding_event at gene tetA enzyme RNAP with twist -24.87515 superhelical -0.01420 global twist -36.20312 global supercoiling -0.01031
frame 5287 time 2643.5 unbinding_event at gene tetA enzyme RNAP with twist 128.45680 superhelical -0.01435 global twist -36.20312 global supercoiling -0.01037
frame 5289 time 2644.5 unbinding_event at gene tetA enzyme RNAP with twist -36.20312 superhelical -0.07008 global twist -36.20312 global supercoiling -0.01031
frame 5334 time 2667.0 binding_event at DNA_gyrase 29 enzyme gyrase with twist -36.20312 superhelical -0.01025 global twist -36.20312 global supercoiling -0.01025
frame 5336 time 2668.0 unbinding_event at DNA_gyrase 29 enzyme gyrase with twist -44.28150 superhelical -0.03327 global twist -41.58870 global supercoiling -0.01202
frame 5360 time 2680.0 binding_event at DNA_gyrase 46 enzyme gyrase with twist -44.28150 superhelical -0.01254 global twist -44.28150 global supercoiling -0.01254
frame 5362 time 2681.0 unbinding_event at DNA_gyrase 46 enzyme gyrase with twist -52.35988 superhelical -0.01569 global twist -49.66708 global supercoiling -0.01436
frame 5365 time 2682.5 binding_event at DNA_gyrase 17 enzyme gyrase with twist -52.35988 superhelical -0.01483 global twist -52.35988 global supercoiling -0.01483
frame 5370 time 2685.0 unbinding_event at DNA_gyrase 17 enzyme gyrase with twist -68.51664 superhelical -0.01792 global twist -65.82385 global supercoiling -0.01903
frame 5380 time 2690.0 binding_event at DNA_topoI 18 enzyme topoI with twist -68.51664 superhelical -0.01941 global twist -68.51664 global supercoiling -0.01941
frame 5385 time 2692.5 unbinding_event at DNA_topoI 18 enzyme topoI with twist -45.17909 superhelical -0.01589 global twist -49.06869 global supercoiling -0.01419
frame 5465 time 2732.5 binding_event at gene tetA enzyme RNAP with twist -45.17909 superhelical -0.01280 global twist -45.17909 global supercoiling -0.01280
frame 5467 time 2733.5 binding_event at DNA_gyrase 11 enzyme gyrase with twist -15.91691 superhelical -0.00905 global twist -45.17909 global supercoiling -0.01287
frame 5473 time 2736.5 unbinding_event at DNA_gyrase 11 enzyme gyrase with twist -9.63373 superhelical 0.01569 global twist -61.33586 global supercoiling -0.01783
frame 5477 time 2738.5 binding_event at DNA_gyrase 20 enzyme gyrase with twist 1.13745 superhelical 0.00072 global twist -64.02865 global supercoiling -0.01823
frame 5477 time 2738.5 unbinding_event at DNA_gyrase 20 enzyme gyrase with twist 2.03504 superhelical 0.00271 global twist -64.02865 global supercoiling -0.01823
frame 5505 time 2752.5 unbinding_event at gene tetA enzyme RNAP with twist -66.72144 superhelical -0.06903 global twist -66.72144 global supercoiling -0.01900
frame 5539 time 2769.5 binding_event at DNA_gyrase 27 enzyme gyrase with twist -66.72144 superhelical -0.01890 global twist -66.72144 global supercoiling -0.01890
frame 5543 time 2771.5 unbinding_event at DNA_gyrase 27 enzyme gyrase with twist -80.18541 superhelical -0.22018 global twist -77.49262 global supercoiling -0.02240
frame 5606 time 2803.0 binding_event at DNA_topoI 44 enzyme topoI with twist -80.18541 superhelical -0.02271 global twist -80.18541 global supercoiling -0.02271
frame 5610 time 2805.0 binding_event at DNA_gyrase 3 enzyme gyrase with twist -43.32861 superhelical -0.01965 global twist -64.62705 global supercoiling -0.01869
frame 5610 time 2805.0 unbinding_event at DNA_topoI 44 enzyme topoI with twist -30.42625 superhelical -0.01543 global twist -64.62705 global supercoiling -0.01869
frame 5619 time 2809.5 unbinding_event at DNA_gyrase 3 enzyme gyrase with twist -87.66540 superhelical -0.02239 global twist -84.97260 global supercoiling -0.02457
frame 5641 time 2820.5 binding_event at gene tetA enzyme RNAP with twist -87.66540 superhelical -0.02483 global twist -87.66540 global supercoiling -0.02483
frame 5656 time 2828.0 binding_event at DNA_topoI 34 enzyme topoI with twist -96.70256 superhelical -0.04870 global twist -87.66540 global supercoiling -0.02497
frame 5656 time 2828.0 unbinding_event at DNA_topoI 34 enzyme topoI with twist -96.40336 superhelical -0.04691 global twist -87.66540 global supercoiling -0.02497
frame 5681 time 2840.5 unbinding_event at gene tetA enzyme RNAP with twist -83.77580 superhelical -0.07592 global twist -83.77580 global supercoiling -0.02386
frame 5703 time 2851.5 binding_event at DNA_gyrase 9 enzyme gyrase with twist -83.77580 superhelical -0.02373 global twist -83.77580 global supercoiling -0.02373
frame 5703 time 2851.5 unbinding_event at DNA_gyrase 9 enzyme gyrase with twist -86.46860 superhelical -0.02480 global twist -83.77580 global supercoiling -0.02373
frame 5707 time 2853.5 binding_event at gene tetA enzyme RNAP with twist -86.46860 superhelical -0.02449 global twist -86.46860 global supercoiling -0.02449
frame 5711 time 2855.5 binding_event at gene tetA enzyme RNAP with twist -56.62331 superhelical -0.03167 global twist -86.46860 global supercoiling -0.02463
frame 5714 time 2857.0 binding_event at DNA_topoI 48 enzyme topoI with twist -65.70882 superhelical -0.03712 global twist -86.46860 global supercoiling -0.02476
frame 5719 time 2859.5 unbinding_event at DNA_topoI 48 enzyme topoI with twist -63.91362 superhelical -0.03112 global twist -67.02064 global supercoiling -0.01959
frame 5747 time 2873.5 unbinding_event at gene tetA enzyme RNAP with twist 101.31353 superhelical -0.03201 global twist -63.13105 global supercoiling -0.01808
frame 5751 time 2875.5 unbinding_event at gene tetA enzyme RNAP with twist -63.13105 superhelical -0.07292 global twist -63.13105 global supercoiling -0.01798
frame 5765 time 2882.5 binding_event at DNA_gyrase 38 enzyme gyrase with twist -63.13105 superhelical -0.01788 global twist -63.13105 global supercoiling -0.01788
frame 5765 time 2882.5 unbinding_event at DNA_gyrase 38 enzyme gyrase with twist -65.82385 superhelical -0.01989 global twist -63.13105 global supercoiling -0.01788
frame 5839 time 2919.5 binding_event at DNA_gyrase 28 enzyme gyrase with twist -65.82385 superhelical -0.01864 global twist -65.82385 global supercoiling -0.01864
frame 5841 time 2920.5 unbinding_event at DNA_gyrase 28 enzyme gyrase with twist -73.90223 superhelical -0.05738 global twist -71.20943 global supercoiling -0.02059
frame 5862 time 2931.0 binding_event at gene tetA enzyme RNAP with twist -73.90223 superhelical -0.02093 global twist -73.90223 global supercoiling -0.02093
frame 5901 time 2950.5 binding_event at DNA_topoI 5 enzyme topoI with twist -176.14518 superhelical -0.07290 global twist -73.90223 global supercoiling -0.02105
frame 5902 time 2951.0 unbinding_event at gene tetA enzyme RNAP with twist 83.56366 superhelical -0.07690 global twist -70.01264 global supercoiling -0.02035
frame 5904 time 2952.0 unbinding_event at DNA_topoI 5 enzyme topoI with twist -58.34386 superhelical -0.07132 global twist -62.23345 global supercoiling -0.01799
frame 5940 time 2970.0 binding_event at gene tetA enzyme RNAP with twist -58.34386 superhelical -0.01653 global twist -58.34386 global supercoiling -0.01653
frame 5956 time 2978.0 binding_event at DNA_topoI 32 enzyme topoI with twist -85.96198 superhelical -0.04291 global twist -58.34386 global supercoiling -0.01662
frame 5960 time 2980.0 binding_event at gene tetA enzyme RNAP with twist -75.07501 superhelical -0.04660 global twist -42.78550 global supercoiling -0.01244
frame 5965 time 2982.5 unbinding_event at DNA_topoI 32 enzyme topoI with twist -66.93893 superhelical 0.00504 global twist -23.33755 global supercoiling -0.00682
frame 5970 time 2985.0 binding_event at DNA_topoI 40 enzyme topoI with twist -81.30050 superhelical -0.04289 global twist -19.44795 global supercoiling -0.00557
frame 5974 time 2987.0 unbinding_event at DNA_topoI 40 enzyme topoI with twist -79.80450 superhelical -0.03452 global twist -3.88959 global supercoiling -0.00114
frame 5976 time 2988.0 binding_event at DNA_gyrase 18 enzyme gyrase with twist 99.42595 superhelical 0.08654 global twist -0.00000 global supercoiling -0.00000
frame 5978 time 2989.0 unbinding_event at DNA_gyrase 18 enzyme gyrase with twist 102.11874 superhelical 0.11389 global twist -5.38559 global supercoiling -0.00157
frame 5980 time 2990.0 unbinding_event at gene tetA enzyme RNAP with twist 93.26847 superhelical -0.04717 global twist -8.07838 global supercoiling -0.00231
frame 5999 time 2999.5 binding_event at DNA_topoI 40 enzyme topoI with twist -165.97390 superhelical -0.06869 global twist -8.07838 global supercoiling -0.00230
frame 6000 time 3000.0 unbinding_event at gene tetA enzyme RNAP with twist 64.26803 superhelical -0.07132 global twist -4.18879 global supercoiling -0.00122
frame 6000 time 3000.0 unbinding_event at DNA_topoI 40 enzyme topoI with twist -0.29920 superhelical -0.06677 global twist -4.18879 global supercoiling -0.00122
frame 6008 time 3004.0 binding_event at gene tetA enzyme RNAP with twist -0.29920 superhelical -0.00008 global twist -0.29920 global supercoiling -0.00008
frame 6021 time 3010.5 binding_event at DNA_gyrase 31 enzyme gyrase with twist -46.82133 superhelical -0.02402 global twist -0.29920 global supercoiling -0.00009
frame 6022 time 3011.0 unbinding_event at DNA_gyrase 31 enzyme gyrase with twist -59.38770 superhelical -0.03333 global twist -2.99199 global supercoiling -0.00087
frame 6048 time 3024.0 unbinding_event at gene tetA enzyme RNAP with twist -5.68479 superhelical -0.06229 global twist -5.68479 global supercoiling -0.00162
frame 6144 time 3072.0 binding_event at gene mKalama1 enzyme RNAP with twist -5.68479 superhelical -0.00161 global twist -5.68479 global supercoiling -0.00161
frame 6171 time 3085.5 unbinding_event at gene mKalama1 enzyme RNAP with twist -5.68479 superhelical 0.68698 global twist -5.68479 global supercoiling -0.00162
frame 6356 time 3178.0 binding_event at DNA_gyrase 18 enzyme gyrase with twist -5.68479 superhelical -0.00161 global twist -5.68479 global supercoiling -0.00161
frame 6364 time 3182.0 unbinding_event at DNA_gyrase 18 enzyme gyrase with twist -29.91993 superhelical -0.00571 global twist -27.22714 global supercoiling -0.00787
frame 6379 time 3189.5 binding_event at gene tetA enzyme RNAP with twist -29.91993 superhelical -0.00847 global twist -29.91993 global supercoiling -0.00847
frame 6386 time 3193.0 binding_event at DNA_topoI 27 enzyme topoI with twist -39.75618 superhelical -0.02158 global twist -29.91993 global supercoiling -0.00852
frame 6388 time 3194.0 unbinding_event at DNA_topoI 27 enzyme topoI with twist -38.85859 superhelical 0.15165 global twist -22.14075 global supercoiling -0.00644
frame 6392 time 3196.0 binding_event at gene tetA enzyme RNAP with twist -49.62976 superhelical -0.02546 global twist -18.25116 global supercoiling -0.00520
frame 6419 time 3209.5 unbinding_event at gene tetA enzyme RNAP with twist 126.40199 superhelical -0.02571 global twist -18.25116 global supercoiling -0.00523
frame 6432 time 3216.0 unbinding_event at gene tetA enzyme RNAP with twist -18.25116 superhelical -0.07802 global twist -18.25116 global supercoiling -0.00520
frame 6603 time 3301.5 binding_event at gene tetA enzyme RNAP with twist -18.25116 superhelical -0.00517 global twist -18.25116 global supercoiling -0.00517
frame 6635 time 3317.5 binding_event at DNA_topoI 2 enzyme topoI with twist -123.81283 superhelical -0.05405 global twist -18.25116 global supercoiling -0.00520
frame 6636 time 3318.0 binding_event at DNA_topoI 7 enzyme topoI with twist -23.41635 superhelical -0.05738 global twist -14.36157 global supercoiling -0.00418
frame 6636 time 3318.0 unbinding_event at DNA_topoI 7 enzyme topoI with twist -21.17236 superhelical -0.05609 global twist -14.36157 global supercoiling -0.00418
frame 6638 time 3319.0 binding_event at DNA_topoI 6 enzyme topoI with twist -22.81795 superhelical -0.05139 global twist -2.69279 global supercoiling -0.00078
frame 6638 time 3319.0 unbinding_event at DNA_topoI 2 enzyme topoI with twist -103.57983 superhelical -0.05155 global twist -2.69279 global supercoiling -0.00078
frame 6641 time 3320.5 unbinding_event at DNA_topoI 6 enzyme topoI with twist -113.93925 superhelical -0.04619 global twist 12.86557 global supercoiling 0.00374
frame 6643 time 3321.5 unbinding_event at gene tetA enzyme RNAP with twist 16.75516 superhelical -0.04939 global twist 16.75516 global supercoiling 0.00477
frame 6673 time 3336.5 binding_event at gene mKalama1 enzyme RNAP with twist 16.75516 superhelical 0.00475 global twist 16.75516 global supercoiling 0.00475
frame 6680 time 3340.0 binding_event at gene tetA enzyme RNAP with twist -11.46706 superhelical -0.00384 global twist 16.75516 global supercoiling 0.00477
frame 6700 time 3350.0 unbinding_event at gene mKalama1 enzyme RNAP with twist -51.71293 superhelical 0.71555 global twist 16.75516 global supercoiling 0.00480
frame 6720 time 3360.0 unbinding_event at gene tetA enzyme RNAP with twist 16.75516 superhelical -0.05037 global twist 16.75516 global supercoiling 0.00477
frame 6770 time 3385.0 binding_event at gene tetA enzyme RNAP with twist 16.75516 superhelical 0.00475 global twist 16.75516 global supercoiling 0.00475
frame 6782 time 3391.0 binding_event at DNA_gyrase 22 enzyme gyrase with twist 51.65073 superhelical 0.03270 global twist 16.75516 global supercoiling 0.00477
frame 6785 time 3392.5 unbinding_event at DNA_gyrase 22 enzyme gyrase with twist 55.24112 superhelical 0.04346 global twist 8.67678 global supercoiling 0.00252
frame 6803 time 3401.5 binding_event at DNA_gyrase 13 enzyme gyrase with twist 116.27778 superhelical 0.09667 global twist 5.98399 global supercoiling 0.00170
frame 6803 time 3401.5 unbinding_event at DNA_gyrase 13 enzyme gyrase with twist 117.17538 superhelical 0.11780 global twist 5.98399 global supercoiling 0.00170
frame 6810 time 3405.0 unbinding_event at gene tetA enzyme RNAP with twist 3.29119 superhelical -0.05669 global twist 3.29119 global supercoiling 0.00094
frame 6842 time 3421.0 binding_event at gene tetA enzyme RNAP with twist 3.29119 superhelical 0.00093 global twist 3.29119 global supercoiling 0.00093
frame 6855 time 3427.5 binding_event at gene tetA enzyme RNAP with twist -45.06651 superhelical -0.02312 global twist 3.29119 global supercoiling 0.00094
frame 6856 time 3428.0 binding_event at DNA_gyrase 9 enzyme gyrase with twist 51.94810 superhelical 0.03365 global twist 3.29119 global supercoiling 0.00094
frame 6859 time 3429.5 unbinding_event at DNA_gyrase 9 enzyme gyrase with twist 55.53849 superhelical 0.07747 global twist -4.78719 global supercoiling -0.00140
frame 6882 time 3441.0 unbinding_event at gene tetA enzyme RNAP with twist 133.11631 superhelical -0.02335 global twist -7.47998 global supercoiling -0.00214
frame 6895 time 3447.5 unbinding_event at gene tetA enzyme RNAP with twist -7.47998 superhelical -0.07637 global twist -7.47998 global supercoiling -0.00213
frame 6927 time 3463.5 binding_event at gene tetA enzyme RNAP with twist -7.47998 superhelical -0.00212 global twist -7.47998 global supercoiling -0.00212
frame 6951 time 3475.5 binding_event at gene tetA enzyme RNAP with twist -89.82526 superhelical -0.04184 global twist -7.47998 global supercoiling -0.00213
frame 6966 time 3483.0 binding_event at DNA_topoI 38 enzyme topoI with twist -126.30212 superhelical -0.06361 global twist -7.47998 global supercoiling -0.00214
frame 6967 time 3483.5 unbinding_event at gene tetA enzyme RNAP with twist 126.00292 superhelical -0.04221 global twist -3.59039 global supercoiling -0.00105
frame 6970 time 3485.0 unbinding_event at DNA_topoI 38 enzyme topoI with twist -124.80612 superhelical -0.05419 global twist 8.07838 global supercoiling 0.00235
frame 6972 time 3486.0 binding_event at DNA_gyrase 10 enzyme gyrase with twist 140.36448 superhelical 0.09897 global twist 11.96797 global supercoiling 0.00341
frame 6973 time 3486.5 unbinding_event at DNA_gyrase 10 enzyme gyrase with twist 142.15968 superhelical 0.13654 global twist 9.27518 global supercoiling 0.00270
frame 6982 time 3491.0 binding_event at DNA_gyrase 23 enzyme gyrase with twist 170.88281 superhelical 0.13796 global twist 6.58238 global supercoiling 0.00187
frame 6982 time 3491.0 unbinding_event at DNA_gyrase 23 enzyme gyrase with twist 171.78041 superhelical 0.15119 global twist 6.58238 global supercoiling 0.00187
frame 6991 time 3495.5 unbinding_event at gene tetA enzyme RNAP with twist 3.88959 superhelical -0.08164 global twist 3.88959 global supercoiling 0.00111
frame 6992 time 3496.0 binding_event at DNA_gyrase 32 enzyme gyrase with twist 3.88959 superhelical 0.00110 global twist 3.88959 global supercoiling 0.00110
frame 6994 time 3497.0 unbinding_event at DNA_gyrase 32 enzyme gyrase with twist -4.18879 superhelical -0.00917 global twist -1.49600 global supercoiling -0.00043
frame 7004 time 3502.0 binding_event at DNA_gyrase 33 enzyme gyrase with twist -4.18879 superhelical -0.00119 global twist -4.18879 global supercoiling -0.00119
frame 7005 time 3502.5 unbinding_event at DNA_gyrase 33 enzyme gyrase with twist -9.57438 superhelical -0.00701 global twist -6.88158 global supercoiling -0.00199
frame 7146 time 3573.0 binding_event at DNA_gyrase 28 enzyme gyrase with twist -9.57438 superhelical -0.00271 global twist -9.57438 global supercoiling -0.00271
frame 7146 time 3573.0 unbinding_event at DNA_gyrase 28 enzyme gyrase with twist -12.26717 superhelical -0.01555 global twist -9.57438 global supercoiling -0.00271
frame 7155 time 3577.5 binding_event at gene Raspberry enzyme RNAP with twist -12.26717 superhelical -0.00347 global twist -12.26717 global supercoiling -0.00347
frame 7182 time 3591.0 unbinding_event at gene Raspberry enzyme RNAP with twist -12.26717 superhelical -0.08158 global twist -12.26717 global supercoiling -0.00349
frame 7267 time 3633.5 binding_event at DNA_gyrase 30 enzyme gyrase with twist -12.26717 superhelical -0.00347 global twist -12.26717 global supercoiling -0.00347
frame 7268 time 3634.0 unbinding_event at DNA_gyrase 30 enzyme gyrase with twist -17.65276 superhelical -0.01436 global twist -14.95997 global supercoiling -0.00433
frame 7277 time 3638.5 binding_event at gene Raspberry enzyme RNAP with twist -17.65276 superhelical -0.00500 global twist -17.65276 global supercoiling -0.00500
frame 7291 time 3645.5 binding_event at gene Raspberry enzyme RNAP with twist -54.09807 superhelical -0.05337 global twist -17.65276 global supercoiling -0.00503
frame 7298 time 3649.0 binding_event at gene tetA enzyme RNAP with twist 61.57805 superhelical 0.02596 global twist -17.65276 global supercoiling -0.00505
frame 7304 time 3652.0 unbinding_event at gene Raspberry enzyme RNAP with twist 1.96642 superhelical -0.05440 global twist -17.65276 global supercoiling -0.00508
frame 7318 time 3659.0 unbinding_event at gene Raspberry enzyme RNAP with twist -140.03322 superhelical -0.11225 global twist -17.65276 global supercoiling -0.00505
frame 7319 time 3659.5 binding_event at gene tetA enzyme RNAP with twist -140.03322 superhelical -0.06690 global twist -17.65276 global supercoiling -0.00503
frame 7334 time 3667.0 binding_event at DNA_topoI 28 enzyme topoI with twist -169.72872 superhelical -0.08548 global twist -17.65276 global supercoiling -0.00505
frame 7338 time 3669.0 unbinding_event at gene tetA enzyme RNAP with twist 170.02792 superhelical -0.06752 global twist -2.09440 global supercoiling -0.00061
frame 7339 time 3669.5 unbinding_event at DNA_topoI 28 enzyme topoI with twist -167.93352 superhelical 0.02210 global twist 1.79520 global supercoiling 0.00052
frame 7358 time 3679.0 binding_event at DNA_gyrase 12 enzyme gyrase with twist 238.24536 superhelical 0.21756 global twist 5.68479 global supercoiling 0.00162
frame 7359 time 3679.5 unbinding_event at gene tetA enzyme RNAP with twist -209.33896 superhelical -0.09776 global twist 2.99199 global supercoiling 0.00087
frame 7361 time 3680.5 unbinding_event at DNA_gyrase 12 enzyme gyrase with twist -5.08639 superhelical -0.08325 global twist -2.39359 global supercoiling -0.00069
frame 7463 time 3731.5 binding_event at gene tetA enzyme RNAP with twist -5.08639 superhelical -0.00144 global twist -5.08639 global supercoiling -0.00144
frame 7503 time 3751.5 unbinding_event at gene tetA enzyme RNAP with twist -5.08639 superhelical -0.06104 global twist -5.08639 global supercoiling -0.00145
frame 7547 time 3773.5 binding_event at gene mKalama1 enzyme RNAP with twist -5.08639 superhelical -0.00144 global twist -5.08639 global supercoiling -0.00144
frame 7564 time 3782.0 binding_event at DNA_gyrase 48 enzyme gyrase with twist -65.18517 superhelical -0.02057 global twist -5.08639 global supercoiling -0.00145
frame 7571 time 3785.5 unbinding_event at DNA_gyrase 48 enzyme gyrase with twist -115.45065 superhelical -0.04860 global twist -23.93594 global supercoiling -0.00696
frame 7574 time 3787.0 unbinding_event at gene mKalama1 enzyme RNAP with twist -26.62874 superhelical 0.68774 global twist -26.62874 global supercoiling -0.00758
frame 7621 time 3810.5 binding_event at DNA_gyrase 30 enzyme gyrase with twist -26.62874 superhelical -0.00754 global twist -26.62874 global supercoiling -0.00754
frame 7624 time 3812.0 unbinding_event at DNA_gyrase 30 enzyme gyrase with twist -37.39991 superhelical -0.02933 global twist -34.70712 global supercoiling -0.01003
frame 7736 time 3868.0 binding_event at DNA_gyrase 12 enzyme gyrase with twist -37.39991 superhelical -0.01059 global twist -37.39991 global supercoiling -0.01059
frame 7745 time 3872.5 unbinding_event at DNA_gyrase 12 enzyme gyrase with twist -64.32785 superhelical -0.01610 global twist -61.63506 global supercoiling -0.01782
frame 7813 time 3906.5 binding_event at DNA_gyrase 11 enzyme gyrase with twist -64.32785 superhelical -0.01822 global twist -64.32785 global supercoiling -0.01822
frame 7817 time 3908.5 unbinding_event at DNA_gyrase 11 enzyme gyrase with twist -77.79182 superhelical -0.02132 global twist -75.09902 global supercoiling -0.02171
frame 7831 time 3915.5 binding_event at gene tetA enzyme RNAP with twist -77.79182 superhelical -0.02203 global twist -77.79182 global supercoiling -0.02203
frame 7834 time 3917.0 binding_event at gene tetA enzyme RNAP with twist -48.79212 superhelical -0.02757 global twist -77.79182 global supercoiling -0.02215
frame 7864 time 3932.0 binding_event at DNA_gyrase 10 enzyme gyrase with twist 78.71205 superhelical 0.06544 global twist -77.79182 global supercoiling -0.02228
frame 7871 time 3935.5 unbinding_event at gene tetA enzyme RNAP with twist 81.40485 superhelical 2.44128 global twist -96.64137 global supercoiling -0.02825
frame 7874 time 3937.0 unbinding_event at gene tetA enzyme RNAP with twist 83.13047 superhelical 3.08652 global twist -104.71976 global supercoiling -0.03045
frame 7884 time 3942.0 unbinding_event at DNA_gyrase 10 enzyme gyrase with twist -134.34049 superhelical -0.08489 global twist -131.64769 global supercoiling -0.03806
frame 7905 time 3952.5 binding_event at DNA_topoI 18 enzyme topoI with twist -134.34049 superhelical -0.03805 global twist -134.34049 global supercoiling -0.03805
frame 7906 time 3953.0 unbinding_event at DNA_topoI 18 enzyme topoI with twist -126.56130 superhelical -0.03753 global twist -130.45089 global supercoiling -0.03772
frame 7938 time 3969.0 binding_event at DNA_gyrase 39 enzyme gyrase with twist -126.56130 superhelical -0.03585 global twist -126.56130 global supercoiling -0.03585
frame 7942 time 3971.0 unbinding_event at DNA_gyrase 39 enzyme gyrase with twist -140.02527 superhelical -0.04411 global twist -137.33248 global supercoiling -0.03971
frame 7985 time 3992.5 binding_event at DNA_topoI 24 enzyme topoI with twist -140.02527 superhelical -0.03966 global twist -140.02527 global supercoiling -0.03966
frame 7989 time 3994.5 unbinding_event at DNA_topoI 24 enzyme topoI with twist -120.57732 superhelical -0.03763 global twist -124.46691 global supercoiling -0.03599
