TORCphysics log file 

General information: 
---------------------------------------------------------------------------------------
Circuit name: Pleu500_53
Size: 6000
Structure: circle
Number of sites: 110
Number of frames: 10000
Simulation time: 2500.0
Simulation timestep: 0.25
Seed: 2586354303244227874
 
Overall simulation information 
---------------------------------------------------------------------------------------
Initial twist: -211.83310
Final twist: -90.35819
Initial superhelical density: -0.06000
Final superhelical density: -0.02559
 
Overall rates 
---------------------------------------------------------------------------------------
site type            site name            #binding events      #unbinding events    binding rates        
 DNA_topoI            DNA_topoI_global                     43.0                 43.0                0.0172 
DNA_gyrase           DNA_gyrase_global                    44.0                 44.0                0.0176 
EXT                  EXT                                   0.0                  0.0                   0.0 
gene                 tetA                                 42.0                 42.0                0.0168 
gene                 CDS                                   0.0                  0.0                   0.0 
origin               ori                                   0.0                  0.0                   0.0 
lacOP                lac1                                  0.0                  0.0                   0.0 
gene                 mKalama1                              6.0                  6.0                0.0024 
lacOP                lac2                                  0.0                  0.0                   0.0 
gene                 Raspberry                             9.0                  9.0                0.0036 
 
Events
---------------------------------------------------------------------------------------
frame 13 time 3.25 binding_event at DNA_topoI 28 enzyme topoI with twist -211.83310 superhelical -0.06000 global twist -211.83310 global supercoiling -0.06000
frame 15 time 3.75 binding_event at DNA_topoI 25 enzyme topoI with twist -203.43803 superhelical -0.06067 global twist -207.94351 global supercoiling -0.06012
frame 16 time 4.0 unbinding_event at DNA_topoI 28 enzyme topoI with twist -200.79095 superhelical -0.02431 global twist -204.05392 global supercoiling -0.06025
frame 18 time 4.5 binding_event at gene tetA enzyme RNAP with twist -199.81856 superhelical -0.05741 global twist -198.21954 global supercoiling -0.05731
frame 34 time 8.5 unbinding_event at DNA_topoI 25 enzyme topoI with twist -50.81869 superhelical -0.04132 global twist -167.10281 global supercoiling -0.04858
frame 78 time 19.5 binding_event at DNA_topoI 36 enzyme topoI with twist -152.93603 superhelical -0.07703 global twist -165.15801 global supercoiling -0.04703
frame 84 time 21.0 unbinding_event at DNA_topoI 36 enzyme topoI with twist -145.60565 superhelical -0.06990 global twist -153.48924 global supercoiling -0.04462
frame 125 time 31.25 binding_event at DNA_gyrase 11 enzyme gyrase with twist 29.96512 superhelical 0.02279 global twist -151.54445 global supercoiling -0.04316
frame 152 time 38.0 unbinding_event at DNA_gyrase 11 enzyme gyrase with twist 17.39875 superhelical 0.09373 global twist -187.89716 global supercoiling -0.05463
frame 165 time 41.25 binding_event at DNA_topoI 26 enzyme topoI with twist -217.41348 superhelical -0.09151 global twist -189.24356 global supercoiling -0.05389
frame 168 time 42.0 unbinding_event at DNA_topoI 26 enzyme topoI with twist -213.22469 superhelical 0.01024 global twist -183.40917 global supercoiling -0.05332
frame 176 time 44.0 binding_event at DNA_gyrase 16 enzyme gyrase with twist 38.04350 superhelical 0.03503 global twist -181.46438 global supercoiling -0.05168
frame 178 time 44.5 unbinding_event at DNA_gyrase 16 enzyme gyrase with twist 36.69710 superhelical 0.04064 global twist -184.15717 global supercoiling -0.05354
frame 181 time 45.25 unbinding_event at gene tetA enzyme RNAP with twist -185.50357 superhelical -0.09171 global twist -185.50357 global supercoiling -0.05283
frame 217 time 54.25 binding_event at DNA_topoI 38 enzyme topoI with twist -185.50357 superhelical -0.05254 global twist -185.50357 global supercoiling -0.05254
frame 228 time 57.0 unbinding_event at DNA_topoI 38 enzyme topoI with twist -162.16602 superhelical -0.03946 global twist -164.11082 global supercoiling -0.04745
frame 272 time 68.0 binding_event at gene Raspberry enzyme RNAP with twist -162.16602 superhelical -0.04593 global twist -162.16602 global supercoiling -0.04593
frame 380 time 95.0 unbinding_event at gene Raspberry enzyme RNAP with twist -162.16602 superhelical -0.10630 global twist -162.16602 global supercoiling -0.04618
frame 392 time 98.0 binding_event at DNA_topoI 42 enzyme topoI with twist -162.16602 superhelical -0.04593 global twist -162.16602 global supercoiling -0.04593
frame 399 time 99.75 unbinding_event at DNA_topoI 42 enzyme topoI with twist -146.60766 superhelical -0.03988 global twist -148.55245 global supercoiling -0.04295
frame 428 time 107.0 binding_event at DNA_topoI 30 enzyme topoI with twist -146.60766 superhelical -0.04153 global twist -146.60766 global supercoiling -0.04153
frame 433 time 108.25 unbinding_event at DNA_topoI 30 enzyme topoI with twist -134.93888 superhelical -0.01895 global twist -136.88368 global supercoiling -0.03958
frame 486 time 121.5 binding_event at DNA_gyrase 14 enzyme gyrase with twist -134.93888 superhelical -0.03822 global twist -134.93888 global supercoiling -0.03822
frame 487 time 121.75 unbinding_event at DNA_gyrase 14 enzyme gyrase with twist -137.63168 superhelical -0.03951 global twist -136.28528 global supercoiling -0.03940
frame 494 time 123.5 binding_event at gene tetA enzyme RNAP with twist -137.63168 superhelical -0.03898 global twist -137.63168 global supercoiling -0.03898
frame 525 time 131.25 binding_event at DNA_gyrase 47 enzyme gyrase with twist -95.09337 superhelical -0.05125 global twist -137.63168 global supercoiling -0.03920
frame 553 time 138.25 unbinding_event at DNA_gyrase 47 enzyme gyrase with twist -160.16922 superhelical -0.06660 global twist -175.33079 global supercoiling -0.05097
frame 589 time 147.25 binding_event at DNA_topoI 42 enzyme topoI with twist -191.58514 superhelical -0.08942 global twist -176.67719 global supercoiling -0.05032
frame 591 time 147.75 unbinding_event at DNA_topoI 42 enzyme topoI with twist -188.44355 superhelical -0.08989 global twist -172.78760 global supercoiling -0.05023
frame 609 time 152.25 binding_event at DNA_gyrase 9 enzyme gyrase with twist 32.85991 superhelical 0.02569 global twist -170.84280 global supercoiling -0.04865
frame 609 time 152.25 unbinding_event at DNA_gyrase 9 enzyme gyrase with twist 32.41112 superhelical 0.03181 global twist -170.84280 global supercoiling -0.04865
frame 641 time 160.25 binding_event at DNA_gyrase 18 enzyme gyrase with twist 60.23665 superhelical 0.05305 global twist -172.18920 global supercoiling -0.04904
frame 643 time 160.75 unbinding_event at DNA_gyrase 18 enzyme gyrase with twist 58.89025 superhelical 0.05915 global twist -174.88199 global supercoiling -0.05084
frame 657 time 164.25 unbinding_event at gene tetA enzyme RNAP with twist -176.22839 superhelical -0.10100 global twist -176.22839 global supercoiling -0.05019
frame 712 time 178.0 binding_event at DNA_topoI 10 enzyme topoI with twist -176.22839 superhelical -0.04992 global twist -176.22839 global supercoiling -0.04992
frame 713 time 178.25 unbinding_event at DNA_topoI 10 enzyme topoI with twist -172.33880 superhelical -0.05014 global twist -174.28359 global supercoiling -0.05039
frame 763 time 190.75 binding_event at gene tetA enzyme RNAP with twist -172.33880 superhelical -0.04881 global twist -172.33880 global supercoiling -0.04881
frame 834 time 208.5 binding_event at DNA_topoI 49 enzyme topoI with twist -147.96048 superhelical -0.07271 global twist -172.33880 global supercoiling -0.04908
frame 837 time 209.25 unbinding_event at DNA_topoI 49 enzyme topoI with twist -143.77169 superhelical -0.07296 global twist -166.50441 global supercoiling -0.04841
frame 870 time 217.5 binding_event at gene tetA enzyme RNAP with twist -172.49482 superhelical -0.07853 global twist -164.55962 global supercoiling -0.04686
frame 925 time 231.25 binding_event at DNA_topoI 1 enzyme topoI with twist -185.33467 superhelical -0.09441 global twist -164.55962 global supercoiling -0.04712
frame 926 time 231.5 unbinding_event at gene tetA enzyme RNAP with twist 22.57025 superhelical -0.07923 global twist -162.61482 global supercoiling -0.04754
frame 941 time 235.25 unbinding_event at DNA_topoI 1 enzyme topoI with twist -167.53231 superhelical -0.08859 global twist -133.44289 global supercoiling -0.03880
frame 1033 time 258.25 unbinding_event at gene tetA enzyme RNAP with twist -131.49809 superhelical -0.10199 global twist -131.49809 global supercoiling -0.03745
frame 1104 time 276.0 binding_event at DNA_gyrase 25 enzyme gyrase with twist -131.49809 superhelical -0.03725 global twist -131.49809 global supercoiling -0.03725
frame 1109 time 277.25 unbinding_event at DNA_gyrase 25 enzyme gyrase with twist -139.57647 superhelical -0.03871 global twist -138.23008 global supercoiling -0.03997
frame 1119 time 279.75 binding_event at gene Raspberry enzyme RNAP with twist -139.57647 superhelical -0.03953 global twist -139.57647 global supercoiling -0.03953
frame 1172 time 293.0 binding_event at gene tetA enzyme RNAP with twist -61.70037 superhelical -0.02457 global twist -139.57647 global supercoiling -0.03975
frame 1227 time 306.75 unbinding_event at gene Raspberry enzyme RNAP with twist -145.39458 superhelical -0.10239 global twist -139.57647 global supercoiling -0.03997
frame 1237 time 309.25 binding_event at DNA_topoI 33 enzyme topoI with twist -153.47296 superhelical -0.07643 global twist -139.57647 global supercoiling -0.03975
frame 1241 time 310.25 binding_event at gene tetA enzyme RNAP with twist -116.36491 superhelical -0.07811 global twist -131.79729 global supercoiling -0.03832
frame 1247 time 311.75 unbinding_event at DNA_topoI 33 enzyme topoI with twist -118.96491 superhelical -0.05623 global twist -120.12852 global supercoiling -0.03512
frame 1335 time 333.75 unbinding_event at gene tetA enzyme RNAP with twist 79.76980 superhelical -0.07913 global twist -118.18372 global supercoiling -0.03384
frame 1402 time 350.5 binding_event at DNA_gyrase 20 enzyme gyrase with twist 139.01126 superhelical 0.12960 global twist -118.18372 global supercoiling -0.03366
frame 1404 time 351.0 unbinding_event at gene tetA enzyme RNAP with twist -167.08066 superhelical -0.10598 global twist -120.87652 global supercoiling -0.03514
frame 1413 time 353.25 unbinding_event at DNA_gyrase 20 enzyme gyrase with twist -134.34049 superhelical -0.05547 global twist -132.99409 global supercoiling -0.03845
frame 1613 time 403.25 binding_event at gene tetA enzyme RNAP with twist -134.34049 superhelical -0.03805 global twist -134.34049 global supercoiling -0.03805
frame 1725 time 431.25 binding_event at DNA_topoI 37 enzyme topoI with twist -166.19022 superhelical -0.07490 global twist -134.34049 global supercoiling -0.03826
frame 1735 time 433.75 unbinding_event at DNA_topoI 37 enzyme topoI with twist -154.67105 superhelical -0.06317 global twist -114.89253 global supercoiling -0.03340
frame 1736 time 434.0 binding_event at DNA_topoI 27 enzyme topoI with twist -154.67105 superhelical -0.06819 global twist -112.94774 global supercoiling -0.03217
frame 1741 time 435.25 unbinding_event at DNA_topoI 27 enzyme topoI with twist -148.38786 superhelical 0.10369 global twist -103.22376 global supercoiling -0.03001
frame 1776 time 444.0 unbinding_event at gene tetA enzyme RNAP with twist -101.27896 superhelical -0.07332 global twist -101.27896 global supercoiling -0.02884
frame 1824 time 456.0 binding_event at gene tetA enzyme RNAP with twist -101.27896 superhelical -0.02869 global twist -101.27896 global supercoiling -0.02869
frame 1899 time 474.75 binding_event at gene tetA enzyme RNAP with twist -116.82019 superhelical -0.05691 global twist -101.27896 global supercoiling -0.02884
frame 1937 time 484.25 binding_event at DNA_gyrase 16 enzyme gyrase with twist 49.64995 superhelical 0.03855 global twist -101.27896 global supercoiling -0.02900
frame 1945 time 486.25 binding_event at DNA_topoI 2 enzyme topoI with twist -139.87427 superhelical -0.07275 global twist -112.05014 global supercoiling -0.03276
frame 1953 time 488.25 unbinding_event at DNA_topoI 2 enzyme topoI with twist -130.44949 superhelical -0.07079 global twist -107.26295 global supercoiling -0.03203
frame 1954 time 488.5 unbinding_event at DNA_gyrase 16 enzyme gyrase with twist 41.57157 superhelical 0.05519 global twist -106.66455 global supercoiling -0.03118
frame 1987 time 496.75 unbinding_event at gene tetA enzyme RNAP with twist 52.95687 superhelical -0.05744 global twist -108.01095 global supercoiling -0.03093
frame 1997 time 499.25 binding_event at gene tetA enzyme RNAP with twist -169.04620 superhelical -0.07841 global twist -108.01095 global supercoiling -0.03076
frame 2039 time 509.75 binding_event at gene tetA enzyme RNAP with twist -173.46626 superhelical -0.09107 global twist -108.01095 global supercoiling -0.03093
frame 2062 time 515.5 unbinding_event at gene tetA enzyme RNAP with twist 86.99767 superhelical -0.07911 global twist -108.01095 global supercoiling -0.03110
frame 2074 time 518.5 binding_event at gene Raspberry enzyme RNAP with twist -189.30271 superhelical -0.10105 global twist -108.01095 global supercoiling -0.03093
frame 2076 time 519.0 binding_event at DNA_topoI 32 enzyme topoI with twist -79.63016 superhelical -0.10324 global twist -108.01095 global supercoiling -0.03110
frame 2098 time 524.5 unbinding_event at DNA_topoI 32 enzyme topoI with twist -55.54462 superhelical -0.05686 global twist -65.22545 global supercoiling -0.01918
frame 2119 time 529.75 binding_event at gene tetA enzyme RNAP with twist -111.46774 superhelical -0.10210 global twist -63.28065 global supercoiling -0.01822
frame 2152 time 538.0 binding_event at DNA_topoI 29 enzyme topoI with twist -103.11731 superhelical -0.09270 global twist -63.28065 global supercoiling -0.01832
frame 2159 time 539.75 unbinding_event at DNA_topoI 29 enzyme topoI with twist -94.73973 superhelical -0.05517 global twist -49.66708 global supercoiling -0.01469
frame 2160 time 540.0 unbinding_event at gene tetA enzyme RNAP with twist 159.38278 superhelical -0.09200 global twist -47.72229 global supercoiling -0.01382
frame 2182 time 545.5 unbinding_event at gene Raspberry enzyme RNAP with twist -191.53078 superhelical -0.09219 global twist -47.72229 global supercoiling -0.01374
frame 2202 time 550.5 unbinding_event at gene tetA enzyme RNAP with twist 161.76045 superhelical -0.10392 global twist -47.72229 global supercoiling -0.01367
frame 2220 time 555.0 binding_event at gene mKalama1 enzyme RNAP with twist -224.74190 superhelical -0.10359 global twist -47.72229 global supercoiling -0.01359
frame 2282 time 570.5 unbinding_event at gene tetA enzyme RNAP with twist -36.60135 superhelical -0.13062 global twist -47.72229 global supercoiling -0.01367
frame 2329 time 582.25 unbinding_event at gene mKalama1 enzyme RNAP with twist -47.72229 superhelical 0.20201 global twist -47.72229 global supercoiling -0.01359
frame 2353 time 588.25 binding_event at DNA_topoI 14 enzyme topoI with twist -47.72229 superhelical -0.01352 global twist -47.72229 global supercoiling -0.01352
frame 2353 time 588.25 unbinding_event at DNA_topoI 14 enzyme topoI with twist -45.77749 superhelical -0.01344 global twist -47.72229 global supercoiling -0.01352
frame 2380 time 595.0 binding_event at gene tetA enzyme RNAP with twist -45.77749 superhelical -0.01297 global twist -45.77749 global supercoiling -0.01297
frame 2399 time 599.75 binding_event at gene tetA enzyme RNAP with twist -39.42823 superhelical -0.02189 global twist -45.77749 global supercoiling -0.01304
frame 2480 time 620.0 binding_event at DNA_topoI 0 enzyme topoI with twist -110.67090 superhelical -0.05321 global twist -45.77749 global supercoiling -0.01311
frame 2492 time 623.0 unbinding_event at DNA_topoI 0 enzyme topoI with twist -97.05733 superhelical -0.04762 global twist -22.43995 global supercoiling -0.00656
frame 2543 time 635.75 unbinding_event at gene tetA enzyme RNAP with twist 122.33967 superhelical -0.02212 global twist -20.49515 global supercoiling -0.00587
frame 2562 time 640.5 unbinding_event at gene tetA enzyme RNAP with twist -20.49515 superhelical -0.06520 global twist -20.49515 global supercoiling -0.00584
frame 2732 time 683.0 binding_event at DNA_topoI 13 enzyme topoI with twist -20.49515 superhelical -0.00581 global twist -20.49515 global supercoiling -0.00581
frame 2745 time 686.25 unbinding_event at DNA_topoI 13 enzyme topoI with twist 6.73198 superhelical -0.00073 global twist 4.78719 global supercoiling 0.00138
frame 2794 time 698.5 binding_event at DNA_gyrase 13 enzyme gyrase with twist 6.73198 superhelical 0.00191 global twist 6.73198 global supercoiling 0.00191
frame 2800 time 700.0 unbinding_event at DNA_gyrase 13 enzyme gyrase with twist -2.69279 superhelical 0.00015 global twist -1.34640 global supercoiling -0.00039
frame 2892 time 723.0 binding_event at gene tetA enzyme RNAP with twist -2.69279 superhelical -0.00076 global twist -2.69279 global supercoiling -0.00076
frame 2943 time 735.75 binding_event at DNA_gyrase 7 enzyme gyrase with twist 44.40081 superhelical 0.02835 global twist -2.69279 global supercoiling -0.00077
frame 2944 time 736.0 unbinding_event at DNA_gyrase 7 enzyme gyrase with twist 43.50321 superhelical 0.03304 global twist -4.03919 global supercoiling -0.00117
frame 3031 time 757.75 binding_event at DNA_topoI 27 enzyme topoI with twist -126.08222 superhelical -0.05388 global twist -5.38559 global supercoiling -0.00153
frame 3031 time 757.75 unbinding_event at DNA_topoI 27 enzyme topoI with twist -125.03502 superhelical -0.02657 global twist -5.38559 global supercoiling -0.00153
frame 3055 time 763.75 unbinding_event at gene tetA enzyme RNAP with twist -3.44079 superhelical -0.05977 global twist -3.44079 global supercoiling -0.00098
frame 3337 time 834.25 binding_event at DNA_gyrase 6 enzyme gyrase with twist -3.44079 superhelical -0.00097 global twist -3.44079 global supercoiling -0.00097
frame 3340 time 835.0 unbinding_event at DNA_gyrase 6 enzyme gyrase with twist -8.82638 superhelical -0.00227 global twist -7.47998 global supercoiling -0.00216
frame 3461 time 865.25 binding_event at DNA_gyrase 21 enzyme gyrase with twist -8.82638 superhelical -0.00250 global twist -8.82638 global supercoiling -0.00250
frame 3482 time 870.5 unbinding_event at DNA_gyrase 21 enzyme gyrase with twist -38.44711 superhelical -0.00719 global twist -37.10071 global supercoiling -0.01073
frame 3621 time 905.25 binding_event at DNA_gyrase 31 enzyme gyrase with twist -38.44711 superhelical -0.01089 global twist -38.44711 global supercoiling -0.01089
frame 3621 time 905.25 unbinding_event at DNA_gyrase 31 enzyme gyrase with twist -39.79351 superhelical -0.01321 global twist -38.44711 global supercoiling -0.01089
frame 3965 time 991.25 binding_event at gene tetA enzyme RNAP with twist -39.79351 superhelical -0.01127 global twist -39.79351 global supercoiling -0.01127
frame 4047 time 1011.75 binding_event at DNA_gyrase 17 enzyme gyrase with twist 53.25870 superhelical 0.03732 global twist -39.79351 global supercoiling -0.01133
frame 4048 time 1012.0 unbinding_event at DNA_gyrase 17 enzyme gyrase with twist 52.36110 superhelical 0.04030 global twist -41.13990 global supercoiling -0.01196
frame 4082 time 1020.5 binding_event at DNA_gyrase 43 enzyme gyrase with twist -124.46813 superhelical -0.05553 global twist -42.48630 global supercoiling -0.01210
frame 4082 time 1020.5 unbinding_event at DNA_gyrase 43 enzyme gyrase with twist -126.71213 superhelical -0.05794 global twist -42.48630 global supercoiling -0.01210
frame 4128 time 1032.0 unbinding_event at gene tetA enzyme RNAP with twist -43.83270 superhelical -0.06851 global twist -43.83270 global supercoiling -0.01248
frame 4140 time 1035.0 binding_event at DNA_topoI 17 enzyme topoI with twist -43.83270 superhelical -0.01242 global twist -43.83270 global supercoiling -0.01242
frame 4142 time 1035.5 unbinding_event at DNA_topoI 17 enzyme topoI with twist -37.99831 superhelical -0.01167 global twist -39.94311 global supercoiling -0.01155
frame 4233 time 1058.25 binding_event at DNA_gyrase 46 enzyme gyrase with twist -37.99831 superhelical -0.01076 global twist -37.99831 global supercoiling -0.01076
frame 4235 time 1058.75 unbinding_event at DNA_gyrase 46 enzyme gyrase with twist -42.03750 superhelical -0.01243 global twist -40.69110 global supercoiling -0.01176
frame 4238 time 1059.5 binding_event at gene tetA enzyme RNAP with twist -42.03750 superhelical -0.01191 global twist -42.03750 global supercoiling -0.01191
frame 4245 time 1061.25 binding_event at DNA_gyrase 17 enzyme gyrase with twist -15.20838 superhelical -0.00862 global twist -42.03750 global supercoiling -0.01197
frame 4253 time 1063.25 unbinding_event at DNA_gyrase 17 enzyme gyrase with twist -19.24757 superhelical -0.00748 global twist -52.80868 global supercoiling -0.01535
frame 4332 time 1083.0 binding_event at gene tetA enzyme RNAP with twist -104.92014 superhelical -0.04907 global twist -54.15507 global supercoiling -0.01542
frame 4339 time 1084.75 binding_event at DNA_topoI 46 enzyme topoI with twist -91.26228 superhelical -0.05222 global twist -54.15507 global supercoiling -0.01551
frame 4342 time 1085.5 unbinding_event at DNA_topoI 46 enzyme topoI with twist -87.07349 superhelical -0.05168 global twist -48.32069 global supercoiling -0.01413
frame 4390 time 1097.5 binding_event at DNA_gyrase 22 enzyme gyrase with twist 102.82574 superhelical 0.09238 global twist -46.37589 global supercoiling -0.01328
frame 4401 time 1100.25 unbinding_event at gene tetA enzyme RNAP with twist 66.43063 superhelical -0.04952 global twist -61.18626 global supercoiling -0.01789
frame 4406 time 1101.5 unbinding_event at DNA_gyrase 22 enzyme gyrase with twist 75.25511 superhelical 0.05663 global twist -67.91824 global supercoiling -0.01975
frame 4431 time 1107.75 binding_event at gene tetA enzyme RNAP with twist -166.06210 superhelical -0.07686 global twist -69.26464 global supercoiling -0.01973
frame 4490 time 1122.5 binding_event at DNA_topoI 7 enzyme topoI with twist -32.97111 superhelical -0.07755 global twist -69.26464 global supercoiling -0.01983
frame 4495 time 1123.75 unbinding_event at gene tetA enzyme RNAP with twist 140.12358 superhelical -0.07794 global twist -59.54066 global supercoiling -0.01741
frame 4501 time 1125.25 unbinding_event at DNA_topoI 7 enzyme topoI with twist 150.89335 superhelical 0.03690 global twist -47.87189 global supercoiling -0.01392
frame 4512 time 1128.0 binding_event at DNA_topoI 29 enzyme topoI with twist -205.79642 superhelical -0.09895 global twist -45.92709 global supercoiling -0.01308
frame 4513 time 1128.25 unbinding_event at DNA_topoI 29 enzyme topoI with twist -203.70202 superhelical -0.09151 global twist -43.98230 global supercoiling -0.01279
frame 4521 time 1130.25 binding_event at gene Raspberry enzyme RNAP with twist -209.98521 superhelical -0.09904 global twist -42.03750 global supercoiling -0.01197
frame 4530 time 1132.5 binding_event at DNA_topoI 5 enzyme topoI with twist -133.79006 superhelical -0.09995 global twist -42.03750 global supercoiling -0.01204
frame 4533 time 1133.25 unbinding_event at DNA_topoI 5 enzyme topoI with twist -126.01088 superhelical -0.10097 global twist -36.20312 global supercoiling -0.01058
frame 4586 time 1146.5 binding_event at DNA_topoI 8 enzyme topoI with twist -126.01088 superhelical -0.09414 global twist -34.25832 global supercoiling -0.00981
frame 4589 time 1147.25 unbinding_event at DNA_topoI 8 enzyme topoI with twist -118.23170 superhelical -0.09460 global twist -28.42393 global supercoiling -0.00831
frame 4594 time 1148.5 unbinding_event at gene tetA enzyme RNAP with twist 116.13825 superhelical -0.08832 global twist -26.47914 global supercoiling -0.00758
frame 4613 time 1153.25 binding_event at gene tetA enzyme RNAP with twist 132.29501 superhelical 0.05663 global twist -26.47914 global supercoiling -0.00754
frame 4629 time 1157.25 unbinding_event at gene Raspberry enzyme RNAP with twist -144.23961 superhelical -0.13905 global twist -26.47914 global supercoiling -0.00758
frame 4648 time 1162.0 binding_event at gene tetA enzyme RNAP with twist -160.39637 superhelical -0.08562 global twist -26.47914 global supercoiling -0.00754
frame 4649 time 1162.25 binding_event at gene tetA enzyme RNAP with twist -149.36195 superhelical -0.08680 global twist -26.47914 global supercoiling -0.00758
frame 4680 time 1170.0 binding_event at DNA_topoI 48 enzyme topoI with twist -175.02476 superhelical -0.09456 global twist -26.47914 global supercoiling -0.00762
frame 4685 time 1171.25 unbinding_event at DNA_topoI 48 enzyme topoI with twist -168.74157 superhelical -0.09460 global twist -16.75516 global supercoiling -0.00493
frame 4776 time 1194.0 unbinding_event at gene tetA enzyme RNAP with twist 237.77534 superhelical -0.08651 global twist -14.81037 global supercoiling -0.00426
frame 4811 time 1202.75 unbinding_event at gene tetA enzyme RNAP with twist 267.02854 superhelical -0.21260 global twist -14.81037 global supercoiling -0.00424
frame 4813 time 1203.25 unbinding_event at gene tetA enzyme RNAP with twist -14.81037 superhelical -0.11566 global twist -14.81037 global supercoiling -0.00422
frame 4822 time 1205.5 binding_event at gene tetA enzyme RNAP with twist -14.81037 superhelical -0.00419 global twist -14.81037 global supercoiling -0.00419
frame 4938 time 1234.5 binding_event at DNA_topoI 31 enzyme topoI with twist -111.35996 superhelical -0.04979 global twist -14.81037 global supercoiling -0.00422
frame 4945 time 1236.25 binding_event at gene tetA enzyme RNAP with twist -94.33859 superhelical -0.05030 global twist -1.19680 global supercoiling -0.00035
frame 4949 time 1237.25 binding_event at DNA_gyrase 13 enzyme gyrase with twist 106.42317 superhelical 0.08686 global twist 6.58238 global supercoiling 0.00192
frame 4950 time 1237.5 unbinding_event at DNA_topoI 31 enzyme topoI with twist -70.66871 superhelical -0.01202 global twist 7.18078 global supercoiling 0.00214
frame 4966 time 1241.5 binding_event at DNA_topoI 29 enzyme topoI with twist -84.13268 superhelical -0.04647 global twist -12.41677 global supercoiling -0.00363
frame 4968 time 1242.0 unbinding_event at DNA_topoI 29 enzyme topoI with twist -80.99108 superhelical -0.03192 global twist -11.21997 global supercoiling -0.00335
frame 4985 time 1246.25 unbinding_event at gene tetA enzyme RNAP with twist 10.12913 superhelical -0.05081 global twist -32.16392 global supercoiling -0.00940
frame 5008 time 1252.0 unbinding_event at DNA_gyrase 13 enzyme gyrase with twist 52.41755 superhelical 0.02565 global twist -63.13105 global supercoiling -0.01835
frame 5024 time 1256.0 binding_event at DNA_topoI 33 enzyme topoI with twist -130.35897 superhelical -0.06295 global twist -64.47745 global supercoiling -0.01836
frame 5027 time 1256.75 unbinding_event at DNA_topoI 33 enzyme topoI with twist -126.17018 superhelical -0.05684 global twist -58.64306 global supercoiling -0.01705
frame 5108 time 1277.0 unbinding_event at gene tetA enzyme RNAP with twist -56.69827 superhelical -0.08110 global twist -56.69827 global supercoiling -0.01615
frame 5211 time 1302.75 binding_event at gene tetA enzyme RNAP with twist -56.69827 superhelical -0.01606 global twist -56.69827 global supercoiling -0.01606
frame 5374 time 1343.5 unbinding_event at gene tetA enzyme RNAP with twist -56.69827 superhelical -0.07133 global twist -56.69827 global supercoiling -0.01615
frame 5383 time 1345.75 binding_event at DNA_gyrase 3 enzyme gyrase with twist -56.69827 superhelical -0.01606 global twist -56.69827 global supercoiling -0.01606
frame 5392 time 1348.0 binding_event at DNA_topoI 37 enzyme topoI with twist -37.21340 superhelical -0.01958 global twist -68.81584 global supercoiling -0.01990
frame 5397 time 1349.25 unbinding_event at DNA_gyrase 3 enzyme gyrase with twist -55.76532 superhelical -0.01868 global twist -65.82385 global supercoiling -0.01943
frame 5415 time 1353.75 unbinding_event at DNA_topoI 37 enzyme topoI with twist -30.21913 superhelical 0.01070 global twist -32.16392 global supercoiling -0.00930
frame 5452 time 1363.0 binding_event at DNA_topoI 30 enzyme topoI with twist -30.21913 superhelical -0.00856 global twist -30.21913 global supercoiling -0.00856
frame 5460 time 1365.0 unbinding_event at DNA_topoI 30 enzyme topoI with twist -12.71597 superhelical 0.02642 global twist -14.66077 global supercoiling -0.00424
frame 5759 time 1439.75 binding_event at DNA_gyrase 25 enzyme gyrase with twist -12.71597 superhelical -0.00360 global twist -12.71597 global supercoiling -0.00360
frame 5773 time 1443.25 unbinding_event at DNA_gyrase 25 enzyme gyrase with twist -32.91192 superhelical -0.00653 global twist -31.56553 global supercoiling -0.00913
frame 5835 time 1458.75 binding_event at gene tetA enzyme RNAP with twist -32.91192 superhelical -0.00932 global twist -32.91192 global supercoiling -0.00932
frame 5965 time 1491.25 binding_event at gene tetA enzyme RNAP with twist -132.77351 superhelical -0.05774 global twist -32.91192 global supercoiling -0.00937
frame 5969 time 1492.25 binding_event at DNA_topoI 0 enzyme topoI with twist -103.51021 superhelical -0.05969 global twist -32.91192 global supercoiling -0.00942
frame 5969 time 1492.25 unbinding_event at DNA_topoI 0 enzyme topoI with twist -102.46301 superhelical -0.06003 global twist -32.91192 global supercoiling -0.00942
frame 5998 time 1499.5 unbinding_event at gene tetA enzyme RNAP with twist 97.52623 superhelical -0.05822 global twist -30.96713 global supercoiling -0.00887
frame 6116 time 1529.0 binding_event at gene tetA enzyme RNAP with twist -233.51231 superhelical -0.09754 global twist -30.96713 global supercoiling -0.00882
frame 6120 time 1530.0 binding_event at DNA_topoI 35 enzyme topoI with twist -172.34768 superhelical -0.09938 global twist -30.96713 global supercoiling -0.00887
frame 6123 time 1530.75 unbinding_event at DNA_topoI 35 enzyme topoI with twist -168.15889 superhelical -0.09728 global twist -25.13274 global supercoiling -0.00735
frame 6128 time 1532.0 unbinding_event at gene tetA enzyme RNAP with twist 149.45893 superhelical -0.09833 global twist -23.18795 global supercoiling -0.00664
frame 6156 time 1539.0 binding_event at gene tetA enzyme RNAP with twist -196.88202 superhelical -0.10386 global twist -23.18795 global supercoiling -0.00660
frame 6157 time 1539.25 binding_event at DNA_gyrase 18 enzyme gyrase with twist 174.59168 superhelical 0.10836 global twist -23.18795 global supercoiling -0.00664
frame 6159 time 1539.75 unbinding_event at DNA_gyrase 18 enzyme gyrase with twist 173.24528 superhelical 0.11552 global twist -25.88074 global supercoiling -0.00757
frame 6183 time 1545.75 binding_event at gene mKalama1 enzyme RNAP with twist -204.29179 superhelical -0.11119 global twist -27.22714 global supercoiling -0.00780
frame 6209 time 1552.25 binding_event at gene Raspberry enzyme RNAP with twist -178.21924 superhelical -0.12692 global twist -27.22714 global supercoiling -0.00784
frame 6216 time 1554.0 binding_event at DNA_gyrase 10 enzyme gyrase with twist 223.51076 superhelical 0.16601 global twist -27.22714 global supercoiling -0.00788
frame 6226 time 1556.5 unbinding_event at DNA_gyrase 10 enzyme gyrase with twist 218.57397 superhelical 0.24094 global twist -40.69110 global supercoiling -0.01203
frame 6236 time 1559.0 binding_event at gene tetA enzyme RNAP with twist -150.88382 superhelical -0.12868 global twist -42.03750 global supercoiling -0.01217
frame 6279 time 1569.75 unbinding_event at gene tetA enzyme RNAP with twist 249.32128 superhelical -0.10492 global twist -42.03750 global supercoiling -0.01224
frame 6285 time 1571.25 binding_event at DNA_gyrase 19 enzyme gyrase with twist 253.80927 superhelical 0.20868 global twist -42.03750 global supercoiling -0.01217
frame 6292 time 1573.0 unbinding_event at gene mKalama1 enzyme RNAP with twist -152.14374 superhelical 0.16899 global twist -51.46228 global supercoiling -0.01522
frame 6296 time 1574.0 unbinding_event at DNA_gyrase 19 enzyme gyrase with twist 248.42369 superhelical 0.24326 global twist -56.84787 global supercoiling -0.01671
frame 6317 time 1579.25 unbinding_event at gene Raspberry enzyme RNAP with twist -281.00473 superhelical -0.13949 global twist -58.19426 global supercoiling -0.01676
frame 6319 time 1579.75 unbinding_event at gene tetA enzyme RNAP with twist 224.60566 superhelical -0.13082 global twist -58.19426 global supercoiling -0.01666
frame 6367 time 1591.75 binding_event at DNA_topoI 41 enzyme topoI with twist -324.98702 superhelical -0.14105 global twist -58.19426 global supercoiling -0.01657
frame 6367 time 1591.75 unbinding_event at DNA_topoI 41 enzyme topoI with twist -323.93983 superhelical -0.14465 global twist -58.19426 global supercoiling -0.01657
frame 6399 time 1599.75 unbinding_event at gene tetA enzyme RNAP with twist -56.24947 superhelical -0.14381 global twist -56.24947 global supercoiling -0.01602
frame 6501 time 1625.25 binding_event at gene tetA enzyme RNAP with twist -56.24947 superhelical -0.01593 global twist -56.24947 global supercoiling -0.01593
frame 6608 time 1652.0 binding_event at DNA_topoI 34 enzyme topoI with twist -123.53505 superhelical -0.05624 global twist -56.24947 global supercoiling -0.01602
frame 6609 time 1652.25 binding_event at DNA_gyrase 15 enzyme gyrase with twist 68.18318 superhelical 0.05203 global twist -54.30467 global supercoiling -0.01579
frame 6610 time 1652.5 unbinding_event at DNA_topoI 34 enzyme topoI with twist -120.39345 superhelical -0.05270 global twist -53.70627 global supercoiling -0.01595
frame 6611 time 1652.75 unbinding_event at DNA_gyrase 15 enzyme gyrase with twist 66.83678 superhelical 0.05772 global twist -53.10788 global supercoiling -0.01544
frame 6663 time 1665.75 binding_event at DNA_gyrase 18 enzyme gyrase with twist 112.61427 superhelical 0.10543 global twist -54.45427 global supercoiling -0.01551
frame 6664 time 1666.0 unbinding_event at gene tetA enzyme RNAP with twist -110.18017 superhelical -0.06886 global twist -55.80067 global supercoiling -0.01622
frame 6671 time 1667.75 unbinding_event at DNA_gyrase 18 enzyme gyrase with twist -66.57184 superhelical -0.03859 global twist -65.22545 global supercoiling -0.01886
frame 7030 time 1757.5 binding_event at DNA_topoI 23 enzyme topoI with twist -66.57184 superhelical -0.01886 global twist -66.57184 global supercoiling -0.01886
frame 7035 time 1758.75 binding_event at DNA_topoI 7 enzyme topoI with twist -59.36026 superhelical -0.01779 global twist -56.84787 global supercoiling -0.01644
frame 7041 time 1760.25 binding_event at DNA_gyrase 14 enzyme gyrase with twist -7.91489 superhelical -0.00735 global twist -33.51032 global supercoiling -0.00989
frame 7046 time 1761.5 binding_event at gene tetA enzyme RNAP with twist -29.08022 superhelical -0.01329 global twist -20.79435 global supercoiling -0.00627
frame 7046 time 1761.5 unbinding_event at DNA_topoI 7 enzyme topoI with twist -5.79331 superhelical -0.00937 global twist -20.79435 global supercoiling -0.00627
frame 7053 time 1763.25 unbinding_event at DNA_topoI 23 enzyme topoI with twist 20.35475 superhelical -0.00110 global twist -14.66077 global supercoiling -0.00435
frame 7055 time 1763.75 unbinding_event at DNA_gyrase 14 enzyme gyrase with twist 15.23464 superhelical -0.00415 global twist -15.40876 global supercoiling -0.00448
frame 7209 time 1802.25 unbinding_event at gene tetA enzyme RNAP with twist -16.75516 superhelical -0.06941 global twist -16.75516 global supercoiling -0.00477
frame 7218 time 1804.5 binding_event at gene mKalama1 enzyme RNAP with twist -16.75516 superhelical -0.00475 global twist -16.75516 global supercoiling -0.00475
frame 7306 time 1826.5 binding_event at gene tetA enzyme RNAP with twist -92.65429 superhelical -0.02843 global twist -16.75516 global supercoiling -0.00477
frame 7327 time 1831.75 unbinding_event at gene mKalama1 enzyme RNAP with twist 14.83919 superhelical 0.62193 global twist -16.75516 global supercoiling -0.00480
frame 7351 time 1837.75 binding_event at gene mKalama1 enzyme RNAP with twist -5.80557 superhelical -0.00303 global twist -16.75516 global supercoiling -0.00477
frame 7420 time 1855.0 binding_event at gene tetA enzyme RNAP with twist -127.69468 superhelical -0.06825 global twist -16.75516 global supercoiling -0.00480
frame 7460 time 1865.0 unbinding_event at gene mKalama1 enzyme RNAP with twist -70.58020 superhelical 0.62915 global twist -16.75516 global supercoiling -0.00482
frame 7469 time 1867.25 unbinding_event at gene tetA enzyme RNAP with twist 61.90342 superhelical -0.06896 global twist -16.75516 global supercoiling -0.00480
frame 7520 time 1880.0 binding_event at gene tetA enzyme RNAP with twist -123.53848 superhelical -0.05706 global twist -16.75516 global supercoiling -0.00477
frame 7583 time 1895.75 unbinding_event at gene tetA enzyme RNAP with twist 139.49433 superhelical -0.05757 global twist -16.75516 global supercoiling -0.00480
frame 7648 time 1912.0 binding_event at gene tetA enzyme RNAP with twist -213.69576 superhelical -0.09329 global twist -16.75516 global supercoiling -0.00477
frame 7683 time 1920.75 unbinding_event at gene tetA enzyme RNAP with twist 177.01238 superhelical -0.09408 global twist -16.75516 global supercoiling -0.00480
frame 7699 time 1924.75 binding_event at DNA_gyrase 7 enzyme gyrase with twist 190.47634 superhelical 0.12161 global twist -16.75516 global supercoiling -0.00477
frame 7703 time 1925.75 unbinding_event at DNA_gyrase 7 enzyme gyrase with twist 188.23235 superhelical 0.14726 global twist -22.14075 global supercoiling -0.00644
frame 7725 time 1931.25 binding_event at DNA_gyrase 21 enzyme gyrase with twist 207.08190 superhelical 0.14285 global twist -23.48715 global supercoiling -0.00669
frame 7727 time 1931.75 unbinding_event at DNA_gyrase 21 enzyme gyrase with twist 205.73551 superhelical 0.15275 global twist -26.17994 global supercoiling -0.00761
frame 7734 time 1933.5 binding_event at gene Raspberry enzyme RNAP with twist -238.64743 superhelical -0.11352 global twist -27.52634 global supercoiling -0.00784
frame 7736 time 1934.0 binding_event at gene Raspberry enzyme RNAP with twist -89.13700 superhelical -0.11556 global twist -27.52634 global supercoiling -0.00788
frame 7811 time 1952.75 unbinding_event at gene tetA enzyme RNAP with twist 129.82811 superhelical -0.11457 global twist -27.52634 global supercoiling -0.00793
frame 7838 time 1959.5 binding_event at gene mKalama1 enzyme RNAP with twist -179.51822 superhelical -0.14713 global twist -27.52634 global supercoiling -0.00788
frame 7842 time 1960.5 unbinding_event at gene Raspberry enzyme RNAP with twist 156.47988 superhelical -0.11538 global twist -27.52634 global supercoiling -0.00793
frame 7844 time 1961.0 unbinding_event at gene Raspberry enzyme RNAP with twist 62.97111 superhelical -0.15463 global twist -27.52634 global supercoiling -0.00788
frame 7854 time 1963.5 binding_event at gene tetA enzyme RNAP with twist 54.89272 superhelical 0.01870 global twist -27.52634 global supercoiling -0.00784
frame 7860 time 1965.0 binding_event at DNA_gyrase 11 enzyme gyrase with twist 39.17266 superhelical 0.02215 global twist -27.52634 global supercoiling -0.00788
frame 7864 time 1966.0 unbinding_event at DNA_gyrase 11 enzyme gyrase with twist 36.92866 superhelical 0.02547 global twist -32.91192 global supercoiling -0.00962
frame 7879 time 1969.75 binding_event at DNA_gyrase 3 enzyme gyrase with twist 49.49503 superhelical 0.02941 global twist -34.25832 global supercoiling -0.00981
frame 7883 time 1970.75 unbinding_event at DNA_gyrase 3 enzyme gyrase with twist 47.25104 superhelical 0.09007 global twist -39.64391 global supercoiling -0.01159
frame 7947 time 1986.75 unbinding_event at gene mKalama1 enzyme RNAP with twist -145.68761 superhelical 0.01271 global twist -40.99030 global supercoiling -0.01174
frame 7995 time 1998.75 binding_event at DNA_gyrase 11 enzyme gyrase with twist 146.88440 superhelical 0.12636 global twist -40.99030 global supercoiling -0.01167
frame 7997 time 1999.25 unbinding_event at DNA_gyrase 11 enzyme gyrase with twist 145.53801 superhelical 0.16132 global twist -43.68310 global supercoiling -0.01270
frame 8017 time 2004.25 unbinding_event at gene tetA enzyme RNAP with twist -45.02949 superhelical -0.08503 global twist -45.02949 global supercoiling -0.01282
frame 8019 time 2004.75 binding_event at DNA_topoI 22 enzyme topoI with twist -45.02949 superhelical -0.01275 global twist -45.02949 global supercoiling -0.01275
frame 8029 time 2007.25 binding_event at gene tetA enzyme RNAP with twist -32.78137 superhelical -0.01004 global twist -25.58154 global supercoiling -0.00740
frame 8042 time 2010.5 unbinding_event at DNA_topoI 22 enzyme topoI with twist 31.54548 superhelical 0.00732 global twist -0.29920 global supercoiling -0.00009
frame 8109 time 2027.25 binding_event at DNA_topoI 37 enzyme topoI with twist -89.14135 superhelical -0.04295 global twist 1.64560 global supercoiling 0.00047
frame 8109 time 2027.25 unbinding_event at DNA_topoI 37 enzyme topoI with twist -88.09415 superhelical -0.04320 global twist 1.64560 global supercoiling 0.00047
frame 8192 time 2048.0 unbinding_event at gene tetA enzyme RNAP with twist 3.59039 superhelical -0.06630 global twist 3.59039 global supercoiling 0.00102
frame 8395 time 2098.75 binding_event at gene Raspberry enzyme RNAP with twist 3.59039 superhelical 0.00102 global twist 3.59039 global supercoiling 0.00102
frame 8503 time 2125.75 unbinding_event at gene Raspberry enzyme RNAP with twist 3.59039 superhelical -0.07755 global twist 3.59039 global supercoiling 0.00102
frame 8540 time 2135.0 binding_event at DNA_gyrase 25 enzyme gyrase with twist 3.59039 superhelical 0.00102 global twist 3.59039 global supercoiling 0.00102
frame 8540 time 2135.0 unbinding_event at DNA_gyrase 25 enzyme gyrase with twist 2.24399 superhelical 0.00083 global twist 3.59039 global supercoiling 0.00102
frame 8628 time 2157.0 binding_event at DNA_gyrase 22 enzyme gyrase with twist 2.24399 superhelical 0.00064 global twist 2.24399 global supercoiling 0.00064
frame 8629 time 2157.25 unbinding_event at DNA_gyrase 22 enzyme gyrase with twist -0.44880 superhelical 0.00024 global twist 0.89760 global supercoiling 0.00026
frame 8725 time 2181.25 binding_event at DNA_gyrase 39 enzyme gyrase with twist -0.44880 superhelical -0.00013 global twist -0.44880 global supercoiling -0.00013
frame 8734 time 2183.5 unbinding_event at DNA_gyrase 39 enzyme gyrase with twist -13.91277 superhelical -0.00765 global twist -12.56637 global supercoiling -0.00363
frame 8960 time 2240.0 binding_event at DNA_gyrase 14 enzyme gyrase with twist -13.91277 superhelical -0.00394 global twist -13.91277 global supercoiling -0.00394
frame 8960 time 2240.0 unbinding_event at DNA_gyrase 14 enzyme gyrase with twist -15.25916 superhelical -0.00427 global twist -13.91277 global supercoiling -0.00394
frame 8962 time 2240.5 binding_event at gene tetA enzyme RNAP with twist -15.25916 superhelical -0.00432 global twist -15.25916 global supercoiling -0.00432
frame 9125 time 2281.25 unbinding_event at gene tetA enzyme RNAP with twist -15.25916 superhelical -0.06307 global twist -15.25916 global supercoiling -0.00435
frame 9134 time 2283.5 binding_event at DNA_gyrase 44 enzyme gyrase with twist -15.25916 superhelical -0.00432 global twist -15.25916 global supercoiling -0.00432
frame 9139 time 2284.75 unbinding_event at DNA_gyrase 44 enzyme gyrase with twist -23.33755 superhelical -0.00763 global twist -21.99115 global supercoiling -0.00636
frame 9155 time 2288.75 binding_event at DNA_gyrase 33 enzyme gyrase with twist -23.33755 superhelical -0.00661 global twist -23.33755 global supercoiling -0.00661
frame 9158 time 2289.5 unbinding_event at DNA_gyrase 33 enzyme gyrase with twist -28.72313 superhelical -0.01255 global twist -27.37674 global supercoiling -0.00792
frame 9252 time 2313.0 binding_event at gene tetA enzyme RNAP with twist -28.72313 superhelical -0.00814 global twist -28.72313 global supercoiling -0.00814
frame 9364 time 2341.0 binding_event at gene tetA enzyme RNAP with twist -114.56947 superhelical -0.05163 global twist -28.72313 global supercoiling -0.00818
frame 9367 time 2341.75 binding_event at DNA_gyrase 25 enzyme gyrase with twist 88.53913 superhelical 0.06922 global twist -28.72313 global supercoiling -0.00822
frame 9378 time 2344.5 unbinding_event at DNA_gyrase 25 enzyme gyrase with twist 83.15354 superhelical 0.07635 global twist -43.53350 global supercoiling -0.01273
frame 9415 time 2353.75 unbinding_event at gene tetA enzyme RNAP with twist 91.18182 superhelical -0.05208 global twist -44.87990 global supercoiling -0.01285
frame 9436 time 2359.0 binding_event at DNA_gyrase 16 enzyme gyrase with twist 109.13378 superhelical 0.07414 global twist -44.87990 global supercoiling -0.01278
frame 9451 time 2362.75 binding_event at DNA_topoI 49 enzyme topoI with twist -167.47764 superhelical -0.07950 global twist -65.07585 global supercoiling -0.01892
frame 9453 time 2363.25 unbinding_event at DNA_topoI 49 enzyme topoI with twist -164.33605 superhelical -0.08050 global twist -63.87905 global supercoiling -0.01897
frame 9455 time 2363.75 unbinding_event at DNA_gyrase 16 enzyme gyrase with twist 100.15780 superhelical 0.09468 global twist -64.62705 global supercoiling -0.01879
frame 9522 time 2380.5 binding_event at gene tetA enzyme RNAP with twist -225.37271 superhelical -0.09293 global twist -65.97345 global supercoiling -0.01879
frame 9526 time 2381.5 binding_event at DNA_topoI 37 enzyme topoI with twist -164.33869 superhelical -0.09477 global twist -65.97345 global supercoiling -0.01889
frame 9527 time 2381.75 unbinding_event at gene tetA enzyme RNAP with twist 100.16044 superhelical -0.09366 global twist -64.02865 global supercoiling -0.01872
frame 9527 time 2381.75 unbinding_event at DNA_topoI 37 enzyme topoI with twist -162.24430 superhelical -0.09627 global twist -64.02865 global supercoiling -0.01872
frame 9586 time 2396.5 binding_event at gene Raspberry enzyme RNAP with twist -214.30498 superhelical -0.10697 global twist -62.08385 global supercoiling -0.01768
frame 9649 time 2412.25 binding_event at gene mKalama1 enzyme RNAP with twist -138.88418 superhelical -0.13289 global twist -62.08385 global supercoiling -0.01778
frame 9685 time 2421.25 unbinding_event at gene tetA enzyme RNAP with twist 110.01144 superhelical -0.10800 global twist -62.08385 global supercoiling -0.01788
frame 9694 time 2423.5 unbinding_event at gene Raspberry enzyme RNAP with twist -15.72525 superhelical -0.16909 global twist -62.08385 global supercoiling -0.01778
frame 9758 time 2439.5 unbinding_event at gene mKalama1 enzyme RNAP with twist -62.08385 superhelical 0.07210 global twist -62.08385 global supercoiling -0.01768
frame 9760 time 2440.0 binding_event at DNA_gyrase 39 enzyme gyrase with twist -62.08385 superhelical -0.01758 global twist -62.08385 global supercoiling -0.01758
frame 9763 time 2440.75 unbinding_event at DNA_gyrase 39 enzyme gyrase with twist -67.46944 superhelical -0.02096 global twist -66.12305 global supercoiling -0.01912
frame 9768 time 2442.0 binding_event at DNA_gyrase 7 enzyme gyrase with twist -67.46944 superhelical -0.01911 global twist -67.46944 global supercoiling -0.01911
frame 9775 time 2443.75 unbinding_event at DNA_gyrase 7 enzyme gyrase with twist -78.24062 superhelical -0.02197 global twist -76.89422 global supercoiling -0.02223
frame 9803 time 2450.75 binding_event at DNA_gyrase 22 enzyme gyrase with twist -78.24062 superhelical -0.02216 global twist -78.24062 global supercoiling -0.02216
frame 9811 time 2452.75 unbinding_event at DNA_gyrase 22 enzyme gyrase with twist -90.35819 superhelical -0.02448 global twist -89.01179 global supercoiling -0.02574
