TORCphysics log file 

General information: 
---------------------------------------------------------------------------------------
Circuit name: Pleu500_82
Size: 6000
Structure: circle
Number of sites: 110
Number of frames: 8000
Simulation time: 4000.0
Simulation timestep: 0.5
Seed: 4722444053226183637
 
Overall simulation information 
---------------------------------------------------------------------------------------
Initial twist: -211.83310
Final twist: -42.18710
Initial superhelical density: -0.06000
Final superhelical density: -0.01195
 
Overall rates 
---------------------------------------------------------------------------------------
site type            site name            #binding events      #unbinding events    binding rates        
 DNA_topoI            DNA_topoI_global                     62.0                 62.0                0.0155 
DNA_gyrase           DNA_gyrase_global                    68.0                 68.0                 0.017 
EXT                  EXT                                   0.0                  0.0                   0.0 
gene                 tetA                                 72.0                 72.0                 0.018 
gene                 CDS                                   1.0                  1.0               0.00025 
origin               ori                                   0.0                  0.0                   0.0 
lacOP                lac1                                  0.0                  0.0                   0.0 
gene                 mKalama1                              4.0                  4.0                 0.001 
lacOP                lac2                                  0.0                  0.0                   0.0 
gene                 Raspberry                             6.0                  6.0                0.0015 
 
Events
---------------------------------------------------------------------------------------
frame 8 time 4.0 binding_event at DNA_topoI 5 enzyme topoI with twist -211.83310 superhelical -0.06000 global twist -211.83310 global supercoiling -0.06000
frame 16 time 8.0 unbinding_event at DNA_topoI 5 enzyme topoI with twist -176.82679 superhelical -0.05268 global twist -180.71638 global supercoiling -0.05225
frame 39 time 19.5 binding_event at DNA_topoI 30 enzyme topoI with twist -176.82679 superhelical -0.05008 global twist -176.82679 global supercoiling -0.05008
frame 39 time 19.5 unbinding_event at DNA_topoI 30 enzyme topoI with twist -172.93720 superhelical -0.04331 global twist -176.82679 global supercoiling -0.05008
frame 40 time 20.0 binding_event at gene tetA enzyme RNAP with twist -172.93720 superhelical -0.04898 global twist -172.93720 global supercoiling -0.04898
frame 57 time 28.5 binding_event at DNA_topoI 34 enzyme topoI with twist -145.56015 superhelical -0.07201 global twist -172.93720 global supercoiling -0.04925
frame 59 time 29.5 binding_event at DNA_topoI 39 enzyme topoI with twist -108.82007 superhelical -0.07508 global twist -165.15801 global supercoiling -0.04802
frame 59 time 29.5 unbinding_event at DNA_topoI 34 enzyme topoI with twist -52.99784 superhelical -0.06378 global twist -165.15801 global supercoiling -0.04802
frame 65 time 32.5 unbinding_event at DNA_topoI 39 enzyme topoI with twist -138.97777 superhelical -0.04617 global twist -137.93088 global supercoiling -0.04010
frame 80 time 40.0 unbinding_event at gene tetA enzyme RNAP with twist -134.04129 superhelical -0.07864 global twist -134.04129 global supercoiling -0.03817
frame 100 time 50.0 binding_event at gene tetA enzyme RNAP with twist -134.04129 superhelical -0.03797 global twist -134.04129 global supercoiling -0.03797
frame 109 time 54.5 binding_event at DNA_gyrase 24 enzyme gyrase with twist -36.21474 superhelical -0.02217 global twist -134.04129 global supercoiling -0.03817
frame 120 time 60.0 unbinding_event at DNA_gyrase 24 enzyme gyrase with twist -25.44357 superhelical -0.00627 global twist -163.66202 global supercoiling -0.04758
frame 140 time 70.0 unbinding_event at gene tetA enzyme RNAP with twist -166.35481 superhelical -0.08674 global twist -166.35481 global supercoiling -0.04738
frame 171 time 85.5 binding_event at gene tetA enzyme RNAP with twist -166.35481 superhelical -0.04712 global twist -166.35481 global supercoiling -0.04712
frame 211 time 105.5 unbinding_event at gene tetA enzyme RNAP with twist -166.35481 superhelical -0.09319 global twist -166.35481 global supercoiling -0.04738
frame 230 time 115.0 binding_event at gene tetA enzyme RNAP with twist -166.35481 superhelical -0.04712 global twist -166.35481 global supercoiling -0.04712
frame 270 time 135.0 unbinding_event at gene tetA enzyme RNAP with twist -166.35481 superhelical -0.09319 global twist -166.35481 global supercoiling -0.04738
frame 295 time 147.5 binding_event at gene tetA enzyme RNAP with twist -166.35481 superhelical -0.04712 global twist -166.35481 global supercoiling -0.04712
frame 306 time 153.0 binding_event at DNA_topoI 30 enzyme topoI with twist -120.80065 superhelical -0.06312 global twist -166.35481 global supercoiling -0.04738
frame 308 time 154.0 unbinding_event at DNA_topoI 30 enzyme topoI with twist -119.90305 superhelical -0.04215 global twist -158.57563 global supercoiling -0.04610
frame 335 time 167.5 unbinding_event at gene tetA enzyme RNAP with twist -154.68604 superhelical -0.08843 global twist -154.68604 global supercoiling -0.04405
frame 354 time 177.0 binding_event at DNA_topoI 7 enzyme topoI with twist -154.68604 superhelical -0.04381 global twist -154.68604 global supercoiling -0.04381
frame 355 time 177.5 unbinding_event at DNA_topoI 7 enzyme topoI with twist -146.90686 superhelical -0.04295 global twist -150.79645 global supercoiling -0.04360
frame 358 time 179.0 binding_event at gene tetA enzyme RNAP with twist -146.90686 superhelical -0.04161 global twist -146.90686 global supercoiling -0.04161
frame 396 time 198.0 binding_event at DNA_topoI 31 enzyme topoI with twist -208.23598 superhelical -0.08682 global twist -146.90686 global supercoiling -0.04184
frame 398 time 199.0 unbinding_event at gene tetA enzyme RNAP with twist -112.36504 superhelical -0.08956 global twist -139.12767 global supercoiling -0.04045
frame 398 time 199.0 unbinding_event at DNA_topoI 31 enzyme topoI with twist -135.23808 superhelical -0.07131 global twist -139.12767 global supercoiling -0.04045
frame 427 time 213.5 binding_event at gene tetA enzyme RNAP with twist -135.23808 superhelical -0.03831 global twist -135.23808 global supercoiling -0.03831
frame 449 time 224.5 binding_event at DNA_topoI 1 enzyme topoI with twist -145.08657 superhelical -0.06872 global twist -135.23808 global supercoiling -0.03851
frame 467 time 233.5 unbinding_event at DNA_topoI 1 enzyme topoI with twist -139.40179 superhelical -0.05011 global twist -65.22545 global supercoiling -0.01896
frame 467 time 233.5 unbinding_event at gene tetA enzyme RNAP with twist -61.33586 superhelical -0.05011 global twist -65.22545 global supercoiling -0.01896
frame 506 time 253.0 binding_event at DNA_gyrase 38 enzyme gyrase with twist -61.33586 superhelical -0.01737 global twist -61.33586 global supercoiling -0.01737
frame 506 time 253.0 unbinding_event at DNA_gyrase 38 enzyme gyrase with twist -64.02865 superhelical -0.01937 global twist -61.33586 global supercoiling -0.01737
frame 574 time 287.0 binding_event at gene tetA enzyme RNAP with twist -64.02865 superhelical -0.01814 global twist -64.02865 global supercoiling -0.01814
frame 595 time 297.5 binding_event at DNA_topoI 36 enzyme topoI with twist -106.69239 superhelical -0.05097 global twist -64.02865 global supercoiling -0.01823
frame 603 time 301.5 binding_event at DNA_gyrase 20 enzyme gyrase with twist 71.38687 superhelical 0.05601 global twist -32.91192 global supercoiling -0.00957
frame 606 time 303.0 unbinding_event at DNA_gyrase 20 enzyme gyrase with twist 74.97726 superhelical 0.07603 global twist -29.32153 global supercoiling -0.00871
frame 608 time 304.0 unbinding_event at DNA_topoI 36 enzyme topoI with twist -102.50360 superhelical -0.01273 global twist -24.23514 global supercoiling -0.00705
frame 614 time 307.0 unbinding_event at gene tetA enzyme RNAP with twist -20.34555 superhelical -0.05058 global twist -20.34555 global supercoiling -0.00579
frame 729 time 364.5 binding_event at gene Raspberry enzyme RNAP with twist -20.34555 superhelical -0.00576 global twist -20.34555 global supercoiling -0.00576
frame 756 time 378.0 unbinding_event at gene Raspberry enzyme RNAP with twist -20.34555 superhelical -0.08296 global twist -20.34555 global supercoiling -0.00579
frame 779 time 389.5 binding_event at gene tetA enzyme RNAP with twist -20.34555 superhelical -0.00576 global twist -20.34555 global supercoiling -0.00576
frame 814 time 407.0 binding_event at DNA_gyrase 19 enzyme gyrase with twist 115.26209 superhelical 0.09878 global twist -20.34555 global supercoiling -0.00579
frame 815 time 407.5 binding_event at gene tetA enzyme RNAP with twist -139.19804 superhelical -0.05892 global twist -23.03835 global supercoiling -0.00670
frame 817 time 408.5 unbinding_event at DNA_gyrase 19 enzyme gyrase with twist 118.85249 superhelical 0.13219 global twist -28.42393 global supercoiling -0.00831
frame 819 time 409.5 unbinding_event at gene tetA enzyme RNAP with twist 88.78109 superhelical -0.05940 global twist -31.11673 global supercoiling -0.00891
frame 855 time 427.5 unbinding_event at gene tetA enzyme RNAP with twist -31.11673 superhelical -0.10160 global twist -31.11673 global supercoiling -0.00886
frame 865 time 432.5 binding_event at DNA_gyrase 32 enzyme gyrase with twist -31.11673 superhelical -0.00881 global twist -31.11673 global supercoiling -0.00881
frame 867 time 433.5 unbinding_event at DNA_gyrase 32 enzyme gyrase with twist -39.19511 superhelical -0.01929 global twist -36.50231 global supercoiling -0.01055
frame 889 time 444.5 binding_event at DNA_gyrase 33 enzyme gyrase with twist -39.19511 superhelical -0.01110 global twist -39.19511 global supercoiling -0.01110
frame 895 time 447.5 binding_event at DNA_gyrase 10 enzyme gyrase with twist -42.01131 superhelical -0.01403 global twist -55.35187 global supercoiling -0.01600
frame 895 time 447.5 unbinding_event at DNA_gyrase 33 enzyme gyrase with twist -44.21744 superhelical -0.03163 global twist -55.35187 global supercoiling -0.01600
frame 902 time 451.0 unbinding_event at DNA_gyrase 10 enzyme gyrase with twist -79.58701 superhelical -0.02232 global twist -76.89422 global supercoiling -0.02223
frame 938 time 469.0 binding_event at gene tetA enzyme RNAP with twist -79.58701 superhelical -0.02254 global twist -79.58701 global supercoiling -0.02254
frame 943 time 471.5 binding_event at DNA_topoI 34 enzyme topoI with twist -56.85031 superhelical -0.03148 global twist -79.58701 global supercoiling -0.02267
frame 946 time 473.0 unbinding_event at DNA_topoI 34 enzyme topoI with twist -55.65352 superhelical -0.01827 global twist -67.91824 global supercoiling -0.01975
frame 954 time 477.0 binding_event at DNA_gyrase 3 enzyme gyrase with twist -80.78626 superhelical -0.04032 global twist -64.02865 global supercoiling -0.01823
frame 960 time 480.0 binding_event at gene tetA enzyme RNAP with twist -87.56325 superhelical -0.04607 global twist -80.18541 global supercoiling -0.02331
frame 965 time 482.5 unbinding_event at DNA_gyrase 3 enzyme gyrase with twist -54.76573 superhelical 0.10057 global twist -93.64938 global supercoiling -0.02738
frame 978 time 489.0 unbinding_event at gene tetA enzyme RNAP with twist 51.75167 superhelical -0.14573 global twist -96.34217 global supercoiling -0.02759
frame 992 time 496.0 binding_event at DNA_gyrase 13 enzyme gyrase with twist 98.42676 superhelical 0.08063 global twist -96.34217 global supercoiling -0.02744
frame 1000 time 500.0 unbinding_event at gene tetA enzyme RNAP with twist -180.43431 superhelical -0.09260 global twist -117.88452 global supercoiling -0.03427
frame 1000 time 500.0 unbinding_event at DNA_gyrase 13 enzyme gyrase with twist -120.57732 superhelical -0.09260 global twist -117.88452 global supercoiling -0.03427
frame 1076 time 538.0 binding_event at gene tetA enzyme RNAP with twist -120.57732 superhelical -0.03415 global twist -120.57732 global supercoiling -0.03415
frame 1084 time 542.0 binding_event at gene tetA enzyme RNAP with twist -87.65561 superhelical -0.04713 global twist -120.57732 global supercoiling -0.03434
frame 1116 time 558.0 unbinding_event at gene tetA enzyme RNAP with twist 79.63391 superhelical -0.04762 global twist -120.57732 global supercoiling -0.03453
frame 1117 time 558.5 binding_event at gene Raspberry enzyme RNAP with twist -200.21123 superhelical -0.08672 global twist -120.57732 global supercoiling -0.03434
frame 1124 time 562.0 unbinding_event at gene tetA enzyme RNAP with twist -25.18688 superhelical -0.08745 global twist -120.57732 global supercoiling -0.03453
frame 1142 time 571.0 binding_event at DNA_gyrase 14 enzyme gyrase with twist 35.84978 superhelical 0.01559 global twist -120.57732 global supercoiling -0.03434
frame 1143 time 571.5 unbinding_event at DNA_gyrase 14 enzyme gyrase with twist 37.64497 superhelical 0.01964 global twist -123.27011 global supercoiling -0.03584
frame 1144 time 572.0 unbinding_event at gene Raspberry enzyme RNAP with twist -125.96291 superhelical -0.13217 global twist -125.96291 global supercoiling -0.03587
frame 1216 time 608.0 binding_event at gene Raspberry enzyme RNAP with twist -125.96291 superhelical -0.03568 global twist -125.96291 global supercoiling -0.03568
frame 1243 time 621.5 unbinding_event at gene Raspberry enzyme RNAP with twist -125.96291 superhelical -0.10109 global twist -125.96291 global supercoiling -0.03587
frame 1263 time 631.5 binding_event at gene tetA enzyme RNAP with twist -125.96291 superhelical -0.03568 global twist -125.96291 global supercoiling -0.03568
frame 1288 time 644.0 binding_event at DNA_gyrase 27 enzyme gyrase with twist -151.32448 superhelical -0.06990 global twist -125.96291 global supercoiling -0.03587
frame 1296 time 648.0 unbinding_event at DNA_gyrase 27 enzyme gyrase with twist -207.87315 superhelical -0.43390 global twist -147.50526 global supercoiling -0.04288
frame 1303 time 651.5 unbinding_event at gene tetA enzyme RNAP with twist -150.19805 superhelical -0.09502 global twist -150.19805 global supercoiling -0.04277
frame 1325 time 662.5 binding_event at gene tetA enzyme RNAP with twist -150.19805 superhelical -0.04254 global twist -150.19805 global supercoiling -0.04254
frame 1365 time 682.5 unbinding_event at gene tetA enzyme RNAP with twist -150.19805 superhelical -0.08997 global twist -150.19805 global supercoiling -0.04277
frame 1399 time 699.5 binding_event at DNA_gyrase 11 enzyme gyrase with twist -150.19805 superhelical -0.04254 global twist -150.19805 global supercoiling -0.04254
frame 1405 time 702.5 unbinding_event at DNA_gyrase 11 enzyme gyrase with twist -169.04760 superhelical -0.04723 global twist -166.35481 global supercoiling -0.04810
frame 1429 time 714.5 binding_event at DNA_topoI 24 enzyme topoI with twist -169.04760 superhelical -0.04788 global twist -169.04760 global supercoiling -0.04788
frame 1431 time 715.5 unbinding_event at DNA_topoI 24 enzyme topoI with twist -157.37883 superhelical -0.04716 global twist -161.26842 global supercoiling -0.04663
frame 1434 time 717.0 binding_event at DNA_topoI 24 enzyme topoI with twist -157.37883 superhelical -0.04458 global twist -157.37883 global supercoiling -0.04458
frame 1437 time 718.5 unbinding_event at DNA_topoI 24 enzyme topoI with twist -141.82047 superhelical -0.04322 global twist -145.71006 global supercoiling -0.04213
frame 1469 time 734.5 binding_event at gene tetA enzyme RNAP with twist -141.82047 superhelical -0.04017 global twist -141.82047 global supercoiling -0.04017
frame 1490 time 745.0 binding_event at DNA_topoI 29 enzyme topoI with twist -144.71334 superhelical -0.06914 global twist -141.82047 global supercoiling -0.04039
frame 1491 time 745.5 unbinding_event at DNA_topoI 29 enzyme topoI with twist -144.11494 superhelical -0.04963 global twist -137.93088 global supercoiling -0.04010
frame 1509 time 754.5 unbinding_event at gene tetA enzyme RNAP with twist -134.04129 superhelical -0.08512 global twist -134.04129 global supercoiling -0.03817
frame 1513 time 756.5 binding_event at gene tetA enzyme RNAP with twist -134.04129 superhelical -0.03797 global twist -134.04129 global supercoiling -0.03797
frame 1553 time 776.5 unbinding_event at gene tetA enzyme RNAP with twist -134.04129 superhelical -0.08674 global twist -134.04129 global supercoiling -0.03817
frame 1570 time 785.0 binding_event at DNA_topoI 32 enzyme topoI with twist -134.04129 superhelical -0.03797 global twist -134.04129 global supercoiling -0.03797
frame 1571 time 785.5 unbinding_event at DNA_topoI 32 enzyme topoI with twist -126.26210 superhelical -0.02885 global twist -130.15170 global supercoiling -0.03763
frame 1578 time 789.0 binding_event at DNA_topoI 39 enzyme topoI with twist -126.26210 superhelical -0.03576 global twist -126.26210 global supercoiling -0.03576
frame 1584 time 792.0 unbinding_event at DNA_topoI 39 enzyme topoI with twist -99.03497 superhelical -0.02130 global twist -102.92456 global supercoiling -0.02976
frame 1711 time 855.5 binding_event at DNA_topoI 46 enzyme topoI with twist -99.03497 superhelical -0.02805 global twist -99.03497 global supercoiling -0.02805
frame 1717 time 858.5 unbinding_event at DNA_topoI 46 enzyme topoI with twist -71.80783 superhelical -0.01889 global twist -75.69742 global supercoiling -0.02189
frame 1800 time 900.0 binding_event at DNA_topoI 43 enzyme topoI with twist -71.80783 superhelical -0.02034 global twist -71.80783 global supercoiling -0.02034
frame 1803 time 901.5 unbinding_event at DNA_topoI 43 enzyme topoI with twist -56.24947 superhelical -0.01418 global twist -60.13906 global supercoiling -0.01739
frame 1809 time 904.5 binding_event at gene tetA enzyme RNAP with twist -56.24947 superhelical -0.01593 global twist -56.24947 global supercoiling -0.01593
frame 1811 time 905.5 binding_event at DNA_topoI 25 enzyme topoI with twist -21.57661 superhelical -0.01226 global twist -56.24947 global supercoiling -0.01602
frame 1811 time 905.5 unbinding_event at DNA_topoI 25 enzyme topoI with twist -14.09663 superhelical -0.00933 global twist -56.24947 global supercoiling -0.01602
frame 1823 time 911.5 binding_event at DNA_topoI 3 enzyme topoI with twist -77.75755 superhelical -0.03952 global twist -52.35988 global supercoiling -0.01491
frame 1828 time 914.0 unbinding_event at DNA_topoI 3 enzyme topoI with twist -75.96236 superhelical -0.03467 global twist -32.91192 global supercoiling -0.00957
frame 1849 time 924.5 unbinding_event at gene tetA enzyme RNAP with twist -29.02233 superhelical -0.06172 global twist -29.02233 global supercoiling -0.00827
frame 1851 time 925.5 binding_event at gene tetA enzyme RNAP with twist -29.02233 superhelical -0.00822 global twist -29.02233 global supercoiling -0.00822
frame 1869 time 934.5 binding_event at DNA_gyrase 22 enzyme gyrase with twist 49.78946 superhelical 0.03382 global twist -29.02233 global supercoiling -0.00827
frame 1876 time 938.0 unbinding_event at DNA_gyrase 22 enzyme gyrase with twist 56.97024 superhelical 0.05725 global twist -47.87189 global supercoiling -0.01392
frame 1891 time 945.5 unbinding_event at gene tetA enzyme RNAP with twist -50.56468 superhelical -0.06581 global twist -50.56468 global supercoiling -0.01440
frame 1970 time 985.0 binding_event at DNA_gyrase 49 enzyme gyrase with twist -50.56468 superhelical -0.01432 global twist -50.56468 global supercoiling -0.01432
frame 1970 time 985.0 unbinding_event at DNA_gyrase 49 enzyme gyrase with twist -53.25748 superhelical -0.01545 global twist -50.56468 global supercoiling -0.01432
frame 2009 time 1004.5 binding_event at DNA_topoI 25 enzyme topoI with twist -53.25748 superhelical -0.01508 global twist -53.25748 global supercoiling -0.01508
frame 2013 time 1006.5 unbinding_event at DNA_topoI 25 enzyme topoI with twist -33.80952 superhelical -0.01241 global twist -37.69911 global supercoiling -0.01090
frame 2021 time 1010.5 binding_event at gene tetA enzyme RNAP with twist -33.80952 superhelical -0.00958 global twist -33.80952 global supercoiling -0.00958
frame 2034 time 1017.0 binding_event at gene tetA enzyme RNAP with twist -63.19958 superhelical -0.03242 global twist -33.80952 global supercoiling -0.00963
frame 2060 time 1030.0 binding_event at DNA_topoI 0 enzyme topoI with twist -149.53629 superhelical -0.06850 global twist -33.80952 global supercoiling -0.00968
frame 2060 time 1030.0 unbinding_event at DNA_topoI 0 enzyme topoI with twist -149.23709 superhelical -0.06968 global twist -33.80952 global supercoiling -0.00968
frame 2061 time 1030.5 unbinding_event at gene tetA enzyme RNAP with twist 122.90756 superhelical -0.03274 global twist -29.91993 global supercoiling -0.00857
frame 2074 time 1037.0 unbinding_event at gene tetA enzyme RNAP with twist -29.91993 superhelical -0.08136 global twist -29.91993 global supercoiling -0.00852
frame 2076 time 1038.0 binding_event at gene tetA enzyme RNAP with twist -29.91993 superhelical -0.00847 global twist -29.91993 global supercoiling -0.00847
frame 2116 time 1058.0 unbinding_event at gene tetA enzyme RNAP with twist -29.91993 superhelical -0.06599 global twist -29.91993 global supercoiling -0.00852
frame 2133 time 1066.5 binding_event at DNA_topoI 6 enzyme topoI with twist -29.91993 superhelical -0.00847 global twist -29.91993 global supercoiling -0.00847
frame 2138 time 1069.0 unbinding_event at DNA_topoI 6 enzyme topoI with twist -6.58238 superhelical -0.00314 global twist -10.47198 global supercoiling -0.00303
frame 2178 time 1089.0 binding_event at gene tetA enzyme RNAP with twist -6.58238 superhelical -0.00186 global twist -6.58238 global supercoiling -0.00186
frame 2199 time 1099.5 binding_event at DNA_gyrase 33 enzyme gyrase with twist -78.61538 superhelical -0.03756 global twist -6.58238 global supercoiling -0.00187
frame 2200 time 1100.0 unbinding_event at DNA_gyrase 33 enzyme gyrase with twist -91.18175 superhelical -0.04469 global twist -9.27518 global supercoiling -0.00270
frame 2218 time 1109.0 unbinding_event at gene tetA enzyme RNAP with twist -11.96797 superhelical -0.06354 global twist -11.96797 global supercoiling -0.00341
frame 2227 time 1113.5 binding_event at DNA_gyrase 41 enzyme gyrase with twist -11.96797 superhelical -0.00339 global twist -11.96797 global supercoiling -0.00339
frame 2238 time 1119.0 binding_event at gene mKalama1 enzyme RNAP with twist -18.40490 superhelical -0.01772 global twist -41.58870 global supercoiling -0.01202
frame 2244 time 1122.0 unbinding_event at DNA_gyrase 41 enzyme gyrase with twist -73.88432 superhelical -0.08291 global twist -57.74546 global supercoiling -0.01679
frame 2246 time 1123.0 binding_event at gene tetA enzyme RNAP with twist -77.47471 superhelical -0.02576 global twist -60.43826 global supercoiling -0.01721
frame 2258 time 1129.0 binding_event at DNA_topoI 36 enzyme topoI with twist -117.10343 superhelical -0.07211 global twist -60.43826 global supercoiling -0.01731
frame 2259 time 1129.5 unbinding_event at DNA_topoI 36 enzyme topoI with twist -123.68582 superhelical -0.07687 global twist -56.54867 global supercoiling -0.01653
frame 2265 time 1132.5 unbinding_event at gene mKalama1 enzyme RNAP with twist -77.92623 superhelical 0.61351 global twist -52.65908 global supercoiling -0.01508
frame 2286 time 1143.0 unbinding_event at gene tetA enzyme RNAP with twist -52.65908 superhelical -0.06252 global twist -52.65908 global supercoiling -0.01500
frame 2362 time 1181.0 binding_event at gene tetA enzyme RNAP with twist -52.65908 superhelical -0.01492 global twist -52.65908 global supercoiling -0.01492
frame 2364 time 1182.0 binding_event at gene tetA enzyme RNAP with twist -32.91804 superhelical -0.01879 global twist -52.65908 global supercoiling -0.01500
frame 2402 time 1201.0 unbinding_event at gene tetA enzyme RNAP with twist 119.96597 superhelical -0.01900 global twist -52.65908 global supercoiling -0.01508
frame 2404 time 1202.0 unbinding_event at gene tetA enzyme RNAP with twist -52.65908 superhelical -0.07332 global twist -52.65908 global supercoiling -0.01500
frame 2493 time 1246.5 binding_event at DNA_gyrase 27 enzyme gyrase with twist -52.65908 superhelical -0.01492 global twist -52.65908 global supercoiling -0.01492
frame 2498 time 1249.0 unbinding_event at DNA_gyrase 27 enzyme gyrase with twist -68.81584 superhelical -0.25630 global twist -66.12305 global supercoiling -0.01912
frame 2522 time 1261.0 binding_event at gene tetA enzyme RNAP with twist -68.81584 superhelical -0.01949 global twist -68.81584 global supercoiling -0.01949
frame 2562 time 1281.0 unbinding_event at gene tetA enzyme RNAP with twist -68.81584 superhelical -0.07374 global twist -68.81584 global supercoiling -0.01960
frame 2600 time 1300.0 binding_event at gene tetA enzyme RNAP with twist -68.81584 superhelical -0.01949 global twist -68.81584 global supercoiling -0.01949
frame 2618 time 1309.0 binding_event at gene tetA enzyme RNAP with twist -98.26097 superhelical -0.04818 global twist -68.81584 global supercoiling -0.01960
frame 2627 time 1313.5 binding_event at DNA_topoI 3 enzyme topoI with twist -14.78571 superhelical -0.04864 global twist -68.81584 global supercoiling -0.01971
frame 2630 time 1315.0 unbinding_event at DNA_topoI 3 enzyme topoI with twist -140.21942 superhelical -0.06266 global twist -57.14707 global supercoiling -0.01671
frame 2637 time 1318.5 binding_event at DNA_gyrase 15 enzyme gyrase with twist 97.66257 superhelical 0.08635 global twist -53.25748 global supercoiling -0.01525
frame 2639 time 1319.5 binding_event at gene tetA enzyme RNAP with twist -168.94256 superhelical -0.08071 global twist -58.64306 global supercoiling -0.01714
frame 2640 time 1320.0 unbinding_event at gene tetA enzyme RNAP with twist 53.25472 superhelical 0.03567 global twist -61.33586 global supercoiling -0.01803
frame 2644 time 1322.0 unbinding_event at DNA_gyrase 15 enzyme gyrase with twist 115.68508 superhelical 0.11479 global twist -72.10703 global supercoiling -0.02108
frame 2658 time 1329.0 unbinding_event at gene tetA enzyme RNAP with twist 136.80237 superhelical -0.08146 global twist -74.79983 global supercoiling -0.02142
frame 2679 time 1339.5 unbinding_event at gene tetA enzyme RNAP with twist -74.79983 superhelical -0.11704 global twist -74.79983 global supercoiling -0.02130
frame 2731 time 1365.5 binding_event at gene tetA enzyme RNAP with twist -74.79983 superhelical -0.02119 global twist -74.79983 global supercoiling -0.02119
frame 2752 time 1376.0 binding_event at DNA_topoI 29 enzyme topoI with twist -111.95683 superhelical -0.05349 global twist -74.79983 global supercoiling -0.02130
frame 2756 time 1378.0 unbinding_event at DNA_topoI 29 enzyme topoI with twist -110.46083 superhelical -0.00049 global twist -59.24146 global supercoiling -0.01722
frame 2763 time 1381.5 binding_event at DNA_topoI 2 enzyme topoI with twist -132.00318 superhelical -0.05763 global twist -55.35187 global supercoiling -0.01576
frame 2763 time 1381.5 unbinding_event at DNA_topoI 2 enzyme topoI with twist -131.70398 superhelical -0.05843 global twist -55.35187 global supercoiling -0.01576
frame 2771 time 1385.5 unbinding_event at gene tetA enzyme RNAP with twist -51.46228 superhelical -0.06542 global twist -51.46228 global supercoiling -0.01466
frame 2807 time 1403.5 binding_event at DNA_topoI 23 enzyme topoI with twist -51.46228 superhelical -0.01458 global twist -51.46228 global supercoiling -0.01458
frame 2809 time 1404.5 unbinding_event at DNA_topoI 23 enzyme topoI with twist -39.79351 superhelical -0.01313 global twist -43.68310 global supercoiling -0.01263
frame 2830 time 1415.0 binding_event at DNA_gyrase 34 enzyme gyrase with twist -39.79351 superhelical -0.01127 global twist -39.79351 global supercoiling -0.01127
frame 2831 time 1415.5 unbinding_event at DNA_gyrase 34 enzyme gyrase with twist -45.17909 superhelical -0.01653 global twist -42.48630 global supercoiling -0.01228
frame 2857 time 1428.5 binding_event at gene tetA enzyme RNAP with twist -45.17909 superhelical -0.01280 global twist -45.17909 global supercoiling -0.01280
frame 2891 time 1445.5 binding_event at DNA_gyrase 23 enzyme gyrase with twist 98.97562 superhelical 0.08354 global twist -45.17909 global supercoiling -0.01287
frame 2891 time 1445.5 unbinding_event at DNA_gyrase 23 enzyme gyrase with twist 99.87322 superhelical 0.09287 global twist -45.17909 global supercoiling -0.01287
frame 2897 time 1448.5 unbinding_event at gene tetA enzyme RNAP with twist -47.87189 superhelical -0.06903 global twist -47.87189 global supercoiling -0.01363
frame 3003 time 1501.5 binding_event at gene tetA enzyme RNAP with twist -47.87189 superhelical -0.01356 global twist -47.87189 global supercoiling -0.01356
frame 3039 time 1519.5 binding_event at DNA_topoI 8 enzyme topoI with twist -152.65161 superhelical -0.06462 global twist -47.87189 global supercoiling -0.01363
frame 3040 time 1520.0 unbinding_event at DNA_topoI 8 enzyme topoI with twist -152.05321 superhelical -0.06492 global twist -43.98230 global supercoiling -0.01279
frame 3043 time 1521.5 unbinding_event at gene tetA enzyme RNAP with twist -40.09271 superhelical -0.06640 global twist -40.09271 global supercoiling -0.01142
frame 3096 time 1548.0 binding_event at DNA_gyrase 4 enzyme gyrase with twist -40.09271 superhelical -0.01136 global twist -40.09271 global supercoiling -0.01136
frame 3100 time 1550.0 binding_event at gene tetA enzyme RNAP with twist -28.24814 superhelical -0.01432 global twist -50.86388 global supercoiling -0.01471
frame 3107 time 1553.5 unbinding_event at DNA_gyrase 4 enzyme gyrase with twist -18.86212 superhelical 0.15559 global twist -69.71344 global supercoiling -0.02027
frame 3140 time 1570.0 unbinding_event at gene tetA enzyme RNAP with twist -72.40623 superhelical -0.07015 global twist -72.40623 global supercoiling -0.02062
frame 3143 time 1571.5 binding_event at DNA_topoI 41 enzyme topoI with twist -72.40623 superhelical -0.02051 global twist -72.40623 global supercoiling -0.02051
frame 3150 time 1575.0 unbinding_event at DNA_topoI 41 enzyme topoI with twist -41.28950 superhelical -0.00596 global twist -45.17909 global supercoiling -0.01306
frame 3161 time 1580.5 binding_event at DNA_gyrase 30 enzyme gyrase with twist -41.28950 superhelical -0.01169 global twist -41.28950 global supercoiling -0.01169
frame 3162 time 1581.0 unbinding_event at DNA_gyrase 30 enzyme gyrase with twist -46.67509 superhelical -0.02276 global twist -43.98230 global supercoiling -0.01272
frame 3180 time 1590.0 binding_event at DNA_gyrase 48 enzyme gyrase with twist -46.67509 superhelical -0.01322 global twist -46.67509 global supercoiling -0.01322
frame 3180 time 1590.0 unbinding_event at DNA_gyrase 48 enzyme gyrase with twist -49.36788 superhelical -0.01437 global twist -46.67509 global supercoiling -0.01322
frame 3255 time 1627.5 binding_event at gene tetA enzyme RNAP with twist -49.36788 superhelical -0.01398 global twist -49.36788 global supercoiling -0.01398
frame 3281 time 1640.5 binding_event at DNA_topoI 28 enzyme topoI with twist -117.47886 superhelical -0.05382 global twist -49.36788 global supercoiling -0.01406
frame 3288 time 1644.0 unbinding_event at DNA_topoI 28 enzyme topoI with twist -115.08527 superhelical 0.09208 global twist -22.14075 global supercoiling -0.00644
frame 3295 time 1647.5 unbinding_event at gene tetA enzyme RNAP with twist -18.25116 superhelical -0.05718 global twist -18.25116 global supercoiling -0.00520
frame 3304 time 1652.0 binding_event at DNA_gyrase 12 enzyme gyrase with twist -18.25116 superhelical -0.00517 global twist -18.25116 global supercoiling -0.00517
frame 3304 time 1652.0 unbinding_event at DNA_gyrase 12 enzyme gyrase with twist -20.94395 superhelical -0.00581 global twist -18.25116 global supercoiling -0.00517
frame 3365 time 1682.5 binding_event at DNA_gyrase 33 enzyme gyrase with twist -20.94395 superhelical -0.00593 global twist -20.94395 global supercoiling -0.00593
frame 3365 time 1682.5 unbinding_event at DNA_gyrase 33 enzyme gyrase with twist -23.63674 superhelical -0.00895 global twist -20.94395 global supercoiling -0.00593
frame 3444 time 1722.0 binding_event at DNA_gyrase 6 enzyme gyrase with twist -23.63674 superhelical -0.00669 global twist -23.63674 global supercoiling -0.00669
frame 3452 time 1726.0 unbinding_event at DNA_gyrase 6 enzyme gyrase with twist -47.87189 superhelical -0.01256 global twist -45.17909 global supercoiling -0.01306
frame 3483 time 1741.5 binding_event at DNA_gyrase 36 enzyme gyrase with twist -47.87189 superhelical -0.01356 global twist -47.87189 global supercoiling -0.01356
frame 3485 time 1742.5 unbinding_event at DNA_gyrase 36 enzyme gyrase with twist -55.95027 superhelical -0.01978 global twist -53.25748 global supercoiling -0.01540
frame 3560 time 1780.0 binding_event at gene tetA enzyme RNAP with twist -55.95027 superhelical -0.01585 global twist -55.95027 global supercoiling -0.01585
frame 3600 time 1800.0 unbinding_event at gene tetA enzyme RNAP with twist -55.95027 superhelical -0.07118 global twist -55.95027 global supercoiling -0.01593
frame 3623 time 1811.5 binding_event at DNA_gyrase 12 enzyme gyrase with twist -55.95027 superhelical -0.01585 global twist -55.95027 global supercoiling -0.01585
frame 3627 time 1813.5 unbinding_event at DNA_gyrase 12 enzyme gyrase with twist -69.41424 superhelical -0.01882 global twist -66.72144 global supercoiling -0.01929
frame 3666 time 1833.0 binding_event at DNA_topoI 33 enzyme topoI with twist -69.41424 superhelical -0.01966 global twist -69.41424 global supercoiling -0.01966
frame 3668 time 1834.0 binding_event at DNA_gyrase 40 enzyme gyrase with twist -56.20537 superhelical -0.01877 global twist -61.63506 global supercoiling -0.01782
frame 3668 time 1834.0 unbinding_event at DNA_gyrase 40 enzyme gyrase with twist -56.95336 superhelical -0.01784 global twist -61.63506 global supercoiling -0.01782
frame 3669 time 1834.5 unbinding_event at DNA_topoI 33 enzyme topoI with twist -56.54867 superhelical -0.00332 global twist -60.43826 global supercoiling -0.01747
frame 3704 time 1852.0 binding_event at DNA_topoI 37 enzyme topoI with twist -56.54867 superhelical -0.01602 global twist -56.54867 global supercoiling -0.01602
frame 3714 time 1857.0 unbinding_event at DNA_topoI 37 enzyme topoI with twist -13.76317 superhelical 0.01211 global twist -17.65276 global supercoiling -0.00510
frame 3719 time 1859.5 binding_event at gene tetA enzyme RNAP with twist -13.76317 superhelical -0.00390 global twist -13.76317 global supercoiling -0.00390
frame 3737 time 1868.5 binding_event at gene tetA enzyme RNAP with twist -71.35383 superhelical -0.03499 global twist -13.76317 global supercoiling -0.00392
frame 3759 time 1879.5 unbinding_event at gene tetA enzyme RNAP with twist 129.43278 superhelical -0.03532 global twist -13.76317 global supercoiling -0.00394
frame 3777 time 1888.5 unbinding_event at gene tetA enzyme RNAP with twist -13.76317 superhelical -0.08475 global twist -13.76317 global supercoiling -0.00392
frame 3823 time 1911.5 binding_event at gene tetA enzyme RNAP with twist -13.76317 superhelical -0.00390 global twist -13.76317 global supercoiling -0.00390
frame 3844 time 1922.0 binding_event at DNA_gyrase 19 enzyme gyrase with twist 68.36184 superhelical 0.04820 global twist -13.76317 global supercoiling -0.00392
frame 3848 time 1924.0 unbinding_event at DNA_gyrase 19 enzyme gyrase with twist 72.84983 superhelical 0.06939 global twist -24.53434 global supercoiling -0.00713
frame 3863 time 1931.5 unbinding_event at gene tetA enzyme RNAP with twist -27.22714 superhelical -0.06277 global twist -27.22714 global supercoiling -0.00775
frame 3923 time 1961.5 binding_event at DNA_gyrase 36 enzyme gyrase with twist -27.22714 superhelical -0.00771 global twist -27.22714 global supercoiling -0.00771
frame 3925 time 1962.5 unbinding_event at DNA_gyrase 36 enzyme gyrase with twist -35.30552 superhelical -0.01381 global twist -32.61272 global supercoiling -0.00943
frame 3935 time 1967.5 binding_event at gene tetA enzyme RNAP with twist -35.30552 superhelical -0.01000 global twist -35.30552 global supercoiling -0.01000
frame 3975 time 1987.5 unbinding_event at gene tetA enzyme RNAP with twist -35.30552 superhelical -0.06707 global twist -35.30552 global supercoiling -0.01005
frame 4062 time 2031.0 binding_event at gene tetA enzyme RNAP with twist -35.30552 superhelical -0.01000 global twist -35.30552 global supercoiling -0.01000
frame 4102 time 2051.0 unbinding_event at gene tetA enzyme RNAP with twist -35.30552 superhelical -0.06707 global twist -35.30552 global supercoiling -0.01005
frame 4147 time 2073.5 binding_event at DNA_gyrase 27 enzyme gyrase with twist -35.30552 superhelical -0.01000 global twist -35.30552 global supercoiling -0.01000
frame 4151 time 2075.5 unbinding_event at DNA_gyrase 27 enzyme gyrase with twist -48.76949 superhelical -0.21110 global twist -46.07669 global supercoiling -0.01332
frame 4202 time 2101.0 binding_event at DNA_gyrase 24 enzyme gyrase with twist -48.76949 superhelical -0.01381 global twist -48.76949 global supercoiling -0.01381
frame 4207 time 2103.5 unbinding_event at DNA_gyrase 24 enzyme gyrase with twist -64.92625 superhelical -0.01647 global twist -62.23345 global supercoiling -0.01799
frame 4257 time 2128.5 binding_event at gene tetA enzyme RNAP with twist -64.92625 superhelical -0.01839 global twist -64.92625 global supercoiling -0.01839
frame 4281 time 2140.5 binding_event at DNA_gyrase 40 enzyme gyrase with twist -117.90227 superhelical -0.05491 global twist -64.92625 global supercoiling -0.01849
frame 4282 time 2141.0 unbinding_event at DNA_gyrase 40 enzyme gyrase with twist -130.46864 superhelical -0.05960 global twist -67.61904 global supercoiling -0.01966
frame 4297 time 2148.5 unbinding_event at gene tetA enzyme RNAP with twist -70.31184 superhelical -0.07517 global twist -70.31184 global supercoiling -0.02002
frame 4322 time 2161.0 binding_event at DNA_topoI 13 enzyme topoI with twist -70.31184 superhelical -0.01992 global twist -70.31184 global supercoiling -0.01992
frame 4334 time 2167.0 unbinding_event at DNA_topoI 13 enzyme topoI with twist -19.74715 superhelical -0.01067 global twist -23.63674 global supercoiling -0.00683
frame 4337 time 2168.5 binding_event at DNA_gyrase 46 enzyme gyrase with twist -19.74715 superhelical -0.00559 global twist -19.74715 global supercoiling -0.00559
frame 4338 time 2169.0 unbinding_event at DNA_gyrase 46 enzyme gyrase with twist -25.13274 superhelical -0.00764 global twist -22.43995 global supercoiling -0.00649
frame 4496 time 2248.0 binding_event at DNA_topoI 30 enzyme topoI with twist -25.13274 superhelical -0.00712 global twist -25.13274 global supercoiling -0.00712
frame 4496 time 2248.0 unbinding_event at DNA_topoI 30 enzyme topoI with twist -21.24315 superhelical 0.00055 global twist -25.13274 global supercoiling -0.00712
frame 4534 time 2267.0 binding_event at DNA_gyrase 9 enzyme gyrase with twist -21.24315 superhelical -0.00602 global twist -21.24315 global supercoiling -0.00602
frame 4535 time 2267.5 unbinding_event at DNA_gyrase 9 enzyme gyrase with twist -26.62874 superhelical -0.00730 global twist -23.93594 global supercoiling -0.00692
frame 4548 time 2274.0 binding_event at DNA_gyrase 24 enzyme gyrase with twist -26.62874 superhelical -0.00754 global twist -26.62874 global supercoiling -0.00754
frame 4571 time 2285.5 unbinding_event at DNA_gyrase 24 enzyme gyrase with twist -91.25579 superhelical -0.01718 global twist -88.56299 global supercoiling -0.02561
frame 4613 time 2306.5 binding_event at DNA_topoI 44 enzyme topoI with twist -91.25579 superhelical -0.02585 global twist -91.25579 global supercoiling -0.02585
frame 4616 time 2308.0 unbinding_event at DNA_topoI 44 enzyme topoI with twist -75.69742 superhelical -0.02018 global twist -79.58701 global supercoiling -0.02301
frame 4653 time 2326.5 binding_event at DNA_topoI 21 enzyme topoI with twist -75.69742 superhelical -0.02144 global twist -75.69742 global supercoiling -0.02144
frame 4674 time 2337.0 unbinding_event at DNA_topoI 21 enzyme topoI with twist 9.87358 superhelical -0.00849 global twist 5.98399 global supercoiling 0.00173
frame 4690 time 2345.0 binding_event at DNA_gyrase 5 enzyme gyrase with twist 9.87358 superhelical 0.00280 global twist 9.87358 global supercoiling 0.00280
frame 4694 time 2347.0 unbinding_event at DNA_gyrase 5 enzyme gyrase with twist -3.59039 superhelical -0.00044 global twist -0.89760 global supercoiling -0.00026
frame 4724 time 2362.0 binding_event at DNA_gyrase 9 enzyme gyrase with twist -3.59039 superhelical -0.00102 global twist -3.59039 global supercoiling -0.00102
frame 4742 time 2371.0 unbinding_event at DNA_gyrase 9 enzyme gyrase with twist -54.75347 superhelical -0.01201 global twist -52.06068 global supercoiling -0.01505
frame 4833 time 2416.5 binding_event at DNA_topoI 28 enzyme topoI with twist -54.75347 superhelical -0.01551 global twist -54.75347 global supercoiling -0.01551
frame 4836 time 2418.0 unbinding_event at DNA_topoI 28 enzyme topoI with twist -39.19511 superhelical 0.05803 global twist -43.08470 global supercoiling -0.01246
frame 4845 time 2422.5 binding_event at gene tetA enzyme RNAP with twist -39.19511 superhelical -0.01110 global twist -39.19511 global supercoiling -0.01110
frame 4856 time 2428.0 binding_event at DNA_gyrase 12 enzyme gyrase with twist 19.45591 superhelical 0.01218 global twist -39.19511 global supercoiling -0.01116
frame 4861 time 2430.5 unbinding_event at DNA_gyrase 12 enzyme gyrase with twist 24.84150 superhelical 0.04206 global twist -52.65908 global supercoiling -0.01531
frame 4867 time 2433.5 binding_event at gene tetA enzyme RNAP with twist -98.14532 superhelical -0.04649 global twist -55.35187 global supercoiling -0.01576
frame 4873 time 2436.5 binding_event at DNA_gyrase 23 enzyme gyrase with twist 64.33580 superhelical 0.04977 global twist -55.35187 global supercoiling -0.01585
frame 4873 time 2436.5 unbinding_event at DNA_gyrase 23 enzyme gyrase with twist 65.23340 superhelical 0.05565 global twist -55.35187 global supercoiling -0.01585
frame 4874 time 2437.0 binding_event at DNA_gyrase 22 enzyme gyrase with twist 65.23340 superhelical 0.05118 global twist -58.04466 global supercoiling -0.01662
frame 4875 time 2437.5 unbinding_event at DNA_gyrase 22 enzyme gyrase with twist 67.02860 superhelical 0.06085 global twist -60.73746 global supercoiling -0.01776
frame 4885 time 2442.5 unbinding_event at gene tetA enzyme RNAP with twist 85.30229 superhelical -0.04691 global twist -63.43025 global supercoiling -0.01816
frame 4907 time 2453.5 unbinding_event at gene tetA enzyme RNAP with twist -63.43025 superhelical -0.09286 global twist -63.43025 global supercoiling -0.01806
frame 4916 time 2458.0 binding_event at DNA_gyrase 18 enzyme gyrase with twist -63.43025 superhelical -0.01797 global twist -63.43025 global supercoiling -0.01797
frame 4918 time 2459.0 unbinding_event at DNA_gyrase 18 enzyme gyrase with twist -71.50863 superhelical -0.01970 global twist -68.81584 global supercoiling -0.01990
frame 4947 time 2473.5 binding_event at DNA_topoI 31 enzyme topoI with twist -71.50863 superhelical -0.02025 global twist -71.50863 global supercoiling -0.02025
frame 4950 time 2475.0 unbinding_event at DNA_topoI 31 enzyme topoI with twist -55.95027 superhelical 0.00358 global twist -59.83986 global supercoiling -0.01730
frame 5019 time 2509.5 binding_event at DNA_gyrase 23 enzyme gyrase with twist -55.95027 superhelical -0.01585 global twist -55.95027 global supercoiling -0.01585
frame 5019 time 2509.5 unbinding_event at DNA_gyrase 23 enzyme gyrase with twist -58.64306 superhelical -0.01658 global twist -55.95027 global supercoiling -0.01585
frame 5034 time 2517.0 binding_event at gene Raspberry enzyme RNAP with twist -58.64306 superhelical -0.01661 global twist -58.64306 global supercoiling -0.01661
frame 5042 time 2521.0 binding_event at gene CDS enzyme RNAP with twist -17.18795 superhelical -0.00660 global twist -58.64306 global supercoiling -0.01670
frame 5049 time 2524.5 unbinding_event at gene CDS enzyme RNAP with twist 11.53518 superhelical -0.00665 global twist -58.64306 global supercoiling -0.01679
frame 5061 time 2530.5 unbinding_event at gene Raspberry enzyme RNAP with twist -58.64306 superhelical -0.08953 global twist -58.64306 global supercoiling -0.01670
frame 5084 time 2542.0 binding_event at DNA_gyrase 9 enzyme gyrase with twist -58.64306 superhelical -0.01661 global twist -58.64306 global supercoiling -0.01661
frame 5088 time 2544.0 unbinding_event at DNA_gyrase 9 enzyme gyrase with twist -72.10703 superhelical -0.01984 global twist -69.41424 global supercoiling -0.02007
frame 5098 time 2549.0 binding_event at gene tetA enzyme RNAP with twist -72.10703 superhelical -0.02042 global twist -72.10703 global supercoiling -0.02042
frame 5138 time 2569.0 unbinding_event at gene tetA enzyme RNAP with twist -72.10703 superhelical -0.07440 global twist -72.10703 global supercoiling -0.02054
frame 5188 time 2594.0 binding_event at gene tetA enzyme RNAP with twist -72.10703 superhelical -0.02042 global twist -72.10703 global supercoiling -0.02042
frame 5212 time 2606.0 binding_event at DNA_topoI 31 enzyme topoI with twist -121.41189 superhelical -0.05655 global twist -72.10703 global supercoiling -0.02054
frame 5212 time 2606.0 unbinding_event at DNA_topoI 31 enzyme topoI with twist -121.11270 superhelical -0.05244 global twist -72.10703 global supercoiling -0.02054
frame 5214 time 2607.0 binding_event at DNA_topoI 6 enzyme topoI with twist -124.70309 superhelical -0.05713 global twist -68.21744 global supercoiling -0.01943
frame 5214 time 2607.0 unbinding_event at DNA_topoI 6 enzyme topoI with twist -124.40389 superhelical -0.05788 global twist -68.21744 global supercoiling -0.01943
frame 5216 time 2608.0 binding_event at gene mKalama1 enzyme RNAP with twist -127.99428 superhelical -0.05768 global twist -64.32785 global supercoiling -0.01832
frame 5228 time 2614.0 unbinding_event at gene tetA enzyme RNAP with twist -73.32889 superhelical -0.09097 global twist -64.32785 global supercoiling -0.01842
frame 5230 time 2615.0 binding_event at DNA_topoI 37 enzyme topoI with twist -76.91928 superhelical -0.02469 global twist -64.32785 global supercoiling -0.01832
frame 5230 time 2615.0 unbinding_event at DNA_topoI 37 enzyme topoI with twist -76.62008 superhelical -0.02864 global twist -64.32785 global supercoiling -0.01832
frame 5243 time 2621.5 unbinding_event at gene mKalama1 enzyme RNAP with twist -60.43826 superhelical 0.43406 global twist -60.43826 global supercoiling -0.01721
frame 5319 time 2659.5 binding_event at gene mKalama1 enzyme RNAP with twist -60.43826 superhelical -0.01712 global twist -60.43826 global supercoiling -0.01712
frame 5346 time 2673.0 unbinding_event at gene mKalama1 enzyme RNAP with twist -60.43826 superhelical 0.61726 global twist -60.43826 global supercoiling -0.01721
frame 5488 time 2744.0 binding_event at gene tetA enzyme RNAP with twist -60.43826 superhelical -0.01712 global twist -60.43826 global supercoiling -0.01712
frame 5528 time 2764.0 binding_event at gene mKalama1 enzyme RNAP with twist -173.15502 superhelical -0.07113 global twist -60.43826 global supercoiling -0.01721
frame 5528 time 2764.0 unbinding_event at gene tetA enzyme RNAP with twist -17.60800 superhelical -0.07425 global twist -60.43826 global supercoiling -0.01721
frame 5551 time 2775.5 binding_event at DNA_gyrase 13 enzyme gyrase with twist -96.59662 superhelical -0.02948 global twist -60.43826 global supercoiling -0.01721
frame 5552 time 2776.0 unbinding_event at DNA_gyrase 13 enzyme gyrase with twist -109.16299 superhelical -0.03380 global twist -63.13105 global supercoiling -0.01835
frame 5555 time 2777.5 unbinding_event at gene mKalama1 enzyme RNAP with twist -65.82385 superhelical 0.37366 global twist -65.82385 global supercoiling -0.01875
frame 5577 time 2788.5 binding_event at gene tetA enzyme RNAP with twist -65.82385 superhelical -0.01864 global twist -65.82385 global supercoiling -0.01864
frame 5606 time 2803.0 binding_event at gene tetA enzyme RNAP with twist -136.29293 superhelical -0.06093 global twist -65.82385 global supercoiling -0.01875
frame 5617 time 2808.5 unbinding_event at gene tetA enzyme RNAP with twist 82.73525 superhelical -0.06146 global twist -65.82385 global supercoiling -0.01885
frame 5645 time 2822.5 binding_event at DNA_gyrase 15 enzyme gyrase with twist 179.67583 superhelical 0.16408 global twist -65.82385 global supercoiling -0.01875
frame 5646 time 2823.0 unbinding_event at gene tetA enzyme RNAP with twist -190.82229 superhelical -0.10304 global twist -68.51664 global supercoiling -0.01992
frame 5654 time 2827.0 unbinding_event at DNA_gyrase 15 enzyme gyrase with twist -92.75178 superhelical -0.07298 global twist -90.05899 global supercoiling -0.02604
frame 5749 time 2874.5 binding_event at DNA_topoI 47 enzyme topoI with twist -92.75178 superhelical -0.02627 global twist -92.75178 global supercoiling -0.02627
frame 5751 time 2875.5 unbinding_event at DNA_topoI 47 enzyme topoI with twist -81.08301 superhelical -0.02285 global twist -84.97260 global supercoiling -0.02457
frame 5760 time 2880.0 binding_event at DNA_gyrase 47 enzyme gyrase with twist -81.08301 superhelical -0.02297 global twist -81.08301 global supercoiling -0.02297
frame 5765 time 2882.5 unbinding_event at DNA_gyrase 47 enzyme gyrase with twist -97.23977 superhelical -0.02894 global twist -94.54698 global supercoiling -0.02734
frame 5785 time 2892.5 binding_event at DNA_topoI 16 enzyme topoI with twist -97.23977 superhelical -0.02754 global twist -97.23977 global supercoiling -0.02754
frame 5800 time 2900.0 binding_event at DNA_gyrase 43 enzyme gyrase with twist -50.50412 superhelical -0.01782 global twist -38.89591 global supercoiling -0.01125
frame 5800 time 2900.0 unbinding_event at DNA_topoI 16 enzyme topoI with twist -14.73310 superhelical -0.01791 global twist -38.89591 global supercoiling -0.01125
frame 5801 time 2900.5 unbinding_event at DNA_gyrase 43 enzyme gyrase with twist -40.39191 superhelical -0.02056 global twist -37.69911 global supercoiling -0.01090
frame 5803 time 2901.5 binding_event at DNA_gyrase 22 enzyme gyrase with twist -40.39191 superhelical -0.01144 global twist -40.39191 global supercoiling -0.01144
frame 5808 time 2904.0 unbinding_event at DNA_gyrase 22 enzyme gyrase with twist -56.54867 superhelical -0.01415 global twist -53.85587 global supercoiling -0.01557
frame 5880 time 2940.0 binding_event at DNA_topoI 22 enzyme topoI with twist -56.54867 superhelical -0.01602 global twist -56.54867 global supercoiling -0.01602
frame 5883 time 2941.5 unbinding_event at DNA_topoI 22 enzyme topoI with twist -40.99030 superhelical -0.01397 global twist -44.87990 global supercoiling -0.01298
frame 5911 time 2955.5 binding_event at gene tetA enzyme RNAP with twist -40.99030 superhelical -0.01161 global twist -40.99030 global supercoiling -0.01161
frame 5918 time 2959.0 binding_event at DNA_topoI 17 enzyme topoI with twist 4.17655 superhelical 0.00250 global twist -40.99030 global supercoiling -0.01167
frame 5921 time 2960.5 unbinding_event at DNA_topoI 17 enzyme topoI with twist 34.09648 superhelical 0.02556 global twist -29.32153 global supercoiling -0.00852
frame 5922 time 2961.0 binding_event at DNA_gyrase 35 enzyme gyrase with twist -59.52842 superhelical -0.03111 global twist -25.43194 global supercoiling -0.00724
frame 5923 time 2961.5 binding_event at DNA_gyrase 10 enzyme gyrase with twist 37.68687 superhelical 0.02386 global twist -28.12473 global supercoiling -0.00818
frame 5925 time 2962.5 unbinding_event at DNA_gyrase 10 enzyme gyrase with twist 40.37967 superhelical 0.04526 global twist -38.89591 global supercoiling -0.01155
frame 5928 time 2964.0 binding_event at DNA_gyrase 7 enzyme gyrase with twist 47.56045 superhelical 0.03192 global twist -49.66708 global supercoiling -0.01444
frame 5929 time 2964.5 unbinding_event at DNA_gyrase 35 enzyme gyrase with twist -109.79391 superhelical -0.05004 global twist -55.05267 global supercoiling -0.01635
frame 5933 time 2966.5 unbinding_event at DNA_gyrase 7 enzyme gyrase with twist 52.94604 superhelical 0.46591 global twist -68.51664 global supercoiling -0.01992
frame 5951 time 2975.5 unbinding_event at gene tetA enzyme RNAP with twist -71.20943 superhelical -0.07698 global twist -71.20943 global supercoiling -0.02028
frame 6064 time 3032.0 binding_event at gene tetA enzyme RNAP with twist -71.20943 superhelical -0.02017 global twist -71.20943 global supercoiling -0.02017
frame 6085 time 3042.5 binding_event at gene tetA enzyme RNAP with twist -110.20202 superhelical -0.05265 global twist -71.20943 global supercoiling -0.02028
frame 6104 time 3052.0 unbinding_event at gene tetA enzyme RNAP with twist 91.78691 superhelical -0.05313 global twist -71.20943 global supercoiling -0.02039
frame 6114 time 3057.0 binding_event at DNA_topoI 30 enzyme topoI with twist -195.30987 superhelical -0.08732 global twist -71.20943 global supercoiling -0.02028
frame 6116 time 3058.0 unbinding_event at DNA_topoI 30 enzyme topoI with twist -194.41227 superhelical -0.06677 global twist -63.43025 global supercoiling -0.01844
frame 6125 time 3062.5 unbinding_event at gene tetA enzyme RNAP with twist -59.54066 superhelical -0.09246 global twist -59.54066 global supercoiling -0.01696
frame 6147 time 3073.5 binding_event at gene tetA enzyme RNAP with twist -59.54066 superhelical -0.01686 global twist -59.54066 global supercoiling -0.01686
frame 6163 time 3081.5 binding_event at DNA_gyrase 22 enzyme gyrase with twist 27.00626 superhelical 0.01791 global twist -59.54066 global supercoiling -0.01696
frame 6166 time 3083.0 unbinding_event at DNA_gyrase 22 enzyme gyrase with twist 30.59665 superhelical 0.02763 global twist -67.61904 global supercoiling -0.01966
frame 6170 time 3085.0 binding_event at DNA_gyrase 18 enzyme gyrase with twist 41.36782 superhelical 0.02993 global twist -70.31184 global supercoiling -0.02002
frame 6178 time 3089.0 unbinding_event at DNA_gyrase 18 enzyme gyrase with twist 49.44620 superhelical 0.06945 global twist -91.85419 global supercoiling -0.02670
frame 6187 time 3093.5 unbinding_event at gene tetA enzyme RNAP with twist -94.54698 superhelical -0.07190 global twist -94.54698 global supercoiling -0.02693
frame 6191 time 3095.5 binding_event at DNA_topoI 41 enzyme topoI with twist -94.54698 superhelical -0.02678 global twist -94.54698 global supercoiling -0.02678
frame 6192 time 3096.0 unbinding_event at DNA_topoI 41 enzyme topoI with twist -86.76780 superhelical -0.02359 global twist -90.65739 global supercoiling -0.02621
frame 6226 time 3113.0 binding_event at gene tetA enzyme RNAP with twist -86.76780 superhelical -0.02458 global twist -86.76780 global supercoiling -0.02458
frame 6248 time 3124.0 binding_event at DNA_gyrase 36 enzyme gyrase with twist -121.39660 superhelical -0.05750 global twist -86.76780 global supercoiling -0.02471
frame 6257 time 3128.5 binding_event at gene tetA enzyme RNAP with twist -125.36216 superhelical -0.08241 global twist -111.00294 global supercoiling -0.03227
frame 6258 time 3129.0 unbinding_event at DNA_gyrase 36 enzyme gyrase with twist -145.66095 superhelical -0.08131 global twist -113.69573 global supercoiling -0.03324
frame 6266 time 3133.0 unbinding_event at gene tetA enzyme RNAP with twist 57.99556 superhelical -0.08346 global twist -116.38853 global supercoiling -0.03333
frame 6287 time 3143.5 binding_event at gene tetA enzyme RNAP with twist -246.19192 superhelical -0.10919 global twist -116.38853 global supercoiling -0.03315
frame 6288 time 3144.0 binding_event at gene Raspberry enzyme RNAP with twist -192.58354 superhelical -0.11105 global twist -116.38853 global supercoiling -0.03333
frame 6297 time 3148.5 unbinding_event at gene tetA enzyme RNAP with twist 112.09893 superhelical -0.11012 global twist -116.38853 global supercoiling -0.03351
frame 6315 time 3157.5 unbinding_event at gene Raspberry enzyme RNAP with twist -293.11451 superhelical -0.14714 global twist -116.38853 global supercoiling -0.03333
frame 6327 time 3163.5 unbinding_event at gene tetA enzyme RNAP with twist -116.38853 superhelical -0.13710 global twist -116.38853 global supercoiling -0.03315
frame 6329 time 3164.5 binding_event at DNA_gyrase 6 enzyme gyrase with twist -116.38853 superhelical -0.03297 global twist -116.38853 global supercoiling -0.03297
frame 6330 time 3165.0 unbinding_event at DNA_gyrase 6 enzyme gyrase with twist -121.77412 superhelical -0.03492 global twist -119.08132 global supercoiling -0.03443
frame 6379 time 3189.5 binding_event at DNA_topoI 8 enzyme topoI with twist -121.77412 superhelical -0.03449 global twist -121.77412 global supercoiling -0.03449
frame 6381 time 3190.5 unbinding_event at DNA_topoI 8 enzyme topoI with twist -110.10534 superhelical -0.03263 global twist -113.99493 global supercoiling -0.03296
frame 6442 time 3221.0 binding_event at DNA_gyrase 9 enzyme gyrase with twist -110.10534 superhelical -0.03119 global twist -110.10534 global supercoiling -0.03119
frame 6447 time 3223.5 binding_event at gene tetA enzyme RNAP with twist -80.94832 superhelical -0.03472 global twist -123.56931 global supercoiling -0.03573
frame 6450 time 3225.0 binding_event at DNA_topoI 20 enzyme topoI with twist -46.66018 superhelical -0.04139 global twist -131.64769 global supercoiling -0.03827
frame 6450 time 3225.0 unbinding_event at DNA_gyrase 9 enzyme gyrase with twist -43.03280 superhelical -0.02268 global twist -131.64769 global supercoiling -0.03827
frame 6450 time 3225.0 unbinding_event at DNA_topoI 20 enzyme topoI with twist -56.00657 superhelical -0.02268 global twist -131.64769 global supercoiling -0.03827
frame 6458 time 3229.0 binding_event at DNA_gyrase 20 enzyme gyrase with twist -30.87383 superhelical -0.01932 global twist -130.45089 global supercoiling -0.03715
frame 6459 time 3229.5 unbinding_event at DNA_gyrase 20 enzyme gyrase with twist -29.07863 superhelical -0.01697 global twist -133.14369 global supercoiling -0.03871
frame 6463 time 3231.5 binding_event at DNA_gyrase 2 enzyme gyrase with twist -117.52902 superhelical -0.05866 global twist -135.83648 global supercoiling -0.03868
frame 6470 time 3235.0 unbinding_event at DNA_gyrase 2 enzyme gyrase with twist -167.79451 superhelical -0.06673 global twist -154.68604 global supercoiling -0.04497
frame 6478 time 3239.0 binding_event at DNA_topoI 6 enzyme topoI with twist -192.92725 superhelical -0.08489 global twist -157.37883 global supercoiling -0.04482
frame 6481 time 3240.5 unbinding_event at DNA_topoI 6 enzyme topoI with twist -191.73045 superhelical -0.08398 global twist -145.71006 global supercoiling -0.04236
frame 6487 time 3243.5 unbinding_event at gene tetA enzyme RNAP with twist -141.82047 superhelical -0.08697 global twist -141.82047 global supercoiling -0.04039
frame 6526 time 3263.0 binding_event at DNA_gyrase 10 enzyme gyrase with twist -141.82047 superhelical -0.04017 global twist -141.82047 global supercoiling -0.04017
frame 6530 time 3265.0 unbinding_event at DNA_gyrase 10 enzyme gyrase with twist -155.28444 superhelical -0.04380 global twist -152.59164 global supercoiling -0.04412
frame 6556 time 3278.0 binding_event at DNA_topoI 25 enzyme topoI with twist -155.28444 superhelical -0.04398 global twist -155.28444 global supercoiling -0.04398
frame 6560 time 3280.0 binding_event at DNA_topoI 36 enzyme topoI with twist -146.54999 superhelical -0.04211 global twist -139.72607 global supercoiling -0.04040
frame 6560 time 3280.0 unbinding_event at DNA_topoI 36 enzyme topoI with twist -140.71560 superhelical -0.04013 global twist -139.72607 global supercoiling -0.04040
frame 6561 time 3280.5 unbinding_event at DNA_topoI 25 enzyme topoI with twist -128.05730 superhelical -0.03987 global twist -131.94689 global supercoiling -0.03815
frame 6607 time 3303.5 binding_event at DNA_topoI 42 enzyme topoI with twist -128.05730 superhelical -0.03627 global twist -128.05730 global supercoiling -0.03627
frame 6610 time 3305.0 unbinding_event at DNA_topoI 42 enzyme topoI with twist -112.49894 superhelical -0.03002 global twist -116.38853 global supercoiling -0.03365
frame 6655 time 3327.5 binding_event at gene tetA enzyme RNAP with twist -112.49894 superhelical -0.03186 global twist -112.49894 global supercoiling -0.03186
frame 6695 time 3347.5 unbinding_event at gene tetA enzyme RNAP with twist -112.49894 superhelical -0.08245 global twist -112.49894 global supercoiling -0.03204
frame 6714 time 3357.0 binding_event at DNA_topoI 10 enzyme topoI with twist -112.49894 superhelical -0.03186 global twist -112.49894 global supercoiling -0.03186
frame 6716 time 3358.0 unbinding_event at DNA_topoI 10 enzyme topoI with twist -100.83016 superhelical -0.03010 global twist -104.71976 global supercoiling -0.03028
frame 6747 time 3373.5 binding_event at DNA_gyrase 28 enzyme gyrase with twist -100.83016 superhelical -0.02856 global twist -100.83016 global supercoiling -0.02856
frame 6755 time 3377.5 unbinding_event at DNA_gyrase 28 enzyme gyrase with twist -125.06531 superhelical -0.14421 global twist -122.37251 global supercoiling -0.03538
frame 6780 time 3390.0 binding_event at gene tetA enzyme RNAP with twist -125.06531 superhelical -0.03542 global twist -125.06531 global supercoiling -0.03542
frame 6803 time 3401.5 binding_event at gene tetA enzyme RNAP with twist -143.70500 superhelical -0.06750 global twist -125.06531 global supercoiling -0.03562
frame 6820 time 3410.0 unbinding_event at gene tetA enzyme RNAP with twist 56.44941 superhelical -0.06811 global twist -125.06531 global supercoiling -0.03581
frame 6843 time 3421.5 unbinding_event at gene tetA enzyme RNAP with twist -125.06531 superhelical -0.10770 global twist -125.06531 global supercoiling -0.03562
frame 6848 time 3424.0 binding_event at DNA_topoI 5 enzyme topoI with twist -125.06531 superhelical -0.03542 global twist -125.06531 global supercoiling -0.03542
frame 6848 time 3424.0 unbinding_event at DNA_topoI 5 enzyme topoI with twist -121.17572 superhelical -0.03521 global twist -125.06531 global supercoiling -0.03542
frame 6893 time 3446.5 binding_event at DNA_gyrase 44 enzyme gyrase with twist -121.17572 superhelical -0.03432 global twist -121.17572 global supercoiling -0.03432
frame 6896 time 3448.0 unbinding_event at DNA_gyrase 44 enzyme gyrase with twist -131.94689 superhelical -0.03933 global twist -129.25410 global supercoiling -0.03737
frame 6907 time 3453.5 binding_event at gene tetA enzyme RNAP with twist -131.94689 superhelical -0.03737 global twist -131.94689 global supercoiling -0.03737
frame 6947 time 3473.5 unbinding_event at gene tetA enzyme RNAP with twist -131.94689 superhelical -0.08633 global twist -131.94689 global supercoiling -0.03758
frame 6999 time 3499.5 binding_event at DNA_topoI 14 enzyme topoI with twist -131.94689 superhelical -0.03737 global twist -131.94689 global supercoiling -0.03737
frame 7000 time 3500.0 unbinding_event at DNA_topoI 14 enzyme topoI with twist -124.16771 superhelical -0.03670 global twist -128.05730 global supercoiling -0.03702
frame 7062 time 3531.0 binding_event at DNA_topoI 10 enzyme topoI with twist -124.16771 superhelical -0.03517 global twist -124.16771 global supercoiling -0.03517
frame 7068 time 3534.0 unbinding_event at DNA_topoI 10 enzyme topoI with twist -96.94057 superhelical -0.03023 global twist -100.83016 global supercoiling -0.02915
frame 7085 time 3542.5 binding_event at DNA_topoI 31 enzyme topoI with twist -96.94057 superhelical -0.02746 global twist -96.94057 global supercoiling -0.02746
frame 7085 time 3542.5 unbinding_event at DNA_topoI 31 enzyme topoI with twist -93.05098 superhelical -0.02196 global twist -96.94057 global supercoiling -0.02746
frame 7086 time 3543.0 binding_event at gene tetA enzyme RNAP with twist -93.05098 superhelical -0.02636 global twist -93.05098 global supercoiling -0.02636
frame 7092 time 3546.0 binding_event at gene tetA enzyme RNAP with twist -67.02126 superhelical -0.03675 global twist -93.05098 global supercoiling -0.02650
frame 7095 time 3547.5 binding_event at gene tetA enzyme RNAP with twist -74.50359 superhelical -0.04209 global twist -93.05098 global supercoiling -0.02664
frame 7126 time 3563.0 unbinding_event at gene tetA enzyme RNAP with twist 96.34514 superhelical -0.03714 global twist -93.05098 global supercoiling -0.02679
frame 7132 time 3566.0 unbinding_event at gene tetA enzyme RNAP with twist 116.41066 superhelical -0.04255 global twist -93.05098 global supercoiling -0.02664
frame 7135 time 3567.5 unbinding_event at gene tetA enzyme RNAP with twist -93.05098 superhelical -0.08981 global twist -93.05098 global supercoiling -0.02650
frame 7145 time 3572.5 binding_event at gene tetA enzyme RNAP with twist -93.05098 superhelical -0.02636 global twist -93.05098 global supercoiling -0.02636
frame 7185 time 3592.5 unbinding_event at gene tetA enzyme RNAP with twist -93.05098 superhelical -0.07858 global twist -93.05098 global supercoiling -0.02650
frame 7262 time 3631.0 binding_event at gene tetA enzyme RNAP with twist -93.05098 superhelical -0.02636 global twist -93.05098 global supercoiling -0.02636
frame 7302 time 3651.0 unbinding_event at gene tetA enzyme RNAP with twist -93.05098 superhelical -0.07858 global twist -93.05098 global supercoiling -0.02650
frame 7336 time 3668.0 binding_event at DNA_topoI 40 enzyme topoI with twist -93.05098 superhelical -0.02636 global twist -93.05098 global supercoiling -0.02636
frame 7336 time 3668.0 unbinding_event at DNA_topoI 40 enzyme topoI with twist -89.16139 superhelical -0.02489 global twist -93.05098 global supercoiling -0.02636
frame 7449 time 3724.5 binding_event at DNA_gyrase 21 enzyme gyrase with twist -89.16139 superhelical -0.02525 global twist -89.16139 global supercoiling -0.02525
frame 7449 time 3724.5 unbinding_event at DNA_gyrase 21 enzyme gyrase with twist -91.85419 superhelical -0.02620 global twist -89.16139 global supercoiling -0.02525
frame 7459 time 3729.5 binding_event at gene tetA enzyme RNAP with twist -91.85419 superhelical -0.02602 global twist -91.85419 global supercoiling -0.02602
frame 7499 time 3749.5 unbinding_event at gene tetA enzyme RNAP with twist -91.85419 superhelical -0.07834 global twist -91.85419 global supercoiling -0.02616
frame 7557 time 3778.5 binding_event at gene tetA enzyme RNAP with twist -91.85419 superhelical -0.02602 global twist -91.85419 global supercoiling -0.02602
frame 7572 time 3786.0 binding_event at DNA_topoI 3 enzyme topoI with twist -98.74984 superhelical -0.04974 global twist -91.85419 global supercoiling -0.02616
frame 7577 time 3788.5 binding_event at gene tetA enzyme RNAP with twist -88.34653 superhelical -0.04649 global twist -72.40623 global supercoiling -0.02105
frame 7581 time 3790.5 unbinding_event at DNA_topoI 3 enzyme topoI with twist 2.78503 superhelical 0.26420 global twist -56.84787 global supercoiling -0.01662
frame 7597 time 3798.5 unbinding_event at gene tetA enzyme RNAP with twist 103.03087 superhelical 0.00819 global twist -52.95828 global supercoiling -0.01516
frame 7607 time 3803.5 binding_event at gene Raspberry enzyme RNAP with twist -188.30267 superhelical -0.08351 global twist -52.95828 global supercoiling -0.01508
frame 7617 time 3808.5 unbinding_event at gene tetA enzyme RNAP with twist 50.74845 superhelical -0.08423 global twist -52.95828 global supercoiling -0.01516
frame 7634 time 3817.0 unbinding_event at gene Raspberry enzyme RNAP with twist -52.95828 superhelical -0.13023 global twist -52.95828 global supercoiling -0.01508
frame 7635 time 3817.5 binding_event at DNA_gyrase 24 enzyme gyrase with twist -52.95828 superhelical -0.01500 global twist -52.95828 global supercoiling -0.01500
frame 7643 time 3821.5 unbinding_event at DNA_gyrase 24 enzyme gyrase with twist -77.19342 superhelical -0.01887 global twist -74.50063 global supercoiling -0.02154
frame 7653 time 3826.5 binding_event at gene tetA enzyme RNAP with twist -77.19342 superhelical -0.02186 global twist -77.19342 global supercoiling -0.02186
frame 7656 time 3828.0 binding_event at DNA_gyrase 6 enzyme gyrase with twist -28.69376 superhelical -0.01648 global twist -77.19342 global supercoiling -0.02198
frame 7664 time 3832.0 unbinding_event at DNA_gyrase 6 enzyme gyrase with twist -20.61538 superhelical 0.08828 global twist -98.73577 global supercoiling -0.02871
frame 7665 time 3832.5 binding_event at DNA_gyrase 24 enzyme gyrase with twist -20.61538 superhelical -0.01305 global twist -101.42856 global supercoiling -0.02889
frame 7667 time 3833.5 unbinding_event at DNA_gyrase 24 enzyme gyrase with twist -17.92259 superhelical -0.00940 global twist -106.81415 global supercoiling -0.03105
frame 7693 time 3846.5 unbinding_event at gene tetA enzyme RNAP with twist -109.50694 superhelical -0.07541 global twist -109.50694 global supercoiling -0.03119
frame 7824 time 3912.0 binding_event at gene tetA enzyme RNAP with twist -109.50694 superhelical -0.03102 global twist -109.50694 global supercoiling -0.03102
frame 7858 time 3929.0 binding_event at DNA_topoI 3 enzyme topoI with twist -175.59511 superhelical -0.07547 global twist -109.50694 global supercoiling -0.03119
frame 7864 time 3932.0 unbinding_event at gene tetA enzyme RNAP with twist 52.11355 superhelical -0.08149 global twist -86.16940 global supercoiling -0.02505
frame 7868 time 3934.0 unbinding_event at DNA_topoI 3 enzyme topoI with twist -66.72144 superhelical -0.06662 global twist -70.61103 global supercoiling -0.02042
frame 7939 time 3969.5 binding_event at DNA_topoI 30 enzyme topoI with twist -66.72144 superhelical -0.01890 global twist -66.72144 global supercoiling -0.01890
frame 7945 time 3972.5 unbinding_event at DNA_topoI 30 enzyme topoI with twist -39.49431 superhelical 0.03540 global twist -43.38390 global supercoiling -0.01254
frame 7975 time 3987.5 binding_event at DNA_gyrase 30 enzyme gyrase with twist -39.49431 superhelical -0.01119 global twist -39.49431 global supercoiling -0.01119
frame 7975 time 3987.5 unbinding_event at DNA_gyrase 30 enzyme gyrase with twist -42.18710 superhelical -0.01683 global twist -39.49431 global supercoiling -0.01119
