TORCphysics log file 

General information: 
---------------------------------------------------------------------------------------
Circuit name: Pleu500_45
Size: 6000
Structure: circle
Number of sites: 110
Number of frames: 8000
Simulation time: 4000.0
Simulation timestep: 0.5
Seed: 2870141499435682540
 
Overall simulation information 
---------------------------------------------------------------------------------------
Initial twist: -211.83310
Final twist: -163.75396
Initial superhelical density: -0.06000
Final superhelical density: -0.04638
 
Overall rates 
---------------------------------------------------------------------------------------
site type            site name            #binding events      #unbinding events    binding rates        
 DNA_topoI            DNA_topoI_global                     57.0                 57.0               0.01425 
DNA_gyrase           DNA_gyrase_global                    79.0                 79.0               0.01975 
EXT                  EXT                                   0.0                  0.0                   0.0 
gene                 tetA                                 51.0                 51.0               0.01275 
gene                 CDS                                   1.0                  1.0               0.00025 
origin               ori                                   0.0                  0.0                   0.0 
lacOP                lac1                                  0.0                  0.0                   0.0 
gene                 mKalama1                              7.0                  7.0               0.00175 
lacOP                lac2                                  0.0                  0.0                   0.0 
gene                 Raspberry                             8.0                  8.0                 0.002 
 
Events
---------------------------------------------------------------------------------------
frame 7 time 3.5 binding_event at gene mKalama1 enzyme RNAP with twist -211.83310 superhelical -0.06000 global twist -211.83310 global supercoiling -0.06000
frame 27 time 13.5 binding_event at DNA_topoI 33 enzyme topoI with twist -244.58105 superhelical -0.07589 global twist -211.83310 global supercoiling -0.06033
frame 31 time 15.5 unbinding_event at DNA_topoI 33 enzyme topoI with twist -243.08505 superhelical -0.08273 global twist -196.27474 global supercoiling -0.05706
frame 34 time 17.0 unbinding_event at gene mKalama1 enzyme RNAP with twist -192.38515 superhelical 0.42449 global twist -192.38515 global supercoiling -0.05479
frame 38 time 19.0 binding_event at DNA_topoI 37 enzyme topoI with twist -192.38515 superhelical -0.05449 global twist -192.38515 global supercoiling -0.05449
frame 40 time 20.0 unbinding_event at DNA_topoI 37 enzyme topoI with twist -180.71638 superhelical -0.04786 global twist -184.60597 global supercoiling -0.05337
frame 101 time 50.5 binding_event at DNA_topoI 8 enzyme topoI with twist -180.71638 superhelical -0.05119 global twist -180.71638 global supercoiling -0.05119
frame 104 time 52.0 unbinding_event at DNA_topoI 8 enzyme topoI with twist -165.15801 superhelical -0.04881 global twist -169.04760 global supercoiling -0.04888
frame 110 time 55.0 binding_event at gene tetA enzyme RNAP with twist -165.15801 superhelical -0.04678 global twist -165.15801 global supercoiling -0.04678
frame 150 time 75.0 unbinding_event at gene tetA enzyme RNAP with twist -165.15801 superhelical -0.09295 global twist -165.15801 global supercoiling -0.04703
frame 207 time 103.5 binding_event at DNA_topoI 31 enzyme topoI with twist -165.15801 superhelical -0.04678 global twist -165.15801 global supercoiling -0.04678
frame 214 time 107.0 unbinding_event at DNA_topoI 31 enzyme topoI with twist -134.04129 superhelical 0.00076 global twist -137.93088 global supercoiling -0.03988
frame 220 time 110.0 binding_event at DNA_topoI 38 enzyme topoI with twist -134.04129 superhelical -0.03797 global twist -134.04129 global supercoiling -0.03797
frame 222 time 111.0 binding_event at DNA_topoI 47 enzyme topoI with twist -98.24152 superhelical -0.03728 global twist -126.26210 global supercoiling -0.03651
frame 225 time 112.5 unbinding_event at DNA_topoI 47 enzyme topoI with twist -74.90398 superhelical -0.01124 global twist -102.92456 global supercoiling -0.03039
frame 231 time 115.5 unbinding_event at DNA_topoI 38 enzyme topoI with twist -71.80783 superhelical -0.01041 global twist -75.69742 global supercoiling -0.02189
frame 246 time 123.0 binding_event at DNA_gyrase 34 enzyme gyrase with twist -71.80783 superhelical -0.02034 global twist -71.80783 global supercoiling -0.02034
frame 254 time 127.0 unbinding_event at DNA_gyrase 34 enzyme gyrase with twist -96.04298 superhelical -0.04336 global twist -93.35018 global supercoiling -0.02699
frame 428 time 214.0 binding_event at gene tetA enzyme RNAP with twist -96.04298 superhelical -0.02720 global twist -96.04298 global supercoiling -0.02720
frame 468 time 234.0 unbinding_event at gene tetA enzyme RNAP with twist -96.04298 superhelical -0.07917 global twist -96.04298 global supercoiling -0.02735
frame 501 time 250.5 binding_event at DNA_topoI 36 enzyme topoI with twist -96.04298 superhelical -0.02720 global twist -96.04298 global supercoiling -0.02720
frame 509 time 254.5 unbinding_event at DNA_topoI 36 enzyme topoI with twist -61.03666 superhelical -0.00202 global twist -64.92625 global supercoiling -0.01877
frame 604 time 302.0 binding_event at gene tetA enzyme RNAP with twist -61.03666 superhelical -0.01729 global twist -61.03666 global supercoiling -0.01729
frame 644 time 322.0 unbinding_event at gene tetA enzyme RNAP with twist -61.03666 superhelical -0.07219 global twist -61.03666 global supercoiling -0.01738
frame 670 time 335.0 binding_event at DNA_gyrase 9 enzyme gyrase with twist -61.03666 superhelical -0.01729 global twist -61.03666 global supercoiling -0.01729
frame 671 time 335.5 unbinding_event at DNA_gyrase 9 enzyme gyrase with twist -66.42224 superhelical -0.01880 global twist -63.72945 global supercoiling -0.01843
frame 913 time 456.5 binding_event at DNA_gyrase 25 enzyme gyrase with twist -66.42224 superhelical -0.01881 global twist -66.42224 global supercoiling -0.01881
frame 920 time 460.0 unbinding_event at DNA_gyrase 25 enzyme gyrase with twist -87.96459 superhelical -0.02206 global twist -85.27180 global supercoiling -0.02465
frame 965 time 482.5 binding_event at DNA_topoI 5 enzyme topoI with twist -87.96459 superhelical -0.02492 global twist -87.96459 global supercoiling -0.02492
frame 970 time 485.0 unbinding_event at DNA_topoI 5 enzyme topoI with twist -64.62705 superhelical -0.01972 global twist -68.51664 global supercoiling -0.01981
frame 1034 time 517.0 binding_event at gene tetA enzyme RNAP with twist -64.62705 superhelical -0.01831 global twist -64.62705 global supercoiling -0.01831
frame 1073 time 536.5 binding_event at DNA_gyrase 18 enzyme gyrase with twist 106.98486 superhelical 0.09770 global twist -64.62705 global supercoiling -0.01840
frame 1074 time 537.0 unbinding_event at gene tetA enzyme RNAP with twist -117.62150 superhelical -0.07291 global twist -67.31984 global supercoiling -0.01957
frame 1079 time 539.5 binding_event at DNA_topoI 4 enzyme topoI with twist -123.00708 superhelical -0.04131 global twist -80.78381 global supercoiling -0.02336
frame 1083 time 541.5 unbinding_event at DNA_topoI 4 enzyme topoI with twist -110.29111 superhelical -0.03740 global twist -75.99662 global supercoiling -0.02244
frame 1083 time 541.5 unbinding_event at DNA_gyrase 18 enzyme gyrase with twist -74.79983 superhelical -0.03740 global twist -75.99662 global supercoiling -0.02244
frame 1090 time 545.0 binding_event at DNA_topoI 11 enzyme topoI with twist -74.79983 superhelical -0.02119 global twist -74.79983 global supercoiling -0.02119
frame 1090 time 545.0 unbinding_event at DNA_topoI 11 enzyme topoI with twist -70.91023 superhelical -0.02084 global twist -74.79983 global supercoiling -0.02119
frame 1097 time 548.5 binding_event at DNA_topoI 6 enzyme topoI with twist -70.91023 superhelical -0.02008 global twist -70.91023 global supercoiling -0.02008
frame 1097 time 548.5 unbinding_event at DNA_topoI 6 enzyme topoI with twist -67.02064 superhelical -0.01958 global twist -70.91023 global supercoiling -0.02008
frame 1123 time 561.5 binding_event at DNA_gyrase 16 enzyme gyrase with twist -67.02064 superhelical -0.01898 global twist -67.02064 global supercoiling -0.01898
frame 1130 time 565.0 unbinding_event at DNA_gyrase 16 enzyme gyrase with twist -88.56299 superhelical -0.02318 global twist -85.87020 global supercoiling -0.02483
frame 1299 time 649.5 binding_event at DNA_topoI 1 enzyme topoI with twist -88.56299 superhelical -0.02508 global twist -88.56299 global supercoiling -0.02508
frame 1300 time 650.0 unbinding_event at DNA_topoI 1 enzyme topoI with twist -80.78381 superhelical -0.02339 global twist -84.67340 global supercoiling -0.02448
frame 1350 time 675.0 binding_event at DNA_topoI 29 enzyme topoI with twist -80.78381 superhelical -0.02288 global twist -80.78381 global supercoiling -0.02288
frame 1351 time 675.5 unbinding_event at DNA_topoI 29 enzyme topoI with twist -73.00463 superhelical -0.00140 global twist -76.89422 global supercoiling -0.02223
frame 1455 time 727.5 binding_event at DNA_topoI 11 enzyme topoI with twist -73.00463 superhelical -0.02068 global twist -73.00463 global supercoiling -0.02068
frame 1466 time 733.0 unbinding_event at DNA_topoI 11 enzyme topoI with twist -26.32954 superhelical -0.01168 global twist -30.21913 global supercoiling -0.00874
frame 1518 time 759.0 binding_event at DNA_gyrase 34 enzyme gyrase with twist -26.32954 superhelical -0.00746 global twist -26.32954 global supercoiling -0.00746
frame 1519 time 759.5 unbinding_event at DNA_gyrase 34 enzyme gyrase with twist -31.71513 superhelical -0.01263 global twist -29.02233 global supercoiling -0.00839
frame 1542 time 771.0 binding_event at DNA_gyrase 33 enzyme gyrase with twist -31.71513 superhelical -0.00898 global twist -31.71513 global supercoiling -0.00898
frame 1545 time 772.5 unbinding_event at DNA_gyrase 33 enzyme gyrase with twist -42.48630 superhelical -0.02077 global twist -39.79351 global supercoiling -0.01151
frame 1559 time 779.5 binding_event at DNA_topoI 41 enzyme topoI with twist -42.48630 superhelical -0.01203 global twist -42.48630 global supercoiling -0.01203
frame 1562 time 781.0 unbinding_event at DNA_topoI 41 enzyme topoI with twist -26.92794 superhelical -0.00480 global twist -30.81753 global supercoiling -0.00891
frame 1631 time 815.5 binding_event at DNA_gyrase 43 enzyme gyrase with twist -26.92794 superhelical -0.00763 global twist -26.92794 global supercoiling -0.00763
frame 1634 time 817.0 unbinding_event at DNA_gyrase 43 enzyme gyrase with twist -37.69911 superhelical -0.01234 global twist -35.00632 global supercoiling -0.01012
frame 1681 time 840.5 binding_event at DNA_topoI 5 enzyme topoI with twist -37.69911 superhelical -0.01068 global twist -37.69911 global supercoiling -0.01068
frame 1689 time 844.5 unbinding_event at DNA_topoI 5 enzyme topoI with twist -2.69279 superhelical -0.00234 global twist -6.58238 global supercoiling -0.00190
frame 1768 time 884.0 binding_event at DNA_gyrase 3 enzyme gyrase with twist -2.69279 superhelical -0.00076 global twist -2.69279 global supercoiling -0.00076
frame 1770 time 885.0 unbinding_event at DNA_gyrase 3 enzyme gyrase with twist -10.77117 superhelical -0.00290 global twist -8.07838 global supercoiling -0.00234
frame 1778 time 889.0 binding_event at DNA_gyrase 25 enzyme gyrase with twist -10.77117 superhelical -0.00305 global twist -10.77117 global supercoiling -0.00305
frame 1779 time 889.5 unbinding_event at DNA_gyrase 25 enzyme gyrase with twist -16.15676 superhelical -0.00385 global twist -13.46397 global supercoiling -0.00389
frame 1805 time 902.5 binding_event at gene tetA enzyme RNAP with twist -16.15676 superhelical -0.00458 global twist -16.15676 global supercoiling -0.00458
frame 1839 time 919.5 binding_event at DNA_topoI 46 enzyme topoI with twist -129.96997 superhelical -0.05586 global twist -16.15676 global supercoiling -0.00460
frame 1839 time 919.5 unbinding_event at DNA_topoI 46 enzyme topoI with twist -129.67077 superhelical -0.05625 global twist -16.15676 global supercoiling -0.00460
frame 1845 time 922.5 unbinding_event at gene tetA enzyme RNAP with twist -12.26717 superhelical -0.06166 global twist -12.26717 global supercoiling -0.00349
frame 1885 time 942.5 binding_event at DNA_gyrase 7 enzyme gyrase with twist -12.26717 superhelical -0.00347 global twist -12.26717 global supercoiling -0.00347
frame 1887 time 943.5 unbinding_event at DNA_gyrase 7 enzyme gyrase with twist -20.34555 superhelical -0.00539 global twist -17.65276 global supercoiling -0.00510
frame 1934 time 967.0 binding_event at gene tetA enzyme RNAP with twist -20.34555 superhelical -0.00576 global twist -20.34555 global supercoiling -0.00576
frame 1945 time 972.5 binding_event at DNA_gyrase 3 enzyme gyrase with twist -49.43825 superhelical -0.02583 global twist -20.34555 global supercoiling -0.00579
frame 1951 time 975.5 unbinding_event at DNA_gyrase 3 enzyme gyrase with twist -93.42055 superhelical -0.03019 global twist -36.50231 global supercoiling -0.01061
frame 1952 time 976.0 binding_event at DNA_topoI 36 enzyme topoI with twist -93.42055 superhelical -0.04581 global twist -39.19511 global supercoiling -0.01116
frame 1954 time 977.0 binding_event at DNA_topoI 28 enzyme topoI with twist -28.38709 superhelical -0.04176 global twist -31.41593 global supercoiling -0.00913
frame 1954 time 977.0 unbinding_event at DNA_topoI 36 enzyme topoI with twist -85.66070 superhelical -0.03895 global twist -31.41593 global supercoiling -0.00913
frame 1962 time 981.0 unbinding_event at DNA_topoI 28 enzyme topoI with twist -86.23976 superhelical 0.11950 global twist 3.59039 global supercoiling 0.00104
frame 1974 time 987.0 unbinding_event at gene tetA enzyme RNAP with twist 7.47998 superhelical -0.05274 global twist 7.47998 global supercoiling 0.00213
frame 1976 time 988.0 binding_event at gene tetA enzyme RNAP with twist 7.47998 superhelical 0.00212 global twist 7.47998 global supercoiling 0.00212
frame 2007 time 1003.5 binding_event at gene tetA enzyme RNAP with twist -107.64628 superhelical -0.04736 global twist 7.47998 global supercoiling 0.00213
frame 2009 time 1004.5 binding_event at DNA_topoI 45 enzyme topoI with twist -89.15888 superhelical -0.05089 global twist 7.47998 global supercoiling 0.00214
frame 2010 time 1005.0 unbinding_event at DNA_topoI 45 enzyme topoI with twist -88.56049 superhelical -0.05013 global twist 11.36957 global supercoiling 0.00332
frame 2016 time 1008.0 unbinding_event at gene tetA enzyme RNAP with twist 125.36200 superhelical -0.04777 global twist 15.25916 global supercoiling 0.00437
frame 2029 time 1014.5 binding_event at gene CDS enzyme RNAP with twist 168.44670 superhelical 0.12030 global twist 15.25916 global supercoiling 0.00435
frame 2036 time 1018.0 binding_event at DNA_gyrase 12 enzyme gyrase with twist 82.98262 superhelical 0.12197 global twist 15.25916 global supercoiling 0.00437
frame 2036 time 1018.0 unbinding_event at gene CDS enzyme RNAP with twist 152.57763 superhelical 0.11436 global twist 15.25916 global supercoiling 0.00437
frame 2047 time 1023.5 unbinding_event at gene tetA enzyme RNAP with twist -154.82162 superhelical -0.09029 global twist -14.36157 global supercoiling -0.00418
frame 2048 time 1024.0 unbinding_event at DNA_gyrase 12 enzyme gyrase with twist -19.74715 superhelical -0.06132 global twist -17.05436 global supercoiling -0.00493
frame 2094 time 1047.0 binding_event at gene Raspberry enzyme RNAP with twist -19.74715 superhelical -0.00559 global twist -19.74715 global supercoiling -0.00559
frame 2100 time 1050.0 binding_event at gene tetA enzyme RNAP with twist 6.08250 superhelical 0.00230 global twist -19.74715 global supercoiling -0.00562
frame 2113 time 1056.5 binding_event at DNA_gyrase 5 enzyme gyrase with twist 50.83928 superhelical 0.03255 global twist -19.74715 global supercoiling -0.00565
frame 2113 time 1056.5 unbinding_event at DNA_gyrase 5 enzyme gyrase with twist 51.73688 superhelical 0.08385 global twist -19.74715 global supercoiling -0.00565
frame 2121 time 1060.5 unbinding_event at gene Raspberry enzyme RNAP with twist -102.89996 superhelical -0.08286 global twist -22.43995 global supercoiling -0.00643
frame 2137 time 1068.5 binding_event at DNA_topoI 44 enzyme topoI with twist -156.75583 superhelical -0.06585 global twist -22.43995 global supercoiling -0.00639
frame 2140 time 1070.0 unbinding_event at gene tetA enzyme RNAP with twist 70.50259 superhelical -0.06942 global twist -10.77117 global supercoiling -0.00313
frame 2142 time 1071.0 binding_event at DNA_topoI 41 enzyme topoI with twist -75.43938 superhelical -0.06015 global twist -2.99199 global supercoiling -0.00087
frame 2143 time 1071.5 unbinding_event at DNA_topoI 41 enzyme topoI with twist -63.77061 superhelical -0.06006 global twist 4.78719 global supercoiling 0.00141
frame 2144 time 1072.0 binding_event at gene tetA enzyme RNAP with twist -63.77061 superhelical -0.02893 global twist 12.56637 global supercoiling 0.00363
frame 2152 time 1076.0 binding_event at gene tetA enzyme RNAP with twist -24.54988 superhelical -0.04599 global twist -96.42449 global supercoiling -0.02803
frame 2152 time 1076.0 unbinding_event at DNA_topoI 44 enzyme topoI with twist -66.52528 superhelical -0.03689 global twist -96.42449 global supercoiling -0.02803
frame 2162 time 1081.0 binding_event at DNA_gyrase 9 enzyme gyrase with twist 12.24156 superhelical 0.00832 global twist -92.53489 global supercoiling -0.02650
frame 2166 time 1083.0 unbinding_event at DNA_gyrase 9 enzyme gyrase with twist 16.72955 superhelical 0.07430 global twist -103.30607 global supercoiling -0.03020
frame 2184 time 1092.0 unbinding_event at gene tetA enzyme RNAP with twist 75.41895 superhelical -0.04770 global twist -105.99886 global supercoiling -0.03035
frame 2192 time 1096.0 unbinding_event at gene tetA enzyme RNAP with twist -105.99886 superhelical -0.08569 global twist -105.99886 global supercoiling -0.03019
frame 2251 time 1125.5 binding_event at DNA_topoI 7 enzyme topoI with twist -105.99886 superhelical -0.03002 global twist -105.99886 global supercoiling -0.03002
frame 2251 time 1125.5 unbinding_event at DNA_topoI 7 enzyme topoI with twist -102.10927 superhelical -0.02976 global twist -105.99886 global supercoiling -0.03002
frame 2282 time 1141.0 binding_event at DNA_gyrase 12 enzyme gyrase with twist -102.10927 superhelical -0.02892 global twist -102.10927 global supercoiling -0.02892
frame 2283 time 1141.5 unbinding_event at DNA_gyrase 12 enzyme gyrase with twist -107.49486 superhelical -0.03058 global twist -104.80207 global supercoiling -0.03030
frame 2348 time 1174.0 binding_event at gene tetA enzyme RNAP with twist -107.49486 superhelical -0.03045 global twist -107.49486 global supercoiling -0.03045
frame 2363 time 1181.5 binding_event at DNA_topoI 42 enzyme topoI with twist -106.39426 superhelical -0.05359 global twist -107.49486 global supercoiling -0.03061
frame 2366 time 1183.0 binding_event at DNA_topoI 27 enzyme topoI with twist -55.91288 superhelical -0.05034 global twist -95.82609 global supercoiling -0.02786
frame 2372 time 1186.0 unbinding_event at DNA_topoI 42 enzyme topoI with twist -87.98506 superhelical -0.02674 global twist -49.15100 global supercoiling -0.01459
frame 2381 time 1190.5 unbinding_event at DNA_topoI 27 enzyme topoI with twist -73.48234 superhelical 0.87475 global twist -10.25509 global supercoiling -0.00298
frame 2388 time 1194.0 unbinding_event at gene tetA enzyme RNAP with twist -6.36550 superhelical -0.04021 global twist -6.36550 global supercoiling -0.00181
frame 2390 time 1195.0 binding_event at DNA_gyrase 27 enzyme gyrase with twist -6.36550 superhelical -0.00180 global twist -6.36550 global supercoiling -0.00180
frame 2392 time 1196.0 unbinding_event at DNA_gyrase 27 enzyme gyrase with twist -14.44388 superhelical -0.12238 global twist -11.75108 global supercoiling -0.00340
frame 2418 time 1209.0 binding_event at gene tetA enzyme RNAP with twist -14.44388 superhelical -0.00409 global twist -14.44388 global supercoiling -0.00409
frame 2422 time 1211.0 binding_event at gene tetA enzyme RNAP with twist -21.42105 superhelical -0.01198 global twist -14.44388 global supercoiling -0.00411
frame 2458 time 1229.0 unbinding_event at gene tetA enzyme RNAP with twist 139.18396 superhelical -0.01211 global twist -14.44388 global supercoiling -0.00414
frame 2461 time 1230.5 binding_event at DNA_topoI 9 enzyme topoI with twist -160.80862 superhelical -0.06655 global twist -14.44388 global supercoiling -0.00411
frame 2462 time 1231.0 unbinding_event at gene tetA enzyme RNAP with twist 149.35137 superhelical -0.08548 global twist -10.55429 global supercoiling -0.00307
frame 2464 time 1232.0 binding_event at DNA_topoI 49 enzyme topoI with twist -154.07127 superhelical -0.06609 global twist -2.77510 global supercoiling -0.00080
frame 2464 time 1232.0 unbinding_event at DNA_topoI 49 enzyme topoI with twist -148.23689 superhelical -0.06698 global twist -2.77510 global supercoiling -0.00080
frame 2466 time 1233.0 unbinding_event at DNA_topoI 9 enzyme topoI with twist 12.78326 superhelical -0.06192 global twist 8.89367 global supercoiling 0.00257
frame 2474 time 1237.0 binding_event at gene tetA enzyme RNAP with twist 12.78326 superhelical 0.00362 global twist 12.78326 global supercoiling 0.00362
frame 2478 time 1239.0 binding_event at DNA_gyrase 5 enzyme gyrase with twist 20.89697 superhelical 0.01213 global twist 12.78326 global supercoiling 0.00364
frame 2480 time 1240.0 unbinding_event at DNA_gyrase 5 enzyme gyrase with twist 23.58977 superhelical 0.05314 global twist 7.39767 global supercoiling 0.00215
frame 2491 time 1245.5 binding_event at DNA_topoI 37 enzyme topoI with twist -54.78881 superhelical -0.02710 global twist 4.70488 global supercoiling 0.00134
frame 2491 time 1245.5 unbinding_event at DNA_topoI 37 enzyme topoI with twist -54.48961 superhelical -0.02552 global twist 4.70488 global supercoiling 0.00134
frame 2503 time 1251.5 binding_event at DNA_topoI 4 enzyme topoI with twist -93.98392 superhelical -0.04202 global twist 8.59447 global supercoiling 0.00245
frame 2506 time 1253.0 unbinding_event at DNA_topoI 4 enzyme topoI with twist -92.78712 superhelical -0.03947 global twist 20.26324 global supercoiling 0.00589
frame 2511 time 1255.5 binding_event at gene tetA enzyme RNAP with twist -107.14868 superhelical -0.04501 global twist 24.15283 global supercoiling 0.00688
frame 2514 time 1257.0 unbinding_event at gene tetA enzyme RNAP with twist 116.39134 superhelical -0.04538 global twist 24.15283 global supercoiling 0.00692
frame 2551 time 1275.5 unbinding_event at gene tetA enzyme RNAP with twist 24.15283 superhelical -0.09179 global twist 24.15283 global supercoiling 0.00688
frame 2575 time 1287.5 binding_event at DNA_gyrase 39 enzyme gyrase with twist 24.15283 superhelical 0.00684 global twist 24.15283 global supercoiling 0.00684
frame 2586 time 1293.0 unbinding_event at DNA_gyrase 39 enzyme gyrase with twist -8.16069 superhelical -0.01107 global twist -5.46790 global supercoiling -0.00158
frame 2650 time 1325.0 binding_event at gene tetA enzyme RNAP with twist -8.16069 superhelical -0.00231 global twist -8.16069 global supercoiling -0.00231
frame 2678 time 1339.0 binding_event at DNA_gyrase 48 enzyme gyrase with twist -104.51952 superhelical -0.04711 global twist -8.16069 global supercoiling -0.00232
frame 2687 time 1343.5 unbinding_event at DNA_gyrase 48 enzyme gyrase with twist -167.35138 superhelical -0.05741 global twist -32.39584 global supercoiling -0.00942
frame 2689 time 1344.5 binding_event at DNA_gyrase 13 enzyme gyrase with twist 135.85314 superhelical 0.12406 global twist -35.08863 global supercoiling -0.00999
frame 2690 time 1345.0 unbinding_event at gene tetA enzyme RNAP with twist -149.32400 superhelical -0.07264 global twist -37.78142 global supercoiling -0.01098
frame 2694 time 1347.0 binding_event at gene tetA enzyme RNAP with twist -153.36319 superhelical -0.05857 global twist -48.55260 global supercoiling -0.01404
frame 2696 time 1348.0 unbinding_event at DNA_gyrase 13 enzyme gyrase with twist 55.39379 superhelical -0.05471 global twist -53.93818 global supercoiling -0.01568
frame 2707 time 1353.5 binding_event at DNA_topoI 33 enzyme topoI with twist -147.92869 superhelical -0.07588 global twist -56.63098 global supercoiling -0.01613
frame 2709 time 1354.5 unbinding_event at DNA_topoI 33 enzyme topoI with twist -147.03109 superhelical -0.06621 global twist -48.85180 global supercoiling -0.01420
frame 2726 time 1363.0 binding_event at DNA_topoI 7 enzyme topoI with twist -204.47736 superhelical -0.08927 global twist -44.96221 global supercoiling -0.01280
frame 2727 time 1363.5 unbinding_event at DNA_topoI 7 enzyme topoI with twist -203.87896 superhelical -0.09038 global twist -41.07262 global supercoiling -0.01194
frame 2734 time 1367.0 unbinding_event at gene tetA enzyme RNAP with twist -37.18302 superhelical -0.09339 global twist -37.18302 global supercoiling -0.01059
frame 2774 time 1387.0 binding_event at gene mKalama1 enzyme RNAP with twist -37.18302 superhelical -0.01053 global twist -37.18302 global supercoiling -0.01053
frame 2793 time 1396.5 binding_event at DNA_topoI 36 enzyme topoI with twist -98.54429 superhelical -0.03075 global twist -37.18302 global supercoiling -0.01059
frame 2801 time 1400.5 unbinding_event at gene mKalama1 enzyme RNAP with twist 67.72267 superhelical 0.64687 global twist -6.06630 global supercoiling -0.00176
frame 2802 time 1401.0 binding_event at gene tetA enzyme RNAP with twist 67.72267 superhelical 0.02437 global twist -2.17671 global supercoiling -0.00063
frame 2802 time 1401.0 unbinding_event at DNA_topoI 36 enzyme topoI with twist 91.69250 superhelical 0.10249 global twist -2.17671 global supercoiling -0.00063
frame 2831 time 1415.5 binding_event at gene tetA enzyme RNAP with twist -8.83846 superhelical -0.00395 global twist 139.33493 global supercoiling 0.03968
frame 2842 time 1421.0 unbinding_event at gene tetA enzyme RNAP with twist 189.25955 superhelical -0.00399 global twist 139.33493 global supercoiling 0.03990
frame 2850 time 1425.0 binding_event at gene tetA enzyme RNAP with twist -75.05735 superhelical -0.03648 global twist 139.33493 global supercoiling 0.03968
frame 2867 time 1433.5 binding_event at DNA_gyrase 13 enzyme gyrase with twist 275.42894 superhelical 0.23973 global twist 139.33493 global supercoiling 0.03990
frame 2867 time 1433.5 unbinding_event at DNA_gyrase 13 enzyme gyrase with twist 276.32654 superhelical 0.28691 global twist 139.33493 global supercoiling 0.03990
frame 2871 time 1435.5 unbinding_event at gene tetA enzyme RNAP with twist 278.83231 superhelical -0.03683 global twist 136.64214 global supercoiling 0.03913
frame 2890 time 1445.0 unbinding_event at gene tetA enzyme RNAP with twist 136.64214 superhelical -0.08580 global twist 136.64214 global supercoiling 0.03891
frame 2900 time 1450.0 binding_event at DNA_gyrase 17 enzyme gyrase with twist 136.64214 superhelical 0.03870 global twist 136.64214 global supercoiling 0.03870
frame 2902 time 1451.0 unbinding_event at DNA_gyrase 17 enzyme gyrase with twist 128.56376 superhelical 0.03812 global twist 131.25655 global supercoiling 0.03795
frame 2929 time 1464.5 binding_event at DNA_gyrase 6 enzyme gyrase with twist 128.56376 superhelical 0.03641 global twist 128.56376 global supercoiling 0.03641
frame 2937 time 1468.5 unbinding_event at DNA_gyrase 6 enzyme gyrase with twist 104.32862 superhelical 0.03144 global twist 107.02141 global supercoiling 0.03094
frame 2970 time 1485.0 binding_event at gene Raspberry enzyme RNAP with twist 104.32862 superhelical 0.02955 global twist 104.32862 global supercoiling 0.02955
frame 2975 time 1487.5 binding_event at DNA_gyrase 35 enzyme gyrase with twist 4.69880 superhelical 0.00551 global twist 104.32862 global supercoiling 0.02971
frame 2980 time 1490.0 unbinding_event at DNA_gyrase 35 enzyme gyrase with twist -33.00031 superhelical -0.00727 global twist 90.86465 global supercoiling 0.02642
frame 2986 time 1493.0 binding_event at gene tetA enzyme RNAP with twist 139.12412 superhelical 0.05651 global twist 88.17185 global supercoiling 0.02511
frame 2995 time 1497.5 binding_event at DNA_gyrase 3 enzyme gyrase with twist 134.56055 superhelical 0.08237 global twist 88.17185 global supercoiling 0.02525
frame 2997 time 1498.5 unbinding_event at gene Raspberry enzyme RNAP with twist -54.91588 superhelical -0.07434 global twist 82.78627 global supercoiling 0.02420
frame 2998 time 1499.0 unbinding_event at DNA_gyrase 3 enzyme gyrase with twist 65.42257 superhelical -0.02960 global twist 80.09347 global supercoiling 0.02329
frame 3026 time 1513.0 unbinding_event at gene tetA enzyme RNAP with twist 77.40068 superhelical -0.01432 global twist 77.40068 global supercoiling 0.02204
frame 3043 time 1521.5 binding_event at gene Raspberry enzyme RNAP with twist 77.40068 superhelical 0.02192 global twist 77.40068 global supercoiling 0.02192
frame 3047 time 1523.5 binding_event at DNA_gyrase 7 enzyme gyrase with twist 74.95780 superhelical 0.02800 global twist 77.40068 global supercoiling 0.02204
frame 3054 time 1527.0 unbinding_event at DNA_gyrase 7 enzyme gyrase with twist 82.13859 superhelical 0.04731 global twist 58.55112 global supercoiling 0.01702
frame 3065 time 1532.5 binding_event at DNA_topoI 36 enzyme topoI with twist -62.18417 superhelical -0.05373 global twist 55.85833 global supercoiling 0.01591
frame 3070 time 1535.0 unbinding_event at gene Raspberry enzyme RNAP with twist 106.46934 superhelical -0.06450 global twist 75.30628 global supercoiling 0.02189
frame 3078 time 1539.0 unbinding_event at DNA_topoI 36 enzyme topoI with twist 110.31260 superhelical -0.01723 global twist 106.42301 global supercoiling 0.03077
frame 3105 time 1552.5 binding_event at gene tetA enzyme RNAP with twist 110.31260 superhelical 0.03125 global twist 110.31260 global supercoiling 0.03125
frame 3106 time 1553.0 binding_event at DNA_gyrase 23 enzyme gyrase with twist 59.98743 superhelical 0.03375 global twist 110.31260 global supercoiling 0.03142
frame 3109 time 1554.5 unbinding_event at DNA_gyrase 23 enzyme gyrase with twist 63.57782 superhelical 0.04278 global twist 102.23422 global supercoiling 0.02972
frame 3133 time 1566.5 binding_event at DNA_gyrase 17 enzyme gyrase with twist 146.15683 superhelical 0.11308 global twist 99.54143 global supercoiling 0.02835
frame 3135 time 1567.5 unbinding_event at DNA_gyrase 17 enzyme gyrase with twist 148.84962 superhelical 0.14120 global twist 94.15584 global supercoiling 0.02737
frame 3145 time 1572.5 unbinding_event at gene tetA enzyme RNAP with twist 91.46305 superhelical -0.03804 global twist 91.46305 global supercoiling 0.02605
frame 3189 time 1594.5 binding_event at DNA_gyrase 23 enzyme gyrase with twist 91.46305 superhelical 0.02591 global twist 91.46305 global supercoiling 0.02591
frame 3193 time 1596.5 unbinding_event at DNA_gyrase 23 enzyme gyrase with twist 77.99908 superhelical 0.02443 global twist 80.69187 global supercoiling 0.02333
frame 3207 time 1603.5 binding_event at DNA_gyrase 39 enzyme gyrase with twist 77.99908 superhelical 0.02209 global twist 77.99908 global supercoiling 0.02209
frame 3214 time 1607.0 unbinding_event at DNA_gyrase 39 enzyme gyrase with twist 56.45673 superhelical 0.01052 global twist 59.14952 global supercoiling 0.01710
frame 3219 time 1609.5 binding_event at gene tetA enzyme RNAP with twist 56.45673 superhelical 0.01599 global twist 56.45673 global supercoiling 0.01599
frame 3259 time 1629.5 unbinding_event at gene tetA enzyme RNAP with twist 56.45673 superhelical -0.04878 global twist 56.45673 global supercoiling 0.01608
frame 3331 time 1665.5 binding_event at DNA_gyrase 1 enzyme gyrase with twist 56.45673 superhelical 0.01599 global twist 56.45673 global supercoiling 0.01599
frame 3334 time 1667.0 unbinding_event at DNA_gyrase 1 enzyme gyrase with twist 45.68555 superhelical 0.01326 global twist 48.37835 global supercoiling 0.01399
frame 3396 time 1698.0 binding_event at DNA_gyrase 5 enzyme gyrase with twist 45.68555 superhelical 0.01294 global twist 45.68555 global supercoiling 0.01294
frame 3401 time 1700.5 unbinding_event at DNA_gyrase 5 enzyme gyrase with twist 29.52879 superhelical 0.00926 global twist 32.22159 global supercoiling 0.00932
frame 3426 time 1713.0 binding_event at DNA_gyrase 9 enzyme gyrase with twist 29.52879 superhelical 0.00836 global twist 29.52879 global supercoiling 0.00836
frame 3435 time 1717.5 unbinding_event at DNA_gyrase 9 enzyme gyrase with twist 2.60085 superhelical 0.00276 global twist 5.29365 global supercoiling 0.00153
frame 3461 time 1730.5 binding_event at gene Raspberry enzyme RNAP with twist 2.60085 superhelical 0.00074 global twist 2.60085 global supercoiling 0.00074
frame 3468 time 1734.0 binding_event at DNA_gyrase 45 enzyme gyrase with twist 27.16892 superhelical 0.01036 global twist 2.60085 global supercoiling 0.00074
frame 3471 time 1735.5 unbinding_event at DNA_gyrase 45 enzyme gyrase with twist 30.75932 superhelical 0.03871 global twist -5.47753 global supercoiling -0.00159
frame 3472 time 1736.0 binding_event at DNA_topoI 38 enzyme topoI with twist -38.92964 superhelical -0.04056 global twist -8.17032 global supercoiling -0.00233
frame 3476 time 1738.0 unbinding_event at DNA_topoI 38 enzyme topoI with twist -37.43364 superhelical -0.03203 global twist 7.38804 global supercoiling 0.00215
frame 3488 time 1744.0 unbinding_event at gene Raspberry enzyme RNAP with twist 11.27763 superhelical -0.06365 global twist 11.27763 global supercoiling 0.00321
frame 3527 time 1763.5 binding_event at DNA_gyrase 16 enzyme gyrase with twist 11.27763 superhelical 0.00319 global twist 11.27763 global supercoiling 0.00319
frame 3530 time 1765.0 unbinding_event at DNA_gyrase 16 enzyme gyrase with twist 0.50646 superhelical 0.00136 global twist 3.19925 global supercoiling 0.00092
frame 3534 time 1767.0 binding_event at gene tetA enzyme RNAP with twist 0.50646 superhelical 0.00014 global twist 0.50646 global supercoiling 0.00014
frame 3574 time 1787.0 unbinding_event at gene tetA enzyme RNAP with twist 0.50646 superhelical -0.05993 global twist 0.50646 global supercoiling 0.00014
frame 3797 time 1898.5 binding_event at DNA_gyrase 29 enzyme gyrase with twist 0.50646 superhelical 0.00014 global twist 0.50646 global supercoiling 0.00014
frame 3802 time 1901.0 unbinding_event at DNA_gyrase 29 enzyme gyrase with twist -15.65030 superhelical -0.04546 global twist -12.95751 global supercoiling -0.00375
frame 3829 time 1914.5 binding_event at DNA_gyrase 29 enzyme gyrase with twist -15.65030 superhelical -0.00443 global twist -15.65030 global supercoiling -0.00443
frame 3844 time 1922.0 unbinding_event at DNA_gyrase 29 enzyme gyrase with twist -58.73500 superhelical -0.12615 global twist -56.04221 global supercoiling -0.01620
frame 3961 time 1980.5 binding_event at gene tetA enzyme RNAP with twist -58.73500 superhelical -0.01664 global twist -58.73500 global supercoiling -0.01664
frame 4001 time 2000.5 unbinding_event at gene tetA enzyme RNAP with twist -58.73500 superhelical -0.07174 global twist -58.73500 global supercoiling -0.01673
frame 4010 time 2005.0 binding_event at gene tetA enzyme RNAP with twist -58.73500 superhelical -0.01664 global twist -58.73500 global supercoiling -0.01664
frame 4037 time 2018.5 binding_event at DNA_gyrase 23 enzyme gyrase with twist 66.91245 superhelical 0.05106 global twist -58.73500 global supercoiling -0.01673
frame 4040 time 2020.0 unbinding_event at DNA_gyrase 23 enzyme gyrase with twist 70.50285 superhelical 0.06632 global twist -66.81338 global supercoiling -0.01942
frame 4042 time 2021.0 binding_event at DNA_gyrase 14 enzyme gyrase with twist 74.09324 superhelical 0.06070 global twist -69.50618 global supercoiling -0.01979
frame 4042 time 2021.0 unbinding_event at DNA_gyrase 14 enzyme gyrase with twist 74.99083 superhelical 0.07387 global twist -69.50618 global supercoiling -0.01979
frame 4050 time 2025.0 unbinding_event at gene tetA enzyme RNAP with twist -72.19897 superhelical -0.07174 global twist -72.19897 global supercoiling -0.02056
frame 4128 time 2064.0 binding_event at DNA_topoI 15 enzyme topoI with twist -72.19897 superhelical -0.02045 global twist -72.19897 global supercoiling -0.02045
frame 4128 time 2064.0 unbinding_event at DNA_topoI 15 enzyme topoI with twist -68.30938 superhelical -0.02017 global twist -72.19897 global supercoiling -0.02045
frame 4133 time 2066.5 binding_event at gene tetA enzyme RNAP with twist -68.30938 superhelical -0.01935 global twist -68.30938 global supercoiling -0.01935
frame 4170 time 2085.0 binding_event at DNA_gyrase 13 enzyme gyrase with twist 97.92149 superhelical 0.08658 global twist -68.30938 global supercoiling -0.01945
frame 4171 time 2085.5 unbinding_event at DNA_gyrase 13 enzyme gyrase with twist 99.71669 superhelical 0.13509 global twist -71.00217 global supercoiling -0.02064
frame 4173 time 2086.5 unbinding_event at gene tetA enzyme RNAP with twist -73.69497 superhelical -0.07364 global twist -73.69497 global supercoiling -0.02099
frame 4254 time 2127.0 binding_event at gene tetA enzyme RNAP with twist -73.69497 superhelical -0.02087 global twist -73.69497 global supercoiling -0.02087
frame 4274 time 2137.0 binding_event at DNA_topoI 46 enzyme topoI with twist -107.82644 superhelical -0.05196 global twist -73.69497 global supercoiling -0.02099
frame 4275 time 2137.5 binding_event at DNA_topoI 41 enzyme topoI with twist -73.28894 superhelical -0.05243 global twist -69.80538 global supercoiling -0.02029
frame 4275 time 2137.5 unbinding_event at DNA_topoI 41 enzyme topoI with twist -67.45456 superhelical -0.05340 global twist -69.80538 global supercoiling -0.02029
frame 4275 time 2137.5 unbinding_event at DNA_topoI 46 enzyme topoI with twist -103.33845 superhelical -0.05340 global twist -69.80538 global supercoiling -0.02029
frame 4294 time 2147.0 unbinding_event at gene tetA enzyme RNAP with twist -62.02619 superhelical -0.06996 global twist -62.02619 global supercoiling -0.01766
frame 4337 time 2168.5 binding_event at DNA_gyrase 43 enzyme gyrase with twist -62.02619 superhelical -0.01757 global twist -62.02619 global supercoiling -0.01757
frame 4347 time 2173.5 unbinding_event at DNA_gyrase 43 enzyme gyrase with twist -91.64693 superhelical -0.03046 global twist -88.95413 global supercoiling -0.02572
frame 4464 time 2232.0 binding_event at DNA_topoI 23 enzyme topoI with twist -91.64693 superhelical -0.02596 global twist -91.64693 global supercoiling -0.02596
frame 4468 time 2234.0 unbinding_event at DNA_topoI 23 enzyme topoI with twist -72.19897 superhelical -0.02358 global twist -76.08856 global supercoiling -0.02200
frame 4527 time 2263.5 binding_event at DNA_gyrase 3 enzyme gyrase with twist -72.19897 superhelical -0.02045 global twist -72.19897 global supercoiling -0.02045
frame 4527 time 2263.5 unbinding_event at DNA_gyrase 3 enzyme gyrase with twist -74.89176 superhelical -0.02158 global twist -72.19897 global supercoiling -0.02045
frame 4653 time 2326.5 binding_event at gene tetA enzyme RNAP with twist -74.89176 superhelical -0.02121 global twist -74.89176 global supercoiling -0.02121
frame 4671 time 2335.5 binding_event at DNA_gyrase 24 enzyme gyrase with twist 26.33883 superhelical 0.01789 global twist -74.89176 global supercoiling -0.02133
frame 4671 time 2335.5 unbinding_event at DNA_gyrase 24 enzyme gyrase with twist 27.23642 superhelical 0.02075 global twist -74.89176 global supercoiling -0.02133
frame 4693 time 2346.5 unbinding_event at gene tetA enzyme RNAP with twist -77.58456 superhelical -0.07496 global twist -77.58456 global supercoiling -0.02210
frame 4698 time 2349.0 binding_event at gene tetA enzyme RNAP with twist -77.58456 superhelical -0.02198 global twist -77.58456 global supercoiling -0.02198
frame 4703 time 2351.5 binding_event at DNA_gyrase 38 enzyme gyrase with twist -55.87161 superhelical -0.03094 global twist -77.58456 global supercoiling -0.02210
frame 4705 time 2352.5 unbinding_event at DNA_gyrase 38 enzyme gyrase with twist -74.72117 superhelical -0.03712 global twist -82.97015 global supercoiling -0.02412
frame 4728 time 2364.0 binding_event at DNA_gyrase 12 enzyme gyrase with twist 68.04684 superhelical 0.05415 global twist -85.66294 global supercoiling -0.02440
frame 4737 time 2368.5 unbinding_event at DNA_gyrase 12 enzyme gyrase with twist 77.02282 superhelical 0.40826 global twist -109.89808 global supercoiling -0.03195
frame 4738 time 2369.0 unbinding_event at gene tetA enzyme RNAP with twist -112.59088 superhelical -0.07879 global twist -112.59088 global supercoiling -0.03206
frame 4765 time 2382.5 binding_event at DNA_topoI 3 enzyme topoI with twist -112.59088 superhelical -0.03189 global twist -112.59088 global supercoiling -0.03189
frame 4784 time 2392.0 binding_event at DNA_gyrase 8 enzyme gyrase with twist -13.77322 superhelical -0.00884 global twist -38.68865 global supercoiling -0.01119
frame 4784 time 2392.0 unbinding_event at DNA_gyrase 8 enzyme gyrase with twist -14.52122 superhelical -0.00718 global twist -38.68865 global supercoiling -0.01119
frame 4785 time 2392.5 unbinding_event at DNA_topoI 3 enzyme topoI with twist -33.60226 superhelical -0.01106 global twist -37.49185 global supercoiling -0.01084
frame 4794 time 2397.0 binding_event at gene mKalama1 enzyme RNAP with twist -33.60226 superhelical -0.00952 global twist -33.60226 global supercoiling -0.00952
frame 4821 time 2410.5 unbinding_event at gene mKalama1 enzyme RNAP with twist -33.60226 superhelical 0.65143 global twist -33.60226 global supercoiling -0.00957
frame 4852 time 2426.0 binding_event at DNA_gyrase 14 enzyme gyrase with twist -33.60226 superhelical -0.00952 global twist -33.60226 global supercoiling -0.00952
frame 4856 time 2428.0 unbinding_event at DNA_gyrase 14 enzyme gyrase with twist -47.06623 superhelical -0.01222 global twist -44.37344 global supercoiling -0.01283
frame 4913 time 2456.5 binding_event at gene Raspberry enzyme RNAP with twist -47.06623 superhelical -0.01333 global twist -47.06623 global supercoiling -0.01333
frame 4940 time 2470.0 unbinding_event at gene Raspberry enzyme RNAP with twist -47.06623 superhelical -0.08755 global twist -47.06623 global supercoiling -0.01340
frame 4978 time 2489.0 binding_event at DNA_gyrase 7 enzyme gyrase with twist -47.06623 superhelical -0.01333 global twist -47.06623 global supercoiling -0.01333
frame 4981 time 2490.5 unbinding_event at DNA_gyrase 7 enzyme gyrase with twist -57.83740 superhelical -0.01607 global twist -55.14461 global supercoiling -0.01594
frame 4987 time 2493.5 binding_event at DNA_gyrase 48 enzyme gyrase with twist -57.83740 superhelical -0.01638 global twist -57.83740 global supercoiling -0.01638
frame 4987 time 2493.5 unbinding_event at DNA_gyrase 48 enzyme gyrase with twist -60.53020 superhelical -0.01760 global twist -57.83740 global supercoiling -0.01638
frame 5042 time 2521.0 binding_event at gene tetA enzyme RNAP with twist -60.53020 superhelical -0.01714 global twist -60.53020 global supercoiling -0.01714
frame 5079 time 2539.5 binding_event at DNA_topoI 8 enzyme topoI with twist -162.42878 superhelical -0.06824 global twist -60.53020 global supercoiling -0.01724
frame 5081 time 2540.5 unbinding_event at DNA_topoI 8 enzyme topoI with twist -161.53118 superhelical -0.06778 global twist -52.75102 global supercoiling -0.01534
frame 5082 time 2541.0 unbinding_event at gene tetA enzyme RNAP with twist -48.86143 superhelical -0.06734 global twist -48.86143 global supercoiling -0.01392
frame 5114 time 2557.0 binding_event at gene tetA enzyme RNAP with twist -48.86143 superhelical -0.01384 global twist -48.86143 global supercoiling -0.01384
frame 5149 time 2574.5 binding_event at DNA_topoI 48 enzyme topoI with twist -149.54485 superhelical -0.06378 global twist -48.86143 global supercoiling -0.01392
frame 5151 time 2575.5 binding_event at gene tetA enzyme RNAP with twist -51.40699 superhelical -0.06701 global twist -41.08224 global supercoiling -0.01194
frame 5154 time 2577.0 unbinding_event at gene tetA enzyme RNAP with twist 77.89239 superhelical -0.06873 global twist -29.41347 global supercoiling -0.00860
frame 5169 time 2584.5 unbinding_event at DNA_topoI 48 enzyme topoI with twist -98.92828 superhelical -0.03931 global twist 28.93039 global supercoiling 0.00841
frame 5191 time 2595.5 unbinding_event at gene tetA enzyme RNAP with twist 32.81998 superhelical -0.07255 global twist 32.81998 global supercoiling 0.00935
frame 5285 time 2642.5 binding_event at DNA_gyrase 12 enzyme gyrase with twist 32.81998 superhelical 0.00930 global twist 32.81998 global supercoiling 0.00930
frame 5290 time 2645.0 unbinding_event at DNA_gyrase 12 enzyme gyrase with twist 16.66322 superhelical 0.00632 global twist 19.35602 global supercoiling 0.00560
frame 5311 time 2655.5 binding_event at DNA_gyrase 13 enzyme gyrase with twist 16.66322 superhelical 0.00472 global twist 16.66322 global supercoiling 0.00472
frame 5318 time 2659.0 unbinding_event at DNA_gyrase 13 enzyme gyrase with twist -4.87913 superhelical 0.00070 global twist -2.18633 global supercoiling -0.00063
frame 5320 time 2660.0 binding_event at gene tetA enzyme RNAP with twist -4.87913 superhelical -0.00138 global twist -4.87913 global supercoiling -0.00138
frame 5360 time 2680.0 unbinding_event at gene tetA enzyme RNAP with twist -4.87913 superhelical -0.06100 global twist -4.87913 global supercoiling -0.00139
frame 5429 time 2714.5 binding_event at gene tetA enzyme RNAP with twist -4.87913 superhelical -0.00138 global twist -4.87913 global supercoiling -0.00138
frame 5462 time 2731.0 binding_event at DNA_gyrase 49 enzyme gyrase with twist -120.86761 superhelical -0.05235 global twist -4.87913 global supercoiling -0.00139
frame 5462 time 2731.0 unbinding_event at DNA_gyrase 49 enzyme gyrase with twist -127.15079 superhelical -0.05487 global twist -4.87913 global supercoiling -0.00139
frame 5469 time 2734.5 unbinding_event at gene tetA enzyme RNAP with twist -7.57192 superhelical -0.06210 global twist -7.57192 global supercoiling -0.00216
frame 5500 time 2750.0 binding_event at DNA_gyrase 47 enzyme gyrase with twist -7.57192 superhelical -0.00214 global twist -7.57192 global supercoiling -0.00214
frame 5507 time 2753.5 unbinding_event at DNA_gyrase 47 enzyme gyrase with twist -29.11427 superhelical -0.00952 global twist -26.42148 global supercoiling -0.00764
frame 5523 time 2761.5 binding_event at DNA_gyrase 49 enzyme gyrase with twist -29.11427 superhelical -0.00825 global twist -29.11427 global supercoiling -0.00825
frame 5527 time 2763.5 unbinding_event at DNA_gyrase 49 enzyme gyrase with twist -42.57824 superhelical -0.01259 global twist -39.88545 global supercoiling -0.01153
frame 5573 time 2786.5 binding_event at DNA_gyrase 7 enzyme gyrase with twist -42.57824 superhelical -0.01206 global twist -42.57824 global supercoiling -0.01206
frame 5575 time 2787.5 unbinding_event at DNA_gyrase 7 enzyme gyrase with twist -50.65662 superhelical -0.01416 global twist -47.96383 global supercoiling -0.01387
frame 5581 time 2790.5 binding_event at gene mKalama1 enzyme RNAP with twist -50.65662 superhelical -0.01435 global twist -50.65662 global supercoiling -0.01435
frame 5608 time 2804.0 unbinding_event at gene mKalama1 enzyme RNAP with twist -50.65662 superhelical 0.62971 global twist -50.65662 global supercoiling -0.01443
frame 5711 time 2855.5 binding_event at gene tetA enzyme RNAP with twist -50.65662 superhelical -0.01435 global twist -50.65662 global supercoiling -0.01435
frame 5740 time 2870.0 binding_event at DNA_topoI 4 enzyme topoI with twist -128.87991 superhelical -0.05762 global twist -50.65662 global supercoiling -0.01443
frame 5743 time 2871.5 unbinding_event at DNA_topoI 4 enzyme topoI with twist -127.68311 superhelical -0.05558 global twist -38.98785 global supercoiling -0.01134
frame 5751 time 2875.5 unbinding_event at gene tetA enzyme RNAP with twist -35.09826 superhelical -0.06378 global twist -35.09826 global supercoiling -0.01000
frame 5800 time 2900.0 binding_event at DNA_gyrase 7 enzyme gyrase with twist -35.09826 superhelical -0.00994 global twist -35.09826 global supercoiling -0.00994
frame 5803 time 2901.5 unbinding_event at DNA_gyrase 7 enzyme gyrase with twist -45.86943 superhelical -0.01261 global twist -43.17664 global supercoiling -0.01248
frame 5815 time 2907.5 binding_event at gene Raspberry enzyme RNAP with twist -45.86943 superhelical -0.01299 global twist -45.86943 global supercoiling -0.01299
frame 5829 time 2914.5 binding_event at gene tetA enzyme RNAP with twist 14.35475 superhelical 0.00575 global twist -45.86943 global supercoiling -0.01306
frame 5841 time 2920.5 binding_event at DNA_topoI 43 enzyme topoI with twist -103.30888 superhelical -0.08405 global twist -45.86943 global supercoiling -0.01313
frame 5842 time 2921.0 unbinding_event at gene Raspberry enzyme RNAP with twist -1.48355 superhelical -0.50517 global twist -41.97984 global supercoiling -0.01227
frame 5848 time 2924.0 unbinding_event at DNA_topoI 43 enzyme topoI with twist -96.95751 superhelical -0.07239 global twist -18.64230 global supercoiling -0.00542
frame 5869 time 2934.5 unbinding_event at gene tetA enzyme RNAP with twist -14.75271 superhelical -0.07029 global twist -14.75271 global supercoiling -0.00420
frame 5993 time 2996.5 binding_event at gene tetA enzyme RNAP with twist -14.75271 superhelical -0.00418 global twist -14.75271 global supercoiling -0.00418
frame 6000 time 3000.0 binding_event at DNA_gyrase 8 enzyme gyrase with twist 17.59046 superhelical 0.01054 global twist -14.75271 global supercoiling -0.00420
frame 6004 time 3002.0 unbinding_event at DNA_gyrase 8 enzyme gyrase with twist 22.07845 superhelical 0.05055 global twist -25.52388 global supercoiling -0.00742
frame 6012 time 3006.0 binding_event at gene tetA enzyme RNAP with twist -75.42786 superhelical -0.03666 global twist -28.21667 global supercoiling -0.00804
frame 6033 time 3016.5 unbinding_event at gene tetA enzyme RNAP with twist 114.28548 superhelical -0.03701 global twist -28.21667 global supercoiling -0.00808
frame 6050 time 3025.0 binding_event at DNA_topoI 32 enzyme topoI with twist -199.94842 superhelical -0.08337 global twist -28.21667 global supercoiling -0.00804
frame 6052 time 3026.0 unbinding_event at gene tetA enzyme RNAP with twist 11.35387 superhelical -0.08610 global twist -20.43749 global supercoiling -0.00594
frame 6071 time 3035.5 binding_event at gene mKalama1 enzyme RNAP with twist 46.36018 superhelical 0.01512 global twist 53.46474 global supercoiling 0.01546
frame 6071 time 3035.5 unbinding_event at DNA_topoI 32 enzyme topoI with twist 17.37052 superhelical 0.02305 global twist 53.46474 global supercoiling 0.01546
frame 6081 time 3040.5 binding_event at DNA_gyrase 9 enzyme gyrase with twist 7.67029 superhelical 0.00252 global twist 57.35433 global supercoiling 0.01633
frame 6082 time 3041.0 unbinding_event at DNA_gyrase 9 enzyme gyrase with twist -4.89608 superhelical -0.00272 global twist 54.66153 global supercoiling 0.01589
frame 6098 time 3049.0 unbinding_event at gene mKalama1 enzyme RNAP with twist 51.96874 superhelical 0.78937 global twist 51.96874 global supercoiling 0.01480
frame 6111 time 3055.5 binding_event at gene mKalama1 enzyme RNAP with twist 51.96874 superhelical 0.01472 global twist 51.96874 global supercoiling 0.01472
frame 6121 time 3060.5 binding_event at DNA_gyrase 32 enzyme gyrase with twist 45.48643 superhelical 0.09720 global twist 51.96874 global supercoiling 0.01480
frame 6122 time 3061.0 unbinding_event at DNA_gyrase 32 enzyme gyrase with twist 47.28162 superhelical 0.10796 global twist 49.27595 global supercoiling 0.01433
frame 6138 time 3069.0 unbinding_event at gene mKalama1 enzyme RNAP with twist 46.58315 superhelical 0.72320 global twist 46.58315 global supercoiling 0.01327
frame 6266 time 3133.0 binding_event at DNA_gyrase 18 enzyme gyrase with twist 46.58315 superhelical 0.01319 global twist 46.58315 global supercoiling 0.01319
frame 6266 time 3133.0 unbinding_event at DNA_gyrase 18 enzyme gyrase with twist 43.89036 superhelical 0.01302 global twist 46.58315 global supercoiling 0.01319
frame 6273 time 3136.5 binding_event at gene Raspberry enzyme RNAP with twist 43.89036 superhelical 0.01243 global twist 43.89036 global supercoiling 0.01243
frame 6296 time 3148.0 binding_event at gene mKalama1 enzyme RNAP with twist -73.04998 superhelical -0.06216 global twist 43.89036 global supercoiling 0.01250
frame 6300 time 3150.0 unbinding_event at gene Raspberry enzyme RNAP with twist 66.84941 superhelical -0.09888 global twist 43.89036 global supercoiling 0.01257
frame 6323 time 3161.5 unbinding_event at gene mKalama1 enzyme RNAP with twist 43.89036 superhelical 0.41170 global twist 43.89036 global supercoiling 0.01250
frame 6329 time 3164.5 binding_event at gene tetA enzyme RNAP with twist 43.89036 superhelical 0.01243 global twist 43.89036 global supercoiling 0.01243
frame 6369 time 3184.5 unbinding_event at gene tetA enzyme RNAP with twist 43.89036 superhelical -0.05128 global twist 43.89036 global supercoiling 0.01250
frame 6409 time 3204.5 binding_event at DNA_gyrase 8 enzyme gyrase with twist 43.89036 superhelical 0.01243 global twist 43.89036 global supercoiling 0.01243
frame 6410 time 3205.0 unbinding_event at DNA_gyrase 8 enzyme gyrase with twist 38.50477 superhelical 0.01150 global twist 41.19756 global supercoiling 0.01191
frame 6462 time 3231.0 binding_event at DNA_gyrase 1 enzyme gyrase with twist 38.50477 superhelical 0.01091 global twist 38.50477 global supercoiling 0.01091
frame 6464 time 3232.0 unbinding_event at DNA_gyrase 1 enzyme gyrase with twist 30.42639 superhelical 0.00883 global twist 33.11918 global supercoiling 0.00958
frame 6498 time 3249.0 binding_event at gene tetA enzyme RNAP with twist 30.42639 superhelical 0.00862 global twist 30.42639 global supercoiling 0.00862
frame 6524 time 3262.0 binding_event at gene tetA enzyme RNAP with twist -78.47921 superhelical -0.03595 global twist 30.42639 global supercoiling 0.00867
frame 6537 time 3268.5 binding_event at DNA_topoI 45 enzyme topoI with twist -108.92021 superhelical -0.05587 global twist 30.42639 global supercoiling 0.00871
frame 6538 time 3269.0 unbinding_event at gene tetA enzyme RNAP with twist 146.52739 superhelical -0.03627 global twist 34.31598 global supercoiling 0.01003
frame 6544 time 3272.0 unbinding_event at DNA_topoI 45 enzyme topoI with twist -106.52662 superhelical -0.04627 global twist 57.65353 global supercoiling 0.01676
frame 6547 time 3273.5 binding_event at DNA_gyrase 13 enzyme gyrase with twist 175.25052 superhelical 0.12678 global twist 61.54312 global supercoiling 0.01753
frame 6551 time 3275.5 binding_event at DNA_gyrase 25 enzyme gyrase with twist 106.96680 superhelical 0.12732 global twist 50.77194 global supercoiling 0.01476
frame 6551 time 3275.5 unbinding_event at DNA_gyrase 13 enzyme gyrase with twist 175.55228 superhelical 0.19475 global twist 50.77194 global supercoiling 0.01476
frame 6552 time 3276.0 binding_event at DNA_gyrase 20 enzyme gyrase with twist 175.55228 superhelical 0.14132 global twist 45.38635 global supercoiling 0.01320
frame 6558 time 3279.0 unbinding_event at DNA_gyrase 20 enzyme gyrase with twist 172.41069 superhelical 0.19560 global twist 13.07283 global supercoiling 0.00388
frame 6561 time 3280.5 unbinding_event at DNA_gyrase 25 enzyme gyrase with twist 167.17214 superhelical 0.16856 global twist 2.30165 global supercoiling 0.00067
frame 6564 time 3282.0 unbinding_event at gene tetA enzyme RNAP with twist -0.39114 superhelical -0.07272 global twist -0.39114 global supercoiling -0.00011
frame 6668 time 3334.0 binding_event at gene tetA enzyme RNAP with twist -0.39114 superhelical -0.00011 global twist -0.39114 global supercoiling -0.00011
frame 6694 time 3347.0 binding_event at DNA_topoI 29 enzyme topoI with twist -93.54135 superhelical -0.04285 global twist -0.39114 global supercoiling -0.00011
frame 6694 time 3347.0 unbinding_event at DNA_topoI 29 enzyme topoI with twist -93.24215 superhelical -0.03333 global twist -0.39114 global supercoiling -0.00011
frame 6708 time 3354.0 unbinding_event at gene tetA enzyme RNAP with twist 3.49845 superhelical -0.05852 global twist 3.49845 global supercoiling 0.00100
frame 6781 time 3390.5 binding_event at DNA_gyrase 8 enzyme gyrase with twist 3.49845 superhelical 0.00099 global twist 3.49845 global supercoiling 0.00099
frame 6782 time 3391.0 unbinding_event at DNA_gyrase 8 enzyme gyrase with twist -1.88714 superhelical -0.00018 global twist 0.80566 global supercoiling 0.00023
frame 6832 time 3416.0 binding_event at gene tetA enzyme RNAP with twist -1.88714 superhelical -0.00053 global twist -1.88714 global supercoiling -0.00053
frame 6860 time 3430.0 binding_event at DNA_topoI 43 enzyme topoI with twist -101.45331 superhelical -0.04572 global twist -1.88714 global supercoiling -0.00054
frame 6860 time 3430.0 unbinding_event at DNA_topoI 43 enzyme topoI with twist -101.15411 superhelical -0.04561 global twist -1.88714 global supercoiling -0.00054
frame 6872 time 3436.0 unbinding_event at gene tetA enzyme RNAP with twist 2.00246 superhelical -0.05882 global twist 2.00246 global supercoiling 0.00057
frame 6882 time 3441.0 binding_event at DNA_gyrase 6 enzyme gyrase with twist 2.00246 superhelical 0.00057 global twist 2.00246 global supercoiling 0.00057
frame 6886 time 3443.0 unbinding_event at DNA_gyrase 6 enzyme gyrase with twist -11.46151 superhelical -0.00260 global twist -8.76872 global supercoiling -0.00254
frame 6897 time 3448.5 binding_event at DNA_gyrase 23 enzyme gyrase with twist -11.46151 superhelical -0.00325 global twist -11.46151 global supercoiling -0.00325
frame 6928 time 3464.0 unbinding_event at DNA_gyrase 23 enzyme gyrase with twist -97.63091 superhelical -0.01623 global twist -94.93812 global supercoiling -0.02745
frame 6949 time 3474.5 binding_event at DNA_gyrase 10 enzyme gyrase with twist -97.63091 superhelical -0.02765 global twist -97.63091 global supercoiling -0.02765
frame 6956 time 3478.0 unbinding_event at DNA_gyrase 10 enzyme gyrase with twist -119.17326 superhelical -0.03271 global twist -116.48047 global supercoiling -0.03368
frame 7041 time 3520.5 binding_event at DNA_topoI 22 enzyme topoI with twist -119.17326 superhelical -0.03375 global twist -119.17326 global supercoiling -0.03375
frame 7041 time 3520.5 unbinding_event at DNA_topoI 22 enzyme topoI with twist -115.28367 superhelical -0.03386 global twist -119.17326 global supercoiling -0.03375
frame 7050 time 3525.0 binding_event at DNA_topoI 2 enzyme topoI with twist -115.28367 superhelical -0.03265 global twist -115.28367 global supercoiling -0.03265
frame 7056 time 3528.0 unbinding_event at DNA_topoI 2 enzyme topoI with twist -88.05653 superhelical -0.02589 global twist -91.94612 global supercoiling -0.02658
frame 7088 time 3544.0 binding_event at DNA_topoI 18 enzyme topoI with twist -88.05653 superhelical -0.02494 global twist -88.05653 global supercoiling -0.02494
frame 7090 time 3545.0 unbinding_event at DNA_topoI 18 enzyme topoI with twist -76.38776 superhelical -0.02350 global twist -80.27735 global supercoiling -0.02321
frame 7094 time 3547.0 binding_event at DNA_topoI 21 enzyme topoI with twist -76.38776 superhelical -0.02164 global twist -76.38776 global supercoiling -0.02164
frame 7102 time 3551.0 unbinding_event at DNA_topoI 21 enzyme topoI with twist -41.38144 superhelical -0.01660 global twist -45.27103 global supercoiling -0.01309
frame 7163 time 3581.5 binding_event at DNA_gyrase 43 enzyme gyrase with twist -41.38144 superhelical -0.01172 global twist -41.38144 global supercoiling -0.01172
frame 7164 time 3582.0 unbinding_event at DNA_gyrase 43 enzyme gyrase with twist -46.76703 superhelical -0.01424 global twist -44.07424 global supercoiling -0.01274
frame 7218 time 3609.0 binding_event at gene tetA enzyme RNAP with twist -46.76703 superhelical -0.01325 global twist -46.76703 global supercoiling -0.01325
frame 7232 time 3616.0 binding_event at DNA_topoI 49 enzyme topoI with twist -73.12299 superhelical -0.03716 global twist -46.76703 global supercoiling -0.01332
frame 7232 time 3616.0 unbinding_event at DNA_topoI 49 enzyme topoI with twist -72.82379 superhelical -0.03737 global twist -46.76703 global supercoiling -0.01332
frame 7235 time 3617.5 binding_event at DNA_gyrase 22 enzyme gyrase with twist 37.12713 superhelical 0.02492 global twist -42.87744 global supercoiling -0.01221
frame 7244 time 3622.0 unbinding_event at DNA_gyrase 22 enzyme gyrase with twist 46.10311 superhelical 0.05215 global twist -67.11258 global supercoiling -0.01951
frame 7247 time 3623.5 binding_event at DNA_gyrase 11 enzyme gyrase with twist 53.28389 superhelical 0.04180 global twist -69.80538 global supercoiling -0.01988
frame 7252 time 3626.0 unbinding_event at DNA_gyrase 11 enzyme gyrase with twist 58.66948 superhelical 0.20814 global twist -83.26934 global supercoiling -0.02421
frame 7258 time 3629.0 unbinding_event at gene tetA enzyme RNAP with twist -85.96214 superhelical -0.06776 global twist -85.96214 global supercoiling -0.02448
frame 7297 time 3648.5 binding_event at DNA_gyrase 33 enzyme gyrase with twist -85.96214 superhelical -0.02435 global twist -85.96214 global supercoiling -0.02435
frame 7297 time 3648.5 unbinding_event at DNA_gyrase 33 enzyme gyrase with twist -88.65493 superhelical -0.02775 global twist -85.96214 global supercoiling -0.02435
frame 7312 time 3656.0 binding_event at DNA_topoI 7 enzyme topoI with twist -88.65493 superhelical -0.02511 global twist -88.65493 global supercoiling -0.02511
frame 7313 time 3656.5 unbinding_event at DNA_topoI 7 enzyme topoI with twist -80.87575 superhelical -0.02385 global twist -84.76534 global supercoiling -0.02451
frame 7376 time 3688.0 binding_event at gene tetA enzyme RNAP with twist -80.87575 superhelical -0.02291 global twist -80.87575 global supercoiling -0.02291
frame 7406 time 3703.0 binding_event at DNA_gyrase 19 enzyme gyrase with twist 66.36423 superhelical 0.05281 global twist -80.87575 global supercoiling -0.02303
frame 7416 time 3708.0 unbinding_event at gene tetA enzyme RNAP with twist -118.61194 superhelical -0.07615 global twist -107.80369 global supercoiling -0.03134
frame 7426 time 3713.0 unbinding_event at DNA_gyrase 19 enzyme gyrase with twist -137.42442 superhelical -0.04331 global twist -134.73162 global supercoiling -0.03895
frame 7457 time 3728.5 binding_event at DNA_topoI 2 enzyme topoI with twist -137.42442 superhelical -0.03892 global twist -137.42442 global supercoiling -0.03892
frame 7463 time 3731.5 unbinding_event at DNA_topoI 2 enzyme topoI with twist -110.19728 superhelical -0.03229 global twist -114.08687 global supercoiling -0.03299
frame 7487 time 3743.5 binding_event at DNA_topoI 41 enzyme topoI with twist -110.19728 superhelical -0.03121 global twist -110.19728 global supercoiling -0.03121
frame 7493 time 3746.5 unbinding_event at DNA_topoI 41 enzyme topoI with twist -82.97015 superhelical -0.01876 global twist -86.85974 global supercoiling -0.02511
frame 7520 time 3760.0 binding_event at DNA_gyrase 22 enzyme gyrase with twist -82.97015 superhelical -0.02350 global twist -82.97015 global supercoiling -0.02350
frame 7521 time 3760.5 unbinding_event at DNA_gyrase 22 enzyme gyrase with twist -88.35573 superhelical -0.02481 global twist -85.66294 global supercoiling -0.02477
frame 7581 time 3790.5 binding_event at gene tetA enzyme RNAP with twist -88.35573 superhelical -0.02503 global twist -88.35573 global supercoiling -0.02503
frame 7591 time 3795.5 binding_event at gene tetA enzyme RNAP with twist -79.08801 superhelical -0.04172 global twist -88.35573 global supercoiling -0.02516
frame 7621 time 3810.5 unbinding_event at gene tetA enzyme RNAP with twist 95.27562 superhelical -0.04214 global twist -88.35573 global supercoiling -0.02530
frame 7631 time 3815.5 unbinding_event at gene tetA enzyme RNAP with twist -88.35573 superhelical -0.08952 global twist -88.35573 global supercoiling -0.02516
frame 7671 time 3835.5 binding_event at gene tetA enzyme RNAP with twist -88.35573 superhelical -0.02503 global twist -88.35573 global supercoiling -0.02503
frame 7673 time 3836.5 binding_event at DNA_gyrase 11 enzyme gyrase with twist -37.99086 superhelical -0.02159 global twist -88.35573 global supercoiling -0.02516
frame 7678 time 3839.0 unbinding_event at DNA_gyrase 11 enzyme gyrase with twist -32.60527 superhelical -0.00399 global twist -101.81970 global supercoiling -0.02960
frame 7711 time 3855.5 unbinding_event at gene tetA enzyme RNAP with twist -104.51250 superhelical -0.07764 global twist -104.51250 global supercoiling -0.02976
frame 7721 time 3860.5 binding_event at DNA_gyrase 5 enzyme gyrase with twist -104.51250 superhelical -0.02960 global twist -104.51250 global supercoiling -0.02960
frame 7724 time 3862.0 unbinding_event at DNA_gyrase 5 enzyme gyrase with twist -115.28367 superhelical -0.03285 global twist -112.59088 global supercoiling -0.03255
frame 7830 time 3915.0 binding_event at gene Raspberry enzyme RNAP with twist -115.28367 superhelical -0.03265 global twist -115.28367 global supercoiling -0.03265
frame 7857 time 3928.5 unbinding_event at gene Raspberry enzyme RNAP with twist -115.28367 superhelical -0.09926 global twist -115.28367 global supercoiling -0.03283
frame 7902 time 3951.0 binding_event at gene tetA enzyme RNAP with twist -115.28367 superhelical -0.03265 global twist -115.28367 global supercoiling -0.03265
frame 7919 time 3959.5 binding_event at DNA_topoI 33 enzyme topoI with twist -117.38185 superhelical -0.05807 global twist -115.28367 global supercoiling -0.03283
frame 7920 time 3960.0 binding_event at DNA_gyrase 44 enzyme gyrase with twist -91.06909 superhelical -0.06058 global twist -111.39408 global supercoiling -0.03239
frame 7926 time 3963.0 unbinding_event at DNA_topoI 33 enzyme topoI with twist -53.89803 superhelical -0.02670 global twist -104.21330 global supercoiling -0.03094
frame 7929 time 3964.5 binding_event at DNA_topoI 1 enzyme topoI with twist -89.81335 superhelical -0.10266 global twist -108.40209 global supercoiling -0.03152
frame 7929 time 3964.5 unbinding_event at DNA_topoI 1 enzyme topoI with twist -90.86055 superhelical -0.11045 global twist -108.40209 global supercoiling -0.03152
frame 7942 time 3971.0 unbinding_event at gene tetA enzyme RNAP with twist -66.77122 superhelical -0.13767 global twist -139.51881 global supercoiling -0.04056
frame 7950 time 3975.0 unbinding_event at DNA_gyrase 44 enzyme gyrase with twist -163.75396 superhelical -0.06874 global twist -161.06116 global supercoiling -0.04657
