TORCphysics log file 

General information: 
---------------------------------------------------------------------------------------
Circuit name: Pleu500_6
Size: 6000
Structure: circle
Number of sites: 110
Number of frames: 8000
Simulation time: 4000.0
Simulation timestep: 0.5
Seed: 1785855875889614615
 
Overall simulation information 
---------------------------------------------------------------------------------------
Initial twist: -211.83310
Final twist: -128.35650
Initial superhelical density: -0.06000
Final superhelical density: -0.03675
 
Overall rates 
---------------------------------------------------------------------------------------
site type            site name            #binding events      #unbinding events    binding rates        
 DNA_topoI            DNA_topoI_global                     69.0                 69.0               0.01725 
DNA_gyrase           DNA_gyrase_global                    85.0                 85.0               0.02125 
EXT                  EXT                                   0.0                  0.0                   0.0 
gene                 tetA                                 63.0                 62.0               0.01575 
gene                 CDS                                   0.0                  0.0                   0.0 
origin               ori                                   0.0                  0.0                   0.0 
lacOP                lac1                                  0.0                  0.0                   0.0 
gene                 mKalama1                             11.0                 10.0               0.00275 
lacOP                lac2                                  0.0                  0.0                   0.0 
gene                 Raspberry                            11.0                 11.0               0.00275 
 
Events
---------------------------------------------------------------------------------------
frame 5 time 2.5 binding_event at gene Raspberry enzyme RNAP with twist -211.83310 superhelical -0.06000 global twist -211.83310 global supercoiling -0.06000
frame 13 time 6.5 binding_event at gene tetA enzyme RNAP with twist -137.11894 superhelical -0.05263 global twist -211.83310 global supercoiling -0.06033
frame 27 time 13.5 binding_event at DNA_topoI 42 enzyme topoI with twist -124.97965 superhelical -0.10799 global twist -211.83310 global supercoiling -0.06066
frame 30 time 15.0 unbinding_event at DNA_topoI 42 enzyme topoI with twist -123.78285 superhelical -0.10304 global twist -200.16433 global supercoiling -0.05852
frame 32 time 16.0 unbinding_event at gene Raspberry enzyme RNAP with twist -172.90515 superhelical -0.10353 global twist -196.27474 global supercoiling -0.05620
frame 35 time 17.5 binding_event at DNA_topoI 41 enzyme topoI with twist -180.08593 superhelical -0.08530 global twist -196.27474 global supercoiling -0.05590
frame 36 time 18.0 binding_event at DNA_topoI 31 enzyme topoI with twist -89.78912 superhelical -0.08643 global twist -192.38515 global supercoiling -0.05593
frame 41 time 20.5 binding_event at gene tetA enzyme RNAP with twist -98.22560 superhelical -0.08863 global twist -153.48924 global supercoiling -0.04558
frame 41 time 20.5 unbinding_event at DNA_topoI 31 enzyme topoI with twist -54.78280 superhelical -0.05647 global twist -153.48924 global supercoiling -0.04558
frame 48 time 24.0 unbinding_event at DNA_topoI 41 enzyme topoI with twist -108.95175 superhelical -0.03963 global twist -122.37251 global supercoiling -0.03578
frame 53 time 26.5 unbinding_event at gene tetA enzyme RNAP with twist 8.42079 superhelical -0.09019 global twist -118.48292 global supercoiling -0.03393
frame 81 time 40.5 unbinding_event at gene tetA enzyme RNAP with twist -118.48292 superhelical -0.09275 global twist -118.48292 global supercoiling -0.03374
frame 97 time 48.5 binding_event at gene tetA enzyme RNAP with twist -118.48292 superhelical -0.03356 global twist -118.48292 global supercoiling -0.03356
frame 119 time 59.5 binding_event at DNA_topoI 39 enzyme topoI with twist -136.89745 superhelical -0.06484 global twist -118.48292 global supercoiling -0.03374
frame 128 time 64.0 binding_event at DNA_gyrase 25 enzyme gyrase with twist 50.72805 superhelical 0.04095 global twist -83.47660 global supercoiling -0.02427
frame 137 time 68.5 unbinding_event at gene tetA enzyme RNAP with twist -35.80547 superhelical -0.07276 global twist -72.70543 global supercoiling -0.02159
frame 137 time 68.5 unbinding_event at DNA_topoI 39 enzyme topoI with twist -58.94783 superhelical -0.02585 global twist -72.70543 global supercoiling -0.02159
frame 139 time 69.5 unbinding_event at DNA_gyrase 25 enzyme gyrase with twist -76.89422 superhelical -0.01771 global twist -74.20143 global supercoiling -0.02145
frame 147 time 73.5 binding_event at DNA_topoI 0 enzyme topoI with twist -76.89422 superhelical -0.02178 global twist -76.89422 global supercoiling -0.02178
frame 151 time 75.5 unbinding_event at DNA_topoI 0 enzyme topoI with twist -57.44627 superhelical -0.01646 global twist -61.33586 global supercoiling -0.01773
frame 255 time 127.5 binding_event at gene mKalama1 enzyme RNAP with twist -57.44627 superhelical -0.01627 global twist -57.44627 global supercoiling -0.01627
frame 281 time 140.5 binding_event at DNA_topoI 22 enzyme topoI with twist -140.20394 superhelical -0.04209 global twist -57.44627 global supercoiling -0.01636
frame 282 time 141.0 unbinding_event at DNA_topoI 22 enzyme topoI with twist -139.60554 superhelical -0.04359 global twist -53.55667 global supercoiling -0.01557
frame 282 time 141.0 unbinding_event at gene mKalama1 enzyme RNAP with twist -49.66708 superhelical 0.62107 global twist -53.55667 global supercoiling -0.01557
frame 293 time 146.5 binding_event at DNA_topoI 32 enzyme topoI with twist -49.66708 superhelical -0.01407 global twist -49.66708 global supercoiling -0.01407
frame 296 time 148.0 binding_event at DNA_gyrase 34 enzyme gyrase with twist -38.19574 superhelical -0.01246 global twist -37.99831 global supercoiling -0.01099
frame 298 time 149.0 unbinding_event at DNA_gyrase 34 enzyme gyrase with twist -40.43974 superhelical 0.01224 global twist -35.60472 global supercoiling -0.01051
frame 304 time 152.0 unbinding_event at DNA_topoI 32 enzyme topoI with twist -11.07037 superhelical 0.04509 global twist -14.95997 global supercoiling -0.00433
frame 324 time 162.0 binding_event at DNA_gyrase 16 enzyme gyrase with twist -11.07037 superhelical -0.00314 global twist -11.07037 global supercoiling -0.00314
frame 328 time 164.0 unbinding_event at DNA_gyrase 16 enzyme gyrase with twist -24.53434 superhelical -0.00558 global twist -21.84155 global supercoiling -0.00631
frame 347 time 173.5 binding_event at DNA_gyrase 44 enzyme gyrase with twist -24.53434 superhelical -0.00695 global twist -24.53434 global supercoiling -0.00695
frame 348 time 174.0 unbinding_event at DNA_gyrase 44 enzyme gyrase with twist -29.91993 superhelical -0.00924 global twist -27.22714 global supercoiling -0.00787
frame 400 time 200.0 binding_event at DNA_gyrase 6 enzyme gyrase with twist -29.91993 superhelical -0.00847 global twist -29.91993 global supercoiling -0.00847
frame 402 time 201.0 unbinding_event at DNA_gyrase 6 enzyme gyrase with twist -37.99831 superhelical -0.01056 global twist -35.30552 global supercoiling -0.01021
frame 412 time 206.0 binding_event at DNA_gyrase 31 enzyme gyrase with twist -37.99831 superhelical -0.01076 global twist -37.99831 global supercoiling -0.01076
frame 418 time 209.0 unbinding_event at DNA_gyrase 31 enzyme gyrase with twist -56.84787 superhelical -0.04037 global twist -54.15507 global supercoiling -0.01566
frame 440 time 220.0 binding_event at gene tetA enzyme RNAP with twist -56.84787 superhelical -0.01610 global twist -56.84787 global supercoiling -0.01610
frame 457 time 228.5 binding_event at DNA_gyrase 6 enzyme gyrase with twist 31.97333 superhelical 0.02146 global twist -56.84787 global supercoiling -0.01619
frame 457 time 228.5 unbinding_event at DNA_gyrase 6 enzyme gyrase with twist 32.87093 superhelical 0.06865 global twist -56.84787 global supercoiling -0.01619
frame 464 time 232.0 binding_event at DNA_topoI 30 enzyme topoI with twist -113.95394 superhelical -0.05307 global twist -59.54066 global supercoiling -0.01696
frame 465 time 232.5 unbinding_event at DNA_topoI 30 enzyme topoI with twist -113.35554 superhelical -0.03929 global twist -55.65107 global supercoiling -0.01618
frame 473 time 236.5 binding_event at DNA_topoI 46 enzyme topoI with twist -138.48828 superhelical -0.05999 global twist -51.76148 global supercoiling -0.01474
frame 473 time 236.5 unbinding_event at DNA_topoI 46 enzyme topoI with twist -138.18908 superhelical -0.06052 global twist -51.76148 global supercoiling -0.01474
frame 480 time 240.0 unbinding_event at gene tetA enzyme RNAP with twist -47.87189 superhelical -0.06660 global twist -47.87189 global supercoiling -0.01363
frame 518 time 259.0 binding_event at DNA_gyrase 16 enzyme gyrase with twist -47.87189 superhelical -0.01356 global twist -47.87189 global supercoiling -0.01356
frame 519 time 259.5 unbinding_event at DNA_gyrase 16 enzyme gyrase with twist -53.25748 superhelical -0.01479 global twist -50.56468 global supercoiling -0.01462
frame 666 time 333.0 binding_event at gene tetA enzyme RNAP with twist -53.25748 superhelical -0.01508 global twist -53.25748 global supercoiling -0.01508
frame 698 time 349.0 binding_event at DNA_topoI 43 enzyme topoI with twist -140.92226 superhelical -0.06152 global twist -53.25748 global supercoiling -0.01517
frame 698 time 349.0 unbinding_event at DNA_topoI 43 enzyme topoI with twist -140.62306 superhelical -0.06187 global twist -53.25748 global supercoiling -0.01517
frame 706 time 353.0 unbinding_event at gene tetA enzyme RNAP with twist -49.36788 superhelical -0.06906 global twist -49.36788 global supercoiling -0.01406
frame 723 time 361.5 binding_event at gene tetA enzyme RNAP with twist -49.36788 superhelical -0.01398 global twist -49.36788 global supercoiling -0.01398
frame 741 time 370.5 binding_event at DNA_topoI 27 enzyme topoI with twist -88.75573 superhelical -0.04352 global twist -49.36788 global supercoiling -0.01406
frame 742 time 371.0 unbinding_event at DNA_topoI 27 enzyme topoI with twist -88.15733 superhelical 0.07096 global twist -45.47829 global supercoiling -0.01322
frame 763 time 381.5 unbinding_event at gene tetA enzyme RNAP with twist -41.58870 superhelical -0.06670 global twist -41.58870 global supercoiling -0.01184
frame 852 time 426.0 binding_event at gene tetA enzyme RNAP with twist -41.58870 superhelical -0.01178 global twist -41.58870 global supercoiling -0.01178
frame 892 time 446.0 unbinding_event at gene tetA enzyme RNAP with twist -41.58870 superhelical -0.06832 global twist -41.58870 global supercoiling -0.01184
frame 931 time 465.5 binding_event at gene mKalama1 enzyme RNAP with twist -41.58870 superhelical -0.01178 global twist -41.58870 global supercoiling -0.01178
frame 958 time 479.0 unbinding_event at gene mKalama1 enzyme RNAP with twist -41.58870 superhelical 0.64126 global twist -41.58870 global supercoiling -0.01184
frame 1008 time 504.0 binding_event at DNA_topoI 47 enzyme topoI with twist -41.58870 superhelical -0.01178 global twist -41.58870 global supercoiling -0.01178
frame 1008 time 504.0 unbinding_event at DNA_topoI 47 enzyme topoI with twist -37.69911 superhelical -0.01070 global twist -41.58870 global supercoiling -0.01178
frame 1022 time 511.0 binding_event at DNA_gyrase 25 enzyme gyrase with twist -37.69911 superhelical -0.01068 global twist -37.69911 global supercoiling -0.01068
frame 1034 time 517.0 unbinding_event at DNA_gyrase 25 enzyme gyrase with twist -72.70543 superhelical -0.01579 global twist -70.01264 global supercoiling -0.02024
frame 1099 time 549.5 binding_event at DNA_gyrase 36 enzyme gyrase with twist -72.70543 superhelical -0.02059 global twist -72.70543 global supercoiling -0.02059
frame 1105 time 552.5 unbinding_event at DNA_gyrase 36 enzyme gyrase with twist -91.55499 superhelical -0.03489 global twist -88.86219 global supercoiling -0.02569
frame 1249 time 624.5 binding_event at DNA_gyrase 2 enzyme gyrase with twist -91.55499 superhelical -0.02593 global twist -91.55499 global supercoiling -0.02593
frame 1251 time 625.5 unbinding_event at DNA_gyrase 2 enzyme gyrase with twist -99.63337 superhelical -0.02868 global twist -96.94057 global supercoiling -0.02803
frame 1266 time 633.0 binding_event at gene tetA enzyme RNAP with twist -99.63337 superhelical -0.02822 global twist -99.63337 global supercoiling -0.02822
frame 1296 time 648.0 binding_event at gene Raspberry enzyme RNAP with twist -156.40781 superhelical -0.06937 global twist -99.63337 global supercoiling -0.02837
frame 1300 time 650.0 binding_event at gene tetA enzyme RNAP with twist -103.07174 superhelical -0.06996 global twist -99.63337 global supercoiling -0.02853
frame 1306 time 653.0 unbinding_event at gene tetA enzyme RNAP with twist 54.36139 superhelical -0.07088 global twist -99.63337 global supercoiling -0.02869
frame 1323 time 661.5 unbinding_event at gene Raspberry enzyme RNAP with twist -215.03142 superhelical -0.12163 global twist -99.63337 global supercoiling -0.02853
frame 1336 time 668.0 binding_event at DNA_gyrase 18 enzyme gyrase with twist 158.48275 superhelical 0.13794 global twist -99.63337 global supercoiling -0.02837
frame 1337 time 668.5 unbinding_event at DNA_gyrase 18 enzyme gyrase with twist 160.27795 superhelical 0.16458 global twist -102.32616 global supercoiling -0.02975
frame 1340 time 670.0 unbinding_event at gene tetA enzyme RNAP with twist -105.01895 superhelical -0.11258 global twist -105.01895 global supercoiling -0.02991
frame 1352 time 676.0 binding_event at DNA_gyrase 48 enzyme gyrase with twist -105.01895 superhelical -0.02975 global twist -105.01895 global supercoiling -0.02975
frame 1356 time 678.0 unbinding_event at DNA_gyrase 48 enzyme gyrase with twist -118.48292 superhelical -0.03473 global twist -115.79013 global supercoiling -0.03348
frame 1358 time 679.0 binding_event at DNA_gyrase 25 enzyme gyrase with twist -118.48292 superhelical -0.03356 global twist -118.48292 global supercoiling -0.03356
frame 1360 time 680.0 unbinding_event at DNA_gyrase 25 enzyme gyrase with twist -126.56130 superhelical -0.03500 global twist -123.86851 global supercoiling -0.03581
frame 1450 time 725.0 binding_event at DNA_topoI 21 enzyme topoI with twist -126.56130 superhelical -0.03585 global twist -126.56130 global supercoiling -0.03585
frame 1458 time 729.0 binding_event at DNA_topoI 41 enzyme topoI with twist -101.28093 superhelical -0.03172 global twist -95.44458 global supercoiling -0.02760
frame 1463 time 731.5 unbinding_event at DNA_topoI 41 enzyme topoI with twist -66.27461 superhelical -0.02122 global twist -56.54867 global supercoiling -0.01670
frame 1468 time 734.0 unbinding_event at DNA_topoI 21 enzyme topoI with twist -29.32153 superhelical -0.01771 global twist -33.21112 global supercoiling -0.00960
frame 1497 time 748.5 binding_event at gene tetA enzyme RNAP with twist -29.32153 superhelical -0.00831 global twist -29.32153 global supercoiling -0.00831
frame 1500 time 750.0 binding_event at DNA_gyrase 2 enzyme gyrase with twist -4.21938 superhelical -0.00242 global twist -29.32153 global supercoiling -0.00835
frame 1505 time 752.5 unbinding_event at DNA_gyrase 2 enzyme gyrase with twist -61.53524 superhelical -0.02305 global twist -42.78550 global supercoiling -0.01244
frame 1513 time 756.5 binding_event at DNA_topoI 47 enzyme topoI with twist -86.66798 superhelical -0.04326 global twist -45.47829 global supercoiling -0.01295
frame 1514 time 757.0 unbinding_event at DNA_topoI 47 enzyme topoI with twist -86.06959 superhelical -0.04222 global twist -41.58870 global supercoiling -0.01209
frame 1537 time 768.5 unbinding_event at gene tetA enzyme RNAP with twist -37.69911 superhelical -0.06877 global twist -37.69911 global supercoiling -0.01074
frame 1602 time 801.0 binding_event at DNA_gyrase 34 enzyme gyrase with twist -37.69911 superhelical -0.01068 global twist -37.69911 global supercoiling -0.01068
frame 1603 time 801.5 unbinding_event at DNA_gyrase 34 enzyme gyrase with twist -43.08470 superhelical -0.01592 global twist -40.39191 global supercoiling -0.01168
frame 1609 time 804.5 binding_event at DNA_gyrase 31 enzyme gyrase with twist -43.08470 superhelical -0.01220 global twist -43.08470 global supercoiling -0.01220
frame 1611 time 805.5 unbinding_event at DNA_gyrase 31 enzyme gyrase with twist -51.16308 superhelical -0.02505 global twist -48.47029 global supercoiling -0.01401
frame 1616 time 808.0 binding_event at DNA_gyrase 38 enzyme gyrase with twist -51.16308 superhelical -0.01449 global twist -51.16308 global supercoiling -0.01449
frame 1626 time 813.0 unbinding_event at DNA_gyrase 38 enzyme gyrase with twist -80.78381 superhelical -0.03278 global twist -78.09102 global supercoiling -0.02258
frame 1695 time 847.5 binding_event at DNA_topoI 8 enzyme topoI with twist -80.78381 superhelical -0.02288 global twist -80.78381 global supercoiling -0.02288
frame 1698 time 849.0 unbinding_event at DNA_topoI 8 enzyme topoI with twist -65.22545 superhelical -0.01991 global twist -69.11504 global supercoiling -0.01998
frame 1727 time 863.5 binding_event at gene tetA enzyme RNAP with twist -65.22545 superhelical -0.01847 global twist -65.22545 global supercoiling -0.01847
frame 1760 time 880.0 binding_event at DNA_gyrase 14 enzyme gyrase with twist 85.13658 superhelical 0.07078 global twist -65.22545 global supercoiling -0.01858
frame 1760 time 880.0 unbinding_event at DNA_gyrase 14 enzyme gyrase with twist 86.03418 superhelical 0.08571 global twist -65.22545 global supercoiling -0.01858
frame 1762 time 881.0 binding_event at gene mKalama1 enzyme RNAP with twist -157.54281 superhelical -0.06720 global twist -67.91824 global supercoiling -0.01934
frame 1767 time 883.5 unbinding_event at gene tetA enzyme RNAP with twist -45.59509 superhelical -0.08280 global twist -67.91824 global supercoiling -0.01945
frame 1789 time 894.5 unbinding_event at gene mKalama1 enzyme RNAP with twist -67.91824 superhelical 0.39130 global twist -67.91824 global supercoiling -0.01934
frame 1826 time 913.0 binding_event at DNA_gyrase 47 enzyme gyrase with twist -67.91824 superhelical -0.01924 global twist -67.91824 global supercoiling -0.01924
frame 1828 time 914.0 unbinding_event at DNA_gyrase 47 enzyme gyrase with twist -75.99662 superhelical -0.02239 global twist -73.30383 global supercoiling -0.02119
frame 1843 time 921.5 binding_event at DNA_gyrase 2 enzyme gyrase with twist -75.99662 superhelical -0.02153 global twist -75.99662 global supercoiling -0.02153
frame 1848 time 924.0 unbinding_event at DNA_gyrase 2 enzyme gyrase with twist -92.15338 superhelical -0.02639 global twist -89.46059 global supercoiling -0.02587
frame 1912 time 956.0 binding_event at DNA_gyrase 9 enzyme gyrase with twist -92.15338 superhelical -0.02610 global twist -92.15338 global supercoiling -0.02610
frame 1917 time 958.5 unbinding_event at DNA_gyrase 9 enzyme gyrase with twist -108.31015 superhelical -0.03011 global twist -105.61735 global supercoiling -0.03054
frame 1963 time 981.5 binding_event at gene tetA enzyme RNAP with twist -108.31015 superhelical -0.03068 global twist -108.31015 global supercoiling -0.03068
frame 1995 time 997.5 binding_event at gene mKalama1 enzyme RNAP with twist -167.82939 superhelical -0.07327 global twist -108.31015 global supercoiling -0.03085
frame 2003 time 1001.5 unbinding_event at gene tetA enzyme RNAP with twist -92.78610 superhelical -0.09481 global twist -108.31015 global supercoiling -0.03101
frame 2018 time 1009.0 binding_event at gene tetA enzyme RNAP with twist -143.05159 superhelical -0.04366 global twist -108.31015 global supercoiling -0.03085
frame 2022 time 1011.0 unbinding_event at gene mKalama1 enzyme RNAP with twist -47.43133 superhelical 0.36387 global twist -108.31015 global supercoiling -0.03101
frame 2041 time 1020.5 binding_event at DNA_topoI 33 enzyme topoI with twist -112.05837 superhelical -0.05263 global twist -108.31015 global supercoiling -0.03085
frame 2048 time 1024.0 unbinding_event at DNA_topoI 33 enzyme topoI with twist -109.66478 superhelical -0.02096 global twist -81.08301 global supercoiling -0.02357
frame 2058 time 1029.0 unbinding_event at gene tetA enzyme RNAP with twist -77.19342 superhelical -0.05936 global twist -77.19342 global supercoiling -0.02198
frame 2263 time 1131.5 binding_event at gene tetA enzyme RNAP with twist -77.19342 superhelical -0.02186 global twist -77.19342 global supercoiling -0.02186
frame 2267 time 1133.5 binding_event at DNA_topoI 47 enzyme topoI with twist -52.09005 superhelical -0.02913 global twist -77.19342 global supercoiling -0.02198
frame 2272 time 1136.0 unbinding_event at DNA_topoI 47 enzyme topoI with twist -50.29485 superhelical -0.02241 global twist -57.74546 global supercoiling -0.01679
frame 2293 time 1146.5 binding_event at DNA_gyrase 19 enzyme gyrase with twist 68.24681 superhelical 0.05431 global twist -53.85587 global supercoiling -0.01534
frame 2295 time 1147.5 unbinding_event at DNA_gyrase 19 enzyme gyrase with twist 70.93960 superhelical 0.07123 global twist -59.24146 global supercoiling -0.01722
frame 2303 time 1151.5 unbinding_event at gene tetA enzyme RNAP with twist -61.93426 superhelical -0.06590 global twist -61.93426 global supercoiling -0.01764
frame 2361 time 1180.5 binding_event at DNA_topoI 10 enzyme topoI with twist -61.93426 superhelical -0.01754 global twist -61.93426 global supercoiling -0.01754
frame 2363 time 1181.5 unbinding_event at DNA_topoI 10 enzyme topoI with twist -50.26548 superhelical -0.01548 global twist -54.15507 global supercoiling -0.01566
frame 2374 time 1187.0 binding_event at DNA_topoI 46 enzyme topoI with twist -50.26548 superhelical -0.01424 global twist -50.26548 global supercoiling -0.01424
frame 2392 time 1196.0 binding_event at DNA_gyrase 13 enzyme gyrase with twist 5.05574 superhelical 0.00245 global twist 19.74715 global supercoiling 0.00571
frame 2395 time 1197.5 unbinding_event at DNA_topoI 46 enzyme topoI with twist 27.78447 superhelical 0.01608 global twist 23.33755 global supercoiling 0.00689
frame 2406 time 1203.0 unbinding_event at DNA_gyrase 13 enzyme gyrase with twist -5.08639 superhelical 0.00495 global twist -2.39359 global supercoiling -0.00069
frame 2410 time 1205.0 binding_event at DNA_gyrase 2 enzyme gyrase with twist -5.08639 superhelical -0.00144 global twist -5.08639 global supercoiling -0.00144
frame 2413 time 1206.5 unbinding_event at DNA_gyrase 2 enzyme gyrase with twist -15.85756 superhelical -0.00442 global twist -13.16477 global supercoiling -0.00381
frame 2454 time 1227.0 binding_event at DNA_gyrase 28 enzyme gyrase with twist -15.85756 superhelical -0.00449 global twist -15.85756 global supercoiling -0.00449
frame 2454 time 1227.0 unbinding_event at DNA_gyrase 28 enzyme gyrase with twist -18.55036 superhelical -0.01737 global twist -15.85756 global supercoiling -0.00449
frame 2459 time 1229.5 binding_event at DNA_topoI 47 enzyme topoI with twist -18.55036 superhelical -0.00525 global twist -18.55036 global supercoiling -0.00525
frame 2462 time 1231.0 unbinding_event at DNA_topoI 47 enzyme topoI with twist -2.99199 superhelical -0.00007 global twist -6.88158 global supercoiling -0.00199
frame 2478 time 1239.0 binding_event at DNA_gyrase 4 enzyme gyrase with twist -2.99199 superhelical -0.00085 global twist -2.99199 global supercoiling -0.00085
frame 2479 time 1239.5 unbinding_event at DNA_gyrase 4 enzyme gyrase with twist -8.37758 superhelical -0.00223 global twist -5.68479 global supercoiling -0.00164
frame 2485 time 1242.5 binding_event at DNA_gyrase 1 enzyme gyrase with twist -8.37758 superhelical -0.00237 global twist -8.37758 global supercoiling -0.00237
frame 2489 time 1244.5 binding_event at DNA_topoI 12 enzyme topoI with twist -9.50770 superhelical -0.00559 global twist -19.14876 global supercoiling -0.00554
frame 2489 time 1244.5 unbinding_event at DNA_gyrase 1 enzyme gyrase with twist -14.57746 superhelical -0.00625 global twist -19.14876 global supercoiling -0.00554
frame 2489 time 1244.5 unbinding_event at DNA_topoI 12 enzyme topoI with twist -17.95196 superhelical -0.00625 global twist -19.14876 global supercoiling -0.00554
frame 2526 time 1263.0 binding_event at DNA_gyrase 12 enzyme gyrase with twist -17.95196 superhelical -0.00508 global twist -17.95196 global supercoiling -0.00508
frame 2527 time 1263.5 unbinding_event at DNA_gyrase 12 enzyme gyrase with twist -23.33755 superhelical -0.00625 global twist -20.64475 global supercoiling -0.00597
frame 2546 time 1273.0 binding_event at DNA_topoI 19 enzyme topoI with twist -23.33755 superhelical -0.00661 global twist -23.33755 global supercoiling -0.00661
frame 2546 time 1273.0 unbinding_event at DNA_topoI 19 enzyme topoI with twist -19.44795 superhelical -0.00611 global twist -23.33755 global supercoiling -0.00661
frame 2605 time 1302.5 binding_event at DNA_gyrase 47 enzyme gyrase with twist -19.44795 superhelical -0.00551 global twist -19.44795 global supercoiling -0.00551
frame 2614 time 1307.0 binding_event at DNA_gyrase 7 enzyme gyrase with twist -23.30183 superhelical -0.01171 global twist -43.68310 global supercoiling -0.01263
frame 2614 time 1307.0 unbinding_event at DNA_gyrase 7 enzyme gyrase with twist -27.34102 superhelical -0.01632 global twist -43.68310 global supercoiling -0.01263
frame 2615 time 1307.5 unbinding_event at DNA_gyrase 47 enzyme gyrase with twist -51.76148 superhelical -0.01570 global twist -49.06869 global supercoiling -0.01419
frame 2619 time 1309.5 binding_event at gene tetA enzyme RNAP with twist -51.76148 superhelical -0.01466 global twist -51.76148 global supercoiling -0.01466
frame 2659 time 1329.5 unbinding_event at gene tetA enzyme RNAP with twist -51.76148 superhelical -0.07035 global twist -51.76148 global supercoiling -0.01474
frame 2673 time 1336.5 binding_event at gene tetA enzyme RNAP with twist -51.76148 superhelical -0.01466 global twist -51.76148 global supercoiling -0.01466
frame 2688 time 1344.0 binding_event at DNA_topoI 44 enzyme topoI with twist -79.15443 superhelical -0.03987 global twist -51.76148 global supercoiling -0.01474
frame 2689 time 1344.5 unbinding_event at DNA_topoI 44 enzyme topoI with twist -78.55603 superhelical -0.03826 global twist -47.87189 global supercoiling -0.01392
frame 2713 time 1356.5 unbinding_event at gene tetA enzyme RNAP with twist -43.98230 superhelical -0.06717 global twist -43.98230 global supercoiling -0.01253
frame 2728 time 1364.0 binding_event at gene mKalama1 enzyme RNAP with twist -43.98230 superhelical -0.01246 global twist -43.98230 global supercoiling -0.01246
frame 2755 time 1377.5 unbinding_event at gene mKalama1 enzyme RNAP with twist -43.98230 superhelical 0.63821 global twist -43.98230 global supercoiling -0.01253
frame 2800 time 1400.0 binding_event at gene tetA enzyme RNAP with twist -43.98230 superhelical -0.01246 global twist -43.98230 global supercoiling -0.01246
frame 2819 time 1409.5 binding_event at DNA_gyrase 22 enzyme gyrase with twist 45.73160 superhelical 0.03145 global twist -43.98230 global supercoiling -0.01253
frame 2820 time 1410.0 unbinding_event at DNA_gyrase 22 enzyme gyrase with twist 47.52680 superhelical 0.03801 global twist -46.67509 global supercoiling -0.01357
frame 2840 time 1420.0 unbinding_event at gene tetA enzyme RNAP with twist -49.36788 superhelical -0.06880 global twist -49.36788 global supercoiling -0.01406
frame 2932 time 1466.0 binding_event at DNA_gyrase 41 enzyme gyrase with twist -49.36788 superhelical -0.01398 global twist -49.36788 global supercoiling -0.01398
frame 2933 time 1466.5 unbinding_event at DNA_gyrase 41 enzyme gyrase with twist -54.75347 superhelical -0.01687 global twist -52.06068 global supercoiling -0.01505
frame 2965 time 1482.5 binding_event at gene tetA enzyme RNAP with twist -54.75347 superhelical -0.01551 global twist -54.75347 global supercoiling -0.01551
frame 3000 time 1500.0 binding_event at gene tetA enzyme RNAP with twist -152.42461 superhelical -0.06501 global twist -54.75347 global supercoiling -0.01559
frame 3005 time 1502.5 unbinding_event at gene tetA enzyme RNAP with twist 79.28341 superhelical -0.06555 global twist -54.75347 global supercoiling -0.01568
frame 3030 time 1515.0 binding_event at DNA_topoI 46 enzyme topoI with twist -220.20628 superhelical -0.09766 global twist -54.75347 global supercoiling -0.01559
frame 3032 time 1516.0 unbinding_event at DNA_topoI 46 enzyme topoI with twist -219.30869 superhelical -0.09670 global twist -46.97429 global supercoiling -0.01366
frame 3040 time 1520.0 binding_event at DNA_topoI 31 enzyme topoI with twist -244.44143 superhelical -0.10042 global twist -43.08470 global supercoiling -0.01227
frame 3040 time 1520.0 unbinding_event at gene tetA enzyme RNAP with twist -7.95333 superhelical -0.10337 global twist -43.08470 global supercoiling -0.01227
frame 3042 time 1521.0 unbinding_event at DNA_topoI 31 enzyme topoI with twist -31.41593 superhelical -0.08528 global twist -35.30552 global supercoiling -0.01021
frame 3047 time 1523.5 binding_event at DNA_gyrase 36 enzyme gyrase with twist -31.41593 superhelical -0.00890 global twist -31.41593 global supercoiling -0.00890
frame 3047 time 1523.5 unbinding_event at DNA_gyrase 36 enzyme gyrase with twist -34.10872 superhelical -0.01106 global twist -31.41593 global supercoiling -0.00890
frame 3070 time 1535.0 binding_event at DNA_topoI 33 enzyme topoI with twist -34.10872 superhelical -0.00966 global twist -34.10872 global supercoiling -0.00966
frame 3073 time 1536.5 unbinding_event at DNA_topoI 33 enzyme topoI with twist -18.55036 superhelical 0.00689 global twist -22.43995 global supercoiling -0.00649
frame 3130 time 1565.0 binding_event at DNA_gyrase 46 enzyme gyrase with twist -18.55036 superhelical -0.00525 global twist -18.55036 global supercoiling -0.00525
frame 3144 time 1572.0 unbinding_event at DNA_gyrase 46 enzyme gyrase with twist -58.94226 superhelical -0.01981 global twist -56.24947 global supercoiling -0.01626
frame 3156 time 1578.0 binding_event at DNA_gyrase 19 enzyme gyrase with twist -58.94226 superhelical -0.01669 global twist -58.94226 global supercoiling -0.01669
frame 3157 time 1578.5 unbinding_event at DNA_gyrase 19 enzyme gyrase with twist -64.32785 superhelical -0.01792 global twist -61.63506 global supercoiling -0.01782
frame 3170 time 1585.0 binding_event at gene tetA enzyme RNAP with twist -64.32785 superhelical -0.01822 global twist -64.32785 global supercoiling -0.01822
frame 3210 time 1605.0 unbinding_event at gene tetA enzyme RNAP with twist -64.32785 superhelical -0.07285 global twist -64.32785 global supercoiling -0.01832
frame 3287 time 1643.5 binding_event at gene tetA enzyme RNAP with twist -64.32785 superhelical -0.01822 global twist -64.32785 global supercoiling -0.01822
frame 3290 time 1645.0 binding_event at DNA_gyrase 27 enzyme gyrase with twist -42.21158 superhelical -0.02385 global twist -64.32785 global supercoiling -0.01832
frame 3292 time 1646.0 unbinding_event at DNA_gyrase 27 enzyme gyrase with twist -61.06113 superhelical -0.14539 global twist -69.71344 global supercoiling -0.02027
frame 3308 time 1654.0 binding_event at DNA_topoI 33 enzyme topoI with twist -114.91701 superhelical -0.05490 global twist -72.40623 global supercoiling -0.02062
frame 3309 time 1654.5 unbinding_event at DNA_topoI 33 enzyme topoI with twist -114.31861 superhelical -0.04847 global twist -68.51664 global supercoiling -0.01992
frame 3313 time 1656.5 binding_event at DNA_gyrase 15 enzyme gyrase with twist 60.46273 superhelical 0.04551 global twist -64.62705 global supercoiling -0.01840
frame 3323 time 1661.5 unbinding_event at DNA_gyrase 15 enzyme gyrase with twist 70.33631 superhelical 0.14239 global twist -91.55499 global supercoiling -0.02662
frame 3327 time 1663.5 unbinding_event at gene tetA enzyme RNAP with twist -94.24778 superhelical -0.07297 global twist -94.24778 global supercoiling -0.02684
frame 3343 time 1671.5 binding_event at gene tetA enzyme RNAP with twist -94.24778 superhelical -0.02669 global twist -94.24778 global supercoiling -0.02669
frame 3363 time 1681.5 binding_event at DNA_topoI 5 enzyme topoI with twist -117.87168 superhelical -0.05680 global twist -94.24778 global supercoiling -0.02684
frame 3367 time 1683.5 unbinding_event at DNA_topoI 5 enzyme topoI with twist -116.37568 superhelical -0.05178 global twist -78.68942 global supercoiling -0.02288
frame 3378 time 1689.0 binding_event at DNA_topoI 28 enzyme topoI with twist -152.27959 superhelical -0.06495 global twist -74.79983 global supercoiling -0.02130
frame 3380 time 1690.0 unbinding_event at DNA_topoI 28 enzyme topoI with twist -151.38200 superhelical -0.01161 global twist -67.02064 global supercoiling -0.01949
frame 3381 time 1690.5 binding_event at DNA_topoI 28 enzyme topoI with twist -151.38200 superhelical -0.06312 global twist -63.13105 global supercoiling -0.01798
frame 3383 time 1691.5 unbinding_event at gene tetA enzyme RNAP with twist -50.44398 superhelical -0.06570 global twist -55.35187 global supercoiling -0.01609
frame 3389 time 1694.5 unbinding_event at DNA_topoI 28 enzyme topoI with twist -28.12473 superhelical 0.10113 global twist -32.01433 global supercoiling -0.00926
frame 3548 time 1774.0 binding_event at DNA_gyrase 31 enzyme gyrase with twist -28.12473 superhelical -0.00797 global twist -28.12473 global supercoiling -0.00797
frame 3553 time 1776.5 unbinding_event at DNA_gyrase 31 enzyme gyrase with twist -44.28150 superhelical -0.03332 global twist -41.58870 global supercoiling -0.01202
frame 3666 time 1833.0 binding_event at gene tetA enzyme RNAP with twist -44.28150 superhelical -0.01254 global twist -44.28150 global supercoiling -0.01254
frame 3706 time 1853.0 unbinding_event at gene tetA enzyme RNAP with twist -44.28150 superhelical -0.06885 global twist -44.28150 global supercoiling -0.01261
frame 3723 time 1861.5 binding_event at gene mKalama1 enzyme RNAP with twist -44.28150 superhelical -0.01254 global twist -44.28150 global supercoiling -0.01254
frame 3750 time 1875.0 unbinding_event at gene mKalama1 enzyme RNAP with twist -44.28150 superhelical 0.63783 global twist -44.28150 global supercoiling -0.01261
frame 3775 time 1887.5 binding_event at gene tetA enzyme RNAP with twist -44.28150 superhelical -0.01254 global twist -44.28150 global supercoiling -0.01254
frame 3783 time 1891.5 binding_event at gene tetA enzyme RNAP with twist -50.36583 superhelical -0.02708 global twist -44.28150 global supercoiling -0.01261
frame 3796 time 1898.0 binding_event at gene tetA enzyme RNAP with twist -93.63517 superhelical -0.04803 global twist -44.28150 global supercoiling -0.01268
frame 3810 time 1905.0 binding_event at DNA_gyrase 25 enzyme gyrase with twist 103.02490 superhelical 0.08829 global twist -44.28150 global supercoiling -0.01275
frame 3811 time 1905.5 binding_event at DNA_topoI 2 enzyme topoI with twist -137.10003 superhelical -0.06905 global twist -46.97429 global supercoiling -0.01381
frame 3812 time 1906.0 unbinding_event at DNA_topoI 2 enzyme topoI with twist -136.50163 superhelical -0.06952 global twist -45.77749 global supercoiling -0.01375
frame 3813 time 1906.5 unbinding_event at DNA_gyrase 25 enzyme gyrase with twist 106.61530 superhelical 0.10533 global twist -44.58070 global supercoiling -0.01311
frame 3815 time 1907.5 unbinding_event at gene tetA enzyme RNAP with twist 110.39033 superhelical -0.02736 global twist -47.27349 global supercoiling -0.01361
frame 3819 time 1909.5 binding_event at DNA_topoI 2 enzyme topoI with twist -158.04398 superhelical -0.07423 global twist -47.27349 global supercoiling -0.01354
frame 3823 time 1911.5 binding_event at DNA_topoI 44 enzyme topoI with twist -132.70436 superhelical -0.07257 global twist -31.71513 global supercoiling -0.00927
frame 3823 time 1911.5 unbinding_event at gene tetA enzyme RNAP with twist 128.72245 superhelical -0.04850 global twist -31.71513 global supercoiling -0.00927
frame 3826 time 1913.0 unbinding_event at DNA_topoI 2 enzyme topoI with twist -53.13404 superhelical -0.04458 global twist -8.37758 global supercoiling -0.00249
frame 3828 time 1914.0 unbinding_event at DNA_topoI 44 enzyme topoI with twist -139.49363 superhelical -0.06623 global twist 3.29119 global supercoiling 0.00096
frame 3836 time 1918.0 unbinding_event at gene tetA enzyme RNAP with twist 7.18078 superhelical -0.06860 global twist 7.18078 global supercoiling 0.00204
frame 3867 time 1933.5 binding_event at gene tetA enzyme RNAP with twist 7.18078 superhelical 0.00203 global twist 7.18078 global supercoiling 0.00203
frame 3884 time 1942.0 binding_event at DNA_gyrase 13 enzyme gyrase with twist 64.70781 superhelical 0.04343 global twist 7.18078 global supercoiling 0.00204
frame 3887 time 1943.5 unbinding_event at DNA_gyrase 13 enzyme gyrase with twist 68.29821 superhelical 0.06983 global twist -0.89760 global supercoiling -0.00026
frame 3901 time 1950.5 binding_event at gene tetA enzyme RNAP with twist -118.56369 superhelical -0.05096 global twist -3.59039 global supercoiling -0.00102
frame 3907 time 1953.5 unbinding_event at gene tetA enzyme RNAP with twist 109.72717 superhelical -0.05138 global twist -3.59039 global supercoiling -0.00103
frame 3941 time 1970.5 unbinding_event at gene tetA enzyme RNAP with twist -3.59039 superhelical -0.09599 global twist -3.59039 global supercoiling -0.00102
frame 4000 time 2000.0 binding_event at DNA_gyrase 41 enzyme gyrase with twist -3.59039 superhelical -0.00102 global twist -3.59039 global supercoiling -0.00102
frame 4006 time 2003.0 unbinding_event at DNA_gyrase 41 enzyme gyrase with twist -22.43995 superhelical -0.01011 global twist -19.74715 global supercoiling -0.00571
frame 4019 time 2009.5 binding_event at gene tetA enzyme RNAP with twist -22.43995 superhelical -0.00636 global twist -22.43995 global supercoiling -0.00636
frame 4029 time 2014.5 binding_event at gene tetA enzyme RNAP with twist -46.87150 superhelical -0.02472 global twist -22.43995 global supercoiling -0.00639
frame 4030 time 2015.0 binding_event at DNA_gyrase 18 enzyme gyrase with twist 28.02194 superhelical 0.01754 global twist -22.43995 global supercoiling -0.00643
frame 4031 time 2015.5 unbinding_event at DNA_gyrase 18 enzyme gyrase with twist 29.81714 superhelical 0.02347 global twist -25.13274 global supercoiling -0.00735
frame 4059 time 2029.5 unbinding_event at gene tetA enzyme RNAP with twist 126.34250 superhelical -0.02498 global twist -27.82553 global supercoiling -0.00797
frame 4069 time 2034.5 unbinding_event at gene tetA enzyme RNAP with twist -27.82553 superhelical -0.07751 global twist -27.82553 global supercoiling -0.00792
frame 4101 time 2050.5 binding_event at DNA_topoI 16 enzyme topoI with twist -27.82553 superhelical -0.00788 global twist -27.82553 global supercoiling -0.00788
frame 4108 time 2054.0 unbinding_event at DNA_topoI 16 enzyme topoI with twist 3.29119 superhelical -0.00256 global twist -0.59840 global supercoiling -0.00017
frame 4113 time 2056.5 binding_event at DNA_gyrase 47 enzyme gyrase with twist 3.29119 superhelical 0.00093 global twist 3.29119 global supercoiling 0.00093
frame 4116 time 2058.0 unbinding_event at DNA_gyrase 47 enzyme gyrase with twist -7.47998 superhelical -0.00271 global twist -4.78719 global supercoiling -0.00138
frame 4196 time 2098.0 binding_event at gene tetA enzyme RNAP with twist -7.47998 superhelical -0.00212 global twist -7.47998 global supercoiling -0.00212
frame 4236 time 2118.0 unbinding_event at gene tetA enzyme RNAP with twist -7.47998 superhelical -0.06152 global twist -7.47998 global supercoiling -0.00213
frame 4273 time 2136.5 binding_event at gene tetA enzyme RNAP with twist -7.47998 superhelical -0.00212 global twist -7.47998 global supercoiling -0.00212
frame 4295 time 2147.5 binding_event at DNA_gyrase 22 enzyme gyrase with twist 75.16449 superhelical 0.05368 global twist -7.47998 global supercoiling -0.00213
frame 4295 time 2147.5 unbinding_event at DNA_gyrase 22 enzyme gyrase with twist 76.06209 superhelical 0.05950 global twist -7.47998 global supercoiling -0.00213
frame 4303 time 2151.5 binding_event at DNA_gyrase 14 enzyme gyrase with twist 101.19483 superhelical 0.08053 global twist -10.17278 global supercoiling -0.00290
frame 4310 time 2155.0 unbinding_event at DNA_gyrase 14 enzyme gyrase with twist 108.37562 superhelical 0.19615 global twist -29.02233 global supercoiling -0.00844
frame 4313 time 2156.5 unbinding_event at gene tetA enzyme RNAP with twist -31.71513 superhelical -0.06152 global twist -31.71513 global supercoiling -0.00903
frame 4320 time 2160.0 binding_event at DNA_gyrase 30 enzyme gyrase with twist -31.71513 superhelical -0.00898 global twist -31.71513 global supercoiling -0.00898
frame 4322 time 2161.0 unbinding_event at DNA_gyrase 30 enzyme gyrase with twist -39.79351 superhelical -0.02540 global twist -37.10071 global supercoiling -0.01073
frame 4327 time 2163.5 binding_event at gene tetA enzyme RNAP with twist -39.79351 superhelical -0.01127 global twist -39.79351 global supercoiling -0.01127
frame 4367 time 2183.5 unbinding_event at gene tetA enzyme RNAP with twist -39.79351 superhelical -0.06796 global twist -39.79351 global supercoiling -0.01133
frame 4400 time 2200.0 binding_event at DNA_topoI 11 enzyme topoI with twist -39.79351 superhelical -0.01127 global twist -39.79351 global supercoiling -0.01127
frame 4404 time 2202.0 binding_event at DNA_gyrase 0 enzyme gyrase with twist -20.69590 superhelical -0.00836 global twist -24.23514 global supercoiling -0.00701
frame 4404 time 2202.0 unbinding_event at DNA_topoI 11 enzyme topoI with twist -7.18009 superhelical -0.00778 global twist -24.23514 global supercoiling -0.00701
frame 4407 time 2203.5 binding_event at gene Raspberry enzyme RNAP with twist -18.55105 superhelical -0.01101 global twist -28.42393 global supercoiling -0.00822
frame 4411 time 2205.5 unbinding_event at DNA_gyrase 0 enzyme gyrase with twist -15.44670 superhelical 0.00142 global twist -39.19511 global supercoiling -0.01140
frame 4430 time 2215.0 binding_event at gene tetA enzyme RNAP with twist 49.18034 superhelical 0.02105 global twist -41.88790 global supercoiling -0.01193
frame 4434 time 2217.0 unbinding_event at gene Raspberry enzyme RNAP with twist -97.94447 superhelical -0.08618 global twist -41.88790 global supercoiling -0.01199
frame 4470 time 2235.0 unbinding_event at gene tetA enzyme RNAP with twist -41.88790 superhelical -0.09265 global twist -41.88790 global supercoiling -0.01193
frame 4477 time 2238.5 binding_event at DNA_gyrase 4 enzyme gyrase with twist -41.88790 superhelical -0.01186 global twist -41.88790 global supercoiling -0.01186
frame 4485 time 2242.5 unbinding_event at DNA_gyrase 4 enzyme gyrase with twist -66.12305 superhelical -0.01825 global twist -63.43025 global supercoiling -0.01834
frame 4488 time 2244.0 binding_event at gene tetA enzyme RNAP with twist -66.12305 superhelical -0.01873 global twist -66.12305 global supercoiling -0.01873
frame 4495 time 2247.5 binding_event at gene mKalama1 enzyme RNAP with twist -57.45055 superhelical -0.03119 global twist -66.12305 global supercoiling -0.01883
frame 4522 time 2261.0 unbinding_event at gene mKalama1 enzyme RNAP with twist -157.98151 superhelical 0.55329 global twist -66.12305 global supercoiling -0.01893
frame 4528 time 2264.0 unbinding_event at gene tetA enzyme RNAP with twist -66.12305 superhelical -0.07321 global twist -66.12305 global supercoiling -0.01883
frame 4546 time 2273.0 binding_event at DNA_gyrase 38 enzyme gyrase with twist -66.12305 superhelical -0.01873 global twist -66.12305 global supercoiling -0.01873
frame 4548 time 2274.0 unbinding_event at DNA_gyrase 38 enzyme gyrase with twist -74.20143 superhelical -0.02402 global twist -71.50863 global supercoiling -0.02067
frame 4601 time 2300.5 binding_event at gene tetA enzyme RNAP with twist -74.20143 superhelical -0.02102 global twist -74.20143 global supercoiling -0.02102
frame 4641 time 2320.5 unbinding_event at gene tetA enzyme RNAP with twist -74.20143 superhelical -0.07482 global twist -74.20143 global supercoiling -0.02113
frame 4643 time 2321.5 binding_event at DNA_topoI 34 enzyme topoI with twist -74.20143 superhelical -0.02102 global twist -74.20143 global supercoiling -0.02102
frame 4646 time 2323.0 unbinding_event at DNA_topoI 34 enzyme topoI with twist -58.64306 superhelical -0.00694 global twist -62.53265 global supercoiling -0.01808
frame 4734 time 2367.0 binding_event at DNA_gyrase 17 enzyme gyrase with twist -58.64306 superhelical -0.01661 global twist -58.64306 global supercoiling -0.01661
frame 4736 time 2368.0 unbinding_event at DNA_gyrase 17 enzyme gyrase with twist -66.72144 superhelical -0.01835 global twist -64.02865 global supercoiling -0.01851
frame 4739 time 2369.5 binding_event at DNA_gyrase 5 enzyme gyrase with twist -66.72144 superhelical -0.01890 global twist -66.72144 global supercoiling -0.01890
frame 4739 time 2369.5 unbinding_event at DNA_gyrase 5 enzyme gyrase with twist -69.41424 superhelical -0.01995 global twist -66.72144 global supercoiling -0.01890
frame 4741 time 2370.5 binding_event at DNA_topoI 20 enzyme topoI with twist -69.41424 superhelical -0.01966 global twist -69.41424 global supercoiling -0.01966
frame 4742 time 2371.0 unbinding_event at DNA_topoI 20 enzyme topoI with twist -61.63506 superhelical -0.01882 global twist -65.52465 global supercoiling -0.01894
frame 4760 time 2380.0 binding_event at gene tetA enzyme RNAP with twist -61.63506 superhelical -0.01746 global twist -61.63506 global supercoiling -0.01746
frame 4770 time 2385.0 binding_event at DNA_gyrase 7 enzyme gyrase with twist 4.39315 superhelical 0.00272 global twist -61.63506 global supercoiling -0.01755
frame 4771 time 2385.5 unbinding_event at DNA_gyrase 7 enzyme gyrase with twist 6.18835 superhelical 0.02222 global twist -64.32785 global supercoiling -0.01870
frame 4800 time 2400.0 unbinding_event at gene tetA enzyme RNAP with twist -67.02064 superhelical -0.07231 global twist -67.02064 global supercoiling -0.01909
frame 4832 time 2416.0 binding_event at DNA_gyrase 17 enzyme gyrase with twist -67.02064 superhelical -0.01898 global twist -67.02064 global supercoiling -0.01898
frame 4835 time 2417.5 binding_event at DNA_gyrase 3 enzyme gyrase with twist -60.34581 superhelical -0.02077 global twist -75.09902 global supercoiling -0.02171
frame 4835 time 2417.5 unbinding_event at DNA_gyrase 3 enzyme gyrase with twist -64.38500 superhelical -0.02200 global twist -75.09902 global supercoiling -0.02171
frame 4836 time 2418.0 unbinding_event at DNA_gyrase 17 enzyme gyrase with twist -83.17741 superhelical -0.02262 global twist -80.48461 global supercoiling -0.02327
frame 4855 time 2427.5 binding_event at DNA_gyrase 23 enzyme gyrase with twist -83.17741 superhelical -0.02356 global twist -83.17741 global supercoiling -0.02356
frame 4855 time 2427.5 unbinding_event at DNA_gyrase 23 enzyme gyrase with twist -85.87020 superhelical -0.02445 global twist -83.17741 global supercoiling -0.02356
frame 4892 time 2446.0 binding_event at DNA_topoI 29 enzyme topoI with twist -85.87020 superhelical -0.02432 global twist -85.87020 global supercoiling -0.02432
frame 4893 time 2446.5 unbinding_event at DNA_topoI 29 enzyme topoI with twist -78.09102 superhelical -0.00287 global twist -81.98061 global supercoiling -0.02370
frame 4974 time 2487.0 binding_event at DNA_gyrase 10 enzyme gyrase with twist -78.09102 superhelical -0.02212 global twist -78.09102 global supercoiling -0.02212
frame 4982 time 2491.0 unbinding_event at DNA_gyrase 10 enzyme gyrase with twist -102.32616 superhelical -0.02762 global twist -99.63337 global supercoiling -0.02881
frame 4986 time 2493.0 binding_event at DNA_topoI 7 enzyme topoI with twist -102.32616 superhelical -0.02898 global twist -102.32616 global supercoiling -0.02898
frame 4986 time 2493.0 unbinding_event at DNA_topoI 7 enzyme topoI with twist -98.43657 superhelical -0.02870 global twist -102.32616 global supercoiling -0.02898
frame 4997 time 2498.5 binding_event at gene mKalama1 enzyme RNAP with twist -98.43657 superhelical -0.02788 global twist -98.43657 global supercoiling -0.02788
frame 4998 time 2499.0 binding_event at DNA_gyrase 9 enzyme gyrase with twist -83.87625 superhelical -0.02910 global twist -98.43657 global supercoiling -0.02803
frame 5008 time 2504.0 unbinding_event at DNA_gyrase 9 enzyme gyrase with twist -152.99129 superhelical -0.05560 global twist -125.36451 global supercoiling -0.03645
frame 5017 time 2508.5 binding_event at gene tetA enzyme RNAP with twist -181.71442 superhelical -0.05638 global twist -128.05730 global supercoiling -0.03647
frame 5024 time 2512.0 binding_event at DNA_topoI 44 enzyme topoI with twist -130.16009 superhelical -0.07841 global twist -128.05730 global supercoiling -0.03667
frame 5024 time 2512.0 unbinding_event at gene mKalama1 enzyme RNAP with twist -7.15038 superhelical 0.56888 global twist -128.05730 global supercoiling -0.03667
frame 5024 time 2512.0 unbinding_event at DNA_topoI 44 enzyme topoI with twist -51.07103 superhelical 0.56888 global twist -128.05730 global supercoiling -0.03667
frame 5043 time 2521.5 binding_event at DNA_gyrase 11 enzyme gyrase with twist -8.46963 superhelical -0.00638 global twist -124.16771 global supercoiling -0.03536
frame 5048 time 2524.0 unbinding_event at DNA_gyrase 11 enzyme gyrase with twist -3.08404 superhelical 0.07039 global twist -137.63168 global supercoiling -0.04001
frame 5057 time 2528.5 unbinding_event at gene tetA enzyme RNAP with twist -140.32447 superhelical -0.06914 global twist -140.32447 global supercoiling -0.03996
frame 5129 time 2564.5 binding_event at gene tetA enzyme RNAP with twist -140.32447 superhelical -0.03975 global twist -140.32447 global supercoiling -0.03975
frame 5130 time 2565.0 binding_event at gene tetA enzyme RNAP with twist -72.17434 superhelical -0.04162 global twist -140.32447 global supercoiling -0.03996
frame 5164 time 2582.0 binding_event at gene tetA enzyme RNAP with twist -194.19735 superhelical -0.08347 global twist -140.32447 global supercoiling -0.04018
frame 5169 time 2584.5 unbinding_event at gene tetA enzyme RNAP with twist 75.41523 superhelical -0.04203 global twist -140.32447 global supercoiling -0.04040
frame 5170 time 2585.0 unbinding_event at gene tetA enzyme RNAP with twist 29.24759 superhelical -0.08416 global twist -140.32447 global supercoiling -0.04018
frame 5172 time 2586.0 binding_event at gene Raspberry enzyme RNAP with twist -173.16245 superhelical -0.09311 global twist -140.32447 global supercoiling -0.03996
frame 5178 time 2589.0 binding_event at DNA_gyrase 8 enzyme gyrase with twist 54.38033 superhelical 0.03522 global twist -140.32447 global supercoiling -0.04018
frame 5178 time 2589.0 unbinding_event at DNA_gyrase 8 enzyme gyrase with twist 55.27793 superhelical 0.04835 global twist -140.32447 global supercoiling -0.04018
frame 5185 time 2592.5 binding_event at gene Raspberry enzyme RNAP with twist -118.39452 superhelical -0.11890 global twist -143.01727 global supercoiling -0.04095
frame 5193 time 2596.5 binding_event at gene Raspberry enzyme RNAP with twist -121.14631 superhelical -0.13372 global twist -143.01727 global supercoiling -0.04118
frame 5199 time 2599.5 unbinding_event at gene Raspberry enzyme RNAP with twist -127.41437 superhelical -0.12123 global twist -143.01727 global supercoiling -0.04141
frame 5201 time 2600.5 binding_event at DNA_topoI 27 enzyme topoI with twist -132.86645 superhelical -0.14666 global twist -143.01727 global supercoiling -0.04118
frame 5201 time 2600.5 unbinding_event at DNA_topoI 27 enzyme topoI with twist -132.56725 superhelical -0.10124 global twist -143.01727 global supercoiling -0.04118
frame 5203 time 2601.5 binding_event at DNA_topoI 8 enzyme topoI with twist -127.41437 superhelical -0.09714 global twist -139.12767 global supercoiling -0.04006
frame 5203 time 2601.5 unbinding_event at DNA_topoI 8 enzyme topoI with twist -123.52478 superhelical -0.09952 global twist -139.12767 global supercoiling -0.04006
frame 5204 time 2602.0 unbinding_event at gene tetA enzyme RNAP with twist 25.10333 superhelical -0.09417 global twist -135.23808 global supercoiling -0.03894
frame 5212 time 2606.0 unbinding_event at gene Raspberry enzyme RNAP with twist 36.82347 superhelical -0.13661 global twist -135.23808 global supercoiling -0.03873
frame 5220 time 2610.0 unbinding_event at gene Raspberry enzyme RNAP with twist -135.23808 superhelical -0.15872 global twist -135.23808 global supercoiling -0.03851
frame 5247 time 2623.5 binding_event at gene tetA enzyme RNAP with twist -135.23808 superhelical -0.03831 global twist -135.23808 global supercoiling -0.03831
frame 5271 time 2635.5 binding_event at DNA_topoI 45 enzyme topoI with twist -152.26736 superhelical -0.07092 global twist -135.23808 global supercoiling -0.03851
frame 5271 time 2635.5 unbinding_event at DNA_topoI 45 enzyme topoI with twist -151.96816 superhelical -0.07191 global twist -135.23808 global supercoiling -0.03851
frame 5287 time 2643.5 unbinding_event at gene tetA enzyme RNAP with twist -131.34849 superhelical -0.08540 global twist -131.34849 global supercoiling -0.03741
frame 5320 time 2660.0 binding_event at gene tetA enzyme RNAP with twist -131.34849 superhelical -0.03720 global twist -131.34849 global supercoiling -0.03720
frame 5331 time 2665.5 binding_event at DNA_topoI 37 enzyme topoI with twist -103.69122 superhelical -0.05418 global twist -131.34849 global supercoiling -0.03741
frame 5331 time 2665.5 unbinding_event at DNA_topoI 37 enzyme topoI with twist -103.39202 superhelical -0.05371 global twist -131.34849 global supercoiling -0.03741
frame 5336 time 2668.0 binding_event at gene Raspberry enzyme RNAP with twist -117.75359 superhelical -0.05878 global twist -127.45890 global supercoiling -0.03630
frame 5360 time 2680.0 binding_event at DNA_topoI 40 enzyme topoI with twist -131.41007 superhelical -0.11013 global twist -127.45890 global supercoiling -0.03650
frame 5360 time 2680.0 unbinding_event at gene tetA enzyme RNAP with twist 7.54156 superhelical -0.05934 global twist -127.45890 global supercoiling -0.03650
frame 5363 time 2681.5 unbinding_event at gene Raspberry enzyme RNAP with twist -6.36132 superhelical -0.10908 global twist -115.79013 global supercoiling -0.03366
frame 5366 time 2683.0 unbinding_event at DNA_topoI 40 enzyme topoI with twist -100.23177 superhelical -0.10311 global twist -104.12136 global supercoiling -0.03010
frame 5372 time 2686.0 binding_event at gene tetA enzyme RNAP with twist -100.23177 superhelical -0.02839 global twist -100.23177 global supercoiling -0.02839
frame 5386 time 2693.0 binding_event at DNA_gyrase 14 enzyme gyrase with twist -0.97775 superhelical -0.00063 global twist -100.23177 global supercoiling -0.02854
frame 5388 time 2694.0 unbinding_event at DNA_gyrase 14 enzyme gyrase with twist 1.71504 superhelical 0.00964 global twist -105.61735 global supercoiling -0.03071
frame 5409 time 2704.5 binding_event at DNA_gyrase 12 enzyme gyrase with twist 73.52287 superhelical 0.06501 global twist -108.31015 global supercoiling -0.03085
frame 5412 time 2706.0 unbinding_event at gene tetA enzyme RNAP with twist -177.00018 superhelical -0.08001 global twist -116.38853 global supercoiling -0.03384
frame 5412 time 2706.0 unbinding_event at DNA_gyrase 12 enzyme gyrase with twist -119.08132 superhelical -0.08001 global twist -116.38853 global supercoiling -0.03384
frame 5459 time 2729.5 binding_event at DNA_topoI 38 enzyme topoI with twist -119.08132 superhelical -0.03373 global twist -119.08132 global supercoiling -0.03373
frame 5466 time 2733.0 unbinding_event at DNA_topoI 38 enzyme topoI with twist -87.96459 superhelical -0.01553 global twist -91.85419 global supercoiling -0.02656
frame 5472 time 2736.0 binding_event at DNA_topoI 43 enzyme topoI with twist -87.96459 superhelical -0.02492 global twist -87.96459 global supercoiling -0.02492
frame 5474 time 2737.0 unbinding_event at DNA_topoI 43 enzyme topoI with twist -76.29582 superhelical -0.02050 global twist -80.18541 global supercoiling -0.02318
frame 5486 time 2743.0 binding_event at DNA_gyrase 44 enzyme gyrase with twist -76.29582 superhelical -0.02161 global twist -76.29582 global supercoiling -0.02161
frame 5489 time 2744.5 unbinding_event at DNA_gyrase 44 enzyme gyrase with twist -87.06700 superhelical -0.02635 global twist -84.37420 global supercoiling -0.02439
frame 5523 time 2761.5 binding_event at DNA_gyrase 41 enzyme gyrase with twist -87.06700 superhelical -0.02466 global twist -87.06700 global supercoiling -0.02466
frame 5525 time 2762.5 unbinding_event at DNA_gyrase 41 enzyme gyrase with twist -95.14538 superhelical -0.02906 global twist -92.45258 global supercoiling -0.02673
frame 5565 time 2782.5 binding_event at DNA_gyrase 8 enzyme gyrase with twist -95.14538 superhelical -0.02695 global twist -95.14538 global supercoiling -0.02695
frame 5567 time 2783.5 unbinding_event at DNA_gyrase 8 enzyme gyrase with twist -103.22376 superhelical -0.02930 global twist -100.53096 global supercoiling -0.02907
frame 5629 time 2814.5 binding_event at gene tetA enzyme RNAP with twist -103.22376 superhelical -0.02924 global twist -103.22376 global supercoiling -0.02924
frame 5646 time 2823.0 binding_event at DNA_topoI 47 enzyme topoI with twist -111.48753 superhelical -0.05515 global twist -103.22376 global supercoiling -0.02940
frame 5646 time 2823.0 unbinding_event at DNA_topoI 47 enzyme topoI with twist -111.18833 superhelical -0.05586 global twist -103.22376 global supercoiling -0.02940
frame 5669 time 2834.5 unbinding_event at gene tetA enzyme RNAP with twist -99.33417 superhelical -0.07902 global twist -99.33417 global supercoiling -0.02829
frame 5672 time 2836.0 binding_event at DNA_topoI 7 enzyme topoI with twist -99.33417 superhelical -0.02814 global twist -99.33417 global supercoiling -0.02814
frame 5682 time 2841.0 binding_event at DNA_gyrase 48 enzyme gyrase with twist -43.38348 superhelical -0.01983 global twist -60.43826 global supercoiling -0.01747
frame 5684 time 2842.0 unbinding_event at DNA_topoI 7 enzyme topoI with twist -21.20351 superhelical -0.01738 global twist -58.04466 global supercoiling -0.01714
frame 5692 time 2846.0 unbinding_event at DNA_gyrase 48 enzyme gyrase with twist -78.39022 superhelical -0.03011 global twist -75.69742 global supercoiling -0.02189
frame 5709 time 2854.5 binding_event at gene mKalama1 enzyme RNAP with twist -78.39022 superhelical -0.02220 global twist -78.39022 global supercoiling -0.02220
frame 5736 time 2868.0 unbinding_event at gene mKalama1 enzyme RNAP with twist -78.39022 superhelical 0.59440 global twist -78.39022 global supercoiling -0.02232
frame 5747 time 2873.5 binding_event at gene tetA enzyme RNAP with twist -78.39022 superhelical -0.02220 global twist -78.39022 global supercoiling -0.02220
frame 5784 time 2892.0 binding_event at gene Raspberry enzyme RNAP with twist -171.15791 superhelical -0.07190 global twist -78.39022 global supercoiling -0.02232
frame 5787 time 2893.5 unbinding_event at gene tetA enzyme RNAP with twist -8.76885 superhelical -0.07249 global twist -78.39022 global supercoiling -0.02245
frame 5789 time 2894.5 binding_event at DNA_topoI 29 enzyme topoI with twist -73.21176 superhelical -0.08592 global twist -78.39022 global supercoiling -0.02232
frame 5796 time 2898.0 unbinding_event at DNA_topoI 29 enzyme topoI with twist -70.81816 superhelical -0.00599 global twist -51.16308 global supercoiling -0.01487
frame 5811 time 2905.5 unbinding_event at gene Raspberry enzyme RNAP with twist -47.27349 superhelical -0.09856 global twist -47.27349 global supercoiling -0.01346
frame 5857 time 2928.5 binding_event at gene Raspberry enzyme RNAP with twist -47.27349 superhelical -0.01339 global twist -47.27349 global supercoiling -0.01339
frame 5859 time 2929.5 binding_event at gene tetA enzyme RNAP with twist -29.82917 superhelical -0.01099 global twist -47.27349 global supercoiling -0.01346
frame 5884 time 2942.0 unbinding_event at gene Raspberry enzyme RNAP with twist -120.74639 superhelical -0.08758 global twist -47.27349 global supercoiling -0.01354
frame 5899 time 2949.5 unbinding_event at gene tetA enzyme RNAP with twist -47.27349 superhelical -0.07120 global twist -47.27349 global supercoiling -0.01346
frame 5910 time 2955.0 binding_event at DNA_gyrase 27 enzyme gyrase with twist -47.27349 superhelical -0.01339 global twist -47.27349 global supercoiling -0.01339
frame 5911 time 2955.5 unbinding_event at DNA_gyrase 27 enzyme gyrase with twist -52.65908 superhelical -0.09402 global twist -49.96628 global supercoiling -0.01445
frame 5912 time 2956.0 binding_event at DNA_gyrase 28 enzyme gyrase with twist -52.65908 superhelical -0.01492 global twist -52.65908 global supercoiling -0.01492
frame 5912 time 2956.0 unbinding_event at DNA_gyrase 28 enzyme gyrase with twist -55.35187 superhelical -0.02801 global twist -52.65908 global supercoiling -0.01492
frame 6006 time 3003.0 binding_event at gene Raspberry enzyme RNAP with twist -55.35187 superhelical -0.01568 global twist -55.35187 global supercoiling -0.01568
frame 6033 time 3016.5 unbinding_event at gene Raspberry enzyme RNAP with twist -55.35187 superhelical -0.08897 global twist -55.35187 global supercoiling -0.01576
frame 6078 time 3039.0 binding_event at gene tetA enzyme RNAP with twist -55.35187 superhelical -0.01568 global twist -55.35187 global supercoiling -0.01568
frame 6103 time 3051.5 binding_event at DNA_gyrase 10 enzyme gyrase with twist 61.46129 superhelical 0.04565 global twist -55.35187 global supercoiling -0.01576
frame 6118 time 3059.0 unbinding_event at gene tetA enzyme RNAP with twist 71.33486 superhelical 0.97529 global twist -95.74378 global supercoiling -0.02784
frame 6131 time 3065.5 unbinding_event at DNA_gyrase 10 enzyme gyrase with twist -133.44289 superhelical -0.07793 global twist -130.75009 global supercoiling -0.03780
frame 6133 time 3066.5 binding_event at DNA_topoI 39 enzyme topoI with twist -133.44289 superhelical -0.03780 global twist -133.44289 global supercoiling -0.03780
frame 6133 time 3066.5 unbinding_event at DNA_topoI 39 enzyme topoI with twist -129.55330 superhelical -0.03641 global twist -133.44289 global supercoiling -0.03780
frame 6171 time 3085.5 binding_event at DNA_gyrase 33 enzyme gyrase with twist -129.55330 superhelical -0.03669 global twist -129.55330 global supercoiling -0.03669
frame 6182 time 3091.0 unbinding_event at DNA_gyrase 33 enzyme gyrase with twist -161.86682 superhelical -0.07225 global twist -159.17403 global supercoiling -0.04602
frame 6211 time 3105.5 binding_event at DNA_topoI 22 enzyme topoI with twist -161.86682 superhelical -0.04585 global twist -161.86682 global supercoiling -0.04585
frame 6220 time 3110.0 binding_event at DNA_topoI 3 enzyme topoI with twist -135.29016 superhelical -0.04144 global twist -126.86050 global supercoiling -0.03668
frame 6220 time 3110.0 unbinding_event at DNA_topoI 22 enzyme topoI with twist -40.50109 superhelical -0.03936 global twist -126.86050 global supercoiling -0.03668
frame 6226 time 3113.0 unbinding_event at DNA_topoI 3 enzyme topoI with twist -95.74378 superhelical -0.03521 global twist -99.63337 global supercoiling -0.02881
frame 6282 time 3141.0 binding_event at gene tetA enzyme RNAP with twist -95.74378 superhelical -0.02712 global twist -95.74378 global supercoiling -0.02712
frame 6294 time 3147.0 binding_event at DNA_topoI 36 enzyme topoI with twist -89.87971 superhelical -0.04653 global twist -95.74378 global supercoiling -0.02727
frame 6294 time 3147.0 unbinding_event at DNA_topoI 36 enzyme topoI with twist -89.58052 superhelical -0.04547 global twist -95.74378 global supercoiling -0.02727
frame 6297 time 3148.5 binding_event at DNA_topoI 33 enzyme topoI with twist -96.76130 superhelical -0.04873 global twist -91.85419 global supercoiling -0.02616
frame 6304 time 3152.0 unbinding_event at DNA_topoI 33 enzyme topoI with twist -94.36770 superhelical -0.01706 global twist -64.62705 global supercoiling -0.01879
frame 6306 time 3153.0 binding_event at DNA_gyrase 12 enzyme gyrase with twist 37.22064 superhelical 0.02728 global twist -60.73746 global supercoiling -0.01730
frame 6307 time 3153.5 unbinding_event at DNA_gyrase 12 enzyme gyrase with twist 39.01583 superhelical 0.04482 global twist -63.43025 global supercoiling -0.01844
frame 6322 time 3161.0 unbinding_event at gene tetA enzyme RNAP with twist -66.12305 superhelical -0.06484 global twist -66.12305 global supercoiling -0.01883
frame 6338 time 3169.0 binding_event at DNA_topoI 45 enzyme topoI with twist -66.12305 superhelical -0.01873 global twist -66.12305 global supercoiling -0.01873
frame 6342 time 3171.0 binding_event at gene tetA enzyme RNAP with twist -32.99288 superhelical -0.01547 global twist -50.56468 global supercoiling -0.01462
frame 6345 time 3172.5 unbinding_event at DNA_topoI 45 enzyme topoI with twist -21.34448 superhelical -0.00738 global twist -38.89591 global supercoiling -0.01131
frame 6366 time 3183.0 binding_event at gene tetA enzyme RNAP with twist -93.15232 superhelical -0.04339 global twist -35.00632 global supercoiling -0.00997
frame 6373 time 3186.5 binding_event at DNA_topoI 34 enzyme topoI with twist -100.26234 superhelical -0.05444 global twist -35.00632 global supercoiling -0.01002
frame 6373 time 3186.5 unbinding_event at DNA_topoI 34 enzyme topoI with twist -99.96314 superhelical -0.05302 global twist -35.00632 global supercoiling -0.01002
frame 6382 time 3191.0 unbinding_event at gene tetA enzyme RNAP with twist 101.15994 superhelical -0.04378 global twist -31.11673 global supercoiling -0.00891
frame 6387 time 3193.5 binding_event at gene tetA enzyme RNAP with twist -146.63823 superhelical -0.07005 global twist -31.11673 global supercoiling -0.00886
frame 6406 time 3203.0 unbinding_event at gene tetA enzyme RNAP with twist 162.02937 superhelical -0.07070 global twist -31.11673 global supercoiling -0.00891
frame 6418 time 3209.0 binding_event at DNA_topoI 8 enzyme topoI with twist -232.64041 superhelical -0.10236 global twist -31.11673 global supercoiling -0.00886
frame 6420 time 3210.0 unbinding_event at DNA_topoI 8 enzyme topoI with twist -231.74281 superhelical -0.09777 global twist -23.33755 global supercoiling -0.00678
frame 6427 time 3213.5 unbinding_event at gene tetA enzyme RNAP with twist -19.44795 superhelical -0.10475 global twist -19.44795 global supercoiling -0.00554
frame 6432 time 3216.0 binding_event at DNA_gyrase 13 enzyme gyrase with twist -19.44795 superhelical -0.00551 global twist -19.44795 global supercoiling -0.00551
frame 6438 time 3219.0 unbinding_event at DNA_gyrase 13 enzyme gyrase with twist -38.29751 superhelical -0.00922 global twist -35.60472 global supercoiling -0.01029
frame 6467 time 3233.5 binding_event at DNA_gyrase 23 enzyme gyrase with twist -38.29751 superhelical -0.01085 global twist -38.29751 global supercoiling -0.01085
frame 6475 time 3237.5 unbinding_event at DNA_gyrase 23 enzyme gyrase with twist -62.53265 superhelical -0.01470 global twist -59.83986 global supercoiling -0.01730
frame 6478 time 3239.0 binding_event at gene tetA enzyme RNAP with twist -62.53265 superhelical -0.01771 global twist -62.53265 global supercoiling -0.01771
frame 6498 time 3249.0 binding_event at DNA_gyrase 14 enzyme gyrase with twist 39.83817 superhelical 0.02774 global twist -62.53265 global supercoiling -0.01781
frame 6498 time 3249.0 unbinding_event at DNA_gyrase 14 enzyme gyrase with twist 40.73577 superhelical 0.03399 global twist -62.53265 global supercoiling -0.01781
frame 6518 time 3259.0 unbinding_event at gene tetA enzyme RNAP with twist -65.22545 superhelical -0.07249 global twist -65.22545 global supercoiling -0.01858
frame 6541 time 3270.5 binding_event at DNA_gyrase 19 enzyme gyrase with twist -65.22545 superhelical -0.01847 global twist -65.22545 global supercoiling -0.01847
frame 6568 time 3284.0 unbinding_event at DNA_gyrase 19 enzyme gyrase with twist -140.62367 superhelical -0.03122 global twist -137.93088 global supercoiling -0.03988
frame 6579 time 3289.5 binding_event at DNA_topoI 23 enzyme topoI with twist -140.62367 superhelical -0.03983 global twist -140.62367 global supercoiling -0.03983
frame 6580 time 3290.0 binding_event at DNA_topoI 42 enzyme topoI with twist -133.71569 superhelical -0.04007 global twist -136.73408 global supercoiling -0.03953
frame 6580 time 3290.0 unbinding_event at DNA_topoI 42 enzyme topoI with twist -127.88130 superhelical -0.03920 global twist -136.73408 global supercoiling -0.03953
frame 6584 time 3292.0 unbinding_event at DNA_topoI 23 enzyme topoI with twist -113.39653 superhelical -0.03599 global twist -117.28613 global supercoiling -0.03391
frame 6613 time 3306.5 binding_event at DNA_topoI 5 enzyme topoI with twist -113.39653 superhelical -0.03212 global twist -113.39653 global supercoiling -0.03212
frame 6615 time 3307.5 binding_event at DNA_topoI 34 enzyme topoI with twist -63.12815 superhelical -0.03088 global twist -105.61735 global supercoiling -0.03054
frame 6616 time 3308.0 unbinding_event at DNA_topoI 34 enzyme topoI with twist -51.45938 superhelical -0.02475 global twist -97.83817 global supercoiling -0.02889
frame 6630 time 3315.0 unbinding_event at DNA_topoI 5 enzyme topoI with twist -35.60472 superhelical -0.01185 global twist -39.49431 global supercoiling -0.01142
frame 6669 time 3334.5 binding_event at DNA_topoI 22 enzyme topoI with twist -35.60472 superhelical -0.01008 global twist -35.60472 global supercoiling -0.01008
frame 6671 time 3335.5 unbinding_event at DNA_topoI 22 enzyme topoI with twist -23.93594 superhelical -0.00851 global twist -27.82553 global supercoiling -0.00804
frame 6741 time 3370.5 binding_event at DNA_gyrase 28 enzyme gyrase with twist -23.93594 superhelical -0.00678 global twist -23.93594 global supercoiling -0.00678
frame 6744 time 3372.0 unbinding_event at DNA_gyrase 28 enzyme gyrase with twist -34.70712 superhelical -0.05806 global twist -32.01433 global supercoiling -0.00926
frame 6773 time 3386.5 binding_event at DNA_topoI 16 enzyme topoI with twist -34.70712 superhelical -0.00983 global twist -34.70712 global supercoiling -0.00983
frame 6780 time 3390.0 unbinding_event at DNA_topoI 16 enzyme topoI with twist -3.59039 superhelical -0.00454 global twist -7.47998 global supercoiling -0.00216
frame 6815 time 3407.5 binding_event at DNA_gyrase 31 enzyme gyrase with twist -3.59039 superhelical -0.00102 global twist -3.59039 global supercoiling -0.00102
frame 6816 time 3408.0 unbinding_event at DNA_gyrase 31 enzyme gyrase with twist -8.97598 superhelical -0.00943 global twist -6.28319 global supercoiling -0.00182
frame 6869 time 3434.5 binding_event at DNA_gyrase 3 enzyme gyrase with twist -8.97598 superhelical -0.00254 global twist -8.97598 global supercoiling -0.00254
frame 6869 time 3434.5 unbinding_event at DNA_gyrase 3 enzyme gyrase with twist -11.66877 superhelical -0.00330 global twist -8.97598 global supercoiling -0.00254
frame 6908 time 3454.0 binding_event at gene tetA enzyme RNAP with twist -11.66877 superhelical -0.00331 global twist -11.66877 global supercoiling -0.00331
frame 6948 time 3474.0 unbinding_event at gene tetA enzyme RNAP with twist -11.66877 superhelical -0.06235 global twist -11.66877 global supercoiling -0.00332
frame 6976 time 3488.0 binding_event at DNA_gyrase 9 enzyme gyrase with twist -11.66877 superhelical -0.00331 global twist -11.66877 global supercoiling -0.00331
frame 6984 time 3492.0 unbinding_event at DNA_gyrase 9 enzyme gyrase with twist -35.90392 superhelical -0.00857 global twist -33.21112 global supercoiling -0.00960
frame 7018 time 3509.0 binding_event at gene tetA enzyme RNAP with twist -35.90392 superhelical -0.01017 global twist -35.90392 global supercoiling -0.01017
frame 7055 time 3527.5 binding_event at DNA_topoI 3 enzyme topoI with twist -150.39262 superhelical -0.06318 global twist -35.90392 global supercoiling -0.01022
frame 7058 time 3529.0 unbinding_event at DNA_topoI 3 enzyme topoI with twist -149.19582 superhelical -0.06105 global twist -24.23514 global supercoiling -0.00705
frame 7058 time 3529.0 unbinding_event at gene tetA enzyme RNAP with twist -20.34555 superhelical -0.06105 global twist -24.23514 global supercoiling -0.00705
frame 7073 time 3536.5 binding_event at gene tetA enzyme RNAP with twist -20.34555 superhelical -0.00576 global twist -20.34555 global supercoiling -0.00576
frame 7113 time 3556.5 unbinding_event at gene tetA enzyme RNAP with twist -20.34555 superhelical -0.06408 global twist -20.34555 global supercoiling -0.00579
frame 7346 time 3673.0 binding_event at gene tetA enzyme RNAP with twist -20.34555 superhelical -0.00576 global twist -20.34555 global supercoiling -0.00576
frame 7386 time 3693.0 unbinding_event at gene tetA enzyme RNAP with twist -20.34555 superhelical -0.06408 global twist -20.34555 global supercoiling -0.00579
frame 7407 time 3703.5 binding_event at DNA_gyrase 40 enzyme gyrase with twist -20.34555 superhelical -0.00576 global twist -20.34555 global supercoiling -0.00576
frame 7408 time 3704.0 unbinding_event at DNA_gyrase 40 enzyme gyrase with twist -25.73114 superhelical -0.00867 global twist -23.03835 global supercoiling -0.00666
frame 7412 time 3706.0 binding_event at gene tetA enzyme RNAP with twist -25.73114 superhelical -0.00729 global twist -25.73114 global supercoiling -0.00729
frame 7413 time 3706.5 binding_event at DNA_gyrase 1 enzyme gyrase with twist -9.56459 superhelical -0.00538 global twist -25.73114 global supercoiling -0.00733
frame 7415 time 3707.5 unbinding_event at DNA_gyrase 1 enzyme gyrase with twist -41.86777 superhelical -0.01406 global twist -31.11673 global supercoiling -0.00905
frame 7416 time 3708.0 binding_event at gene tetA enzyme RNAP with twist -41.86777 superhelical -0.02342 global twist -33.80952 global supercoiling -0.00963
frame 7449 time 3724.5 binding_event at DNA_topoI 41 enzyme topoI with twist -159.10429 superhelical -0.06892 global twist -33.80952 global supercoiling -0.00968
frame 7452 time 3726.0 unbinding_event at gene tetA enzyme RNAP with twist 139.65633 superhelical -0.02367 global twist -22.14075 global supercoiling -0.00647
frame 7452 time 3726.0 unbinding_event at DNA_topoI 41 enzyme topoI with twist -157.90749 superhelical -0.06364 global twist -22.14075 global supercoiling -0.00647
frame 7456 time 3728.0 unbinding_event at gene tetA enzyme RNAP with twist -18.25116 superhelical -0.07025 global twist -18.25116 global supercoiling -0.00520
frame 7484 time 3742.0 binding_event at DNA_gyrase 1 enzyme gyrase with twist -18.25116 superhelical -0.00517 global twist -18.25116 global supercoiling -0.00517
frame 7508 time 3754.0 unbinding_event at DNA_gyrase 1 enzyme gyrase with twist -85.57100 superhelical -0.02444 global twist -82.87821 global supercoiling -0.02396
frame 7514 time 3757.0 binding_event at gene tetA enzyme RNAP with twist -85.57100 superhelical -0.02424 global twist -85.57100 global supercoiling -0.02424
frame 7517 time 3758.5 binding_event at gene tetA enzyme RNAP with twist -52.59422 superhelical -0.02971 global twist -85.57100 global supercoiling -0.02437
frame 7539 time 3769.5 binding_event at DNA_topoI 43 enzyme topoI with twist -130.54030 superhelical -0.06183 global twist -85.57100 global supercoiling -0.02450
frame 7544 time 3772.0 unbinding_event at DNA_topoI 43 enzyme topoI with twist -128.74510 superhelical -0.05414 global twist -66.12305 global supercoiling -0.01933
frame 7545 time 3772.5 binding_event at gene mKalama1 enzyme RNAP with twist -128.74510 superhelical -0.05802 global twist -62.23345 global supercoiling -0.01782
frame 7554 time 3777.0 unbinding_event at gene tetA enzyme RNAP with twist 102.41556 superhelical -0.03004 global twist -62.23345 global supercoiling -0.01792
frame 7557 time 3778.5 unbinding_event at gene tetA enzyme RNAP with twist -71.01350 superhelical -0.09123 global twist -62.23345 global supercoiling -0.01782
frame 7572 time 3786.0 unbinding_event at gene mKalama1 enzyme RNAP with twist -62.23345 superhelical 0.43253 global twist -62.23345 global supercoiling -0.01772
frame 7638 time 3819.0 binding_event at gene Raspberry enzyme RNAP with twist -62.23345 superhelical -0.01763 global twist -62.23345 global supercoiling -0.01763
frame 7665 time 3832.5 unbinding_event at gene Raspberry enzyme RNAP with twist -62.23345 superhelical -0.09015 global twist -62.23345 global supercoiling -0.01772
frame 7743 time 3871.5 binding_event at gene tetA enzyme RNAP with twist -62.23345 superhelical -0.01763 global twist -62.23345 global supercoiling -0.01763
frame 7767 time 3883.5 binding_event at DNA_gyrase 13 enzyme gyrase with twist 54.35270 superhelical 0.03984 global twist -62.23345 global supercoiling -0.01772
frame 7778 time 3889.0 unbinding_event at DNA_gyrase 13 enzyme gyrase with twist 65.12388 superhelical 0.19392 global twist -91.85419 global supercoiling -0.02670
frame 7783 time 3891.5 unbinding_event at gene tetA enzyme RNAP with twist -94.54698 superhelical -0.07243 global twist -94.54698 global supercoiling -0.02693
frame 7853 time 3926.5 binding_event at DNA_gyrase 29 enzyme gyrase with twist -94.54698 superhelical -0.02678 global twist -94.54698 global supercoiling -0.02678
frame 7854 time 3927.0 unbinding_event at DNA_gyrase 29 enzyme gyrase with twist -99.93257 superhelical -0.04254 global twist -97.23977 global supercoiling -0.02811
frame 7874 time 3937.0 binding_event at DNA_topoI 25 enzyme topoI with twist -99.93257 superhelical -0.02831 global twist -99.93257 global supercoiling -0.02831
frame 7874 time 3937.0 unbinding_event at DNA_topoI 25 enzyme topoI with twist -96.04298 superhelical -0.02798 global twist -99.93257 global supercoiling -0.02831
frame 7886 time 3943.0 binding_event at DNA_gyrase 21 enzyme gyrase with twist -96.04298 superhelical -0.02720 global twist -96.04298 global supercoiling -0.02720
frame 7897 time 3948.5 unbinding_event at DNA_gyrase 21 enzyme gyrase with twist -128.35650 superhelical -0.03283 global twist -125.66371 global supercoiling -0.03633
frame 7972 time 3986.0 binding_event at gene tetA enzyme RNAP with twist -128.35650 superhelical -0.03636 global twist -128.35650 global supercoiling -0.03636
frame 7993 time 3996.5 binding_event at gene mKalama1 enzyme RNAP with twist -138.13279 superhelical -0.06599 global twist -128.35650 global supercoiling -0.03655
