TORCphysics log file 

General information: 
---------------------------------------------------------------------------------------
Circuit name: Pleu500_89
Size: 6000
Structure: circle
Number of sites: 110
Number of frames: 8000
Simulation time: 4000.0
Simulation timestep: 0.5
Seed: 5327941067709400060
 
Overall simulation information 
---------------------------------------------------------------------------------------
Initial twist: -211.83310
Final twist: -32.01433
Initial superhelical density: -0.06000
Final superhelical density: -0.00907
 
Overall rates 
---------------------------------------------------------------------------------------
site type            site name            #binding events      #unbinding events    binding rates        
 DNA_topoI            DNA_topoI_global                     52.0                 52.0                 0.013 
DNA_gyrase           DNA_gyrase_global                    62.0                 62.0                0.0155 
EXT                  EXT                                   0.0                  0.0                   0.0 
gene                 tetA                                 50.0                 50.0                0.0125 
gene                 CDS                                   0.0                  0.0                   0.0 
origin               ori                                   0.0                  0.0                   0.0 
lacOP                lac1                                  0.0                  0.0                   0.0 
gene                 mKalama1                              5.0                  5.0               0.00125 
lacOP                lac2                                  0.0                  0.0                   0.0 
gene                 Raspberry                             8.0                  8.0                 0.002 
 
Events
---------------------------------------------------------------------------------------
frame 22 time 11.0 binding_event at DNA_topoI 39 enzyme topoI with twist -211.83310 superhelical -0.06000 global twist -211.83310 global supercoiling -0.06000
frame 22 time 11.0 unbinding_event at DNA_topoI 39 enzyme topoI with twist -207.94351 superhelical -0.05907 global twist -211.83310 global supercoiling -0.06000
frame 56 time 28.0 binding_event at DNA_topoI 3 enzyme topoI with twist -207.94351 superhelical -0.05890 global twist -207.94351 global supercoiling -0.05890
frame 56 time 28.0 unbinding_event at DNA_topoI 3 enzyme topoI with twist -204.05392 superhelical -0.05910 global twist -207.94351 global supercoiling -0.05890
frame 100 time 50.0 binding_event at DNA_topoI 13 enzyme topoI with twist -204.05392 superhelical -0.05780 global twist -204.05392 global supercoiling -0.05780
frame 115 time 57.5 unbinding_event at DNA_topoI 13 enzyme topoI with twist -141.82047 superhelical -0.04711 global twist -145.71006 global supercoiling -0.04213
frame 218 time 109.0 binding_event at DNA_topoI 43 enzyme topoI with twist -141.82047 superhelical -0.04017 global twist -141.82047 global supercoiling -0.04017
frame 222 time 111.0 unbinding_event at DNA_topoI 43 enzyme topoI with twist -122.37251 superhelical -0.03278 global twist -126.26210 global supercoiling -0.03651
frame 228 time 114.0 binding_event at DNA_topoI 10 enzyme topoI with twist -122.37251 superhelical -0.03466 global twist -122.37251 global supercoiling -0.03466
frame 242 time 121.0 unbinding_event at DNA_topoI 10 enzyme topoI with twist -64.02865 superhelical -0.02324 global twist -67.91824 global supercoiling -0.01964
frame 476 time 238.0 binding_event at gene tetA enzyme RNAP with twist -64.02865 superhelical -0.01814 global twist -64.02865 global supercoiling -0.01814
frame 516 time 258.0 unbinding_event at gene tetA enzyme RNAP with twist -64.02865 superhelical -0.07279 global twist -64.02865 global supercoiling -0.01823
frame 520 time 260.0 binding_event at DNA_gyrase 31 enzyme gyrase with twist -64.02865 superhelical -0.01814 global twist -64.02865 global supercoiling -0.01814
frame 523 time 261.5 binding_event at DNA_gyrase 23 enzyme gyrase with twist -62.13024 superhelical -0.01980 global twist -72.10703 global supercoiling -0.02085
frame 524 time 262.0 unbinding_event at DNA_gyrase 23 enzyme gyrase with twist -70.20862 superhelical -0.02209 global twist -77.49262 global supercoiling -0.02288
frame 528 time 264.0 unbinding_event at DNA_gyrase 31 enzyme gyrase with twist -93.64938 superhelical -0.05629 global twist -90.95659 global supercoiling -0.02630
frame 532 time 266.0 binding_event at gene tetA enzyme RNAP with twist -93.64938 superhelical -0.02653 global twist -93.64938 global supercoiling -0.02653
frame 572 time 286.0 unbinding_event at gene tetA enzyme RNAP with twist -93.64938 superhelical -0.07869 global twist -93.64938 global supercoiling -0.02667
frame 579 time 289.5 binding_event at gene tetA enzyme RNAP with twist -93.64938 superhelical -0.02653 global twist -93.64938 global supercoiling -0.02653
frame 619 time 309.5 unbinding_event at gene tetA enzyme RNAP with twist -93.64938 superhelical -0.07869 global twist -93.64938 global supercoiling -0.02667
frame 645 time 322.5 binding_event at DNA_topoI 0 enzyme topoI with twist -93.64938 superhelical -0.02653 global twist -93.64938 global supercoiling -0.02653
frame 647 time 323.5 unbinding_event at DNA_topoI 0 enzyme topoI with twist -81.98061 superhelical -0.02361 global twist -85.87020 global supercoiling -0.02483
frame 675 time 337.5 binding_event at gene Raspberry enzyme RNAP with twist -81.98061 superhelical -0.02322 global twist -81.98061 global supercoiling -0.02322
frame 702 time 351.0 unbinding_event at gene Raspberry enzyme RNAP with twist -81.98061 superhelical -0.09354 global twist -81.98061 global supercoiling -0.02335
frame 740 time 370.0 binding_event at gene tetA enzyme RNAP with twist -81.98061 superhelical -0.02322 global twist -81.98061 global supercoiling -0.02322
frame 759 time 379.5 binding_event at DNA_gyrase 8 enzyme gyrase with twist 26.30506 superhelical 0.01809 global twist -81.98061 global supercoiling -0.02335
frame 766 time 383.0 unbinding_event at DNA_gyrase 8 enzyme gyrase with twist 33.48585 superhelical 0.54278 global twist -100.83016 global supercoiling -0.02931
frame 780 time 390.0 unbinding_event at gene tetA enzyme RNAP with twist -103.52296 superhelical -0.07637 global twist -103.52296 global supercoiling -0.02948
frame 829 time 414.5 binding_event at DNA_topoI 11 enzyme topoI with twist -103.52296 superhelical -0.02932 global twist -103.52296 global supercoiling -0.02932
frame 830 time 415.0 unbinding_event at DNA_topoI 11 enzyme topoI with twist -95.74378 superhelical -0.02836 global twist -99.63337 global supercoiling -0.02881
frame 859 time 429.5 binding_event at gene tetA enzyme RNAP with twist -95.74378 superhelical -0.02712 global twist -95.74378 global supercoiling -0.02712
frame 874 time 437.0 binding_event at DNA_topoI 34 enzyme topoI with twist -100.65089 superhelical -0.05069 global twist -95.74378 global supercoiling -0.02727
frame 874 time 437.0 unbinding_event at DNA_topoI 34 enzyme topoI with twist -100.35169 superhelical -0.04897 global twist -95.74378 global supercoiling -0.02727
frame 876 time 438.0 binding_event at DNA_topoI 49 enzyme topoI with twist -103.94208 superhelical -0.05142 global twist -91.85419 global supercoiling -0.02616
frame 882 time 441.0 binding_event at DNA_gyrase 23 enzyme gyrase with twist 33.63025 superhelical 0.02433 global twist -68.51664 global supercoiling -0.01992
frame 886 time 443.0 unbinding_event at DNA_gyrase 23 enzyme gyrase with twist 38.11824 superhelical 0.03797 global twist -63.72945 global supercoiling -0.01892
frame 892 time 446.0 unbinding_event at DNA_topoI 49 enzyme topoI with twist -98.85569 superhelical -0.03282 global twist -43.08470 global supercoiling -0.01253
frame 899 time 449.5 unbinding_event at gene tetA enzyme RNAP with twist -39.19511 superhelical -0.05056 global twist -39.19511 global supercoiling -0.01116
frame 926 time 463.0 binding_event at DNA_gyrase 35 enzyme gyrase with twist -39.19511 superhelical -0.01110 global twist -39.19511 global supercoiling -0.01110
frame 926 time 463.0 unbinding_event at DNA_gyrase 35 enzyme gyrase with twist -41.88790 superhelical -0.01355 global twist -39.19511 global supercoiling -0.01110
frame 953 time 476.5 binding_event at DNA_topoI 24 enzyme topoI with twist -41.88790 superhelical -0.01186 global twist -41.88790 global supercoiling -0.01186
frame 960 time 480.0 unbinding_event at DNA_topoI 24 enzyme topoI with twist -10.77117 superhelical -0.00755 global twist -14.66077 global supercoiling -0.00424
frame 1007 time 503.5 binding_event at gene tetA enzyme RNAP with twist -10.77117 superhelical -0.00305 global twist -10.77117 global supercoiling -0.00305
frame 1047 time 523.5 unbinding_event at gene tetA enzyme RNAP with twist -10.77117 superhelical -0.06218 global twist -10.77117 global supercoiling -0.00307
frame 1051 time 525.5 binding_event at gene tetA enzyme RNAP with twist -10.77117 superhelical -0.00305 global twist -10.77117 global supercoiling -0.00305
frame 1065 time 532.5 binding_event at DNA_gyrase 18 enzyme gyrase with twist 44.75875 superhelical 0.02899 global twist -10.77117 global supercoiling -0.00307
frame 1067 time 533.5 binding_event at DNA_gyrase 12 enzyme gyrase with twist 34.61827 superhelical 0.03625 global twist -16.15676 global supercoiling -0.00470
frame 1067 time 533.5 unbinding_event at DNA_gyrase 12 enzyme gyrase with twist 34.16947 superhelical 0.04502 global twist -16.15676 global supercoiling -0.00470
frame 1068 time 534.0 unbinding_event at DNA_gyrase 18 enzyme gyrase with twist 45.65634 superhelical 0.03962 global twist -21.54235 global supercoiling -0.00626
frame 1091 time 545.5 unbinding_event at gene tetA enzyme RNAP with twist -24.23514 superhelical -0.06218 global twist -24.23514 global supercoiling -0.00690
frame 1116 time 558.0 binding_event at DNA_topoI 40 enzyme topoI with twist -24.23514 superhelical -0.00686 global twist -24.23514 global supercoiling -0.00686
frame 1119 time 559.5 unbinding_event at DNA_topoI 40 enzyme topoI with twist -8.67678 superhelical 0.00104 global twist -12.56637 global supercoiling -0.00363
frame 1161 time 580.5 binding_event at DNA_gyrase 23 enzyme gyrase with twist -8.67678 superhelical -0.00246 global twist -8.67678 global supercoiling -0.00246
frame 1162 time 581.0 unbinding_event at DNA_gyrase 23 enzyme gyrase with twist -14.06237 superhelical -0.00332 global twist -11.36957 global supercoiling -0.00329
frame 1255 time 627.5 binding_event at gene Raspberry enzyme RNAP with twist -14.06237 superhelical -0.00398 global twist -14.06237 global supercoiling -0.00398
frame 1271 time 635.5 binding_event at DNA_gyrase 25 enzyme gyrase with twist 46.43698 superhelical 0.01886 global twist -14.06237 global supercoiling -0.00400
frame 1272 time 636.0 binding_event at DNA_gyrase 10 enzyme gyrase with twist 48.26982 superhelical 0.02017 global twist -16.75516 global supercoiling -0.00487
frame 1272 time 636.0 unbinding_event at DNA_gyrase 10 enzyme gyrase with twist 47.82102 superhelical 0.02281 global twist -16.75516 global supercoiling -0.00487
frame 1274 time 637.0 unbinding_event at DNA_gyrase 25 enzyme gyrase with twist 47.33457 superhelical 0.02236 global twist -24.83354 global supercoiling -0.00722
frame 1282 time 641.0 unbinding_event at gene Raspberry enzyme RNAP with twist -27.52634 superhelical -0.08188 global twist -27.52634 global supercoiling -0.00784
frame 1339 time 669.5 binding_event at gene tetA enzyme RNAP with twist -27.52634 superhelical -0.00780 global twist -27.52634 global supercoiling -0.00780
frame 1362 time 681.0 binding_event at gene tetA enzyme RNAP with twist -96.03257 superhelical -0.04510 global twist -27.52634 global supercoiling -0.00784
frame 1379 time 689.5 binding_event at gene tetA enzyme RNAP with twist -139.14823 superhelical -0.06884 global twist -27.52634 global supercoiling -0.00788
frame 1379 time 689.5 unbinding_event at gene tetA enzyme RNAP with twist 115.21229 superhelical -0.04551 global twist -27.52634 global supercoiling -0.00788
frame 1402 time 701.0 unbinding_event at gene tetA enzyme RNAP with twist 177.91298 superhelical -0.06950 global twist -27.52634 global supercoiling -0.00788
frame 1419 time 709.5 unbinding_event at gene tetA enzyme RNAP with twist -27.52634 superhelical -0.10867 global twist -27.52634 global supercoiling -0.00784
frame 1446 time 723.0 binding_event at DNA_gyrase 30 enzyme gyrase with twist -27.52634 superhelical -0.00780 global twist -27.52634 global supercoiling -0.00780
frame 1447 time 723.5 unbinding_event at DNA_gyrase 30 enzyme gyrase with twist -32.91192 superhelical -0.01878 global twist -30.21913 global supercoiling -0.00874
frame 1451 time 725.5 binding_event at DNA_gyrase 40 enzyme gyrase with twist -32.91192 superhelical -0.00932 global twist -32.91192 global supercoiling -0.00932
frame 1460 time 730.0 unbinding_event at DNA_gyrase 40 enzyme gyrase with twist -59.83986 superhelical -0.02344 global twist -57.14707 global supercoiling -0.01652
frame 1468 time 734.0 binding_event at DNA_gyrase 27 enzyme gyrase with twist -59.83986 superhelical -0.01695 global twist -59.83986 global supercoiling -0.01695
frame 1472 time 736.0 unbinding_event at DNA_gyrase 27 enzyme gyrase with twist -73.30383 superhelical -0.21819 global twist -70.61103 global supercoiling -0.02042
frame 1524 time 762.0 binding_event at gene tetA enzyme RNAP with twist -73.30383 superhelical -0.02076 global twist -73.30383 global supercoiling -0.02076
frame 1528 time 764.0 binding_event at DNA_gyrase 15 enzyme gyrase with twist -23.11483 superhelical -0.01341 global twist -73.30383 global supercoiling -0.02088
frame 1541 time 770.5 unbinding_event at DNA_gyrase 15 enzyme gyrase with twist -10.54846 superhelical 0.02565 global twist -108.31015 global supercoiling -0.03149
frame 1564 time 782.0 unbinding_event at gene tetA enzyme RNAP with twist -111.00294 superhelical -0.07464 global twist -111.00294 global supercoiling -0.03161
frame 1567 time 783.5 binding_event at DNA_topoI 3 enzyme topoI with twist -111.00294 superhelical -0.03144 global twist -111.00294 global supercoiling -0.03144
frame 1567 time 783.5 unbinding_event at DNA_topoI 3 enzyme topoI with twist -107.11335 superhelical -0.03107 global twist -111.00294 global supercoiling -0.03144
frame 1602 time 801.0 binding_event at DNA_topoI 20 enzyme topoI with twist -107.11335 superhelical -0.03034 global twist -107.11335 global supercoiling -0.03034
frame 1607 time 803.5 unbinding_event at DNA_topoI 20 enzyme topoI with twist -83.77580 superhelical -0.02723 global twist -87.66540 global supercoiling -0.02535
frame 1624 time 812.0 binding_event at gene tetA enzyme RNAP with twist -83.77580 superhelical -0.02373 global twist -83.77580 global supercoiling -0.02373
frame 1664 time 832.0 unbinding_event at gene tetA enzyme RNAP with twist -83.77580 superhelical -0.07673 global twist -83.77580 global supercoiling -0.02386
frame 1696 time 848.0 binding_event at DNA_topoI 40 enzyme topoI with twist -83.77580 superhelical -0.02373 global twist -83.77580 global supercoiling -0.02373
frame 1700 time 850.0 unbinding_event at DNA_topoI 40 enzyme topoI with twist -64.32785 superhelical -0.01417 global twist -68.21744 global supercoiling -0.01972
frame 1716 time 858.0 binding_event at DNA_gyrase 2 enzyme gyrase with twist -64.32785 superhelical -0.01822 global twist -64.32785 global supercoiling -0.01822
frame 1716 time 858.0 unbinding_event at DNA_gyrase 2 enzyme gyrase with twist -67.02064 superhelical -0.01933 global twist -64.32785 global supercoiling -0.01822
frame 1795 time 897.5 binding_event at DNA_topoI 11 enzyme topoI with twist -67.02064 superhelical -0.01898 global twist -67.02064 global supercoiling -0.01898
frame 1796 time 898.0 unbinding_event at DNA_topoI 11 enzyme topoI with twist -59.24146 superhelical -0.01781 global twist -63.13105 global supercoiling -0.01825
frame 1837 time 918.5 binding_event at DNA_gyrase 17 enzyme gyrase with twist -59.24146 superhelical -0.01678 global twist -59.24146 global supercoiling -0.01678
frame 1839 time 919.5 unbinding_event at DNA_gyrase 17 enzyme gyrase with twist -67.31984 superhelical -0.01852 global twist -64.62705 global supercoiling -0.01869
frame 1846 time 923.0 binding_event at gene Raspberry enzyme RNAP with twist -67.31984 superhelical -0.01907 global twist -67.31984 global supercoiling -0.01907
frame 1853 time 926.5 binding_event at gene tetA enzyme RNAP with twist -27.57131 superhelical -0.01051 global twist -67.31984 global supercoiling -0.01917
frame 1872 time 936.0 binding_event at DNA_gyrase 24 enzyme gyrase with twist 49.21148 superhelical 0.03384 global twist -67.31984 global supercoiling -0.01928
frame 1873 time 936.5 unbinding_event at gene Raspberry enzyme RNAP with twist -123.71211 superhelical -0.09102 global twist -70.01264 global supercoiling -0.02047
frame 1888 time 944.0 unbinding_event at DNA_gyrase 24 enzyme gyrase with twist 64.47065 superhelical 0.08333 global twist -110.40454 global supercoiling -0.03210
frame 1893 time 946.5 unbinding_event at gene tetA enzyme RNAP with twist -113.09734 superhelical -0.07973 global twist -113.09734 global supercoiling -0.03221
frame 2006 time 1003.0 binding_event at DNA_topoI 32 enzyme topoI with twist -113.09734 superhelical -0.03203 global twist -113.09734 global supercoiling -0.03203
frame 2016 time 1008.0 unbinding_event at DNA_topoI 32 enzyme topoI with twist -70.31184 superhelical 0.02180 global twist -74.20143 global supercoiling -0.02145
frame 2024 time 1012.0 binding_event at DNA_gyrase 0 enzyme gyrase with twist -70.31184 superhelical -0.01992 global twist -70.31184 global supercoiling -0.01992
frame 2025 time 1012.5 unbinding_event at DNA_gyrase 0 enzyme gyrase with twist -75.69742 superhelical -0.02193 global twist -73.00463 global supercoiling -0.02111
frame 2033 time 1016.5 binding_event at DNA_gyrase 8 enzyme gyrase with twist -75.69742 superhelical -0.02144 global twist -75.69742 global supercoiling -0.02144
frame 2033 time 1016.5 unbinding_event at DNA_gyrase 8 enzyme gyrase with twist -78.39022 superhelical -0.02248 global twist -75.69742 global supercoiling -0.02144
frame 2067 time 1033.5 binding_event at DNA_gyrase 33 enzyme gyrase with twist -78.39022 superhelical -0.02220 global twist -78.39022 global supercoiling -0.02220
frame 2078 time 1039.0 unbinding_event at DNA_gyrase 33 enzyme gyrase with twist -110.70374 superhelical -0.05746 global twist -108.01095 global supercoiling -0.03123
frame 2090 time 1045.0 binding_event at gene tetA enzyme RNAP with twist -110.70374 superhelical -0.03136 global twist -110.70374 global supercoiling -0.03136
frame 2092 time 1046.0 binding_event at DNA_topoI 29 enzyme topoI with twist -61.28752 superhelical -0.03498 global twist -110.70374 global supercoiling -0.03153
frame 2095 time 1047.5 unbinding_event at DNA_topoI 29 enzyme topoI with twist -60.09072 superhelical 0.00744 global twist -99.03497 global supercoiling -0.02879
frame 2130 time 1065.0 unbinding_event at gene tetA enzyme RNAP with twist -95.14538 superhelical -0.07575 global twist -95.14538 global supercoiling -0.02710
frame 2202 time 1101.0 binding_event at DNA_topoI 42 enzyme topoI with twist -95.14538 superhelical -0.02695 global twist -95.14538 global supercoiling -0.02695
frame 2202 time 1101.0 unbinding_event at DNA_topoI 42 enzyme topoI with twist -91.25579 superhelical -0.02576 global twist -95.14538 global supercoiling -0.02695
frame 2239 time 1119.5 binding_event at DNA_topoI 11 enzyme topoI with twist -91.25579 superhelical -0.02585 global twist -91.25579 global supercoiling -0.02585
frame 2240 time 1120.0 binding_event at gene tetA enzyme RNAP with twist -63.35519 superhelical -0.02560 global twist -87.36620 global supercoiling -0.02526
frame 2242 time 1121.0 unbinding_event at DNA_topoI 11 enzyme topoI with twist -20.65171 superhelical -0.00361 global twist -79.58701 global supercoiling -0.02314
frame 2276 time 1138.0 binding_event at DNA_topoI 5 enzyme topoI with twist -173.52863 superhelical -0.07345 global twist -75.69742 global supercoiling -0.02156
frame 2280 time 1140.0 unbinding_event at DNA_topoI 5 enzyme topoI with twist -172.03264 superhelical -0.07100 global twist -60.13906 global supercoiling -0.01748
frame 2280 time 1140.0 unbinding_event at gene tetA enzyme RNAP with twist -56.24947 superhelical -0.07100 global twist -60.13906 global supercoiling -0.01748
frame 2299 time 1149.5 binding_event at DNA_topoI 44 enzyme topoI with twist -56.24947 superhelical -0.01593 global twist -56.24947 global supercoiling -0.01593
frame 2303 time 1151.5 unbinding_event at DNA_topoI 44 enzyme topoI with twist -36.80151 superhelical -0.00851 global twist -40.69110 global supercoiling -0.01176
frame 2304 time 1152.0 binding_event at gene tetA enzyme RNAP with twist -36.80151 superhelical -0.01042 global twist -36.80151 global supercoiling -0.01042
frame 2342 time 1171.0 binding_event at gene mKalama1 enzyme RNAP with twist -154.42171 superhelical -0.06439 global twist -36.80151 global supercoiling -0.01048
frame 2344 time 1172.0 unbinding_event at gene tetA enzyme RNAP with twist -5.54948 superhelical -0.07281 global twist -36.80151 global supercoiling -0.01054
frame 2366 time 1183.0 binding_event at DNA_gyrase 45 enzyme gyrase with twist -80.94770 superhelical -0.02457 global twist -36.80151 global supercoiling -0.01048
frame 2366 time 1183.0 unbinding_event at DNA_gyrase 45 enzyme gyrase with twist -87.23088 superhelical -0.02916 global twist -36.80151 global supercoiling -0.01048
frame 2369 time 1184.5 unbinding_event at gene mKalama1 enzyme RNAP with twist -39.49431 superhelical 0.40402 global twist -39.49431 global supercoiling -0.01125
frame 2437 time 1218.5 binding_event at DNA_gyrase 17 enzyme gyrase with twist -39.49431 superhelical -0.01119 global twist -39.49431 global supercoiling -0.01119
frame 2439 time 1219.5 unbinding_event at DNA_gyrase 17 enzyme gyrase with twist -47.57269 superhelical -0.01281 global twist -44.87990 global supercoiling -0.01298
frame 2447 time 1223.5 binding_event at gene tetA enzyme RNAP with twist -47.57269 superhelical -0.01347 global twist -47.57269 global supercoiling -0.01347
frame 2487 time 1243.5 unbinding_event at gene tetA enzyme RNAP with twist -47.57269 superhelical -0.06951 global twist -47.57269 global supercoiling -0.01355
frame 2603 time 1301.5 binding_event at gene tetA enzyme RNAP with twist -47.57269 superhelical -0.01347 global twist -47.57269 global supercoiling -0.01347
frame 2608 time 1304.0 binding_event at DNA_gyrase 40 enzyme gyrase with twist -41.20323 superhelical -0.02282 global twist -47.57269 global supercoiling -0.01355
frame 2624 time 1312.0 unbinding_event at DNA_gyrase 40 enzyme gyrase with twist -148.01738 superhelical -0.04743 global twist -90.65739 global supercoiling -0.02636
frame 2635 time 1317.5 binding_event at DNA_gyrase 47 enzyme gyrase with twist -183.92130 superhelical -0.08029 global twist -93.35018 global supercoiling -0.02658
frame 2636 time 1318.0 binding_event at DNA_topoI 2 enzyme topoI with twist -67.03751 superhelical -0.08739 global twist -96.04298 global supercoiling -0.02792
frame 2639 time 1319.5 unbinding_event at DNA_gyrase 47 enzyme gyrase with twist -153.85088 superhelical -0.08747 global twist -92.45258 global supercoiling -0.02745
frame 2642 time 1321.0 unbinding_event at DNA_topoI 2 enzyme topoI with twist -198.88126 superhelical -0.08094 global twist -83.47660 global supercoiling -0.02427
frame 2643 time 1321.5 unbinding_event at gene tetA enzyme RNAP with twist -79.58701 superhelical -0.08257 global twist -79.58701 global supercoiling -0.02267
frame 2693 time 1346.5 binding_event at DNA_topoI 11 enzyme topoI with twist -79.58701 superhelical -0.02254 global twist -79.58701 global supercoiling -0.02254
frame 2694 time 1347.0 unbinding_event at DNA_topoI 11 enzyme topoI with twist -71.80783 superhelical -0.02144 global twist -75.69742 global supercoiling -0.02189
frame 2699 time 1349.5 binding_event at gene tetA enzyme RNAP with twist -71.80783 superhelical -0.02034 global twist -71.80783 global supercoiling -0.02034
frame 2739 time 1369.5 unbinding_event at gene tetA enzyme RNAP with twist -71.80783 superhelical -0.07434 global twist -71.80783 global supercoiling -0.02045
frame 2814 time 1407.0 binding_event at DNA_gyrase 7 enzyme gyrase with twist -71.80783 superhelical -0.02034 global twist -71.80783 global supercoiling -0.02034
frame 2815 time 1407.5 unbinding_event at DNA_gyrase 7 enzyme gyrase with twist -77.19342 superhelical -0.02199 global twist -74.50063 global supercoiling -0.02154
frame 2819 time 1409.5 binding_event at DNA_gyrase 12 enzyme gyrase with twist -77.19342 superhelical -0.02186 global twist -77.19342 global supercoiling -0.02186
frame 2819 time 1409.5 unbinding_event at DNA_gyrase 12 enzyme gyrase with twist -79.88621 superhelical -0.02285 global twist -77.19342 global supercoiling -0.02186
frame 2905 time 1452.5 binding_event at DNA_topoI 18 enzyme topoI with twist -79.88621 superhelical -0.02263 global twist -79.88621 global supercoiling -0.02263
frame 2905 time 1452.5 unbinding_event at DNA_topoI 18 enzyme topoI with twist -75.99662 superhelical -0.02244 global twist -79.88621 global supercoiling -0.02263
frame 2981 time 1490.5 binding_event at DNA_topoI 14 enzyme topoI with twist -75.99662 superhelical -0.02153 global twist -75.99662 global supercoiling -0.02153
frame 2983 time 1491.5 unbinding_event at DNA_topoI 14 enzyme topoI with twist -64.32785 superhelical -0.01980 global twist -68.21744 global supercoiling -0.01972
frame 3005 time 1502.5 binding_event at DNA_gyrase 22 enzyme gyrase with twist -64.32785 superhelical -0.01822 global twist -64.32785 global supercoiling -0.01822
frame 3008 time 1504.0 unbinding_event at DNA_gyrase 22 enzyme gyrase with twist -75.09902 superhelical -0.02025 global twist -72.40623 global supercoiling -0.02093
frame 3033 time 1516.5 binding_event at DNA_topoI 40 enzyme topoI with twist -75.09902 superhelical -0.02127 global twist -75.09902 global supercoiling -0.02127
frame 3033 time 1516.5 unbinding_event at DNA_topoI 40 enzyme topoI with twist -71.20943 superhelical -0.01970 global twist -75.09902 global supercoiling -0.02127
frame 3088 time 1544.0 binding_event at gene tetA enzyme RNAP with twist -71.20943 superhelical -0.02017 global twist -71.20943 global supercoiling -0.02017
frame 3120 time 1560.0 binding_event at gene mKalama1 enzyme RNAP with twist -149.69632 superhelical -0.06535 global twist -71.20943 global supercoiling -0.02028
frame 3128 time 1564.0 unbinding_event at gene tetA enzyme RNAP with twist -60.85398 superhelical -0.08815 global twist -71.20943 global supercoiling -0.02039
frame 3139 time 1569.5 binding_event at DNA_topoI 38 enzyme topoI with twist -96.75790 superhelical -0.03019 global twist -71.20943 global supercoiling -0.02028
frame 3142 time 1571.0 binding_event at DNA_topoI 46 enzyme topoI with twist -75.54869 superhelical -0.02867 global twist -59.54066 global supercoiling -0.01731
frame 3143 time 1571.5 unbinding_event at DNA_topoI 38 enzyme topoI with twist -30.63709 superhelical -0.04017 global twist -51.76148 global supercoiling -0.01537
frame 3147 time 1573.5 unbinding_event at gene mKalama1 enzyme RNAP with twist 20.64252 superhelical 0.39957 global twist -32.31352 global supercoiling -0.00939
frame 3149 time 1574.5 unbinding_event at DNA_topoI 46 enzyme topoI with twist -20.64475 superhelical 0.01755 global twist -24.53434 global supercoiling -0.00709
frame 3175 time 1587.5 binding_event at gene tetA enzyme RNAP with twist -20.64475 superhelical -0.00585 global twist -20.64475 global supercoiling -0.00585
frame 3215 time 1607.5 unbinding_event at gene tetA enzyme RNAP with twist -20.64475 superhelical -0.06414 global twist -20.64475 global supercoiling -0.00588
frame 3222 time 1611.0 binding_event at gene tetA enzyme RNAP with twist -20.64475 superhelical -0.00585 global twist -20.64475 global supercoiling -0.00585
frame 3229 time 1614.5 binding_event at DNA_gyrase 6 enzyme gyrase with twist 14.57816 superhelical 0.00873 global twist -20.64475 global supercoiling -0.00588
frame 3243 time 1621.5 unbinding_event at DNA_gyrase 6 enzyme gyrase with twist 28.04213 superhelical 2.50571 global twist -58.34386 global supercoiling -0.01696
frame 3262 time 1631.0 unbinding_event at gene tetA enzyme RNAP with twist -61.03666 superhelical -0.06414 global twist -61.03666 global supercoiling -0.01738
frame 3314 time 1657.0 binding_event at gene tetA enzyme RNAP with twist -61.03666 superhelical -0.01729 global twist -61.03666 global supercoiling -0.01729
frame 3354 time 1677.0 unbinding_event at gene tetA enzyme RNAP with twist -61.03666 superhelical -0.07219 global twist -61.03666 global supercoiling -0.01738
frame 3417 time 1708.5 binding_event at DNA_gyrase 36 enzyme gyrase with twist -61.03666 superhelical -0.01729 global twist -61.03666 global supercoiling -0.01729
frame 3417 time 1708.5 unbinding_event at DNA_gyrase 36 enzyme gyrase with twist -63.72945 superhelical -0.01963 global twist -61.03666 global supercoiling -0.01729
frame 3456 time 1728.0 binding_event at DNA_topoI 40 enzyme topoI with twist -63.72945 superhelical -0.01805 global twist -63.72945 global supercoiling -0.01805
frame 3460 time 1730.0 unbinding_event at DNA_topoI 40 enzyme topoI with twist -44.28150 superhelical -0.00837 global twist -48.17109 global supercoiling -0.01393
frame 3493 time 1746.5 binding_event at DNA_gyrase 21 enzyme gyrase with twist -44.28150 superhelical -0.01254 global twist -44.28150 global supercoiling -0.01254
frame 3493 time 1746.5 unbinding_event at DNA_gyrase 21 enzyme gyrase with twist -46.97429 superhelical -0.01322 global twist -44.28150 global supercoiling -0.01254
frame 3522 time 1761.0 binding_event at gene tetA enzyme RNAP with twist -46.97429 superhelical -0.01331 global twist -46.97429 global supercoiling -0.01331
frame 3532 time 1766.0 binding_event at DNA_topoI 38 enzyme topoI with twist -58.86272 superhelical -0.03105 global twist -46.97429 global supercoiling -0.01338
frame 3534 time 1767.0 unbinding_event at DNA_topoI 38 enzyme topoI with twist -57.96512 superhelical -0.02519 global twist -39.19511 global supercoiling -0.01140
frame 3562 time 1781.0 unbinding_event at gene tetA enzyme RNAP with twist -35.30552 superhelical -0.06463 global twist -35.30552 global supercoiling -0.01005
frame 3601 time 1800.5 binding_event at gene mKalama1 enzyme RNAP with twist -35.30552 superhelical -0.01000 global twist -35.30552 global supercoiling -0.01000
frame 3628 time 1814.0 unbinding_event at gene mKalama1 enzyme RNAP with twist -35.30552 superhelical 0.64926 global twist -35.30552 global supercoiling -0.01005
frame 3642 time 1821.0 binding_event at gene tetA enzyme RNAP with twist -35.30552 superhelical -0.01000 global twist -35.30552 global supercoiling -0.01000
frame 3657 time 1828.5 binding_event at DNA_gyrase 20 enzyme gyrase with twist 35.80602 superhelical 0.02347 global twist -35.30552 global supercoiling -0.01005
frame 3659 time 1829.5 unbinding_event at DNA_gyrase 20 enzyme gyrase with twist 38.49881 superhelical 0.03221 global twist -40.69110 global supercoiling -0.01183
frame 3676 time 1838.0 binding_event at DNA_topoI 31 enzyme topoI with twist -139.32898 superhelical -0.05989 global twist -43.38390 global supercoiling -0.01236
frame 3676 time 1838.0 unbinding_event at DNA_topoI 31 enzyme topoI with twist -139.02978 superhelical -0.05573 global twist -43.38390 global supercoiling -0.01236
frame 3677 time 1838.5 binding_event at DNA_topoI 4 enzyme topoI with twist -139.02978 superhelical -0.05930 global twist -39.49431 global supercoiling -0.01125
frame 3677 time 1838.5 unbinding_event at DNA_topoI 4 enzyme topoI with twist -138.73058 superhelical -0.06019 global twist -39.49431 global supercoiling -0.01125
frame 3682 time 1841.0 unbinding_event at gene tetA enzyme RNAP with twist -35.60472 superhelical -0.06389 global twist -35.60472 global supercoiling -0.01014
frame 3991 time 1995.5 binding_event at DNA_gyrase 20 enzyme gyrase with twist -35.60472 superhelical -0.01008 global twist -35.60472 global supercoiling -0.01008
frame 3993 time 1996.5 binding_event at gene tetA enzyme RNAP with twist -34.82328 superhelical -0.01116 global twist -40.99030 global supercoiling -0.01185
frame 3994 time 1997.0 unbinding_event at DNA_gyrase 20 enzyme gyrase with twist -19.92945 superhelical -0.00820 global twist -43.68310 global supercoiling -0.01270
frame 4033 time 2016.5 unbinding_event at gene tetA enzyme RNAP with twist -46.37589 superhelical -0.06789 global twist -46.37589 global supercoiling -0.01321
frame 4102 time 2051.0 binding_event at DNA_gyrase 14 enzyme gyrase with twist -46.37589 superhelical -0.01314 global twist -46.37589 global supercoiling -0.01314
frame 4106 time 2053.0 unbinding_event at DNA_gyrase 14 enzyme gyrase with twist -59.83986 superhelical -0.01591 global twist -57.14707 global supercoiling -0.01652
frame 4141 time 2070.5 binding_event at gene tetA enzyme RNAP with twist -59.83986 superhelical -0.01695 global twist -59.83986 global supercoiling -0.01695
frame 4181 time 2090.5 unbinding_event at gene tetA enzyme RNAP with twist -59.83986 superhelical -0.07196 global twist -59.83986 global supercoiling -0.01704
frame 4202 time 2101.0 binding_event at DNA_gyrase 34 enzyme gyrase with twist -59.83986 superhelical -0.01695 global twist -59.83986 global supercoiling -0.01695
frame 4202 time 2101.0 unbinding_event at DNA_gyrase 34 enzyme gyrase with twist -62.53265 superhelical -0.01981 global twist -59.83986 global supercoiling -0.01695
frame 4250 time 2125.0 binding_event at DNA_topoI 12 enzyme topoI with twist -62.53265 superhelical -0.01771 global twist -62.53265 global supercoiling -0.01771
frame 4255 time 2127.5 unbinding_event at DNA_topoI 12 enzyme topoI with twist -39.19511 superhelical -0.01350 global twist -43.08470 global supercoiling -0.01246
frame 4286 time 2143.0 binding_event at DNA_topoI 34 enzyme topoI with twist -39.19511 superhelical -0.01110 global twist -39.19511 global supercoiling -0.01110
frame 4289 time 2144.5 unbinding_event at DNA_topoI 34 enzyme topoI with twist -23.63674 superhelical 0.00318 global twist -27.52634 global supercoiling -0.00796
frame 4359 time 2179.5 binding_event at DNA_gyrase 25 enzyme gyrase with twist -23.63674 superhelical -0.00669 global twist -23.63674 global supercoiling -0.00669
frame 4361 time 2180.5 binding_event at DNA_gyrase 16 enzyme gyrase with twist -26.18413 superhelical -0.00752 global twist -29.02233 global supercoiling -0.00839
frame 4361 time 2180.5 unbinding_event at DNA_gyrase 25 enzyme gyrase with twist -11.29045 superhelical -0.01237 global twist -29.02233 global supercoiling -0.00839
frame 4365 time 2182.5 unbinding_event at DNA_gyrase 16 enzyme gyrase with twist -45.17909 superhelical -0.01006 global twist -42.48630 global supercoiling -0.01228
frame 4398 time 2199.0 binding_event at DNA_topoI 28 enzyme topoI with twist -45.17909 superhelical -0.01280 global twist -45.17909 global supercoiling -0.01280
frame 4401 time 2200.5 unbinding_event at DNA_topoI 28 enzyme topoI with twist -29.62073 superhelical 0.06080 global twist -33.51032 global supercoiling -0.00969
frame 4416 time 2208.0 binding_event at DNA_gyrase 8 enzyme gyrase with twist -29.62073 superhelical -0.00839 global twist -29.62073 global supercoiling -0.00839
frame 4419 time 2209.5 binding_event at DNA_gyrase 3 enzyme gyrase with twist -23.39003 superhelical -0.01035 global twist -37.69911 global supercoiling -0.01090
frame 4423 time 2211.5 unbinding_event at DNA_gyrase 8 enzyme gyrase with twist -37.57593 superhelical -0.05757 global twist -59.24146 global supercoiling -0.01749
frame 4428 time 2214.0 unbinding_event at DNA_gyrase 3 enzyme gyrase with twist -78.09102 superhelical -0.01778 global twist -75.39822 global supercoiling -0.02180
frame 4480 time 2240.0 binding_event at DNA_gyrase 32 enzyme gyrase with twist -78.09102 superhelical -0.02212 global twist -78.09102 global supercoiling -0.02212
frame 4483 time 2241.5 unbinding_event at DNA_gyrase 32 enzyme gyrase with twist -88.86219 superhelical -0.03630 global twist -86.16940 global supercoiling -0.02491
frame 4517 time 2258.5 binding_event at DNA_topoI 41 enzyme topoI with twist -88.86219 superhelical -0.02517 global twist -88.86219 global supercoiling -0.02517
frame 4520 time 2260.0 unbinding_event at DNA_topoI 41 enzyme topoI with twist -73.30383 superhelical -0.01820 global twist -77.19342 global supercoiling -0.02232
frame 4588 time 2294.0 binding_event at gene Raspberry enzyme RNAP with twist -73.30383 superhelical -0.02076 global twist -73.30383 global supercoiling -0.02076
frame 4589 time 2294.5 binding_event at DNA_gyrase 28 enzyme gyrase with twist -19.50537 superhelical -0.02500 global twist -73.30383 global supercoiling -0.02088
frame 4592 time 2296.0 unbinding_event at DNA_gyrase 28 enzyme gyrase with twist -44.63811 superhelical -0.07867 global twist -81.38221 global supercoiling -0.02366
frame 4603 time 2301.5 binding_event at gene mKalama1 enzyme RNAP with twist -80.54202 superhelical -0.07807 global twist -84.07500 global supercoiling -0.02394
frame 4615 time 2307.5 unbinding_event at gene Raspberry enzyme RNAP with twist -79.24509 superhelical -0.14714 global twist -84.07500 global supercoiling -0.02407
frame 4624 time 2312.0 binding_event at DNA_topoI 38 enzyme topoI with twist -107.96822 superhelical -0.03331 global twist -84.07500 global supercoiling -0.02394
frame 4626 time 2313.0 binding_event at DNA_topoI 7 enzyme topoI with twist -85.89365 superhelical -0.03259 global twist -76.29582 global supercoiling -0.02218
frame 4630 time 2315.0 unbinding_event at gene mKalama1 enzyme RNAP with twist 19.32181 superhelical 0.33855 global twist -45.17909 global supercoiling -0.01342
frame 4634 time 2317.0 unbinding_event at DNA_topoI 7 enzyme topoI with twist -33.38417 superhelical -0.00642 global twist -14.06237 global supercoiling -0.00415
frame 4635 time 2317.5 unbinding_event at DNA_topoI 38 enzyme topoI with twist -2.39359 superhelical 0.03528 global twist -6.28319 global supercoiling -0.00182
frame 4657 time 2328.5 binding_event at DNA_gyrase 11 enzyme gyrase with twist -2.39359 superhelical -0.00068 global twist -2.39359 global supercoiling -0.00068
frame 4664 time 2332.0 unbinding_event at DNA_gyrase 11 enzyme gyrase with twist -23.93594 superhelical -0.00504 global twist -21.24315 global supercoiling -0.00614
frame 4689 time 2344.5 binding_event at DNA_gyrase 41 enzyme gyrase with twist -23.93594 superhelical -0.00678 global twist -23.93594 global supercoiling -0.00678
frame 4691 time 2345.5 unbinding_event at DNA_gyrase 41 enzyme gyrase with twist -32.01433 superhelical -0.01081 global twist -29.32153 global supercoiling -0.00848
frame 4790 time 2395.0 binding_event at DNA_gyrase 39 enzyme gyrase with twist -32.01433 superhelical -0.00907 global twist -32.01433 global supercoiling -0.00907
frame 4797 time 2398.5 unbinding_event at DNA_gyrase 39 enzyme gyrase with twist -53.55667 superhelical -0.02129 global twist -50.86388 global supercoiling -0.01471
frame 4903 time 2451.5 binding_event at DNA_gyrase 40 enzyme gyrase with twist -53.55667 superhelical -0.01517 global twist -53.55667 global supercoiling -0.01517
frame 4905 time 2452.5 unbinding_event at DNA_gyrase 40 enzyme gyrase with twist -61.63506 superhelical -0.01966 global twist -58.94226 global supercoiling -0.01704
frame 4926 time 2463.0 binding_event at DNA_topoI 19 enzyme topoI with twist -61.63506 superhelical -0.01746 global twist -61.63506 global supercoiling -0.01746
frame 4938 time 2469.0 unbinding_event at DNA_topoI 19 enzyme topoI with twist -11.07037 superhelical -0.00953 global twist -14.95997 global supercoiling -0.00433
frame 4945 time 2472.5 binding_event at DNA_gyrase 39 enzyme gyrase with twist -11.07037 superhelical -0.00314 global twist -11.07037 global supercoiling -0.00314
frame 4947 time 2473.5 unbinding_event at DNA_gyrase 39 enzyme gyrase with twist -19.14876 superhelical -0.00771 global twist -16.45596 global supercoiling -0.00476
frame 4979 time 2489.5 binding_event at gene Raspberry enzyme RNAP with twist -19.14876 superhelical -0.00542 global twist -19.14876 global supercoiling -0.00542
frame 5006 time 2503.0 unbinding_event at gene Raspberry enzyme RNAP with twist -19.14876 superhelical -0.08276 global twist -19.14876 global supercoiling -0.00545
frame 5230 time 2615.0 binding_event at DNA_gyrase 9 enzyme gyrase with twist -19.14876 superhelical -0.00542 global twist -19.14876 global supercoiling -0.00542
frame 5231 time 2615.5 unbinding_event at DNA_gyrase 9 enzyme gyrase with twist -24.53434 superhelical -0.00669 global twist -21.84155 global supercoiling -0.00631
frame 5258 time 2629.0 binding_event at DNA_gyrase 13 enzyme gyrase with twist -24.53434 superhelical -0.00695 global twist -24.53434 global supercoiling -0.00695
frame 5259 time 2629.5 unbinding_event at DNA_gyrase 13 enzyme gyrase with twist -29.91993 superhelical -0.00812 global twist -27.22714 global supercoiling -0.00787
frame 5350 time 2675.0 binding_event at gene tetA enzyme RNAP with twist -29.91993 superhelical -0.00847 global twist -29.91993 global supercoiling -0.00847
frame 5361 time 2680.5 binding_event at gene Raspberry enzyme RNAP with twist -54.11775 superhelical -0.02828 global twist -29.91993 global supercoiling -0.00852
frame 5388 time 2694.0 unbinding_event at gene Raspberry enzyme RNAP with twist -154.64871 superhelical -0.09669 global twist -29.91993 global supercoiling -0.00857
frame 5390 time 2695.0 unbinding_event at gene tetA enzyme RNAP with twist -29.91993 superhelical -0.06599 global twist -29.91993 global supercoiling -0.00852
frame 5402 time 2701.0 binding_event at DNA_topoI 7 enzyme topoI with twist -29.91993 superhelical -0.00847 global twist -29.91993 global supercoiling -0.00847
frame 5404 time 2702.0 unbinding_event at DNA_topoI 7 enzyme topoI with twist -18.25116 superhelical -0.00598 global twist -22.14075 global supercoiling -0.00640
frame 5608 time 2804.0 binding_event at DNA_gyrase 19 enzyme gyrase with twist -18.25116 superhelical -0.00517 global twist -18.25116 global supercoiling -0.00517
frame 5608 time 2804.0 unbinding_event at DNA_gyrase 19 enzyme gyrase with twist -20.94395 superhelical -0.00572 global twist -18.25116 global supercoiling -0.00517
frame 5620 time 2810.0 binding_event at gene Raspberry enzyme RNAP with twist -20.94395 superhelical -0.00593 global twist -20.94395 global supercoiling -0.00593
frame 5647 time 2823.5 unbinding_event at gene Raspberry enzyme RNAP with twist -20.94395 superhelical -0.08306 global twist -20.94395 global supercoiling -0.00596
frame 5674 time 2837.0 binding_event at DNA_topoI 0 enzyme topoI with twist -20.94395 superhelical -0.00593 global twist -20.94395 global supercoiling -0.00593
frame 5682 time 2841.0 unbinding_event at DNA_topoI 0 enzyme topoI with twist 14.06237 superhelical 0.00433 global twist 10.17278 global supercoiling 0.00294
frame 5688 time 2844.0 binding_event at gene tetA enzyme RNAP with twist 14.06237 superhelical 0.00398 global twist 14.06237 global supercoiling 0.00398
frame 5728 time 2864.0 unbinding_event at gene tetA enzyme RNAP with twist 14.06237 superhelical -0.05723 global twist 14.06237 global supercoiling 0.00400
frame 5754 time 2877.0 binding_event at gene tetA enzyme RNAP with twist 14.06237 superhelical 0.00398 global twist 14.06237 global supercoiling 0.00398
frame 5794 time 2897.0 unbinding_event at gene tetA enzyme RNAP with twist 14.06237 superhelical -0.05723 global twist 14.06237 global supercoiling 0.00400
frame 5814 time 2907.0 binding_event at gene tetA enzyme RNAP with twist 14.06237 superhelical 0.00398 global twist 14.06237 global supercoiling 0.00398
frame 5854 time 2927.0 unbinding_event at gene tetA enzyme RNAP with twist 14.06237 superhelical -0.05723 global twist 14.06237 global supercoiling 0.00400
frame 6059 time 3029.5 binding_event at DNA_gyrase 4 enzyme gyrase with twist 14.06237 superhelical 0.00398 global twist 14.06237 global supercoiling 0.00398
frame 6059 time 3029.5 unbinding_event at DNA_gyrase 4 enzyme gyrase with twist 11.36957 superhelical 0.00338 global twist 14.06237 global supercoiling 0.00398
frame 6065 time 3032.5 binding_event at DNA_gyrase 31 enzyme gyrase with twist 11.36957 superhelical 0.00322 global twist 11.36957 global supercoiling 0.00322
frame 6067 time 3033.5 unbinding_event at DNA_gyrase 31 enzyme gyrase with twist 3.29119 superhelical -0.00931 global twist 5.98399 global supercoiling 0.00173
frame 6144 time 3072.0 binding_event at DNA_gyrase 29 enzyme gyrase with twist 3.29119 superhelical 0.00093 global twist 3.29119 global supercoiling 0.00093
frame 6145 time 3072.5 unbinding_event at DNA_gyrase 29 enzyme gyrase with twist -2.09440 superhelical -0.01425 global twist 0.59840 global supercoiling 0.00017
frame 6209 time 3104.5 binding_event at DNA_topoI 33 enzyme topoI with twist -2.09440 superhelical -0.00059 global twist -2.09440 global supercoiling -0.00059
frame 6210 time 3105.0 unbinding_event at DNA_topoI 33 enzyme topoI with twist 5.68479 superhelical 0.00777 global twist 1.79520 global supercoiling 0.00052
frame 6261 time 3130.5 binding_event at gene tetA enzyme RNAP with twist 5.68479 superhelical 0.00161 global twist 5.68479 global supercoiling 0.00161
frame 6301 time 3150.5 unbinding_event at gene tetA enzyme RNAP with twist 5.68479 superhelical -0.05890 global twist 5.68479 global supercoiling 0.00162
frame 6373 time 3186.5 binding_event at gene tetA enzyme RNAP with twist 5.68479 superhelical 0.00161 global twist 5.68479 global supercoiling 0.00161
frame 6393 time 3196.5 binding_event at gene tetA enzyme RNAP with twist -69.02938 superhelical -0.03326 global twist 5.68479 global supercoiling 0.00162
frame 6396 time 3198.0 binding_event at DNA_gyrase 9 enzyme gyrase with twist 85.48534 superhelical 0.06184 global twist 5.68479 global supercoiling 0.00163
frame 6397 time 3198.5 unbinding_event at DNA_gyrase 9 enzyme gyrase with twist 87.28054 superhelical 0.11163 global twist 2.99199 global supercoiling 0.00087
frame 6413 time 3206.5 unbinding_event at gene tetA enzyme RNAP with twist 133.31566 superhelical -0.03357 global twist 0.29920 global supercoiling 0.00009
frame 6433 time 3216.5 unbinding_event at gene tetA enzyme RNAP with twist 0.29920 superhelical -0.08353 global twist 0.29920 global supercoiling 0.00009
frame 6474 time 3237.0 binding_event at DNA_gyrase 35 enzyme gyrase with twist 0.29920 superhelical 0.00008 global twist 0.29920 global supercoiling 0.00008
frame 6484 time 3242.0 unbinding_event at DNA_gyrase 35 enzyme gyrase with twist -29.32153 superhelical -0.02427 global twist -26.62874 global supercoiling -0.00770
frame 6534 time 3267.0 binding_event at gene tetA enzyme RNAP with twist -29.32153 superhelical -0.00831 global twist -29.32153 global supercoiling -0.00831
frame 6553 time 3276.5 binding_event at DNA_gyrase 20 enzyme gyrase with twist 53.22688 superhelical 0.03660 global twist -29.32153 global supercoiling -0.00835
frame 6553 time 3276.5 unbinding_event at DNA_gyrase 20 enzyme gyrase with twist 54.12448 superhelical 0.04136 global twist -29.32153 global supercoiling -0.00835
frame 6574 time 3287.0 unbinding_event at gene tetA enzyme RNAP with twist -32.01433 superhelical -0.06587 global twist -32.01433 global supercoiling -0.00912
frame 6615 time 3307.5 binding_event at gene tetA enzyme RNAP with twist -32.01433 superhelical -0.00907 global twist -32.01433 global supercoiling -0.00907
frame 6655 time 3327.5 unbinding_event at gene tetA enzyme RNAP with twist -32.01433 superhelical -0.06641 global twist -32.01433 global supercoiling -0.00912
frame 6659 time 3329.5 binding_event at DNA_gyrase 30 enzyme gyrase with twist -32.01433 superhelical -0.00907 global twist -32.01433 global supercoiling -0.00907
frame 6675 time 3337.5 unbinding_event at DNA_gyrase 30 enzyme gyrase with twist -77.79182 superhelical -0.10120 global twist -75.09902 global supercoiling -0.02171
frame 6720 time 3360.0 binding_event at gene tetA enzyme RNAP with twist -77.79182 superhelical -0.02203 global twist -77.79182 global supercoiling -0.02203
frame 6760 time 3380.0 unbinding_event at gene tetA enzyme RNAP with twist -77.79182 superhelical -0.07553 global twist -77.79182 global supercoiling -0.02215
frame 6797 time 3398.5 binding_event at gene tetA enzyme RNAP with twist -77.79182 superhelical -0.02203 global twist -77.79182 global supercoiling -0.02203
frame 6837 time 3418.5 unbinding_event at gene tetA enzyme RNAP with twist -77.79182 superhelical -0.07553 global twist -77.79182 global supercoiling -0.02215
frame 6924 time 3462.0 binding_event at gene Raspberry enzyme RNAP with twist -77.79182 superhelical -0.02203 global twist -77.79182 global supercoiling -0.02203
frame 6933 time 3466.5 binding_event at DNA_topoI 30 enzyme topoI with twist -49.20289 superhelical -0.05325 global twist -77.79182 global supercoiling -0.02215
frame 6936 time 3468.0 unbinding_event at DNA_topoI 30 enzyme topoI with twist -48.00609 superhelical -0.02649 global twist -66.12305 global supercoiling -0.01922
frame 6951 time 3475.5 unbinding_event at gene Raspberry enzyme RNAP with twist -62.23345 superhelical -0.08052 global twist -62.23345 global supercoiling -0.01772
frame 6979 time 3489.5 binding_event at DNA_gyrase 10 enzyme gyrase with twist -62.23345 superhelical -0.01763 global twist -62.23345 global supercoiling -0.01763
frame 6979 time 3489.5 unbinding_event at DNA_gyrase 10 enzyme gyrase with twist -64.92625 superhelical -0.01855 global twist -62.23345 global supercoiling -0.01763
frame 7000 time 3500.0 binding_event at DNA_gyrase 23 enzyme gyrase with twist -64.92625 superhelical -0.01839 global twist -64.92625 global supercoiling -0.01839
frame 7000 time 3500.0 unbinding_event at DNA_gyrase 23 enzyme gyrase with twist -67.61904 superhelical -0.01918 global twist -64.92625 global supercoiling -0.01839
frame 7123 time 3561.5 binding_event at gene tetA enzyme RNAP with twist -67.61904 superhelical -0.01915 global twist -67.61904 global supercoiling -0.01915
frame 7135 time 3567.5 binding_event at DNA_topoI 29 enzyme topoI with twist -76.13368 superhelical -0.03941 global twist -67.61904 global supercoiling -0.01926
frame 7135 time 3567.5 unbinding_event at DNA_topoI 29 enzyme topoI with twist -75.83448 superhelical -0.02996 global twist -67.61904 global supercoiling -0.01926
frame 7153 time 3576.5 binding_event at DNA_topoI 47 enzyme topoI with twist -136.87114 superhelical -0.06070 global twist -63.72945 global supercoiling -0.01815
frame 7157 time 3578.5 unbinding_event at DNA_topoI 47 enzyme topoI with twist -135.37514 superhelical -0.05608 global twist -48.17109 global supercoiling -0.01400
frame 7160 time 3580.0 binding_event at DNA_gyrase 22 enzyme gyrase with twist 98.27443 superhelical 0.08689 global twist -44.28150 global supercoiling -0.01261
frame 7163 time 3581.5 unbinding_event at gene tetA enzyme RNAP with twist -67.65630 superhelical -0.06399 global twist -52.35988 global supercoiling -0.01522
frame 7164 time 3582.0 binding_event at DNA_topoI 11 enzyme topoI with twist -67.65630 superhelical -0.02072 global twist -55.05267 global supercoiling -0.01592
frame 7166 time 3583.0 unbinding_event at DNA_gyrase 22 enzyme gyrase with twist -4.85543 superhelical -0.01869 global twist -52.65908 global supercoiling -0.01555
frame 7168 time 3584.0 unbinding_event at DNA_topoI 11 enzyme topoI with twist -43.68310 superhelical -0.01726 global twist -47.57269 global supercoiling -0.01375
frame 7210 time 3605.0 binding_event at gene tetA enzyme RNAP with twist -43.68310 superhelical -0.01237 global twist -43.68310 global supercoiling -0.01237
frame 7250 time 3625.0 unbinding_event at gene tetA enzyme RNAP with twist -43.68310 superhelical -0.06874 global twist -43.68310 global supercoiling -0.01244
frame 7252 time 3626.0 binding_event at gene tetA enzyme RNAP with twist -43.68310 superhelical -0.01237 global twist -43.68310 global supercoiling -0.01237
frame 7259 time 3629.5 binding_event at DNA_topoI 47 enzyme topoI with twist -46.48297 superhelical -0.02524 global twist -43.68310 global supercoiling -0.01244
frame 7260 time 3630.0 unbinding_event at DNA_topoI 47 enzyme topoI with twist -45.88457 superhelical -0.02361 global twist -39.79351 global supercoiling -0.01157
frame 7279 time 3639.5 binding_event at gene tetA enzyme RNAP with twist -110.51162 superhelical -0.05021 global twist -35.90392 global supercoiling -0.01022
frame 7280 time 3640.0 binding_event at DNA_topoI 32 enzyme topoI with twist -90.52054 superhelical -0.05220 global twist -35.90392 global supercoiling -0.01028
frame 7281 time 3640.5 unbinding_event at DNA_topoI 32 enzyme topoI with twist -89.92214 superhelical -0.04454 global twist -32.01433 global supercoiling -0.00936
frame 7292 time 3646.0 unbinding_event at gene tetA enzyme RNAP with twist 101.29171 superhelical -0.05065 global twist -28.12473 global supercoiling -0.00805
frame 7303 time 3651.5 binding_event at DNA_gyrase 17 enzyme gyrase with twist 137.19563 superhelical 0.10056 global twist -28.12473 global supercoiling -0.00801
frame 7304 time 3652.0 unbinding_event at DNA_gyrase 17 enzyme gyrase with twist 138.99083 superhelical 0.11794 global twist -30.81753 global supercoiling -0.00896
frame 7319 time 3659.5 unbinding_event at gene tetA enzyme RNAP with twist -33.51032 superhelical -0.09231 global twist -33.51032 global supercoiling -0.00954
frame 7488 time 3744.0 binding_event at gene tetA enzyme RNAP with twist -33.51032 superhelical -0.00949 global twist -33.51032 global supercoiling -0.00949
frame 7523 time 3761.5 binding_event at DNA_topoI 0 enzyme topoI with twist -142.04196 superhelical -0.06058 global twist -33.51032 global supercoiling -0.00954
frame 7524 time 3762.0 binding_event at DNA_gyrase 24 enzyme gyrase with twist 112.12203 superhelical 0.09759 global twist -29.62073 global supercoiling -0.00861
frame 7525 time 3762.5 unbinding_event at DNA_gyrase 24 enzyme gyrase with twist 113.91723 superhelical 0.11240 global twist -28.42393 global supercoiling -0.00844
frame 7528 time 3764.0 unbinding_event at gene tetA enzyme RNAP with twist 78.08886 superhelical -0.06702 global twist -19.44795 global supercoiling -0.00565
frame 7531 time 3765.5 unbinding_event at DNA_topoI 0 enzyme topoI with twist -3.88959 superhelical -0.05211 global twist -7.77918 global supercoiling -0.00225
frame 7565 time 3782.5 binding_event at DNA_gyrase 9 enzyme gyrase with twist -3.88959 superhelical -0.00110 global twist -3.88959 global supercoiling -0.00110
frame 7575 time 3787.5 unbinding_event at DNA_gyrase 9 enzyme gyrase with twist -33.51032 superhelical -0.00748 global twist -30.81753 global supercoiling -0.00891
frame 7589 time 3794.5 binding_event at gene tetA enzyme RNAP with twist -33.51032 superhelical -0.00949 global twist -33.51032 global supercoiling -0.00949
frame 7598 time 3799.0 binding_event at gene tetA enzyme RNAP with twist -48.69178 superhelical -0.02593 global twist -33.51032 global supercoiling -0.00954
frame 7629 time 3814.5 unbinding_event at gene tetA enzyme RNAP with twist 126.34294 superhelical -0.02620 global twist -33.51032 global supercoiling -0.00960
frame 7635 time 3817.5 binding_event at gene tetA enzyme RNAP with twist -177.80522 superhelical -0.07469 global twist -33.51032 global supercoiling -0.00954
frame 7638 time 3819.0 binding_event at DNA_topoI 44 enzyme topoI with twist -140.00213 superhelical -0.07909 global twist -33.51032 global supercoiling -0.00960
frame 7638 time 3819.0 unbinding_event at gene tetA enzyme RNAP with twist 110.08220 superhelical -0.07530 global twist -33.51032 global supercoiling -0.00960
frame 7640 time 3820.0 unbinding_event at DNA_topoI 44 enzyme topoI with twist -139.10454 superhelical -0.07779 global twist -25.73114 global supercoiling -0.00748
frame 7675 time 3837.5 unbinding_event at gene tetA enzyme RNAP with twist -21.84155 superhelical -0.10797 global twist -21.84155 global supercoiling -0.00622
frame 7683 time 3841.5 binding_event at DNA_gyrase 27 enzyme gyrase with twist -21.84155 superhelical -0.00619 global twist -21.84155 global supercoiling -0.00619
frame 7693 time 3846.5 unbinding_event at DNA_gyrase 27 enzyme gyrase with twist -51.46228 superhelical -0.44828 global twist -48.76949 global supercoiling -0.01410
frame 7757 time 3878.5 binding_event at gene tetA enzyme RNAP with twist -51.46228 superhelical -0.01458 global twist -51.46228 global supercoiling -0.01458
frame 7758 time 3879.0 binding_event at gene mKalama1 enzyme RNAP with twist -28.74271 superhelical -0.01657 global twist -51.46228 global supercoiling -0.01466
frame 7780 time 3890.0 binding_event at DNA_topoI 34 enzyme topoI with twist -175.86872 superhelical -0.09468 global twist -51.46228 global supercoiling -0.01474
frame 7783 time 3891.5 unbinding_event at DNA_topoI 34 enzyme topoI with twist -189.03349 superhelical -0.09703 global twist -39.79351 global supercoiling -0.01163
frame 7785 time 3892.5 unbinding_event at gene mKalama1 enzyme RNAP with twist -113.71531 superhelical 0.61928 global twist -35.90392 global supercoiling -0.01028
frame 7797 time 3898.5 unbinding_event at gene tetA enzyme RNAP with twist -35.90392 superhelical -0.06394 global twist -35.90392 global supercoiling -0.01022
frame 7820 time 3910.0 binding_event at gene tetA enzyme RNAP with twist -35.90392 superhelical -0.01017 global twist -35.90392 global supercoiling -0.01017
frame 7860 time 3930.0 unbinding_event at gene tetA enzyme RNAP with twist -35.90392 superhelical -0.06719 global twist -35.90392 global supercoiling -0.01022
frame 7892 time 3946.0 binding_event at gene tetA enzyme RNAP with twist -35.90392 superhelical -0.01017 global twist -35.90392 global supercoiling -0.01017
frame 7920 time 3960.0 binding_event at DNA_topoI 44 enzyme topoI with twist -118.07910 superhelical -0.05322 global twist -35.90392 global supercoiling -0.01022
frame 7920 time 3960.0 unbinding_event at DNA_topoI 44 enzyme topoI with twist -117.77990 superhelical -0.05345 global twist -35.90392 global supercoiling -0.01022
frame 7932 time 3966.0 unbinding_event at gene tetA enzyme RNAP with twist -32.01433 superhelical -0.06560 global twist -32.01433 global supercoiling -0.00912
frame 7959 time 3979.5 binding_event at gene tetA enzyme RNAP with twist -32.01433 superhelical -0.00907 global twist -32.01433 global supercoiling -0.00907
frame 7999 time 3999.5 unbinding_event at gene tetA enzyme RNAP with twist -32.01433 superhelical -0.06641 global twist -32.01433 global supercoiling -0.00912
