TORCphysics log file 

General information: 
---------------------------------------------------------------------------------------
Circuit name: Pleu500_52
Size: 6000
Structure: circle
Number of sites: 110
Number of frames: 8000
Simulation time: 4000.0
Simulation timestep: 0.5
Seed: 6215503773795773341
 
Overall simulation information 
---------------------------------------------------------------------------------------
Initial twist: -211.83310
Final twist: -47.27349
Initial superhelical density: -0.06000
Final superhelical density: -0.01346
 
Overall rates 
---------------------------------------------------------------------------------------
site type            site name            #binding events      #unbinding events    binding rates        
 DNA_topoI            DNA_topoI_global                     59.0                 59.0               0.01475 
DNA_gyrase           DNA_gyrase_global                    61.0                 61.0               0.01525 
EXT                  EXT                                   0.0                  0.0                   0.0 
gene                 tetA                                 54.0                 54.0                0.0135 
gene                 CDS                                   0.0                  0.0                   0.0 
origin               ori                                   0.0                  0.0                   0.0 
lacOP                lac1                                  0.0                  0.0                   0.0 
gene                 mKalama1                             12.0                 12.0                 0.003 
lacOP                lac2                                  0.0                  0.0                   0.0 
gene                 Raspberry                            13.0                 12.0               0.00325 
 
Events
---------------------------------------------------------------------------------------
frame 8 time 4.0 binding_event at gene tetA enzyme RNAP with twist -211.83310 superhelical -0.06000 global twist -211.83310 global supercoiling -0.06000
frame 12 time 6.0 binding_event at DNA_topoI 27 enzyme topoI with twist -117.89554 superhelical -0.06594 global twist -211.83310 global supercoiling -0.06033
frame 15 time 7.5 unbinding_event at DNA_topoI 27 enzyme topoI with twist -116.69874 superhelical 0.16345 global twist -200.16433 global supercoiling -0.05819
frame 41 time 20.5 binding_event at DNA_topoI 5 enzyme topoI with twist -206.45853 superhelical -0.08943 global twist -196.27474 global supercoiling -0.05590
frame 47 time 23.5 unbinding_event at DNA_topoI 5 enzyme topoI with twist -204.36414 superhelical -0.08564 global twist -172.93720 global supercoiling -0.05028
frame 48 time 24.0 unbinding_event at gene tetA enzyme RNAP with twist -169.04760 superhelical -0.08480 global twist -169.04760 global supercoiling -0.04814
frame 58 time 29.0 binding_event at DNA_topoI 45 enzyme topoI with twist -169.04760 superhelical -0.04788 global twist -169.04760 global supercoiling -0.04788
frame 68 time 34.0 unbinding_event at DNA_topoI 45 enzyme topoI with twist -126.26210 superhelical -0.03274 global twist -130.15170 global supercoiling -0.03763
frame 120 time 60.0 binding_event at DNA_gyrase 35 enzyme gyrase with twist -126.26210 superhelical -0.03576 global twist -126.26210 global supercoiling -0.03576
frame 121 time 60.5 unbinding_event at DNA_gyrase 35 enzyme gyrase with twist -131.64769 superhelical -0.04093 global twist -128.95490 global supercoiling -0.03728
frame 127 time 63.5 binding_event at DNA_topoI 36 enzyme topoI with twist -131.64769 superhelical -0.03729 global twist -131.64769 global supercoiling -0.03729
frame 137 time 68.5 unbinding_event at DNA_topoI 36 enzyme topoI with twist -88.86219 superhelical -0.00659 global twist -92.75178 global supercoiling -0.02682
frame 146 time 73.0 binding_event at DNA_topoI 21 enzyme topoI with twist -88.86219 superhelical -0.02517 global twist -88.86219 global supercoiling -0.02517
frame 150 time 75.0 unbinding_event at DNA_topoI 21 enzyme topoI with twist -69.41424 superhelical -0.02265 global twist -73.30383 global supercoiling -0.02119
frame 181 time 90.5 binding_event at DNA_gyrase 45 enzyme gyrase with twist -69.41424 superhelical -0.01966 global twist -69.41424 global supercoiling -0.01966
frame 183 time 91.5 unbinding_event at DNA_gyrase 45 enzyme gyrase with twist -77.49262 superhelical -0.02312 global twist -74.79983 global supercoiling -0.02163
frame 206 time 103.0 binding_event at gene mKalama1 enzyme RNAP with twist -77.49262 superhelical -0.02195 global twist -77.49262 global supercoiling -0.02195
frame 233 time 116.5 unbinding_event at gene mKalama1 enzyme RNAP with twist -77.49262 superhelical 0.59554 global twist -77.49262 global supercoiling -0.02207
frame 337 time 168.5 binding_event at DNA_topoI 13 enzyme topoI with twist -77.49262 superhelical -0.02195 global twist -77.49262 global supercoiling -0.02195
frame 338 time 169.0 unbinding_event at DNA_topoI 13 enzyme topoI with twist -69.71344 superhelical -0.02092 global twist -73.60303 global supercoiling -0.02128
frame 466 time 233.0 binding_event at gene tetA enzyme RNAP with twist -69.71344 superhelical -0.01975 global twist -69.71344 global supercoiling -0.01975
frame 506 time 253.0 unbinding_event at gene tetA enzyme RNAP with twist -69.71344 superhelical -0.07392 global twist -69.71344 global supercoiling -0.01985
frame 512 time 256.0 binding_event at gene tetA enzyme RNAP with twist -69.71344 superhelical -0.01975 global twist -69.71344 global supercoiling -0.01975
frame 515 time 257.5 binding_event at gene mKalama1 enzyme RNAP with twist -44.84380 superhelical -0.02533 global twist -69.71344 global supercoiling -0.01985
frame 532 time 266.0 binding_event at DNA_gyrase 31 enzyme gyrase with twist 44.45396 superhelical 0.12987 global twist -69.71344 global supercoiling -0.01996
frame 535 time 267.5 unbinding_event at DNA_gyrase 31 enzyme gyrase with twist -173.93234 superhelical -5.61015 global twist -77.79182 global supercoiling -0.02274
frame 542 time 271.0 unbinding_event at gene mKalama1 enzyme RNAP with twist -156.14594 superhelical 0.46993 global twist -80.48461 global supercoiling -0.02305
frame 552 time 276.0 unbinding_event at gene tetA enzyme RNAP with twist -80.48461 superhelical -0.07832 global twist -80.48461 global supercoiling -0.02292
frame 603 time 301.5 binding_event at gene mKalama1 enzyme RNAP with twist -80.48461 superhelical -0.02280 global twist -80.48461 global supercoiling -0.02280
frame 613 time 306.5 binding_event at DNA_gyrase 18 enzyme gyrase with twist -101.54798 superhelical -0.03337 global twist -80.48461 global supercoiling -0.02292
frame 615 time 307.5 binding_event at gene tetA enzyme RNAP with twist -94.98084 superhelical -0.03759 global twist -85.87020 global supercoiling -0.02497
frame 617 time 308.5 unbinding_event at DNA_gyrase 18 enzyme gyrase with twist -63.50043 superhelical -0.03393 global twist -91.25579 global supercoiling -0.02668
frame 619 time 309.5 binding_event at DNA_gyrase 29 enzyme gyrase with twist 42.60572 superhelical 0.11827 global twist -93.94858 global supercoiling -0.02690
frame 619 time 309.5 unbinding_event at DNA_gyrase 29 enzyme gyrase with twist 43.50331 superhelical 0.14012 global twist -93.94858 global supercoiling -0.02690
frame 620 time 310.0 binding_event at DNA_topoI 40 enzyme topoI with twist -83.82504 superhelical -0.05803 global twist -96.64137 global supercoiling -0.02767
frame 621 time 310.5 unbinding_event at DNA_topoI 40 enzyme topoI with twist -90.40742 superhelical -0.06278 global twist -92.75178 global supercoiling -0.02712
frame 630 time 315.0 unbinding_event at gene mKalama1 enzyme RNAP with twist -72.03685 superhelical 0.57314 global twist -88.86219 global supercoiling -0.02545
frame 655 time 327.5 unbinding_event at gene tetA enzyme RNAP with twist -88.86219 superhelical -0.06598 global twist -88.86219 global supercoiling -0.02531
frame 727 time 363.5 binding_event at gene tetA enzyme RNAP with twist -88.86219 superhelical -0.02517 global twist -88.86219 global supercoiling -0.02517
frame 767 time 383.5 unbinding_event at gene tetA enzyme RNAP with twist -88.86219 superhelical -0.07774 global twist -88.86219 global supercoiling -0.02531
frame 772 time 386.0 binding_event at gene tetA enzyme RNAP with twist -88.86219 superhelical -0.02517 global twist -88.86219 global supercoiling -0.02517
frame 795 time 397.5 binding_event at DNA_gyrase 12 enzyme gyrase with twist 37.14844 superhelical 0.02687 global twist -88.86219 global supercoiling -0.02531
frame 795 time 397.5 unbinding_event at DNA_gyrase 12 enzyme gyrase with twist 38.04604 superhelical 0.03558 global twist -88.86219 global supercoiling -0.02531
frame 812 time 406.0 unbinding_event at gene tetA enzyme RNAP with twist -91.55499 superhelical -0.07774 global twist -91.55499 global supercoiling -0.02607
frame 831 time 415.5 binding_event at DNA_gyrase 1 enzyme gyrase with twist -91.55499 superhelical -0.02593 global twist -91.55499 global supercoiling -0.02593
frame 843 time 421.5 unbinding_event at DNA_gyrase 1 enzyme gyrase with twist -126.56130 superhelical -0.03643 global twist -123.86851 global supercoiling -0.03581
frame 876 time 438.0 binding_event at DNA_topoI 27 enzyme topoI with twist -126.56130 superhelical -0.03585 global twist -126.56130 global supercoiling -0.03585
frame 877 time 438.5 unbinding_event at DNA_topoI 27 enzyme topoI with twist -118.78212 superhelical 0.07948 global twist -122.67171 global supercoiling -0.03547
frame 911 time 455.5 binding_event at DNA_topoI 10 enzyme topoI with twist -118.78212 superhelical -0.03364 global twist -118.78212 global supercoiling -0.03364
frame 916 time 458.0 binding_event at gene tetA enzyme RNAP with twist -72.80699 superhelical -0.03030 global twist -99.33417 global supercoiling -0.02872
frame 916 time 458.0 unbinding_event at DNA_topoI 10 enzyme topoI with twist -39.44192 superhelical -0.02287 global twist -99.33417 global supercoiling -0.02872
frame 927 time 463.5 binding_event at DNA_topoI 46 enzyme topoI with twist -91.90657 superhelical -0.04803 global twist -95.44458 global supercoiling -0.02718
frame 932 time 466.0 unbinding_event at DNA_topoI 46 enzyme topoI with twist -90.11137 superhelical -0.04155 global twist -75.99662 global supercoiling -0.02209
frame 956 time 478.0 unbinding_event at gene tetA enzyme RNAP with twist -72.10703 superhelical -0.07189 global twist -72.10703 global supercoiling -0.02054
frame 1011 time 505.5 binding_event at gene tetA enzyme RNAP with twist -72.10703 superhelical -0.02042 global twist -72.10703 global supercoiling -0.02042
frame 1041 time 520.5 binding_event at DNA_gyrase 13 enzyme gyrase with twist 70.84721 superhelical 0.05638 global twist -72.10703 global supercoiling -0.02054
frame 1041 time 520.5 unbinding_event at DNA_gyrase 13 enzyme gyrase with twist 71.74481 superhelical 0.06995 global twist -72.10703 global supercoiling -0.02054
frame 1051 time 525.5 unbinding_event at gene tetA enzyme RNAP with twist -74.79983 superhelical -0.07440 global twist -74.79983 global supercoiling -0.02130
frame 1126 time 563.0 binding_event at gene Raspberry enzyme RNAP with twist -74.79983 superhelical -0.02119 global twist -74.79983 global supercoiling -0.02119
frame 1149 time 574.5 binding_event at gene tetA enzyme RNAP with twist 24.01895 superhelical 0.01028 global twist -74.79983 global supercoiling -0.02130
frame 1153 time 576.5 unbinding_event at gene Raspberry enzyme RNAP with twist -111.36151 superhelical -0.09231 global twist -74.79983 global supercoiling -0.02142
frame 1180 time 590.0 binding_event at gene Raspberry enzyme RNAP with twist -204.71169 superhelical -0.09007 global twist -74.79983 global supercoiling -0.02130
frame 1189 time 594.5 unbinding_event at gene tetA enzyme RNAP with twist 30.35600 superhelical -0.09084 global twist -74.79983 global supercoiling -0.02142
frame 1207 time 603.5 unbinding_event at gene Raspberry enzyme RNAP with twist -74.79983 superhelical -0.13421 global twist -74.79983 global supercoiling -0.02130
frame 1289 time 644.5 binding_event at gene Raspberry enzyme RNAP with twist -74.79983 superhelical -0.02119 global twist -74.79983 global supercoiling -0.02119
frame 1316 time 658.0 unbinding_event at gene Raspberry enzyme RNAP with twist -74.79983 superhelical -0.09231 global twist -74.79983 global supercoiling -0.02130
frame 1318 time 659.0 binding_event at DNA_gyrase 48 enzyme gyrase with twist -74.79983 superhelical -0.02119 global twist -74.79983 global supercoiling -0.02119
frame 1320 time 660.0 unbinding_event at DNA_gyrase 48 enzyme gyrase with twist -82.87821 superhelical -0.02425 global twist -80.18541 global supercoiling -0.02318
frame 1352 time 676.0 binding_event at DNA_topoI 8 enzyme topoI with twist -82.87821 superhelical -0.02347 global twist -82.87821 global supercoiling -0.02347
frame 1357 time 678.5 unbinding_event at DNA_topoI 8 enzyme topoI with twist -59.54066 superhelical -0.01880 global twist -63.43025 global supercoiling -0.01834
frame 1368 time 684.0 binding_event at gene tetA enzyme RNAP with twist -59.54066 superhelical -0.01686 global twist -59.54066 global supercoiling -0.01686
frame 1399 time 699.5 binding_event at DNA_topoI 27 enzyme topoI with twist -140.40279 superhelical -0.06178 global twist -59.54066 global supercoiling -0.01696
frame 1399 time 699.5 unbinding_event at DNA_topoI 27 enzyme topoI with twist -140.10359 superhelical -0.00576 global twist -59.54066 global supercoiling -0.01696
frame 1401 time 700.5 binding_event at DNA_gyrase 11 enzyme gyrase with twist 88.04291 superhelical 0.07320 global twist -55.65107 global supercoiling -0.01585
frame 1403 time 701.5 unbinding_event at DNA_gyrase 11 enzyme gyrase with twist 90.73571 superhelical 0.19487 global twist -61.03666 global supercoiling -0.01775
frame 1408 time 704.0 unbinding_event at gene tetA enzyme RNAP with twist -63.72945 superhelical -0.07031 global twist -63.72945 global supercoiling -0.01815
frame 1465 time 732.5 binding_event at gene mKalama1 enzyme RNAP with twist -63.72945 superhelical -0.01805 global twist -63.72945 global supercoiling -0.01805
frame 1492 time 746.0 unbinding_event at gene mKalama1 enzyme RNAP with twist -63.72945 superhelical 0.61307 global twist -63.72945 global supercoiling -0.01815
frame 1571 time 785.5 binding_event at DNA_gyrase 17 enzyme gyrase with twist -63.72945 superhelical -0.01805 global twist -63.72945 global supercoiling -0.01805
frame 1571 time 785.5 unbinding_event at DNA_gyrase 17 enzyme gyrase with twist -66.42224 superhelical -0.01889 global twist -63.72945 global supercoiling -0.01805
frame 1609 time 804.5 binding_event at DNA_topoI 43 enzyme topoI with twist -66.42224 superhelical -0.01881 global twist -66.42224 global supercoiling -0.01881
frame 1612 time 806.0 unbinding_event at DNA_topoI 43 enzyme topoI with twist -50.86388 superhelical -0.01263 global twist -54.75347 global supercoiling -0.01583
frame 1778 time 889.0 binding_event at gene tetA enzyme RNAP with twist -50.86388 superhelical -0.01441 global twist -50.86388 global supercoiling -0.01441
frame 1797 time 898.5 binding_event at DNA_topoI 35 enzyme topoI with twist -93.07729 superhelical -0.04524 global twist -50.86388 global supercoiling -0.01449
frame 1800 time 900.0 binding_event at gene tetA enzyme RNAP with twist -69.51302 superhelical -0.04856 global twist -39.19511 global supercoiling -0.01140
frame 1801 time 900.5 unbinding_event at DNA_topoI 35 enzyme topoI with twist -73.08376 superhelical -0.03088 global twist -35.30552 global supercoiling -0.01032
frame 1818 time 909.0 binding_event at DNA_gyrase 21 enzyme gyrase with twist 117.61163 superhelical 0.10919 global twist -31.41593 global supercoiling -0.00900
frame 1818 time 909.0 unbinding_event at gene tetA enzyme RNAP with twist 70.27502 superhelical -0.04922 global twist -31.41593 global supercoiling -0.00900
frame 1818 time 909.0 unbinding_event at DNA_gyrase 21 enzyme gyrase with twist 100.01170 superhelical -0.04922 global twist -31.41593 global supercoiling -0.00900
frame 1840 time 920.0 unbinding_event at gene tetA enzyme RNAP with twist -34.10872 superhelical -0.08690 global twist -34.10872 global supercoiling -0.00971
frame 1844 time 922.0 binding_event at gene tetA enzyme RNAP with twist -34.10872 superhelical -0.00966 global twist -34.10872 global supercoiling -0.00966
frame 1880 time 940.0 binding_event at DNA_gyrase 23 enzyme gyrase with twist 111.81610 superhelical 0.09732 global twist -34.10872 global supercoiling -0.00971
frame 1881 time 940.5 unbinding_event at DNA_gyrase 23 enzyme gyrase with twist 113.61130 superhelical 0.11275 global twist -36.80151 global supercoiling -0.01070
frame 1884 time 942.0 binding_event at DNA_topoI 32 enzyme topoI with twist -160.28639 superhelical -0.06585 global twist -39.49431 global supercoiling -0.01125
frame 1884 time 942.0 unbinding_event at gene tetA enzyme RNAP with twist -10.91631 superhelical -0.06806 global twist -39.49431 global supercoiling -0.01125
frame 1891 time 945.5 unbinding_event at DNA_topoI 32 enzyme topoI with twist -8.37758 superhelical -0.02821 global twist -12.26717 global supercoiling -0.00355
frame 2018 time 1009.0 binding_event at DNA_gyrase 6 enzyme gyrase with twist -8.37758 superhelical -0.00237 global twist -8.37758 global supercoiling -0.00237
frame 2018 time 1009.0 unbinding_event at DNA_gyrase 6 enzyme gyrase with twist -11.07037 superhelical -0.00306 global twist -8.37758 global supercoiling -0.00237
frame 2019 time 1009.5 binding_event at gene tetA enzyme RNAP with twist -11.07037 superhelical -0.00314 global twist -11.07037 global supercoiling -0.00314
frame 2059 time 1029.5 unbinding_event at gene tetA enzyme RNAP with twist -11.07037 superhelical -0.06224 global twist -11.07037 global supercoiling -0.00315
frame 2067 time 1033.5 binding_event at gene tetA enzyme RNAP with twist -11.07037 superhelical -0.00314 global twist -11.07037 global supercoiling -0.00314
frame 2075 time 1037.5 binding_event at DNA_gyrase 10 enzyme gyrase with twist 23.06343 superhelical 0.01396 global twist -11.07037 global supercoiling -0.00315
frame 2076 time 1038.0 binding_event at gene Raspberry enzyme RNAP with twist -37.72420 superhelical -0.02009 global twist -13.76317 global supercoiling -0.00400
frame 2079 time 1039.5 unbinding_event at DNA_gyrase 10 enzyme gyrase with twist 27.55142 superhelical 0.04344 global twist -21.84155 global supercoiling -0.00639
frame 2103 time 1051.5 unbinding_event at gene Raspberry enzyme RNAP with twist -138.25516 superhelical -0.09170 global twist -24.53434 global supercoiling -0.00703
frame 2107 time 1053.5 unbinding_event at gene tetA enzyme RNAP with twist -24.53434 superhelical -0.06224 global twist -24.53434 global supercoiling -0.00699
frame 2137 time 1068.5 binding_event at DNA_gyrase 28 enzyme gyrase with twist -24.53434 superhelical -0.00695 global twist -24.53434 global supercoiling -0.00695
frame 2138 time 1069.0 unbinding_event at DNA_gyrase 28 enzyme gyrase with twist -29.91993 superhelical -0.03266 global twist -27.22714 global supercoiling -0.00787
frame 2182 time 1091.0 binding_event at gene Raspberry enzyme RNAP with twist -29.91993 superhelical -0.00847 global twist -29.91993 global supercoiling -0.00847
frame 2188 time 1094.0 binding_event at DNA_gyrase 15 enzyme gyrase with twist -1.88167 superhelical -0.00071 global twist -29.91993 global supercoiling -0.00852
frame 2189 time 1094.5 unbinding_event at DNA_gyrase 15 enzyme gyrase with twist -0.08648 superhelical 0.00170 global twist -32.61272 global supercoiling -0.00948
frame 2209 time 1104.5 unbinding_event at gene Raspberry enzyme RNAP with twist -35.30552 superhelical -0.08461 global twist -35.30552 global supercoiling -0.01005
frame 2221 time 1110.5 binding_event at DNA_gyrase 28 enzyme gyrase with twist -35.30552 superhelical -0.01000 global twist -35.30552 global supercoiling -0.01000
frame 2223 time 1111.5 unbinding_event at DNA_gyrase 28 enzyme gyrase with twist -43.38390 superhelical -0.04856 global twist -40.69110 global supercoiling -0.01176
frame 2234 time 1117.0 binding_event at DNA_gyrase 41 enzyme gyrase with twist -43.38390 superhelical -0.01229 global twist -43.38390 global supercoiling -0.01229
frame 2234 time 1117.0 unbinding_event at DNA_gyrase 41 enzyme gyrase with twist -46.07669 superhelical -0.01384 global twist -43.38390 global supercoiling -0.01229
frame 2397 time 1198.5 binding_event at DNA_gyrase 10 enzyme gyrase with twist -46.07669 superhelical -0.01305 global twist -46.07669 global supercoiling -0.01305
frame 2408 time 1204.0 unbinding_event at DNA_gyrase 10 enzyme gyrase with twist -78.39022 superhelical -0.02004 global twist -75.69742 global supercoiling -0.02189
frame 2414 time 1207.0 binding_event at DNA_gyrase 19 enzyme gyrase with twist -78.39022 superhelical -0.02220 global twist -78.39022 global supercoiling -0.02220
frame 2435 time 1217.5 binding_event at gene tetA enzyme RNAP with twist -97.38792 superhelical -0.03194 global twist -134.93888 global supercoiling -0.03901
frame 2435 time 1217.5 unbinding_event at DNA_gyrase 19 enzyme gyrase with twist -78.88557 superhelical -0.03085 global twist -134.93888 global supercoiling -0.03901
frame 2462 time 1231.0 binding_event at gene tetA enzyme RNAP with twist -152.09629 superhelical -0.06911 global twist -137.63168 global supercoiling -0.03920
frame 2471 time 1235.5 binding_event at DNA_topoI 40 enzyme topoI with twist -151.95482 superhelical -0.08092 global twist -137.63168 global supercoiling -0.03941
frame 2475 time 1237.5 unbinding_event at gene tetA enzyme RNAP with twist 32.27510 superhelical -0.06971 global twist -122.07331 global supercoiling -0.03569
frame 2477 time 1238.5 unbinding_event at DNA_topoI 40 enzyme topoI with twist -149.86043 superhelical -0.07006 global twist -114.29413 global supercoiling -0.03323
frame 2483 time 1241.5 binding_event at DNA_topoI 48 enzyme topoI with twist -167.81238 superhelical -0.08017 global twist -110.40454 global supercoiling -0.03144
frame 2483 time 1241.5 unbinding_event at DNA_topoI 48 enzyme topoI with twist -167.51318 superhelical -0.08176 global twist -110.40454 global supercoiling -0.03144
frame 2502 time 1251.0 unbinding_event at gene tetA enzyme RNAP with twist -106.51495 superhelical -0.09613 global twist -106.51495 global supercoiling -0.03033
frame 2578 time 1289.0 binding_event at DNA_gyrase 28 enzyme gyrase with twist -106.51495 superhelical -0.03017 global twist -106.51495 global supercoiling -0.03017
frame 2578 time 1289.0 unbinding_event at DNA_gyrase 28 enzyme gyrase with twist -109.20774 superhelical -0.04358 global twist -106.51495 global supercoiling -0.03017
frame 2588 time 1294.0 binding_event at DNA_topoI 0 enzyme topoI with twist -109.20774 superhelical -0.03093 global twist -109.20774 global supercoiling -0.03093
frame 2589 time 1294.5 unbinding_event at DNA_topoI 0 enzyme topoI with twist -101.42856 superhelical -0.02927 global twist -105.31815 global supercoiling -0.03045
frame 2623 time 1311.5 binding_event at gene tetA enzyme RNAP with twist -101.42856 superhelical -0.02873 global twist -101.42856 global supercoiling -0.02873
frame 2632 time 1316.0 binding_event at DNA_topoI 28 enzyme topoI with twist -81.88699 superhelical -0.04361 global twist -101.42856 global supercoiling -0.02889
frame 2636 time 1318.0 unbinding_event at DNA_topoI 28 enzyme topoI with twist -80.39100 superhelical 0.04699 global twist -85.87020 global supercoiling -0.02497
frame 2663 time 1331.5 unbinding_event at gene tetA enzyme RNAP with twist -81.98061 superhelical -0.07231 global twist -81.98061 global supercoiling -0.02335
frame 2666 time 1333.0 binding_event at gene tetA enzyme RNAP with twist -81.98061 superhelical -0.02322 global twist -81.98061 global supercoiling -0.02322
frame 2674 time 1337.0 binding_event at gene tetA enzyme RNAP with twist -68.79136 superhelical -0.03699 global twist -81.98061 global supercoiling -0.02335
frame 2694 time 1347.0 binding_event at gene tetA enzyme RNAP with twist -135.94751 superhelical -0.06551 global twist -81.98061 global supercoiling -0.02347
frame 2706 time 1353.0 unbinding_event at gene tetA enzyme RNAP with twist 100.64199 superhelical -0.03737 global twist -81.98061 global supercoiling -0.02360
frame 2714 time 1357.0 unbinding_event at gene tetA enzyme RNAP with twist 106.89184 superhelical -0.06612 global twist -81.98061 global supercoiling -0.02347
frame 2716 time 1358.0 binding_event at DNA_topoI 49 enzyme topoI with twist -192.46284 superhelical -0.09116 global twist -81.98061 global supercoiling -0.02335
frame 2716 time 1358.0 unbinding_event at DNA_topoI 49 enzyme topoI with twist -192.16364 superhelical -0.09317 global twist -81.98061 global supercoiling -0.02335
frame 2720 time 1360.0 binding_event at DNA_topoI 28 enzyme topoI with twist -202.93482 superhelical -0.09296 global twist -78.09102 global supercoiling -0.02224
frame 2721 time 1360.5 unbinding_event at DNA_topoI 28 enzyme topoI with twist -202.33642 superhelical -0.05919 global twist -74.20143 global supercoiling -0.02157
frame 2734 time 1367.0 unbinding_event at gene tetA enzyme RNAP with twist -70.31184 superhelical -0.10154 global twist -70.31184 global supercoiling -0.02002
frame 2769 time 1384.5 binding_event at gene tetA enzyme RNAP with twist -70.31184 superhelical -0.01992 global twist -70.31184 global supercoiling -0.01992
frame 2788 time 1394.0 binding_event at DNA_gyrase 23 enzyme gyrase with twist 32.27069 superhelical 0.02219 global twist -70.31184 global supercoiling -0.02002
frame 2794 time 1397.0 unbinding_event at DNA_gyrase 23 enzyme gyrase with twist 38.55388 superhelical 0.03978 global twist -86.46860 global supercoiling -0.02514
frame 2809 time 1404.5 unbinding_event at gene tetA enzyme RNAP with twist -89.16139 superhelical -0.07404 global twist -89.16139 global supercoiling -0.02539
frame 2816 time 1408.0 binding_event at gene mKalama1 enzyme RNAP with twist -89.16139 superhelical -0.02525 global twist -89.16139 global supercoiling -0.02525
frame 2835 time 1417.5 binding_event at DNA_topoI 8 enzyme topoI with twist -140.93837 superhelical -0.04397 global twist -89.16139 global supercoiling -0.02539
frame 2838 time 1419.0 unbinding_event at DNA_topoI 8 enzyme topoI with twist -139.74157 superhelical -0.04665 global twist -77.49262 global supercoiling -0.02253
frame 2843 time 1421.5 unbinding_event at gene mKalama1 enzyme RNAP with twist -73.60303 superhelical 0.58069 global twist -73.60303 global supercoiling -0.02096
frame 2871 time 1435.5 binding_event at DNA_gyrase 47 enzyme gyrase with twist -73.60303 superhelical -0.02085 global twist -73.60303 global supercoiling -0.02085
frame 2876 time 1438.0 unbinding_event at DNA_gyrase 47 enzyme gyrase with twist -89.75979 superhelical -0.02678 global twist -87.06700 global supercoiling -0.02517
frame 2900 time 1450.0 binding_event at gene tetA enzyme RNAP with twist -89.75979 superhelical -0.02542 global twist -89.75979 global supercoiling -0.02542
frame 2938 time 1469.0 binding_event at DNA_topoI 40 enzyme topoI with twist -180.30521 superhelical -0.07518 global twist -89.75979 global supercoiling -0.02556
frame 2940 time 1470.0 unbinding_event at gene tetA enzyme RNAP with twist -8.98373 superhelical -0.07804 global twist -81.98061 global supercoiling -0.02383
frame 2943 time 1471.5 unbinding_event at DNA_topoI 40 enzyme topoI with twist -66.42224 superhelical -0.06543 global twist -70.31184 global supercoiling -0.02033
frame 2954 time 1477.0 binding_event at gene tetA enzyme RNAP with twist -66.42224 superhelical -0.01881 global twist -66.42224 global supercoiling -0.01881
frame 2984 time 1492.0 binding_event at DNA_topoI 37 enzyme topoI with twist -140.17579 superhelical -0.06217 global twist -66.42224 global supercoiling -0.01892
frame 2986 time 1493.0 unbinding_event at DNA_topoI 37 enzyme topoI with twist -139.27819 superhelical -0.05645 global twist -58.64306 global supercoiling -0.01705
frame 2994 time 1497.0 unbinding_event at gene tetA enzyme RNAP with twist -54.75347 superhelical -0.06851 global twist -54.75347 global supercoiling -0.01559
frame 3005 time 1502.5 binding_event at gene tetA enzyme RNAP with twist -54.75347 superhelical -0.01551 global twist -54.75347 global supercoiling -0.01551
frame 3032 time 1516.0 binding_event at gene Raspberry enzyme RNAP with twist -123.70147 superhelical -0.05620 global twist -54.75347 global supercoiling -0.01559
frame 3033 time 1516.5 binding_event at gene tetA enzyme RNAP with twist -80.47721 superhelical -0.05670 global twist -54.75347 global supercoiling -0.01568
frame 3040 time 1520.0 binding_event at DNA_gyrase 0 enzyme gyrase with twist -52.68850 superhelical -0.05747 global twist -54.75347 global supercoiling -0.01576
frame 3042 time 1521.0 unbinding_event at DNA_gyrase 0 enzyme gyrase with twist -60.76688 superhelical -0.05758 global twist -60.13906 global supercoiling -0.01768
frame 3045 time 1522.5 unbinding_event at gene tetA enzyme RNAP with twist 91.42477 superhelical -0.05747 global twist -62.83185 global supercoiling -0.01809
frame 3059 time 1529.5 unbinding_event at gene Raspberry enzyme RNAP with twist -204.52211 superhelical -0.11364 global twist -62.83185 global supercoiling -0.01799
frame 3062 time 1531.0 binding_event at DNA_topoI 26 enzyme topoI with twist -211.70289 superhelical -0.09464 global twist -62.83185 global supercoiling -0.01789
frame 3069 time 1534.5 unbinding_event at DNA_topoI 26 enzyme topoI with twist -209.30930 superhelical 0.31181 global twist -35.60472 global supercoiling -0.01035
frame 3073 time 1536.5 binding_event at gene mKalama1 enzyme RNAP with twist -220.08047 superhelical -0.09041 global twist -31.71513 global supercoiling -0.00903
frame 3073 time 1536.5 unbinding_event at gene tetA enzyme RNAP with twist 23.69524 superhelical -0.09329 global twist -31.71513 global supercoiling -0.00903
frame 3100 time 1550.0 unbinding_event at gene mKalama1 enzyme RNAP with twist -31.71513 superhelical 0.28679 global twist -31.71513 global supercoiling -0.00903
frame 3119 time 1559.5 binding_event at DNA_topoI 27 enzyme topoI with twist -31.71513 superhelical -0.00898 global twist -31.71513 global supercoiling -0.00898
frame 3129 time 1564.5 unbinding_event at DNA_topoI 27 enzyme topoI with twist 11.07037 superhelical 0.62922 global twist 7.18078 global supercoiling 0.00208
frame 3189 time 1594.5 binding_event at DNA_gyrase 26 enzyme gyrase with twist 11.07037 superhelical 0.00314 global twist 11.07037 global supercoiling 0.00314
frame 3189 time 1594.5 unbinding_event at DNA_gyrase 26 enzyme gyrase with twist 8.37758 superhelical -0.03202 global twist 11.07037 global supercoiling 0.00314
frame 3207 time 1603.5 binding_event at DNA_gyrase 22 enzyme gyrase with twist 8.37758 superhelical 0.00237 global twist 8.37758 global supercoiling 0.00237
frame 3208 time 1604.0 unbinding_event at DNA_gyrase 22 enzyme gyrase with twist 2.99199 superhelical 0.00160 global twist 5.68479 global supercoiling 0.00164
frame 3257 time 1628.5 binding_event at DNA_gyrase 22 enzyme gyrase with twist 2.99199 superhelical 0.00085 global twist 2.99199 global supercoiling 0.00085
frame 3257 time 1628.5 unbinding_event at DNA_gyrase 22 enzyme gyrase with twist 0.29920 superhelical 0.00045 global twist 2.99199 global supercoiling 0.00085
frame 3262 time 1631.0 binding_event at DNA_gyrase 27 enzyme gyrase with twist 0.29920 superhelical 0.00008 global twist 0.29920 global supercoiling 0.00008
frame 3267 time 1633.5 unbinding_event at DNA_gyrase 27 enzyme gyrase with twist -15.85756 superhelical -0.24098 global twist -13.16477 global supercoiling -0.00381
frame 3341 time 1670.5 binding_event at DNA_gyrase 4 enzyme gyrase with twist -15.85756 superhelical -0.00449 global twist -15.85756 global supercoiling -0.00449
frame 3342 time 1671.0 binding_event at DNA_gyrase 30 enzyme gyrase with twist -10.38905 superhelical -0.00527 global twist -18.55036 global supercoiling -0.00536
frame 3345 time 1672.5 unbinding_event at DNA_gyrase 4 enzyme gyrase with twist -33.34634 superhelical -0.01199 global twist -34.70712 global supercoiling -0.01025
frame 3369 time 1684.5 unbinding_event at DNA_gyrase 30 enzyme gyrase with twist -104.71976 superhelical -0.15691 global twist -102.02696 global supercoiling -0.02950
frame 3462 time 1731.0 binding_event at DNA_gyrase 41 enzyme gyrase with twist -104.71976 superhelical -0.02966 global twist -104.71976 global supercoiling -0.02966
frame 3463 time 1731.5 unbinding_event at DNA_gyrase 41 enzyme gyrase with twist -110.10534 superhelical -0.03287 global twist -107.41255 global supercoiling -0.03106
frame 3469 time 1734.5 binding_event at gene tetA enzyme RNAP with twist -110.10534 superhelical -0.03119 global twist -110.10534 global supercoiling -0.03119
frame 3509 time 1754.5 unbinding_event at gene tetA enzyme RNAP with twist -110.10534 superhelical -0.08197 global twist -110.10534 global supercoiling -0.03136
frame 3522 time 1761.0 binding_event at DNA_topoI 40 enzyme topoI with twist -110.10534 superhelical -0.03119 global twist -110.10534 global supercoiling -0.03119
frame 3529 time 1764.5 unbinding_event at DNA_topoI 40 enzyme topoI with twist -78.98862 superhelical -0.01574 global twist -82.87821 global supercoiling -0.02396
frame 3567 time 1783.5 binding_event at DNA_topoI 31 enzyme topoI with twist -78.98862 superhelical -0.02237 global twist -78.98862 global supercoiling -0.02237
frame 3568 time 1784.0 binding_event at gene mKalama1 enzyme RNAP with twist -69.71892 superhelical -0.02222 global twist -75.09902 global supercoiling -0.02171
frame 3571 time 1785.5 unbinding_event at DNA_topoI 31 enzyme topoI with twist 18.84139 superhelical 0.00748 global twist -63.43025 global supercoiling -0.01844
frame 3585 time 1792.5 binding_event at DNA_topoI 25 enzyme topoI with twist -125.05714 superhelical -0.03946 global twist -59.54066 global supercoiling -0.01696
frame 3591 time 1795.5 unbinding_event at DNA_topoI 25 enzyme topoI with twist -122.96275 superhelical -0.04183 global twist -36.20312 global supercoiling -0.01053
frame 3595 time 1797.5 unbinding_event at gene mKalama1 enzyme RNAP with twist -32.31352 superhelical 0.72515 global twist -32.31352 global supercoiling -0.00920
frame 3654 time 1827.0 binding_event at DNA_gyrase 32 enzyme gyrase with twist -32.31352 superhelical -0.00915 global twist -32.31352 global supercoiling -0.00915
frame 3659 time 1829.5 unbinding_event at DNA_gyrase 32 enzyme gyrase with twist -48.47029 superhelical -0.02992 global twist -45.77749 global supercoiling -0.01324
frame 3699 time 1849.5 binding_event at gene tetA enzyme RNAP with twist -48.47029 superhelical -0.01373 global twist -48.47029 global supercoiling -0.01373
frame 3739 time 1869.5 unbinding_event at gene tetA enzyme RNAP with twist -48.47029 superhelical -0.06969 global twist -48.47029 global supercoiling -0.01380
frame 3863 time 1931.5 binding_event at gene Raspberry enzyme RNAP with twist -48.47029 superhelical -0.01373 global twist -48.47029 global supercoiling -0.01373
frame 3890 time 1945.0 unbinding_event at gene Raspberry enzyme RNAP with twist -48.47029 superhelical -0.08779 global twist -48.47029 global supercoiling -0.01380
frame 3926 time 1963.0 binding_event at gene tetA enzyme RNAP with twist -48.47029 superhelical -0.01373 global twist -48.47029 global supercoiling -0.01373
frame 3966 time 1983.0 unbinding_event at gene tetA enzyme RNAP with twist -48.47029 superhelical -0.06969 global twist -48.47029 global supercoiling -0.01380
frame 3994 time 1997.0 binding_event at gene mKalama1 enzyme RNAP with twist -48.47029 superhelical -0.01373 global twist -48.47029 global supercoiling -0.01373
frame 4021 time 2010.5 unbinding_event at gene mKalama1 enzyme RNAP with twist -48.47029 superhelical 0.63250 global twist -48.47029 global supercoiling -0.01380
frame 4037 time 2018.5 binding_event at gene tetA enzyme RNAP with twist -48.47029 superhelical -0.01373 global twist -48.47029 global supercoiling -0.01373
frame 4060 time 2030.0 binding_event at DNA_topoI 26 enzyme topoI with twist -106.26898 superhelical -0.04991 global twist -48.47029 global supercoiling -0.01380
frame 4075 time 2037.5 unbinding_event at DNA_topoI 26 enzyme topoI with twist -101.48179 superhelical 0.76270 global twist 9.87358 global supercoiling 0.00287
frame 4077 time 2038.5 unbinding_event at gene tetA enzyme RNAP with twist 13.76317 superhelical -0.04431 global twist 13.76317 global supercoiling 0.00392
frame 4160 time 2080.0 binding_event at gene tetA enzyme RNAP with twist 13.76317 superhelical 0.00390 global twist 13.76317 global supercoiling 0.00390
frame 4200 time 2100.0 unbinding_event at gene tetA enzyme RNAP with twist 13.76317 superhelical -0.05729 global twist 13.76317 global supercoiling 0.00392
frame 4214 time 2107.0 binding_event at DNA_topoI 17 enzyme topoI with twist 13.76317 superhelical 0.00390 global twist 13.76317 global supercoiling 0.00390
frame 4215 time 2107.5 unbinding_event at DNA_topoI 17 enzyme topoI with twist 21.54235 superhelical 0.00532 global twist 17.65276 global supercoiling 0.00510
frame 4232 time 2116.0 binding_event at DNA_gyrase 12 enzyme gyrase with twist 21.54235 superhelical 0.00610 global twist 21.54235 global supercoiling 0.00610
frame 4244 time 2122.0 unbinding_event at DNA_gyrase 12 enzyme gyrase with twist -13.46397 superhelical -0.00064 global twist -10.77117 global supercoiling -0.00311
frame 4279 time 2139.5 binding_event at gene Raspberry enzyme RNAP with twist -13.46397 superhelical -0.00381 global twist -13.46397 global supercoiling -0.00381
frame 4294 time 2147.0 binding_event at gene tetA enzyme RNAP with twist 43.31506 superhelical 0.01747 global twist -13.46397 global supercoiling -0.00383
frame 4306 time 2153.0 unbinding_event at gene Raspberry enzyme RNAP with twist -91.74052 superhelical -0.08178 global twist -13.46397 global supercoiling -0.00386
frame 4323 time 2161.5 binding_event at DNA_gyrase 19 enzyme gyrase with twist 135.72281 superhelical 0.10648 global twist -13.46397 global supercoiling -0.00383
frame 4324 time 2162.0 unbinding_event at DNA_gyrase 19 enzyme gyrase with twist 137.51801 superhelical 0.12411 global twist -16.15676 global supercoiling -0.00470
frame 4334 time 2167.0 binding_event at gene tetA enzyme RNAP with twist -188.68109 superhelical -0.07751 global twist -18.84956 global supercoiling -0.00537
frame 4334 time 2167.0 unbinding_event at gene tetA enzyme RNAP with twist 118.81848 superhelical -0.07812 global twist -18.84956 global supercoiling -0.00537
frame 4355 time 2177.5 binding_event at gene mKalama1 enzyme RNAP with twist -209.47587 superhelical -0.10007 global twist -18.84956 global supercoiling -0.00537
frame 4374 time 2187.0 unbinding_event at gene tetA enzyme RNAP with twist -25.26417 superhelical -0.13415 global twist -18.84956 global supercoiling -0.00540
frame 4382 time 2191.0 unbinding_event at gene mKalama1 enzyme RNAP with twist -18.84956 superhelical 0.24264 global twist -18.84956 global supercoiling -0.00537
frame 4403 time 2201.5 binding_event at DNA_gyrase 45 enzyme gyrase with twist -18.84956 superhelical -0.00534 global twist -18.84956 global supercoiling -0.00534
frame 4405 time 2202.5 unbinding_event at DNA_gyrase 45 enzyme gyrase with twist -26.92794 superhelical -0.00850 global twist -24.23514 global supercoiling -0.00701
frame 4410 time 2205.0 binding_event at DNA_gyrase 28 enzyme gyrase with twist -26.92794 superhelical -0.00763 global twist -26.92794 global supercoiling -0.00763
frame 4410 time 2205.0 unbinding_event at DNA_gyrase 28 enzyme gyrase with twist -29.62073 superhelical -0.02057 global twist -26.92794 global supercoiling -0.00763
frame 4468 time 2234.0 binding_event at DNA_gyrase 3 enzyme gyrase with twist -29.62073 superhelical -0.00839 global twist -29.62073 global supercoiling -0.00839
frame 4470 time 2235.0 unbinding_event at DNA_gyrase 3 enzyme gyrase with twist -37.69911 superhelical -0.01069 global twist -35.00632 global supercoiling -0.01012
frame 4531 time 2265.5 binding_event at DNA_topoI 6 enzyme topoI with twist -37.69911 superhelical -0.01068 global twist -37.69911 global supercoiling -0.01068
frame 4535 time 2267.5 unbinding_event at DNA_topoI 6 enzyme topoI with twist -18.25116 superhelical -0.00630 global twist -22.14075 global supercoiling -0.00640
frame 4583 time 2291.5 binding_event at DNA_gyrase 40 enzyme gyrase with twist -18.25116 superhelical -0.00517 global twist -18.25116 global supercoiling -0.00517
frame 4597 time 2298.5 binding_event at DNA_gyrase 11 enzyme gyrase with twist -31.99797 superhelical -0.01284 global twist -55.95027 global supercoiling -0.01618
frame 4597 time 2298.5 unbinding_event at DNA_gyrase 11 enzyme gyrase with twist -36.03716 superhelical -0.01510 global twist -55.95027 global supercoiling -0.01618
frame 4599 time 2299.5 unbinding_event at DNA_gyrase 40 enzyme gyrase with twist -66.72144 superhelical -0.02895 global twist -64.02865 global supercoiling -0.01851
frame 4640 time 2320.0 binding_event at gene tetA enzyme RNAP with twist -66.72144 superhelical -0.01890 global twist -66.72144 global supercoiling -0.01890
frame 4680 time 2340.0 unbinding_event at gene tetA enzyme RNAP with twist -66.72144 superhelical -0.07333 global twist -66.72144 global supercoiling -0.01900
frame 4776 time 2388.0 binding_event at DNA_gyrase 25 enzyme gyrase with twist -66.72144 superhelical -0.01890 global twist -66.72144 global supercoiling -0.01890
frame 4776 time 2388.0 unbinding_event at DNA_gyrase 25 enzyme gyrase with twist -69.41424 superhelical -0.01944 global twist -66.72144 global supercoiling -0.01890
frame 4843 time 2421.5 binding_event at DNA_gyrase 17 enzyme gyrase with twist -69.41424 superhelical -0.01966 global twist -69.41424 global supercoiling -0.01966
frame 4852 time 2426.0 unbinding_event at DNA_gyrase 17 enzyme gyrase with twist -96.34217 superhelical -0.02470 global twist -93.64938 global supercoiling -0.02708
frame 4928 time 2464.0 binding_event at DNA_topoI 5 enzyme topoI with twist -96.34217 superhelical -0.02729 global twist -96.34217 global supercoiling -0.02729
frame 4933 time 2466.5 unbinding_event at DNA_topoI 5 enzyme topoI with twist -73.00463 superhelical -0.02215 global twist -76.89422 global supercoiling -0.02223
frame 4956 time 2478.0 binding_event at gene tetA enzyme RNAP with twist -73.00463 superhelical -0.02068 global twist -73.00463 global supercoiling -0.02068
frame 4996 time 2498.0 unbinding_event at gene tetA enzyme RNAP with twist -73.00463 superhelical -0.07458 global twist -73.00463 global supercoiling -0.02079
frame 5045 time 2522.5 binding_event at DNA_gyrase 39 enzyme gyrase with twist -73.00463 superhelical -0.02068 global twist -73.00463 global supercoiling -0.02068
frame 5057 time 2528.5 unbinding_event at DNA_gyrase 39 enzyme gyrase with twist -108.01095 superhelical -0.04066 global twist -105.31815 global supercoiling -0.03045
frame 5188 time 2594.0 binding_event at gene tetA enzyme RNAP with twist -108.01095 superhelical -0.03059 global twist -108.01095 global supercoiling -0.03059
frame 5205 time 2602.5 binding_event at gene tetA enzyme RNAP with twist -113.82728 superhelical -0.05631 global twist -108.01095 global supercoiling -0.03076
frame 5228 time 2614.0 unbinding_event at gene tetA enzyme RNAP with twist 75.72469 superhelical -0.05685 global twist -108.01095 global supercoiling -0.03093
frame 5232 time 2616.0 binding_event at DNA_topoI 48 enzyme topoI with twist -194.50682 superhelical -0.08838 global twist -108.01095 global supercoiling -0.03076
frame 5232 time 2616.0 unbinding_event at DNA_topoI 48 enzyme topoI with twist -194.20762 superhelical -0.09009 global twist -108.01095 global supercoiling -0.03076
frame 5245 time 2622.5 unbinding_event at gene tetA enzyme RNAP with twist -104.12136 superhelical -0.09823 global twist -104.12136 global supercoiling -0.02965
frame 5357 time 2678.5 binding_event at DNA_topoI 7 enzyme topoI with twist -104.12136 superhelical -0.02949 global twist -104.12136 global supercoiling -0.02949
frame 5363 time 2681.5 unbinding_event at DNA_topoI 7 enzyme topoI with twist -76.89422 superhelical -0.02388 global twist -80.78381 global supercoiling -0.02336
frame 5379 time 2689.5 binding_event at gene tetA enzyme RNAP with twist -76.89422 superhelical -0.02178 global twist -76.89422 global supercoiling -0.02178
frame 5419 time 2709.5 unbinding_event at gene tetA enzyme RNAP with twist -76.89422 superhelical -0.07535 global twist -76.89422 global supercoiling -0.02190
frame 5422 time 2711.0 binding_event at DNA_gyrase 14 enzyme gyrase with twist -76.89422 superhelical -0.02178 global twist -76.89422 global supercoiling -0.02178
frame 5423 time 2711.5 unbinding_event at DNA_gyrase 14 enzyme gyrase with twist -82.27981 superhelical -0.02323 global twist -79.58701 global supercoiling -0.02301
frame 5455 time 2727.5 binding_event at DNA_gyrase 8 enzyme gyrase with twist -82.27981 superhelical -0.02331 global twist -82.27981 global supercoiling -0.02331
frame 5456 time 2728.0 unbinding_event at DNA_gyrase 8 enzyme gyrase with twist -87.66540 superhelical -0.02498 global twist -84.97260 global supercoiling -0.02457
frame 5536 time 2768.0 binding_event at gene tetA enzyme RNAP with twist -87.66540 superhelical -0.02483 global twist -87.66540 global supercoiling -0.02483
frame 5558 time 2779.0 binding_event at DNA_topoI 47 enzyme topoI with twist -121.83530 superhelical -0.05771 global twist -87.66540 global supercoiling -0.02497
frame 5560 time 2780.0 unbinding_event at DNA_topoI 47 enzyme topoI with twist -120.93770 superhelical -0.05577 global twist -79.88621 global supercoiling -0.02323
frame 5576 time 2788.0 unbinding_event at gene tetA enzyme RNAP with twist -75.99662 superhelical -0.07274 global twist -75.99662 global supercoiling -0.02164
frame 5596 time 2798.0 binding_event at DNA_gyrase 34 enzyme gyrase with twist -75.99662 superhelical -0.02153 global twist -75.99662 global supercoiling -0.02153
frame 5608 time 2804.0 unbinding_event at DNA_gyrase 34 enzyme gyrase with twist -111.00294 superhelical -0.05462 global twist -108.31015 global supercoiling -0.03131
frame 5649 time 2824.5 binding_event at gene mKalama1 enzyme RNAP with twist -111.00294 superhelical -0.03144 global twist -111.00294 global supercoiling -0.03144
frame 5676 time 2838.0 unbinding_event at gene mKalama1 enzyme RNAP with twist -111.00294 superhelical 0.55287 global twist -111.00294 global supercoiling -0.03161
frame 5683 time 2841.5 binding_event at gene tetA enzyme RNAP with twist -111.00294 superhelical -0.03144 global twist -111.00294 global supercoiling -0.03144
frame 5687 time 2843.5 binding_event at DNA_topoI 13 enzyme topoI with twist -42.38840 superhelical -0.02460 global twist -111.00294 global supercoiling -0.03161
frame 5688 time 2844.0 unbinding_event at DNA_topoI 13 enzyme topoI with twist -27.42844 superhelical -0.01258 global twist -107.11335 global supercoiling -0.03114
frame 5723 time 2861.5 unbinding_event at gene tetA enzyme RNAP with twist -103.22376 superhelical -0.08215 global twist -103.22376 global supercoiling -0.02940
frame 5742 time 2871.0 binding_event at DNA_gyrase 14 enzyme gyrase with twist -103.22376 superhelical -0.02924 global twist -103.22376 global supercoiling -0.02924
frame 5746 time 2873.0 unbinding_event at DNA_gyrase 14 enzyme gyrase with twist -116.68773 superhelical -0.03235 global twist -113.99493 global supercoiling -0.03296
frame 5761 time 2880.5 binding_event at DNA_gyrase 12 enzyme gyrase with twist -116.68773 superhelical -0.03305 global twist -116.68773 global supercoiling -0.03305
frame 5787 time 2893.5 unbinding_event at DNA_gyrase 12 enzyme gyrase with twist -189.39316 superhelical -0.04801 global twist -186.70036 global supercoiling -0.05398
frame 5795 time 2897.5 binding_event at DNA_topoI 9 enzyme topoI with twist -189.39316 superhelical -0.05364 global twist -189.39316 global supercoiling -0.05364
frame 5796 time 2898.0 unbinding_event at DNA_topoI 9 enzyme topoI with twist -181.61398 superhelical -0.05309 global twist -185.50357 global supercoiling -0.05363
frame 5821 time 2910.5 binding_event at gene Raspberry enzyme RNAP with twist -181.61398 superhelical -0.05144 global twist -181.61398 global supercoiling -0.05144
frame 5848 time 2924.0 unbinding_event at gene Raspberry enzyme RNAP with twist -181.61398 superhelical -0.11064 global twist -181.61398 global supercoiling -0.05172
frame 5905 time 2952.5 binding_event at gene tetA enzyme RNAP with twist -181.61398 superhelical -0.05144 global twist -181.61398 global supercoiling -0.05144
frame 5927 time 2963.5 binding_event at gene tetA enzyme RNAP with twist -167.75291 superhelical -0.07946 global twist -181.61398 global supercoiling -0.05172
frame 5945 time 2972.5 unbinding_event at gene tetA enzyme RNAP with twist 24.22227 superhelical -0.08019 global twist -181.61398 global supercoiling -0.05200
frame 5955 time 2977.5 binding_event at DNA_topoI 45 enzyme topoI with twist -238.14977 superhelical -0.10733 global twist -181.61398 global supercoiling -0.05172
frame 5955 time 2977.5 unbinding_event at DNA_topoI 45 enzyme topoI with twist -237.85057 superhelical -0.10945 global twist -181.61398 global supercoiling -0.05172
frame 5958 time 2979.0 binding_event at gene mKalama1 enzyme RNAP with twist -245.03135 superhelical -0.10781 global twist -177.72438 global supercoiling -0.05061
frame 5967 time 2983.5 unbinding_event at gene tetA enzyme RNAP with twist -143.22896 superhelical -0.12541 global twist -177.72438 global supercoiling -0.05089
frame 5985 time 2992.5 binding_event at DNA_topoI 30 enzyme topoI with twist -204.26561 superhelical -0.06100 global twist -177.72438 global supercoiling -0.05061
frame 5985 time 2992.5 unbinding_event at gene mKalama1 enzyme RNAP with twist 24.30820 superhelical 0.20807 global twist -177.72438 global supercoiling -0.05061
frame 5993 time 2996.5 unbinding_event at DNA_topoI 30 enzyme topoI with twist -142.71807 superhelical 0.16015 global twist -146.60766 global supercoiling -0.04239
frame 6015 time 3007.5 binding_event at gene tetA enzyme RNAP with twist -142.71807 superhelical -0.04042 global twist -142.71807 global supercoiling -0.04042
frame 6051 time 3025.5 binding_event at DNA_topoI 28 enzyme topoI with twist -199.00792 superhelical -0.08424 global twist -142.71807 global supercoiling -0.04064
frame 6052 time 3026.0 unbinding_event at DNA_topoI 28 enzyme topoI with twist -198.40952 superhelical -0.04995 global twist -138.82848 global supercoiling -0.04036
frame 6055 time 3027.5 unbinding_event at gene tetA enzyme RNAP with twist -134.93888 superhelical -0.08530 global twist -134.93888 global supercoiling -0.03843
frame 6090 time 3045.0 binding_event at DNA_topoI 9 enzyme topoI with twist -134.93888 superhelical -0.03822 global twist -134.93888 global supercoiling -0.03822
frame 6098 time 3049.0 unbinding_event at DNA_topoI 9 enzyme topoI with twist -99.93257 superhelical -0.03151 global twist -103.82216 global supercoiling -0.03002
frame 6121 time 3060.5 binding_event at DNA_topoI 49 enzyme topoI with twist -99.93257 superhelical -0.02831 global twist -99.93257 global supercoiling -0.02831
frame 6122 time 3061.0 unbinding_event at DNA_topoI 49 enzyme topoI with twist -92.15338 superhelical -0.02648 global twist -96.04298 global supercoiling -0.02777
frame 6148 time 3074.0 binding_event at gene Raspberry enzyme RNAP with twist -92.15338 superhelical -0.02610 global twist -92.15338 global supercoiling -0.02610
frame 6162 time 3081.0 binding_event at DNA_gyrase 14 enzyme gyrase with twist -21.88050 superhelical -0.00876 global twist -92.15338 global supercoiling -0.02624
frame 6171 time 3085.5 binding_event at DNA_topoI 42 enzyme topoI with twist -102.58640 superhelical -0.08729 global twist -116.38853 global supercoiling -0.03384
frame 6172 time 3086.0 unbinding_event at DNA_topoI 42 enzyme topoI with twist -101.98801 superhelical -0.08827 global twist -115.19173 global supercoiling -0.03420
frame 6175 time 3087.5 unbinding_event at gene Raspberry enzyme RNAP with twist -96.29367 superhelical -0.08914 global twist -119.38052 global supercoiling -0.03471
frame 6183 time 3091.5 unbinding_event at DNA_gyrase 14 enzyme gyrase with twist -143.61566 superhelical -0.03980 global twist -140.92287 global supercoiling -0.04074
frame 6189 time 3094.5 binding_event at DNA_gyrase 30 enzyme gyrase with twist -143.61566 superhelical -0.04068 global twist -143.61566 global supercoiling -0.04068
frame 6189 time 3094.5 unbinding_event at DNA_gyrase 30 enzyme gyrase with twist -146.30846 superhelical -0.04693 global twist -143.61566 global supercoiling -0.04068
frame 6201 time 3100.5 binding_event at DNA_topoI 5 enzyme topoI with twist -146.30846 superhelical -0.04144 global twist -146.30846 global supercoiling -0.04144
frame 6207 time 3103.5 unbinding_event at DNA_topoI 5 enzyme topoI with twist -119.08132 superhelical -0.03564 global twist -122.97091 global supercoiling -0.03555
frame 6240 time 3120.0 binding_event at DNA_gyrase 44 enzyme gyrase with twist -119.08132 superhelical -0.03373 global twist -119.08132 global supercoiling -0.03373
frame 6243 time 3121.5 unbinding_event at DNA_gyrase 44 enzyme gyrase with twist -129.85250 superhelical -0.03872 global twist -127.15970 global supercoiling -0.03676
frame 6345 time 3172.5 binding_event at DNA_topoI 38 enzyme topoI with twist -129.85250 superhelical -0.03678 global twist -129.85250 global supercoiling -0.03678
frame 6345 time 3172.5 unbinding_event at DNA_topoI 38 enzyme topoI with twist -125.96291 superhelical -0.03518 global twist -129.85250 global supercoiling -0.03678
frame 6428 time 3214.0 binding_event at DNA_topoI 47 enzyme topoI with twist -125.96291 superhelical -0.03568 global twist -125.96291 global supercoiling -0.03568
frame 6443 time 3221.5 unbinding_event at DNA_topoI 47 enzyme topoI with twist -63.72945 superhelical -0.01525 global twist -67.61904 global supercoiling -0.01955
frame 6462 time 3231.0 binding_event at DNA_gyrase 3 enzyme gyrase with twist -63.72945 superhelical -0.01805 global twist -63.72945 global supercoiling -0.01805
frame 6475 time 3237.5 unbinding_event at DNA_gyrase 3 enzyme gyrase with twist -101.42856 superhelical -0.02834 global twist -98.73577 global supercoiling -0.02855
frame 6482 time 3241.0 binding_event at DNA_gyrase 14 enzyme gyrase with twist -101.42856 superhelical -0.02873 global twist -101.42856 global supercoiling -0.02873
frame 6485 time 3242.5 unbinding_event at DNA_gyrase 14 enzyme gyrase with twist -112.19974 superhelical -0.03133 global twist -109.50694 global supercoiling -0.03166
frame 6487 time 3243.5 binding_event at DNA_topoI 49 enzyme topoI with twist -112.19974 superhelical -0.03178 global twist -112.19974 global supercoiling -0.03178
frame 6489 time 3244.5 unbinding_event at DNA_topoI 49 enzyme topoI with twist -100.53096 superhelical -0.02882 global twist -104.42056 global supercoiling -0.03019
frame 6494 time 3247.0 binding_event at DNA_gyrase 36 enzyme gyrase with twist -100.53096 superhelical -0.02847 global twist -100.53096 global supercoiling -0.02847
frame 6495 time 3247.5 unbinding_event at DNA_gyrase 36 enzyme gyrase with twist -105.91655 superhelical -0.03303 global twist -103.22376 global supercoiling -0.02984
frame 6521 time 3260.5 binding_event at gene Raspberry enzyme RNAP with twist -105.91655 superhelical -0.03000 global twist -105.91655 global supercoiling -0.03000
frame 6548 time 3274.0 unbinding_event at gene Raspberry enzyme RNAP with twist -105.91655 superhelical -0.09765 global twist -105.91655 global supercoiling -0.03016
frame 6617 time 3308.5 binding_event at DNA_gyrase 16 enzyme gyrase with twist -105.91655 superhelical -0.03000 global twist -105.91655 global supercoiling -0.03000
frame 6619 time 3309.5 unbinding_event at DNA_gyrase 16 enzyme gyrase with twist -113.99493 superhelical -0.03205 global twist -111.30214 global supercoiling -0.03218
frame 6651 time 3325.5 binding_event at DNA_topoI 35 enzyme topoI with twist -113.99493 superhelical -0.03229 global twist -113.99493 global supercoiling -0.03229
frame 6658 time 3329.0 unbinding_event at DNA_topoI 35 enzyme topoI with twist -82.87821 superhelical -0.00737 global twist -86.76780 global supercoiling -0.02509
frame 6784 time 3392.0 binding_event at DNA_topoI 35 enzyme topoI with twist -82.87821 superhelical -0.02347 global twist -82.87821 global supercoiling -0.02347
frame 6786 time 3393.0 unbinding_event at DNA_topoI 35 enzyme topoI with twist -71.20943 superhelical -0.01437 global twist -75.09902 global supercoiling -0.02171
frame 6790 time 3395.0 binding_event at gene tetA enzyme RNAP with twist -71.20943 superhelical -0.02017 global twist -71.20943 global supercoiling -0.02017
frame 6830 time 3415.0 unbinding_event at gene tetA enzyme RNAP with twist -71.20943 superhelical -0.07422 global twist -71.20943 global supercoiling -0.02028
frame 6894 time 3447.0 binding_event at gene mKalama1 enzyme RNAP with twist -71.20943 superhelical -0.02017 global twist -71.20943 global supercoiling -0.02017
frame 6902 time 3451.0 binding_event at DNA_topoI 41 enzyme topoI with twist -86.80227 superhelical -0.02886 global twist -71.20943 global supercoiling -0.02028
frame 6902 time 3451.0 unbinding_event at DNA_topoI 41 enzyme topoI with twist -86.50307 superhelical -0.03166 global twist -71.20943 global supercoiling -0.02028
frame 6907 time 3453.5 binding_event at gene tetA enzyme RNAP with twist -100.86463 superhelical -0.03257 global twist -67.31984 global supercoiling -0.01917
frame 6921 time 3460.5 binding_event at DNA_topoI 21 enzyme topoI with twist -8.55915 superhelical -0.00554 global twist -67.31984 global supercoiling -0.01928
frame 6921 time 3460.5 unbinding_event at gene mKalama1 enzyme RNAP with twist -62.35109 superhelical 0.60354 global twist -67.31984 global supercoiling -0.01928
frame 6922 time 3461.0 unbinding_event at DNA_topoI 21 enzyme topoI with twist 6.40082 superhelical 0.00347 global twist -63.43025 global supercoiling -0.01844
frame 6947 time 3473.5 unbinding_event at gene tetA enzyme RNAP with twist -59.54066 superhelical -0.06349 global twist -59.54066 global supercoiling -0.01696
frame 6953 time 3476.5 binding_event at gene tetA enzyme RNAP with twist -59.54066 superhelical -0.01686 global twist -59.54066 global supercoiling -0.01686
frame 6977 time 3488.5 binding_event at DNA_topoI 2 enzyme topoI with twist -115.27005 superhelical -0.05369 global twist -59.54066 global supercoiling -0.01696
frame 6977 time 3488.5 unbinding_event at DNA_topoI 2 enzyme topoI with twist -114.97085 superhelical -0.05448 global twist -59.54066 global supercoiling -0.01696
frame 6993 time 3496.5 unbinding_event at gene tetA enzyme RNAP with twist -55.65107 superhelical -0.07031 global twist -55.65107 global supercoiling -0.01585
frame 7049 time 3524.5 binding_event at gene tetA enzyme RNAP with twist -55.65107 superhelical -0.01576 global twist -55.65107 global supercoiling -0.01576
frame 7077 time 3538.5 binding_event at DNA_topoI 49 enzyme topoI with twist -127.73057 superhelical -0.05757 global twist -55.65107 global supercoiling -0.01585
frame 7088 time 3544.0 unbinding_event at DNA_topoI 49 enzyme topoI with twist -124.14018 superhelical -0.04503 global twist -12.86557 global supercoiling -0.00374
frame 7089 time 3544.5 unbinding_event at gene tetA enzyme RNAP with twist -8.97598 superhelical -0.05209 global twist -8.97598 global supercoiling -0.00256
frame 7202 time 3601.0 binding_event at gene tetA enzyme RNAP with twist -8.97598 superhelical -0.00254 global twist -8.97598 global supercoiling -0.00254
frame 7242 time 3621.0 unbinding_event at gene tetA enzyme RNAP with twist -8.97598 superhelical -0.06182 global twist -8.97598 global supercoiling -0.00256
frame 7282 time 3641.0 binding_event at gene tetA enzyme RNAP with twist -8.97598 superhelical -0.00254 global twist -8.97598 global supercoiling -0.00254
frame 7283 time 3641.5 binding_event at gene Raspberry enzyme RNAP with twist -7.97742 superhelical -0.00460 global twist -8.97598 global supercoiling -0.00256
frame 7284 time 3642.0 binding_event at DNA_gyrase 32 enzyme gyrase with twist -7.13653 superhelical -0.00915 global twist -8.97598 global supercoiling -0.00257
frame 7300 time 3650.0 unbinding_event at DNA_gyrase 32 enzyme gyrase with twist -113.95068 superhelical -0.06838 global twist -52.06068 global supercoiling -0.01522
frame 7310 time 3655.0 unbinding_event at gene Raspberry enzyme RNAP with twist -154.28588 superhelical -0.11846 global twist -54.75347 global supercoiling -0.01568
frame 7322 time 3661.0 unbinding_event at gene tetA enzyme RNAP with twist -54.75347 superhelical -0.08049 global twist -54.75347 global supercoiling -0.01559
frame 7394 time 3697.0 binding_event at DNA_gyrase 20 enzyme gyrase with twist -54.75347 superhelical -0.01551 global twist -54.75347 global supercoiling -0.01551
frame 7397 time 3698.5 unbinding_event at DNA_gyrase 20 enzyme gyrase with twist -65.52465 superhelical -0.01756 global twist -62.83185 global supercoiling -0.01817
frame 7441 time 3720.5 binding_event at DNA_topoI 39 enzyme topoI with twist -65.52465 superhelical -0.01856 global twist -65.52465 global supercoiling -0.01856
frame 7443 time 3721.5 unbinding_event at DNA_topoI 39 enzyme topoI with twist -53.85587 superhelical -0.01243 global twist -57.74546 global supercoiling -0.01670
frame 7474 time 3737.0 binding_event at gene tetA enzyme RNAP with twist -53.85587 superhelical -0.01525 global twist -53.85587 global supercoiling -0.01525
frame 7514 time 3757.0 unbinding_event at gene tetA enzyme RNAP with twist -53.85587 superhelical -0.07076 global twist -53.85587 global supercoiling -0.01534
frame 7552 time 3776.0 binding_event at gene tetA enzyme RNAP with twist -53.85587 superhelical -0.01525 global twist -53.85587 global supercoiling -0.01525
frame 7576 time 3788.0 binding_event at gene tetA enzyme RNAP with twist -112.49159 superhelical -0.05239 global twist -53.85587 global supercoiling -0.01534
frame 7580 time 3790.0 binding_event at DNA_topoI 38 enzyme topoI with twist -105.08876 superhelical -0.05877 global twist -53.85587 global supercoiling -0.01542
frame 7582 time 3791.0 unbinding_event at DNA_topoI 38 enzyme topoI with twist -104.19116 superhelical -0.05415 global twist -46.07669 global supercoiling -0.01347
frame 7592 time 3796.0 unbinding_event at gene tetA enzyme RNAP with twist 97.90797 superhelical -0.05286 global twist -42.18710 global supercoiling -0.01208
frame 7612 time 3806.0 binding_event at DNA_gyrase 25 enzyme gyrase with twist 166.12542 superhelical 0.14459 global twist -42.18710 global supercoiling -0.01201
frame 7616 time 3808.0 unbinding_event at gene tetA enzyme RNAP with twist -52.11381 superhelical -0.09227 global twist -52.95828 global supercoiling -0.01540
frame 7622 time 3811.0 unbinding_event at DNA_gyrase 25 enzyme gyrase with twist -71.80783 superhelical -0.01730 global twist -69.11504 global supercoiling -0.01998
frame 7623 time 3811.5 binding_event at DNA_gyrase 24 enzyme gyrase with twist -71.80783 superhelical -0.02034 global twist -71.80783 global supercoiling -0.02034
frame 7627 time 3813.5 unbinding_event at DNA_gyrase 24 enzyme gyrase with twist -85.27180 superhelical -0.02274 global twist -82.57901 global supercoiling -0.02388
frame 7632 time 3816.0 binding_event at DNA_topoI 17 enzyme topoI with twist -85.27180 superhelical -0.02415 global twist -85.27180 global supercoiling -0.02415
frame 7636 time 3818.0 unbinding_event at DNA_topoI 17 enzyme topoI with twist -65.82385 superhelical -0.02131 global twist -69.71344 global supercoiling -0.02016
frame 7643 time 3821.5 binding_event at gene tetA enzyme RNAP with twist -65.82385 superhelical -0.01864 global twist -65.82385 global supercoiling -0.01864
frame 7678 time 3839.0 binding_event at DNA_topoI 34 enzyme topoI with twist -157.83528 superhelical -0.06732 global twist -65.82385 global supercoiling -0.01875
frame 7680 time 3840.0 unbinding_event at DNA_topoI 34 enzyme topoI with twist -156.93768 superhelical -0.05857 global twist -58.04466 global supercoiling -0.01688
frame 7683 time 3841.5 unbinding_event at gene tetA enzyme RNAP with twist -54.15507 superhelical -0.06839 global twist -54.15507 global supercoiling -0.01542
frame 7732 time 3866.0 binding_event at DNA_topoI 36 enzyme topoI with twist -54.15507 superhelical -0.01534 global twist -54.15507 global supercoiling -0.01534
frame 7739 time 3869.5 unbinding_event at DNA_topoI 36 enzyme topoI with twist -23.03835 superhelical 0.00723 global twist -26.92794 global supercoiling -0.00779
frame 7763 time 3881.5 binding_event at DNA_gyrase 14 enzyme gyrase with twist -23.03835 superhelical -0.00653 global twist -23.03835 global supercoiling -0.00653
frame 7769 time 3884.5 unbinding_event at DNA_gyrase 14 enzyme gyrase with twist -41.88790 superhelical -0.01016 global twist -39.19511 global supercoiling -0.01133
frame 7804 time 3902.0 binding_event at gene tetA enzyme RNAP with twist -41.88790 superhelical -0.01186 global twist -41.88790 global supercoiling -0.01186
frame 7844 time 3922.0 unbinding_event at gene tetA enzyme RNAP with twist -41.88790 superhelical -0.06838 global twist -41.88790 global supercoiling -0.01193
frame 7895 time 3947.5 binding_event at DNA_gyrase 31 enzyme gyrase with twist -41.88790 superhelical -0.01186 global twist -41.88790 global supercoiling -0.01186
frame 7896 time 3948.0 unbinding_event at DNA_gyrase 31 enzyme gyrase with twist -47.27349 superhelical -0.02051 global twist -44.58070 global supercoiling -0.01289
frame 7996 time 3998.0 binding_event at gene Raspberry enzyme RNAP with twist -47.27349 superhelical -0.01339 global twist -47.27349 global supercoiling -0.01339
