TORCphysics log file 

General information: 
---------------------------------------------------------------------------------------
Circuit name: Pleu500_67
Size: 6000
Structure: circle
Number of sites: 110
Number of frames: 8000
Simulation time: 4000.0
Simulation timestep: 0.5
Seed: 7533397955826607410
 
Overall simulation information 
---------------------------------------------------------------------------------------
Initial twist: -211.83310
Final twist: 65.38287
Initial superhelical density: -0.06000
Final superhelical density: 0.01852
 
Overall rates 
---------------------------------------------------------------------------------------
site type            site name            #binding events      #unbinding events    binding rates        
 DNA_topoI            DNA_topoI_global                     56.0                 56.0                 0.014 
DNA_gyrase           DNA_gyrase_global                    63.0                 63.0               0.01575 
EXT                  EXT                                   0.0                  0.0                   0.0 
gene                 tetA                                 59.0                 59.0               0.01475 
gene                 CDS                                   0.0                  0.0                   0.0 
origin               ori                                   0.0                  0.0                   0.0 
lacOP                lac1                                  0.0                  0.0                   0.0 
gene                 mKalama1                              9.0                  9.0               0.00225 
lacOP                lac2                                  0.0                  0.0                   0.0 
gene                 Raspberry                            15.0                 15.0               0.00375 
 
Events
---------------------------------------------------------------------------------------
frame 2 time 1.0 binding_event at DNA_topoI 6 enzyme topoI with twist -211.83310 superhelical -0.06000 global twist -211.83310 global supercoiling -0.06000
frame 8 time 4.0 unbinding_event at DNA_topoI 6 enzyme topoI with twist -184.60597 superhelical -0.05481 global twist -188.49556 global supercoiling -0.05450
frame 69 time 34.5 binding_event at DNA_topoI 5 enzyme topoI with twist -184.60597 superhelical -0.05229 global twist -184.60597 global supercoiling -0.05229
frame 82 time 41.0 unbinding_event at DNA_topoI 5 enzyme topoI with twist -130.15170 superhelical -0.04005 global twist -134.04129 global supercoiling -0.03875
frame 101 time 50.5 binding_event at gene Raspberry enzyme RNAP with twist -130.15170 superhelical -0.03686 global twist -130.15170 global supercoiling -0.03686
frame 106 time 53.0 binding_event at gene tetA enzyme RNAP with twist -83.94254 superhelical -0.03157 global twist -130.15170 global supercoiling -0.03707
frame 128 time 64.0 unbinding_event at gene Raspberry enzyme RNAP with twist -155.65282 superhelical -0.10181 global twist -130.15170 global supercoiling -0.03727
frame 136 time 68.0 binding_event at DNA_topoI 39 enzyme topoI with twist -180.78556 superhelical -0.08018 global twist -130.15170 global supercoiling -0.03707
frame 138 time 69.0 unbinding_event at DNA_topoI 39 enzyme topoI with twist -179.88797 superhelical -0.07630 global twist -122.37251 global supercoiling -0.03558
frame 146 time 73.0 unbinding_event at gene tetA enzyme RNAP with twist -118.48292 superhelical -0.08507 global twist -118.48292 global supercoiling -0.03374
frame 208 time 104.0 binding_event at DNA_topoI 1 enzyme topoI with twist -118.48292 superhelical -0.03356 global twist -118.48292 global supercoiling -0.03356
frame 211 time 105.5 unbinding_event at DNA_topoI 1 enzyme topoI with twist -102.92456 superhelical -0.02983 global twist -106.81415 global supercoiling -0.03088
frame 216 time 108.0 binding_event at gene tetA enzyme RNAP with twist -102.92456 superhelical -0.02915 global twist -102.92456 global supercoiling -0.02915
frame 256 time 128.0 unbinding_event at gene tetA enzyme RNAP with twist -102.92456 superhelical -0.08054 global twist -102.92456 global supercoiling -0.02931
frame 292 time 146.0 binding_event at DNA_topoI 3 enzyme topoI with twist -102.92456 superhelical -0.02915 global twist -102.92456 global supercoiling -0.02915
frame 293 time 146.5 unbinding_event at DNA_topoI 3 enzyme topoI with twist -95.14538 superhelical -0.02771 global twist -99.03497 global supercoiling -0.02863
frame 311 time 155.5 binding_event at DNA_topoI 5 enzyme topoI with twist -95.14538 superhelical -0.02695 global twist -95.14538 global supercoiling -0.02695
frame 311 time 155.5 unbinding_event at DNA_topoI 5 enzyme topoI with twist -91.25579 superhelical -0.02656 global twist -95.14538 global supercoiling -0.02695
frame 329 time 164.5 binding_event at gene tetA enzyme RNAP with twist -91.25579 superhelical -0.02585 global twist -91.25579 global supercoiling -0.02585
frame 369 time 184.5 unbinding_event at gene tetA enzyme RNAP with twist -91.25579 superhelical -0.07822 global twist -91.25579 global supercoiling -0.02599
frame 370 time 185.0 binding_event at DNA_topoI 13 enzyme topoI with twist -91.25579 superhelical -0.02585 global twist -91.25579 global supercoiling -0.02585
frame 380 time 190.0 unbinding_event at DNA_topoI 13 enzyme topoI with twist -48.47029 superhelical -0.01821 global twist -52.35988 global supercoiling -0.01514
frame 392 time 196.0 binding_event at gene tetA enzyme RNAP with twist -48.47029 superhelical -0.01373 global twist -48.47029 global supercoiling -0.01373
frame 397 time 198.5 binding_event at DNA_topoI 40 enzyme topoI with twist -41.64193 superhelical -0.02306 global twist -48.47029 global supercoiling -0.01380
frame 398 time 199.0 unbinding_event at DNA_topoI 40 enzyme topoI with twist -41.04354 superhelical -0.01999 global twist -44.58070 global supercoiling -0.01296
frame 402 time 201.0 binding_event at gene tetA enzyme RNAP with twist -51.81471 superhelical -0.02733 global twist -40.69110 global supercoiling -0.01159
frame 420 time 210.0 binding_event at gene tetA enzyme RNAP with twist -112.01372 superhelical -0.05493 global twist -40.69110 global supercoiling -0.01165
frame 432 time 216.0 unbinding_event at gene tetA enzyme RNAP with twist 117.99770 superhelical -0.02761 global twist -40.69110 global supercoiling -0.01172
frame 442 time 221.0 unbinding_event at gene tetA enzyme RNAP with twist 137.04647 superhelical -0.05545 global twist -40.69110 global supercoiling -0.01165
frame 460 time 230.0 binding_event at gene mKalama1 enzyme RNAP with twist -238.77424 superhelical -0.09809 global twist -40.69110 global supercoiling -0.01159
frame 460 time 230.0 unbinding_event at gene tetA enzyme RNAP with twist 19.73082 superhelical -0.10088 global twist -40.69110 global supercoiling -0.01159
frame 465 time 232.5 binding_event at DNA_topoI 32 enzyme topoI with twist -46.06036 superhelical -0.08259 global twist -40.69110 global supercoiling -0.01159
frame 468 time 234.0 unbinding_event at DNA_topoI 32 enzyme topoI with twist -16.14043 superhelical -0.07498 global twist -29.02233 global supercoiling -0.00844
frame 487 time 243.5 unbinding_event at gene mKalama1 enzyme RNAP with twist -25.13274 superhelical 0.35962 global twist -25.13274 global supercoiling -0.00716
frame 554 time 277.0 binding_event at DNA_gyrase 16 enzyme gyrase with twist -25.13274 superhelical -0.00712 global twist -25.13274 global supercoiling -0.00712
frame 567 time 283.5 unbinding_event at DNA_gyrase 16 enzyme gyrase with twist -62.83185 superhelical -0.01392 global twist -60.13906 global supercoiling -0.01739
frame 661 time 330.5 binding_event at DNA_gyrase 18 enzyme gyrase with twist -62.83185 superhelical -0.01780 global twist -62.83185 global supercoiling -0.01780
frame 664 time 332.0 unbinding_event at DNA_gyrase 18 enzyme gyrase with twist -73.60303 superhelical -0.01997 global twist -70.91023 global supercoiling -0.02050
frame 670 time 335.0 binding_event at gene tetA enzyme RNAP with twist -73.60303 superhelical -0.02085 global twist -73.60303 global supercoiling -0.02085
frame 688 time 344.0 binding_event at DNA_topoI 37 enzyme topoI with twist -100.60072 superhelical -0.04933 global twist -73.60303 global supercoiling -0.02096
frame 693 time 346.5 binding_event at DNA_gyrase 10 enzyme gyrase with twist 44.94965 superhelical 0.03252 global twist -54.15507 global supercoiling -0.01574
frame 699 time 349.5 unbinding_event at DNA_gyrase 10 enzyme gyrase with twist 51.23283 superhelical 0.18917 global twist -46.97429 global supercoiling -0.01395
frame 699 time 349.5 unbinding_event at DNA_topoI 37 enzyme topoI with twist -97.01033 superhelical -0.02008 global twist -46.97429 global supercoiling -0.01395
frame 710 time 355.0 unbinding_event at gene tetA enzyme RNAP with twist -45.77749 superhelical -0.05567 global twist -45.77749 global supercoiling -0.01304
frame 784 time 392.0 binding_event at DNA_topoI 16 enzyme topoI with twist -45.77749 superhelical -0.01297 global twist -45.77749 global supercoiling -0.01297
frame 784 time 392.0 unbinding_event at DNA_topoI 16 enzyme topoI with twist -41.88790 superhelical -0.01255 global twist -45.77749 global supercoiling -0.01297
frame 827 time 413.5 binding_event at DNA_gyrase 33 enzyme gyrase with twist -41.88790 superhelical -0.01186 global twist -41.88790 global supercoiling -0.01186
frame 827 time 413.5 unbinding_event at DNA_gyrase 33 enzyme gyrase with twist -44.58070 superhelical -0.01501 global twist -41.88790 global supercoiling -0.01186
frame 838 time 419.0 binding_event at DNA_gyrase 49 enzyme gyrase with twist -44.58070 superhelical -0.01263 global twist -44.58070 global supercoiling -0.01263
frame 839 time 419.5 unbinding_event at DNA_gyrase 49 enzyme gyrase with twist -49.96628 superhelical -0.01456 global twist -47.27349 global supercoiling -0.01367
frame 875 time 437.5 binding_event at DNA_gyrase 1 enzyme gyrase with twist -49.96628 superhelical -0.01415 global twist -49.96628 global supercoiling -0.01415
frame 880 time 440.0 unbinding_event at DNA_gyrase 1 enzyme gyrase with twist -66.12305 superhelical -0.01904 global twist -63.43025 global supercoiling -0.01834
frame 912 time 456.0 binding_event at gene tetA enzyme RNAP with twist -66.12305 superhelical -0.01873 global twist -66.12305 global supercoiling -0.01873
frame 929 time 464.5 binding_event at gene tetA enzyme RNAP with twist -93.35446 superhelical -0.04618 global twist -66.12305 global supercoiling -0.01883
frame 952 time 476.0 unbinding_event at gene tetA enzyme RNAP with twist 100.06447 superhelical -0.04662 global twist -66.12305 global supercoiling -0.01893
frame 969 time 484.5 unbinding_event at gene tetA enzyme RNAP with twist -66.12305 superhelical -0.09266 global twist -66.12305 global supercoiling -0.01883
frame 988 time 494.0 binding_event at DNA_gyrase 45 enzyme gyrase with twist -66.12305 superhelical -0.01873 global twist -66.12305 global supercoiling -0.01873
frame 1002 time 501.0 unbinding_event at DNA_gyrase 45 enzyme gyrase with twist -106.51495 superhelical -0.03435 global twist -103.82216 global supercoiling -0.03002
frame 1029 time 514.5 binding_event at gene tetA enzyme RNAP with twist -106.51495 superhelical -0.03017 global twist -106.51495 global supercoiling -0.03017
frame 1053 time 526.5 binding_event at DNA_topoI 26 enzyme topoI with twist -138.22885 superhelical -0.06438 global twist -106.51495 global supercoiling -0.03033
frame 1062 time 531.0 unbinding_event at DNA_topoI 26 enzyme topoI with twist -135.23686 superhelical 0.44358 global twist -71.50863 global supercoiling -0.02079
frame 1069 time 534.5 unbinding_event at gene tetA enzyme RNAP with twist -67.61904 superhelical -0.06540 global twist -67.61904 global supercoiling -0.01926
frame 1192 time 596.0 binding_event at gene tetA enzyme RNAP with twist -67.61904 superhelical -0.01915 global twist -67.61904 global supercoiling -0.01915
frame 1193 time 596.5 binding_event at DNA_gyrase 24 enzyme gyrase with twist -30.97967 superhelical -0.01743 global twist -67.61904 global supercoiling -0.01926
frame 1195 time 597.5 binding_event at gene mKalama1 enzyme RNAP with twist -43.82015 superhelical -0.02476 global twist -73.00463 global supercoiling -0.02122
frame 1195 time 597.5 unbinding_event at DNA_gyrase 24 enzyme gyrase with twist -28.28688 superhelical -0.01457 global twist -73.00463 global supercoiling -0.02122
frame 1208 time 604.0 binding_event at DNA_gyrase 7 enzyme gyrase with twist 14.79782 superhelical 0.00981 global twist -75.69742 global supercoiling -0.02168
frame 1209 time 604.5 binding_event at DNA_topoI 4 enzyme topoI with twist -128.14695 superhelical -0.07979 global twist -78.39022 global supercoiling -0.02292
frame 1212 time 606.0 unbinding_event at DNA_topoI 4 enzyme topoI with twist -141.31172 superhelical -0.08158 global twist -74.79983 global supercoiling -0.02234
frame 1215 time 607.5 unbinding_event at DNA_gyrase 7 enzyme gyrase with twist 21.97861 superhelical 0.91233 global twist -78.98862 global supercoiling -0.02309
frame 1222 time 611.0 unbinding_event at gene mKalama1 enzyme RNAP with twist -128.79276 superhelical 0.58232 global twist -81.68141 global supercoiling -0.02339
frame 1231 time 615.5 binding_event at gene tetA enzyme RNAP with twist -157.51589 superhelical -0.06519 global twist -81.68141 global supercoiling -0.02326
frame 1232 time 616.0 unbinding_event at gene tetA enzyme RNAP with twist 38.26911 superhelical -0.06571 global twist -81.68141 global supercoiling -0.02339
frame 1235 time 617.5 binding_event at DNA_topoI 31 enzyme topoI with twist -127.13130 superhelical -0.07110 global twist -81.68141 global supercoiling -0.02326
frame 1237 time 618.5 unbinding_event at DNA_topoI 31 enzyme topoI with twist -126.23371 superhelical -0.05589 global twist -73.90223 global supercoiling -0.02149
frame 1271 time 635.5 unbinding_event at gene tetA enzyme RNAP with twist -70.01264 superhelical -0.10126 global twist -70.01264 global supercoiling -0.01994
frame 1417 time 708.5 binding_event at DNA_gyrase 34 enzyme gyrase with twist -70.01264 superhelical -0.01983 global twist -70.01264 global supercoiling -0.01983
frame 1423 time 711.5 unbinding_event at DNA_gyrase 34 enzyme gyrase with twist -88.86219 superhelical -0.03782 global twist -86.16940 global supercoiling -0.02491
frame 1426 time 713.0 binding_event at DNA_topoI 16 enzyme topoI with twist -88.86219 superhelical -0.02517 global twist -88.86219 global supercoiling -0.02517
frame 1426 time 713.0 unbinding_event at DNA_topoI 16 enzyme topoI with twist -84.97260 superhelical -0.02501 global twist -88.86219 global supercoiling -0.02517
frame 1649 time 824.5 binding_event at DNA_topoI 31 enzyme topoI with twist -84.97260 superhelical -0.02407 global twist -84.97260 global supercoiling -0.02407
frame 1653 time 826.5 unbinding_event at DNA_topoI 31 enzyme topoI with twist -65.52465 superhelical 0.00575 global twist -69.41424 global supercoiling -0.02007
frame 1700 time 850.0 binding_event at DNA_gyrase 26 enzyme gyrase with twist -65.52465 superhelical -0.01856 global twist -65.52465 global supercoiling -0.01856
frame 1719 time 859.5 unbinding_event at DNA_gyrase 26 enzyme gyrase with twist -119.38052 superhelical -0.72166 global twist -116.68773 global supercoiling -0.03374
frame 1721 time 860.5 binding_event at gene tetA enzyme RNAP with twist -119.38052 superhelical -0.03381 global twist -119.38052 global supercoiling -0.03381
frame 1748 time 874.0 binding_event at gene tetA enzyme RNAP with twist -155.28811 superhelical -0.07056 global twist -119.38052 global supercoiling -0.03400
frame 1761 time 880.5 unbinding_event at gene tetA enzyme RNAP with twist 53.03699 superhelical -0.07118 global twist -119.38052 global supercoiling -0.03418
frame 1762 time 881.0 binding_event at gene tetA enzyme RNAP with twist 53.03699 superhelical 0.02696 global twist -119.38052 global supercoiling -0.03400
frame 1763 time 881.5 binding_event at DNA_gyrase 13 enzyme gyrase with twist 56.62738 superhelical 0.03711 global twist 106.07398 global supercoiling 0.03037
frame 1774 time 887.0 unbinding_event at DNA_gyrase 13 enzyme gyrase with twist 67.39856 superhelical 0.12756 global twist 76.45325 global supercoiling 0.02235
frame 1788 time 894.0 unbinding_event at gene tetA enzyme RNAP with twist 123.98417 superhelical 0.02722 global twist 73.76045 global supercoiling 0.02112
frame 1795 time 897.5 binding_event at DNA_topoI 29 enzyme topoI with twist -71.76607 superhelical -0.03109 global twist 73.76045 global supercoiling 0.02101
frame 1802 time 901.0 unbinding_event at gene tetA enzyme RNAP with twist 95.00174 superhelical -0.03597 global twist 100.98759 global supercoiling 0.02936
frame 1804 time 902.0 binding_event at gene tetA enzyme RNAP with twist 96.94653 superhelical 0.02954 global twist 108.76677 global supercoiling 0.03145
frame 1816 time 908.0 unbinding_event at DNA_topoI 29 enzyme topoI with twist 59.31088 superhelical 0.20947 global twist 155.44186 global supercoiling 0.04519
frame 1844 time 922.0 unbinding_event at gene tetA enzyme RNAP with twist 159.33145 superhelical -0.01681 global twist 159.33145 global supercoiling 0.04538
frame 1851 time 925.5 binding_event at DNA_gyrase 30 enzyme gyrase with twist 159.33145 superhelical 0.04513 global twist 159.33145 global supercoiling 0.04513
frame 1862 time 931.0 binding_event at DNA_gyrase 49 enzyme gyrase with twist 133.05364 superhelical 0.04145 global twist 129.71072 global supercoiling 0.03750
frame 1862 time 931.0 unbinding_event at DNA_gyrase 49 enzyme gyrase with twist 129.01444 superhelical 0.04032 global twist 129.71072 global supercoiling 0.03750
frame 1863 time 931.5 unbinding_event at DNA_gyrase 30 enzyme gyrase with twist 121.63234 superhelical -0.02425 global twist 124.32514 global supercoiling 0.03595
frame 1982 time 991.0 binding_event at DNA_gyrase 28 enzyme gyrase with twist 121.63234 superhelical 0.03445 global twist 121.63234 global supercoiling 0.03445
frame 1995 time 997.5 binding_event at DNA_gyrase 19 enzyme gyrase with twist 100.42550 superhelical 0.02995 global twist 86.62602 global supercoiling 0.02505
frame 2001 time 1000.5 unbinding_event at DNA_gyrase 28 enzyme gyrase with twist 45.82597 superhelical -0.22052 global twist 54.31250 global supercoiling 0.01604
frame 2002 time 1001.0 unbinding_event at DNA_gyrase 19 enzyme gyrase with twist 46.23412 superhelical 0.01459 global twist 48.92691 global supercoiling 0.01415
frame 2068 time 1034.0 binding_event at DNA_gyrase 7 enzyme gyrase with twist 46.23412 superhelical 0.01310 global twist 46.23412 global supercoiling 0.01310
frame 2069 time 1034.5 binding_event at gene tetA enzyme RNAP with twist 27.89788 superhelical 0.01275 global twist 43.54133 global supercoiling 0.01259
frame 2077 time 1038.5 unbinding_event at DNA_gyrase 7 enzyme gyrase with twist 29.54158 superhelical 0.08946 global twist 21.99898 global supercoiling 0.00640
frame 2106 time 1053.0 binding_event at DNA_topoI 30 enzyme topoI with twist -110.76636 superhelical -0.04653 global twist 19.30618 global supercoiling 0.00550
frame 2106 time 1053.0 unbinding_event at DNA_topoI 30 enzyme topoI with twist -110.46716 superhelical -0.04017 global twist 19.30618 global supercoiling 0.00550
frame 2109 time 1054.5 unbinding_event at gene tetA enzyme RNAP with twist 23.19577 superhelical -0.04944 global twist 23.19577 global supercoiling 0.00661
frame 2141 time 1070.5 binding_event at DNA_gyrase 15 enzyme gyrase with twist 23.19577 superhelical 0.00657 global twist 23.19577 global supercoiling 0.00657
frame 2148 time 1074.0 binding_event at DNA_gyrase 31 enzyme gyrase with twist 9.09974 superhelical 0.00329 global twist 4.34622 global supercoiling 0.00126
frame 2148 time 1074.0 unbinding_event at DNA_gyrase 31 enzyme gyrase with twist 5.06054 superhelical -0.00082 global twist 4.34622 global supercoiling 0.00126
frame 2150 time 1075.0 unbinding_event at DNA_gyrase 15 enzyme gyrase with twist -6.42496 superhelical 0.00086 global twist -3.73216 global supercoiling -0.00108
frame 2160 time 1080.0 binding_event at gene Raspberry enzyme RNAP with twist -6.42496 superhelical -0.00182 global twist -6.42496 global supercoiling -0.00182
frame 2187 time 1093.5 unbinding_event at gene Raspberry enzyme RNAP with twist -6.42496 superhelical -0.08057 global twist -6.42496 global supercoiling -0.00183
frame 2208 time 1104.0 binding_event at gene tetA enzyme RNAP with twist -6.42496 superhelical -0.00182 global twist -6.42496 global supercoiling -0.00182
frame 2211 time 1105.5 binding_event at DNA_gyrase 48 enzyme gyrase with twist -13.91139 superhelical -0.00786 global twist -6.42496 global supercoiling -0.00183
frame 2211 time 1105.5 unbinding_event at DNA_gyrase 48 enzyme gyrase with twist -20.19457 superhelical -0.00907 global twist -6.42496 global supercoiling -0.00183
frame 2248 time 1124.0 unbinding_event at gene tetA enzyme RNAP with twist -9.11775 superhelical -0.06241 global twist -9.11775 global supercoiling -0.00260
frame 2265 time 1132.5 binding_event at gene tetA enzyme RNAP with twist -9.11775 superhelical -0.00258 global twist -9.11775 global supercoiling -0.00258
frame 2286 time 1143.0 binding_event at gene tetA enzyme RNAP with twist -79.85455 superhelical -0.03815 global twist -9.11775 global supercoiling -0.00260
frame 2305 time 1152.5 unbinding_event at gene tetA enzyme RNAP with twist 128.76707 superhelical -0.03850 global twist -9.11775 global supercoiling -0.00261
frame 2321 time 1160.5 binding_event at gene tetA enzyme RNAP with twist -191.74070 superhelical -0.08178 global twist -9.11775 global supercoiling -0.00260
frame 2326 time 1163.0 unbinding_event at gene tetA enzyme RNAP with twist 153.93574 superhelical -0.08246 global twist -9.11775 global supercoiling -0.00261
frame 2335 time 1167.5 binding_event at DNA_gyrase 23 enzyme gyrase with twist 182.65888 superhelical 0.11831 global twist -9.11775 global supercoiling -0.00260
frame 2344 time 1172.0 unbinding_event at DNA_gyrase 23 enzyme gyrase with twist 191.63486 superhelical 0.16229 global twist -33.35289 global supercoiling -0.00970
frame 2361 time 1180.5 unbinding_event at gene tetA enzyme RNAP with twist -36.04569 superhelical -0.11774 global twist -36.04569 global supercoiling -0.01027
frame 2382 time 1191.0 binding_event at DNA_topoI 1 enzyme topoI with twist -36.04569 superhelical -0.01021 global twist -36.04569 global supercoiling -0.01021
frame 2383 time 1191.5 unbinding_event at DNA_topoI 1 enzyme topoI with twist -28.26651 superhelical -0.00821 global twist -32.15610 global supercoiling -0.00930
frame 2481 time 1240.5 binding_event at DNA_gyrase 0 enzyme gyrase with twist -28.26651 superhelical -0.00801 global twist -28.26651 global supercoiling -0.00801
frame 2483 time 1241.5 unbinding_event at DNA_gyrase 0 enzyme gyrase with twist -36.34489 superhelical -0.01057 global twist -33.65209 global supercoiling -0.00973
frame 2522 time 1261.0 binding_event at DNA_gyrase 15 enzyme gyrase with twist -36.34489 superhelical -0.01029 global twist -36.34489 global supercoiling -0.01029
frame 2530 time 1265.0 unbinding_event at DNA_gyrase 15 enzyme gyrase with twist -60.58003 superhelical -0.01490 global twist -57.88724 global supercoiling -0.01674
frame 2536 time 1268.0 binding_event at gene mKalama1 enzyme RNAP with twist -60.58003 superhelical -0.01716 global twist -60.58003 global supercoiling -0.01716
frame 2563 time 1281.5 unbinding_event at gene mKalama1 enzyme RNAP with twist -60.58003 superhelical 0.61708 global twist -60.58003 global supercoiling -0.01725
frame 2662 time 1331.0 binding_event at DNA_gyrase 28 enzyme gyrase with twist -60.58003 superhelical -0.01716 global twist -60.58003 global supercoiling -0.01716
frame 2664 time 1332.0 unbinding_event at DNA_gyrase 28 enzyme gyrase with twist -68.65841 superhelical -0.05587 global twist -65.96562 global supercoiling -0.01907
frame 2823 time 1411.5 binding_event at DNA_topoI 27 enzyme topoI with twist -68.65841 superhelical -0.01945 global twist -68.65841 global supercoiling -0.01945
frame 2824 time 1412.0 binding_event at gene tetA enzyme RNAP with twist -66.04841 superhelical -0.01928 global twist -64.76882 global supercoiling -0.01873
frame 2831 time 1415.5 binding_event at gene tetA enzyme RNAP with twist -42.75641 superhelical -0.02462 global twist -37.54169 global supercoiling -0.01091
frame 2831 time 1415.5 unbinding_event at DNA_topoI 27 enzyme topoI with twist -24.91225 superhelical 0.50247 global twist -37.54169 global supercoiling -0.01091
frame 2864 time 1432.0 unbinding_event at gene tetA enzyme RNAP with twist 109.74308 superhelical -0.02490 global twist -33.65209 global supercoiling -0.00964
frame 2868 time 1434.0 binding_event at DNA_topoI 34 enzyme topoI with twist -154.16635 superhelical -0.06476 global twist -33.65209 global supercoiling -0.00958
frame 2871 time 1435.5 binding_event at gene tetA enzyme RNAP with twist -123.29882 superhelical -0.06751 global twist -21.98332 global supercoiling -0.00639
frame 2871 time 1435.5 unbinding_event at gene tetA enzyme RNAP with twist 87.18939 superhelical -0.06823 global twist -21.98332 global supercoiling -0.00639
frame 2872 time 1436.0 unbinding_event at DNA_topoI 34 enzyme topoI with twist -104.98392 superhelical -0.04864 global twist -18.09373 global supercoiling -0.00526
frame 2911 time 1455.5 unbinding_event at gene tetA enzyme RNAP with twist -14.20414 superhelical -0.09991 global twist -14.20414 global supercoiling -0.00405
frame 2955 time 1477.5 binding_event at DNA_gyrase 5 enzyme gyrase with twist -14.20414 superhelical -0.00402 global twist -14.20414 global supercoiling -0.00402
frame 2956 time 1478.0 binding_event at DNA_gyrase 20 enzyme gyrase with twist -7.15584 superhelical -0.00506 global twist -16.89693 global supercoiling -0.00489
frame 2957 time 1478.5 unbinding_event at DNA_gyrase 5 enzyme gyrase with twist -23.17679 superhelical -0.00608 global twist -22.28252 global supercoiling -0.00658
frame 2960 time 1480.0 unbinding_event at DNA_gyrase 20 enzyme gyrase with twist -35.74649 superhelical -0.00872 global twist -33.05370 global supercoiling -0.00956
frame 2990 time 1495.0 binding_event at DNA_gyrase 46 enzyme gyrase with twist -35.74649 superhelical -0.01012 global twist -35.74649 global supercoiling -0.01012
frame 2991 time 1495.5 binding_event at DNA_gyrase 0 enzyme gyrase with twist -22.64586 superhelical -0.01099 global twist -38.43928 global supercoiling -0.01111
frame 2992 time 1496.0 unbinding_event at DNA_gyrase 46 enzyme gyrase with twist -26.32442 superhelical -0.01322 global twist -43.82487 global supercoiling -0.01294
frame 2993 time 1496.5 unbinding_event at DNA_gyrase 0 enzyme gyrase with twist -51.90325 superhelical -0.01642 global twist -49.21046 global supercoiling -0.01423
frame 3005 time 1502.5 binding_event at DNA_gyrase 15 enzyme gyrase with twist -51.90325 superhelical -0.01470 global twist -51.90325 global supercoiling -0.01470
frame 3016 time 1508.0 unbinding_event at DNA_gyrase 15 enzyme gyrase with twist -84.21678 superhelical -0.02086 global twist -81.52398 global supercoiling -0.02357
frame 3034 time 1517.0 binding_event at gene Raspberry enzyme RNAP with twist -84.21678 superhelical -0.02385 global twist -84.21678 global supercoiling -0.02385
frame 3053 time 1526.5 binding_event at DNA_gyrase 16 enzyme gyrase with twist 2.28495 superhelical 0.00095 global twist -84.21678 global supercoiling -0.02398
frame 3055 time 1527.5 unbinding_event at DNA_gyrase 16 enzyme gyrase with twist 4.97774 superhelical 0.00507 global twist -89.60236 global supercoiling -0.02605
frame 3061 time 1530.5 unbinding_event at gene Raspberry enzyme RNAP with twist -92.29516 superhelical -0.09392 global twist -92.29516 global supercoiling -0.02628
frame 3073 time 1536.5 binding_event at DNA_gyrase 31 enzyme gyrase with twist -92.29516 superhelical -0.02614 global twist -92.29516 global supercoiling -0.02614
frame 3080 time 1540.0 unbinding_event at DNA_gyrase 31 enzyme gyrase with twist -113.83751 superhelical -0.06027 global twist -111.14471 global supercoiling -0.03213
frame 3087 time 1543.5 binding_event at DNA_topoI 40 enzyme topoI with twist -113.83751 superhelical -0.03224 global twist -113.83751 global supercoiling -0.03224
frame 3087 time 1543.5 unbinding_event at DNA_topoI 40 enzyme topoI with twist -109.94792 superhelical -0.03090 global twist -113.83751 global supercoiling -0.03224
frame 3167 time 1583.5 binding_event at DNA_gyrase 13 enzyme gyrase with twist -109.94792 superhelical -0.03114 global twist -109.94792 global supercoiling -0.03114
frame 3172 time 1586.0 binding_event at DNA_topoI 17 enzyme topoI with twist -33.43906 superhelical -0.03980 global twist -123.41188 global supercoiling -0.03568
frame 3172 time 1586.0 unbinding_event at DNA_gyrase 13 enzyme gyrase with twist -100.09626 superhelical -0.03487 global twist -123.41188 global supercoiling -0.03568
frame 3172 time 1586.0 unbinding_event at DNA_topoI 17 enzyme topoI with twist -122.21509 superhelical -0.03487 global twist -123.41188 global supercoiling -0.03568
frame 3176 time 1588.0 binding_event at DNA_topoI 2 enzyme topoI with twist -122.21509 superhelical -0.03462 global twist -122.21509 global supercoiling -0.03462
frame 3178 time 1589.0 unbinding_event at DNA_topoI 2 enzyme topoI with twist -110.54631 superhelical -0.03214 global twist -114.43591 global supercoiling -0.03309
frame 3191 time 1595.5 binding_event at DNA_gyrase 14 enzyme gyrase with twist -110.54631 superhelical -0.03131 global twist -110.54631 global supercoiling -0.03131
frame 3193 time 1596.5 unbinding_event at DNA_gyrase 14 enzyme gyrase with twist -118.62470 superhelical -0.03346 global twist -115.93190 global supercoiling -0.03352
frame 3195 time 1597.5 binding_event at DNA_gyrase 41 enzyme gyrase with twist -118.62470 superhelical -0.03360 global twist -118.62470 global supercoiling -0.03360
frame 3204 time 1602.0 binding_event at DNA_topoI 19 enzyme topoI with twist -95.11381 superhelical -0.03930 global twist -142.85984 global supercoiling -0.04130
frame 3205 time 1602.5 unbinding_event at DNA_gyrase 41 enzyme gyrase with twist -127.77636 superhelical -0.04855 global twist -141.66304 global supercoiling -0.04183
frame 3206 time 1603.0 unbinding_event at DNA_topoI 19 enzyme topoI with twist -136.57665 superhelical -0.04126 global twist -140.46624 global supercoiling -0.04061
frame 3232 time 1616.0 binding_event at gene Raspberry enzyme RNAP with twist -136.57665 superhelical -0.03868 global twist -136.57665 global supercoiling -0.03868
frame 3259 time 1629.5 unbinding_event at gene Raspberry enzyme RNAP with twist -136.57665 superhelical -0.10291 global twist -136.57665 global supercoiling -0.03890
frame 3272 time 1636.0 binding_event at DNA_topoI 27 enzyme topoI with twist -136.57665 superhelical -0.03868 global twist -136.57665 global supercoiling -0.03868
frame 3272 time 1636.0 unbinding_event at DNA_topoI 27 enzyme topoI with twist -132.68706 superhelical 0.01855 global twist -136.57665 global supercoiling -0.03868
frame 3300 time 1650.0 binding_event at gene tetA enzyme RNAP with twist -132.68706 superhelical -0.03758 global twist -132.68706 global supercoiling -0.03758
frame 3327 time 1663.5 binding_event at DNA_topoI 31 enzyme topoI with twist -161.79171 superhelical -0.07351 global twist -132.68706 global supercoiling -0.03779
frame 3327 time 1663.5 unbinding_event at DNA_topoI 31 enzyme topoI with twist -161.49252 superhelical -0.06993 global twist -132.68706 global supercoiling -0.03779
frame 3340 time 1670.0 unbinding_event at gene tetA enzyme RNAP with twist -128.79747 superhelical -0.08489 global twist -128.79747 global supercoiling -0.03668
frame 3381 time 1690.5 binding_event at gene tetA enzyme RNAP with twist -128.79747 superhelical -0.03648 global twist -128.79747 global supercoiling -0.03648
frame 3416 time 1708.0 binding_event at gene tetA enzyme RNAP with twist -188.61380 superhelical -0.08045 global twist -128.79747 global supercoiling -0.03668
frame 3421 time 1710.5 unbinding_event at gene tetA enzyme RNAP with twist 31.94827 superhelical -0.08111 global twist -128.79747 global supercoiling -0.03688
frame 3434 time 1717.0 binding_event at DNA_topoI 35 enzyme topoI with twist -203.83044 superhelical -0.09995 global twist -128.79747 global supercoiling -0.03668
frame 3436 time 1718.0 unbinding_event at DNA_topoI 35 enzyme topoI with twist -202.93284 superhelical -0.09400 global twist -121.01829 global supercoiling -0.03518
frame 3446 time 1723.0 binding_event at gene Raspberry enzyme RNAP with twist -235.24637 superhelical -0.10433 global twist -117.12870 global supercoiling -0.03336
frame 3456 time 1728.0 unbinding_event at gene tetA enzyme RNAP with twist 2.58613 superhelical -0.10523 global twist -117.12870 global supercoiling -0.03354
frame 3473 time 1736.5 unbinding_event at gene Raspberry enzyme RNAP with twist -117.12870 superhelical -0.14288 global twist -117.12870 global supercoiling -0.03336
frame 3511 time 1755.5 binding_event at DNA_gyrase 37 enzyme gyrase with twist -117.12870 superhelical -0.03318 global twist -117.12870 global supercoiling -0.03318
frame 3514 time 1757.0 unbinding_event at DNA_gyrase 37 enzyme gyrase with twist -127.89987 superhelical -0.04103 global twist -125.20708 global supercoiling -0.03620
frame 3523 time 1761.5 binding_event at DNA_topoI 41 enzyme topoI with twist -127.89987 superhelical -0.03623 global twist -127.89987 global supercoiling -0.03623
frame 3526 time 1763.0 unbinding_event at DNA_topoI 41 enzyme topoI with twist -112.34151 superhelical -0.02949 global twist -116.23110 global supercoiling -0.03361
frame 3603 time 1801.5 binding_event at gene tetA enzyme RNAP with twist -112.34151 superhelical -0.03182 global twist -112.34151 global supercoiling -0.03182
frame 3643 time 1821.5 unbinding_event at gene tetA enzyme RNAP with twist -112.34151 superhelical -0.08242 global twist -112.34151 global supercoiling -0.03199
frame 3737 time 1868.5 binding_event at DNA_topoI 32 enzyme topoI with twist -112.34151 superhelical -0.03182 global twist -112.34151 global supercoiling -0.03182
frame 3746 time 1873.0 unbinding_event at DNA_topoI 32 enzyme topoI with twist -73.44560 superhelical 0.01706 global twist -77.33519 global supercoiling -0.02236
frame 3797 time 1898.5 binding_event at gene tetA enzyme RNAP with twist -73.44560 superhelical -0.02080 global twist -73.44560 global supercoiling -0.02080
frame 3837 time 1918.5 unbinding_event at gene tetA enzyme RNAP with twist -73.44560 superhelical -0.07467 global twist -73.44560 global supercoiling -0.02092
frame 3922 time 1961.0 binding_event at gene tetA enzyme RNAP with twist -73.44560 superhelical -0.02080 global twist -73.44560 global supercoiling -0.02080
frame 3942 time 1971.0 binding_event at gene tetA enzyme RNAP with twist -107.70456 superhelical -0.05190 global twist -73.44560 global supercoiling -0.02092
frame 3962 time 1981.0 unbinding_event at gene tetA enzyme RNAP with twist 91.85270 superhelical -0.05238 global twist -73.44560 global supercoiling -0.02103
frame 3981 time 1990.5 binding_event at gene tetA enzyme RNAP with twist -229.92535 superhelical -0.09515 global twist -73.44560 global supercoiling -0.02092
frame 3982 time 1991.0 unbinding_event at gene tetA enzyme RNAP with twist 98.34474 superhelical -0.09591 global twist -73.44560 global supercoiling -0.02103
frame 3995 time 1997.5 binding_event at gene tetA enzyme RNAP with twist -214.87504 superhelical -0.10921 global twist -73.44560 global supercoiling -0.02092
frame 4010 time 2005.0 binding_event at DNA_gyrase 25 enzyme gyrase with twist 195.28532 superhelical 0.15321 global twist -73.44560 global supercoiling -0.02103
frame 4014 time 2007.0 binding_event at gene Raspberry enzyme RNAP with twist -257.48698 superhelical -0.12516 global twist -84.21678 global supercoiling -0.02462
frame 4017 time 2008.5 binding_event at DNA_topoI 2 enzyme topoI with twist -161.17506 superhelical -0.12633 global twist -92.29516 global supercoiling -0.02714
frame 4021 time 2010.5 unbinding_event at gene tetA enzyme RNAP with twist 193.23106 superhelical -0.11028 global twist -87.50797 global supercoiling -0.02628
frame 4022 time 2011.0 unbinding_event at DNA_topoI 2 enzyme topoI with twist -137.83751 superhelical -0.11265 global twist -86.31117 global supercoiling -0.02578
frame 4022 time 2011.0 unbinding_event at DNA_gyrase 25 enzyme gyrase with twist 181.34859 superhelical 0.15735 global twist -86.31117 global supercoiling -0.02578
frame 4035 time 2017.5 unbinding_event at gene tetA enzyme RNAP with twist 90.18617 superhelical -0.10804 global twist -85.11437 global supercoiling -0.02437
frame 4041 time 2020.5 unbinding_event at gene Raspberry enzyme RNAP with twist -85.11437 superhelical -0.15561 global twist -85.11437 global supercoiling -0.02424
frame 4078 time 2039.0 binding_event at DNA_gyrase 26 enzyme gyrase with twist -85.11437 superhelical -0.02411 global twist -85.11437 global supercoiling -0.02411
frame 4085 time 2042.5 unbinding_event at DNA_gyrase 26 enzyme gyrase with twist -106.65672 superhelical -0.30533 global twist -103.96393 global supercoiling -0.03006
frame 4126 time 2063.0 binding_event at gene tetA enzyme RNAP with twist -106.65672 superhelical -0.03021 global twist -106.65672 global supercoiling -0.03021
frame 4150 time 2075.0 binding_event at gene tetA enzyme RNAP with twist -138.29814 superhelical -0.06441 global twist -106.65672 global supercoiling -0.03037
frame 4166 time 2083.0 unbinding_event at gene tetA enzyme RNAP with twist 65.92073 superhelical -0.06499 global twist -106.65672 global supercoiling -0.03054
frame 4169 time 2084.5 binding_event at gene tetA enzyme RNAP with twist -179.75824 superhelical -0.08738 global twist -106.65672 global supercoiling -0.03037
frame 4171 time 2085.5 binding_event at gene tetA enzyme RNAP with twist -158.54503 superhelical -0.09049 global twist -106.65672 global supercoiling -0.03054
frame 4180 time 2090.0 binding_event at DNA_gyrase 14 enzyme gyrase with twist 112.59582 superhelical 0.08960 global twist -106.65672 global supercoiling -0.03071
frame 4190 time 2095.0 unbinding_event at gene tetA enzyme RNAP with twist 35.86909 superhelical -0.08820 global twist -133.58466 global supercoiling -0.03927
frame 4190 time 2095.0 unbinding_event at DNA_gyrase 14 enzyme gyrase with twist 94.07541 superhelical -0.08820 global twist -133.58466 global supercoiling -0.03927
frame 4201 time 2100.5 binding_event at gene mKalama1 enzyme RNAP with twist -264.72389 superhelical -0.11741 global twist -136.27745 global supercoiling -0.03902
frame 4209 time 2104.5 unbinding_event at gene tetA enzyme RNAP with twist 160.75996 superhelical -0.09149 global twist -136.27745 global supercoiling -0.03924
frame 4211 time 2105.5 unbinding_event at gene tetA enzyme RNAP with twist -99.10387 superhelical -0.13466 global twist -136.27745 global supercoiling -0.03902
frame 4228 time 2114.0 unbinding_event at gene mKalama1 enzyme RNAP with twist -136.27745 superhelical 0.16479 global twist -136.27745 global supercoiling -0.03881
frame 4250 time 2125.0 binding_event at DNA_topoI 33 enzyme topoI with twist -136.27745 superhelical -0.03860 global twist -136.27745 global supercoiling -0.03860
frame 4254 time 2127.0 unbinding_event at DNA_topoI 33 enzyme topoI with twist -116.82950 superhelical -0.01846 global twist -120.71909 global supercoiling -0.03490
frame 4262 time 2131.0 binding_event at DNA_topoI 7 enzyme topoI with twist -116.82950 superhelical -0.03309 global twist -116.82950 global supercoiling -0.03309
frame 4262 time 2131.0 unbinding_event at DNA_topoI 7 enzyme topoI with twist -112.93991 superhelical -0.03289 global twist -116.82950 global supercoiling -0.03309
frame 4284 time 2142.0 binding_event at gene Raspberry enzyme RNAP with twist -112.93991 superhelical -0.03199 global twist -112.93991 global supercoiling -0.03199
frame 4307 time 2153.5 binding_event at gene tetA enzyme RNAP with twist -5.84055 superhelical -0.00250 global twist -112.93991 global supercoiling -0.03216
frame 4311 time 2155.5 unbinding_event at gene Raspberry enzyme RNAP with twist -126.36665 superhelical -0.09885 global twist -112.93991 global supercoiling -0.03234
frame 4347 time 2173.5 unbinding_event at gene tetA enzyme RNAP with twist -112.93991 superhelical -0.10424 global twist -112.93991 global supercoiling -0.03216
frame 4408 time 2204.0 binding_event at gene tetA enzyme RNAP with twist -112.93991 superhelical -0.03199 global twist -112.93991 global supercoiling -0.03199
frame 4422 time 2211.0 binding_event at DNA_topoI 32 enzyme topoI with twist -105.46515 superhelical -0.05360 global twist -112.93991 global supercoiling -0.03216
frame 4425 time 2212.5 unbinding_event at DNA_topoI 32 enzyme topoI with twist -104.26835 superhelical -0.03582 global twist -101.27114 global supercoiling -0.02944
frame 4448 time 2224.0 unbinding_event at gene tetA enzyme RNAP with twist -97.38155 superhelical -0.07619 global twist -97.38155 global supercoiling -0.02773
frame 4691 time 2345.5 binding_event at DNA_topoI 42 enzyme topoI with twist -97.38155 superhelical -0.02758 global twist -97.38155 global supercoiling -0.02758
frame 4693 time 2346.5 unbinding_event at DNA_topoI 42 enzyme topoI with twist -85.71277 superhelical -0.02290 global twist -89.60236 global supercoiling -0.02591
frame 4694 time 2347.0 binding_event at DNA_gyrase 42 enzyme gyrase with twist -85.71277 superhelical -0.02428 global twist -85.71277 global supercoiling -0.02428
frame 4696 time 2348.0 unbinding_event at DNA_gyrase 42 enzyme gyrase with twist -93.79115 superhelical -0.02842 global twist -91.09836 global supercoiling -0.02634
frame 4706 time 2353.0 binding_event at DNA_topoI 18 enzyme topoI with twist -93.79115 superhelical -0.02657 global twist -93.79115 global supercoiling -0.02657
frame 4708 time 2354.0 binding_event at DNA_gyrase 3 enzyme gyrase with twist -76.85518 superhelical -0.02581 global twist -86.01197 global supercoiling -0.02487
frame 4710 time 2355.0 unbinding_event at DNA_topoI 18 enzyme topoI with twist -28.11632 superhelical -0.02466 global twist -83.61838 global supercoiling -0.02469
frame 4715 time 2357.5 unbinding_event at DNA_gyrase 3 enzyme gyrase with twist -95.88555 superhelical -0.03212 global twist -93.19275 global supercoiling -0.02694
frame 4742 time 2371.0 binding_event at DNA_gyrase 22 enzyme gyrase with twist -95.88555 superhelical -0.02716 global twist -95.88555 global supercoiling -0.02716
frame 4742 time 2371.0 unbinding_event at DNA_gyrase 22 enzyme gyrase with twist -98.57834 superhelical -0.02814 global twist -95.88555 global supercoiling -0.02716
frame 4807 time 2403.5 binding_event at DNA_gyrase 9 enzyme gyrase with twist -98.57834 superhelical -0.02792 global twist -98.57834 global supercoiling -0.02792
frame 4815 time 2407.5 unbinding_event at DNA_gyrase 9 enzyme gyrase with twist -122.81349 superhelical -0.03370 global twist -120.12069 global supercoiling -0.03473
frame 4830 time 2415.0 binding_event at gene tetA enzyme RNAP with twist -122.81349 superhelical -0.03479 global twist -122.81349 global supercoiling -0.03479
frame 4854 time 2427.0 binding_event at gene tetA enzyme RNAP with twist -146.19480 superhelical -0.06809 global twist -122.81349 global supercoiling -0.03498
frame 4860 time 2430.0 binding_event at DNA_gyrase 25 enzyme gyrase with twist 44.92367 superhelical 0.03575 global twist -122.81349 global supercoiling -0.03517
frame 4861 time 2430.5 unbinding_event at DNA_gyrase 25 enzyme gyrase with twist 46.71886 superhelical 0.04154 global twist -125.50628 global supercoiling -0.03669
frame 4870 time 2435.0 unbinding_event at gene tetA enzyme RNAP with twist 50.74723 superhelical -0.06870 global twist -128.19907 global supercoiling -0.03671
frame 4887 time 2443.5 binding_event at DNA_topoI 39 enzyme topoI with twist -236.39257 superhelical -0.10240 global twist -128.19907 global supercoiling -0.03651
frame 4887 time 2443.5 unbinding_event at DNA_topoI 39 enzyme topoI with twist -236.09337 superhelical -0.10351 global twist -128.19907 global supercoiling -0.03651
frame 4888 time 2444.0 binding_event at DNA_topoI 44 enzyme topoI with twist -236.09337 superhelical -0.10148 global twist -124.30948 global supercoiling -0.03540
frame 4889 time 2444.5 unbinding_event at DNA_topoI 44 enzyme topoI with twist -235.49497 superhelical -0.10161 global twist -120.41989 global supercoiling -0.03501
frame 4894 time 2447.0 unbinding_event at gene tetA enzyme RNAP with twist -116.53030 superhelical -0.10335 global twist -116.53030 global supercoiling -0.03319
frame 4938 time 2469.0 binding_event at gene tetA enzyme RNAP with twist -116.53030 superhelical -0.03301 global twist -116.53030 global supercoiling -0.03301
frame 4969 time 2484.5 binding_event at gene tetA enzyme RNAP with twist -168.25662 superhelical -0.07403 global twist -116.53030 global supercoiling -0.03319
frame 4978 time 2489.0 unbinding_event at gene tetA enzyme RNAP with twist 47.50957 superhelical -0.07466 global twist -116.53030 global supercoiling -0.03337
frame 4989 time 2494.5 binding_event at DNA_topoI 38 enzyme topoI with twist -199.94378 superhelical -0.09635 global twist -116.53030 global supercoiling -0.03319
frame 4990 time 2495.0 unbinding_event at DNA_topoI 38 enzyme topoI with twist -199.34538 superhelical -0.09508 global twist -112.64071 global supercoiling -0.03275
frame 5006 time 2503.0 binding_event at gene Raspberry enzyme RNAP with twist -253.20126 superhelical -0.10637 global twist -108.75112 global supercoiling -0.03097
frame 5009 time 2504.5 unbinding_event at gene tetA enzyme RNAP with twist -12.64135 superhelical -0.10723 global twist -108.75112 global supercoiling -0.03114
frame 5012 time 2506.0 binding_event at gene Raspberry enzyme RNAP with twist -103.29055 superhelical -0.11872 global twist -108.75112 global supercoiling -0.03097
frame 5019 time 2509.5 binding_event at gene Raspberry enzyme RNAP with twist -117.67294 superhelical -0.13251 global twist -108.75112 global supercoiling -0.03114
frame 5033 time 2516.5 unbinding_event at gene Raspberry enzyme RNAP with twist 62.77770 superhelical -0.12139 global twist -108.75112 global supercoiling -0.03131
frame 5039 time 2519.5 unbinding_event at gene Raspberry enzyme RNAP with twist 69.89457 superhelical -0.13543 global twist -108.75112 global supercoiling -0.03114
frame 5042 time 2521.0 binding_event at gene mKalama1 enzyme RNAP with twist -185.82648 superhelical -0.15812 global twist -108.75112 global supercoiling -0.03097
frame 5046 time 2523.0 unbinding_event at gene Raspberry enzyme RNAP with twist -22.63256 superhelical -0.17098 global twist -108.75112 global supercoiling -0.03114
frame 5069 time 2534.5 unbinding_event at gene mKalama1 enzyme RNAP with twist -108.75112 superhelical -0.02444 global twist -108.75112 global supercoiling -0.03097
frame 5094 time 2547.0 binding_event at DNA_topoI 11 enzyme topoI with twist -108.75112 superhelical -0.03080 global twist -108.75112 global supercoiling -0.03080
frame 5099 time 2549.5 unbinding_event at DNA_topoI 11 enzyme topoI with twist -85.41357 superhelical -0.02673 global twist -89.30316 global supercoiling -0.02582
frame 5182 time 2591.0 binding_event at gene Raspberry enzyme RNAP with twist -85.41357 superhelical -0.02419 global twist -85.41357 global supercoiling -0.02419
frame 5209 time 2604.5 unbinding_event at gene Raspberry enzyme RNAP with twist -85.41357 superhelical -0.09413 global twist -85.41357 global supercoiling -0.02432
frame 5266 time 2633.0 binding_event at DNA_gyrase 8 enzyme gyrase with twist -85.41357 superhelical -0.02419 global twist -85.41357 global supercoiling -0.02419
frame 5267 time 2633.5 unbinding_event at DNA_gyrase 8 enzyme gyrase with twist -90.79916 superhelical -0.02589 global twist -88.10637 global supercoiling -0.02547
frame 5352 time 2676.0 binding_event at DNA_topoI 40 enzyme topoI with twist -90.79916 superhelical -0.02572 global twist -90.79916 global supercoiling -0.02572
frame 5356 time 2678.0 unbinding_event at DNA_topoI 40 enzyme topoI with twist -71.35121 superhelical -0.01620 global twist -75.24080 global supercoiling -0.02175
frame 5465 time 2732.5 binding_event at DNA_gyrase 35 enzyme gyrase with twist -71.35121 superhelical -0.02021 global twist -71.35121 global supercoiling -0.02021
frame 5468 time 2734.0 unbinding_event at DNA_gyrase 35 enzyme gyrase with twist -82.12238 superhelical -0.02949 global twist -79.42959 global supercoiling -0.02296
frame 5487 time 2743.5 binding_event at gene tetA enzyme RNAP with twist -82.12238 superhelical -0.02326 global twist -82.12238 global supercoiling -0.02326
frame 5499 time 2749.5 binding_event at gene tetA enzyme RNAP with twist -83.22222 superhelical -0.04308 global twist -82.12238 global supercoiling -0.02339
frame 5515 time 2757.5 binding_event at gene tetA enzyme RNAP with twist -132.12753 superhelical -0.06595 global twist -82.12238 global supercoiling -0.02352
frame 5527 time 2763.5 unbinding_event at gene tetA enzyme RNAP with twist 96.68024 superhelical -0.04352 global twist -82.12238 global supercoiling -0.02365
frame 5539 time 2769.5 unbinding_event at gene tetA enzyme RNAP with twist 121.91418 superhelical -0.06659 global twist -82.12238 global supercoiling -0.02352
frame 5544 time 2772.0 binding_event at gene Raspberry enzyme RNAP with twist -218.39813 superhelical -0.09764 global twist -82.12238 global supercoiling -0.02339
frame 5555 time 2777.5 unbinding_event at gene tetA enzyme RNAP with twist 36.04036 superhelical -0.09848 global twist -82.12238 global supercoiling -0.02352
frame 5559 time 2779.5 binding_event at DNA_gyrase 48 enzyme gyrase with twist 46.81153 superhelical 0.01888 global twist -82.12238 global supercoiling -0.02339
frame 5561 time 2780.5 unbinding_event at DNA_gyrase 48 enzyme gyrase with twist 49.50433 superhelical 0.03725 global twist -87.50797 global supercoiling -0.02544
frame 5571 time 2785.5 unbinding_event at gene Raspberry enzyme RNAP with twist -90.20076 superhelical -0.13882 global twist -90.20076 global supercoiling -0.02569
frame 5612 time 2806.0 binding_event at DNA_gyrase 34 enzyme gyrase with twist -90.20076 superhelical -0.02555 global twist -90.20076 global supercoiling -0.02555
frame 5620 time 2810.0 unbinding_event at DNA_gyrase 34 enzyme gyrase with twist -114.43591 superhelical -0.04868 global twist -111.74311 global supercoiling -0.03231
frame 5669 time 2834.5 binding_event at gene tetA enzyme RNAP with twist -114.43591 superhelical -0.03241 global twist -114.43591 global supercoiling -0.03241
frame 5709 time 2854.5 unbinding_event at gene tetA enzyme RNAP with twist -114.43591 superhelical -0.08284 global twist -114.43591 global supercoiling -0.03259
frame 5733 time 2866.5 binding_event at gene tetA enzyme RNAP with twist -114.43591 superhelical -0.03241 global twist -114.43591 global supercoiling -0.03241
frame 5734 time 2867.0 binding_event at gene tetA enzyme RNAP with twist -59.52123 superhelical -0.03432 global twist -114.43591 global supercoiling -0.03259
frame 5759 time 2879.5 binding_event at gene tetA enzyme RNAP with twist -149.23954 superhelical -0.06893 global twist -114.43591 global supercoiling -0.03277
frame 5773 time 2886.5 unbinding_event at gene tetA enzyme RNAP with twist 88.65951 superhelical -0.03466 global twist -114.43591 global supercoiling -0.03295
frame 5774 time 2887.0 unbinding_event at gene tetA enzyme RNAP with twist 62.36870 superhelical -0.06955 global twist -114.43591 global supercoiling -0.03277
frame 5796 time 2898.0 binding_event at DNA_topoI 28 enzyme topoI with twist -252.20283 superhelical -0.10595 global twist -114.43591 global supercoiling -0.03259
frame 5799 time 2899.5 unbinding_event at gene tetA enzyme RNAP with twist -95.15136 superhelical -0.10869 global twist -102.76713 global supercoiling -0.02988
frame 5800 time 2900.0 unbinding_event at DNA_topoI 28 enzyme topoI with twist -94.98795 superhelical -0.01691 global twist -98.87754 global supercoiling -0.02859
frame 5995 time 2997.5 binding_event at DNA_topoI 42 enzyme topoI with twist -94.98795 superhelical -0.02690 global twist -94.98795 global supercoiling -0.02690
frame 5996 time 2998.0 unbinding_event at DNA_topoI 42 enzyme topoI with twist -87.20877 superhelical -0.02396 global twist -91.09836 global supercoiling -0.02634
frame 6003 time 3001.5 binding_event at DNA_gyrase 43 enzyme gyrase with twist -87.20877 superhelical -0.02470 global twist -87.20877 global supercoiling -0.02470
frame 6008 time 3004.0 unbinding_event at DNA_gyrase 43 enzyme gyrase with twist -103.36553 superhelical -0.03205 global twist -100.67274 global supercoiling -0.02911
frame 6106 time 3053.0 binding_event at DNA_topoI 21 enzyme topoI with twist -103.36553 superhelical -0.02928 global twist -103.36553 global supercoiling -0.02928
frame 6106 time 3053.0 unbinding_event at DNA_topoI 21 enzyme topoI with twist -99.47594 superhelical -0.02928 global twist -103.36553 global supercoiling -0.02928
frame 6133 time 3066.5 binding_event at DNA_topoI 32 enzyme topoI with twist -99.47594 superhelical -0.02818 global twist -99.47594 global supercoiling -0.02818
frame 6134 time 3067.0 unbinding_event at DNA_topoI 32 enzyme topoI with twist -91.69676 superhelical -0.01885 global twist -95.58635 global supercoiling -0.02764
frame 6224 time 3112.0 binding_event at gene Raspberry enzyme RNAP with twist -91.69676 superhelical -0.02597 global twist -91.69676 global supercoiling -0.02597
frame 6250 time 3125.0 binding_event at DNA_gyrase 45 enzyme gyrase with twist 21.56168 superhelical 0.00945 global twist -91.69676 global supercoiling -0.02611
frame 6251 time 3125.5 unbinding_event at gene Raspberry enzyme RNAP with twist -115.19243 superhelical -0.09521 global twist -94.38955 global supercoiling -0.02744
frame 6253 time 3126.5 unbinding_event at DNA_gyrase 45 enzyme gyrase with twist -102.46793 superhelical -0.08890 global twist -99.77514 global supercoiling -0.02885
frame 6262 time 3131.0 binding_event at DNA_gyrase 47 enzyme gyrase with twist -102.46793 superhelical -0.02902 global twist -102.46793 global supercoiling -0.02902
frame 6265 time 3132.5 unbinding_event at DNA_gyrase 47 enzyme gyrase with twist -113.23911 superhelical -0.03329 global twist -110.54631 global supercoiling -0.03196
frame 6326 time 3163.0 binding_event at gene tetA enzyme RNAP with twist -113.23911 superhelical -0.03207 global twist -113.23911 global supercoiling -0.03207
frame 6348 time 3174.0 binding_event at gene tetA enzyme RNAP with twist -134.33452 superhelical -0.06363 global twist -113.23911 global supercoiling -0.03225
frame 6366 time 3183.0 unbinding_event at gene tetA enzyme RNAP with twist 65.18182 superhelical -0.06421 global twist -113.23911 global supercoiling -0.03243
frame 6388 time 3194.0 unbinding_event at gene tetA enzyme RNAP with twist -113.23911 superhelical -0.10497 global twist -113.23911 global supercoiling -0.03225
frame 6410 time 3205.0 binding_event at DNA_gyrase 26 enzyme gyrase with twist -113.23911 superhelical -0.03207 global twist -113.23911 global supercoiling -0.03207
frame 6412 time 3206.0 unbinding_event at DNA_gyrase 26 enzyme gyrase with twist -121.31749 superhelical -0.13750 global twist -118.62470 global supercoiling -0.03430
frame 6419 time 3209.5 binding_event at DNA_topoI 12 enzyme topoI with twist -121.31749 superhelical -0.03436 global twist -121.31749 global supercoiling -0.03436
frame 6421 time 3210.5 unbinding_event at DNA_topoI 12 enzyme topoI with twist -109.64872 superhelical -0.03278 global twist -113.53831 global supercoiling -0.03283
frame 6634 time 3317.0 binding_event at gene tetA enzyme RNAP with twist -109.64872 superhelical -0.03106 global twist -109.64872 global supercoiling -0.03106
frame 6674 time 3337.0 binding_event at gene tetA enzyme RNAP with twist -197.20675 superhelical -0.08101 global twist -109.64872 global supercoiling -0.03123
frame 6674 time 3337.0 unbinding_event at gene tetA enzyme RNAP with twist 34.07769 superhelical -0.08165 global twist -109.64872 global supercoiling -0.03123
frame 6708 time 3354.0 binding_event at DNA_topoI 44 enzyme topoI with twist -262.20933 superhelical -0.11270 global twist -109.64872 global supercoiling -0.03123
frame 6709 time 3354.5 unbinding_event at DNA_topoI 44 enzyme topoI with twist -261.61093 superhelical -0.11319 global twist -105.75913 global supercoiling -0.03075
frame 6713 time 3356.5 binding_event at DNA_topoI 5 enzyme topoI with twist -272.38211 superhelical -0.11273 global twist -101.86953 global supercoiling -0.02901
frame 6714 time 3357.0 unbinding_event at gene tetA enzyme RNAP with twist 139.50277 superhelical -0.11356 global twist -97.97994 global supercoiling -0.02849
frame 6716 time 3358.0 unbinding_event at DNA_topoI 5 enzyme topoI with twist -86.31117 superhelical -0.11237 global twist -90.20076 global supercoiling -0.02608
frame 6737 time 3368.5 binding_event at DNA_topoI 28 enzyme topoI with twist -86.31117 superhelical -0.02445 global twist -86.31117 global supercoiling -0.02445
frame 6739 time 3369.5 binding_event at DNA_topoI 21 enzyme topoI with twist -79.79342 superhelical -0.02379 global twist -78.53199 global supercoiling -0.02271
frame 6739 time 3369.5 unbinding_event at DNA_topoI 21 enzyme topoI with twist -73.95903 superhelical -0.02303 global twist -78.53199 global supercoiling -0.02271
frame 6753 time 3376.5 unbinding_event at DNA_topoI 28 enzyme topoI with twist -16.29853 superhelical 0.28897 global twist -20.18813 global supercoiling -0.00584
frame 6782 time 3391.0 binding_event at DNA_gyrase 7 enzyme gyrase with twist -16.29853 superhelical -0.00462 global twist -16.29853 global supercoiling -0.00462
frame 6784 time 3392.0 unbinding_event at DNA_gyrase 7 enzyme gyrase with twist -24.37692 superhelical -0.00656 global twist -21.68412 global supercoiling -0.00627
frame 6791 time 3395.5 binding_event at gene tetA enzyme RNAP with twist -24.37692 superhelical -0.00690 global twist -24.37692 global supercoiling -0.00690
frame 6831 time 3415.5 unbinding_event at gene tetA enzyme RNAP with twist -24.37692 superhelical -0.06489 global twist -24.37692 global supercoiling -0.00694
frame 6843 time 3421.5 binding_event at DNA_gyrase 18 enzyme gyrase with twist -24.37692 superhelical -0.00690 global twist -24.37692 global supercoiling -0.00690
frame 6843 time 3421.5 unbinding_event at DNA_gyrase 18 enzyme gyrase with twist -27.06971 superhelical -0.00750 global twist -24.37692 global supercoiling -0.00690
frame 6876 time 3438.0 binding_event at DNA_gyrase 48 enzyme gyrase with twist -27.06971 superhelical -0.00767 global twist -27.06971 global supercoiling -0.00767
frame 6878 time 3439.0 unbinding_event at DNA_gyrase 48 enzyme gyrase with twist -35.14809 superhelical -0.01045 global twist -32.45530 global supercoiling -0.00938
frame 6955 time 3477.5 binding_event at DNA_topoI 15 enzyme topoI with twist -35.14809 superhelical -0.00996 global twist -35.14809 global supercoiling -0.00996
frame 6960 time 3480.0 unbinding_event at DNA_topoI 15 enzyme topoI with twist -11.81055 superhelical -0.00594 global twist -15.70014 global supercoiling -0.00454
frame 6975 time 3487.5 binding_event at gene mKalama1 enzyme RNAP with twist -11.81055 superhelical -0.00335 global twist -11.81055 global supercoiling -0.00335
frame 7002 time 3501.0 unbinding_event at gene mKalama1 enzyme RNAP with twist -11.81055 superhelical 0.67918 global twist -11.81055 global supercoiling -0.00336
frame 7010 time 3505.0 binding_event at DNA_gyrase 6 enzyme gyrase with twist -11.81055 superhelical -0.00335 global twist -11.81055 global supercoiling -0.00335
frame 7022 time 3511.0 unbinding_event at DNA_gyrase 6 enzyme gyrase with twist -46.81686 superhelical -0.01169 global twist -44.12407 global supercoiling -0.01276
frame 7028 time 3514.0 binding_event at gene tetA enzyme RNAP with twist -46.81686 superhelical -0.01326 global twist -46.81686 global supercoiling -0.01326
frame 7058 time 3529.0 binding_event at DNA_gyrase 19 enzyme gyrase with twist 83.77675 superhelical 0.06667 global twist -46.81686 global supercoiling -0.01333
frame 7066 time 3533.0 unbinding_event at DNA_gyrase 19 enzyme gyrase with twist 91.85513 superhelical 0.12221 global twist -68.35921 global supercoiling -0.01987
frame 7068 time 3534.0 unbinding_event at gene tetA enzyme RNAP with twist -71.05201 superhelical -0.06936 global twist -71.05201 global supercoiling -0.02023
frame 7143 time 3571.5 binding_event at DNA_gyrase 19 enzyme gyrase with twist -71.05201 superhelical -0.02012 global twist -71.05201 global supercoiling -0.02012
frame 7147 time 3573.5 unbinding_event at DNA_gyrase 19 enzyme gyrase with twist -84.51598 superhelical -0.02275 global twist -81.82318 global supercoiling -0.02366
frame 7166 time 3583.0 binding_event at gene tetA enzyme RNAP with twist -84.51598 superhelical -0.02394 global twist -84.51598 global supercoiling -0.02394
frame 7206 time 3603.0 unbinding_event at gene tetA enzyme RNAP with twist -84.51598 superhelical -0.07687 global twist -84.51598 global supercoiling -0.02407
frame 7290 time 3645.0 binding_event at DNA_gyrase 29 enzyme gyrase with twist -84.51598 superhelical -0.02394 global twist -84.51598 global supercoiling -0.02394
frame 7291 time 3645.5 unbinding_event at DNA_gyrase 29 enzyme gyrase with twist -89.90156 superhelical -0.03964 global twist -87.20877 global supercoiling -0.02521
frame 7337 time 3668.5 binding_event at gene mKalama1 enzyme RNAP with twist -89.90156 superhelical -0.02546 global twist -89.90156 global supercoiling -0.02546
frame 7364 time 3682.0 binding_event at gene tetA enzyme RNAP with twist -170.26519 superhelical -0.05085 global twist -89.90156 global supercoiling -0.02560
frame 7364 time 3682.0 unbinding_event at gene mKalama1 enzyme RNAP with twist -1.68829 superhelical 0.57974 global twist -89.90156 global supercoiling -0.02560
frame 7404 time 3702.0 unbinding_event at gene tetA enzyme RNAP with twist -89.90156 superhelical -0.05925 global twist -89.90156 global supercoiling -0.02560
frame 7408 time 3704.0 binding_event at DNA_gyrase 14 enzyme gyrase with twist -89.90156 superhelical -0.02546 global twist -89.90156 global supercoiling -0.02546
frame 7409 time 3704.5 binding_event at gene Raspberry enzyme RNAP with twist -71.27675 superhelical -0.02649 global twist -92.59436 global supercoiling -0.02677
frame 7410 time 3705.0 unbinding_event at DNA_gyrase 14 enzyme gyrase with twist -70.45719 superhelical -0.02480 global twist -95.28715 global supercoiling -0.02770
frame 7436 time 3718.0 unbinding_event at gene Raspberry enzyme RNAP with twist -97.97994 superhelical -0.09555 global twist -97.97994 global supercoiling -0.02790
frame 7479 time 3739.5 binding_event at DNA_gyrase 27 enzyme gyrase with twist -97.97994 superhelical -0.02775 global twist -97.97994 global supercoiling -0.02775
frame 7484 time 3742.0 unbinding_event at DNA_gyrase 27 enzyme gyrase with twist -114.13671 superhelical -0.26940 global twist -111.44391 global supercoiling -0.03222
frame 7540 time 3770.0 binding_event at DNA_topoI 42 enzyme topoI with twist -114.13671 superhelical -0.03233 global twist -114.13671 global supercoiling -0.03233
frame 7548 time 3774.0 unbinding_event at DNA_topoI 42 enzyme topoI with twist -79.13039 superhelical -0.01724 global twist -83.01998 global supercoiling -0.02400
frame 7558 time 3779.0 binding_event at DNA_topoI 43 enzyme topoI with twist -79.13039 superhelical -0.02241 global twist -79.13039 global supercoiling -0.02241
frame 7563 time 3781.5 binding_event at gene Raspberry enzyme RNAP with twist -17.32821 superhelical -0.01465 global twist -59.68243 global supercoiling -0.01726
frame 7567 time 3783.5 unbinding_event at DNA_topoI 43 enzyme topoI with twist -10.92648 superhelical 0.06975 global twist -44.12407 global supercoiling -0.01283
frame 7590 time 3795.0 unbinding_event at gene Raspberry enzyme RNAP with twist -40.23448 superhelical -0.08845 global twist -40.23448 global supercoiling -0.01146
frame 7603 time 3801.5 binding_event at DNA_topoI 28 enzyme topoI with twist -40.23448 superhelical -0.01140 global twist -40.23448 global supercoiling -0.01140
frame 7612 time 3806.0 unbinding_event at DNA_topoI 28 enzyme topoI with twist -1.33857 superhelical 0.17303 global twist -5.22816 global supercoiling -0.00151
frame 7623 time 3811.5 binding_event at gene mKalama1 enzyme RNAP with twist -1.33857 superhelical -0.00038 global twist -1.33857 global supercoiling -0.00038
frame 7650 time 3825.0 unbinding_event at gene mKalama1 enzyme RNAP with twist -1.33857 superhelical 0.69251 global twist -1.33857 global supercoiling -0.00038
frame 7726 time 3863.0 binding_event at gene mKalama1 enzyme RNAP with twist -1.33857 superhelical -0.00038 global twist -1.33857 global supercoiling -0.00038
frame 7753 time 3876.5 unbinding_event at gene mKalama1 enzyme RNAP with twist -1.33857 superhelical 0.69251 global twist -1.33857 global supercoiling -0.00038
frame 7821 time 3910.5 binding_event at DNA_gyrase 32 enzyme gyrase with twist -1.33857 superhelical -0.00038 global twist -1.33857 global supercoiling -0.00038
frame 7825 time 3912.5 unbinding_event at DNA_gyrase 32 enzyme gyrase with twist -14.80254 superhelical -0.01754 global twist -12.10974 global supercoiling -0.00350
frame 7829 time 3914.5 binding_event at DNA_gyrase 37 enzyme gyrase with twist -14.80254 superhelical -0.00419 global twist -14.80254 global supercoiling -0.00419
frame 7830 time 3915.0 unbinding_event at DNA_gyrase 37 enzyme gyrase with twist -20.18813 superhelical -0.00786 global twist -17.49533 global supercoiling -0.00506
frame 7896 time 3948.0 binding_event at DNA_gyrase 40 enzyme gyrase with twist -20.18813 superhelical -0.00572 global twist -20.18813 global supercoiling -0.00572
frame 7908 time 3954.0 unbinding_event at DNA_gyrase 40 enzyme gyrase with twist -55.19444 superhelical -0.02394 global twist -52.50165 global supercoiling -0.01518
frame 7919 time 3959.5 binding_event at gene tetA enzyme RNAP with twist -55.19444 superhelical -0.01563 global twist -55.19444 global supercoiling -0.01563
frame 7930 time 3965.0 binding_event at DNA_topoI 31 enzyme topoI with twist -66.47073 superhelical -0.03473 global twist -55.19444 global supercoiling -0.01572
frame 7947 time 3973.5 unbinding_event at DNA_topoI 31 enzyme topoI with twist -61.08515 superhelical 0.07305 global twist 10.92860 global supercoiling 0.00318
frame 7955 time 3977.5 binding_event at DNA_topoI 44 enzyme topoI with twist -86.21789 superhelical -0.03649 global twist 14.81819 global supercoiling 0.00422
frame 7959 time 3979.5 unbinding_event at gene tetA enzyme RNAP with twist 71.75029 superhelical -0.04194 global twist 30.37656 global supercoiling 0.00883
frame 7967 time 3983.5 unbinding_event at DNA_topoI 44 enzyme topoI with twist 65.38287 superhelical -0.01748 global twist 61.49328 global supercoiling 0.01778
