TORCphysics log file 

General information: 
---------------------------------------------------------------------------------------
Circuit name: Pleu500_10
Size: 6000
Structure: circle
Number of sites: 110
Number of frames: 8000
Simulation time: 4000.0
Simulation timestep: 0.5
Seed: 4883537982629854595
 
Overall simulation information 
---------------------------------------------------------------------------------------
Initial twist: -211.83310
Final twist: -83.57219
Initial superhelical density: -0.06000
Final superhelical density: -0.02367
 
Overall rates 
---------------------------------------------------------------------------------------
site type            site name            #binding events      #unbinding events    binding rates        
 DNA_topoI            DNA_topoI_global                     47.0                 47.0               0.01175 
DNA_gyrase           DNA_gyrase_global                   100.0                100.0                 0.025 
EXT                  EXT                                   0.0                  0.0                   0.0 
gene                 tetA                                 70.0                 70.0                0.0175 
gene                 CDS                                   1.0                  1.0               0.00025 
origin               ori                                   0.0                  0.0                   0.0 
lacOP                lac1                                  0.0                  0.0                   0.0 
gene                 mKalama1                              8.0                  8.0                 0.002 
lacOP                lac2                                  0.0                  0.0                   0.0 
gene                 Raspberry                            11.0                 11.0               0.00275 
 
Events
---------------------------------------------------------------------------------------
frame 15 time 7.5 binding_event at gene tetA enzyme RNAP with twist -211.83310 superhelical -0.06000 global twist -211.83310 global supercoiling -0.06000
frame 29 time 14.5 binding_event at gene tetA enzyme RNAP with twist -153.79945 superhelical -0.07817 global twist -211.83310 global supercoiling -0.06033
frame 30 time 15.0 binding_event at DNA_topoI 40 enzyme topoI with twist -139.06239 superhelical -0.08019 global twist -211.83310 global supercoiling -0.06066
frame 32 time 16.0 unbinding_event at DNA_topoI 40 enzyme topoI with twist -138.16479 superhelical -0.07762 global twist -204.05392 global supercoiling -0.05966
frame 55 time 27.5 unbinding_event at gene tetA enzyme RNAP with twist 20.57947 superhelical -0.07894 global twist -200.16433 global supercoiling -0.05732
frame 69 time 34.5 unbinding_event at gene tetA enzyme RNAP with twist -200.16433 superhelical -0.11052 global twist -200.16433 global supercoiling -0.05700
frame 84 time 42.0 binding_event at DNA_topoI 32 enzyme topoI with twist -200.16433 superhelical -0.05669 global twist -200.16433 global supercoiling -0.05669
frame 86 time 43.0 unbinding_event at DNA_topoI 32 enzyme topoI with twist -188.49556 superhelical -0.04301 global twist -192.38515 global supercoiling -0.05562
frame 97 time 48.5 binding_event at DNA_topoI 6 enzyme topoI with twist -188.49556 superhelical -0.05339 global twist -188.49556 global supercoiling -0.05339
frame 97 time 48.5 unbinding_event at DNA_topoI 6 enzyme topoI with twist -184.60597 superhelical -0.05358 global twist -188.49556 global supercoiling -0.05339
frame 103 time 51.5 binding_event at DNA_topoI 43 enzyme topoI with twist -184.60597 superhelical -0.05229 global twist -184.60597 global supercoiling -0.05229
frame 109 time 54.5 binding_event at DNA_topoI 41 enzyme topoI with twist -51.44219 superhelical -0.04351 global twist -161.26842 global supercoiling -0.04663
frame 109 time 54.5 unbinding_event at DNA_topoI 41 enzyme topoI with twist -45.60781 superhelical -0.04445 global twist -161.26842 global supercoiling -0.04663
frame 115 time 57.5 unbinding_event at DNA_topoI 43 enzyme topoI with twist -130.15170 superhelical -0.02870 global twist -134.04129 global supercoiling -0.03875
frame 165 time 82.5 binding_event at gene tetA enzyme RNAP with twist -130.15170 superhelical -0.03686 global twist -130.15170 global supercoiling -0.03686
frame 205 time 102.5 unbinding_event at gene tetA enzyme RNAP with twist -130.15170 superhelical -0.08597 global twist -130.15170 global supercoiling -0.03707
frame 231 time 115.5 binding_event at DNA_topoI 46 enzyme topoI with twist -130.15170 superhelical -0.03686 global twist -130.15170 global supercoiling -0.03686
frame 233 time 116.5 unbinding_event at DNA_topoI 46 enzyme topoI with twist -118.48292 superhelical -0.03346 global twist -122.37251 global supercoiling -0.03538
frame 244 time 122.0 binding_event at DNA_topoI 31 enzyme topoI with twist -118.48292 superhelical -0.03356 global twist -118.48292 global supercoiling -0.03356
frame 245 time 122.5 unbinding_event at DNA_topoI 31 enzyme topoI with twist -110.70374 superhelical -0.02213 global twist -114.59333 global supercoiling -0.03313
frame 272 time 136.0 binding_event at DNA_gyrase 16 enzyme gyrase with twist -110.70374 superhelical -0.03136 global twist -110.70374 global supercoiling -0.03136
frame 272 time 136.0 unbinding_event at DNA_gyrase 16 enzyme gyrase with twist -113.39653 superhelical -0.03248 global twist -110.70374 global supercoiling -0.03136
frame 411 time 205.5 binding_event at DNA_topoI 45 enzyme topoI with twist -113.39653 superhelical -0.03212 global twist -113.39653 global supercoiling -0.03212
frame 414 time 207.0 unbinding_event at DNA_topoI 45 enzyme topoI with twist -97.83817 superhelical -0.02692 global twist -101.72776 global supercoiling -0.02941
frame 438 time 219.0 binding_event at DNA_topoI 17 enzyme topoI with twist -97.83817 superhelical -0.02771 global twist -97.83817 global supercoiling -0.02771
frame 438 time 219.0 unbinding_event at DNA_topoI 17 enzyme topoI with twist -93.94858 superhelical -0.02762 global twist -97.83817 global supercoiling -0.02771
frame 484 time 242.0 binding_event at gene tetA enzyme RNAP with twist -93.94858 superhelical -0.02661 global twist -93.94858 global supercoiling -0.02661
frame 491 time 245.5 binding_event at DNA_gyrase 26 enzyme gyrase with twist -71.05035 superhelical -0.03858 global twist -93.94858 global supercoiling -0.02676
frame 492 time 246.0 unbinding_event at DNA_gyrase 26 enzyme gyrase with twist -83.61672 superhelical -0.10879 global twist -96.64137 global supercoiling -0.02810
frame 503 time 251.5 binding_event at gene Raspberry enzyme RNAP with twist -119.52064 superhelical -0.05810 global twist -99.33417 global supercoiling -0.02829
frame 514 time 257.0 binding_event at gene Raspberry enzyme RNAP with twist -84.20050 superhelical -0.08772 global twist -99.33417 global supercoiling -0.02844
frame 524 time 262.0 unbinding_event at gene tetA enzyme RNAP with twist 24.36064 superhelical -0.05864 global twist -99.33417 global supercoiling -0.02860
frame 530 time 265.0 unbinding_event at gene Raspberry enzyme RNAP with twist 29.94132 superhelical -0.08951 global twist -99.33417 global supercoiling -0.02844
frame 541 time 270.5 unbinding_event at gene Raspberry enzyme RNAP with twist -99.33417 superhelical -0.13341 global twist -99.33417 global supercoiling -0.02829
frame 614 time 307.0 binding_event at gene tetA enzyme RNAP with twist -99.33417 superhelical -0.02814 global twist -99.33417 global supercoiling -0.02814
frame 625 time 312.5 binding_event at DNA_gyrase 30 enzyme gyrase with twist -88.04414 superhelical -0.04601 global twist -99.33417 global supercoiling -0.02829
frame 625 time 312.5 unbinding_event at DNA_gyrase 30 enzyme gyrase with twist -94.32732 superhelical -0.05321 global twist -99.33417 global supercoiling -0.02829
frame 634 time 317.0 binding_event at DNA_topoI 8 enzyme topoI with twist 21.02349 superhelical 0.01464 global twist -102.02696 global supercoiling -0.02906
frame 635 time 317.5 unbinding_event at DNA_topoI 8 enzyme topoI with twist 35.98346 superhelical 0.10534 global twist -98.13737 global supercoiling -0.02853
frame 640 time 320.0 binding_event at DNA_topoI 34 enzyme topoI with twist -144.59280 superhelical -0.06624 global twist -94.24778 global supercoiling -0.02684
frame 641 time 320.5 binding_event at DNA_gyrase 12 enzyme gyrase with twist 53.93542 superhelical 0.04116 global twist -90.35819 global supercoiling -0.02627
frame 645 time 322.5 unbinding_event at DNA_topoI 34 enzyme topoI with twist -142.79761 superhelical -0.04673 global twist -85.57100 global supercoiling -0.02541
frame 646 time 323.0 unbinding_event at DNA_gyrase 12 enzyme gyrase with twist 59.32100 superhelical 0.12643 global twist -84.37420 global supercoiling -0.02453
frame 649 time 324.5 binding_event at DNA_gyrase 17 enzyme gyrase with twist 66.50179 superhelical 0.05699 global twist -87.06700 global supercoiling -0.02480
frame 653 time 326.5 unbinding_event at DNA_gyrase 17 enzyme gyrase with twist 70.98978 superhelical 0.09758 global twist -97.83817 global supercoiling -0.02844
frame 654 time 327.0 unbinding_event at gene tetA enzyme RNAP with twist -100.53096 superhelical -0.07141 global twist -100.53096 global supercoiling -0.02863
frame 750 time 375.0 binding_event at gene tetA enzyme RNAP with twist -100.53096 superhelical -0.02847 global twist -100.53096 global supercoiling -0.02847
frame 770 time 385.0 binding_event at gene tetA enzyme RNAP with twist -120.94260 superhelical -0.05828 global twist -100.53096 global supercoiling -0.02863
frame 790 time 395.0 unbinding_event at gene tetA enzyme RNAP with twist 75.81702 superhelical -0.05882 global twist -100.53096 global supercoiling -0.02879
frame 794 time 397.0 binding_event at gene Raspberry enzyme RNAP with twist -187.11916 superhelical -0.08715 global twist -100.53096 global supercoiling -0.02863
frame 797 time 398.5 binding_event at DNA_topoI 43 enzyme topoI with twist -120.08040 superhelical -0.08794 global twist -100.53096 global supercoiling -0.02879
frame 797 time 398.5 unbinding_event at DNA_topoI 43 enzyme topoI with twist -116.19081 superhelical -0.08106 global twist -100.53096 global supercoiling -0.02879
frame 800 time 400.0 binding_event at DNA_topoI 36 enzyme topoI with twist -88.58110 superhelical -0.10181 global twist -96.64137 global supercoiling -0.02767
frame 803 time 401.5 unbinding_event at DNA_topoI 36 enzyme topoI with twist -87.38431 superhelical -0.09952 global twist -84.97260 global supercoiling -0.02484
frame 810 time 405.0 unbinding_event at gene tetA enzyme RNAP with twist 31.43404 superhelical -0.08509 global twist -81.08301 global supercoiling -0.02322
frame 821 time 410.5 unbinding_event at gene Raspberry enzyme RNAP with twist -81.08301 superhelical -0.12017 global twist -81.08301 global supercoiling -0.02309
frame 859 time 429.5 binding_event at gene Raspberry enzyme RNAP with twist -81.08301 superhelical -0.02297 global twist -81.08301 global supercoiling -0.02297
frame 875 time 437.5 binding_event at DNA_gyrase 2 enzyme gyrase with twist -6.03283 superhelical -0.00245 global twist -81.08301 global supercoiling -0.02309
frame 883 time 441.5 unbinding_event at DNA_gyrase 2 enzyme gyrase with twist 2.04555 superhelical 0.03054 global twist -102.62536 global supercoiling -0.02984
frame 886 time 443.0 unbinding_event at gene Raspberry enzyme RNAP with twist -105.31815 superhelical -0.09339 global twist -105.31815 global supercoiling -0.02999
frame 959 time 479.5 binding_event at DNA_gyrase 10 enzyme gyrase with twist -105.31815 superhelical -0.02983 global twist -105.31815 global supercoiling -0.02983
frame 962 time 481.0 unbinding_event at DNA_gyrase 10 enzyme gyrase with twist -116.08933 superhelical -0.03269 global twist -113.39653 global supercoiling -0.03279
frame 967 time 483.5 binding_event at DNA_gyrase 25 enzyme gyrase with twist -116.08933 superhelical -0.03288 global twist -116.08933 global supercoiling -0.03288
frame 968 time 484.0 binding_event at DNA_topoI 5 enzyme topoI with twist -116.72157 superhelical -0.03354 global twist -118.78212 global supercoiling -0.03434
frame 968 time 484.0 unbinding_event at DNA_topoI 5 enzyme topoI with twist -114.17838 superhelical -0.03329 global twist -118.78212 global supercoiling -0.03434
frame 970 time 485.0 unbinding_event at DNA_gyrase 25 enzyme gyrase with twist -122.97091 superhelical -0.03358 global twist -120.27812 global supercoiling -0.03478
frame 1138 time 569.0 binding_event at gene tetA enzyme RNAP with twist -122.97091 superhelical -0.03483 global twist -122.97091 global supercoiling -0.03483
frame 1160 time 580.0 binding_event at DNA_topoI 31 enzyme topoI with twist -139.09096 superhelical -0.06588 global twist -122.97091 global supercoiling -0.03502
frame 1176 time 588.0 unbinding_event at DNA_topoI 31 enzyme topoI with twist -134.00457 superhelical 0.03487 global twist -60.73746 global supercoiling -0.01766
frame 1178 time 589.0 unbinding_event at gene tetA enzyme RNAP with twist -56.84787 superhelical -0.05757 global twist -56.84787 global supercoiling -0.01619
frame 1212 time 606.0 binding_event at gene tetA enzyme RNAP with twist -56.84787 superhelical -0.01610 global twist -56.84787 global supercoiling -0.01610
frame 1234 time 617.0 binding_event at gene tetA enzyme RNAP with twist -106.77316 superhelical -0.05058 global twist -56.84787 global supercoiling -0.01619
frame 1239 time 619.5 binding_event at DNA_gyrase 5 enzyme gyrase with twist -19.18007 superhelical -0.05104 global twist -56.84787 global supercoiling -0.01628
frame 1240 time 620.0 unbinding_event at DNA_gyrase 5 enzyme gyrase with twist -24.56566 superhelical -0.05096 global twist -59.54066 global supercoiling -0.01741
frame 1252 time 626.0 unbinding_event at gene tetA enzyme RNAP with twist 93.57707 superhelical -0.06537 global twist -62.23345 global supercoiling -0.01782
frame 1267 time 633.5 binding_event at DNA_topoI 26 enzyme topoI with twist -206.07600 superhelical -0.08926 global twist -62.23345 global supercoiling -0.01772
frame 1274 time 637.0 unbinding_event at gene tetA enzyme RNAP with twist -43.26359 superhelical -0.08923 global twist -35.00632 global supercoiling -0.01018
frame 1275 time 637.5 unbinding_event at DNA_topoI 26 enzyme topoI with twist -27.22714 superhelical 0.36795 global twist -31.11673 global supercoiling -0.00900
frame 1319 time 659.5 binding_event at DNA_gyrase 40 enzyme gyrase with twist -27.22714 superhelical -0.00771 global twist -27.22714 global supercoiling -0.00771
frame 1322 time 661.0 unbinding_event at DNA_gyrase 40 enzyme gyrase with twist -37.99831 superhelical -0.01344 global twist -35.30552 global supercoiling -0.01021
frame 1327 time 663.5 binding_event at DNA_gyrase 43 enzyme gyrase with twist -37.99831 superhelical -0.01076 global twist -37.99831 global supercoiling -0.01076
frame 1332 time 666.0 unbinding_event at DNA_gyrase 43 enzyme gyrase with twist -54.15507 superhelical -0.01782 global twist -51.46228 global supercoiling -0.01488
frame 1426 time 713.0 binding_event at DNA_topoI 3 enzyme topoI with twist -54.15507 superhelical -0.01534 global twist -54.15507 global supercoiling -0.01534
frame 1427 time 713.5 unbinding_event at DNA_topoI 3 enzyme topoI with twist -46.37589 superhelical -0.01361 global twist -50.26548 global supercoiling -0.01453
frame 1459 time 729.5 binding_event at DNA_topoI 8 enzyme topoI with twist -46.37589 superhelical -0.01314 global twist -46.37589 global supercoiling -0.01314
frame 1469 time 734.5 unbinding_event at DNA_topoI 8 enzyme topoI with twist -3.59039 superhelical -0.00394 global twist -7.47998 global supercoiling -0.00216
frame 1520 time 760.0 binding_event at DNA_gyrase 44 enzyme gyrase with twist -3.59039 superhelical -0.00102 global twist -3.59039 global supercoiling -0.00102
frame 1522 time 761.0 unbinding_event at DNA_gyrase 44 enzyme gyrase with twist -11.66877 superhelical -0.00426 global twist -8.97598 global supercoiling -0.00260
frame 1582 time 791.0 binding_event at gene tetA enzyme RNAP with twist -11.66877 superhelical -0.00331 global twist -11.66877 global supercoiling -0.00331
frame 1618 time 809.0 binding_event at DNA_gyrase 34 enzyme gyrase with twist -134.95724 superhelical -0.05713 global twist -11.66877 global supercoiling -0.00332
frame 1622 time 811.0 unbinding_event at gene tetA enzyme RNAP with twist 13.18798 superhelical -0.06943 global twist -22.43995 global supercoiling -0.00652
frame 1639 time 819.5 unbinding_event at DNA_gyrase 34 enzyme gyrase with twist -70.91023 superhelical -0.11416 global twist -68.21744 global supercoiling -0.01972
frame 1675 time 837.5 binding_event at gene tetA enzyme RNAP with twist -70.91023 superhelical -0.02008 global twist -70.91023 global supercoiling -0.02008
frame 1692 time 846.0 binding_event at gene tetA enzyme RNAP with twist -95.69422 superhelical -0.04734 global twist -70.91023 global supercoiling -0.02019
frame 1715 time 857.5 binding_event at DNA_gyrase 12 enzyme gyrase with twist 107.36299 superhelical 0.09968 global twist -70.91023 global supercoiling -0.02031
frame 1715 time 857.5 unbinding_event at gene tetA enzyme RNAP with twist -1.45719 superhelical -0.04779 global twist -70.91023 global supercoiling -0.02031
frame 1720 time 860.0 unbinding_event at DNA_gyrase 12 enzyme gyrase with twist 99.07797 superhelical 0.03357 global twist -84.37420 global supercoiling -0.02453
frame 1727 time 863.5 binding_event at gene mKalama1 enzyme RNAP with twist -207.68732 superhelical -0.08858 global twist -87.06700 global supercoiling -0.02480
frame 1732 time 866.0 unbinding_event at gene tetA enzyme RNAP with twist -50.78184 superhelical -0.10191 global twist -87.06700 global supercoiling -0.02493
frame 1738 time 869.0 binding_event at gene tetA enzyme RNAP with twist -68.73380 superhelical -0.02245 global twist -87.06700 global supercoiling -0.02480
frame 1754 time 877.0 unbinding_event at gene mKalama1 enzyme RNAP with twist -107.54476 superhelical 0.29489 global twist -87.06700 global supercoiling -0.02493
frame 1778 time 889.0 unbinding_event at gene tetA enzyme RNAP with twist -87.06700 superhelical -0.07899 global twist -87.06700 global supercoiling -0.02480
frame 1803 time 901.5 binding_event at gene Raspberry enzyme RNAP with twist -87.06700 superhelical -0.02466 global twist -87.06700 global supercoiling -0.02466
frame 1809 time 904.5 binding_event at gene Raspberry enzyme RNAP with twist -40.44544 superhelical -0.04649 global twist -87.06700 global supercoiling -0.02480
frame 1814 time 907.0 binding_event at DNA_gyrase 29 enzyme gyrase with twist -54.18789 superhelical -0.06359 global twist -87.06700 global supercoiling -0.02493
frame 1817 time 908.5 binding_event at gene tetA enzyme RNAP with twist -17.89842 superhelical -0.00717 global twist -95.14538 global supercoiling -0.02782
frame 1818 time 909.0 binding_event at DNA_topoI 37 enzyme topoI with twist -61.63472 superhelical -0.09131 global twist -97.83817 global supercoiling -0.02876
frame 1820 time 910.0 binding_event at gene mKalama1 enzyme RNAP with twist -50.16547 superhelical -0.09980 global twist -95.44458 global supercoiling -0.02867
frame 1830 time 915.0 unbinding_event at gene Raspberry enzyme RNAP with twist -9.14432 superhelical -0.04753 global twist -83.47660 global supercoiling -0.02522
frame 1831 time 915.5 unbinding_event at DNA_gyrase 29 enzyme gyrase with twist -50.95679 superhelical -0.20627 global twist -82.27981 global supercoiling -0.02471
frame 1833 time 916.5 unbinding_event at DNA_topoI 37 enzyme topoI with twist -68.45655 superhelical -0.09472 global twist -77.19342 global supercoiling -0.02270
frame 1835 time 917.5 binding_event at DNA_topoI 29 enzyme topoI with twist -40.18561 superhelical -0.10626 global twist -73.30383 global supercoiling -0.02111
frame 1836 time 918.0 unbinding_event at gene Raspberry enzyme RNAP with twist -99.14322 superhelical -0.09960 global twist -69.41424 global supercoiling -0.02041
frame 1847 time 923.5 unbinding_event at gene mKalama1 enzyme RNAP with twist -168.90102 superhelical 0.02552 global twist -26.62874 global supercoiling -0.00779
frame 1851 time 925.5 binding_event at gene tetA enzyme RNAP with twist 42.88655 superhelical 0.02064 global twist -11.07037 global supercoiling -0.00322
frame 1853 time 926.5 unbinding_event at DNA_topoI 29 enzyme topoI with twist -131.59990 superhelical -0.88769 global twist -3.29119 global supercoiling -0.00096
frame 1857 time 928.5 unbinding_event at gene tetA enzyme RNAP with twist 146.55987 superhelical 0.02083 global twist 0.59840 global supercoiling 0.00017
frame 1863 time 931.5 binding_event at DNA_gyrase 20 enzyme gyrase with twist 164.51182 superhelical 0.10414 global twist 0.59840 global supercoiling 0.00017
frame 1868 time 934.0 unbinding_event at DNA_gyrase 20 enzyme gyrase with twist 169.89741 superhelical 0.13282 global twist -12.86557 global supercoiling -0.00374
frame 1880 time 940.0 binding_event at DNA_gyrase 17 enzyme gyrase with twist 209.39172 superhelical 0.16428 global twist -15.55836 global supercoiling -0.00443
frame 1883 time 941.5 unbinding_event at DNA_gyrase 17 enzyme gyrase with twist 212.98211 superhelical 0.21124 global twist -23.63674 global supercoiling -0.00687
frame 1884 time 942.0 binding_event at DNA_gyrase 3 enzyme gyrase with twist 212.98211 superhelical 0.09226 global twist -26.32954 global supercoiling -0.00750
frame 1891 time 945.5 unbinding_event at gene tetA enzyme RNAP with twist 234.23232 superhelical -0.01557 global twist 407.11467 global supercoiling 0.11836
frame 1894 time 947.0 unbinding_event at DNA_gyrase 3 enzyme gyrase with twist 396.34349 superhelical 0.08742 global twist 399.03628 global supercoiling 0.11537
frame 1906 time 953.0 binding_event at DNA_gyrase 3 enzyme gyrase with twist 396.34349 superhelical 0.11226 global twist 396.34349 global supercoiling 0.11226
frame 1909 time 954.5 binding_event at DNA_gyrase 34 enzyme gyrase with twist 213.74401 superhelical 0.11247 global twist 388.26511 global supercoiling 0.11226
frame 1912 time 956.0 unbinding_event at DNA_gyrase 34 enzyme gyrase with twist 197.58725 superhelical 0.10684 global twist 372.10835 global supercoiling 0.10987
frame 1916 time 958.0 binding_event at DNA_gyrase 10 enzyme gyrase with twist 165.09632 superhelical 0.10595 global twist 358.64438 global supercoiling 0.10369
frame 1921 time 960.5 unbinding_event at DNA_gyrase 3 enzyme gyrase with twist 217.16692 superhelical 0.09759 global twist 331.71644 global supercoiling 0.09794
frame 1923 time 961.5 unbinding_event at DNA_gyrase 10 enzyme gyrase with twist 320.94527 superhelical 0.08925 global twist 323.63806 global supercoiling 0.09357
frame 1938 time 969.0 binding_event at gene tetA enzyme RNAP with twist 320.94527 superhelical 0.09091 global twist 320.94527 global supercoiling 0.09091
frame 1953 time 976.5 binding_event at DNA_gyrase 6 enzyme gyrase with twist 217.93832 superhelical 0.14282 global twist 320.94527 global supercoiling 0.09140
frame 1953 time 976.5 unbinding_event at DNA_gyrase 6 enzyme gyrase with twist 218.83592 superhelical 0.20274 global twist 320.94527 global supercoiling 0.09140
frame 1978 time 989.0 binding_event at DNA_gyrase 17 enzyme gyrase with twist 305.00532 superhelical 0.28317 global twist 318.25247 global supercoiling 0.09063
frame 1978 time 989.0 unbinding_event at gene tetA enzyme RNAP with twist 149.15315 superhelical 0.00394 global twist 318.25247 global supercoiling 0.09063
frame 1983 time 991.5 unbinding_event at DNA_gyrase 17 enzyme gyrase with twist 302.09571 superhelical 0.04901 global twist 304.78850 global supercoiling 0.08812
frame 1984 time 992.0 binding_event at DNA_gyrase 36 enzyme gyrase with twist 302.09571 superhelical 0.08557 global twist 302.09571 global supercoiling 0.08557
frame 2007 time 1003.5 unbinding_event at DNA_gyrase 36 enzyme gyrase with twist 237.46866 superhelical 0.03981 global twist 240.16146 global supercoiling 0.06944
frame 2016 time 1008.0 binding_event at DNA_gyrase 33 enzyme gyrase with twist 237.46866 superhelical 0.06726 global twist 237.46866 global supercoiling 0.06726
frame 2017 time 1008.5 unbinding_event at DNA_gyrase 33 enzyme gyrase with twist 232.08307 superhelical 0.06286 global twist 234.77587 global supercoiling 0.06788
frame 2048 time 1024.0 binding_event at DNA_gyrase 36 enzyme gyrase with twist 232.08307 superhelical 0.06574 global twist 232.08307 global supercoiling 0.06574
frame 2049 time 1024.5 binding_event at DNA_gyrase 46 enzyme gyrase with twist 185.12312 superhelical 0.06662 global twist 229.39028 global supercoiling 0.06632
frame 2053 time 1026.5 unbinding_event at DNA_gyrase 46 enzyme gyrase with twist 164.92717 superhelical 0.04755 global twist 207.84793 global supercoiling 0.06137
frame 2054 time 1027.0 unbinding_event at DNA_gyrase 36 enzyme gyrase with twist 199.76955 superhelical 0.05324 global twist 202.46234 global supercoiling 0.05854
frame 2063 time 1031.5 binding_event at gene tetA enzyme RNAP with twist 199.76955 superhelical 0.05658 global twist 199.76955 global supercoiling 0.05658
frame 2100 time 1050.0 binding_event at DNA_gyrase 44 enzyme gyrase with twist -35.20661 superhelical -0.01479 global twist 199.76955 global supercoiling 0.05689
frame 2103 time 1051.5 unbinding_event at gene tetA enzyme RNAP with twist 213.51125 superhelical -0.03181 global twist 191.69117 global supercoiling 0.05573
frame 2105 time 1052.5 unbinding_event at DNA_gyrase 44 enzyme gyrase with twist 183.61279 superhelical -0.02169 global twist 186.30558 global supercoiling 0.05387
frame 2110 time 1055.0 binding_event at gene tetA enzyme RNAP with twist 183.61279 superhelical 0.05201 global twist 183.61279 global supercoiling 0.05201
frame 2150 time 1075.0 unbinding_event at gene tetA enzyme RNAP with twist 183.61279 superhelical -0.02343 global twist 183.61279 global supercoiling 0.05229
frame 2169 time 1084.5 binding_event at DNA_gyrase 48 enzyme gyrase with twist 183.61279 superhelical 0.05201 global twist 183.61279 global supercoiling 0.05201
frame 2169 time 1084.5 unbinding_event at DNA_gyrase 48 enzyme gyrase with twist 180.91999 superhelical 0.05221 global twist 183.61279 global supercoiling 0.05201
frame 2207 time 1103.5 binding_event at DNA_gyrase 47 enzyme gyrase with twist 180.91999 superhelical 0.05124 global twist 180.91999 global supercoiling 0.05124
frame 2218 time 1109.0 unbinding_event at DNA_gyrase 47 enzyme gyrase with twist 148.60647 superhelical 0.04131 global twist 151.29926 global supercoiling 0.04374
frame 2227 time 1113.5 binding_event at DNA_gyrase 47 enzyme gyrase with twist 148.60647 superhelical 0.04209 global twist 148.60647 global supercoiling 0.04209
frame 2230 time 1115.0 unbinding_event at DNA_gyrase 47 enzyme gyrase with twist 137.83529 superhelical 0.03930 global twist 140.52809 global supercoiling 0.04063
frame 2245 time 1122.5 binding_event at DNA_gyrase 30 enzyme gyrase with twist 137.83529 superhelical 0.03904 global twist 137.83529 global supercoiling 0.03904
frame 2247 time 1123.5 unbinding_event at DNA_gyrase 30 enzyme gyrase with twist 129.75691 superhelical 0.02363 global twist 132.44971 global supercoiling 0.03829
frame 2290 time 1145.0 binding_event at gene tetA enzyme RNAP with twist 129.75691 superhelical 0.03675 global twist 129.75691 global supercoiling 0.03675
frame 2330 time 1165.0 unbinding_event at gene tetA enzyme RNAP with twist 129.75691 superhelical -0.03417 global twist 129.75691 global supercoiling 0.03695
frame 2356 time 1178.0 binding_event at DNA_gyrase 28 enzyme gyrase with twist 129.75691 superhelical 0.03675 global twist 129.75691 global supercoiling 0.03675
frame 2356 time 1178.0 unbinding_event at DNA_gyrase 28 enzyme gyrase with twist 127.06412 superhelical 0.02473 global twist 129.75691 global supercoiling 0.03675
frame 2399 time 1199.5 binding_event at gene tetA enzyme RNAP with twist 127.06412 superhelical 0.03599 global twist 127.06412 global supercoiling 0.03599
frame 2439 time 1219.5 unbinding_event at gene tetA enzyme RNAP with twist 127.06412 superhelical -0.03470 global twist 127.06412 global supercoiling 0.03619
frame 2522 time 1261.0 binding_event at DNA_gyrase 39 enzyme gyrase with twist 127.06412 superhelical 0.03599 global twist 127.06412 global supercoiling 0.03599
frame 2526 time 1263.0 unbinding_event at DNA_gyrase 39 enzyme gyrase with twist 113.60015 superhelical 0.02922 global twist 116.29295 global supercoiling 0.03362
frame 2534 time 1267.0 binding_event at gene tetA enzyme RNAP with twist 113.60015 superhelical 0.03218 global twist 113.60015 global supercoiling 0.03218
frame 2536 time 1268.0 binding_event at gene tetA enzyme RNAP with twist 48.34158 superhelical 0.02759 global twist 113.60015 global supercoiling 0.03235
frame 2553 time 1276.5 binding_event at gene tetA enzyme RNAP with twist -13.16247 superhelical -0.00651 global twist 113.60015 global supercoiling 0.03253
frame 2560 time 1280.0 binding_event at DNA_gyrase 16 enzyme gyrase with twist 151.42797 superhelical 0.11399 global twist 113.60015 global supercoiling 0.03271
frame 2561 time 1280.5 binding_event at gene mKalama1 enzyme RNAP with twist -40.00525 superhelical -0.02151 global twist 110.90736 global supercoiling 0.03261
frame 2569 time 1284.5 unbinding_event at DNA_gyrase 16 enzyme gyrase with twist 160.40395 superhelical 0.21792 global twist 89.36501 global supercoiling 0.02642
frame 2574 time 1287.0 unbinding_event at gene tetA enzyme RNAP with twist 178.82330 superhelical 0.02790 global twist 86.67221 global supercoiling 0.02509
frame 2576 time 1288.0 unbinding_event at gene tetA enzyme RNAP with twist 184.12373 superhelical -0.00657 global twist 86.67221 global supercoiling 0.02496
frame 2588 time 1294.0 unbinding_event at gene mKalama1 enzyme RNAP with twist -140.53621 superhelical 0.59704 global twist 86.67221 global supercoiling 0.02482
frame 2593 time 1296.5 unbinding_event at gene tetA enzyme RNAP with twist 86.67221 superhelical -0.06463 global twist 86.67221 global supercoiling 0.02468
frame 2600 time 1300.0 binding_event at DNA_gyrase 21 enzyme gyrase with twist 86.67221 superhelical 0.02455 global twist 86.67221 global supercoiling 0.02455
frame 2605 time 1302.5 unbinding_event at DNA_gyrase 21 enzyme gyrase with twist 70.51545 superhelical 0.02253 global twist 73.20825 global supercoiling 0.02117
frame 2670 time 1335.0 binding_event at DNA_gyrase 0 enzyme gyrase with twist 70.51545 superhelical 0.01997 global twist 70.51545 global supercoiling 0.01997
frame 2671 time 1335.5 unbinding_event at DNA_gyrase 0 enzyme gyrase with twist 65.12986 superhelical 0.01879 global twist 67.82266 global supercoiling 0.01961
frame 2800 time 1400.0 binding_event at DNA_gyrase 49 enzyme gyrase with twist 65.12986 superhelical 0.01845 global twist 65.12986 global supercoiling 0.01845
frame 2805 time 1402.5 unbinding_event at DNA_gyrase 49 enzyme gyrase with twist 48.97310 superhelical 0.01382 global twist 51.66590 global supercoiling 0.01494
frame 2818 time 1409.0 binding_event at DNA_gyrase 10 enzyme gyrase with twist 48.97310 superhelical 0.01387 global twist 48.97310 global supercoiling 0.01387
frame 2822 time 1411.0 unbinding_event at DNA_gyrase 10 enzyme gyrase with twist 35.50913 superhelical 0.01136 global twist 38.20193 global supercoiling 0.01105
frame 2851 time 1425.5 binding_event at gene tetA enzyme RNAP with twist 35.50913 superhelical 0.01006 global twist 35.50913 global supercoiling 0.01006
frame 2876 time 1438.0 binding_event at DNA_topoI 37 enzyme topoI with twist -72.40461 superhelical -0.03344 global twist 35.50913 global supercoiling 0.01011
frame 2880 time 1440.0 unbinding_event at DNA_topoI 37 enzyme topoI with twist -70.90861 superhelical -0.02165 global twist 51.06750 global supercoiling 0.01485
frame 2886 time 1443.0 binding_event at DNA_topoI 36 enzyme topoI with twist -88.86057 superhelical -0.03790 global twist 54.95709 global supercoiling 0.01565
frame 2886 time 1443.0 unbinding_event at DNA_topoI 36 enzyme topoI with twist -88.56137 superhelical -0.03624 global twist 54.95709 global supercoiling 0.01565
frame 2891 time 1445.5 unbinding_event at gene tetA enzyme RNAP with twist 58.84668 superhelical -0.04344 global twist 58.84668 global supercoiling 0.01676
frame 2929 time 1464.5 binding_event at DNA_gyrase 12 enzyme gyrase with twist 58.84668 superhelical 0.01667 global twist 58.84668 global supercoiling 0.01667
frame 2931 time 1465.5 unbinding_event at DNA_gyrase 12 enzyme gyrase with twist 50.76830 superhelical 0.01543 global twist 53.46109 global supercoiling 0.01546
frame 2996 time 1498.0 binding_event at gene tetA enzyme RNAP with twist 50.76830 superhelical 0.01438 global twist 50.76830 global supercoiling 0.01438
frame 3036 time 1518.0 unbinding_event at gene tetA enzyme RNAP with twist 50.76830 superhelical -0.04991 global twist 50.76830 global supercoiling 0.01446
frame 3094 time 1547.0 binding_event at DNA_gyrase 4 enzyme gyrase with twist 50.76830 superhelical 0.01438 global twist 50.76830 global supercoiling 0.01438
frame 3100 time 1550.0 binding_event at gene tetA enzyme RNAP with twist 20.87185 superhelical 0.01058 global twist 34.61154 global supercoiling 0.01001
frame 3102 time 1551.0 unbinding_event at DNA_gyrase 4 enzyme gyrase with twist 18.96473 superhelical 0.05059 global twist 29.22595 global supercoiling 0.00850
frame 3108 time 1554.0 binding_event at gene tetA enzyme RNAP with twist -10.38353 superhelical -0.00558 global twist 26.53316 global supercoiling 0.00756
frame 3114 time 1557.0 binding_event at DNA_gyrase 43 enzyme gyrase with twist -31.22375 superhelical -0.01712 global twist 26.53316 global supercoiling 0.00760
frame 3120 time 1560.0 unbinding_event at DNA_gyrase 43 enzyme gyrase with twist -75.20604 superhelical -0.02579 global twist 10.37639 global supercoiling 0.00303
frame 3140 time 1570.0 unbinding_event at gene tetA enzyme RNAP with twist 154.69747 superhelical -0.00564 global twist 7.68360 global supercoiling 0.00220
frame 3148 time 1574.0 unbinding_event at gene tetA enzyme RNAP with twist 7.68360 superhelical -0.07166 global twist 7.68360 global supercoiling 0.00219
frame 3191 time 1595.5 binding_event at DNA_gyrase 1 enzyme gyrase with twist 7.68360 superhelical 0.00218 global twist 7.68360 global supercoiling 0.00218
frame 3192 time 1596.0 unbinding_event at DNA_gyrase 1 enzyme gyrase with twist 2.29801 superhelical 0.00069 global twist 4.99081 global supercoiling 0.00144
frame 3224 time 1612.0 binding_event at gene tetA enzyme RNAP with twist 2.29801 superhelical 0.00065 global twist 2.29801 global supercoiling 0.00065
frame 3256 time 1628.0 binding_event at DNA_gyrase 10 enzyme gyrase with twist 116.06738 superhelical 0.09508 global twist 2.29801 global supercoiling 0.00065
frame 3258 time 1629.0 binding_event at gene tetA enzyme RNAP with twist -120.95016 superhelical -0.05199 global twist -3.08758 global supercoiling -0.00090
frame 3258 time 1629.0 unbinding_event at DNA_gyrase 10 enzyme gyrase with twist 118.76018 superhelical 0.40924 global twist -3.08758 global supercoiling -0.00090
frame 3264 time 1632.0 unbinding_event at gene tetA enzyme RNAP with twist 109.31219 superhelical -0.05242 global twist -5.78037 global supercoiling -0.00166
frame 3298 time 1649.0 unbinding_event at gene tetA enzyme RNAP with twist -5.78037 superhelical -0.09671 global twist -5.78037 global supercoiling -0.00165
frame 3333 time 1666.5 binding_event at gene tetA enzyme RNAP with twist -5.78037 superhelical -0.00164 global twist -5.78037 global supercoiling -0.00164
frame 3373 time 1686.5 unbinding_event at gene tetA enzyme RNAP with twist -5.78037 superhelical -0.06118 global twist -5.78037 global supercoiling -0.00165
frame 3459 time 1729.5 binding_event at gene CDS enzyme RNAP with twist -5.78037 superhelical -0.00164 global twist -5.78037 global supercoiling -0.00164
frame 3466 time 1733.0 unbinding_event at gene CDS enzyme RNAP with twist -5.78037 superhelical -0.01129 global twist -5.78037 global supercoiling -0.00165
frame 3547 time 1773.5 binding_event at DNA_gyrase 8 enzyme gyrase with twist -5.78037 superhelical -0.00164 global twist -5.78037 global supercoiling -0.00164
frame 3550 time 1775.0 unbinding_event at DNA_gyrase 8 enzyme gyrase with twist -16.55154 superhelical -0.00405 global twist -13.85875 global supercoiling -0.00401
frame 3595 time 1797.5 binding_event at DNA_topoI 0 enzyme topoI with twist -16.55154 superhelical -0.00469 global twist -16.55154 global supercoiling -0.00469
frame 3595 time 1797.5 unbinding_event at DNA_topoI 0 enzyme topoI with twist -12.66195 superhelical -0.00363 global twist -16.55154 global supercoiling -0.00469
frame 3624 time 1812.0 binding_event at gene tetA enzyme RNAP with twist -12.66195 superhelical -0.00359 global twist -12.66195 global supercoiling -0.00359
frame 3663 time 1831.5 binding_event at DNA_topoI 48 enzyme topoI with twist -146.21383 superhelical -0.06051 global twist -12.66195 global supercoiling -0.00361
frame 3664 time 1832.0 unbinding_event at gene tetA enzyme RNAP with twist 87.36006 superhelical -0.06362 global twist -8.77236 global supercoiling -0.00255
frame 3666 time 1833.0 unbinding_event at DNA_topoI 48 enzyme topoI with twist 2.89641 superhelical -0.05732 global twist -0.99318 global supercoiling -0.00029
frame 3711 time 1855.5 binding_event at DNA_gyrase 19 enzyme gyrase with twist 2.89641 superhelical 0.00082 global twist 2.89641 global supercoiling 0.00082
frame 3713 time 1856.5 unbinding_event at DNA_gyrase 19 enzyme gyrase with twist -5.18197 superhelical -0.00049 global twist -2.48918 global supercoiling -0.00072
frame 3731 time 1865.5 binding_event at gene mKalama1 enzyme RNAP with twist -5.18197 superhelical -0.00147 global twist -5.18197 global supercoiling -0.00147
frame 3758 time 1879.0 unbinding_event at gene mKalama1 enzyme RNAP with twist -5.18197 superhelical 0.68762 global twist -5.18197 global supercoiling -0.00148
frame 3806 time 1903.0 binding_event at gene Raspberry enzyme RNAP with twist -5.18197 superhelical -0.00147 global twist -5.18197 global supercoiling -0.00147
frame 3825 time 1912.5 binding_event at gene tetA enzyme RNAP with twist 64.16053 superhelical 0.02665 global twist -5.18197 global supercoiling -0.00148
frame 3833 time 1916.5 binding_event at DNA_gyrase 4 enzyme gyrase with twist 76.93996 superhelical 0.04659 global twist -5.18197 global supercoiling -0.00148
frame 3833 time 1916.5 unbinding_event at gene Raspberry enzyme RNAP with twist -85.71232 superhelical -0.08036 global twist -5.18197 global supercoiling -0.00148
frame 3835 time 1917.5 unbinding_event at DNA_gyrase 4 enzyme gyrase with twist 79.63275 superhelical 0.28557 global twist -10.56756 global supercoiling -0.00307
frame 3865 time 1932.5 unbinding_event at gene tetA enzyme RNAP with twist -13.26035 superhelical -0.08180 global twist -13.26035 global supercoiling -0.00378
frame 3905 time 1952.5 binding_event at gene tetA enzyme RNAP with twist -13.26035 superhelical -0.00376 global twist -13.26035 global supercoiling -0.00376
frame 3939 time 1969.5 binding_event at DNA_gyrase 20 enzyme gyrase with twist 115.29399 superhelical 0.09731 global twist -13.26035 global supercoiling -0.00378
frame 3941 time 1970.5 unbinding_event at DNA_gyrase 20 enzyme gyrase with twist 117.98679 superhelical 0.12065 global twist -18.64594 global supercoiling -0.00542
frame 3945 time 1972.5 unbinding_event at gene tetA enzyme RNAP with twist -21.33873 superhelical -0.06267 global twist -21.33873 global supercoiling -0.00608
frame 3980 time 1990.0 binding_event at gene tetA enzyme RNAP with twist -21.33873 superhelical -0.00604 global twist -21.33873 global supercoiling -0.00604
frame 3982 time 1991.0 binding_event at DNA_gyrase 3 enzyme gyrase with twist -3.72859 superhelical -0.00212 global twist -21.33873 global supercoiling -0.00608
frame 3989 time 1994.5 unbinding_event at DNA_gyrase 3 enzyme gyrase with twist 3.45219 superhelical 1.23011 global twist -40.18829 global supercoiling -0.01168
frame 3998 time 1999.0 binding_event at gene mKalama1 enzyme RNAP with twist -75.05641 superhelical -0.03680 global twist -42.88108 global supercoiling -0.01221
frame 4012 time 2006.0 binding_event at DNA_gyrase 25 enzyme gyrase with twist 82.44081 superhelical 0.06753 global twist -42.88108 global supercoiling -0.01228
frame 4016 time 2008.0 unbinding_event at DNA_gyrase 25 enzyme gyrase with twist 86.92880 superhelical 0.08529 global twist -53.65226 global supercoiling -0.01569
frame 4020 time 2010.0 unbinding_event at gene tetA enzyme RNAP with twist -114.86866 superhelical -0.09832 global twist -56.34505 global supercoiling -0.01613
frame 4025 time 2012.5 unbinding_event at gene mKalama1 enzyme RNAP with twist -56.34505 superhelical 0.52810 global twist -56.34505 global supercoiling -0.01605
frame 4059 time 2029.5 binding_event at gene tetA enzyme RNAP with twist -56.34505 superhelical -0.01596 global twist -56.34505 global supercoiling -0.01596
frame 4099 time 2049.5 unbinding_event at gene tetA enzyme RNAP with twist -56.34505 superhelical -0.07126 global twist -56.34505 global supercoiling -0.01605
frame 4166 time 2083.0 binding_event at gene tetA enzyme RNAP with twist -56.34505 superhelical -0.01596 global twist -56.34505 global supercoiling -0.01596
frame 4202 time 2101.0 binding_event at DNA_gyrase 21 enzyme gyrase with twist 100.44783 superhelical 0.08743 global twist -56.34505 global supercoiling -0.01605
frame 4206 time 2103.0 unbinding_event at gene tetA enzyme RNAP with twist -87.85417 superhelical -0.07126 global twist -67.11623 global supercoiling -0.01951
frame 4211 time 2105.5 unbinding_event at DNA_gyrase 21 enzyme gyrase with twist -83.27299 superhelical -0.02962 global twist -80.58019 global supercoiling -0.02330
frame 4248 time 2124.0 binding_event at gene Raspberry enzyme RNAP with twist -83.27299 superhelical -0.02359 global twist -83.27299 global supercoiling -0.02359
frame 4266 time 2133.0 binding_event at DNA_gyrase 47 enzyme gyrase with twist -0.56656 superhelical -0.00023 global twist -83.27299 global supercoiling -0.02372
frame 4266 time 2133.0 unbinding_event at DNA_gyrase 47 enzyme gyrase with twist 0.33104 superhelical 0.00621 global twist -83.27299 global supercoiling -0.02372
frame 4275 time 2137.5 unbinding_event at gene Raspberry enzyme RNAP with twist -85.96578 superhelical -0.09376 global twist -85.96578 global supercoiling -0.02448
frame 4285 time 2142.5 binding_event at DNA_topoI 43 enzyme topoI with twist -85.96578 superhelical -0.02435 global twist -85.96578 global supercoiling -0.02435
frame 4289 time 2144.5 unbinding_event at DNA_topoI 43 enzyme topoI with twist -66.51783 superhelical -0.01663 global twist -70.40742 global supercoiling -0.02036
frame 4302 time 2151.0 binding_event at gene tetA enzyme RNAP with twist -66.51783 superhelical -0.01884 global twist -66.51783 global supercoiling -0.01884
frame 4342 time 2171.0 unbinding_event at gene tetA enzyme RNAP with twist -66.51783 superhelical -0.07329 global twist -66.51783 global supercoiling -0.01894
frame 4381 time 2190.5 binding_event at gene tetA enzyme RNAP with twist -66.51783 superhelical -0.01884 global twist -66.51783 global supercoiling -0.01884
frame 4403 time 2201.5 binding_event at gene tetA enzyme RNAP with twist -111.49937 superhelical -0.05281 global twist -66.51783 global supercoiling -0.01894
frame 4421 time 2210.5 unbinding_event at gene tetA enzyme RNAP with twist 93.16992 superhelical -0.05330 global twist -66.51783 global supercoiling -0.01905
frame 4443 time 2221.5 unbinding_event at gene tetA enzyme RNAP with twist -66.51783 superhelical -0.09733 global twist -66.51783 global supercoiling -0.01894
frame 4454 time 2227.0 binding_event at DNA_gyrase 39 enzyme gyrase with twist -66.51783 superhelical -0.01884 global twist -66.51783 global supercoiling -0.01884
frame 4454 time 2227.0 unbinding_event at DNA_gyrase 39 enzyme gyrase with twist -69.21062 superhelical -0.02074 global twist -66.51783 global supercoiling -0.01884
frame 4466 time 2233.0 binding_event at DNA_topoI 1 enzyme topoI with twist -69.21062 superhelical -0.01960 global twist -69.21062 global supercoiling -0.01960
frame 4466 time 2233.0 unbinding_event at DNA_topoI 1 enzyme topoI with twist -65.32103 superhelical -0.01890 global twist -69.21062 global supercoiling -0.01960
frame 4467 time 2233.5 binding_event at DNA_topoI 6 enzyme topoI with twist -65.32103 superhelical -0.01850 global twist -65.32103 global supercoiling -0.01850
frame 4476 time 2238.0 unbinding_event at DNA_topoI 6 enzyme topoI with twist -26.42512 superhelical -0.00969 global twist -30.31471 global supercoiling -0.00876
frame 4683 time 2341.5 binding_event at DNA_topoI 40 enzyme topoI with twist -26.42512 superhelical -0.00748 global twist -26.42512 global supercoiling -0.00748
frame 4689 time 2344.5 unbinding_event at DNA_topoI 40 enzyme topoI with twist 0.80202 superhelical 0.00644 global twist -3.08758 global supercoiling -0.00089
frame 4730 time 2365.0 binding_event at DNA_gyrase 17 enzyme gyrase with twist 0.80202 superhelical 0.00023 global twist 0.80202 global supercoiling 0.00023
frame 4740 time 2370.0 unbinding_event at DNA_gyrase 17 enzyme gyrase with twist -28.81872 superhelical -0.00486 global twist -26.12592 global supercoiling -0.00755
frame 4754 time 2377.0 binding_event at DNA_gyrase 12 enzyme gyrase with twist -28.81872 superhelical -0.00816 global twist -28.81872 global supercoiling -0.00816
frame 4762 time 2381.0 unbinding_event at DNA_gyrase 12 enzyme gyrase with twist -53.05386 superhelical -0.01309 global twist -50.36107 global supercoiling -0.01456
frame 4767 time 2383.5 binding_event at gene Raspberry enzyme RNAP with twist -53.05386 superhelical -0.01503 global twist -53.05386 global supercoiling -0.01503
frame 4794 time 2397.0 unbinding_event at gene Raspberry enzyme RNAP with twist -53.05386 superhelical -0.08858 global twist -53.05386 global supercoiling -0.01511
frame 4797 time 2398.5 binding_event at gene tetA enzyme RNAP with twist -53.05386 superhelical -0.01503 global twist -53.05386 global supercoiling -0.01503
frame 4837 time 2418.5 unbinding_event at gene tetA enzyme RNAP with twist -53.05386 superhelical -0.07060 global twist -53.05386 global supercoiling -0.01511
frame 4848 time 2424.0 binding_event at gene mKalama1 enzyme RNAP with twist -53.05386 superhelical -0.01503 global twist -53.05386 global supercoiling -0.01503
frame 4850 time 2425.0 binding_event at DNA_gyrase 44 enzyme gyrase with twist -50.45205 superhelical -0.01740 global twist -53.05386 global supercoiling -0.01511
frame 4850 time 2425.0 unbinding_event at DNA_gyrase 44 enzyme gyrase with twist -56.73523 superhelical -0.02504 global twist -53.05386 global supercoiling -0.01511
frame 4875 time 2437.5 unbinding_event at gene mKalama1 enzyme RNAP with twist -55.74665 superhelical 0.62666 global twist -55.74665 global supercoiling -0.01588
frame 4888 time 2444.0 binding_event at gene tetA enzyme RNAP with twist -55.74665 superhelical -0.01579 global twist -55.74665 global supercoiling -0.01579
frame 4925 time 2462.5 binding_event at DNA_topoI 0 enzyme topoI with twist -160.09081 superhelical -0.06725 global twist -55.74665 global supercoiling -0.01588
frame 4928 time 2464.0 unbinding_event at gene tetA enzyme RNAP with twist 68.88471 superhelical -0.07165 global twist -44.07788 global supercoiling -0.01281
frame 4930 time 2465.0 binding_event at DNA_gyrase 23 enzyme gyrase with twist 70.82951 superhelical 0.03993 global twist -36.29870 global supercoiling -0.01049
frame 4930 time 2465.0 unbinding_event at DNA_gyrase 23 enzyme gyrase with twist 70.08151 superhelical 0.04200 global twist -36.29870 global supercoiling -0.01049
frame 4944 time 2472.0 unbinding_event at DNA_topoI 0 enzyme topoI with twist 19.35237 superhelical -0.04626 global twist 15.46278 global supercoiling 0.00447
frame 4945 time 2472.5 binding_event at DNA_gyrase 27 enzyme gyrase with twist 19.35237 superhelical 0.00548 global twist 19.35237 global supercoiling 0.00548
frame 4950 time 2475.0 unbinding_event at DNA_gyrase 27 enzyme gyrase with twist 3.19561 superhelical -0.23548 global twist 5.88840 global supercoiling 0.00170
frame 4985 time 2492.5 binding_event at DNA_gyrase 18 enzyme gyrase with twist 3.19561 superhelical 0.00091 global twist 3.19561 global supercoiling 0.00091
frame 4985 time 2492.5 unbinding_event at DNA_gyrase 18 enzyme gyrase with twist 0.50282 superhelical 0.00047 global twist 3.19561 global supercoiling 0.00091
frame 5030 time 2515.0 binding_event at DNA_gyrase 46 enzyme gyrase with twist 0.50282 superhelical 0.00014 global twist 0.50282 global supercoiling 0.00014
frame 5031 time 2515.5 unbinding_event at DNA_gyrase 46 enzyme gyrase with twist -4.88277 superhelical -0.00178 global twist -2.18998 global supercoiling -0.00063
frame 5054 time 2527.0 binding_event at DNA_gyrase 42 enzyme gyrase with twist -4.88277 superhelical -0.00138 global twist -4.88277 global supercoiling -0.00138
frame 5056 time 2528.0 unbinding_event at DNA_gyrase 42 enzyme gyrase with twist -12.96115 superhelical -0.00505 global twist -10.26836 global supercoiling -0.00297
frame 5132 time 2566.0 binding_event at DNA_gyrase 21 enzyme gyrase with twist -12.96115 superhelical -0.00367 global twist -12.96115 global supercoiling -0.00367
frame 5135 time 2567.5 binding_event at DNA_gyrase 16 enzyme gyrase with twist -16.00471 superhelical -0.00501 global twist -21.03953 global supercoiling -0.00608
frame 5135 time 2567.5 unbinding_event at DNA_gyrase 16 enzyme gyrase with twist -20.04390 superhelical -0.00560 global twist -21.03953 global supercoiling -0.00608
frame 5136 time 2568.0 unbinding_event at DNA_gyrase 21 enzyme gyrase with twist -29.11791 superhelical -0.00670 global twist -26.42512 global supercoiling -0.00764
frame 5181 time 2590.5 binding_event at DNA_gyrase 3 enzyme gyrase with twist -29.11791 superhelical -0.00825 global twist -29.11791 global supercoiling -0.00825
frame 5181 time 2590.5 unbinding_event at DNA_gyrase 3 enzyme gyrase with twist -31.81071 superhelical -0.00913 global twist -29.11791 global supercoiling -0.00825
frame 5272 time 2636.0 binding_event at gene tetA enzyme RNAP with twist -31.81071 superhelical -0.00901 global twist -31.81071 global supercoiling -0.00901
frame 5286 time 2643.0 binding_event at DNA_topoI 32 enzyme topoI with twist -65.81305 superhelical -0.03345 global twist -31.81071 global supercoiling -0.00906
frame 5289 time 2644.5 unbinding_event at DNA_topoI 32 enzyme topoI with twist -64.61625 superhelical -0.01490 global twist -20.14194 global supercoiling -0.00586
frame 5299 time 2649.5 binding_event at gene tetA enzyme RNAP with twist -96.92977 superhelical -0.04404 global twist -16.25234 global supercoiling -0.00463
frame 5310 time 2655.0 binding_event at gene tetA enzyme RNAP with twist -115.74077 superhelical -0.06048 global twist -16.25234 global supercoiling -0.00465
frame 5312 time 2656.0 unbinding_event at gene tetA enzyme RNAP with twist 110.25960 superhelical -0.04443 global twist -16.25234 global supercoiling -0.00468
frame 5333 time 2666.5 binding_event at DNA_gyrase 19 enzyme gyrase with twist 182.06743 superhelical 0.15367 global twist -16.25234 global supercoiling -0.00465
frame 5339 time 2669.5 unbinding_event at gene tetA enzyme RNAP with twist 119.92746 superhelical -0.06109 global twist -32.40911 global supercoiling -0.00948
frame 5340 time 2670.0 unbinding_event at DNA_gyrase 19 enzyme gyrase with twist 178.35410 superhelical 0.16127 global twist -35.10190 global supercoiling -0.01021
frame 5350 time 2675.0 unbinding_event at gene tetA enzyme RNAP with twist -37.79469 superhelical -0.10278 global twist -37.79469 global supercoiling -0.01076
frame 5395 time 2697.5 binding_event at gene tetA enzyme RNAP with twist -37.79469 superhelical -0.01071 global twist -37.79469 global supercoiling -0.01071
frame 5396 time 2698.0 binding_event at gene tetA enzyme RNAP with twist -22.06265 superhelical -0.01272 global twist -37.79469 global supercoiling -0.01076
frame 5418 time 2709.0 binding_event at DNA_topoI 1 enzyme topoI with twist -101.03589 superhelical -0.04786 global twist -37.79469 global supercoiling -0.01082
frame 5435 time 2717.5 unbinding_event at gene tetA enzyme RNAP with twist 127.86824 superhelical -0.01285 global twist 28.32835 global supercoiling 0.00828
frame 5436 time 2718.0 unbinding_event at DNA_topoI 1 enzyme topoI with twist -95.35110 superhelical -0.02851 global twist 32.21794 global supercoiling 0.00937
frame 5436 time 2718.0 unbinding_event at gene tetA enzyme RNAP with twist 36.10753 superhelical -0.02851 global twist 32.21794 global supercoiling 0.00937
frame 5440 time 2720.0 binding_event at DNA_gyrase 12 enzyme gyrase with twist 36.10753 superhelical 0.01023 global twist 36.10753 global supercoiling 0.01023
frame 5441 time 2720.5 unbinding_event at DNA_gyrase 12 enzyme gyrase with twist 30.72195 superhelical 0.00938 global twist 33.41474 global supercoiling 0.00966
frame 5444 time 2722.0 binding_event at gene tetA enzyme RNAP with twist 30.72195 superhelical 0.00870 global twist 30.72195 global supercoiling 0.00870
frame 5447 time 2723.5 binding_event at DNA_gyrase 13 enzyme gyrase with twist 26.47769 superhelical 0.01521 global twist 30.72195 global supercoiling 0.00875
frame 5447 time 2723.5 unbinding_event at DNA_gyrase 13 enzyme gyrase with twist 27.37529 superhelical 0.01898 global twist 30.72195 global supercoiling 0.00875
frame 5448 time 2724.0 binding_event at DNA_gyrase 6 enzyme gyrase with twist 27.37529 superhelical 0.01588 global twist 28.02915 global supercoiling 0.00798
frame 5455 time 2727.5 unbinding_event at DNA_gyrase 6 enzyme gyrase with twist 34.55607 superhelical 0.13968 global twist 9.17960 global supercoiling 0.00267
frame 5484 time 2742.0 unbinding_event at gene tetA enzyme RNAP with twist 6.48680 superhelical -0.05391 global twist 6.48680 global supercoiling 0.00185
frame 5503 time 2751.5 binding_event at DNA_gyrase 11 enzyme gyrase with twist 6.48680 superhelical 0.00184 global twist 6.48680 global supercoiling 0.00184
frame 5506 time 2753.0 unbinding_event at DNA_gyrase 11 enzyme gyrase with twist -4.28437 superhelical -0.00030 global twist -1.59158 global supercoiling -0.00046
frame 5525 time 2762.5 binding_event at gene tetA enzyme RNAP with twist -4.28437 superhelical -0.00121 global twist -4.28437 global supercoiling -0.00121
frame 5528 time 2764.0 binding_event at DNA_gyrase 24 enzyme gyrase with twist 8.58080 superhelical 0.00493 global twist -4.28437 global supercoiling -0.00122
frame 5530 time 2765.0 unbinding_event at DNA_gyrase 24 enzyme gyrase with twist 11.27359 superhelical 0.00962 global twist -9.66996 global supercoiling -0.00281
frame 5534 time 2767.0 binding_event at DNA_gyrase 3 enzyme gyrase with twist 22.04477 superhelical 0.01349 global twist -12.36275 global supercoiling -0.00352
frame 5536 time 2768.0 unbinding_event at DNA_gyrase 3 enzyme gyrase with twist -28.57019 superhelical -0.02259 global twist -17.74834 global supercoiling -0.00516
frame 5565 time 2782.5 unbinding_event at gene tetA enzyme RNAP with twist -20.44114 superhelical -0.05411 global twist -20.44114 global supercoiling -0.00582
frame 5567 time 2783.5 binding_event at gene tetA enzyme RNAP with twist -20.44114 superhelical -0.00579 global twist -20.44114 global supercoiling -0.00579
frame 5582 time 2791.0 binding_event at gene tetA enzyme RNAP with twist -63.84653 superhelical -0.03216 global twist -20.44114 global supercoiling -0.00582
frame 5595 time 2797.5 binding_event at DNA_topoI 33 enzyme topoI with twist -102.39994 superhelical -0.05252 global twist -20.44114 global supercoiling -0.00585
frame 5603 time 2801.5 unbinding_event at DNA_topoI 33 enzyme topoI with twist -99.70715 superhelical -0.01684 global twist 10.67559 global supercoiling 0.00312
frame 5607 time 2803.5 binding_event at DNA_topoI 44 enzyme topoI with twist -110.47832 superhelical -0.05103 global twist 14.56518 global supercoiling 0.00417
frame 5607 time 2803.5 unbinding_event at gene tetA enzyme RNAP with twist 128.63389 superhelical -0.03247 global twist 14.56518 global supercoiling 0.00417
frame 5609 time 2804.5 unbinding_event at DNA_topoI 44 enzyme topoI with twist -109.58072 superhelical -0.04813 global twist 22.34436 global supercoiling 0.00650
frame 5618 time 2809.0 binding_event at gene mKalama1 enzyme RNAP with twist -138.30386 superhelical -0.05854 global twist 26.23396 global supercoiling 0.00747
frame 5622 time 2811.0 unbinding_event at gene tetA enzyme RNAP with twist 46.49568 superhelical -0.07252 global twist 26.23396 global supercoiling 0.00751
frame 5632 time 2816.0 binding_event at DNA_gyrase 0 enzyme gyrase with twist 14.18215 superhelical 0.00455 global twist 26.23396 global supercoiling 0.00747
frame 5634 time 2817.0 binding_event at DNA_gyrase 22 enzyme gyrase with twist 5.57223 superhelical 0.00314 global twist 20.84837 global supercoiling 0.00606
frame 5637 time 2818.5 unbinding_event at DNA_gyrase 22 enzyme gyrase with twist -10.58453 superhelical -0.00387 global twist 4.69161 global supercoiling 0.00139
frame 5638 time 2819.0 unbinding_event at DNA_gyrase 0 enzyme gyrase with twist -40.57132 superhelical -0.02052 global twist -0.69398 global supercoiling -0.00020
frame 5645 time 2822.5 unbinding_event at gene mKalama1 enzyme RNAP with twist -3.38677 superhelical 0.43033 global twist -3.38677 global supercoiling -0.00096
frame 5685 time 2842.5 binding_event at gene tetA enzyme RNAP with twist -3.38677 superhelical -0.00096 global twist -3.38677 global supercoiling -0.00096
frame 5696 time 2848.0 binding_event at DNA_gyrase 4 enzyme gyrase with twist 37.76283 superhelical 0.02364 global twist -3.38677 global supercoiling -0.00096
frame 5699 time 2849.5 unbinding_event at DNA_gyrase 4 enzyme gyrase with twist 41.35322 superhelical 0.30802 global twist -11.46516 global supercoiling -0.00333
frame 5724 time 2862.0 binding_event at gene tetA enzyme RNAP with twist -141.68057 superhelical -0.05863 global twist -14.15795 global supercoiling -0.00403
frame 5725 time 2862.5 unbinding_event at gene tetA enzyme RNAP with twist 94.45565 superhelical -0.05910 global twist -14.15795 global supercoiling -0.00405
frame 5752 time 2876.0 binding_event at DNA_topoI 0 enzyme topoI with twist -201.96378 superhelical -0.09102 global twist -14.15795 global supercoiling -0.00403
frame 5754 time 2877.0 unbinding_event at DNA_topoI 0 enzyme topoI with twist -201.06618 superhelical -0.09060 global twist -6.37877 global supercoiling -0.00185
frame 5758 time 2879.0 binding_event at DNA_topoI 30 enzyme topoI with twist -211.83736 superhelical -0.09105 global twist -2.48918 global supercoiling -0.00071
frame 5758 time 2879.0 unbinding_event at DNA_topoI 30 enzyme topoI with twist -211.53816 superhelical -0.08614 global twist -2.48918 global supercoiling -0.00071
frame 5764 time 2882.0 unbinding_event at gene tetA enzyme RNAP with twist 1.40041 superhelical -0.09505 global twist 1.40041 global supercoiling 0.00040
frame 5776 time 2888.0 binding_event at DNA_gyrase 30 enzyme gyrase with twist 1.40041 superhelical 0.00040 global twist 1.40041 global supercoiling 0.00040
frame 5779 time 2889.5 unbinding_event at DNA_gyrase 30 enzyme gyrase with twist -9.37076 superhelical -0.02123 global twist -6.67797 global supercoiling -0.00193
frame 5780 time 2890.0 binding_event at DNA_gyrase 45 enzyme gyrase with twist -9.37076 superhelical -0.00265 global twist -9.37076 global supercoiling -0.00265
frame 5780 time 2890.0 unbinding_event at DNA_gyrase 45 enzyme gyrase with twist -12.06355 superhelical -0.00372 global twist -9.37076 global supercoiling -0.00265
frame 5823 time 2911.5 binding_event at DNA_gyrase 9 enzyme gyrase with twist -12.06355 superhelical -0.00342 global twist -12.06355 global supercoiling -0.00342
frame 5826 time 2913.0 unbinding_event at DNA_gyrase 9 enzyme gyrase with twist -22.83473 superhelical -0.00580 global twist -20.14194 global supercoiling -0.00582
frame 6040 time 3020.0 binding_event at gene Raspberry enzyme RNAP with twist -22.83473 superhelical -0.00647 global twist -22.83473 global supercoiling -0.00647
frame 6067 time 3033.5 unbinding_event at gene Raspberry enzyme RNAP with twist -22.83473 superhelical -0.08339 global twist -22.83473 global supercoiling -0.00650
frame 6085 time 3042.5 binding_event at gene tetA enzyme RNAP with twist -22.83473 superhelical -0.00647 global twist -22.83473 global supercoiling -0.00647
frame 6122 time 3061.0 binding_event at gene tetA enzyme RNAP with twist -144.00502 superhelical -0.06050 global twist -22.83473 global supercoiling -0.00650
frame 6125 time 3062.5 unbinding_event at gene tetA enzyme RNAP with twist 96.19141 superhelical -0.06099 global twist -22.83473 global supercoiling -0.00654
frame 6142 time 3071.0 binding_event at DNA_topoI 29 enzyme topoI with twist -176.47240 superhelical -0.08504 global twist -22.83473 global supercoiling -0.00650
frame 6143 time 3071.5 unbinding_event at DNA_topoI 29 enzyme topoI with twist -175.87401 superhelical -0.06613 global twist -18.94514 global supercoiling -0.00551
frame 6162 time 3081.0 unbinding_event at gene tetA enzyme RNAP with twist -15.05555 superhelical -0.09954 global twist -15.05555 global supercoiling -0.00429
frame 6203 time 3101.5 binding_event at DNA_gyrase 12 enzyme gyrase with twist -15.05555 superhelical -0.00426 global twist -15.05555 global supercoiling -0.00426
frame 6208 time 3104.0 unbinding_event at DNA_gyrase 12 enzyme gyrase with twist -31.21231 superhelical -0.00752 global twist -28.51952 global supercoiling -0.00825
frame 6216 time 3108.0 binding_event at DNA_gyrase 38 enzyme gyrase with twist -31.21231 superhelical -0.00884 global twist -31.21231 global supercoiling -0.00884
frame 6219 time 3109.5 unbinding_event at DNA_gyrase 38 enzyme gyrase with twist -41.98348 superhelical -0.01556 global twist -39.29069 global supercoiling -0.01136
frame 6228 time 3114.0 binding_event at DNA_gyrase 23 enzyme gyrase with twist -41.98348 superhelical -0.01189 global twist -41.98348 global supercoiling -0.01189
frame 6228 time 3114.0 unbinding_event at DNA_gyrase 23 enzyme gyrase with twist -44.67628 superhelical -0.01254 global twist -41.98348 global supercoiling -0.01189
frame 6357 time 3178.5 binding_event at gene tetA enzyme RNAP with twist -44.67628 superhelical -0.01265 global twist -44.67628 global supercoiling -0.01265
frame 6372 time 3186.0 binding_event at DNA_topoI 33 enzyme topoI with twist -75.69152 superhelical -0.03812 global twist -44.67628 global supercoiling -0.01272
frame 6373 time 3186.5 unbinding_event at DNA_topoI 33 enzyme topoI with twist -75.09312 superhelical -0.03118 global twist -40.78669 global supercoiling -0.01186
frame 6375 time 3187.5 binding_event at DNA_gyrase 36 enzyme gyrase with twist -78.68351 superhelical -0.03858 global twist -36.89710 global supercoiling -0.01051
frame 6375 time 3187.5 unbinding_event at DNA_gyrase 36 enzyme gyrase with twist -84.96670 superhelical -0.04197 global twist -36.89710 global supercoiling -0.01051
frame 6388 time 3194.0 binding_event at gene Raspberry enzyme RNAP with twist -128.05140 superhelical -0.05634 global twist -39.58989 global supercoiling -0.01127
frame 6397 time 3198.5 unbinding_event at gene tetA enzyme RNAP with twist 39.63253 superhelical -0.05682 global twist -39.58989 global supercoiling -0.01134
frame 6415 time 3207.5 unbinding_event at gene Raspberry enzyme RNAP with twist -39.58989 superhelical -0.11371 global twist -39.58989 global supercoiling -0.01127
frame 6551 time 3275.5 binding_event at DNA_gyrase 37 enzyme gyrase with twist -39.58989 superhelical -0.01121 global twist -39.58989 global supercoiling -0.01121
frame 6558 time 3279.0 unbinding_event at DNA_gyrase 37 enzyme gyrase with twist -61.13224 superhelical -0.02578 global twist -58.43945 global supercoiling -0.01690
frame 6568 time 3284.0 binding_event at DNA_topoI 2 enzyme topoI with twist -61.13224 superhelical -0.01732 global twist -61.13224 global supercoiling -0.01732
frame 6571 time 3285.5 unbinding_event at DNA_topoI 2 enzyme topoI with twist -45.57388 superhelical -0.01342 global twist -49.46347 global supercoiling -0.01430
frame 6597 time 3298.5 binding_event at DNA_gyrase 29 enzyme gyrase with twist -45.57388 superhelical -0.01291 global twist -45.57388 global supercoiling -0.01291
frame 6601 time 3300.5 unbinding_event at DNA_gyrase 29 enzyme gyrase with twist -59.03784 superhelical -0.05118 global twist -56.34505 global supercoiling -0.01629
frame 6618 time 3309.0 binding_event at DNA_topoI 33 enzyme topoI with twist -59.03784 superhelical -0.01672 global twist -59.03784 global supercoiling -0.01672
frame 6618 time 3309.0 unbinding_event at DNA_topoI 33 enzyme topoI with twist -55.14825 superhelical -0.01288 global twist -59.03784 global supercoiling -0.01672
frame 6620 time 3310.0 binding_event at DNA_topoI 0 enzyme topoI with twist -55.14825 superhelical -0.01562 global twist -55.14825 global supercoiling -0.01562
frame 6635 time 3317.5 unbinding_event at DNA_topoI 0 enzyme topoI with twist 7.08520 superhelical 0.00252 global twist 3.19561 global supercoiling 0.00092
frame 6692 time 3346.0 binding_event at DNA_gyrase 32 enzyme gyrase with twist 7.08520 superhelical 0.00201 global twist 7.08520 global supercoiling 0.00201
frame 6694 time 3347.0 unbinding_event at DNA_gyrase 32 enzyme gyrase with twist -0.99318 superhelical -0.00824 global twist 1.69961 global supercoiling 0.00049
frame 6715 time 3357.5 binding_event at gene tetA enzyme RNAP with twist -0.99318 superhelical -0.00028 global twist -0.99318 global supercoiling -0.00028
frame 6755 time 3377.5 unbinding_event at gene tetA enzyme RNAP with twist -0.99318 superhelical -0.06023 global twist -0.99318 global supercoiling -0.00028
frame 6854 time 3427.0 binding_event at gene tetA enzyme RNAP with twist -0.99318 superhelical -0.00028 global twist -0.99318 global supercoiling -0.00028
frame 6881 time 3440.5 binding_event at gene tetA enzyme RNAP with twist -97.42599 superhelical -0.04427 global twist -0.99318 global supercoiling -0.00028
frame 6894 time 3447.0 unbinding_event at gene tetA enzyme RNAP with twist 125.90910 superhelical -0.04465 global twist -0.99318 global supercoiling -0.00028
frame 6921 time 3460.5 unbinding_event at gene tetA enzyme RNAP with twist -0.99318 superhelical -0.09128 global twist -0.99318 global supercoiling -0.00028
frame 6970 time 3485.0 binding_event at DNA_gyrase 44 enzyme gyrase with twist -0.99318 superhelical -0.00028 global twist -0.99318 global supercoiling -0.00028
frame 6972 time 3486.0 unbinding_event at DNA_gyrase 44 enzyme gyrase with twist -9.07156 superhelical -0.00351 global twist -6.37877 global supercoiling -0.00184
frame 7002 time 3501.0 binding_event at DNA_gyrase 33 enzyme gyrase with twist -9.07156 superhelical -0.00257 global twist -9.07156 global supercoiling -0.00257
frame 7002 time 3501.0 unbinding_event at DNA_gyrase 33 enzyme gyrase with twist -11.76436 superhelical -0.00552 global twist -9.07156 global supercoiling -0.00257
frame 7019 time 3509.5 binding_event at gene tetA enzyme RNAP with twist -11.76436 superhelical -0.00333 global twist -11.76436 global supercoiling -0.00333
frame 7029 time 3514.5 binding_event at DNA_gyrase 37 enzyme gyrase with twist -41.65377 superhelical -0.02197 global twist -11.76436 global supercoiling -0.00335
frame 7033 time 3516.5 unbinding_event at DNA_gyrase 37 enzyme gyrase with twist -73.06970 superhelical -0.03179 global twist -22.53553 global supercoiling -0.00655
frame 7059 time 3529.5 unbinding_event at gene tetA enzyme RNAP with twist -25.22832 superhelical -0.06786 global twist -25.22832 global supercoiling -0.00718
frame 7066 time 3533.0 binding_event at DNA_gyrase 14 enzyme gyrase with twist -25.22832 superhelical -0.00715 global twist -25.22832 global supercoiling -0.00715
frame 7067 time 3533.5 unbinding_event at DNA_gyrase 14 enzyme gyrase with twist -30.61391 superhelical -0.00829 global twist -27.92112 global supercoiling -0.00807
frame 7169 time 3584.5 binding_event at gene mKalama1 enzyme RNAP with twist -30.61391 superhelical -0.00867 global twist -30.61391 global supercoiling -0.00867
frame 7196 time 3598.0 unbinding_event at gene mKalama1 enzyme RNAP with twist -30.61391 superhelical 0.65523 global twist -30.61391 global supercoiling -0.00872
frame 7227 time 3613.5 binding_event at gene tetA enzyme RNAP with twist -30.61391 superhelical -0.00867 global twist -30.61391 global supercoiling -0.00867
frame 7257 time 3628.5 binding_event at DNA_topoI 42 enzyme topoI with twist -122.67438 superhelical -0.05441 global twist -30.61391 global supercoiling -0.00872
frame 7260 time 3630.0 unbinding_event at DNA_topoI 42 enzyme topoI with twist -121.47758 superhelical -0.04919 global twist -18.94514 global supercoiling -0.00551
frame 7267 time 3633.5 unbinding_event at gene tetA enzyme RNAP with twist -15.05555 superhelical -0.05979 global twist -15.05555 global supercoiling -0.00429
frame 7297 time 3648.5 binding_event at DNA_gyrase 37 enzyme gyrase with twist -15.05555 superhelical -0.00426 global twist -15.05555 global supercoiling -0.00426
frame 7306 time 3653.0 unbinding_event at DNA_gyrase 37 enzyme gyrase with twist -41.98348 superhelical -0.02227 global twist -39.29069 global supercoiling -0.01136
frame 7308 time 3654.0 binding_event at gene tetA enzyme RNAP with twist -41.98348 superhelical -0.01189 global twist -41.98348 global supercoiling -0.01189
frame 7325 time 3662.5 binding_event at DNA_topoI 48 enzyme topoI with twist -81.55619 superhelical -0.04035 global twist -41.98348 global supercoiling -0.01196
frame 7326 time 3663.0 unbinding_event at DNA_topoI 48 enzyme topoI with twist -80.95779 superhelical -0.03931 global twist -38.09389 global supercoiling -0.01108
frame 7348 time 3674.0 unbinding_event at gene tetA enzyme RNAP with twist -34.20430 superhelical -0.06522 global twist -34.20430 global supercoiling -0.00974
frame 7366 time 3683.0 binding_event at DNA_gyrase 8 enzyme gyrase with twist -34.20430 superhelical -0.00969 global twist -34.20430 global supercoiling -0.00969
frame 7374 time 3687.0 unbinding_event at DNA_gyrase 8 enzyme gyrase with twist -58.43945 superhelical -0.01525 global twist -55.74665 global supercoiling -0.01612
frame 7400 time 3700.0 binding_event at DNA_gyrase 8 enzyme gyrase with twist -58.43945 superhelical -0.01655 global twist -58.43945 global supercoiling -0.01655
frame 7400 time 3700.0 unbinding_event at DNA_gyrase 8 enzyme gyrase with twist -61.13224 superhelical -0.01749 global twist -58.43945 global supercoiling -0.01655
frame 7417 time 3708.5 binding_event at gene tetA enzyme RNAP with twist -61.13224 superhelical -0.01732 global twist -61.13224 global supercoiling -0.01732
frame 7441 time 3720.5 binding_event at gene tetA enzyme RNAP with twist -116.04794 superhelical -0.05405 global twist -61.13224 global supercoiling -0.01741
frame 7457 time 3728.5 unbinding_event at gene tetA enzyme RNAP with twist 93.49989 superhelical -0.05454 global twist -61.13224 global supercoiling -0.01751
frame 7481 time 3740.5 unbinding_event at gene tetA enzyme RNAP with twist -61.13224 superhelical -0.09820 global twist -61.13224 global supercoiling -0.01741
frame 7506 time 3753.0 binding_event at DNA_gyrase 20 enzyme gyrase with twist -61.13224 superhelical -0.01732 global twist -61.13224 global supercoiling -0.01732
frame 7506 time 3753.0 unbinding_event at DNA_gyrase 20 enzyme gyrase with twist -63.82503 superhelical -0.01811 global twist -61.13224 global supercoiling -0.01732
frame 7540 time 3770.0 binding_event at DNA_topoI 38 enzyme topoI with twist -63.82503 superhelical -0.01808 global twist -63.82503 global supercoiling -0.01808
frame 7541 time 3770.5 unbinding_event at DNA_topoI 38 enzyme topoI with twist -56.04585 superhelical -0.01373 global twist -59.93544 global supercoiling -0.01733
frame 7549 time 3774.5 binding_event at DNA_topoI 42 enzyme topoI with twist -56.04585 superhelical -0.01587 global twist -56.04585 global supercoiling -0.01587
frame 7562 time 3781.0 unbinding_event at DNA_topoI 42 enzyme topoI with twist -1.59158 superhelical 0.00831 global twist -5.48117 global supercoiling -0.00158
frame 7582 time 3791.0 binding_event at gene tetA enzyme RNAP with twist -1.59158 superhelical -0.00045 global twist -1.59158 global supercoiling -0.00045
frame 7622 time 3811.0 unbinding_event at gene tetA enzyme RNAP with twist -1.59158 superhelical -0.06035 global twist -1.59158 global supercoiling -0.00045
frame 7644 time 3822.0 binding_event at DNA_gyrase 12 enzyme gyrase with twist -1.59158 superhelical -0.00045 global twist -1.59158 global supercoiling -0.00045
frame 7647 time 3823.5 unbinding_event at DNA_gyrase 12 enzyme gyrase with twist -12.36275 superhelical -0.00257 global twist -9.66996 global supercoiling -0.00280
frame 7663 time 3831.5 binding_event at DNA_gyrase 22 enzyme gyrase with twist -12.36275 superhelical -0.00350 global twist -12.36275 global supercoiling -0.00350
frame 7665 time 3832.5 binding_event at gene tetA enzyme RNAP with twist -14.36255 superhelical -0.00440 global twist -17.74834 global supercoiling -0.00513
frame 7673 time 3836.5 unbinding_event at DNA_gyrase 22 enzyme gyrase with twist -2.07560 superhelical 0.00982 global twist -39.29069 global supercoiling -0.01142
frame 7696 time 3848.0 binding_event at DNA_topoI 38 enzyme topoI with twist -118.89650 superhelical -0.05231 global twist -41.98348 global supercoiling -0.01196
frame 7699 time 3849.5 unbinding_event at DNA_topoI 38 enzyme topoI with twist -117.69970 superhelical -0.04457 global twist -30.31471 global supercoiling -0.00881
frame 7705 time 3852.5 unbinding_event at gene tetA enzyme RNAP with twist -26.42512 superhelical -0.05678 global twist -26.42512 global supercoiling -0.00753
frame 7715 time 3857.5 binding_event at DNA_gyrase 26 enzyme gyrase with twist -26.42512 superhelical -0.00748 global twist -26.42512 global supercoiling -0.00748
frame 7723 time 3861.5 unbinding_event at DNA_gyrase 26 enzyme gyrase with twist -50.66026 superhelical -0.32388 global twist -47.96747 global supercoiling -0.01387
frame 7738 time 3869.0 binding_event at DNA_topoI 11 enzyme topoI with twist -50.66026 superhelical -0.01435 global twist -50.66026 global supercoiling -0.01435
frame 7748 time 3874.0 unbinding_event at DNA_topoI 11 enzyme topoI with twist -7.87476 superhelical -0.00600 global twist -11.76436 global supercoiling -0.00340
frame 7822 time 3911.0 binding_event at gene tetA enzyme RNAP with twist -7.87476 superhelical -0.00223 global twist -7.87476 global supercoiling -0.00223
frame 7840 time 3920.0 binding_event at DNA_topoI 0 enzyme topoI with twist -68.47586 superhelical -0.03358 global twist -7.87476 global supercoiling -0.00224
frame 7841 time 3920.5 unbinding_event at DNA_topoI 0 enzyme topoI with twist -67.87746 superhelical -0.03249 global twist -3.98517 global supercoiling -0.00116
frame 7862 time 3931.0 unbinding_event at gene tetA enzyme RNAP with twist -0.09558 superhelical -0.05843 global twist -0.09558 global supercoiling -0.00003
frame 7866 time 3933.0 binding_event at DNA_gyrase 36 enzyme gyrase with twist -0.09558 superhelical -0.00003 global twist -0.09558 global supercoiling -0.00003
frame 7866 time 3933.0 unbinding_event at DNA_gyrase 36 enzyme gyrase with twist -2.78838 superhelical -0.00201 global twist -0.09558 global supercoiling -0.00003
frame 7880 time 3940.0 binding_event at gene tetA enzyme RNAP with twist -2.78838 superhelical -0.00079 global twist -2.78838 global supercoiling -0.00079
frame 7900 time 3950.0 binding_event at DNA_gyrase 38 enzyme gyrase with twist -73.17066 superhelical -0.03526 global twist -2.78838 global supercoiling -0.00079
frame 7920 time 3960.0 unbinding_event at gene tetA enzyme RNAP with twist -0.99018 superhelical -0.09426 global twist -56.64425 global supercoiling -0.01647
frame 7921 time 3960.5 unbinding_event at DNA_gyrase 38 enzyme gyrase with twist -62.02984 superhelical -0.07250 global twist -59.33704 global supercoiling -0.01716
frame 7939 time 3969.5 binding_event at DNA_gyrase 16 enzyme gyrase with twist -62.02984 superhelical -0.01757 global twist -62.02984 global supercoiling -0.01757
frame 7942 time 3971.0 binding_event at gene tetA enzyme RNAP with twist -54.86502 superhelical -0.01936 global twist -70.10822 global supercoiling -0.02027
frame 7942 time 3971.0 unbinding_event at DNA_gyrase 16 enzyme gyrase with twist -35.75975 superhelical -0.01774 global twist -70.10822 global supercoiling -0.02027
frame 7949 time 3974.5 binding_event at gene tetA enzyme RNAP with twist -58.58361 superhelical -0.03181 global twist -72.80101 global supercoiling -0.02073
frame 7969 time 3984.5 binding_event at DNA_gyrase 21 enzyme gyrase with twist 57.59043 superhelical 0.04395 global twist -72.80101 global supercoiling -0.02085
frame 7971 time 3985.5 unbinding_event at DNA_gyrase 21 enzyme gyrase with twist 60.28322 superhelical 0.05654 global twist -78.18660 global supercoiling -0.02286
frame 7980 time 3990.0 binding_event at DNA_gyrase 18 enzyme gyrase with twist 89.00636 superhelical 0.07997 global twist -80.87939 global supercoiling -0.02316
frame 7980 time 3990.0 unbinding_event at DNA_gyrase 18 enzyme gyrase with twist 89.90395 superhelical 0.09245 global twist -80.87939 global supercoiling -0.02316
frame 7982 time 3991.0 unbinding_event at gene tetA enzyme RNAP with twist 93.66127 superhelical -0.03214 global twist -83.57219 global supercoiling -0.02393
frame 7989 time 3994.5 unbinding_event at gene tetA enzyme RNAP with twist -83.57219 superhelical -0.08252 global twist -83.57219 global supercoiling -0.02380
